<?xml version="1.0" encoding="UTF-8"?>
<testsuite xmlns:xsi="http://www.w3.org/2001/XMLSchema-instance" xsi:noNamespaceSchemaLocation="https://maven.apache.org/surefire/maven-surefire-plugin/xsd/surefire-test-report-3.0.xsd" version="3.0" name="TestSuite" time="11.622" tests="2" errors="0" skipped="0" failures="0">
  <properties>
    <property name="java.specification.version" value="17"/>
    <property name="sun.cpu.isalist" value="amd64"/>
    <property name="sun.jnu.encoding" value="Cp1252"/>
    <property name="java.class.path" value="C:\Users\Mugilan\eclipse-workspace\SST\target\test-classes;C:\Users\Mugilan\eclipse-workspace\SST\target\classes;C:\Users\Mugilan\.m2\repository\org\seleniumhq\selenium\selenium-java\4.17.0\selenium-java-4.17.0.jar;C:\Users\Mugilan\.m2\repository\org\seleniumhq\selenium\selenium-api\4.17.0\selenium-api-4.17.0.jar;C:\Users\Mugilan\.m2\repository\org\seleniumhq\selenium\selenium-chrome-driver\4.17.0\selenium-chrome-driver-4.17.0.jar;C:\Users\Mugilan\.m2\repository\com\google\auto\service\auto-service-annotations\1.1.1\auto-service-annotations-1.1.1.jar;C:\Users\Mugilan\.m2\repository\org\seleniumhq\selenium\selenium-chromium-driver\4.17.0\selenium-chromium-driver-4.17.0.jar;C:\Users\Mugilan\.m2\repository\org\seleniumhq\selenium\selenium-json\4.17.0\selenium-json-4.17.0.jar;C:\Users\Mugilan\.m2\repository\org\seleniumhq\selenium\selenium-manager\4.17.0\selenium-manager-4.17.0.jar;C:\Users\Mugilan\.m2\repository\org\seleniumhq\selenium\selenium-devtools-v119\4.17.0\selenium-devtools-v119-4.17.0.jar;C:\Users\Mugilan\.m2\repository\org\seleniumhq\selenium\selenium-devtools-v120\4.17.0\selenium-devtools-v120-4.17.0.jar;C:\Users\Mugilan\.m2\repository\org\seleniumhq\selenium\selenium-devtools-v121\4.17.0\selenium-devtools-v121-4.17.0.jar;C:\Users\Mugilan\.m2\repository\org\seleniumhq\selenium\selenium-devtools-v85\4.17.0\selenium-devtools-v85-4.17.0.jar;C:\Users\Mugilan\.m2\repository\org\seleniumhq\selenium\selenium-edge-driver\4.17.0\selenium-edge-driver-4.17.0.jar;C:\Users\Mugilan\.m2\repository\org\seleniumhq\selenium\selenium-firefox-driver\4.17.0\selenium-firefox-driver-4.17.0.jar;C:\Users\Mugilan\.m2\repository\org\seleniumhq\selenium\selenium-http\4.17.0\selenium-http-4.17.0.jar;C:\Users\Mugilan\.m2\repository\dev\failsafe\failsafe\3.3.2\failsafe-3.3.2.jar;C:\Users\Mugilan\.m2\repository\org\seleniumhq\selenium\selenium-ie-driver\4.17.0\selenium-ie-driver-4.17.0.jar;C:\Users\Mugilan\.m2\repository\org\seleniumhq\selenium\selenium-remote-driver\4.17.0\selenium-remote-driver-4.17.0.jar;C:\Users\Mugilan\.m2\repository\com\google\guava\guava\33.0.0-jre\guava-33.0.0-jre.jar;C:\Users\Mugilan\.m2\repository\com\google\guava\failureaccess\1.0.2\failureaccess-1.0.2.jar;C:\Users\Mugilan\.m2\repository\com\google\guava\listenablefuture\9999.0-empty-to-avoid-conflict-with-guava\listenablefuture-9999.0-empty-to-avoid-conflict-with-guava.jar;C:\Users\Mugilan\.m2\repository\com\google\code\findbugs\jsr305\3.0.2\jsr305-3.0.2.jar;C:\Users\Mugilan\.m2\repository\org\checkerframework\checker-qual\3.41.0\checker-qual-3.41.0.jar;C:\Users\Mugilan\.m2\repository\com\google\errorprone\error_prone_annotations\2.23.0\error_prone_annotations-2.23.0.jar;C:\Users\Mugilan\.m2\repository\com\google\j2objc\j2objc-annotations\2.8\j2objc-annotations-2.8.jar;C:\Users\Mugilan\.m2\repository\io\opentelemetry\semconv\opentelemetry-semconv\1.23.1-alpha\opentelemetry-semconv-1.23.1-alpha.jar;C:\Users\Mugilan\.m2\repository\io\opentelemetry\opentelemetry-api\1.34.1\opentelemetry-api-1.34.1.jar;C:\Users\Mugilan\.m2\repository\io\opentelemetry\opentelemetry-context\1.34.1\opentelemetry-context-1.34.1.jar;C:\Users\Mugilan\.m2\repository\io\opentelemetry\opentelemetry-exporter-logging\1.34.1\opentelemetry-exporter-logging-1.34.1.jar;C:\Users\Mugilan\.m2\repository\io\opentelemetry\opentelemetry-sdk-common\1.34.1\opentelemetry-sdk-common-1.34.1.jar;C:\Users\Mugilan\.m2\repository\io\opentelemetry\opentelemetry-sdk-extension-autoconfigure-spi\1.34.1\opentelemetry-sdk-extension-autoconfigure-spi-1.34.1.jar;C:\Users\Mugilan\.m2\repository\io\opentelemetry\opentelemetry-sdk-extension-autoconfigure\1.34.1\opentelemetry-sdk-extension-autoconfigure-1.34.1.jar;C:\Users\Mugilan\.m2\repository\io\opentelemetry\opentelemetry-api-events\1.34.1-alpha\opentelemetry-api-events-1.34.1-alpha.jar;C:\Users\Mugilan\.m2\repository\io\opentelemetry\opentelemetry-sdk-trace\1.34.1\opentelemetry-sdk-trace-1.34.1.jar;C:\Users\Mugilan\.m2\repository\io\opentelemetry\opentelemetry-sdk\1.34.1\opentelemetry-sdk-1.34.1.jar;C:\Users\Mugilan\.m2\repository\io\opentelemetry\opentelemetry-sdk-metrics\1.34.1\opentelemetry-sdk-metrics-1.34.1.jar;C:\Users\Mugilan\.m2\repository\io\opentelemetry\opentelemetry-extension-incubator\1.34.1-alpha\opentelemetry-extension-incubator-1.34.1-alpha.jar;C:\Users\Mugilan\.m2\repository\io\opentelemetry\opentelemetry-sdk-logs\1.34.1\opentelemetry-sdk-logs-1.34.1.jar;C:\Users\Mugilan\.m2\repository\net\bytebuddy\byte-buddy\1.14.11\byte-buddy-1.14.11.jar;C:\Users\Mugilan\.m2\repository\org\seleniumhq\selenium\selenium-os\4.17.0\selenium-os-4.17.0.jar;C:\Users\Mugilan\.m2\repository\org\apache\commons\commons-exec\1.3\commons-exec-1.3.jar;C:\Users\Mugilan\.m2\repository\org\seleniumhq\selenium\selenium-safari-driver\4.17.0\selenium-safari-driver-4.17.0.jar;C:\Users\Mugilan\.m2\repository\org\seleniumhq\selenium\selenium-support\4.17.0\selenium-support-4.17.0.jar;C:\Users\Mugilan\.m2\repository\io\rest-assured\rest-assured\5.3.1\rest-assured-5.3.1.jar;C:\Users\Mugilan\.m2\repository\org\apache\groovy\groovy\4.0.11\groovy-4.0.11.jar;C:\Users\Mugilan\.m2\repository\org\apache\groovy\groovy-xml\4.0.11\groovy-xml-4.0.11.jar;C:\Users\Mugilan\.m2\repository\org\apache\httpcomponents\httpclient\4.5.13\httpclient-4.5.13.jar;C:\Users\Mugilan\.m2\repository\org\apache\httpcomponents\httpcore\4.4.13\httpcore-4.4.13.jar;C:\Users\Mugilan\.m2\repository\commons-logging\commons-logging\1.2\commons-logging-1.2.jar;C:\Users\Mugilan\.m2\repository\org\apache\httpcomponents\httpmime\4.5.13\httpmime-4.5.13.jar;C:\Users\Mugilan\.m2\repository\org\ccil\cowan\tagsoup\tagsoup\1.2.1\tagsoup-1.2.1.jar;C:\Users\Mugilan\.m2\repository\io\rest-assured\json-path\5.3.1\json-path-5.3.1.jar;C:\Users\Mugilan\.m2\repository\org\apache\groovy\groovy-json\4.0.11\groovy-json-4.0.11.jar;C:\Users\Mugilan\.m2\repository\io\rest-assured\rest-assured-common\5.3.1\rest-assured-common-5.3.1.jar;C:\Users\Mugilan\.m2\repository\io\rest-assured\xml-path\5.3.1\xml-path-5.3.1.jar;C:\Users\Mugilan\.m2\repository\org\apache\commons\commons-lang3\3.11\commons-lang3-3.11.jar;C:\Users\Mugilan\.m2\repository\org\codehaus\jackson\jackson-mapper-asl\1.9.13\jackson-mapper-asl-1.9.13.jar;C:\Users\Mugilan\.m2\repository\org\codehaus\jackson\jackson-core-asl\1.9.13\jackson-core-asl-1.9.13.jar;C:\Users\Mugilan\.m2\repository\org\hamcrest\hamcrest\2.2\hamcrest-2.2.jar;C:\Users\Mugilan\.m2\repository\org\testng\testng\7.7.1\testng-7.7.1.jar;C:\Users\Mugilan\.m2\repository\org\slf4j\slf4j-api\1.7.36\slf4j-api-1.7.36.jar;C:\Users\Mugilan\.m2\repository\com\beust\jcommander\1.82\jcommander-1.82.jar;C:\Users\Mugilan\.m2\repository\org\webjars\jquery\3.6.1\jquery-3.6.1.jar;C:\Users\Mugilan\.m2\repository\com\aventstack\extentreports\5.0.9\extentreports-5.0.9.jar;C:\Users\Mugilan\.m2\repository\io\reactivex\rxjava3\rxjava\3.0.4\rxjava-3.0.4.jar;C:\Users\Mugilan\.m2\repository\org\reactivestreams\reactive-streams\1.0.3\reactive-streams-1.0.3.jar;C:\Users\Mugilan\.m2\repository\org\freemarker\freemarker\2.3.30\freemarker-2.3.30.jar;C:\Users\Mugilan\.m2\repository\com\google\code\gson\gson\2.8.6\gson-2.8.6.jar;C:\Users\Mugilan\.m2\repository\commons-io\commons-io\2.11.0\commons-io-2.11.0.jar;C:\Users\Mugilan\.m2\repository\org\apache\poi\poi\5.2.3\poi-5.2.3.jar;C:\Users\Mugilan\.m2\repository\commons-codec\commons-codec\1.15\commons-codec-1.15.jar;C:\Users\Mugilan\.m2\repository\org\apache\commons\commons-collections4\4.4\commons-collections4-4.4.jar;C:\Users\Mugilan\.m2\repository\org\apache\commons\commons-math3\3.6.1\commons-math3-3.6.1.jar;C:\Users\Mugilan\.m2\repository\com\zaxxer\SparseBitSet\1.2\SparseBitSet-1.2.jar;C:\Users\Mugilan\.m2\repository\org\apache\logging\log4j\log4j-api\2.18.0\log4j-api-2.18.0.jar;C:\Users\Mugilan\.m2\repository\org\apache\poi\poi-ooxml\5.2.3\poi-ooxml-5.2.3.jar;C:\Users\Mugilan\.m2\repository\org\apache\poi\poi-ooxml-lite\5.2.3\poi-ooxml-lite-5.2.3.jar;C:\Users\Mugilan\.m2\repository\org\apache\xmlbeans\xmlbeans\5.1.1\xmlbeans-5.1.1.jar;C:\Users\Mugilan\.m2\repository\org\apache\commons\commons-compress\1.21\commons-compress-1.21.jar;C:\Users\Mugilan\.m2\repository\com\github\virtuald\curvesapi\1.07\curvesapi-1.07.jar;C:\Users\Mugilan\.m2\repository\org\projectlombok\lombok\1.18.20\lombok-1.18.20.jar;"/>
    <property name="java.vm.vendor" value="Oracle Corporation"/>
    <property name="sun.arch.data.model" value="64"/>
    <property name="user.variant" value=""/>
    <property name="java.vendor.url" value="https://java.oracle.com/"/>
    <property name="user.timezone" value="Asia/Calcutta"/>
    <property name="os.name" value="Windows 10"/>
    <property name="java.vm.specification.version" value="17"/>
    <property name="sun.java.launcher" value="SUN_STANDARD"/>
    <property name="user.country" value="IN"/>
    <property name="sun.boot.library.path" value="C:\Program Files\Java\jdk-17.0.9\bin"/>
    <property name="sun.java.command" value="C:\Users\Mugilan\AppData\Local\Temp\surefire6468798083881412563\surefirebooter-20240601154503229_3.jar C:\Users\Mugilan\AppData\Local\Temp\surefire6468798083881412563 2024-06-01T15-45-02_818-jvmRun1 surefire-20240601154503229_1tmp surefire_0-20240601154503229_2tmp"/>
    <property name="jdk.debug" value="release"/>
    <property name="surefire.test.class.path" value="C:\Users\Mugilan\eclipse-workspace\SST\target\test-classes;C:\Users\Mugilan\eclipse-workspace\SST\target\classes;C:\Users\Mugilan\.m2\repository\org\seleniumhq\selenium\selenium-java\4.17.0\selenium-java-4.17.0.jar;C:\Users\Mugilan\.m2\repository\org\seleniumhq\selenium\selenium-api\4.17.0\selenium-api-4.17.0.jar;C:\Users\Mugilan\.m2\repository\org\seleniumhq\selenium\selenium-chrome-driver\4.17.0\selenium-chrome-driver-4.17.0.jar;C:\Users\Mugilan\.m2\repository\com\google\auto\service\auto-service-annotations\1.1.1\auto-service-annotations-1.1.1.jar;C:\Users\Mugilan\.m2\repository\org\seleniumhq\selenium\selenium-chromium-driver\4.17.0\selenium-chromium-driver-4.17.0.jar;C:\Users\Mugilan\.m2\repository\org\seleniumhq\selenium\selenium-json\4.17.0\selenium-json-4.17.0.jar;C:\Users\Mugilan\.m2\repository\org\seleniumhq\selenium\selenium-manager\4.17.0\selenium-manager-4.17.0.jar;C:\Users\Mugilan\.m2\repository\org\seleniumhq\selenium\selenium-devtools-v119\4.17.0\selenium-devtools-v119-4.17.0.jar;C:\Users\Mugilan\.m2\repository\org\seleniumhq\selenium\selenium-devtools-v120\4.17.0\selenium-devtools-v120-4.17.0.jar;C:\Users\Mugilan\.m2\repository\org\seleniumhq\selenium\selenium-devtools-v121\4.17.0\selenium-devtools-v121-4.17.0.jar;C:\Users\Mugilan\.m2\repository\org\seleniumhq\selenium\selenium-devtools-v85\4.17.0\selenium-devtools-v85-4.17.0.jar;C:\Users\Mugilan\.m2\repository\org\seleniumhq\selenium\selenium-edge-driver\4.17.0\selenium-edge-driver-4.17.0.jar;C:\Users\Mugilan\.m2\repository\org\seleniumhq\selenium\selenium-firefox-driver\4.17.0\selenium-firefox-driver-4.17.0.jar;C:\Users\Mugilan\.m2\repository\org\seleniumhq\selenium\selenium-http\4.17.0\selenium-http-4.17.0.jar;C:\Users\Mugilan\.m2\repository\dev\failsafe\failsafe\3.3.2\failsafe-3.3.2.jar;C:\Users\Mugilan\.m2\repository\org\seleniumhq\selenium\selenium-ie-driver\4.17.0\selenium-ie-driver-4.17.0.jar;C:\Users\Mugilan\.m2\repository\org\seleniumhq\selenium\selenium-remote-driver\4.17.0\selenium-remote-driver-4.17.0.jar;C:\Users\Mugilan\.m2\repository\com\google\guava\guava\33.0.0-jre\guava-33.0.0-jre.jar;C:\Users\Mugilan\.m2\repository\com\google\guava\failureaccess\1.0.2\failureaccess-1.0.2.jar;C:\Users\Mugilan\.m2\repository\com\google\guava\listenablefuture\9999.0-empty-to-avoid-conflict-with-guava\listenablefuture-9999.0-empty-to-avoid-conflict-with-guava.jar;C:\Users\Mugilan\.m2\repository\com\google\code\findbugs\jsr305\3.0.2\jsr305-3.0.2.jar;C:\Users\Mugilan\.m2\repository\org\checkerframework\checker-qual\3.41.0\checker-qual-3.41.0.jar;C:\Users\Mugilan\.m2\repository\com\google\errorprone\error_prone_annotations\2.23.0\error_prone_annotations-2.23.0.jar;C:\Users\Mugilan\.m2\repository\com\google\j2objc\j2objc-annotations\2.8\j2objc-annotations-2.8.jar;C:\Users\Mugilan\.m2\repository\io\opentelemetry\semconv\opentelemetry-semconv\1.23.1-alpha\opentelemetry-semconv-1.23.1-alpha.jar;C:\Users\Mugilan\.m2\repository\io\opentelemetry\opentelemetry-api\1.34.1\opentelemetry-api-1.34.1.jar;C:\Users\Mugilan\.m2\repository\io\opentelemetry\opentelemetry-context\1.34.1\opentelemetry-context-1.34.1.jar;C:\Users\Mugilan\.m2\repository\io\opentelemetry\opentelemetry-exporter-logging\1.34.1\opentelemetry-exporter-logging-1.34.1.jar;C:\Users\Mugilan\.m2\repository\io\opentelemetry\opentelemetry-sdk-common\1.34.1\opentelemetry-sdk-common-1.34.1.jar;C:\Users\Mugilan\.m2\repository\io\opentelemetry\opentelemetry-sdk-extension-autoconfigure-spi\1.34.1\opentelemetry-sdk-extension-autoconfigure-spi-1.34.1.jar;C:\Users\Mugilan\.m2\repository\io\opentelemetry\opentelemetry-sdk-extension-autoconfigure\1.34.1\opentelemetry-sdk-extension-autoconfigure-1.34.1.jar;C:\Users\Mugilan\.m2\repository\io\opentelemetry\opentelemetry-api-events\1.34.1-alpha\opentelemetry-api-events-1.34.1-alpha.jar;C:\Users\Mugilan\.m2\repository\io\opentelemetry\opentelemetry-sdk-trace\1.34.1\opentelemetry-sdk-trace-1.34.1.jar;C:\Users\Mugilan\.m2\repository\io\opentelemetry\opentelemetry-sdk\1.34.1\opentelemetry-sdk-1.34.1.jar;C:\Users\Mugilan\.m2\repository\io\opentelemetry\opentelemetry-sdk-metrics\1.34.1\opentelemetry-sdk-metrics-1.34.1.jar;C:\Users\Mugilan\.m2\repository\io\opentelemetry\opentelemetry-extension-incubator\1.34.1-alpha\opentelemetry-extension-incubator-1.34.1-alpha.jar;C:\Users\Mugilan\.m2\repository\io\opentelemetry\opentelemetry-sdk-logs\1.34.1\opentelemetry-sdk-logs-1.34.1.jar;C:\Users\Mugilan\.m2\repository\net\bytebuddy\byte-buddy\1.14.11\byte-buddy-1.14.11.jar;C:\Users\Mugilan\.m2\repository\org\seleniumhq\selenium\selenium-os\4.17.0\selenium-os-4.17.0.jar;C:\Users\Mugilan\.m2\repository\org\apache\commons\commons-exec\1.3\commons-exec-1.3.jar;C:\Users\Mugilan\.m2\repository\org\seleniumhq\selenium\selenium-safari-driver\4.17.0\selenium-safari-driver-4.17.0.jar;C:\Users\Mugilan\.m2\repository\org\seleniumhq\selenium\selenium-support\4.17.0\selenium-support-4.17.0.jar;C:\Users\Mugilan\.m2\repository\io\rest-assured\rest-assured\5.3.1\rest-assured-5.3.1.jar;C:\Users\Mugilan\.m2\repository\org\apache\groovy\groovy\4.0.11\groovy-4.0.11.jar;C:\Users\Mugilan\.m2\repository\org\apache\groovy\groovy-xml\4.0.11\groovy-xml-4.0.11.jar;C:\Users\Mugilan\.m2\repository\org\apache\httpcomponents\httpclient\4.5.13\httpclient-4.5.13.jar;C:\Users\Mugilan\.m2\repository\org\apache\httpcomponents\httpcore\4.4.13\httpcore-4.4.13.jar;C:\Users\Mugilan\.m2\repository\commons-logging\commons-logging\1.2\commons-logging-1.2.jar;C:\Users\Mugilan\.m2\repository\org\apache\httpcomponents\httpmime\4.5.13\httpmime-4.5.13.jar;C:\Users\Mugilan\.m2\repository\org\ccil\cowan\tagsoup\tagsoup\1.2.1\tagsoup-1.2.1.jar;C:\Users\Mugilan\.m2\repository\io\rest-assured\json-path\5.3.1\json-path-5.3.1.jar;C:\Users\Mugilan\.m2\repository\org\apache\groovy\groovy-json\4.0.11\groovy-json-4.0.11.jar;C:\Users\Mugilan\.m2\repository\io\rest-assured\rest-assured-common\5.3.1\rest-assured-common-5.3.1.jar;C:\Users\Mugilan\.m2\repository\io\rest-assured\xml-path\5.3.1\xml-path-5.3.1.jar;C:\Users\Mugilan\.m2\repository\org\apache\commons\commons-lang3\3.11\commons-lang3-3.11.jar;C:\Users\Mugilan\.m2\repository\org\codehaus\jackson\jackson-mapper-asl\1.9.13\jackson-mapper-asl-1.9.13.jar;C:\Users\Mugilan\.m2\repository\org\codehaus\jackson\jackson-core-asl\1.9.13\jackson-core-asl-1.9.13.jar;C:\Users\Mugilan\.m2\repository\org\hamcrest\hamcrest\2.2\hamcrest-2.2.jar;C:\Users\Mugilan\.m2\repository\org\testng\testng\7.7.1\testng-7.7.1.jar;C:\Users\Mugilan\.m2\repository\org\slf4j\slf4j-api\1.7.36\slf4j-api-1.7.36.jar;C:\Users\Mugilan\.m2\repository\com\beust\jcommander\1.82\jcommander-1.82.jar;C:\Users\Mugilan\.m2\repository\org\webjars\jquery\3.6.1\jquery-3.6.1.jar;C:\Users\Mugilan\.m2\repository\com\aventstack\extentreports\5.0.9\extentreports-5.0.9.jar;C:\Users\Mugilan\.m2\repository\io\reactivex\rxjava3\rxjava\3.0.4\rxjava-3.0.4.jar;C:\Users\Mugilan\.m2\repository\org\reactivestreams\reactive-streams\1.0.3\reactive-streams-1.0.3.jar;C:\Users\Mugilan\.m2\repository\org\freemarker\freemarker\2.3.30\freemarker-2.3.30.jar;C:\Users\Mugilan\.m2\repository\com\google\code\gson\gson\2.8.6\gson-2.8.6.jar;C:\Users\Mugilan\.m2\repository\commons-io\commons-io\2.11.0\commons-io-2.11.0.jar;C:\Users\Mugilan\.m2\repository\org\apache\poi\poi\5.2.3\poi-5.2.3.jar;C:\Users\Mugilan\.m2\repository\commons-codec\commons-codec\1.15\commons-codec-1.15.jar;C:\Users\Mugilan\.m2\repository\org\apache\commons\commons-collections4\4.4\commons-collections4-4.4.jar;C:\Users\Mugilan\.m2\repository\org\apache\commons\commons-math3\3.6.1\commons-math3-3.6.1.jar;C:\Users\Mugilan\.m2\repository\com\zaxxer\SparseBitSet\1.2\SparseBitSet-1.2.jar;C:\Users\Mugilan\.m2\repository\org\apache\logging\log4j\log4j-api\2.18.0\log4j-api-2.18.0.jar;C:\Users\Mugilan\.m2\repository\org\apache\poi\poi-ooxml\5.2.3\poi-ooxml-5.2.3.jar;C:\Users\Mugilan\.m2\repository\org\apache\poi\poi-ooxml-lite\5.2.3\poi-ooxml-lite-5.2.3.jar;C:\Users\Mugilan\.m2\repository\org\apache\xmlbeans\xmlbeans\5.1.1\xmlbeans-5.1.1.jar;C:\Users\Mugilan\.m2\repository\org\apache\commons\commons-compress\1.21\commons-compress-1.21.jar;C:\Users\Mugilan\.m2\repository\com\github\virtuald\curvesapi\1.07\curvesapi-1.07.jar;C:\Users\Mugilan\.m2\repository\org\projectlombok\lombok\1.18.20\lombok-1.18.20.jar;"/>
    <property name="sun.cpu.endian" value="little"/>
    <property name="user.home" value="C:\Users\Mugilan"/>
    <property name="user.language" value="en"/>
    <property name="java.specification.vendor" value="Oracle Corporation"/>
    <property name="java.version.date" value="2023-10-17"/>
    <property name="java.home" value="C:\Program Files\Java\jdk-17.0.9"/>
    <property name="file.separator" value="\"/>
    <property name="basedir" value="C:\Users\Mugilan\eclipse-workspace\SST"/>
    <property name="java.vm.compressedOopsMode" value="32-bit"/>
    <property name="line.separator" value="&#10;"/>
    <property name="java.vm.specification.vendor" value="Oracle Corporation"/>
    <property name="java.specification.name" value="Java Platform API Specification"/>
    <property name="surefire.real.class.path" value="C:\Users\Mugilan\AppData\Local\Temp\surefire6468798083881412563\surefirebooter-20240601154503229_3.jar"/>
    <property name="user.script" value=""/>
    <property name="sun.management.compiler" value="HotSpot 64-Bit Tiered Compilers"/>
    <property name="java.runtime.version" value="17.0.9+11-LTS-201"/>
    <property name="user.name" value="Mugilan"/>
    <property name="path.separator" value=";"/>
    <property name="os.version" value="10.0"/>
    <property name="java.runtime.name" value="Java(TM) SE Runtime Environment"/>
    <property name="file.encoding" value="Cp1252"/>
    <property name="java.vm.name" value="Java HotSpot(TM) 64-Bit Server VM"/>
    <property name="localRepository" value="C:\Users\Mugilan\.m2\repository"/>
    <property name="java.vendor.url.bug" value="https://bugreport.java.com/bugreport/"/>
    <property name="java.io.tmpdir" value="C:\Users\Mugilan\AppData\Local\Temp\"/>
    <property name="java.version" value="17.0.9"/>
    <property name="user.dir" value="C:\Users\Mugilan\eclipse-workspace\SST"/>
    <property name="os.arch" value="amd64"/>
    <property name="java.vm.specification.name" value="Java Virtual Machine Specification"/>
    <property name="sun.os.patch.level" value=""/>
    <property name="native.encoding" value="Cp1252"/>
    <property name="java.library.path" value="C:\Program Files\Java\jdk-17.0.9\bin;C:\WINDOWS\Sun\Java\bin;C:\WINDOWS\system32;C:\WINDOWS;E:\oracle\product\10.2.0\db_1\bin;E:\oracle\product\10.2.0\db_2\bin;C:\Program Files (x86)\Intel\iCLS Client\;C:\Program Files\Intel\iCLS Client\;C:\WINDOWS\system32;C:\WINDOWS;C:\WINDOWS\System32\Wbem;C:\WINDOWS\System32\WindowsPowerShell\v1.0\;C:\WINDOWS\System32\OpenSSH\;C:\Program Files (x86)\Intel\Intel(R) Management Engine Components\DAL;C:\Program Files\Intel\Intel(R) Management Engine Components\DAL;C:\Program Files (x86)\Intel\Intel(R) Management Engine Components\IPT;C:\Program Files\Intel\Intel(R) Management Engine Components\IPT;C:\Users\Mugilan\AppData\Local\Microsoft\WindowsApps;C:\adb;C:\Program Files\Java\jdk-17.0.9\bin;C:\Program Files\Git\cmd;C:\Program Files\apache-maven-3.9.6-bin\apache-maven-3.9.6\bin;C:\Program Files\nodejs\;C:\Program Files\JetBrains\IntelliJ IDEA Community Edition 2023.2.5\bin;C:\Users\Mugilan\AppData\Local\Programs\Microsoft VS Code\bin;C:\Users\Mugilan\AppData\Roaming\npm;C:\Users\Mugilan\AppData\Local\Programs\Fiddler;."/>
    <property name="java.vm.info" value="mixed mode, sharing"/>
    <property name="java.vendor" value="Oracle Corporation"/>
    <property name="java.vm.version" value="17.0.9+11-LTS-201"/>
    <property name="sun.io.unicode.encoding" value="UnicodeLittle"/>
    <property name="java.class.version" value="61.0"/>
  </properties>
  <testcase name="getAllProductsTest" classname="api.getProducts" time="5.787">
    <system-out><![CDATA[Api preconditions executed
Actual Execution starts from here
HTTP/1.1 200 
Server: nginx
Date: Sat, 01 Jun 2024 10:15:10 GMT
Content-Type: application/json
Transfer-Encoding: chunked
Connection: keep-alive
Vary: Accept-Encoding
Vary: Origin
Vary: Access-Control-Request-Method
Vary: Access-Control-Request-Headers
X-Content-Type-Options: nosniff
X-XSS-Protection: 1; mode=block
Cache-Control: no-cache, no-store, max-age=0, must-revalidate
Pragma: no-cache
Expires: 0
X-Frame-Options: DENY
Content-Encoding: gzip

{
    "statusCode": 200,
    "message": "Success",
    "data": [
        {
            "productId": 6,
            "name": "APPLE iPhone 14 Pro (Deep Purple, 1 TB)",
            "title": "APPLE iPhone 14 Pro",
            "description": "iPhone 14 Pro. Capture incredible detail with a 48MP Main camera. Experience iPhone in a whole new way with Dynamic Island and Always-On display. Crash Detection, a new safety feature, calls for help when you can’t.",
            "rating": 3.3,
            "price": 179999.0,
            "offer": 3.0,
            "type": "mobile",
            "brand": "apple",
            "category": "electronics",
            "merchantId": 2,
            "quantity": 5,
            "status": "ACTIVE",
            "thumbnailURL": "https://rukminim1.flixcart.com/image/312/312/xif0q/mobile/l/8/r/-original-imaghxemnnnkd8bg.jpeg?q=70",
            "productImageURLs": [
                "https://rukminim1.flixcart.com/image/832/832/xif0q/mobile/z/m/l/-original-imaghxejxzzzkqr7.jpeg?q=70",
                "https://rukminim1.flixcart.com/image/832/832/xif0q/mobile/n/h/w/-original-imaghxejc7btkj6s.jpeg?q=70",
                "https://rukminim1.flixcart.com/image/832/832/xif0q/mobile/w/g/x/-original-imaghxemf422txdy.jpeg?q=70",
                "https://rukminim1.flixcart.com/image/832/832/xif0q/mobile/0/5/c/-original-imaghxemnpehjcsr.jpeg?q=70",
                "https://rukminim1.flixcart.com/image/832/832/xif0q/mobile/l/8/r/-original-imaghxemnnnkd8bg.jpeg?q=70"
            ],
            "searchTags": [
                "phone",
                "mobiles",
                "mobile",
                "electronics",
                "purple",
                "14 pro purple",
                "14 pro",
                "14",
                "iphone 14 pro purple",
                "iphone 14 pro",
                "iphone 14",
                "iphone",
                "apple iphone 14 pro purple",
                "apple iphone 14 pro",
                "apple iphone 14",
                "apple iphone",
                "apple"
            ],
            "reviews": [
                {
                    "reviewId": 1825,
                    "shopperId": 66261,
                    "shopperName": "Ashhar",
                    "heading": "Bad",
                    "description": "Product quality is too good,fabric quality is poor",
                    "rating": 2.0,
                    "dateTime": "2024-05-16T20:44:03.353"
                },
                {
                    "reviewId": 1936,
                    "shopperId": 27179,
                    "shopperName": "Shai khan",
                    "heading": "good product",
                    "description": "nice one",
                    "rating": 5.0,
                    "dateTime": "2023-12-26T10:54:53.391"
                },
                {
                    "reviewId": 2024,
                    "shopperId": 26962,
                    "shopperName": null,
                    "heading": "Bad",
                    "description": "this is not recommened",
                    "rating": 0.0,
                    "dateTime": "2023-12-28T20:35:38.575"
                },
                {
                    "reviewId": 2356,
                    "shopperId": 28447,
                    "shopperName": "swati malakar",
                    "heading": "good",
                    "description": "good",
                    "rating": 5.0,
                    "dateTime": "2024-01-01T20:45:27.64"
                },
                {
                    "reviewId": 2496,
                    "shopperId": 11507,
                    "shopperName": "Bharath Bhushan Sss",
                    "heading": "super",
                    "description": "best",
                    "rating": 3.0,
                    "dateTime": "2024-01-04T10:13:47.745"
                },
                {
                    "reviewId": 2802,
                    "shopperId": 32284,
                    "shopperName": "Pragathi",
                    "heading": "review",
                    "description": "good",
                    "rating": 3.5,
                    "dateTime": "2024-01-13T17:50:20.916"
                },
                {
                    "reviewId": 2850,
                    "shopperId": 33385,
                    "shopperName": "Shantanu Thakare",
                    "heading": "Good Product",
                    "description": "Product is good and functions upto mark.",
                    "rating": 4.0,
                    "dateTime": "2024-01-18T20:18:04.635"
                },
                {
                    "reviewId": 2933,
                    "shopperId": 34429,
                    "shopperName": "keerthana",
                    "heading": "redmi",
                    "description": "dabba product",
                    "rating": 1.0,
                    "dateTime": "2024-01-24T17:26:41.023"
                },
                {
                    "reviewId": 3052,
                    "shopperId": 38057,
                    "shopperName": "Aashu Jha",
                    "heading": "Good",
                    "description": "Very Good Quality",
                    "rating": 4.0,
                    "dateTime": "2024-02-01T16:55:45.056"
                },
                {
                    "reviewId": 3450,
                    "shopperId": 21933,
                    "shopperName": "Sonali Samantara",
                    "heading": "Amazing",
                    "description": "Good Product worth Buying",
                    "rating": 4.0,
                    "dateTime": "2024-02-06T08:58:29.165"
                },
                {
                    "reviewId": 3564,
                    "shopperId": 39571,
                    "shopperName": "AnuRaadha",
                    "heading": "Iphone",
                    "description": "Wow",
                    "rating": 5.0,
                    "dateTime": "2024-02-08T12:20:46.535"
                },
                {
                    "reviewId": 4152,
                    "shopperId": 38055,
                    "shopperName": "virat",
                    "heading": "good quality",
                    "description": "nice",
                    "rating": 4.2,
                    "dateTime": "2024-02-18T17:39:43.858"
                },
                {
                    "reviewId": 4186,
                    "shopperId": 43493,
                    "shopperName": "Rukkau",
                    "heading": "Good Product",
                    "description": "Good",
                    "rating": 3.0,
                    "dateTime": "2024-02-20T17:28:42.638"
                },
                {
                    "reviewId": 4192,
                    "shopperId": 43482,
                    "shopperName": "Tester Vinod",
                    "heading": "Nice",
                    "description": "Good Product",
                    "rating": 4.8,
                    "dateTime": "2024-02-20T17:34:56.976"
                },
                {
                    "reviewId": 4195,
                    "shopperId": 43471,
                    "shopperName": "tester",
                    "heading": "nice",
                    "description": "Good Product",
                    "rating": 4.0,
                    "dateTime": "2024-02-20T17:37:36.129"
                },
                {
                    "reviewId": 4199,
                    "shopperId": 43501,
                    "shopperName": "kashish",
                    "heading": "nice",
                    "description": "good",
                    "rating": 0.0,
                    "dateTime": "2024-02-20T17:39:22.261"
                },
                {
                    "reviewId": 4202,
                    "shopperId": 43557,
                    "shopperName": "sathi",
                    "heading": "nice",
                    "description": "good",
                    "rating": 2.0,
                    "dateTime": "2024-02-20T17:40:22.369"
                },
                {
                    "reviewId": 4204,
                    "shopperId": 43524,
                    "shopperName": "somya123",
                    "heading": "nice",
                    "description": "good product",
                    "rating": 3.0,
                    "dateTime": "2024-02-20T17:42:10.155"
                },
                {
                    "reviewId": 4206,
                    "shopperId": 43508,
                    "shopperName": "Riya",
                    "heading": "Nice",
                    "description": "Good product",
                    "rating": 3.0,
                    "dateTime": "2024-02-20T17:43:20.66"
                },
                {
                    "reviewId": 4207,
                    "shopperId": 43551,
                    "shopperName": "Anjali",
                    "heading": "Good",
                    "description": "Iphone",
                    "rating": 4.0,
                    "dateTime": "2024-02-20T17:44:59.17"
                },
                {
                    "reviewId": 4208,
                    "shopperId": 43585,
                    "shopperName": "Maaya",
                    "heading": "Iphone",
                    "description": "Good",
                    "rating": 4.0,
                    "dateTime": "2024-02-20T17:45:50.539"
                },
                {
                    "reviewId": 4271,
                    "shopperId": 23328,
                    "shopperName": "Amrita",
                    "heading": "Good to go",
                    "description": "Used, Good",
                    "rating": 5.0,
                    "dateTime": "2024-02-22T15:41:30.269"
                },
                {
                    "reviewId": 4348,
                    "shopperId": 44548,
                    "shopperName": "KP",
                    "heading": "Amazing product",
                    "description": "just loved it",
                    "rating": 4.0,
                    "dateTime": "2024-02-26T07:14:35.377"
                },
                {
                    "reviewId": 4390,
                    "shopperId": 44508,
                    "shopperName": "bhav",
                    "heading": "Nice",
                    "description": "good product",
                    "rating": 5.0,
                    "dateTime": "2024-02-26T08:26:19.518"
                },
                {
                    "reviewId": 4566,
                    "shopperId": 41847,
                    "shopperName": "Neeraj",
                    "heading": "Five star",
                    "description": "Please work fast",
                    "rating": 1.0,
                    "dateTime": "2024-03-12T16:19:51.339"
                },
                {
                    "reviewId": 5698,
                    "shopperId": 55918,
                    "shopperName": "Dhruvi",
                    "heading": "Review for product",
                    "description": "This is best product",
                    "rating": 4.0,
                    "dateTime": "2024-03-20T23:43:08.345"
                },
                {
                    "reviewId": 5820,
                    "shopperId": 40772,
                    "shopperName": "string",
                    "heading": "Produc",
                    "description": "OK",
                    "rating": 3.0,
                    "dateTime": "2024-03-21T23:38:55.824"
                },
                {
                    "reviewId": 6142,
                    "shopperId": 51356,
                    "shopperName": "VIDYA",
                    "heading": "NICE",
                    "description": "NICE",
                    "rating": 3.0,
                    "dateTime": "2024-03-25T11:28:52.022"
                },
                {
                    "reviewId": 6192,
                    "shopperId": 56846,
                    "shopperName": "Nikita Sakunde",
                    "heading": "NA",
                    "description": "Bad",
                    "rating": 2.0,
                    "dateTime": "2024-03-25T20:05:26.25"
                },
                {
                    "reviewId": 6215,
                    "shopperId": 56165,
                    "shopperName": "shivani",
                    "heading": "Review for product",
                    "description": "This is best product",
                    "rating": 5.0,
                    "dateTime": "2024-03-26T10:16:54.761"
                },
                {
                    "reviewId": 6308,
                    "shopperId": 59768,
                    "shopperName": "Manashri",
                    "heading": "Nice product",
                    "description": "I received a best quality product",
                    "rating": 4.0,
                    "dateTime": "2024-04-13T01:00:03.202"
                },
                {
                    "reviewId": 6331,
                    "shopperId": 58897,
                    "shopperName": "Amaz",
                    "heading": "Product review",
                    "description": "The product review",
                    "rating": 5.0,
                    "dateTime": "2024-04-13T20:04:22.747"
                },
                {
                    "reviewId": 6403,
                    "shopperId": 58899,
                    "shopperName": "string",
                    "heading": null,
                    "description": "string",
                    "rating": 5.0,
                    "dateTime": "2024-04-21T18:50:58.775"
                },
                {
                    "reviewId": 6425,
                    "shopperId": 9568,
                    "shopperName": "NARESH",
                    "heading": "string",
                    "description": "string",
                    "rating": 9.0,
                    "dateTime": "2024-04-16T11:35:30.872"
                },
                {
                    "reviewId": 6458,
                    "shopperId": 32567,
                    "shopperName": "string",
                    "heading": "string",
                    "description": "string",
                    "rating": 0.0,
                    "dateTime": "2024-04-18T20:25:06.274"
                },
                {
                    "reviewId": 6474,
                    "shopperId": 59241,
                    "shopperName": "string",
                    "heading": "string",
                    "description": "good",
                    "rating": 5.0,
                    "dateTime": "2024-04-19T11:50:45.627"
                },
                {
                    "reviewId": 6476,
                    "shopperId": 59283,
                    "shopperName": "vg",
                    "heading": "string",
                    "description": "Very Very Good",
                    "rating": 0.0,
                    "dateTime": "2024-04-19T11:50:35.459"
                },
                {
                    "reviewId": 6606,
                    "shopperId": 27317,
                    "shopperName": "Pallu gowda",
                    "heading": "product is good",
                    "description": "mobile phone",
                    "rating": 0.0,
                    "dateTime": "2024-04-22T10:02:12.363"
                },
                {
                    "reviewId": 6642,
                    "shopperId": 63012,
                    "shopperName": "Bhavi",
                    "heading": "Awsome product",
                    "description": "MobilePhone",
                    "rating": 4.0,
                    "dateTime": "2024-04-24T11:03:04.843"
                },
                {
                    "reviewId": 6645,
                    "shopperId": 63232,
                    "shopperName": "nidhi",
                    "heading": "good working",
                    "description": "mobilephone",
                    "rating": 4.0,
                    "dateTime": "2024-04-24T23:20:54.997"
                },
                {
                    "reviewId": 6688,
                    "shopperId": 62115,
                    "shopperName": "string",
                    "heading": "string",
                    "description": "Good",
                    "rating": 4.0,
                    "dateTime": "2024-04-25T17:55:59.284"
                },
                {
                    "reviewId": 6699,
                    "shopperId": 62124,
                    "shopperName": "Kay",
                    "heading": "string",
                    "description": "string",
                    "rating": 0.0,
                    "dateTime": "2024-04-25T18:00:00.947"
                },
                {
                    "reviewId": 6722,
                    "shopperId": 62126,
                    "shopperName": "khaja",
                    "heading": "heading",
                    "description": "abcdefghi",
                    "rating": 3.0,
                    "dateTime": "2024-04-26T16:18:10.595"
                },
                {
                    "reviewId": 6732,
                    "shopperId": 64238,
                    "shopperName": "AKASH",
                    "heading": "Buy It",
                    "description": "Good",
                    "rating": 5.0,
                    "dateTime": "2024-04-26T19:55:05.786"
                },
                {
                    "reviewId": 6842,
                    "shopperId": 61934,
                    "shopperName": "Prathamesh",
                    "heading": "Product performance",
                    "description": "product is not good working properly",
                    "rating": 3.0,
                    "dateTime": "2024-04-28T18:03:02.077"
                },
                {
                    "reviewId": 6956,
                    "shopperId": 63150,
                    "shopperName": "Nitin",
                    "heading": "Nice Product",
                    "description": "About the quality",
                    "rating": 2.0,
                    "dateTime": "2024-04-30T17:47:33.503"
                },
                {
                    "reviewId": 7037,
                    "shopperId": 65826,
                    "shopperName": "Ankit",
                    "heading": "mobile",
                    "description": "i-phone",
                    "rating": 4.4,
                    "dateTime": "2024-05-04T22:36:28.986"
                },
                {
                    "reviewId": 7045,
                    "shopperId": 62948,
                    "shopperName": "Kriti",
                    "heading": "good product",
                    "description": "product quality",
                    "rating": 5.0,
                    "dateTime": "2024-05-06T08:52:38.893"
                },
                {
                    "reviewId": 7057,
                    "shopperId": 19755,
                    "shopperName": "apple",
                    "heading": "Bad product",
                    "description": "Not a good",
                    "rating": 1.0,
                    "dateTime": "2024-05-06T11:35:44.058"
                },
                {
                    "reviewId": 7294,
                    "shopperId": 58111,
                    "shopperName": "Qspiders Pune",
                    "heading": "Good",
                    "description": "Value for money",
                    "rating": 5.0,
                    "dateTime": "2024-05-12T13:52:42.645"
                },
                {
                    "reviewId": 7299,
                    "shopperId": 67660,
                    "shopperName": "Faraz",
                    "heading": "Now I have only one kidny :)",
                    "description": "Sone ka pani chadha kar bech rahe ho hya itna menga",
                    "rating": 1.0,
                    "dateTime": "2024-05-13T21:54:20.753"
                },
                {
                    "reviewId": 7336,
                    "shopperId": 65939,
                    "shopperName": "Radha",
                    "heading": "Good quality",
                    "description": "Nice product",
                    "rating": 9.0,
                    "dateTime": "2024-05-16T20:07:36.132"
                },
                {
                    "reviewId": 7477,
                    "shopperId": 78548,
                    "shopperName": "rocky",
                    "heading": "Bad",
                    "description": "Product quality is too good,fabric quality is poor",
                    "rating": 2.0,
                    "dateTime": "2024-05-21T10:08:46.179"
                },
                {
                    "reviewId": 7484,
                    "shopperId": 79383,
                    "shopperName": "Poornima",
                    "heading": "Happy",
                    "description": "Good",
                    "rating": 4.0,
                    "dateTime": "2024-05-22T14:54:10.561"
                },
                {
                    "reviewId": 7490,
                    "shopperId": 79234,
                    "shopperName": "ATUL",
                    "heading": "Rating",
                    "description": "Good",
                    "rating": 1.0,
                    "dateTime": "2024-05-22T15:11:18.348"
                },
                {
                    "reviewId": 7491,
                    "shopperId": 79404,
                    "shopperName": "bowbow",
                    "heading": "string",
                    "description": "i love it",
                    "rating": 0.0,
                    "dateTime": "2024-05-22T15:13:09.211"
                },
                {
                    "reviewId": 7493,
                    "shopperId": 79310,
                    "shopperName": "Lion",
                    "heading": "Rating",
                    "description": "Average",
                    "rating": 3.0,
                    "dateTime": "2024-05-22T15:27:43.413"
                },
                {
                    "reviewId": 7497,
                    "shopperId": 79301,
                    "shopperName": "Sandy",
                    "heading": "Review",
                    "description": "Good",
                    "rating": 5.0,
                    "dateTime": "2024-05-22T15:34:38.463"
                },
                {
                    "reviewId": 7498,
                    "shopperId": 67105,
                    "shopperName": "Anjali",
                    "heading": "Good",
                    "description": "value for money",
                    "rating": 4.0,
                    "dateTime": "2024-05-22T19:19:22.083"
                },
                {
                    "reviewId": 7562,
                    "shopperId": 28702,
                    "shopperName": null,
                    "heading": "good",
                    "description": "good product",
                    "rating": 1.0,
                    "dateTime": "2024-05-23T12:28:03.829"
                },
                {
                    "reviewId": 7931,
                    "shopperId": 79740,
                    "shopperName": "Sayali",
                    "heading": "Good product",
                    "description": "loved the quality of product",
                    "rating": 5.0,
                    "dateTime": "2024-05-27T15:32:36.088"
                },
                {
                    "reviewId": 7995,
                    "shopperId": 80067,
                    "shopperName": "saloni",
                    "heading": "bad quality",
                    "description": "string",
                    "rating": 2.0,
                    "dateTime": "2024-05-28T15:44:23.741"
                },
                {
                    "reviewId": 8040,
                    "shopperId": 396,
                    "shopperName": "Vishnu Priya",
                    "heading": "iPhone",
                    "description": "Very Good Product",
                    "rating": 4.5,
                    "dateTime": "2024-05-29T13:42:14.146"
                }
            ],
            "createdDateTime": "2023-09-12T17:20:30.229",
            "zoneId": "ALPHA"
        },
        {
            "productId": 8,
            "name": "Skinny Men Blue Jeans",
            "title": "Skinny Men Blue Jeans",
            "description": "The 65504 is the ultimate skinny fit for men. It is cut for contemporary style and infused with stretch for extra mobility.",
            "rating": 3.2,
            "price": 3299.0,
            "offer": 20.0,
            "type": "men-jeans",
            "brand": "levis",
            "category": "men",
            "merchantId": 2,
            "quantity": 5,
            "status": "ACTIVE",
            "thumbnailURL": "https://rukminim1.flixcart.com/image/452/542/ktd9mkw0/jean/b/j/0/32-65504-0564-levi-s-original-imag6q2ss3tfzce5.jpeg?q=50",
            "productImageURLs": [
                "https://rukminim1.flixcart.com/image/832/832/ktd9mkw0/jean/w/q/5/32-65504-0564-levi-s-original-imag6q2sksz5utra.jpeg?q=70",
                "https://rukminim1.flixcart.com/image/832/832/ktd9mkw0/jean/v/c/2/32-65504-0564-levi-s-original-imag6q2smzguhyzu.jpeg?q=70",
                "https://rukminim1.flixcart.com/image/832/832/ktd9mkw0/jean/z/7/0/32-65504-0564-levi-s-original-imag6q2szuxhr85h.jpeg?q=70",
                "https://rukminim1.flixcart.com/image/832/832/ktd9mkw0/jean/b/j/0/32-65504-0564-levi-s-original-imag6q2ss3tfzce5.jpeg?q=70",
                "https://rukminim1.flixcart.com/image/832/832/xif0q/jean/u/c/c/32-65504-0564-levi-s-original-imag6q2styvfzpat-bb.jpeg?q=70"
            ],
            "searchTags": [
                "skinny jeans",
                "levis mens blue jeans",
                "mens blue jeans",
                "blue jeans",
                "levis jeans",
                "mens jeans",
                "men",
                "jeans",
                "levis"
            ],
            "reviews": [
                {
                    "reviewId": 3351,
                    "shopperId": 15045,
                    "shopperName": "string",
                    "heading": "string",
                    "description": "string",
                    "rating": 0.0,
                    "dateTime": "2024-02-03T23:47:18.273"
                },
                {
                    "reviewId": 6227,
                    "shopperId": 56942,
                    "shopperName": "shivam",
                    "heading": "Review for product",
                    "description": "This is best product",
                    "rating": 5.0,
                    "dateTime": "2024-03-26T14:14:35.025"
                },
                {
                    "reviewId": 6257,
                    "shopperId": 32222,
                    "shopperName": "Spoorthi",
                    "heading": "must buy",
                    "description": "excellent",
                    "rating": 4.0,
                    "dateTime": "2024-03-29T06:38:25.92"
                },
                {
                    "reviewId": 6394,
                    "shopperId": 39032,
                    "shopperName": "Archana",
                    "heading": "Review about quality",
                    "description": "Good",
                    "rating": 4.0,
                    "dateTime": "2024-04-15T19:31:53.786"
                },
                {
                    "reviewId": 6423,
                    "shopperId": 59283,
                    "shopperName": "vg",
                    "heading": "string",
                    "description": "Product Good",
                    "rating": 0.0,
                    "dateTime": "2024-04-16T11:32:57.03"
                },
                {
                    "reviewId": 6427,
                    "shopperId": 59249,
                    "shopperName": "elegant",
                    "heading": "beautiful",
                    "description": "super",
                    "rating": 0.0,
                    "dateTime": "2024-04-16T11:36:48.852"
                },
                {
                    "reviewId": 6434,
                    "shopperId": 12779,
                    "shopperName": "N/A",
                    "heading": "quality",
                    "description": "good",
                    "rating": 4.0,
                    "dateTime": "2024-04-16T20:30:54.359"
                },
                {
                    "reviewId": 6605,
                    "shopperId": 32458,
                    "shopperName": "iamshopper okk",
                    "heading": "dhfboffunnice hehenice hehe",
                    "description": "bjbfevery nice amazingvery nice amazing",
                    "rating": 5.0,
                    "dateTime": "2024-04-22T10:05:00.543"
                },
                {
                    "reviewId": 6643,
                    "shopperId": 62077,
                    "shopperName": "anishaa",
                    "heading": "APPLE IPhone 14 Pro",
                    "description": "iPhone 14 Pro. Capture incredible detail with a 48MP Main camera. Experience iPhone in a whole new way with Dynamic Island and Always-On display. Crash Detection, a new safety feature, calls for help when you can’t.",
                    "rating": 2.0,
                    "dateTime": "2024-04-24T11:34:12.445"
                },
                {
                    "reviewId": 7017,
                    "shopperId": 24456,
                    "shopperName": "hjjyf",
                    "heading": "quality",
                    "description": "Good",
                    "rating": 3.0,
                    "dateTime": "2024-05-02T21:43:07.016"
                },
                {
                    "reviewId": 7018,
                    "shopperId": 24456,
                    "shopperName": "hjjyf",
                    "heading": "quality",
                    "description": "Good",
                    "rating": 3.0,
                    "dateTime": "2024-05-02T21:44:32.4"
                },
                {
                    "reviewId": 7019,
                    "shopperId": 24456,
                    "shopperName": "hjjyf",
                    "heading": "quality",
                    "description": "Good",
                    "rating": 3.0,
                    "dateTime": "2024-05-02T22:04:39.731"
                },
                {
                    "reviewId": 7020,
                    "shopperId": 24456,
                    "shopperName": "hjjyf",
                    "heading": "quality",
                    "description": "Good",
                    "rating": 3.0,
                    "dateTime": "2024-05-02T22:05:38.327"
                },
                {
                    "reviewId": 7220,
                    "shopperId": 66083,
                    "shopperName": "Mayank",
                    "heading": "Bad",
                    "description": "product quality is not good",
                    "rating": 1.0,
                    "dateTime": "2024-05-11T19:37:30.462"
                },
                {
                    "reviewId": 7417,
                    "shopperId": 65932,
                    "shopperName": "Leela",
                    "heading": "very nice design",
                    "description": "awesome product must buy",
                    "rating": 5.0,
                    "dateTime": "2024-05-18T20:18:36.259"
                },
                {
                    "reviewId": 7423,
                    "shopperId": 65933,
                    "shopperName": "saii",
                    "heading": "good",
                    "description": "beautiful",
                    "rating": 4.0,
                    "dateTime": "2024-05-18T20:51:40.974"
                },
                {
                    "reviewId": 7447,
                    "shopperId": 331,
                    "shopperName": "hgj",
                    "heading": "Good",
                    "description": "regarding quality",
                    "rating": 4.0,
                    "dateTime": "2024-05-20T08:00:24.028"
                },
                {
                    "reviewId": 7475,
                    "shopperId": 72396,
                    "shopperName": "abc",
                    "heading": "good",
                    "description": "quality",
                    "rating": 3.0,
                    "dateTime": "2024-05-20T20:20:00.297"
                },
                {
                    "reviewId": 7603,
                    "shopperId": 72397,
                    "shopperName": "Amoolya M S",
                    "heading": "positive review",
                    "description": "good product, stisfied with product",
                    "rating": 5.0,
                    "dateTime": "2024-05-24T07:39:46.471"
                },
                {
                    "reviewId": 7765,
                    "shopperId": 5626,
                    "shopperName": "ABC",
                    "heading": "string",
                    "description": "string",
                    "rating": 5.0,
                    "dateTime": "2024-05-25T11:01:19.322"
                },
                {
                    "reviewId": 7851,
                    "shopperId": 79696,
                    "shopperName": "Saumil",
                    "heading": "Average product",
                    "description": "The product quality is average, not upto the mark",
                    "rating": 3.0,
                    "dateTime": "2024-05-25T18:11:01.798"
                },
                {
                    "reviewId": 8144,
                    "shopperId": 79681,
                    "shopperName": "Arun",
                    "heading": "Nice Product go for it",
                    "description": "Must buy",
                    "rating": 4.0,
                    "dateTime": "2024-05-31T17:51:57.45"
                }
            ],
            "createdDateTime": "2023-09-12T17:20:30.741",
            "zoneId": "ALPHA"
        },
        {
            "productId": 9,
            "name": "Santoor Soap",
            "title": "Santoor",
            "description": "Santoor Sandalwood and Turmeric Bath Soap for Younger Looking and Glowing Skin, Combo Offer, 125 g (Pack of 8) 4.3 out of 5 stars 5,440. Kickstarter Deal. ₹355 (₹35.50/100 g) ₹444 (20% off)",
            "rating": 2.4,
            "price": 35.0,
            "offer": 10.0,
            "type": "tshirt",
            "brand": "santoor",
            "category": "kids",
            "merchantId": 2,
            "quantity": 10,
            "status": "ACTIVE",
            "thumbnailURL": "data:image/jpeg;base64,/9j/4AAQSkZJRgABAQAAAQABAAD/2wCEAAkGBwgHBgkIBwgKCgkLDRYPDQwMDRsUFRAWIB0iIiAdHx8kKDQsJCYxJx8fLT0tMTU3Ojo6Iys/RD84QzQ5OjcBCgoKDQwNGg8PGjclHyU3Nzc3Nzc3Nzc3Nzc3Nzc3Nzc3Nzc3Nzc3Nzc3Nzc3Nzc3Nzc3Nzc3Nzc3Nzc3Nzc3N//AABEIAKAAoAMBEQACEQEDEQH/xAAbAAEAAgMBAQAAAAAAAAAAAAAAAwQBBQYCB//EAEEQAAIBAwIDBAUICAUFAAAAAAECAwAEEQUhEjFBBhNRYSIycYGxFBUjNXORocEHJEJSYnLR8CUzgpLhNENjorL/xAAaAQEAAwEBAQAAAAAAAAAAAAAAAgMEBQEG/8QANBEAAgIBAgMFBwMEAwEAAAAAAAECAxEEIRIxQRMiM1FxBRQyNGGRsYHB8CNSodEVQvHh/9oADAMBAAIRAxEAPwD7jQCgFAKAUAoBQCgFAKAUAoBQCgFAKAUAoBQCgFAKAUAoBQCgFAKAUAoBQCgFAKAUAoBQCgFAKAUAoBQCgFAKAUAoBQCgFAKAUAoBQCgFAKAUAoBQGM0AzQGaAUBjNAM+VAM0BjiHiPvoAXUY3FARm5iU+k4FD3Bkzxjm1QdkUeqDZE+o2qZDSjIqLvgupJVTfQhfWrBBlpwPcai9TWupLsLPIjbX9PHKQnzAqL1dXmSWmsfQhbtNpo5SM3sFR99q8z33S3yI37VWCjOHNR9/qJe52Hhu1ln+zGzeGKh/yFfkyXuNhNZ9prC5lWIlo3Y4HENvvqUNfXKWHsRno7IrK3N0DkZrcZCpq158g06e6xkxrsD1PIfjVN9vZVufkWU19pNQ8zivnjUJJONrqTiboDgezFfNrW6iUt5czv8AulCjjhLtprt58pCSS8UR235jzrRXr7nZhvYps0NXBlLc20OpXJ5xMelbYaq3qjHLTV+Z7k1K/Vl7m1SRCfS4mwV8/P2VohqG13lgpdEfMitbjUnb9at4404d+CZmPFk8gcDGMHnn41b266Z+xB1Loz0zXrMwC26xhhj0n4mXG/sOfbXvbI87MmladpUb6EpvxKc55dD/AMV52y/mDzsyusF01uEmktu/D57xE2ZfNT19h5/dXruXQ97MklSWSRWa4iwPWKxrk+zOaj2yPezI2ikJk4rzhDA4McaKQSd25Hf+pqDvJKv6ESxSx8IS9UAHky5GPYMVVK1Pqi1Qx0MSw27sWaYe2s8uHrItXF/aVTYaeM5kO/mag+z/ALia4+iPJs9LySWJPU5NQfY9ZE12vkYNtpGPV+6vM0eZ7w3eQW20rBKxswHUHcVF36aLIONvJnn/AAlRtEf9xr3t6PIn2NvmZE2mL6tvy5bmvHqacYwPd7fM6vTpxcWUMg5MtdvT2KyqMkcm6HBY4lHtWA2gXankQB+IqvXvGnky3R+PE4ey4m2PrJtnz6H86+Yit3JHfk9sFqSMwsDjapY4HueJ8RcuNSmjmYI2F2P4Vot1U4zaRRXp4OO5H86XB/bNVPWWeZP3aHkeTqsg5y4/1V77xax2FZ4+eAWAN0mTsBxjepKy9rOH9jx1VosrdTN+01eK2bPHXBdCVZJj+01WqU2Q4YIkAmO+TUu+QzEjUmR2RZAzLzAqO7eMjiig0MnWjhImpoheJ6qcJE1JEDowqmUWWRkiBgw5mqnksTMKjsrMqNIQR6K8wKuq09lqbis4K7b41tJvGSzC5iG6OueYK1it0Opk3mOCrKnunkma2TuvlIMPTCg8RLZ8BWyrRXwodljWFy3y/wDBX274+z3/AAa+XIYErj88c8Vnzk3Q5Hcdngfma1/k/OvrPZ3ysPQ+d1vzEjx2o+orr2D4ivdf8tMaPx4nI2KLGvfS5CKvE5xnbH9PjXB01fFJRO1fZhZLl9JazyTW8MmZ7dVMqcBHDkZG+ME7jOOWRnmM69ZpZRr4jNpru9g19zvMT5D4CuXdvN/p+DfX8JHwEg4qtIm2cfo/Zy/it+6vdEt7icd5i6kkRmBYEA4PMDYjkRjnvX2T9p6X/q39jkzpsb5k79jtVu4rGJdO021eGRDPdJIS8wXAGQF2O2ee5o/aNTi0svbyIxrcXls+lQWB8K4tenZZO8vxWHlWuOnM8rypr2bHTnePaRiEB8M9ar1a7KptcyMJuTwc1aSNAEkXPGZAVAGcgA8XxH3eVcqDcUn1z+M5LOp23yRWUFRkEZBrvOlPdFCtZDJZ+VVSoLFcUp7PY7VmnQaIXGtuLcrk4rDZUa4WGp0jUZ4b2e4wXi9JDENsY3HvOauo1C0k1nk+Zdr9Mp1KK58zWSam95eyTXdw1s3ASozwrjwKnrVts52vK39C6rTwprSgZtNenW67l4JJQmCLmBCyH+n41FxSWXJej5kbK4PZomvJhLcQTRPI0zt6QIxgVmnCEYtl9MVwNdD6boO2j2u2PQrv6BY0sPQ+V1njyIu0/wBRXf8AIPiK913y8jzSP+tE5+wtWnsplQDjkGF36nYVzNFDvZfmdDVzwsEthaZ0oTvdieR1d5j3fATLIwZjgk4GOEKPDqdq6etjmpox0S/qI1Uy/TEeQ+FfMWfHg7kH3SaCLiPKp115ITng2trZ5Gwz7q6FVGTFZabWCzC4yMV0K6EjFK3JcjhVfCtMayiUzM0bmJhAyrJj0SRkA+flUpRfD3eZHi33OS1dNRndmu7RgWXgYRAnh8GBHMe3lv41xdQr5+JH6bb/AKmmDguTIF0y8KpEtvIcoOPAxkc+EHzOc+731rTWtKOOiz/r9Xz/AJmXHHnk6nS4LuOIvqEqtIQAI49kjHgPPzrsaeu1Rza9/LojNOUW+6XSgNXuJHiKXFBcB+4mik4DhuBg2D54qmdexdGZob3UdKSVo31C2Vw/dkGQbNy4T556Vis00nyRsrsaKF1parK0kRKMefga5dtWeZ0YajKxIgeOUcxGfdWGWmwTUoMjYS8iwXHVRvUFUk8k1wkQiVW4sZY82NTb6E+JvY+g6HtpFp9mK+u0Xy8PQ+Z1XjSIu0v1Hd/yj4ivNd8tP0Gk8eJqNNjlfTZVtpO7nZcRvsOFjyO4I5nqD7DyrJov3/c1at7mdHht4tMvYLa17swy8Es/e9730gGG9MgEkerywMYHLboavetmatvtFk0txtckfwr8BXydviHer+Au2QHFWqkoteDQXOo6XD2zvbXtlEPkbpH82vcrxW4HD6Z32DFidz4Y2GM/R0QfYp18+pzpptbHc9ntKtdLjn+brni06YiS3hDBo4BjfgP7p545DpVreea3McpNlLsz2jl1XV9TsrqIRcHDcWO2DLasMK/vIJ9jAVJxwj2UMJNFO27UXemdoJrbXQg0u8u3hsLsbCN1OO6k8M4JB/se8OVlHvBmOVzRuPkp1TUdQjnuruOOCZAiQTtHsYkJB4fPP3mo5wQzhI4W1vjpnYS/7UXE17dahaXMscPe3kpTPe92mU4uEgZBO3SrecuEvfenwHcwdn4ZdKWG7mmlvHj9O87wiXjI3ZSD6O/IDaqs7lDlv9DitB1+87VQdlLDVCCl2txJeldhc9yeEKf4ScEjrjHKrHFRyXShwcTN9+kJF06xsNVsUWK+tbyGOF0GCyOwVozjmpHTyB5gVXHvZTI17vDORlumGh6zps8Iis9R1y6tpL5iGW34pDglfbsDyzXkl31Jc0ky9c16HdpapBbxQJkrHGqAnc4AxzrjWribZfCRVmgFY51mmMylNHiss4GiMslR9qzsvR3uijGk2n2S/CvrtF8vD0R81qfGl6kXaT6ju/5PzFR1/wAtP0PdJ40TU6YyrpTtI7RoqAs6DLKPEDB391ZdFy2+n5Rp1fxGNDvLGWzubLTbiae2tYY+EyxlGXJfbdVJ9XOTnOTXQ1K/pvJlrTU02aS6P60fYPhXyV3iM+hr+Au2LelWihlFyPVxqeiXU91pPaKG3iRcGP5cVEdwpHrIx22ORjmMV9Bp4z4VOG5yp5TyjRdmtMmtX1rS9DmuF0PUJ0hsZGBYRjhJndC3NceiDyJxz5nfKSeM8yE5J4cuZtdc0fUtGvdL7QQXl/q0tlIIJoVtkLm2fAYKsSAnB4WxvyqKknnYgpxknFrBvvmi21LR7/TtWt8wXFzPlX9E4Lkhh4eINR4uHcgpNNNFXsZZXeiW97batfpckTgQ3LuvFJEEUKT5gDB9leTshzPZtSeyNdo2hWr9jbzQNcmg4bqaZ2EUwJUNIWUjzGx9oqL1NallSRJuXHxJGxjk1caWunm6gMgjER1CKKRnIxji7oJgN/qwDv5VHt685Wfs/wDR5jfJGez+nQ6fpdvpkN1avpTcVpKsJypxhgwbHEGyc/eCDvXnvH0f2/2E3vknubSW9u7W41JJLgWj97BCsaxoJOjkFiSR03wDvjPKEr2tlFkoryNfHolsml6hpssDz299PLNKszqN5GyQMeB5VRLUz4lJLGC9LfJbsIjaWUVsWdhCoRWkfjYgcsnA3rLKbk3Jotij0+9UyLUU7hRWexF8GaycYzWCZrjyO90j6rtPsV+FfXaT5eHoj5zU+NP1ZB2i+pLv+T8xUNd8tP0PdJ48TUaVKY9MZ1xxIoIzyyCKx6Hl9v2NOs5lqytLi1+WreX7XspjRhM6Kh4SXwuF2wDxYPPB3zjJ6d/hmSt99HM32103u+FfI3+Iz6Or4CW1fBqVUsMrtjk3FsokA45nI6cv6V1aXnm/wc2yBsY4kIAae4bp/nMPgRW2KXVv7v8A2ZJL6Ejw2UagznCk4zNKxGfDc1Yq4Pp+WQ7x7WCxVgBBb5LcI9Abnfb8DUuzr/tR5mT6i4ms7NA8yxoCcDCZJPgABknyFTUV0R5hsR6lZtGHS4iClOPdguF8SDyr3LXQcLCahbzs6wzxuyY4grA4qMpNcySiYkuMdaplYWxgVZJ/Os8rC2MCpJcp1Ye6slmprjzZeq2U9Uu47TSZ72S8gtVUEI0yFgSB4Agn3VdpYR1MeNPYpvt7N4RxnYrt8uvXHzdqUUUF7gmN4yeCYDoAdweuOuD7KnqdM61xx5DT6hTfC+Z187gAnIG3WubNnQgmaGe9Etx3cPqjm2edZ5wwss6MKuGOZH0rSttMtPsE+Ar6nS+BD0X4PlNR40/VlftH9SXf8n5iq9d8tP0JaTx4mj0eUJYMSAwUAlf3hnlWDQvKS9PyjbrVuTaFp0+k2F7bXMVukjN3oaB5CpU5wvpkn0cY2wOWAOVdbUP+m2YYPimjQ3x/WW93wr5DUeIfRVfAYhbBqMHhns0eXa4jvpJYpbtYyseSrFuDJfiKruCfV6GuxRanBJ4/n8Zgsg+IkiudbHA/07SOyuw4kCrhUyoz0zx7Z5+6tkbauhnlWyzcWtxLptnB3f0sUTIfpF2JGMEMrKR49alHUxUnuQdTM/N1+8ciG8UI7s54GZQme8yAB09MHxyOZ2xL3qJ52ZeW2aK3gS3lRHt7mSWIFCUCsX9HGRyVsbHpUPeFnfqOyK0mmNPOZbm8MhKkN9HgkkYPXGOWNsgdTXj1aS2R6qye0t4LKeaaOSRmlZjhyDw5YsQNs8yedU2avu958iaqySS3h34Ry65rlXe0ele5dGldSm1w83qkkfvHYD+tc+y6yfxy/QsSxyRWkn39A+1z+VeRgWxjtxPkfN9V0jUu2Usl5FIV060kZY2kY+kevCPDlX2Nahpao1rocjs5aixy5I5DUNKv9FvkmjDoInVo5h0bOxq1ThZFp8mVWaedcsxPt8DrrWlQyiXgaRQWCHbi6jHhXyk7LNPa4PdHdps4O9jJqvkc9ndBZl9HOzDkalK2Nkdjp9rCyPdPqmmDGm2g/wDCn/yK+p0vgQ9F+D46/wAWXqyv2i30S7+z/Oq9d8tP0J6Tx4nMaNITbtGFDluSk4Delyz0rk6GaTX6fk6esjlZPfZ6a5+RXpvZTM2QqStdLN6Kll4BhVxgg7nJOSa7OslivY59UczWDW3m8+f4RXyd3xnfr+EjQ71BEmeJJdR4nS2SNFB9FyckjB6eRxW6l0pJyZmnGTZM51DiVopIVPCAQzEDPXGx/vrVkLKsd7P8+xBwYMd+5Ob7AIxgJv08PfU1fWv+pF1kz2/eicSzFxJJ3icS57s4xtRanGMI87Iw1kkg+knuC2+W48Zyc8v72r33qS6DsySC2t7NzMo4GYYJLZz1/Osd2vlJYjuOGKJTK8nqIcfvPsPu51z5ycvjeT30RHI0aYMzGRui45e6vFl/DseqOXjmyGR3ly0myAZ4asjB5xHmy3hUVxSOF7Wds7qxuJIdIW2liQcEhlQnJPQEEV9BT7IqSTm3n+fQ592ub2ijrdL1+w1Ls7aGxaJJpIeEW5Iz3iruu3XY+2tFuVJpijDSaNRdaXK1iZ7ySOV5myEUequNs78/uqtySexpjFyyma7QxIrXySOM99lV8F4VH5Vm1aWU15G3QPaUX5m7t7mQZQsSngdxXMsgsZRsnXHmfVtPGLC2HhEvwr62lYqivoj427xJerK/aD6lvPsjVWu+Wn6Fmk8ePqcNZSAMYpM8DA8jzBO/s3r5yieMSXQ7t0MrHmbZ1srS1f5FbQwtIqK/dqBkKMKD7ByroanVOdfMxU0Yma6ZO8YEc+FT+FcqyPE/sdCMsL7kBVkbBGKqw1sT58jW6nrD295b6dZrA19ceoLiXgQdByySSfzJxiup7P8AZ71Kc5PEV+TNff2a5GOz+r3moAxahaC1uOBZUCyBhJGwBDAZyBuPI9ORAnr9B7s1KDyn+SNVqsyl0NzGXcZTDe41y3NR5lrz5kywy9XVfdmq3qEuRXlnsQuOcpH8q4qmdvF0I4k+bMN8ngPESvF5nJNFxS5HmEmVpb4nZCIx4nnVkaf1Lo0ylz2RIluY4xPd5jVuQb/Mk9g6DzNa/dnFcVrwui6//F9QpLPBVu/8HP8AbG7YaJcGMsgOM8B3Ue2tHs2MfeE8eZXrINUM5TRtGe8ijWIR/TjYPwkk7kDBGMkf3tXZts5owVVrB0mlR2vZ9JZxFH3mTmNE/wAnHLbr1BrO5t7GtVJLL/iLZSF4GvIp1aM8QGJQRxHkq48qhNcK5FlbUmkmRaFpAYSX065PKMHr51lttbXCi5pRltzK07Pb3YYvgE4KnYAeINUzjGdbyt8GhTnlb7H2e0GLWEfwD4V9PD4UfJz+N+pV176mvPsjVGs+Xn6Mt0vjR9T527iNOMHDDl7fCvk6m1JYPpZJNYZY75njXBIBGQD0/vl7qtnlPHToQik92WXdVmUHb0F+FJtKf2/BGKfD9/yWhHHKnp4Ixz8KvUIzW5Q5yg9jj9a06KWf5bb3Fgbp7buJY7l3WaLnnhVcZJyR7PImu7on7vF1v4eax+/5/wDDJbY7HkjsHe1cSiN0uWhS2WXuxG3dLnhWOPfGxxxN0ArPrr4XPhjyX8/HRb+eCymjC3Ohs7m4W3RZBGCBgKByHQfdXzlsIObxk1qmWOZMbuU/uD/T/wA1Ds4nvZS8/wDBE9xO5wHbJ6Lt8KlGEc7IkqF/2ZatdCvbkd5KBbRczJKcfhXRp0F1iy1wrzZVLWUU7R3f0/2ZludM0rayC3VyOdxKNlP8IqcraaNqu9Lzf7HihfqN7Xwx8l+5qLi+eaUyTSF3PNiawy45y4pbs2xhCuOI7I0faq4Q6DdhZAH4Rw7+YrZoFJaiLfIz65p6eWDz2S7R6NDpSW7TAXdtlLcy5DKcH3HbO4rrWQlls5lUoywk/wDBnVbuya0mu3dcFOJ+HdSuckb888qjGuTaeC52x+E4/R+4t9d+TQKskCSiVREePBx0x03FXWpyraM8GoTyj6ENT1OTgisNIvXjUEejbPv+FYFo5PkjT7zHdyZa0fszretXqNqlk9lYqQXMuA7jwVeY9px76ur0Lb32R5PXxhDuPLPqyjhUAdBXVOMVtTha50+4hT1njKr7cbVTfBzqlFdUWVT4LIy+p80jVmfvJRwlCVCEepjnnzr5CXc7h9RGSl3kTJjcZG24/P8Av21bF8UPT8EXtL1J7sgTYPRVB+6oXp8eDyt937kBuR3bRs4KMMMAcVKqyytpxE4wktyS2urJeBbm+u+7UEcLOCGBGD0rq1a3PxRwYbaGvheS8l92ajdpT3Bdh6Ts2/3mtbVd6xLcyudtbymRfL9BnOLTvpj4QEv8Aah/xenfmP8AkL15HtDG28Gj38vhxRsB+IFTj7M0y6ZIPX3vqWFl1+Mf4d2dEZ/fkkjTH3tmr41KvaqCRU7HZ4k2U7rQ+2mqt+tT2MMX7vfsce4L+dU2aW25/wBSRfXqaal3Ikcf6PdVkP6xrECr4JCzY+8iox9nQXUlL2lJ8kWo/wBGsbf9Trd4fsURPiGq1aGpFT19rJ1/RfoDIVu5NQus8zLc8JP+wLV0dPXF5SK5au2Sw2WrT9HHZK0GI9FgY4wWlZnJ9pJq7hRSrJLkzb23ZvQ7VVW30ewjC8uG3Tb8KYRHLzk2McEcYCxxogHRVAr3B5lklAKAUBgjNAafVezWnalMZ3WSG5P/AHoW4WPtHI+8Gs92lqu+NF9eosr+FmqPYtg4ZNWnAHIGFSazQ9mUwllF79oWyWGeV7CW8mWutVvpWJySvAuf/U1Nez6eu5D323oWU7CaFj6WO5mP8d04/AECrI6OldCD1Vr6l2LsloERyul25Pi44j+NWqitcolbtsfNl6DStOtzm3sLWI+KQqD8Ks4UiDbZbAwMDavTwYoBigM0AoBQCgFAKAUAoBQCgFAKAUAoBQCgFAKAUAoBQCgFAKAUAoBQCgFAKAUAoBQCgFAKAUAoBQCgFAKAUAoBQCgFAKAUAoBQCgFAKAUAoBQCgFAKAUAoBQCgFAKAUAoBQCgP/9k=",
            "productImageURLs": [
                "data:image/jpeg;base64,/9j/4AAQSkZJRgABAQAAAQABAAD/2wCEAAkGBwgHBgkIBwgKCgkLDRYPDQwMDRsUFRAWIB0iIiAdHx8kKDQsJCYxJx8fLT0tMTU3Ojo6Iys/RD84QzQ5OjcBCgoKDQwNGg8PGjclHyU3Nzc3Nzc3Nzc3Nzc3Nzc3Nzc3Nzc3Nzc3Nzc3Nzc3Nzc3Nzc3Nzc3Nzc3Nzc3Nzc3N//AABEIAKAAoAMBEQACEQEDEQH/xAAbAAEAAgMBAQAAAAAAAAAAAAAAAwQBBQYCB//EAEEQAAIBAwIDBAUICAUFAAAAAAECAwAEEQUhEjFBBhNRYSIycYGxFBUjNXORocEHJEJSYnLR8CUzgpLhNENjorL/xAAaAQEAAwEBAQAAAAAAAAAAAAAAAgMEBQEG/8QANBEAAgIBAgMFBwMEAwEAAAAAAAECAxEEIRIxQRMiM1FxBRQyNGGRsYHB8CNSodEVQvHh/9oADAMBAAIRAxEAPwD7jQCgFAKAUAoBQCgFAKAUAoBQCgFAKAUAoBQCgFAKAUAoBQCgFAKAUAoBQCgFAKAUAoBQCgFAKAUAoBQCgFAKAUAoBQCgFAKAUAoBQCgFAKAUAoBQGM0AzQGaAUBjNAM+VAM0BjiHiPvoAXUY3FARm5iU+k4FD3Bkzxjm1QdkUeqDZE+o2qZDSjIqLvgupJVTfQhfWrBBlpwPcai9TWupLsLPIjbX9PHKQnzAqL1dXmSWmsfQhbtNpo5SM3sFR99q8z33S3yI37VWCjOHNR9/qJe52Hhu1ln+zGzeGKh/yFfkyXuNhNZ9prC5lWIlo3Y4HENvvqUNfXKWHsRno7IrK3N0DkZrcZCpq158g06e6xkxrsD1PIfjVN9vZVufkWU19pNQ8zivnjUJJONrqTiboDgezFfNrW6iUt5czv8AulCjjhLtprt58pCSS8UR235jzrRXr7nZhvYps0NXBlLc20OpXJ5xMelbYaq3qjHLTV+Z7k1K/Vl7m1SRCfS4mwV8/P2VohqG13lgpdEfMitbjUnb9at4404d+CZmPFk8gcDGMHnn41b266Z+xB1Loz0zXrMwC26xhhj0n4mXG/sOfbXvbI87MmladpUb6EpvxKc55dD/AMV52y/mDzsyusF01uEmktu/D57xE2ZfNT19h5/dXruXQ97MklSWSRWa4iwPWKxrk+zOaj2yPezI2ikJk4rzhDA4McaKQSd25Hf+pqDvJKv6ESxSx8IS9UAHky5GPYMVVK1Pqi1Qx0MSw27sWaYe2s8uHrItXF/aVTYaeM5kO/mag+z/ALia4+iPJs9LySWJPU5NQfY9ZE12vkYNtpGPV+6vM0eZ7w3eQW20rBKxswHUHcVF36aLIONvJnn/AAlRtEf9xr3t6PIn2NvmZE2mL6tvy5bmvHqacYwPd7fM6vTpxcWUMg5MtdvT2KyqMkcm6HBY4lHtWA2gXankQB+IqvXvGnky3R+PE4ey4m2PrJtnz6H86+Yit3JHfk9sFqSMwsDjapY4HueJ8RcuNSmjmYI2F2P4Vot1U4zaRRXp4OO5H86XB/bNVPWWeZP3aHkeTqsg5y4/1V77xax2FZ4+eAWAN0mTsBxjepKy9rOH9jx1VosrdTN+01eK2bPHXBdCVZJj+01WqU2Q4YIkAmO+TUu+QzEjUmR2RZAzLzAqO7eMjiig0MnWjhImpoheJ6qcJE1JEDowqmUWWRkiBgw5mqnksTMKjsrMqNIQR6K8wKuq09lqbis4K7b41tJvGSzC5iG6OueYK1it0Opk3mOCrKnunkma2TuvlIMPTCg8RLZ8BWyrRXwodljWFy3y/wDBX274+z3/AAa+XIYErj88c8Vnzk3Q5Hcdngfma1/k/OvrPZ3ysPQ+d1vzEjx2o+orr2D4ivdf8tMaPx4nI2KLGvfS5CKvE5xnbH9PjXB01fFJRO1fZhZLl9JazyTW8MmZ7dVMqcBHDkZG+ME7jOOWRnmM69ZpZRr4jNpru9g19zvMT5D4CuXdvN/p+DfX8JHwEg4qtIm2cfo/Zy/it+6vdEt7icd5i6kkRmBYEA4PMDYjkRjnvX2T9p6X/q39jkzpsb5k79jtVu4rGJdO021eGRDPdJIS8wXAGQF2O2ee5o/aNTi0svbyIxrcXls+lQWB8K4tenZZO8vxWHlWuOnM8rypr2bHTnePaRiEB8M9ar1a7KptcyMJuTwc1aSNAEkXPGZAVAGcgA8XxH3eVcqDcUn1z+M5LOp23yRWUFRkEZBrvOlPdFCtZDJZ+VVSoLFcUp7PY7VmnQaIXGtuLcrk4rDZUa4WGp0jUZ4b2e4wXi9JDENsY3HvOauo1C0k1nk+Zdr9Mp1KK58zWSam95eyTXdw1s3ASozwrjwKnrVts52vK39C6rTwprSgZtNenW67l4JJQmCLmBCyH+n41FxSWXJej5kbK4PZomvJhLcQTRPI0zt6QIxgVmnCEYtl9MVwNdD6boO2j2u2PQrv6BY0sPQ+V1njyIu0/wBRXf8AIPiK913y8jzSP+tE5+wtWnsplQDjkGF36nYVzNFDvZfmdDVzwsEthaZ0oTvdieR1d5j3fATLIwZjgk4GOEKPDqdq6etjmpox0S/qI1Uy/TEeQ+FfMWfHg7kH3SaCLiPKp115ITng2trZ5Gwz7q6FVGTFZabWCzC4yMV0K6EjFK3JcjhVfCtMayiUzM0bmJhAyrJj0SRkA+flUpRfD3eZHi33OS1dNRndmu7RgWXgYRAnh8GBHMe3lv41xdQr5+JH6bb/AKmmDguTIF0y8KpEtvIcoOPAxkc+EHzOc+731rTWtKOOiz/r9Xz/AJmXHHnk6nS4LuOIvqEqtIQAI49kjHgPPzrsaeu1Rza9/LojNOUW+6XSgNXuJHiKXFBcB+4mik4DhuBg2D54qmdexdGZob3UdKSVo31C2Vw/dkGQbNy4T556Vis00nyRsrsaKF1parK0kRKMefga5dtWeZ0YajKxIgeOUcxGfdWGWmwTUoMjYS8iwXHVRvUFUk8k1wkQiVW4sZY82NTb6E+JvY+g6HtpFp9mK+u0Xy8PQ+Z1XjSIu0v1Hd/yj4ivNd8tP0Gk8eJqNNjlfTZVtpO7nZcRvsOFjyO4I5nqD7DyrJov3/c1at7mdHht4tMvYLa17swy8Es/e9730gGG9MgEkerywMYHLboavetmatvtFk0txtckfwr8BXydviHer+Au2QHFWqkoteDQXOo6XD2zvbXtlEPkbpH82vcrxW4HD6Z32DFidz4Y2GM/R0QfYp18+pzpptbHc9ntKtdLjn+brni06YiS3hDBo4BjfgP7p545DpVreea3McpNlLsz2jl1XV9TsrqIRcHDcWO2DLasMK/vIJ9jAVJxwj2UMJNFO27UXemdoJrbXQg0u8u3hsLsbCN1OO6k8M4JB/se8OVlHvBmOVzRuPkp1TUdQjnuruOOCZAiQTtHsYkJB4fPP3mo5wQzhI4W1vjpnYS/7UXE17dahaXMscPe3kpTPe92mU4uEgZBO3SrecuEvfenwHcwdn4ZdKWG7mmlvHj9O87wiXjI3ZSD6O/IDaqs7lDlv9DitB1+87VQdlLDVCCl2txJeldhc9yeEKf4ScEjrjHKrHFRyXShwcTN9+kJF06xsNVsUWK+tbyGOF0GCyOwVozjmpHTyB5gVXHvZTI17vDORlumGh6zps8Iis9R1y6tpL5iGW34pDglfbsDyzXkl31Jc0ky9c16HdpapBbxQJkrHGqAnc4AxzrjWribZfCRVmgFY51mmMylNHiss4GiMslR9qzsvR3uijGk2n2S/CvrtF8vD0R81qfGl6kXaT6ju/5PzFR1/wAtP0PdJ40TU6YyrpTtI7RoqAs6DLKPEDB391ZdFy2+n5Rp1fxGNDvLGWzubLTbiae2tYY+EyxlGXJfbdVJ9XOTnOTXQ1K/pvJlrTU02aS6P60fYPhXyV3iM+hr+Au2LelWihlFyPVxqeiXU91pPaKG3iRcGP5cVEdwpHrIx22ORjmMV9Bp4z4VOG5yp5TyjRdmtMmtX1rS9DmuF0PUJ0hsZGBYRjhJndC3NceiDyJxz5nfKSeM8yE5J4cuZtdc0fUtGvdL7QQXl/q0tlIIJoVtkLm2fAYKsSAnB4WxvyqKknnYgpxknFrBvvmi21LR7/TtWt8wXFzPlX9E4Lkhh4eINR4uHcgpNNNFXsZZXeiW97batfpckTgQ3LuvFJEEUKT5gDB9leTshzPZtSeyNdo2hWr9jbzQNcmg4bqaZ2EUwJUNIWUjzGx9oqL1NallSRJuXHxJGxjk1caWunm6gMgjER1CKKRnIxji7oJgN/qwDv5VHt685Wfs/wDR5jfJGez+nQ6fpdvpkN1avpTcVpKsJypxhgwbHEGyc/eCDvXnvH0f2/2E3vknubSW9u7W41JJLgWj97BCsaxoJOjkFiSR03wDvjPKEr2tlFkoryNfHolsml6hpssDz299PLNKszqN5GyQMeB5VRLUz4lJLGC9LfJbsIjaWUVsWdhCoRWkfjYgcsnA3rLKbk3Jotij0+9UyLUU7hRWexF8GaycYzWCZrjyO90j6rtPsV+FfXaT5eHoj5zU+NP1ZB2i+pLv+T8xUNd8tP0PdJ48TUaVKY9MZ1xxIoIzyyCKx6Hl9v2NOs5lqytLi1+WreX7XspjRhM6Kh4SXwuF2wDxYPPB3zjJ6d/hmSt99HM32103u+FfI3+Iz6Or4CW1fBqVUsMrtjk3FsokA45nI6cv6V1aXnm/wc2yBsY4kIAae4bp/nMPgRW2KXVv7v8A2ZJL6Ejw2UagznCk4zNKxGfDc1Yq4Pp+WQ7x7WCxVgBBb5LcI9Abnfb8DUuzr/tR5mT6i4ms7NA8yxoCcDCZJPgABknyFTUV0R5hsR6lZtGHS4iClOPdguF8SDyr3LXQcLCahbzs6wzxuyY4grA4qMpNcySiYkuMdaplYWxgVZJ/Os8rC2MCpJcp1Ye6slmprjzZeq2U9Uu47TSZ72S8gtVUEI0yFgSB4Agn3VdpYR1MeNPYpvt7N4RxnYrt8uvXHzdqUUUF7gmN4yeCYDoAdweuOuD7KnqdM61xx5DT6hTfC+Z187gAnIG3WubNnQgmaGe9Etx3cPqjm2edZ5wwss6MKuGOZH0rSttMtPsE+Ar6nS+BD0X4PlNR40/VlftH9SXf8n5iq9d8tP0JaTx4mj0eUJYMSAwUAlf3hnlWDQvKS9PyjbrVuTaFp0+k2F7bXMVukjN3oaB5CpU5wvpkn0cY2wOWAOVdbUP+m2YYPimjQ3x/WW93wr5DUeIfRVfAYhbBqMHhns0eXa4jvpJYpbtYyseSrFuDJfiKruCfV6GuxRanBJ4/n8Zgsg+IkiudbHA/07SOyuw4kCrhUyoz0zx7Z5+6tkbauhnlWyzcWtxLptnB3f0sUTIfpF2JGMEMrKR49alHUxUnuQdTM/N1+8ciG8UI7s54GZQme8yAB09MHxyOZ2xL3qJ52ZeW2aK3gS3lRHt7mSWIFCUCsX9HGRyVsbHpUPeFnfqOyK0mmNPOZbm8MhKkN9HgkkYPXGOWNsgdTXj1aS2R6qye0t4LKeaaOSRmlZjhyDw5YsQNs8yedU2avu958iaqySS3h34Ry65rlXe0ele5dGldSm1w83qkkfvHYD+tc+y6yfxy/QsSxyRWkn39A+1z+VeRgWxjtxPkfN9V0jUu2Usl5FIV060kZY2kY+kevCPDlX2Nahpao1rocjs5aixy5I5DUNKv9FvkmjDoInVo5h0bOxq1ThZFp8mVWaedcsxPt8DrrWlQyiXgaRQWCHbi6jHhXyk7LNPa4PdHdps4O9jJqvkc9ndBZl9HOzDkalK2Nkdjp9rCyPdPqmmDGm2g/wDCn/yK+p0vgQ9F+D46/wAWXqyv2i30S7+z/Oq9d8tP0J6Tx4nMaNITbtGFDluSk4Delyz0rk6GaTX6fk6esjlZPfZ6a5+RXpvZTM2QqStdLN6Kll4BhVxgg7nJOSa7OslivY59UczWDW3m8+f4RXyd3xnfr+EjQ71BEmeJJdR4nS2SNFB9FyckjB6eRxW6l0pJyZmnGTZM51DiVopIVPCAQzEDPXGx/vrVkLKsd7P8+xBwYMd+5Ob7AIxgJv08PfU1fWv+pF1kz2/eicSzFxJJ3icS57s4xtRanGMI87Iw1kkg+knuC2+W48Zyc8v72r33qS6DsySC2t7NzMo4GYYJLZz1/Osd2vlJYjuOGKJTK8nqIcfvPsPu51z5ycvjeT30RHI0aYMzGRui45e6vFl/DseqOXjmyGR3ly0myAZ4asjB5xHmy3hUVxSOF7Wds7qxuJIdIW2liQcEhlQnJPQEEV9BT7IqSTm3n+fQ592ub2ijrdL1+w1Ls7aGxaJJpIeEW5Iz3iruu3XY+2tFuVJpijDSaNRdaXK1iZ7ySOV5myEUequNs78/uqtySexpjFyyma7QxIrXySOM99lV8F4VH5Vm1aWU15G3QPaUX5m7t7mQZQsSngdxXMsgsZRsnXHmfVtPGLC2HhEvwr62lYqivoj427xJerK/aD6lvPsjVWu+Wn6Fmk8ePqcNZSAMYpM8DA8jzBO/s3r5yieMSXQ7t0MrHmbZ1srS1f5FbQwtIqK/dqBkKMKD7ByroanVOdfMxU0Yma6ZO8YEc+FT+FcqyPE/sdCMsL7kBVkbBGKqw1sT58jW6nrD295b6dZrA19ceoLiXgQdByySSfzJxiup7P8AZ71Kc5PEV+TNff2a5GOz+r3moAxahaC1uOBZUCyBhJGwBDAZyBuPI9ORAnr9B7s1KDyn+SNVqsyl0NzGXcZTDe41y3NR5lrz5kywy9XVfdmq3qEuRXlnsQuOcpH8q4qmdvF0I4k+bMN8ngPESvF5nJNFxS5HmEmVpb4nZCIx4nnVkaf1Lo0ylz2RIluY4xPd5jVuQb/Mk9g6DzNa/dnFcVrwui6//F9QpLPBVu/8HP8AbG7YaJcGMsgOM8B3Ue2tHs2MfeE8eZXrINUM5TRtGe8ijWIR/TjYPwkk7kDBGMkf3tXZts5owVVrB0mlR2vZ9JZxFH3mTmNE/wAnHLbr1BrO5t7GtVJLL/iLZSF4GvIp1aM8QGJQRxHkq48qhNcK5FlbUmkmRaFpAYSX065PKMHr51lttbXCi5pRltzK07Pb3YYvgE4KnYAeINUzjGdbyt8GhTnlb7H2e0GLWEfwD4V9PD4UfJz+N+pV176mvPsjVGs+Xn6Mt0vjR9T527iNOMHDDl7fCvk6m1JYPpZJNYZY75njXBIBGQD0/vl7qtnlPHToQik92WXdVmUHb0F+FJtKf2/BGKfD9/yWhHHKnp4Ixz8KvUIzW5Q5yg9jj9a06KWf5bb3Fgbp7buJY7l3WaLnnhVcZJyR7PImu7on7vF1v4eax+/5/wDDJbY7HkjsHe1cSiN0uWhS2WXuxG3dLnhWOPfGxxxN0ArPrr4XPhjyX8/HRb+eCymjC3Ohs7m4W3RZBGCBgKByHQfdXzlsIObxk1qmWOZMbuU/uD/T/wA1Ds4nvZS8/wDBE9xO5wHbJ6Lt8KlGEc7IkqF/2ZatdCvbkd5KBbRczJKcfhXRp0F1iy1wrzZVLWUU7R3f0/2ZludM0rayC3VyOdxKNlP8IqcraaNqu9Lzf7HihfqN7Xwx8l+5qLi+eaUyTSF3PNiawy45y4pbs2xhCuOI7I0faq4Q6DdhZAH4Rw7+YrZoFJaiLfIz65p6eWDz2S7R6NDpSW7TAXdtlLcy5DKcH3HbO4rrWQlls5lUoywk/wDBnVbuya0mu3dcFOJ+HdSuckb888qjGuTaeC52x+E4/R+4t9d+TQKskCSiVREePBx0x03FXWpyraM8GoTyj6ENT1OTgisNIvXjUEejbPv+FYFo5PkjT7zHdyZa0fszretXqNqlk9lYqQXMuA7jwVeY9px76ur0Lb32R5PXxhDuPLPqyjhUAdBXVOMVtTha50+4hT1njKr7cbVTfBzqlFdUWVT4LIy+p80jVmfvJRwlCVCEepjnnzr5CXc7h9RGSl3kTJjcZG24/P8Av21bF8UPT8EXtL1J7sgTYPRVB+6oXp8eDyt937kBuR3bRs4KMMMAcVKqyytpxE4wktyS2urJeBbm+u+7UEcLOCGBGD0rq1a3PxRwYbaGvheS8l92ajdpT3Bdh6Ts2/3mtbVd6xLcyudtbymRfL9BnOLTvpj4QEv8Aah/xenfmP8AkL15HtDG28Gj38vhxRsB+IFTj7M0y6ZIPX3vqWFl1+Mf4d2dEZ/fkkjTH3tmr41KvaqCRU7HZ4k2U7rQ+2mqt+tT2MMX7vfsce4L+dU2aW25/wBSRfXqaal3Ikcf6PdVkP6xrECr4JCzY+8iox9nQXUlL2lJ8kWo/wBGsbf9Trd4fsURPiGq1aGpFT19rJ1/RfoDIVu5NQus8zLc8JP+wLV0dPXF5SK5au2Sw2WrT9HHZK0GI9FgY4wWlZnJ9pJq7hRSrJLkzb23ZvQ7VVW30ewjC8uG3Tb8KYRHLzk2McEcYCxxogHRVAr3B5lklAKAUBgjNAafVezWnalMZ3WSG5P/AHoW4WPtHI+8Gs92lqu+NF9eosr+FmqPYtg4ZNWnAHIGFSazQ9mUwllF79oWyWGeV7CW8mWutVvpWJySvAuf/U1Nez6eu5D323oWU7CaFj6WO5mP8d04/AECrI6OldCD1Vr6l2LsloERyul25Pi44j+NWqitcolbtsfNl6DStOtzm3sLWI+KQqD8Ks4UiDbZbAwMDavTwYoBigM0AoBQCgFAKAUAoBQCgFAKAUAoBQCgFAKAUAoBQCgFAKAUAoBQCgFAKAUAoBQCgFAKAUAoBQCgFAKAUAoBQCgFAKAUAoBQCgFAKAUAoBQCgFAKAUAoBQCgFAKAUAoBQCgP/9k="
            ],
            "searchTags": [
                "Body wash SOAP",
                "Sandel Soap",
                "Soap"
            ],
            "reviews": [
                {
                    "reviewId": 1771,
                    "shopperId": 24765,
                    "shopperName": "sam thiru",
                    "heading": "wedw",
                    "description": "dwdwd",
                    "rating": 1.0,
                    "dateTime": "2023-12-25T08:52:10.252"
                },
                {
                    "reviewId": 1967,
                    "shopperId": 28200,
                    "shopperName": "Aakanksha",
                    "heading": "very good",
                    "description": "Product is very good",
                    "rating": 4.0,
                    "dateTime": "2023-12-27T13:07:22.027"
                },
                {
                    "reviewId": 2486,
                    "shopperId": 24456,
                    "shopperName": "hjjyf",
                    "heading": "quality",
                    "description": "Good",
                    "rating": 3.0,
                    "dateTime": "2024-01-04T07:48:59.68"
                },
                {
                    "reviewId": 3545,
                    "shopperId": 38638,
                    "shopperName": "string",
                    "heading": "string",
                    "description": "string",
                    "rating": 0.0,
                    "dateTime": "2024-02-07T21:18:42.425"
                },
                {
                    "reviewId": 4141,
                    "shopperId": 40089,
                    "shopperName": "omkar",
                    "heading": "string",
                    "description": "awesome",
                    "rating": 0.0,
                    "dateTime": "2024-02-17T11:07:29.601"
                },
                {
                    "reviewId": 5663,
                    "shopperId": 23476,
                    "shopperName": "snehat",
                    "heading": "feedbakkkkkkkkkkkkkkkkkkkkkkkkkkkkkkkkk",
                    "description": "Average product",
                    "rating": 3.6,
                    "dateTime": "2024-03-20T15:38:22"
                },
                {
                    "reviewId": 5805,
                    "shopperId": 34399,
                    "shopperName": "vidya",
                    "heading": "Worthy",
                    "description": "Good",
                    "rating": 5.0,
                    "dateTime": "2024-03-21T22:53:04.606"
                },
                {
                    "reviewId": 6258,
                    "shopperId": 57519,
                    "shopperName": "Dhruvi",
                    "heading": "Review for product",
                    "description": "This is best product",
                    "rating": 4.0,
                    "dateTime": "2024-03-29T14:15:58.645"
                },
                {
                    "reviewId": 6539,
                    "shopperId": 59247,
                    "shopperName": "string",
                    "heading": "Satisfied",
                    "description": "Good",
                    "rating": 4.0,
                    "dateTime": "2024-04-20T16:34:08.482"
                },
                {
                    "reviewId": 6885,
                    "shopperId": 62950,
                    "shopperName": "string",
                    "heading": "string",
                    "description": "string",
                    "rating": 0.0,
                    "dateTime": "2024-04-29T08:39:44.13"
                },
                {
                    "reviewId": 7298,
                    "shopperId": 65943,
                    "shopperName": "string",
                    "heading": "string",
                    "description": "deleevgood qaulity",
                    "rating": 2.0,
                    "dateTime": "2024-05-13T19:10:25.664"
                },
                {
                    "reviewId": 7397,
                    "shopperId": 65939,
                    "shopperName": "Shree",
                    "heading": "bad product",
                    "description": "cloth is not good",
                    "rating": 2.0,
                    "dateTime": "2024-05-18T19:44:00.032"
                }
            ],
            "createdDateTime": "2023-09-12T17:20:30.954",
            "zoneId": "ALPHA"
        },
        {
            "productId": 10,
            "name": "HP Envy x360 Ryzen 5 Hexa Core 5600U",
            "title": "HP Envy x360 Ryzen 5 Hexa Core 5600U",
            "description": "THOUGHTFULLY DESIGNED FOR CREATION - Watch your ideas come to life in vibrant , accurate color with the 4-way, FHD 1000 nits micro-edge Gorilla Glass touch display. The 360 degree hinge adapts so you can use touch and pen input at the same time to capture every intricate sketch with complete precision.",
            "rating": 3.8,
            "price": 94460.0,
            "offer": 5.0,
            "type": "laptop",
            "brand": "hp",
            "category": "electronics",
            "merchantId": 2,
            "quantity": 5,
            "status": "ACTIVE",
            "thumbnailURL": "https://rukminim1.flixcart.com/image/312/312/l2ghgnk0/computer/v/3/7/-original-imagdsjsjszc65fh.jpeg?q=70",
            "productImageURLs": [
                "https://rukminim1.flixcart.com/image/832/832/l2ghgnk0/computer/d/x/v/-original-imagdsjsuqxgegnf.jpeg?q=70",
                "https://rukminim1.flixcart.com/image/832/832/l2ghgnk0/computer/6/q/u/-original-imagdsjsyhhghb5v.jpeg?q=70",
                "https://rukminim1.flixcart.com/image/832/832/l2ghgnk0/computer/z/0/6/-original-imagdsjsgbjzjynm.jpeg?q=70",
                "https://rukminim1.flixcart.com/image/832/832/l2ghgnk0/computer/b/r/h/-original-imagdsjs7qtn6dhv.jpeg?q=70",
                "https://rukminim1.flixcart.com/image/832/832/l2ghgnk0/computer/v/3/7/-original-imagdsjsjszc65fh.jpeg?q=70"
            ],
            "searchTags": [
                "touch screen laptop",
                "touch",
                "laptops",
                "x360",
                "x",
                "envy x360",
                "envy x",
                "envy",
                "hp envy x360",
                "hp envy x",
                "hp envy",
                "laptop",
                "electronics",
                "hp"
            ],
            "reviews": [
                {
                    "reviewId": 165,
                    "shopperId": 323,
                    "shopperName": "Anon",
                    "heading": "Review for product",
                    "description": "Good",
                    "rating": 3.0,
                    "dateTime": "2023-09-18T21:00:12.257"
                },
                {
                    "reviewId": 1443,
                    "shopperId": 5037,
                    "shopperName": "kruthika",
                    "heading": "abcd",
                    "description": "product quality will be good",
                    "rating": 3.0,
                    "dateTime": "2023-12-04T14:38:59.204"
                },
                {
                    "reviewId": 1821,
                    "shopperId": 27174,
                    "shopperName": "its dontknow",
                    "heading": "bad quality",
                    "description": "slow processing",
                    "rating": 1.0,
                    "dateTime": "2023-12-25T11:31:14.645"
                },
                {
                    "reviewId": 1934,
                    "shopperId": 27179,
                    "shopperName": "Shai khan",
                    "heading": "worst quality product",
                    "description": "not working",
                    "rating": 1.0,
                    "dateTime": "2023-12-26T10:54:24.958"
                },
                {
                    "reviewId": 1952,
                    "shopperId": 331,
                    "shopperName": "hgjvn",
                    "heading": "quality",
                    "description": "Good",
                    "rating": 3.0,
                    "dateTime": "2023-12-26T13:10:29.092"
                },
                {
                    "reviewId": 5994,
                    "shopperId": 21341,
                    "shopperName": "Chitra",
                    "heading": "Good",
                    "description": "The Product is Good",
                    "rating": 4.0,
                    "dateTime": "2024-03-23T10:17:58.424"
                },
                {
                    "reviewId": 6089,
                    "shopperId": 7685,
                    "shopperName": "Paras",
                    "heading": "Product Review",
                    "description": "Good",
                    "rating": 5.0,
                    "dateTime": "2024-03-23T22:31:25.299"
                },
                {
                    "reviewId": 6447,
                    "shopperId": 49420,
                    "shopperName": "random",
                    "heading": "about quality",
                    "description": "nice",
                    "rating": 4.0,
                    "dateTime": "2024-04-17T18:38:35.902"
                },
                {
                    "reviewId": 7248,
                    "shopperId": 65938,
                    "shopperName": "subhash",
                    "heading": "Great",
                    "description": "Good Product ",
                    "rating": 4.5,
                    "dateTime": "2024-05-11T20:07:14.678"
                },
                {
                    "reviewId": 7300,
                    "shopperId": 58911,
                    "shopperName": "guptastore",
                    "heading": "good",
                    "description": "quality is good",
                    "rating": 4.5,
                    "dateTime": "2024-05-14T11:43:43.51"
                },
                {
                    "reviewId": 7429,
                    "shopperId": 65934,
                    "shopperName": "Poorvi",
                    "heading": "Very Bad..!",
                    "description": "bad product",
                    "rating": 1.0,
                    "dateTime": "2024-05-18T21:12:00.135"
                },
                {
                    "reviewId": 7459,
                    "shopperId": 78631,
                    "shopperName": "Demo",
                    "heading": "not good",
                    "description": "worst",
                    "rating": 10.0,
                    "dateTime": "2024-05-20T12:25:56.394"
                },
                {
                    "reviewId": 7889,
                    "shopperId": 62789,
                    "shopperName": "Dinesh Makvana",
                    "heading": "Nice",
                    "description": "Good Product",
                    "rating": 4.5,
                    "dateTime": "2024-05-25T21:03:00.358"
                },
                {
                    "reviewId": 8156,
                    "shopperId": 78447,
                    "shopperName": "kavita sharma",
                    "heading": "good product",
                    "description": "good",
                    "rating": 4.0,
                    "dateTime": "2024-06-01T15:45:07.271"
                }
            ],
            "createdDateTime": "2023-09-12T17:20:31.152",
            "zoneId": "ALPHA"
        },
        {
            "productId": 11,
            "name": "APPLE 2021 Macbook Pro M1 Max",
            "title": "APPLE 2021 Macbook Pro M1 Max",
            "description": "The new M2 chip makes the 13‑inch MacBook Pro more capable than ever. The same compact design supports up to 20 hours of battery life1 and an active cooling system to sustain enhanced performance. Featuring a brilliant Retina display, a FaceTime HD camera, and studio‑quality mics, it’s our most portable pro laptop.",
            "rating": 3.7,
            "price": 329900.0,
            "offer": 6.0,
            "type": "laptop",
            "brand": "apple",
            "category": "electronics",
            "merchantId": 2,
            "quantity": 5,
            "status": "ACTIVE",
            "thumbnailURL": "https://rukminim1.flixcart.com/image/312/312/kuyf8nk0/computer/3/n/s/mk183hn-a-laptop-apple-original-imag7yzkbgbwvwq3.jpeg?q=70",
            "productImageURLs": [
                "https://rukminim1.flixcart.com/image/832/832/kuyf8nk0/computer/y/w/z/mk183hn-a-laptop-apple-original-imag7yzkwndcgnju.jpeg?q=70",
                "https://rukminim1.flixcart.com/image/832/832/kuyf8nk0/computer/w/k/z/mk183hn-a-laptop-apple-original-imag7yzkzk2u9ku7.jpeg?q=70",
                "https://rukminim1.flixcart.com/image/832/832/kuyf8nk0/computer/7/m/q/mk183hn-a-laptop-apple-original-imag7yzkuznnfkye.jpeg?q=70",
                "https://rukminim1.flixcart.com/image/832/832/kuyf8nk0/computer/c/b/r/mk183hn-a-laptop-apple-original-imag7yzkffcd2aqs.jpeg?q=70",
                "https://rukminim1.flixcart.com/image/832/832/kuyf8nk0/computer/3/n/s/mk183hn-a-laptop-apple-original-imag7yzkbgbwvwq3.jpeg?q=70"
            ],
            "searchTags": [
                "pro m1",
                "pro",
                "macbook pro m1",
                "macbook pro",
                "macbook",
                "apple macbook pro m1",
                "apple macbook pro",
                "apple macbook",
                "apple",
                "laptops",
                "laptop",
                "electronics"
            ],
            "reviews": [
                {
                    "reviewId": 1933,
                    "shopperId": 27219,
                    "shopperName": "Eva Late",
                    "heading": "Good",
                    "description": "Product is good",
                    "rating": 5.0,
                    "dateTime": "2023-12-26T10:40:20.637"
                },
                {
                    "reviewId": 2814,
                    "shopperId": 32452,
                    "shopperName": "Mugilan",
                    "heading": "Price is too high",
                    "description": "Not that much good",
                    "rating": 2.0,
                    "dateTime": "2024-01-15T13:45:39.069"
                },
                {
                    "reviewId": 2960,
                    "shopperId": 37528,
                    "shopperName": "manthra Sai",
                    "heading": "good",
                    "description": "good product, worth the money",
                    "rating": 5.0,
                    "dateTime": "2024-01-30T08:27:04.579"
                },
                {
                    "reviewId": 3336,
                    "shopperId": 38058,
                    "shopperName": "string",
                    "heading": "string",
                    "description": "Product is pathetic",
                    "rating": 0.0,
                    "dateTime": "2024-02-03T15:23:51.939"
                },
                {
                    "reviewId": 3667,
                    "shopperId": 38084,
                    "shopperName": "string",
                    "heading": "string",
                    "description": "string",
                    "rating": 4.0,
                    "dateTime": "2024-02-09T16:23:35.856"
                },
                {
                    "reviewId": 4143,
                    "shopperId": 22951,
                    "shopperName": "sahana",
                    "heading": "string",
                    "description": "good Product",
                    "rating": 4.0,
                    "dateTime": "2024-02-17T13:41:24.022"
                },
                {
                    "reviewId": 4159,
                    "shopperId": 22963,
                    "shopperName": "Ashwin",
                    "heading": "apple macbook pro",
                    "description": "nyc",
                    "rating": 5.0,
                    "dateTime": "2024-02-19T12:59:56.403"
                },
                {
                    "reviewId": 6393,
                    "shopperId": 58910,
                    "shopperName": "SharanyaG",
                    "heading": "Iphone",
                    "description": "Very Nice Product",
                    "rating": 4.0,
                    "dateTime": "2024-04-15T19:31:41.701"
                },
                {
                    "reviewId": 7402,
                    "shopperId": 38232,
                    "shopperName": "Sujata",
                    "heading": "Good",
                    "description": "product quality is good, fabric is also nice",
                    "rating": 4.0,
                    "dateTime": "2024-05-18T19:52:38.477"
                },
                {
                    "reviewId": 7593,
                    "shopperId": 79449,
                    "shopperName": "Kavitha p",
                    "heading": "Worth Buying",
                    "description": "Item Package is awsome",
                    "rating": 4.0,
                    "dateTime": "2024-05-23T20:54:05.127"
                },
                {
                    "reviewId": 7985,
                    "shopperId": 79571,
                    "shopperName": "Alok",
                    "heading": "Not that good",
                    "description": "updated review",
                    "rating": 3.0,
                    "dateTime": "2024-05-28T11:56:10.464"
                },
                {
                    "reviewId": 8077,
                    "shopperId": 331,
                    "shopperName": "ghg",
                    "heading": "good",
                    "description": "quality of the product",
                    "rating": 4.0,
                    "dateTime": "2024-05-30T10:19:41.286"
                },
                {
                    "reviewId": 8095,
                    "shopperId": 65866,
                    "shopperName": "nbiyuor",
                    "heading": "good",
                    "description": "quality of the product",
                    "rating": 4.5,
                    "dateTime": "2024-05-30T10:33:16.97"
                }
            ],
            "createdDateTime": "2023-09-12T17:20:31.357",
            "zoneId": "ALPHA"
        },
        {
            "productId": 12,
            "name": "Lakme Matte Lipstick",
            "title": "Lakme Forever Matte Lipstick",
            "description": "Gives a Matte finish look\nTexture is: Liquid\nQuantity: 11.2 ml",
            "rating": 2.7,
            "price": 442.0,
            "offer": 2.0,
            "type": "lipstick",
            "brand": "lakme",
            "category": "beauty",
            "merchantId": 2,
            "quantity": 30,
            "status": "ACTIVE",
            "thumbnailURL": "https://rukminim1.flixcart.com/image/832/832/l572ufk0/lipstick/w/w/r/11-2-forever-matte-lipstick-lakme-original-imagfxbgmznjh4wc.jpeg?q=70",
            "productImageURLs": [
                "https://rukminim1.flixcart.com/image/832/832/xif0q/lipstick/n/t/t/-original-imaghyqjtmxufzfw.jpeg?q=70",
                "https://rukminim1.flixcart.com/image/832/832/l572ufk0/lipstick/w/w/r/11-2-forever-matte-lipstick-lakme-original-imagfxbgmznjh4wc.jpeg?q=70",
                "https://rukminim1.flixcart.com/image/832/832/xif0q/lipstick/v/s/o/-original-imaghyqjpuswem3s.jpeg?q=70"
            ],
            "searchTags": [
                "nude lipstick",
                "red lipstick",
                "matte lipstick",
                "lakme",
                "lipstick"
            ],
            "reviews": [
                {
                    "reviewId": 1454,
                    "shopperId": 19647,
                    "shopperName": "Pranav",
                    "heading": "Review",
                    "description": "good",
                    "rating": 3.0,
                    "dateTime": "2023-12-05T21:38:07.622"
                },
                {
                    "reviewId": 1909,
                    "shopperId": 24263,
                    "shopperName": "hello",
                    "heading": "nice",
                    "description": "good",
                    "rating": 4.0,
                    "dateTime": "2023-12-26T07:52:16.057"
                },
                {
                    "reviewId": 2498,
                    "shopperId": 28836,
                    "shopperName": "chaithra CNN",
                    "heading": "Excellent",
                    "description": "Don't apply more it effects skin disease",
                    "rating": 0.0,
                    "dateTime": "2024-01-04T11:17:07.963"
                },
                {
                    "reviewId": 2525,
                    "shopperId": 15009,
                    "shopperName": "SHIVANI",
                    "heading": "QUALITY",
                    "description": "VERY GOOD QUALITY",
                    "rating": 4.0,
                    "dateTime": "2024-01-05T07:30:18.827"
                },
                {
                    "reviewId": 6279,
                    "shopperId": 57161,
                    "shopperName": "Anne Veronica",
                    "heading": "n",
                    "description": "n",
                    "rating": 0.0,
                    "dateTime": "2024-04-03T13:59:25.442"
                },
                {
                    "reviewId": 8091,
                    "shopperId": 79554,
                    "shopperName": "bru",
                    "heading": "Good",
                    "description": "Quality of the product",
                    "rating": 4.0,
                    "dateTime": "2024-05-30T10:29:12.954"
                },
                {
                    "reviewId": 8093,
                    "shopperId": 79550,
                    "shopperName": "azzz",
                    "heading": "Bad",
                    "description": "Quality",
                    "rating": 4.0,
                    "dateTime": "2024-05-30T10:31:35.873"
                }
            ],
            "createdDateTime": "2023-09-12T17:20:31.569",
            "zoneId": "ALPHA"
        },
        {
            "productId": 13,
            "name": "Jaquline USA",
            "title": "Jaquline USA  Flirty Lips Matty Matte Lip Crayon Pack Of 3 Lipstic",
            "description": "Gives a Matte finish look\nTexture is: Crayon\nQuantity: 3",
            "rating": 2.5,
            "price": 678.0,
            "offer": 4.0,
            "type": "lipstick",
            "brand": "jaqulineusa",
            "category": "beauty",
            "merchantId": 2,
            "quantity": 12,
            "status": "ACTIVE",
            "thumbnailURL": "https://rukminim1.flixcart.com/image/832/832/xif0q/lipstick/m/h/b/-original-imagha8hnp9j3aqt.jpeg?q=70",
            "productImageURLs": [
                "https://rukminim1.flixcart.com/image/832/832/xif0q/lipstick/7/m/6/-original-imagha8hfby9y7am.jpeg?q=70",
                "https://rukminim1.flixcart.com/image/832/832/xif0q/lipstick/5/m/r/-original-imagha8hqe76n6uw.jpeg?q=70",
                "https://rukminim1.flixcart.com/image/832/832/xif0q/lipstick/p/o/7/-original-imagha8hrtkhgzxm.jpeg?q=70",
                "https://rukminim1.flixcart.com/image/832/832/xif0q/lipstick/k/y/3/-original-imagha8hun5vkext.jpeg?q=70",
                "https://rukminim1.flixcart.com/image/832/832/xif0q/lipstick/m/h/b/-original-imagha8hnp9j3aqt.jpeg?q=70"
            ],
            "searchTags": [
                "matte lipstick",
                "jaquline usa",
                "combo lipstick",
                "lipstick"
            ],
            "reviews": [
                {
                    "reviewId": 3671,
                    "shopperId": 38054,
                    "shopperName": "Sushmitha",
                    "heading": "Good",
                    "description": "Quality is good, it is as shown in the picture",
                    "rating": 3.0,
                    "dateTime": "2024-02-09T16:33:15.437"
                },
                {
                    "reviewId": 4801,
                    "shopperId": 50354,
                    "shopperName": "abc",
                    "heading": "Product Review",
                    "description": "Average Product",
                    "rating": 2.0,
                    "dateTime": "2024-03-15T08:00:18.054"
                }
            ],
            "createdDateTime": "2023-09-12T17:20:31.767",
            "zoneId": "ALPHA"
        },
        {
            "productId": 14,
            "name": "Blushis",
            "title": "blushis Liquid Matte Lipsticks Combo",
            "description": "Gives a Matte finish look,\nTexture is: Liquid,\nQuantity: 16 ml,\n\nLiquid lipsticks combo set 4",
            "rating": 2.7,
            "price": 875.0,
            "offer": 4.0,
            "type": "lipstick",
            "brand": "blushis",
            "category": "beauty",
            "merchantId": 2,
            "quantity": 12,
            "status": "ACTIVE",
            "thumbnailURL": "https://rukminim1.flixcart.com/image/832/832/l4ln8nk0/lipstick/g/a/7/16-non-transfer-insta-beauty-waterproof-sensational-liquid-matte-original-imagfghxhyegbwdy.jpeg?q=70",
            "productImageURLs": [
                "https://rukminim1.flixcart.com/image/832/832/l4ln8nk0/lipstick/e/1/h/16-non-transfer-insta-beauty-waterproof-sensational-liquid-matte-original-imagfghxahsjg9vw.jpeg?q=70",
                "https://rukminim1.flixcart.com/image/832/832/l4ln8nk0/lipstick/g/a/7/16-non-transfer-insta-beauty-waterproof-sensational-liquid-matte-original-imagfghxhyegbwdy.jpeg?q=70"
            ],
            "searchTags": [
                "matte lipstick",
                "lipstick"
            ],
            "reviews": [
                {
                    "reviewId": 5103,
                    "shopperId": 21498,
                    "shopperName": "Chinmayee N",
                    "heading": "Worth Buying",
                    "description": "The product is nice.",
                    "rating": 4.5,
                    "dateTime": "2024-03-16T00:51:45.439"
                },
                {
                    "reviewId": 5740,
                    "shopperId": 40335,
                    "shopperName": "string",
                    "heading": "string",
                    "description": "string",
                    "rating": 0.0,
                    "dateTime": "2024-03-21T02:02:44.438"
                },
                {
                    "reviewId": 8129,
                    "shopperId": 62789,
                    "shopperName": "Dinesh Makvana",
                    "heading": "Worth Buying",
                    "description": "Product is good, Thank You!",
                    "rating": 3.5,
                    "dateTime": "2024-05-30T21:48:09.311"
                }
            ],
            "createdDateTime": "2023-09-12T17:20:31.977",
            "zoneId": "ALPHA"
        },
        {
            "productId": 15,
            "name": "Fair and handsome",
            "title": "FAIR AND HANDSOME 2X Spot Reduction |Men Face Cream Pack of 3",
            "description": "Through pioneering research by skin care experts from India and Australia, Fair and Handsome, 'the Radiance Cream for Men' has developed a breakthrough formulation for tough male skin. Powered by unique Pro PeptideTM , it helps transform mens tough skin and delivers 4 powerful benefits-Visible Radiance, reduces and controls excess oil on face, sun protection against harmful UVA/UVB rays and gives youthful look. Use twice daily for best results. Fair and Handsome is a pioneer and leader in mens fairness category and thus understands mens skin needs the best. Compared to womens skin, mens skin sweats more, has a top layer that is 20% thicker, secretes more oil, is rough and dry due to regular shaving and looks uneven. There is a need for specialised cream designed specially for mens tough skin. Organic Type: Natural. Fair and Handsome has a powerful pro peptide that helps transform mens tough skin and give radiance from within. With an advanced formulation the cream gives suoerior oil reduction and radiant skin in just 7 days as compared to womens cream.",
            "rating": 3.6,
            "price": 350.0,
            "offer": 0.0,
            "type": "cream",
            "brand": " fair and handsome",
            "category": "beauty",
            "merchantId": 2,
            "quantity": 10,
            "status": "ACTIVE",
            "thumbnailURL": "https://rukminim1.flixcart.com/image/832/832/xif0q/fairness/y/8/a/-original-imagg7pzn7nhhhxm.jpeg?q=70",
            "productImageURLs": [
                "https://rukminim1.flixcart.com/image/832/832/xif0q/fairness/t/n/s/-original-imaghbhfcwq3fqvq.jpeg?q=70",
                "https://rukminim1.flixcart.com/image/832/832/xif0q/fairness/r/t/c/-original-imaghbhfftzncztp.jpeg?q=70",
                "https://rukminim1.flixcart.com/image/832/832/xif0q/fairness/2/z/m/-original-imaghbhf4mje6hgw.jpeg?q=70",
                "https://rukminim1.flixcart.com/image/832/832/xif0q/fairness/j/3/u/-original-imaghbhf9j8rztxs.jpeg?q=70",
                "https://rukminim1.flixcart.com/image/832/832/xif0q/fairness/y/8/a/-original-imagg7pzn7nhhhxm.jpeg?q=70"
            ],
            "searchTags": [
                "mens cream",
                "face cream",
                " fair and handsome"
            ],
            "reviews": [
                {
                    "reviewId": 2281,
                    "shopperId": 9309,
                    "shopperName": "Yogita mali",
                    "heading": "Worst shopping experiance",
                    "description": "Very bad product.Do not buy.",
                    "rating": 0.0,
                    "dateTime": "2023-12-30T12:21:08.978"
                },
                {
                    "reviewId": 3280,
                    "shopperId": 38146,
                    "shopperName": "Nikita",
                    "heading": "must buy",
                    "description": "A very good product",
                    "rating": 4.0,
                    "dateTime": "2024-02-02T17:52:02.878"
                },
                {
                    "reviewId": 5114,
                    "shopperId": 40333,
                    "shopperName": "Padmasri",
                    "heading": "Nice",
                    "description": "Satisfied",
                    "rating": 4.0,
                    "dateTime": "2024-03-16T01:03:01.608"
                },
                {
                    "reviewId": 5221,
                    "shopperId": 50358,
                    "shopperName": "Amazon",
                    "heading": "Nice to have",
                    "description": "Product review, Item is good",
                    "rating": 5.0,
                    "dateTime": "2024-03-16T17:35:27.512"
                },
                {
                    "reviewId": 5767,
                    "shopperId": 50359,
                    "shopperName": "poonam",
                    "heading": "fashion2wear",
                    "description": "fabric good quality",
                    "rating": 4.0,
                    "dateTime": "2024-03-21T07:46:49.875"
                },
                {
                    "reviewId": 5835,
                    "shopperId": 40751,
                    "shopperName": "Neha",
                    "heading": "Worth buying",
                    "description": "This product is really great",
                    "rating": 4.5,
                    "dateTime": "2024-03-22T00:47:54.9"
                }
            ],
            "createdDateTime": "2023-09-12T17:20:32.187",
            "zoneId": "ALPHA"
        },
        {
            "productId": 16,
            "name": "POND's Bright Beauty Serum Cream Anti-Spot Fairness SPF",
            "title": "PONDs Bright Beauty Serum Cream Anti Spot Fairness SPF",
            "description": "In todays harsh sun, even just 10 minutes outside can lead to stubborn dark spots. Presenting ponds bright beauty, a revolutionary anti-spot solution bought to you by the ponds institute. Its anti-spot formula with pro-vitamin b3 is clinically proven to fade stubborn dark spots from within. Pro-vitamin b3 is a potent skin brightening agent proven to reduce stubborn dark spots from within to reveal beautiful and spot-less skin from outside. It brightens skin and dark spots by inhibiting the transfer of melanin to the surface of the skin revealing a clear and translucent spot-less complexion. It now comes with spf15 formula which blocks dark spot-causing harmful UV a, UV b sun rays. Take pearl sized amount of ponds bright beauty day cream onto your fingers. Apply a few dots of cream on your dark spots first, followed by rest of forehead, nose, both sides of cheek, chin and either side of neck. Massage evenly so that cream spreads equally and penetrates deep into your skin, especially dark spots. Do this every day to see your spot-less bright skin with a difference. Fades stubborn dark spots, gives you spot-less brightness - ponds bright beauty day cream. For best results, use daily along with pond's bright beauty face wash",
            "rating": 2.2,
            "price": 300.0,
            "offer": 12.0,
            "type": "cream",
            "brand": " ponds",
            "category": "beauty",
            "merchantId": 2,
            "quantity": 20,
            "status": "ACTIVE",
            "thumbnailURL": "https://rukminim1.flixcart.com/image/832/832/l09w8sw0/moisturizer-cream/t/f/l/-original-imagc3j9xev7dzzg.jpeg?q=70",
            "productImageURLs": [
                "https://rukminim1.flixcart.com/image/832/832/l09w8sw0/moisturizer-cream/s/f/j/-original-imagc3j9saxyy9dg.jpeg?q=70",
                "https://rukminim1.flixcart.com/image/832/832/l09w8sw0/moisturizer-cream/c/b/v/-original-imagc3j9xfwcn8fh.jpeg?q=70",
                "https://rukminim1.flixcart.com/image/832/832/l09w8sw0/moisturizer-cream/k/h/n/-original-imagc3j9dpuxbshq.jpeg?q=70",
                "https://rukminim1.flixcart.com/image/832/832/l09w8sw0/moisturizer-cream/t/f/l/-original-imagc3j9xev7dzzg.jpeg?q=70"
            ],
            "searchTags": [
                "brigth beauty cream",
                "women cream",
                "cream",
                "ponds"
            ],
            "reviews": [
                {
                    "reviewId": 2434,
                    "shopperId": 9309,
                    "shopperName": "Yogita mali",
                    "heading": "Worst shopping experiance",
                    "description": "Very bad product.Do not buy.",
                    "rating": 0.0,
                    "dateTime": "2024-01-02T19:32:18.274"
                },
                {
                    "reviewId": 5153,
                    "shopperId": 21498,
                    "shopperName": "Chinmayee N",
                    "heading": "Worth",
                    "description": "Good product & quality is also nice",
                    "rating": 4.0,
                    "dateTime": "2024-03-16T11:56:15.214"
                },
                {
                    "reviewId": 5539,
                    "shopperId": 34399,
                    "shopperName": "Vidya Geetha",
                    "heading": "Waste Money",
                    "description": "Not good",
                    "rating": 1.0,
                    "dateTime": "2024-03-18T23:14:31.77"
                },
                {
                    "reviewId": 5997,
                    "shopperId": 51373,
                    "shopperName": "shital",
                    "heading": "Worth",
                    "description": "The product is nice.",
                    "rating": 4.0,
                    "dateTime": "2024-03-23T10:36:37.469"
                }
            ],
            "createdDateTime": "2023-09-12T17:20:32.395",
            "zoneId": "ALPHA"
        },
        {
            "productId": 17,
            "name": "FOREVER 21 ",
            "title": "FOREVER 21  Casual Regular Sleeves Solid Women Black Top",
            "description": "Neck: Scoop Neck ,\nFit : Regular,\nFabric : Cotton Blend,\nColor : Black,",
            "rating": 3.2,
            "price": 493.0,
            "offer": 10.0,
            "type": "women-tshirt",
            "brand": "forever21",
            "category": "women",
            "merchantId": 2,
            "quantity": 12,
            "status": "ACTIVE",
            "thumbnailURL": "https://rukminim1.flixcart.com/image/832/832/l5iid8w0/top/i/w/5/s-59679101-forever-21-original-imagg66r6ntxhhfz.jpeg?q=70",
            "productImageURLs": [
                "https://rukminim1.flixcart.com/image/832/832/l5iid8w0/top/c/f/7/s-59679101-forever-21-original-imagg66rzgvdcw4r.jpeg?q=70",
                "https://rukminim1.flixcart.com/image/832/832/l5iid8w0/top/1/p/d/s-59679101-forever-21-original-imagg66rkcpfzjgp.jpeg?q=70",
                "https://rukminim1.flixcart.com/image/832/832/l5iid8w0/top/i/w/5/s-59679101-forever-21-original-imagg66r6ntxhhfz.jpeg?q=70",
                "https://rukminim1.flixcart.com/image/832/832/l5iid8w0/top/p/b/x/s-59679101-forever-21-original-imagg66rf7hxvqaz.jpeg?q=70"
            ],
            "searchTags": [
                "forever21",
                "black top",
                "top"
            ],
            "reviews": [
                {
                    "reviewId": 1773,
                    "shopperId": 24718,
                    "shopperName": "Nikita Ravi",
                    "heading": "nice",
                    "description": "good product",
                    "rating": 4.0,
                    "dateTime": "2023-12-25T08:53:28.827"
                },
                {
                    "reviewId": 2039,
                    "shopperId": 11010,
                    "shopperName": "murshida",
                    "heading": "about product",
                    "description": "very bad",
                    "rating": 1.0,
                    "dateTime": "2023-12-28T21:01:54.808"
                },
                {
                    "reviewId": 6428,
                    "shopperId": 59240,
                    "shopperName": "stringmyslef",
                    "heading": "exc",
                    "description": "very good",
                    "rating": 4.0,
                    "dateTime": "2024-04-16T11:37:01.813"
                },
                {
                    "reviewId": 7784,
                    "shopperId": 78993,
                    "shopperName": "Rajput Anjali",
                    "heading": "The Product quality is good",
                    "description": "FOREVER 21  Casual Regular Sleeves Solid Women Black Top",
                    "rating": 4.0,
                    "dateTime": "2024-05-25T14:21:32.821"
                }
            ],
            "createdDateTime": "2023-09-12T17:20:32.688",
            "zoneId": "ALPHA"
        },
        {
            "productId": 18,
            "name": "Fashion2wear ",
            "title": "Fashion2wear ",
            "description": "Neck: \nV-Neck,\nSleeve Style :\nBell Sleeves,\nSleeve Length: \nFull Sleeve,\nFit :\nRegular ,\nFabric: \nViscose Rayon, \nType :\nRegular Top :\nBelt Included :\nNo",
            "rating": 3.8,
            "price": 899.0,
            "offer": 5.0,
            "type": "women-tshirt",
            "brand": "fashion2wear ",
            "category": "women",
            "merchantId": 2,
            "quantity": 12,
            "status": "ACTIVE",
            "thumbnailURL": "https://rukminim1.flixcart.com/image/832/832/xif0q/top/7/t/j/xl-prachi-top-fashion2wear-original-imagh7ypxb4vznrt.jpeg?q=70",
            "productImageURLs": [
                "https://rukminim1.flixcart.com/image/832/832/xif0q/top/f/f/m/xl-prachi-top-fashion2wear-original-imagh7yprg6xffsr.jpeg?q=70",
                "https://rukminim1.flixcart.com/image/832/832/xif0q/top/m/k/0/xl-prachi-top-fashion2wear-original-imagh7ypmc6nmrat.jpeg?q=70",
                "https://rukminim1.flixcart.com/image/832/832/xif0q/top/7/t/j/xl-prachi-top-fashion2wear-original-imagh7ypxb4vznrt.jpeg?q=70"
            ],
            "searchTags": [
                "women top",
                "white top",
                "top"
            ],
            "reviews": [
                {
                    "reviewId": 461,
                    "shopperId": 5606,
                    "shopperName": "Pallavi",
                    "heading": "abcdefg",
                    "description": "xyz",
                    "rating": 5.0,
                    "dateTime": "2023-10-03T17:12:42.783"
                },
                {
                    "reviewId": 1775,
                    "shopperId": 11010,
                    "shopperName": "murshida",
                    "heading": "about product",
                    "description": "very bad",
                    "rating": 1.0,
                    "dateTime": "2024-01-02T19:34:38.995"
                },
                {
                    "reviewId": 1799,
                    "shopperId": 27278,
                    "shopperName": "Info tech",
                    "heading": "quality",
                    "description": "good",
                    "rating": 5.0,
                    "dateTime": "2023-12-25T11:29:54.731"
                },
                {
                    "reviewId": 2436,
                    "shopperId": 11010,
                    "shopperName": "murshida",
                    "heading": "Good quality",
                    "description": "it was very nice to use",
                    "rating": 3.0,
                    "dateTime": "2024-01-02T19:34:36.261"
                },
                {
                    "reviewId": 3909,
                    "shopperId": 22252,
                    "shopperName": "Bindu",
                    "heading": "good",
                    "description": "nice product",
                    "rating": 5.0,
                    "dateTime": "2024-02-13T22:06:38.117"
                }
            ],
            "createdDateTime": "2023-09-12T17:20:32.893",
            "zoneId": "ALPHA"
        },
        {
            "productId": 19,
            "name": "Skyasia",
            "title": "Women Printed Cotton Blend Anarkali Kurta With Attached Dupatta",
            "description": "Ideal For :\nWomen,\nLength Type :\nLong,\nBrand Color :\nBottle Green ,\nOccasion :\nFestive & Party ,\nPattern : \nPrinted, \nType: \nAnarkali, \nFabric :\nCotton Blend ,\nStyle :\nAnarkali with Duptta Set",
            "rating": 2.8,
            "price": 1299.0,
            "offer": 0.0,
            "type": "women-kruti",
            "brand": "skyasia",
            "category": "women",
            "merchantId": 2,
            "quantity": 12,
            "status": "ACTIVE",
            "thumbnailURL": "https://rukminim1.flixcart.com/image/832/832/xif0q/ethnic-set/o/x/4/4xl-bkgreen-baba-kurti-original-imagbxwtc3mh9xga-bb.jpeg?q=70",
            "productImageURLs": [
                "https://rukminim1.flixcart.com/image/832/832/l02r1jk0/ethnic-set/y/6/v/4xl-bkgreen-baba-kurti-original-imagbxwtdgq8unx2.jpeg?q=70",
                "https://rukminim1.flixcart.com/image/832/832/l02r1jk0/ethnic-set/s/5/u/4xl-bkgreen-baba-kurti-original-imagbxwtjwhgah2f.jpeg?q=70",
                "https://rukminim1.flixcart.com/image/832/832/l02r1jk0/ethnic-set/s/5/u/4xl-bkgreen-baba-kurti-original-imagbxwtjwhgah2f.jpeg?q=70",
                "https://rukminim1.flixcart.com/image/832/832/xif0q/ethnic-set/o/x/4/4xl-bkgreen-baba-kurti-original-imagbxwtc3mh9xga-bb.jpeg?q=70"
            ],
            "searchTags": [
                "women kurti",
                "Anarkali Kurta",
                "kutri"
            ],
            "reviews": [
                {
                    "reviewId": 2869,
                    "shopperId": 31435,
                    "shopperName": "Isha Vyas",
                    "heading": "About Quality",
                    "description": "Nice Product",
                    "rating": 4.0,
                    "dateTime": "2024-01-21T09:46:17.704"
                },
                {
                    "reviewId": 6610,
                    "shopperId": 59900,
                    "shopperName": "i am Shopper",
                    "heading": "Very Goody76t8uiok8ht6ioi9ju8u",
                    "description": "Good Fabricyj7thy89o09o8i6u8o-ki89y90p[",
                    "rating": 0.0,
                    "dateTime": "2024-04-22T11:28:42.765"
                },
                {
                    "reviewId": 7372,
                    "shopperId": 67400,
                    "shopperName": "Abinaya Rajan",
                    "heading": "good",
                    "description": "very good",
                    "rating": 5.0,
                    "dateTime": "2024-05-18T10:41:21.512"
                },
                {
                    "reviewId": 7492,
                    "shopperId": 79380,
                    "shopperName": "iron man",
                    "heading": "Awesome",
                    "description": "good product",
                    "rating": 5.0,
                    "dateTime": "2024-05-22T15:25:48.012"
                },
                {
                    "reviewId": 8099,
                    "shopperId": 79573,
                    "shopperName": "Harika",
                    "heading": "Good",
                    "description": "Quality of product",
                    "rating": 5.0,
                    "dateTime": "2024-05-30T11:39:42.496"
                }
            ],
            "createdDateTime": "2023-09-12T17:20:33.101",
            "zoneId": "ALPHA"
        },
        {
            "productId": 20,
            "name": "mokshi ",
            "title": "Women Printed Viscose Rayon Straight Kurta ",
            "description": "Length Type :\nCalf Length,\nBrand Color:\nLight Green,\nOccasion:\nCasual ,\nPattern: \nPrinted ,\nType: \nStraight , \nFabric : \nViscose Rayon,\nNeck : \nMandarin/Chinese Neck",
            "rating": 2.3,
            "price": 1677.0,
            "offer": 30.0,
            "type": "women-kruti",
            "brand": "mokshi ",
            "category": "women",
            "merchantId": 2,
            "quantity": 11,
            "status": "ACTIVE",
            "thumbnailURL": "https://rukminim1.flixcart.com/image/832/832/kqpj4i80/kurta/j/h/8/xl-ku632lgn-mokshi-original-imag4nmvvfny6vyf.jpeg?q=70",
            "productImageURLs": [
                "https://rukminim1.flixcart.com/image/832/832/kqpj4i80/kurta/s/a/p/xl-ku632lgn-mokshi-original-imag4nmvvpfx3dtz.jpeg?q=70",
                "https://rukminim1.flixcart.com/image/832/832/kqpj4i80/kurta/c/0/x/xl-ku632lgn-mokshi-original-imag4nmvjdjcjp8h.jpeg?q=70",
                "https://rukminim1.flixcart.com/image/832/832/kqpj4i80/kurta/y/l/s/xl-ku632lgn-mokshi-original-imag4nmvsfqjcnsf.jpeg?q=70",
                "https://rukminim1.flixcart.com/image/832/832/kqpj4i80/kurta/j/h/8/xl-ku632lgn-mokshi-original-imag4nmvvfny6vyf.jpeg?q=70"
            ],
            "searchTags": [
                "printed kurti",
                "mokshi",
                "green kurti",
                "kurti"
            ],
            "reviews": [
                {
                    "reviewId": 3485,
                    "shopperId": 37522,
                    "shopperName": "seshu",
                    "heading": "MyProducts",
                    "description": "Nice Product",
                    "rating": 3.0,
                    "dateTime": "2024-02-07T12:40:36.879"
                },
                {
                    "reviewId": 3662,
                    "shopperId": 9870,
                    "shopperName": "Megha",
                    "heading": "string",
                    "description": "Quality is good",
                    "rating": 4.0,
                    "dateTime": "2024-02-09T16:15:45.465"
                },
                {
                    "reviewId": 5850,
                    "shopperId": 55170,
                    "shopperName": "Mr Singh",
                    "heading": "GUCCI Perume",
                    "description": "Good Perfume",
                    "rating": 5.0,
                    "dateTime": "2024-03-22T08:07:24.26"
                }
            ],
            "createdDateTime": "2023-09-12T17:20:33.408",
            "zoneId": "ALPHA"
        },
        {
            "productId": 21,
            "name": "selvia Printed Spread Collar Casual Shirt",
            "title": "Women Regular Fit Printed Spread Collar Casual Shirt",
            "description": "Style Code :\n81TK2271,\nClosure :\nButton,\nFit : \nRegular ,\nFabric: \nPolyester, \nSleeve : \n3/4th Sleeve,\nPattern : \nPrinted",
            "rating": 0.0,
            "price": 599.0,
            "offer": 0.0,
            "type": "women-shirt",
            "brand": "selvia ",
            "category": "women",
            "merchantId": 2,
            "quantity": 11,
            "status": "ACTIVE",
            "thumbnailURL": "https://rukminim1.flixcart.com/image/832/832/k3uhhu80/shirt/g/z/b/xl-81tk2271-selvia-original-imafmvw4yn7mbhvh.jpeg?q=70",
            "productImageURLs": [
                "https://rukminim1.flixcart.com/image/832/832/k3uhhu80/shirt/g/z/b/xl-81tk2271-selvia-original-imafmm6nbajd7mqz.jpeg?q=70",
                "https://rukminim1.flixcart.com/image/832/832/k3uhhu80/shirt/g/z/b/xl-81tk2271-selvia-original-imafmm6npxs7nfbd.jpeg?q=70",
                "https://rukminim1.flixcart.com/image/832/832/k3uhhu80/shirt/g/z/b/xl-81tk2271-selvia-original-imafmm6napct55nw.jpeg?q=70",
                "https://rukminim1.flixcart.com/image/832/832/k3uhhu80/shirt/g/z/b/xl-81tk2271-selvia-original-imafmm6nrfby4jpz.jpeg?q=70",
                "https://rukminim1.flixcart.com/image/832/832/k3uhhu80/shirt/g/z/b/xl-81tk2271-selvia-original-imafmvw4yn7mbhvh.jpeg?q=70"
            ],
            "searchTags": [
                "selvia ",
                "women shirt"
            ],
            "reviews": [
                {
                    "reviewId": 5855,
                    "shopperId": 55170,
                    "shopperName": "Mr Singh",
                    "heading": "GUCCI Perume",
                    "description": "Good Perfume",
                    "rating": 5.0,
                    "dateTime": "2024-03-22T08:33:15.471"
                }
            ],
            "createdDateTime": "2023-09-12T17:20:33.616",
            "zoneId": "ALPHA"
        },
        {
            "productId": 22,
            "name": "Tokyo Talkies ",
            "title": "Women Regular Fit Checkered Cut Away Collar Casual Shirt",
            "description": "Style Code :\nTTSH001242 ,\nFit :\nRegular,\nFabric : \nCotton Blend ,\nSleeve :\nFull Sleeve ,\nPattern : \nCheckered, \nReversible : \nNo,\nCollar :\nCut Away",
            "rating": 1.0,
            "price": 389.0,
            "offer": 0.0,
            "type": "women-shirt",
            "brand": "tokyo talkies ",
            "category": "women",
            "merchantId": 2,
            "quantity": 11,
            "status": "ACTIVE",
            "thumbnailURL": "https://rukminim1.flixcart.com/image/832/832/xif0q/shirt/u/b/6/xs-ttsh001242-tokyo-talkies-original-imagdyajfmpm2dnn-bb.jpeg?q=70",
            "productImageURLs": [
                "https://rukminim1.flixcart.com/image/832/832/l2nmnww0/shirt/e/z/e/xs-ttsh001242-tokyo-talkies-original-imagdyajrqzdgjtk.jpeg?q=70",
                "https://rukminim1.flixcart.com/image/832/832/l2nmnww0/shirt/o/u/y/xs-ttsh001242-tokyo-talkies-original-imagdyajku7kzrhr.jpeg?q=70",
                "https://rukminim1.flixcart.com/image/832/832/l2nmnww0/shirt/2/r/y/xs-ttsh001242-tokyo-talkies-original-imagdyajhyuhd33m.jpeg?q=70",
                "https://rukminim1.flixcart.com/image/832/832/l2nmnww0/shirt/r/h/s/xs-ttsh001242-tokyo-talkies-original-imagdyajtdcrggsx.jpeg?q=70",
                "https://rukminim1.flixcart.com/image/832/832/xif0q/shirt/u/b/6/xs-ttsh001242-tokyo-talkies-original-imagdyajfmpm2dnn-bb.jpeg?q=70"
            ],
            "searchTags": [
                "tokyo talkies ",
                "women shirt"
            ],
            "reviews": [
                {
                    "reviewId": 6274,
                    "shopperId": 57597,
                    "shopperName": "Sai Baba",
                    "heading": "Nice Product",
                    "description": "Good",
                    "rating": 1.0,
                    "dateTime": "2024-04-01T11:40:13.644"
                }
            ],
            "createdDateTime": "2023-09-12T17:20:33.819",
            "zoneId": "ALPHA"
        },
        {
            "productId": 23,
            "name": "Men Regular Fit Solid Cut Away Collar Casual Shirt",
            "title": "Men Regular Fit Solid Cut Away Collar Casual Shirt",
            "description": "Olive green solid casual shirt, has a cutaway collar, long sleeves, button placket, curved hem, and 1 patch pocket. This shirt from Roadster will give you the perfect amount of comfort and durability. Rock this olive shirt with dark jeans and comfortable shoes next time youre looking for a casual weekend outfit.",
            "rating": 0.0,
            "price": 1999.0,
            "offer": 68.0,
            "type": "men-shirt",
            "brand": "roadster",
            "category": "men",
            "merchantId": 2,
            "quantity": 5,
            "status": "ACTIVE",
            "thumbnailURL": "https://rukminim1.flixcart.com/image/452/542/k12go7k0/shirt/g/w/p/42-9951619-roadster-original-imafknz5rug4hnbg.jpeg?q=50",
            "productImageURLs": [
                "https://rukminim1.flixcart.com/image/832/832/k12go7k0/shirt/g/w/p/42-9951619-roadster-original-imafknnmau72fvdg.jpeg?q=70",
                "https://rukminim1.flixcart.com/image/832/832/k12go7k0/shirt/g/w/p/42-9951619-roadster-original-imafknnhysyv4zf2.jpeg?q=70",
                "https://rukminim1.flixcart.com/image/832/832/k12go7k0/shirt/g/w/p/42-9951619-roadster-original-imafknnhsdsmwdk2.jpeg?q=70",
                "https://rukminim1.flixcart.com/image/832/832/k12go7k0/shirt/g/w/p/42-9951619-roadster-original-imafkpj7g2xbggbk.jpeg?q=70",
                "https://rukminim1.flixcart.com/image/832/832/k12go7k0/shirt/g/w/p/42-9951619-roadster-original-imafknz5rug4hnbg.jpeg?q=70"
            ],
            "searchTags": [
                "roadster olive green shirt",
                "olive green shirt",
                "olive green",
                "roadster shirts",
                "roadster shirt",
                "roadster",
                "shirts",
                "shirt",
                "men-shirt",
                "men shirt",
                "mens shirt",
                "mens",
                "men"
            ],
            "reviews": [
                
            ],
            "createdDateTime": "2023-09-12T17:20:34.018",
            "zoneId": "ALPHA"
        },
        {
            "productId": 24,
            "name": "Men Woven Design Silk Blend Straight Kurta  (Purple)",
            "title": "Men Woven Design Silk Blend Straight Kurta",
            "description": "Ideal For:\nMen,\nLength Type:\nKnee Length,\nBrand Color:\nPurple,\nOccasion:\nFestive & Party,\nPattern:\nWoven Design,\nType:\nStraight,\nFabric:\nSilk Blend,\nNeck:\nMandarin/Chinese Neck,\nSleeve:\nFull Sleeve,\nColor:\nPurple,\nNumber of Contents in Sales Package:\nPack of 1,\nFabric Care:\nWash with like colors,\nStyle Code:\nKO_637Purple,\nPackage contains:\n1 Kurta",
            "rating": 3.8,
            "price": 1799.0,
            "offer": 75.0,
            "type": "men-kruta",
            "brand": "jompers",
            "category": "men",
            "merchantId": 2,
            "quantity": 5,
            "status": "ACTIVE",
            "thumbnailURL": "https://rukminim1.flixcart.com/image/452/542/xif0q/kurta/g/w/d/xxl-ko-637purple-jompers-original-imafz2qk85uzxq5x-bb.jpeg?q=50",
            "productImageURLs": [
                "https://rukminim1.flixcart.com/image/832/832/kjiwfbk0-0/kurta/e/l/p/xxl-ko-637purple-jompers-original-imafz2qkx7bfw7dw.jpeg?q=70",
                "https://rukminim1.flixcart.com/image/832/832/kjiwfbk0-0/kurta/m/g/n/xxl-ko-637purple-jompers-original-imafz2qkzwe99zvd.jpeg?q=70",
                "https://rukminim1.flixcart.com/image/832/832/kjiwfbk0-0/kurta/s/x/t/xxl-ko-637purple-jompers-original-imafz2qkgyhf4c7t.jpeg?q=70",
                "https://rukminim1.flixcart.com/image/832/832/kjiwfbk0-0/kurta/j/o/u/xxl-ko-637purple-jompers-original-imafz2qk77syng3c.jpeg?q=70",
                "https://rukminim1.flixcart.com/image/832/832/xif0q/kurta/g/w/d/xxl-ko-637purple-jompers-original-imafz2qk85uzxq5x-bb.jpeg?q=70"
            ],
            "searchTags": [
                "purple",
                "jompers mens purple kurta",
                "mens purple kurta",
                "kurta purple",
                "purple kurta",
                "jompers kurta",
                "jompers",
                "kurta",
                "men kurta",
                "men-kurta",
                "mens kurta",
                "mens",
                "men"
            ],
            "reviews": [
                {
                    "reviewId": 1049,
                    "shopperId": 13896,
                    "shopperName": "Siddu kampli",
                    "heading": "Good",
                    "description": "Cloth quality is very good",
                    "rating": 5.0,
                    "dateTime": "2023-11-05T15:14:02.372"
                },
                {
                    "reviewId": 7640,
                    "shopperId": 55565,
                    "shopperName": "Rojalin",
                    "heading": "NICE",
                    "description": "Nice Product",
                    "rating": 5.0,
                    "dateTime": "2024-05-24T18:07:49.521"
                },
                {
                    "reviewId": 7870,
                    "shopperId": 78984,
                    "shopperName": "Ranveer Singh",
                    "heading": "3 Month Baad",
                    "description": "Theek thaak he tha Pehan kar bataunga",
                    "rating": 5.0,
                    "dateTime": "2024-05-25T19:24:41.349"
                },
                {
                    "reviewId": 8090,
                    "shopperId": 79581,
                    "shopperName": "Alex",
                    "heading": "Good",
                    "description": "Quality of the product",
                    "rating": 4.0,
                    "dateTime": "2024-05-30T10:26:28.456"
                }
            ],
            "createdDateTime": "2023-09-12T17:20:34.208",
            "zoneId": "ALPHA"
        },
        {
            "productId": 25,
            "name": "CUTIEKINS ",
            "title": "Girls Casual Polyester Ruffled Top ",
            "description": "brand : \nCUTIEKINS,\nstyle code : \nCK20210454_10-11Y , \nbrand color : \nRust & Green, \nsize: \n10 - 11 Years, \nideal for: \nGirls,  \ntype : \nRuffled Top,  \nprimary color: \nMulticolor",
            "rating": 2.8,
            "price": 599.0,
            "offer": 8.0,
            "type": "girls-tshirt",
            "brand": "cutiekins ",
            "category": "kids",
            "merchantId": 2,
            "quantity": 11,
            "status": "ACTIVE",
            "thumbnailURL": "https://rukminim1.flixcart.com/image/832/832/xif0q/kids-top/o/y/d/4-5-years-ck20210454-4-5y-cutiekins-original-imag8rhbubhwbqgu-bb.jpeg?q=70",
            "productImageURLs": [
                "https://rukminim1.flixcart.com/image/832/832/kvzkosw0/kids-top/s/a/o/4-5-years-ck20210454-4-5y-cutiekins-original-imag8rhbhytwshwh.jpeg?q=70",
                "https://rukminim1.flixcart.com/image/832/832/kvzkosw0/kids-top/w/7/r/4-5-years-ck20210454-4-5y-cutiekins-original-imag8rhbrzgmazgc.jpeg?q=70",
                "https://rukminim1.flixcart.com/image/832/832/kvzkosw0/kids-top/d/b/e/4-5-years-ck20210454-4-5y-cutiekins-original-imag8rhbap8x3yxz.jpeg?q=70",
                "https://rukminim1.flixcart.com/image/832/832/xif0q/kids-top/o/y/d/4-5-years-ck20210454-4-5y-cutiekins-original-imag8rhbubhwbqgu-bb.jpeg?q=70"
            ],
            "searchTags": [
                "top for girls",
                "cutiekins",
                "girls top"
            ],
            "reviews": [
                {
                    "reviewId": 1768,
                    "shopperId": 24721,
                    "shopperName": "varshitha vishwas",
                    "heading": "Nice",
                    "description": "nice product",
                    "rating": 4.5,
                    "dateTime": "2024-03-22T16:36:14.529"
                },
                {
                    "reviewId": 7015,
                    "shopperId": 30350,
                    "shopperName": "Sujan Raghavendra S",
                    "heading": "sdfghjhjkl",
                    "description": "dfghjkfghjkl",
                    "rating": 1.0,
                    "dateTime": "2024-05-20T15:10:46.444"
                }
            ],
            "createdDateTime": "2023-09-12T17:20:34.404",
            "zoneId": "ALPHA"
        },
        {
            "productId": 26,
            "name": "Niya ",
            "title": "Girls Party Rayon Ruffeld Top",
            "description": "brand: \nNiya,  \nstyle code : \n2257_PEACH,  \nbrand color: \nPEACH,  \nsize: \n12 - 13 Years,  \nideal for: \nGirls,  \ntype: \nRuffeld Top,   \nprimary color: \nPink",
            "rating": 5.0,
            "price": 699.0,
            "offer": 4.0,
            "type": "girls-tshirt",
            "brand": "niya ",
            "category": "kids",
            "merchantId": 2,
            "quantity": 11,
            "status": "ACTIVE",
            "thumbnailURL": "https://rukminim1.flixcart.com/image/832/832/l52sivk0/kids-top/w/k/b/7-8-years-2257-peach-niya-original-imagfu43zg2tdkhx.jpeg?q=70",
            "productImageURLs": [
                "https://rukminim1.flixcart.com/image/832/832/l52sivk0/kids-top/j/d/b/7-8-years-2257-peach-niya-original-imagfu43hvgymtqv.jpeg?q=70",
                "https://rukminim1.flixcart.com/image/832/832/l52sivk0/kids-top/q/w/d/7-8-years-2257-peach-niya-original-imagfu43vw2rffac.jpeg?q=70",
                "https://rukminim1.flixcart.com/image/832/832/l52sivk0/kids-top/q/w/d/7-8-years-2257-peach-niya-original-imagfu43vw2rffac.jpeg?q=70",
                "https://rukminim1.flixcart.com/image/832/832/l52sivk0/kids-top/w/k/b/7-8-years-2257-peach-niya-original-imagfu43zg2tdkhx.jpeg?q=70"
            ],
            "searchTags": [
                "niya tops",
                "pink top",
                "girls top"
            ],
            "reviews": [
                {
                    "reviewId": 1949,
                    "shopperId": 28136,
                    "shopperName": "Test shop",
                    "heading": "Dress",
                    "description": "good product",
                    "rating": 5.0,
                    "dateTime": "2023-12-26T12:22:33.939"
                },
                {
                    "reviewId": 5715,
                    "shopperId": 40750,
                    "shopperName": "Manasa",
                    "heading": "My Purchase",
                    "description": "good Product",
                    "rating": 5.0,
                    "dateTime": "2024-03-21T00:34:10.49"
                }
            ],
            "createdDateTime": "2023-09-12T17:20:34.636",
            "zoneId": "ALPHA"
        },
        {
            "productId": 27,
            "name": "Boys Printed Pure Cotton T Shirt  (Green, Pack of 1)",
            "title": "Boys Printed Pure Cotton T Shirt ",
            "description": "Brand:\nUS Polo Kids,\nStyle Code:\nUKTSHON0099,\nSize:\n3 - 4 Years,\nBrand Color:\nGreen,\nIdeal For:\nBoys,\nFabric:\nPure Cotton,\nPrimary Color:\nGreen,\nPattern:\nPrinted,\nFit:\nRegular,\nOccasion:\nCasual,\nType:\nRound Neck,\nSleeve Type:\nShort Sleeve,\nNumber of T-Shirts:\n1,\nFabric Care:\nGentle Machine Wash,\nReversible:\nNo,\nFabric Details:\n100% Cotton",
            "rating": 2.0,
            "price": 699.0,
            "offer": 38.0,
            "type": "boys-tshirt",
            "brand": "us polo kids ",
            "category": "kids",
            "merchantId": 2,
            "quantity": 5,
            "status": "ACTIVE",
            "thumbnailURL": "https://rukminim1.flixcart.com/image/452/542/l3vxbbk0/kids-t-shirt/c/i/a/-original-imagewpmbghzh5dx.jpeg?q=50",
            "productImageURLs": [
                "https://rukminim1.flixcart.com/image/832/832/l2xmqvk0/kids-t-shirt/8/n/s/4-5-years-uktshon0099-us-polo-kids-original-image6f3gntqhsay.jpeg?q=70",
                "https://rukminim1.flixcart.com/image/832/832/l2xmqvk0/kids-t-shirt/8/u/3/4-5-years-uktshon0099-us-polo-kids-original-image6f3n3fzhn7w.jpeg?q=70",
                "https://rukminim1.flixcart.com/image/832/832/l2xmqvk0/kids-t-shirt/8/u/3/4-5-years-uktshon0099-us-polo-kids-original-image6f3n3fzhn7w.jpeg?q=70",
                "https://rukminim1.flixcart.com/image/832/832/l2xmqvk0/kids-t-shirt/z/v/s/4-5-years-uktshon0099-us-polo-kids-original-image6f3zhgm5jtt.jpeg?q=70",
                "https://rukminim1.flixcart.com/image/832/832/l3vxbbk0/kids-t-shirt/c/i/a/-original-imagewpmbghzh5dx.jpeg?q=70"
            ],
            "searchTags": [
                "boys green tshirt",
                "green tshirt",
                "green",
                "kids green tshirt",
                "us polo boys tshirt",
                "us polo kids tshirt",
                "us polo kids",
                "us polo",
                "boys tshirt",
                "boys-tshirt",
                "tshirt",
                "boys",
                "kids"
            ],
            "reviews": [
                {
                    "reviewId": 6651,
                    "shopperId": 59247,
                    "shopperName": "string",
                    "heading": "Satisfied",
                    "description": "Good",
                    "rating": 2.0,
                    "dateTime": "2024-04-25T11:48:12.695"
                }
            ],
            "createdDateTime": "2023-09-12T17:20:34.838",
            "zoneId": "ALPHA"
        },
        {
            "productId": 29,
            "name": "KOTTY Regular Women Grey Jeans",
            "title": "Regular Women Grey Jeans",
            "description": "Style Code : \nKTTLADIESJEANS847, \nIdeal For : \nWomen, \nSuitable For : \nWestern Wear , \nPack Of: \n1, \nPocket Type : \nCurved Pocket,  \nPattern : \nSolid",
            "rating": 2.5,
            "price": 2200.0,
            "offer": 27.0,
            "type": "women-jeans",
            "brand": "kotty ",
            "category": "women",
            "merchantId": 2,
            "quantity": 9,
            "status": "ACTIVE",
            "thumbnailURL": "https://rukminim1.flixcart.com/image/832/832/xif0q/jean/5/1/u/24-kttladiesjeans847-kotty-original-imag6agfymywjjey-bb.jpeg?q=70",
            "productImageURLs": [
                "https://rukminim1.flixcart.com/image/832/832/kst9gnk0/jean/6/2/f/24-kttladiesjeans847-kotty-original-imag6agfhmu7dggz.jpeg?q=70",
                "https://rukminim1.flixcart.com/image/832/832/kst9gnk0/jean/i/b/k/24-kttladiesjeans847-kotty-original-imag6agfypzwmhng.jpeg?q=70",
                "https://rukminim1.flixcart.com/image/832/832/kst9gnk0/jean/e/m/v/24-kttladiesjeans847-kotty-original-imag6agfzqwa2crn.jpeg?q=70",
                "https://rukminim1.flixcart.com/image/832/832/xif0q/jean/5/1/u/24-kttladiesjeans847-kotty-original-imag6agfymywjjey-bb.jpeg?q=70"
            ],
            "searchTags": [
                "kotty",
                "women greay jeans",
                "women jeans"
            ],
            "reviews": [
                {
                    "reviewId": 243,
                    "shopperId": 3120,
                    "shopperName": "thanisha gangamma",
                    "heading": "----",
                    "description": "----",
                    "rating": 1.0,
                    "dateTime": "2023-09-21T15:05:43.269"
                },
                {
                    "reviewId": 1486,
                    "shopperId": 19746,
                    "shopperName": "Devendra",
                    "heading": "poor Product 29",
                    "description": "Product is not good",
                    "rating": 2.0,
                    "dateTime": "2023-12-04T17:57:50.649"
                },
                {
                    "reviewId": 1804,
                    "shopperId": 27204,
                    "shopperName": "narayana gowda",
                    "heading": "good",
                    "description": "good",
                    "rating": 3.0,
                    "dateTime": "2023-12-25T11:30:00.885"
                },
                {
                    "reviewId": 2138,
                    "shopperId": 26241,
                    "shopperName": "Yazhisai Selva",
                    "heading": "Good",
                    "description": "Its look priety .",
                    "rating": 4.0,
                    "dateTime": "2023-12-29T19:26:49.997"
                }
            ],
            "createdDateTime": "2023-09-12T17:20:35.25",
            "zoneId": "ALPHA"
        },
        {
            "productId": 30,
            "name": "APPLE iPhone 13 Pro max (Deep black, 250gb)",
            "title": "APPLE iPhone 13 Pro max",
            "description": "iPhone 13 Pro max. Capture incredible detail with a 48MP Main camera. Experience iPhone in a whole new way with Dynamic Island and Always-On display. Crash Detection, a new safety feature, calls for help when you can’t.",
            "rating": 3.1,
            "price": 179999.0,
            "offer": 3.0,
            "type": "mobile",
            "brand": "apple",
            "category": "electronics",
            "merchantId": 2,
            "quantity": 5,
            "status": "ACTIVE",
            "thumbnailURL": "https://m.media-amazon.com/images/I/61IJBsHm97L._SX679_.jpg",
            "productImageURLs": [
                "https://m.media-amazon.com/images/I/61IJBsHm97L._SX679_.jpg",
                "https://m.media-amazon.com/images/I/61rrisp8qiL._SX679_.jpg",
                "https://m.media-amazon.com/images/I/81HXViH8boL._SX679_.jpg",
                "https://m.media-amazon.com/images/I/812cOE51JEL._SX679_.jpg"
            ],
            "searchTags": [
                "phone",
                "mobiles",
                "mobile",
                "electronics",
                "13 pro max black",
                "13 pro",
                "13",
                "iphone 13 pro max black",
                "iphone 13 pro",
                "iphone 13",
                "iphone",
                "apple iphone 13 pro max black",
                "apple iphone 13 pro",
                "apple iphone 13",
                "apple iphone",
                "apple"
            ],
            "reviews": [
                {
                    "reviewId": 754,
                    "shopperId": 9874,
                    "shopperName": "Akshara Rana",
                    "heading": "Nice product",
                    "description": "It is in good condition",
                    "rating": 4.3,
                    "dateTime": "2023-10-13T21:46:26.463"
                },
                {
                    "reviewId": 2491,
                    "shopperId": 28858,
                    "shopperName": "sumit dey",
                    "heading": "best phone",
                    "description": "iphone",
                    "rating": 5.0,
                    "dateTime": "2024-01-04T09:54:36.801"
                },
                {
                    "reviewId": 6380,
                    "shopperId": 58037,
                    "shopperName": "Annapoorani",
                    "heading": "Recommendable",
                    "description": "Nice product satisfied",
                    "rating": 4.0,
                    "dateTime": "2024-04-14T22:28:48.591"
                }
            ],
            "createdDateTime": "2023-09-12T17:20:35.451",
            "zoneId": "ALPHA"
        },
        {
            "productId": 31,
            "name": "HP 15s- 11th Gen Intel Core i5 -8GB RAM/512GB SSD/32GB Intel Optane Memory 15.6inch(39.6cm)",
            "title": "HP 15s- 11th Gen Intel Core i5 -8GB RAM/512GB SSD/32GB Intel Optane Memory 15.6inch(39.6cm)",
            "description": "THOUGHTFULLY DESIGNED FOR CREATION - Watch your ideas come to life in vibrant , accurate color with the 4-way, FHD 1000 nits micro-edge Gorilla Glass touch display. The 360 degree hinge adapts so you can use touch and pen input at the same time to capture every intricate sketch with complete precision.",
            "rating": 0.0,
            "price": 94460.0,
            "offer": 5.0,
            "type": "laptop",
            "brand": "hp",
            "category": "electronics",
            "merchantId": 2,
            "quantity": 5,
            "status": "ACTIVE",
            "thumbnailURL": "https://m.media-amazon.com/images/I/91HuLUsVUDL._SX679_.jpg",
            "productImageURLs": [
                "https://m.media-amazon.com/images/I/91HuLUsVUDL._SX679_.jpg",
                "https://m.media-amazon.com/images/I/91LUlBSr3iL._SX679_.jpg",
                "https://m.media-amazon.com/images/I/91ucDK9rd7L._SX679_.jpg",
                "https://m.media-amazon.com/images/I/81b4mSyw+DL._SX679_.jpg"
            ],
            "searchTags": [
                "touch screen laptop",
                "touch",
                "laptops",
                "laptop",
                "electronics",
                "hp"
            ],
            "reviews": [
                
            ],
            "createdDateTime": "2023-09-12T17:20:35.662",
            "zoneId": "ALPHA"
        },
        {
            "productId": 32,
            "name": "samsung Galaxy M13 (Aqua Green, 6GB, 128GB Storage)",
            "title": "samsung Galaxy M13 ",
            "description": "\nCapture the world around you and enjoy a seamless utility experience with the Samsung Galaxy Z Flip4 smartphone. This smartphone features a mind-blowing 4.82 cm (1.9) Cover Screen so that you can conveniently use your photos or videos as the wallpaper of your choice. Also, this phone boasts a versatile FlexCam hands-free camera setup that allows you to capture delightful group shots, selfies and videos from a multitude of angels. Moreover, thanks to the small-size Flip design and water-resistant standards, you can easily slip it into your bag or pocket as well as use it in rainwater without worrying about getting damaged.",
            "rating": 3.0,
            "price": 89999.0,
            "offer": 11.0,
            "type": "mobile",
            "brand": "samsung",
            "category": "electronics",
            "merchantId": 2,
            "quantity": 5,
            "status": "ACTIVE",
            "thumbnailURL": "https://m.media-amazon.com/images/I/51tBNIuUY7L._SX679_.jpg",
            "productImageURLs": [
                "https://m.media-amazon.com/images/I/51tBNIuUY7L._SX679_.jpg",
                "https://m.media-amazon.com/images/I/51tBNIuUY7L._SX679_.jpg",
                "https://m.media-amazon.com/images/I/51tBNIuUY7L._SX679_.jpg"
            ],
            "searchTags": [
                "phone",
                "mobile",
                "electronics",
                "electronic",
                "galaxy m13",
                "galaxy",
                "samsung galaxy",
                "m13",
                "samsung m13"
            ],
            "reviews": [
                {
                    "reviewId": 2492,
                    "shopperId": 28858,
                    "shopperName": "sumit dey",
                    "heading": "worst performance",
                    "description": "ewre",
                    "rating": 3.0,
                    "dateTime": "2024-01-04T09:55:09.228"
                }
            ],
            "createdDateTime": "2023-09-12T17:20:35.863",
            "zoneId": "ALPHA"
        },
        {
            "productId": 33,
            "name": "Samsung Galaxy A03 Core (Copper Bronze, 2GB RAM, 32GB Storage)",
            "title": "Samsung Galaxy A03 Core (Copper Bronze, 2GB RAM, 32GB Storage)",
            "description": "\nCapture the world around you and enjoy a seamless utility experience with the Samsung Galaxy Z Flip4 smartphone. This smartphone features a mind-blowing 4.82 cm (1.9) Cover Screen so that you can conveniently use your photos or videos as the wallpaper of your choice. Also, this phone boasts a versatile FlexCam hands-free camera setup that allows you to capture delightful group shots, selfies and videos from a multitude of angels. Moreover, thanks to the small-size Flip design and water-resistant standards, you can easily slip it into your bag or pocket as well as use it in rainwater without worrying about getting damaged.",
            "rating": 0.0,
            "price": 89999.0,
            "offer": 11.0,
            "type": "mobile",
            "brand": "samsung",
            "category": "electronics",
            "merchantId": 2,
            "quantity": 5,
            "status": "ACTIVE",
            "thumbnailURL": "Samsung Galaxy A03 Core (Copper Bronze, 2GB RAM, 32GB Storage)",
            "productImageURLs": [
                "Samsung Galaxy A03 Core (Copper Bronze, 2GB RAM, 32GB Storage)",
                "https://m.media-amazon.com/images/I/61hsfayBTbL._SX679_.jpg"
            ],
            "searchTags": [
                "phone",
                "mobile",
                "electronics",
                "electronic",
                "galaxy a30",
                "galaxy",
                "samsung galaxy",
                "a30",
                "samsung a30"
            ],
            "reviews": null,
            "createdDateTime": "2023-09-12T17:20:36.065",
            "zoneId": "ALPHA"
        },
        {
            "productId": 34,
            "name": "APPLE iPhone 11 (Deep black, 250gb)",
            "title": "APPLE iPhone 11",
            "description": "iPhone 11. Capture incredible detail with a 48MP Main camera. Experience iPhone in a whole new way with Dynamic Island and Always-On display. Crash Detection, a new safety feature, calls for help when you can’t.",
            "rating": 3.0,
            "price": 179999.0,
            "offer": 3.0,
            "type": "mobile",
            "brand": "apple",
            "category": "electronics",
            "merchantId": 2,
            "quantity": 5,
            "status": "ACTIVE",
            "thumbnailURL": "https://images-eu.ssl-images-amazon.com/images/I/317JiGToz-L._SY445_SX342_QL70_FMwebp_.jpg",
            "productImageURLs": [
                "https://images-eu.ssl-images-amazon.com/images/I/317JiGToz-L._SY445_SX342_QL70_FMwebp_.jpg",
                "https://m.media-amazon.com/images/I/81hAAaDTJ5L._SX679_.jpg"
            ],
            "searchTags": [
                "phone",
                "mobiles",
                "mobile",
                "electronics",
                "11 white",
                "11 ",
                "11",
                "iphone 11 white",
                "iphone 11 ",
                "iphone 11",
                "iphone",
                "apple iphone 11 white",
                "apple iphone 11 ",
                "apple iphone 11",
                "apple iphone",
                "apple"
            ],
            "reviews": [
                {
                    "reviewId": 2587,
                    "shopperId": 26242,
                    "shopperName": "Amrutha",
                    "heading": "review",
                    "description": "Product Review",
                    "rating": 3.0,
                    "dateTime": "2024-01-06T20:42:24.259"
                }
            ],
            "createdDateTime": "2023-09-12T17:20:36.277",
            "zoneId": "ALPHA"
        },
        {
            "productId": 35,
            "name": "Boys  Collar Casual tShirt",
            "title": "Boys  Collar Casual tShirt",
            "description": "Pack of:\n1,\nStyle Code:\nABSFCSPFQ27802,\nClosure:\nButton,\nFit:\nRegular,\nFabric:\nPure Cotton,\nSleeve:\nFull Sleeve,\nPattern:\nPrinted,\nReversible:\nNo,\nCollar:\nButton Down,\nColor:\nMulticolor,\nFabric Care:\nGentle Machine Wash,\nSuitable For:\nWestern Wear",
            "rating": 0.0,
            "price": 1099.0,
            "offer": 60.0,
            "type": "boys-tshirt",
            "brand": "allen solly",
            "category": "kids",
            "merchantId": 2,
            "quantity": 5,
            "status": "ACTIVE",
            "thumbnailURL": "https://m.media-amazon.com/images/I/811fJRgOb0L._UX679_.jpg",
            "productImageURLs": [
                "https://m.media-amazon.com/images/I/811fJRgOb0L._UX679_.jpg",
                "https://m.media-amazon.com/images/I/811fJRgOb0L._UX679_.jpg",
                "https://m.media-amazon.com/images/I/811fJRgOb0L._UX679_.jpg"
            ],
            "searchTags": [
                "yellow shirts",
                "shirts",
                "tshirt",
                "allen solly",
                "boys tshirts",
                "boys tshirt",
                "boys-tshirts",
                "boys-tshirt",
                "kids"
            ],
            "reviews": [
                {
                    "reviewId": 7466,
                    "shopperId": 30350,
                    "shopperName": "Sujan Raghavendra S",
                    "heading": "bad",
                    "description": "quality",
                    "rating": 0.0,
                    "dateTime": "2024-05-20T16:02:14.347"
                }
            ],
            "createdDateTime": "2023-09-12T17:20:36.476",
            "zoneId": "ALPHA"
        },
        {
            "productId": 36,
            "name": "Naughty Ninos Store",
            "title": "Naughty Ninos Girls Blue Denim Jeggings for 5 to 15 Years",
            "description": "Brand :\nNaughty Ninos Store,\nStyle code: \nKeeva, \nSize: \n8 - 9 Years,  \nBrand color: \nPink,  \nLabel size: \n7,  \nIdeal for\nGirls\n, Primary product type : \nTrack pant, jeans",
            "rating": 5.0,
            "price": 1599.0,
            "offer": 10.0,
            "type": "girls-jeans",
            "brand": "Naughty Ninos Store ",
            "category": "kids",
            "merchantId": 2,
            "quantity": 60,
            "status": "ACTIVE",
            "thumbnailURL": "https://m.media-amazon.com/images/I/61WcMgOQj6L._UY879_.jpg",
            "productImageURLs": [
                "https://m.media-amazon.com/images/I/61WcMgOQj6L._UY879_.jpg",
                "https://m.media-amazon.com/images/I/616xWZvL5XL._UY879_.jpg",
                "https://m.media-amazon.com/images/I/51JcwmBb1DL._UY879_.jpg"
            ],
            "searchTags": [
                "girls pant",
                "girls jeans"
            ],
            "reviews": [
                {
                    "reviewId": 5259,
                    "shopperId": 40743,
                    "shopperName": "susmitha",
                    "heading": "worth buying ",
                    "description": "amazing product",
                    "rating": 5.0,
                    "dateTime": "2024-03-18T03:02:13.783"
                }
            ],
            "createdDateTime": "2023-09-12T17:20:36.681",
            "zoneId": "ALPHA"
        },
        {
            "productId": 37,
            "name": "Amazon Brand - Symbol Women Jeans",
            "title": "Amazon Brand - Symbol Women Jeans",
            "description": "Style Code : \nKTTLADIESJEANS694 ,\nIdeal For :\nWomen, \nSuitable For :\nWestern Wear ,\nPack Of :\n1,\nPattern : \nSolid,\nReversible : \nNo, \nClosure: \nButton, \nFabric : \nPure Cotton",
            "rating": 0.0,
            "price": 999.0,
            "offer": 10.0,
            "type": "women-jeans",
            "brand": "symbol",
            "category": "women",
            "merchantId": 2,
            "quantity": 11,
            "status": "ACTIVE",
            "thumbnailURL": "https://m.media-amazon.com/images/I/81QgQG0lP+L._UY879_.jpg",
            "productImageURLs": [
                "https://m.media-amazon.com/images/I/81QgQG0lP+L._UY879_.jpg",
                "https://m.media-amazon.com/images/I/91nu812I86L._UY879_.jpg",
                "https://m.media-amazon.com/images/I/91nu812I86L._UY879_.jpg"
            ],
            "searchTags": [
                "bule jeans for women",
                "symbol",
                "women jeans"
            ],
            "reviews": null,
            "createdDateTime": "2023-09-12T17:20:36.888",
            "zoneId": "ALPHA"
        },
        {
            "productId": 38,
            "name": "Levi's Women's 710 Super Skinny Fit Jeans",
            "title": "Levi's Women's 710 Super Skinny Fit Jeans",
            "description": "Style Code : \nKTTLADIESJEANS847, \nIdeal For : \nWomen, \nSuitable For : \nWestern Wear , \nPack Of: \n1, \nPocket Type : \nCurved Pocket,  \nPattern : \nSolid",
            "rating": 0.0,
            "price": 2200.0,
            "offer": 27.0,
            "type": "women-jeans",
            "brand": "levis",
            "category": "women",
            "merchantId": 2,
            "quantity": 9,
            "status": "ACTIVE",
            "thumbnailURL": "https://m.media-amazon.com/images/I/815iD4tzQaL._UY879_.jpg",
            "productImageURLs": [
                "https://m.media-amazon.com/images/I/815iD4tzQaL._UY879_.jpg",
                "https://m.media-amazon.com/images/I/81BW6jt3CNL._UY879_.jpg",
                "https://m.media-amazon.com/images/I/A1+OTxD0R9L._UY879_.jpg",
                "https://m.media-amazon.com/images/I/71BcfXHzf8L._UY879_.jpg"
            ],
            "searchTags": [
                "levis",
                "women greay jeans",
                "women jeans"
            ],
            "reviews": null,
            "createdDateTime": "2023-09-12T17:20:37.094",
            "zoneId": "ALPHA"
        },
        {
            "productId": 39,
            "name": "Boat smart watch",
            "title": "smart band",
            "description": "Your essential companion is now even more powerful. Introducing temperature sensing for deeper insights into women’s health.1 Crash Detection to get help in an emergency.2 Sleep stages to better understand your sleep. And new ways to train using the enhanced Workout app. The future of health never looked so good.",
            "rating": 0.0,
            "price": 45900.0,
            "offer": 3.0,
            "type": "watch",
            "brand": "apple",
            "category": "electronics",
            "merchantId": 2,
            "quantity": 5,
            "status": "ACTIVE",
            "thumbnailURL": "https://rukminim1.flixcart.com/image/312/312/xif0q/smartwatch/q/m/q/-original-imaghxg9cwddrghx.jpeg?q=70",
            "productImageURLs": [
                "https://rukminim1.flixcart.com/image/832/832/xif0q/smartwatch/d/f/x/-original-imaghxg9gkqypkv5.jpeg?q=70",
                "https://rukminim1.flixcart.com/image/832/832/xif0q/smartwatch/8/w/e/-original-imaghxg9jdjv5ysf.jpeg?q=70",
                "https://rukminim1.flixcart.com/image/832/832/xif0q/smartwatch/o/d/e/-original-imaghxg9jzmvytrc.jpeg?q=70",
                "https://rukminim1.flixcart.com/image/832/832/xif0q/smartwatch/e/w/n/-original-imaghxg9uthgnw2s.jpeg?q=70",
                "https://rukminim1.flixcart.com/image/832/832/xif0q/smartwatch/l/0/k/-original-imaghxg9vjgmyv9v.jpeg?q=70"
            ],
            "searchTags": [
                "black watch",
                "black",
                "smart watch",
                "smart",
                "smartwatch",
                "series 8",
                "watch series 8",
                "watch series",
                "apple watch series 8",
                "apple watch series",
                "apple watch",
                "apple",
                "watch",
                "electronics"
            ],
            "reviews": null,
            "createdDateTime": "2023-09-12T17:20:37.299",
            "zoneId": "ALPHA"
        },
        {
            "productId": 40,
            "name": "Boat smart watch",
            "title": "smart band",
            "description": "Your essential companion is now even more powerful. Introducing temperature sensing for deeper insights into women’s health.1 Crash Detection to get help in an emergency.2 Sleep stages to better understand your sleep. And new ways to train using the enhanced Workout app. The future of health never looked so good.",
            "rating": 1.0,
            "price": 45900.0,
            "offer": 3.0,
            "type": "watch",
            "brand": "boat",
            "category": "electronics",
            "merchantId": 2,
            "quantity": 5,
            "status": "ACTIVE",
            "thumbnailURL": "https://m.media-amazon.com/images/I/61IMRs+o0iL._SX679_.jpg",
            "productImageURLs": [
                "https://m.media-amazon.com/images/I/61IMRs+o0iL._SX679_.jpg",
                "https://m.media-amazon.com/images/I/91UJckBDRmL._SX679_.jpg",
                "https://m.media-amazon.com/images/I/61xpcLbq06L._SX679_.jpg",
                "https://m.media-amazon.com/images/I/713VjwfT8QL._SX679_.jpg"
            ],
            "searchTags": [
                "black watch",
                "black",
                "smart watch",
                "smart",
                "smartwatch",
                "boat watch series",
                "boat watch",
                "boat",
                "watch",
                "electronics"
            ],
            "reviews": [
                {
                    "reviewId": 2499,
                    "shopperId": 24402,
                    "shopperName": "vani",
                    "heading": "string",
                    "description": "very good",
                    "rating": 0.0,
                    "dateTime": "2024-03-23T14:31:38.775"
                },
                {
                    "reviewId": 4193,
                    "shopperId": 43602,
                    "shopperName": "Jimin",
                    "heading": "Fab",
                    "description": "uygyfty",
                    "rating": 2.0,
                    "dateTime": "2024-02-20T17:35:07.746"
                }
            ],
            "createdDateTime": "2023-09-12T17:20:37.5",
            "zoneId": "ALPHA"
        },
        {
            "productId": 41,
            "name": "Boat smart watch",
            "title": "smart band",
            "description": "Your essential companion is now even more powerful. Introducing temperature sensing for deeper insights into women’s health.1 Crash Detection to get help in an emergency.2 Sleep stages to better understand your sleep. And new ways to train using the enhanced Workout app. The future of health never looked so good.",
            "rating": 0.0,
            "price": 45900.0,
            "offer": 3.0,
            "type": "watch",
            "brand": "boat",
            "category": "electronics",
            "merchantId": 2,
            "quantity": 5,
            "status": "ACTIVE",
            "thumbnailURL": "https://m.media-amazon.com/images/I/61gscZYmaoL._SX679_.jpg",
            "productImageURLs": [
                "https://m.media-amazon.com/images/I/61gscZYmaoL._SX679_.jpg",
                "https://m.media-amazon.com/images/I/91oN7+DPoQL._SX679_.jpg",
                "https://m.media-amazon.com/images/I/91oN7+DPoQL._SX679_.jpg",
                "https://m.media-amazon.com/images/I/71fLVp5KuNL._SX679_.jpg"
            ],
            "searchTags": [
                "smart watch",
                "smart",
                "smartwatch",
                "boat watch series",
                "boat watch",
                "boat",
                "watch",
                "electronics"
            ],
            "reviews": [
                {
                    "reviewId": 1521,
                    "shopperId": 19883,
                    "shopperName": "Sushrith",
                    "heading": "worst product",
                    "description": "very bad product",
                    "rating": 0.0,
                    "dateTime": "2023-12-05T00:56:22.327"
                },
                {
                    "reviewId": 6733,
                    "shopperId": 62439,
                    "shopperName": "Narshimaraju_ballapura",
                    "heading": "Nicoduct",
                    "description": "Superproduct",
                    "rating": 2.5,
                    "dateTime": "2024-04-26T20:53:06.92"
                }
            ],
            "createdDateTime": "2023-09-12T17:20:37.706",
            "zoneId": "ALPHA"
        },
        {
            "productId": 42,
            "name": "Noise ColorFit Pulse Spo2 Smart Watch",
            "title": "Noise ColorFit Pulse Spo2 Smart Watch",
            "description": "Your essential companion is now even more powerful. Introducing temperature sensing for deeper insights into women’s health.1 Crash Detection to get help in an emergency.2 Sleep stages to better understand your sleep. And new ways to train using the enhanced Workout app. The future of health never looked so good.",
            "rating": 0.0,
            "price": 4900.0,
            "offer": 3.0,
            "type": "watch",
            "brand": "noise",
            "category": "electronics",
            "merchantId": 2,
            "quantity": 5,
            "status": "ACTIVE",
            "thumbnailURL": "https://m.media-amazon.com/images/I/61epn29QG0L._SX679_.jpg",
            "productImageURLs": [
                "https://m.media-amazon.com/images/I/61epn29QG0L._SX679_.jpg",
                "https://m.media-amazon.com/images/I/61bsENGKWjL._SX679_.jpg",
                "https://m.media-amazon.com/images/I/61q+hKZQuLL._SX679_.jpg",
                "https://m.media-amazon.com/images/I/61c6sVzeqwL._SX679_.jpg"
            ],
            "searchTags": [
                "black watch",
                "black",
                "smart watch",
                "smart",
                "smartwatch",
                "nosie watch series",
                "nosie watch",
                "nosie",
                "watch",
                "electronics"
            ],
            "reviews": [
                
            ],
            "createdDateTime": "2023-09-12T17:20:37.91",
            "zoneId": "ALPHA"
        },
        {
            "productId": 43,
            "name": "Noise ColorFit Pulse Spo2 Smart Watch",
            "title": "Noise ColorFit Pulse Spo2 Smart Watch",
            "description": "Your essential companion is now even more powerful. Introducing temperature sensing for deeper insights into women’s health.1 Crash Detection to get help in an emergency.2 Sleep stages to better understand your sleep. And new ways to train using the enhanced Workout app. The future of health never looked so good.",
            "rating": 2.0,
            "price": 2900.0,
            "offer": 3.0,
            "type": "watch",
            "brand": "nosie",
            "category": "electronics",
            "merchantId": 2,
            "quantity": 5,
            "status": "ACTIVE",
            "thumbnailURL": "https://m.media-amazon.com/images/I/61br13t0jtL._SX679_.jpg",
            "productImageURLs": [
                "https://m.media-amazon.com/images/I/61br13t0jtL._SX679_.jpg",
                "https://m.media-amazon.com/images/I/61Y8AehoD9L._SX679_.jpg",
                "https://m.media-amazon.com/images/I/71-GrEwLmxL._SX679_.jpg"
            ],
            "searchTags": [
                "smart watch",
                "smart",
                "smartwatch",
                "noise watch series",
                "noise watch",
                "noise",
                "watch",
                "electronics"
            ],
            "reviews": [
                {
                    "reviewId": 2494,
                    "shopperId": 28836,
                    "shopperName": "chaithra CNN",
                    "heading": "good",
                    "description": "nice products",
                    "rating": 2.0,
                    "dateTime": "2024-01-04T10:20:07.741"
                }
            ],
            "createdDateTime": "2023-09-12T17:20:38.118",
            "zoneId": "ALPHA"
        },
        {
            "productId": 44,
            "name": "ire-Boltt India's No 1 Smartwatch Brand Ring Bluetooth Calling",
            "title": "ire-Boltt India's No 1 Smartwatch Brand Ring Bluetooth Calling",
            "description": "Your essential companion is now even more powerful. Introducing temperature sensing for deeper insights into women’s health.1 Crash Detection to get help in an emergency.2 Sleep stages to better understand your sleep. And new ways to train using the enhanced Workout app. The future of health never looked so good.",
            "rating": 0.0,
            "price": 2500.0,
            "offer": 3.0,
            "type": "watch",
            "brand": "firebolt",
            "category": "electronics",
            "merchantId": 2,
            "quantity": 5,
            "status": "ACTIVE",
            "thumbnailURL": "https://m.media-amazon.com/images/I/612Vt0kgNeL._SX679_.jpg",
            "productImageURLs": [
                "https://m.media-amazon.com/images/I/715N++dXhiL._SX679_.jpg",
                "https://m.media-amazon.com/images/I/71RhC6NIPCL._SX679_.jpg",
                "https://m.media-amazon.com/images/I/71Vj+IKmmiL._SX679_.jpg"
            ],
            "searchTags": [
                "smart watch",
                "smart",
                "smartwatch",
                "firebolt",
                "watch",
                "electronics"
            ],
            "reviews": [
                
            ],
            "createdDateTime": "2023-09-12T17:20:38.32",
            "zoneId": "ALPHA"
        },
        {
            "productId": 46,
            "name": "FOREVER 21 ",
            "title": "Ribbed Polo Collar Crop Tshirt for Women",
            "description": "Neck: Scoop Neck ,\nFit : Regular,\nFabric : Cotton Blend,\nColor : purple,",
            "rating": 0.0,
            "price": 493.0,
            "offer": 10.0,
            "type": "women-tshirt",
            "brand": "forever21",
            "category": "women",
            "merchantId": 2,
            "quantity": 12,
            "status": "ACTIVE",
            "thumbnailURL": "https://m.media-amazon.com/images/I/51xY8mVKoSL._UY879_.jpg",
            "productImageURLs": [
                "https://m.media-amazon.com/images/I/51xY8mVKoSL._UY879_.jpg",
                "https://m.media-amazon.com/images/I/51wxp4n6zyL._UY879_.jpg"
            ],
            "searchTags": [
                "forever21",
                "purple top",
                "top"
            ],
            "reviews": null,
            "createdDateTime": "2023-09-12T17:20:38.729",
            "zoneId": "ALPHA"
        },
        {
            "productId": 47,
            "name": "FOREVER 21 ",
            "title": "FOREVER 21  Casualwhite Top",
            "description": "Neck: Scoop Neck ,\nFit : Regular,\nFabric : Cotton Blend,\nColor : white,",
            "rating": 3.3,
            "price": 493.0,
            "offer": 10.0,
            "type": "women-tshirt",
            "brand": "forever21",
            "category": "women",
            "merchantId": 2,
            "quantity": 12,
            "status": "ACTIVE",
            "thumbnailURL": "https://m.media-amazon.com/images/I/711M3ho2v-L._UY879_.jpg",
            "productImageURLs": [
                "https://m.media-amazon.com/images/I/711M3ho2v-L._UY879_.jpg",
                "https://m.media-amazon.com/images/I/711M3ho2v-L._UY879_.jpg",
                "https://m.media-amazon.com/images/I/71Fo90Oq+4L._UY879_.jpg"
            ],
            "searchTags": [
                "forever21",
                "white top",
                "top"
            ],
            "reviews": [
                {
                    "reviewId": 1770,
                    "shopperId": 24707,
                    "shopperName": "Deepa deepu",
                    "heading": "review",
                    "description": "not good product",
                    "rating": 2.0,
                    "dateTime": "2023-12-25T08:51:22.412"
                },
                {
                    "reviewId": 2139,
                    "shopperId": 15022,
                    "shopperName": "Anusha",
                    "heading": "Good product",
                    "description": "product is very nice",
                    "rating": 5.0,
                    "dateTime": "2023-12-29T19:28:58.799"
                },
                {
                    "reviewId": 6149,
                    "shopperId": 51332,
                    "shopperName": "Neetha Vinay",
                    "heading": "Could have been better",
                    "description": "The product is not so good",
                    "rating": 3.0,
                    "dateTime": "2024-03-25T11:38:05.811"
                }
            ],
            "createdDateTime": "2023-09-12T17:20:38.935",
            "zoneId": "ALPHA"
        },
        {
            "productId": 48,
            "name": "FOREVER 21 ",
            "title": "Forever 21 Women's Regular fit Top",
            "description": "Neck: Scoop Neck ,\nFit : Regular,\nFabric : Cotton Blend,\nColor : white,",
            "rating": 4.0,
            "price": 1493.0,
            "offer": 10.0,
            "type": "women-tshirt",
            "brand": "forever21",
            "category": "women",
            "merchantId": 2,
            "quantity": 12,
            "status": "ACTIVE",
            "thumbnailURL": "https://m.media-amazon.com/images/I/81XuF8QcwEL._UY879_.jpg",
            "productImageURLs": [
                "https://m.media-amazon.com/images/I/81XuF8QcwEL._UY879_.jpg",
                "https://m.media-amazon.com/images/I/81XuF8QcwEL._UY879_.jpg",
                "https://m.media-amazon.com/images/I/71XXqHkBRYL._UY879_.jpg"
            ],
            "searchTags": [
                "forever21",
                "white top",
                "top"
            ],
            "reviews": [
                {
                    "reviewId": 2484,
                    "shopperId": 21915,
                    "shopperName": "Pree",
                    "heading": "Fit",
                    "description": "Very nice comfo",
                    "rating": 4.0,
                    "dateTime": "2024-01-04T07:48:39.745"
                }
            ],
            "createdDateTime": "2023-09-12T17:20:39.138",
            "zoneId": "ALPHA"
        },
        {
            "productId": 49,
            "name": "FOREVER 21 ",
            "title": "Forever 21 Women's Floral Regular fit Top",
            "description": "Neck: Scoop Neck ,\nFit : Regular,\nFabric : Cotton Blend,\nColor : white,",
            "rating": 4.0,
            "price": 1299.0,
            "offer": 10.0,
            "type": "women-tshirt",
            "brand": "forever21",
            "category": "women",
            "merchantId": 2,
            "quantity": 12,
            "status": "ACTIVE",
            "thumbnailURL": "https://m.media-amazon.com/images/I/91oYazuCWNL._UY879_.jpg",
            "productImageURLs": [
                "https://m.media-amazon.com/images/I/91oYazuCWNL._UY879_.jpg",
                "https://m.media-amazon.com/images/I/91oYazuCWNL._UY879_.jpg",
                "https://m.media-amazon.com/images/I/71qRIcNIk0L._UY879_.jpg"
            ],
            "searchTags": [
                "forever21",
                "white top",
                "top"
            ],
            "reviews": [
                {
                    "reviewId": 2362,
                    "shopperId": 21915,
                    "shopperName": "Preethi",
                    "heading": "Fit",
                    "description": "Very nice comfortable",
                    "rating": 4.0,
                    "dateTime": "2024-01-02T07:31:17.429"
                }
            ],
            "createdDateTime": "2023-09-12T17:20:39.342",
            "zoneId": "ALPHA"
        },
        {
            "productId": 50,
            "name": "FOREVER 21 ",
            "title": "Forever 21 Women Top",
            "description": "Neck: Scoop Neck ,\nFit : Regular,\nFabric : Cotton Blend,\nColor : white,",
            "rating": 0.0,
            "price": 999.0,
            "offer": 10.0,
            "type": "women-tshirt",
            "brand": "forever21",
            "category": "women",
            "merchantId": 2,
            "quantity": 12,
            "status": "ACTIVE",
            "thumbnailURL": "https://m.media-amazon.com/images/I/71PUgV6DS0L._UY879_.jpg",
            "productImageURLs": [
                "https://m.media-amazon.com/images/I/71PUgV6DS0L._UY879_.jpg",
                "https://m.media-amazon.com/images/I/71PUgV6DS0L._UY879_.jpg",
                "https://m.media-amazon.com/images/I/71PUgV6DS0L._UY879_.jpg",
                "https://m.media-amazon.com/images/I/31uOBFNdYaL.jpg"
            ],
            "searchTags": [
                "forever21",
                "white top",
                "top"
            ],
            "reviews": null,
            "createdDateTime": "2023-09-12T17:20:39.548",
            "zoneId": "ALPHA"
        },
        {
            "productId": 51,
            "name": "iphone 14 promax",
            "title": "iphone",
            "description": "\nBrand\tApple\nModel Name\tiPhone\nNetwork Service Provider\tUnlocked for All Carriers\nOperating System\tiOS\nCellular Technology\t5G\nAbout this item\n16.95 cm (6.7-inch) Super Retina XDR display\nAdvanced camera system for better photos in any light\nCinematic mode now in 4K Dolby Vision up to 30 fps\nAction mode for smooth, steady, handheld videos\nVital safety technology — Crash Detection calls for help when you can’t\nAll-day battery life and up to 26 hours of video playback\nIndustry-leading durability features with Ceramic Shield and water resistance",
            "rating": 0.0,
            "price": 10000.0,
            "offer": 59.0,
            "type": "mobile",
            "brand": "apple",
            "category": "electronics",
            "merchantId": 1248,
            "quantity": 150,
            "status": "ACTIVE",
            "thumbnailURL": "https://m.media-amazon.com/images/I/61BGE6iu4AL._AC_UY218_.jpg",
            "productImageURLs": [
                "https://m.media-amazon.com/images/I/61qtRTDkfLL._SX679_.jpg",
                "https://m.media-amazon.com/images/I/71RFKttvm9L._SX679_.jpg",
                "https://m.media-amazon.com/images/I/51xFCGFuXmL._SX679_.jpg"
            ],
            "searchTags": [
                "max",
                "pro",
                "plus",
                "14",
                "pro max",
                "apple",
                "iphone 14 pro max",
                "mobile"
            ],
            "reviews": [
                
            ],
            "createdDateTime": "2023-09-13T12:24:38.064",
            "zoneId": "ALPHA"
        },
        {
            "productId": 52,
            "name": "iphone 14 pro",
            "title": "iphone 14 pro 128gb",
            "description": "Brand\tApple\nModel Name\tiPhone\nNetwork Service Provider\tUnlocked for All Carriers\nOperating System\tiOS\nCellular Technology\t5G\nAbout this item\n15.54 cm (6.1-inch) Super Retina XDR display featuring Always-On and ProMotion\nDynamic Island, a magical new way to interact with iPhone\n48MP Main camera for up to 4x greater resolution\nCinematic mode now in 4K Dolby Vision up to 30 fps\nAction mode for smooth, steady, handheld videos\nAll-day battery life and up to 23 hours of video playback\nVital safety technology — Crash Detection calls for help when you can’t\nA16 Bionic, the ultimate smartphone chip. Superfast 5G cellular\nIndustry-leading durability features with Ceramic Shield and water resistance\niOS 16 offers even more ways to personalise, communicate and share",
            "rating": 0.0,
            "price": 124990.0,
            "offer": 10.0,
            "type": "mobile",
            "brand": "apple",
            "category": "electronics",
            "merchantId": 1248,
            "quantity": 100,
            "status": "ACTIVE",
            "thumbnailURL": "https://m.media-amazon.com/images/I/71ZDY57yTQL._AC_UY327_FMwebp_QL65_.jpg",
            "productImageURLs": [
                "https://m.media-amazon.com/images/I/9127kbNltTL._SX679_.jpg",
                "https://m.media-amazon.com/images/I/71dKjvLPkAL._SX679_.jpg",
                "https://m.media-amazon.com/images/I/71qK2dh4o0L._SX679_.jpg"
            ],
            "searchTags": [
                "ios",
                "mobile",
                "pro",
                "iphone 14",
                "iphone 14 pro",
                "128gb",
                "apple"
            ],
            "reviews": [
                {
                    "reviewId": 6386,
                    "shopperId": 60564,
                    "shopperName": "Sunshine90",
                    "heading": "Good",
                    "description": "This is a good product",
                    "rating": 4.0,
                    "dateTime": "2024-04-15T15:16:05.647"
                }
            ],
            "createdDateTime": null,
            "zoneId": "ALPHA"
        },
        {
            "productId": 53,
            "name": "ELECTRIC BRUSH",
            "title": "PRO",
            "description": "Brand\tOral B\nAge Range (Description)\tAdult\nPower Source\tCorded Electric, Battery Powered\nColour\tBlue\nNumber of Items\t1\nNet Quantity\t1 count\nIncluded Components\t1\nSpecific Uses For Product\tGums,Teeth\nOperation Mode\tAutomatic\nNumber of settings\t3\nSee less\nAbout this item\n3D Cleaning Action, oscillates, rotates and pulsates to remove plaque better than a regular manual toothbrush\nThe triple pressure control stops pulsation, reduces speed and has a visual indication\nThe round brush head cups teeth to remove more plaque vs a regular manual toothbrush\nKnow you’ve brushed the right amount of time with the 2-minute professional timer\nVibrates every 30 seconds to alert you to change the area that's being brushed\n",
            "rating": 4.0,
            "price": 800.0,
            "offer": 13.0,
            "type": "electronic-accessories",
            "brand": "oral b",
            "category": "electronics",
            "merchantId": 1248,
            "quantity": 10000,
            "status": "ACTIVE",
            "thumbnailURL": "https://m.media-amazon.com/images/I/41Zu+bpLUhL._SY300_SX300_.jpg",
            "productImageURLs": [
                "https://m.media-amazon.com/images/I/71tZOULlppL._SX679_.jpg",
                "https://m.media-amazon.com/images/I/61Koe0Rq+NL._SX679_.jpg",
                "https://m.media-amazon.com/images/I/61Lt4hoggjL._SX679_.jpg"
            ],
            "searchTags": [
                "ELECTRIC",
                "BRUSH"
            ],
            "reviews": [
                {
                    "reviewId": 1048,
                    "shopperId": 13891,
                    "shopperName": "Puneeth Chowdhary",
                    "heading": "great product ",
                    "description": "nice",
                    "rating": 4.0,
                    "dateTime": "2023-11-05T15:13:57.047"
                }
            ],
            "createdDateTime": "2023-09-13T12:34:34.604",
            "zoneId": "ALPHA"
        },
        {
            "productId": 54,
            "name": "airpods",
            "title": "Apple AirPods (2nd Generation)",
            "description": "\nBrand\tApple\nColour\tWhite\nCompatible Devices\tHeadphones\nForm Factor\tCase\nMaterial\tPlastic\nAbout this item\nAutomatically on, automatically connected\nEasy setup for all your Apple devices\nQuick access to Siri by saying “Hey Siri”\nDouble-tap to play or skip forward\nNew Apple H1 headphone chip delivers faster wireless connection to your devices\nCharges quickly in the case\nCase can be charged using the Lightning connector\nRich, high-quality audio and voice\nListen and talk all day with multiple charges from the Charging Case",
            "rating": 0.0,
            "price": 15000.0,
            "offer": 30.0,
            "type": "headphones",
            "brand": "apple",
            "category": "electronics",
            "merchantId": 1248,
            "quantity": 25,
            "status": "ACTIVE",
            "thumbnailURL": "https://m.media-amazon.com/images/I/7120GgUKj3L._AC_UY327_FMwebp_QL65_.jpg",
            "productImageURLs": [
                "https://m.media-amazon.com/images/I/81W5RSDOy-L._SL1500_.jpg",
                "https://m.media-amazon.com/images/I/71djnhmfy-L._SL1500_.jpg",
                "https://m.media-amazon.com/images/I/71QT9PrfxyL._SL1500_.jpg",
                "https://m.media-amazon.com/images/I/71NLN1HgFkL._SL1500_.jpg",
                "https://m.media-amazon.com/images/I/71NTi82uBEL._SL1500_.jpg"
            ],
            "searchTags": [
                "2nd generation",
                "apple airpods",
                "airpods",
                "apple"
            ],
            "reviews": null,
            "createdDateTime": "2023-09-13T12:35:55.706",
            "zoneId": "ALPHA"
        },
        {
            "productId": 55,
            "name": "iphone",
            "title": "iphone max",
            "description": "Brand\tApple\nModel Name\tIPhone\nNetwork Service Provider\tUnlocked for All Carriers\nOperating System\tIOS\nCellular Technology\t5G\nAbout this item\n17.00 cm (6.7-inch) Super Retina XDR display featuring Always-On and ProMotion\nDynamic Island, a magical new way to interact with iPhone\n48MP Main camera for up to 4x greater resolution\nCinematic mode now in 4K Dolby Vision up to 30 fps\nAction mode for smooth, steady, handheld videos\nAll-day battery life and up to 29 hours of video playback\nVital safety technology — Crash Detection can detect a severe car crash and call for help",
            "rating": 5.0,
            "price": 100000.0,
            "offer": 0.0,
            "type": "",
            "brand": "apple",
            "category": "electronics",
            "merchantId": 1248,
            "quantity": 1,
            "status": "ACTIVE",
            "thumbnailURL": "Apple iPhone 14 (128 GB) - Blue",
            "productImageURLs": [
                "MAX",
                "PRO",
                "PRO"
            ],
            "searchTags": [
                "PRO"
            ],
            "reviews": [
                {
                    "reviewId": 1538,
                    "shopperId": 20087,
                    "shopperName": "shillu",
                    "heading": "jeanszzzzzzzzzzzzzzzzz",
                    "description": "good quality product",
                    "rating": 5.0,
                    "dateTime": "2023-12-06T14:02:06.518"
                }
            ],
            "createdDateTime": "2023-09-13T12:36:04.456",
            "zoneId": "ALPHA"
        },
        {
            "productId": 56,
            "name": "nykaa matte ",
            "title": "nykaa chai",
            "description": "\nBrand\tNykaa\nColour\t18 Chai\nSkin Type\tNormal\nItem Form\tLiquid\nFinish Type\tMatte\nProduct Benefits\tSoftening\nSpecial Ingredients\tVitamin E\nMaterial Type Free\tParaben Free\nCoverage\tFull\nSpeciality\tFree",
            "rating": 0.0,
            "price": 675.0,
            "offer": 10.0,
            "type": "lipstick",
            "brand": "nykaa",
            "category": "beauty",
            "merchantId": 1248,
            "quantity": 200,
            "status": "ACTIVE",
            "thumbnailURL": "https://m.media-amazon.com/images/I/51+OrZWV-dL._AC_UL600_FMwebp_QL65_.jpg",
            "productImageURLs": [
                "https://m.media-amazon.com/images/I/51qtCK082hL._SX569_.jpg",
                "https://m.media-amazon.com/images/I/61z0Uyg1ACL._SX569_.jpg",
                "https://m.media-amazon.com/images/I/71pdse3IaAL._SX569_.jpg"
            ],
            "searchTags": [
                "cosmetics",
                "beauty",
                "kaapi",
                "kashi",
                "chai",
                "nykaa",
                "lipstick"
            ],
            "reviews": null,
            "createdDateTime": "2023-09-13T12:36:47.594",
            "zoneId": "ALPHA"
        },
        {
            "productId": 57,
            "name": "crocs",
            "title": "footwear",
            "description": "Product Details\n\nType\nClogs\nUpper Pattern\nSolid\nClosure\nAdjustable Strap\nType for Flats\nSandal\nColor\nOlive, Green\nPack of\n1\nSole Material\nEVA\nInner Material\nEVA",
            "rating": 0.0,
            "price": 3500.0,
            "offer": 25.0,
            "type": "",
            "brand": "crocs",
            "category": "men",
            "merchantId": 1248,
            "quantity": 250,
            "status": "ACTIVE",
            "thumbnailURL": "https://rukminim2.flixcart.com/image/832/832/xif0q/sandal/0/v/v/8-svr6372kbrv-8-svaar-olive-green-original-imagnwuj3mq7kszm.jpeg?q=70",
            "productImageURLs": [
                "https://rukminim2.flixcart.com/image/832/832/xif0q/sandal/d/i/k/7-svr6372kbrv-7-svaar-olive-green-original-imagn6chhdqtfemz.jpeg?q=70",
                "https://rukminim2.flixcart.com/image/832/832/xif0q/sandal/c/q/g/7-svr6372kbrv-7-svaar-olive-green-original-imagn6chp2cvev6n.jpeg?q=70",
                "https://rukminim2.flixcart.com/image/832/832/xif0q/sandal/r/a/c/7-svr6372kbrv-7-svaar-olive-green-original-imagn6ch74whdjtj.jpeg?q=70"
            ],
            "searchTags": [
                "casual",
                "slippers",
                "shoes",
                "mens footwear",
                "crocs",
                "footwear"
            ],
            "reviews": [
                
            ],
            "createdDateTime": "2023-09-13T12:37:59.831",
            "zoneId": "ALPHA"
        },
        {
            "productId": 59,
            "name": "Moisturiser Lumi Cream",
            "title": "Lakme Lumi Cream",
            "description": "\nBrand\tLAKMÉ\nScent\tUnscented \nItem Form\tCream\nActive Ingredients\tGlycerin,hyaluronic acid,niacinamide,sodium hyaluronate,sodium triglyceride,vitamin b3\nNet Quantity\t30.0 gram\nNumber of Items\t1\nUse for\tFace\nSkin Type\tNormal\nSpecial Ingredients\tGlycerin\nMaterial Type Free\tAlcohol Free\nSee less\nAbout this item\nLight weight moisturizing cream\nHint of highlighter\n3D glow\nHighlights your features\nNon greasy formula\nBlends like a dream",
            "rating": 4.0,
            "price": 250.0,
            "offer": 10.0,
            "type": "cream",
            "brand": "lakme",
            "category": "beauty",
            "merchantId": 1248,
            "quantity": 150,
            "status": "ACTIVE",
            "thumbnailURL": "https://m.media-amazon.com/images/I/416J+1UQerL._AC_UL320_.jpg",
            "productImageURLs": [
                "https://m.media-amazon.com/images/I/31JCyJPcgxL._SS40_.jpg",
                "https://m.media-amazon.com/images/I/41xD+fR3FJL._SS40_.jpg",
                "https://m.media-amazon.com/images/I/416J+1UQerL._SX450_.jpg"
            ],
            "searchTags": [
                "lakme",
                "Moisturizer ",
                "lumi",
                "light",
                "moisturiser",
                "cream"
            ],
            "reviews": [
                {
                    "reviewId": 85,
                    "shopperId": 325,
                    "shopperName": "PALLAVI MANI",
                    "heading": "Best",
                    "description": "good",
                    "rating": 4.0,
                    "dateTime": "2023-09-16T02:34:31.494"
                }
            ],
            "createdDateTime": null,
            "zoneId": "ALPHA"
        },
        {
            "productId": 61,
            "name": "musical mat",
            "title": "Cable World Musical Keyboard Mat Piano Gym Mat Gym & Fitness Rack",
            "description": "Cable World Multi-function piano baby gym and fitness rack, Music rewards baby as he/she kicks the piano keys With movable musical piano keyboard can attach baby's attention and have fun. Cable World\nCable World Five busy activity toys with a large mirror & 4 Animal Toys hangings included, This gym helps in stimulating baby's sensory touches like sight , tough and hearing Cable World\nCable World Note:- Mirror is not clear at first receive, for clear Mirror Customer need to remove white plastic film from the mirror then Mirror is clear for vision Cable World\nCable World Short or long-play music, In our endeavor to provide the quality products to people, we periodically make product modifications, therefore actual product may vary a little than shown in the images Cable World\nCable World Baby Gym With 3 in 1 Multi Functional Sound",
            "rating": 5.0,
            "price": 1500.0,
            "offer": 30.0,
            "type": "electronic-accessories",
            "brand": "cable world",
            "category": "electronics",
            "merchantId": 1248,
            "quantity": 55,
            "status": "ACTIVE",
            "thumbnailURL": "https://m.media-amazon.com/images/I/61YdJtl2ovL._SX569_.jpg",
            "productImageURLs": [
                "https://m.media-amazon.com/images/I/51nYupmESHL._SS40_.jpg",
                "https://m.media-amazon.com/images/I/51WbO996YvL._SS40_.jpg"
            ],
            "searchTags": [
                "musical mat"
            ],
            "reviews": [
                {
                    "reviewId": 7094,
                    "shopperId": 65933,
                    "shopperName": "Roshinisai Nagisetty",
                    "heading": "good",
                    "description": "beautiful",
                    "rating": 5.0,
                    "dateTime": "2024-05-09T21:02:46.407"
                }
            ],
            "createdDateTime": "2023-09-13T12:40:01.875",
            "zoneId": "ALPHA"
        },
        {
            "productId": 62,
            "name": "television led",
            "title": "sony",
            "description": "Resolution: 4K Ultra HD (3840 x 2160) | Refresh Rate: 60 Hertz | 178 Degree wide viewing angle\nConnectivity: 3 HDMI ports to connect set top box, Blu Ray players, gaming console | 2 USB ports to connect hard drives and other USB devices\nSound : 20 Watts Output | Open Baffle Speaker| Dolby Audio | Clear Phase | eARC Input\nSmart TV Features: Google TV, Watchlist, Voice Search, Google Play, Chromecast Built-In, Netflix, Amazon Prime Video, Additional Features: Apple Airplay, Apple Homekit, Alexa | Supported Apps: Netflix, Amazon Prime Video, Disney+ Hotstar, Sony Liv, Zee5, Voot, Jio Cinema & many More\nDisplay: X1 4K Processor | 4K HDR | Live Colour| 4K X Reality Pro | Motion Flow XR100",
            "rating": 0.0,
            "price": 8000.0,
            "offer": 59.0,
            "type": "",
            "brand": "sony",
            "category": "electronics",
            "merchantId": 1248,
            "quantity": 100,
            "status": "ACTIVE",
            "thumbnailURL": "https://m.media-amazon.com/images/I/81MRU+3RJLL._SX450_.jpg",
            "productImageURLs": [
                "https://m.media-amazon.com/images/I/81N4+wEy+kL._SL1500_.jpg",
                "https://m.media-amazon.com/images/I/81MRU+3RJLL._SL1500_.jpg"
            ],
            "searchTags": [
                "165 cm",
                "4k ultra",
                "bravia",
                "sony"
            ],
            "reviews": null,
            "createdDateTime": "2023-09-13T12:40:49.659",
            "zoneId": "ALPHA"
        },
        {
            "productId": 63,
            "name": "samsung ",
            "title": "samsung s20 fan edition",
            "description": "Bran--Samsung\nModel Name\tSamsung Galaxy S20 FE 5G\nNetwork Service Provider\tVoiceStream Wireless Provider Type\nOperating System\tAndroid 11.0\nCellular Technology\t5GB",
            "rating": 0.0,
            "price": 1000000.0,
            "offer": 59.0,
            "type": "mobile",
            "brand": "s20",
            "category": "electronics",
            "merchantId": 1248,
            "quantity": 150,
            "status": "ACTIVE",
            "thumbnailURL": "https://m.media-amazon.com/images/I/41ezRvTwcaL._SX300_SY300_QL70_FMwebp_.jpg",
            "productImageURLs": [
                "https://m.media-amazon.com/images/I/81W-nknAKEL._SL1500_.jpg",
                "https://m.media-amazon.com/images/I/71UTG1e+yeL._SL1500_.jpg",
                "https://m.media-amazon.com/images/I/61vN1isnThL._SL1500_.jpg"
            ],
            "searchTags": [
                "23000",
                "mobile",
                "fan edition",
                "galaxy",
                "FE",
                "s20",
                "samsung"
            ],
            "reviews": null,
            "createdDateTime": "2023-09-13T12:41:22.759",
            "zoneId": "ALPHA"
        },
        {
            "productId": 64,
            "name": "sonata wrist watch",
            "title": "sonata wrist watch with blue dial",
            "description": "Case Material: Brass\nDimensions: 35.5mm*42.5mm\nBlue Leather strap\nDeep Blue dial\nWarranty: 12 Months\nItem shape: Round",
            "rating": 4.5,
            "price": 2500.0,
            "offer": 20.0,
            "type": "",
            "brand": "sonata",
            "category": "electronics",
            "merchantId": 1248,
            "quantity": 200,
            "status": "ACTIVE",
            "thumbnailURL": "https://m.media-amazon.com/images/I/715NcPtx4sL._UX679_.jpg",
            "productImageURLs": [
                "https://m.media-amazon.com/images/I/71gfWIppjdL._UX679_.jpg",
                "https://m.media-amazon.com/images/I/71xypIlycVL._UX679_.jpg"
            ],
            "searchTags": [
                "women",
                "black dial",
                "blue strap",
                "blue dial",
                "sonata",
                "sonata wrist watch for women"
            ],
            "reviews": [
                {
                    "reviewId": 73,
                    "shopperId": 977,
                    "shopperName": "Bruno",
                    "heading": "Good",
                    "description": "Nice Product.Worth Buying",
                    "rating": 4.5,
                    "dateTime": "2023-09-15T22:06:19.474"
                }
            ],
            "createdDateTime": "2023-09-13T12:41:22.759",
            "zoneId": "ALPHA"
        },
        {
            "productId": 65,
            "name": "MINI FRIDGE",
            "title": "COOL",
            "description": "Product Dimensions\t14D x 13.5W x 20H Centimeters\nBrand\tVYBE\nCapacity\t6 litres\nConfiguration\tCompact Freezerless\nEnergy Star\t3 Star\nAbout this item\nCapacity: 6 Litres - FITS 50% MORE THAN 4 LITRES - Includes AC & DC cords for home as well as car use. CHILLS AND HEATS: Temperature Range: 5°C to 60° C. Ideal to store your essentials anywhere.\nPRE COOLING: When pre-cooled before use will maintain your products long time without spoiling. Single Thermoelectric cooling technology. Power Consumption : 48W ± 10W % (built-in DC to AC converter)\nPRODUCTS SUITABLE FOR REFRIGERATION: All natural & organic products, Nail polish, Serums, Moisturisers, Toners and sprays, Sheet masks, Liquid makeup, Lip & eye pencils and all other beauty products.\nWARRANTY: VYBE offers a 1 year Brand warranty which covers all manufacturing & quality related defects. To claim warranty for this product please contact our Customer Care No. +91 9900008413.\nVYBE is built on quality and customer feedback and we have shipped 1000s of products across the world. We take pride in our quality of products. Each product is tested on multiple quality parameters.",
            "rating": 4.0,
            "price": 10000.0,
            "offer": 30.0,
            "type": "electronic-accessories",
            "brand": "vybe",
            "category": "electronics",
            "merchantId": 1248,
            "quantity": 100000,
            "status": "ACTIVE",
            "thumbnailURL": "https://m.media-amazon.com/images/I/41FV21sAYbL._AC_UY218_.jpg",
            "productImageURLs": [
                "https://m.media-amazon.com/images/I/41FV21sAYbL._AC_UY218_.jpg"
            ],
            "searchTags": [
                "FRIDGE",
                "MINI"
            ],
            "reviews": [
                {
                    "reviewId": 8097,
                    "shopperId": 79578,
                    "shopperName": "ghb",
                    "heading": "good",
                    "description": "quality of the product",
                    "rating": 4.0,
                    "dateTime": "2024-05-30T10:35:19.085"
                }
            ],
            "createdDateTime": "2023-09-13T12:41:52.088",
            "zoneId": "ALPHA"
        },
        {
            "productId": 67,
            "name": "Watch",
            "title": "fastrack watch",
            "description": "Brand\tFastrack\nModel Name\tFastrack Reflex Beat +\nStyle\tModern\nColour\tBeige\nScreen Size\t1.69 Inches",
            "rating": 0.0,
            "price": 3500.0,
            "offer": 40.0,
            "type": "watch",
            "brand": "fastrack",
            "category": "women",
            "merchantId": 1248,
            "quantity": 30,
            "status": "ACTIVE",
            "thumbnailURL": "https://m.media-amazon.com/images/I/71lAH6JhihL._AC_UL600_FMwebp_QL65_.jpg",
            "productImageURLs": [
                "https://m.media-amazon.com/images/I/81GakWxA7kL._UX679_.jpg",
                "https://m.media-amazon.com/images/I/81hFSdgfeTL._UX679_.jpg",
                "https://m.media-amazon.com/images/I/71lAH6JhihL._UX679_.jpg"
            ],
            "searchTags": [
                "Watch women watch fasttrack modern watch "
            ],
            "reviews": [
                
            ],
            "createdDateTime": "2023-09-13T12:43:08.233",
            "zoneId": "ALPHA"
        },
        {
            "productId": 68,
            "name": "Casio Analog Watch",
            "title": "Casio Enticer Ladies Analog Black Dial Women's Watch-A1794",
            "description": "Band Colour\tBlack\nBand Material\tStainless Steel\nBand Width\t2 Millimeters\nBezel Function\t12-Hour Time Display\nBezel Material\tStainless Steel\nBrand\tCasio\nCalendar Type\tNo Calendar\nCase Diameter\t3 Millimeters\nCase Material\tStainless Steel\nCase Thickness\t3.65 Millimeters\nClasp\tDouble Locking Foldover Clasp\nCollection\tEnticer Ladies\nDial Colour\tBlack\nCrystal Material\tGlass\nDisplay Type\tAnalog\nCase Shape\tRound\nItem Weight\t48 Grams\nModel Number\tA1794\nPart Number\tA1794\nSpecial Features\tWomen\nWarranty Type\tManufacturer\nMovement\tQuartz\nWater Resistance Depth\t30 Meters\nBand size\tWomens Standard\nWarranty\tIf this product is sold by Amazon, please review the manufacturer’s website for warranty information. If this product is sold by another party, please contact the seller directly for warranty information for this product. You may also be able to find warranty information on the manufacturer’s website.",
            "rating": 0.0,
            "price": 7999.0,
            "offer": 20.0,
            "type": "watch",
            "brand": "casio",
            "category": "electronics",
            "merchantId": 1248,
            "quantity": 10,
            "status": "ACTIVE",
            "thumbnailURL": "https://m.media-amazon.com/images/I/61TMEVqOqJL._AC_UL600_FMwebp_QL65_.jpg",
            "productImageURLs": [
                "https://m.media-amazon.com/images/I/51X4qqst+DL._UX679_.jpg",
                "https://m.media-amazon.com/images/I/516hrJU34QL._UX679_.jpg",
                "https://m.media-amazon.com/images/I/51RaVYRAa1L._UX679_.jpg"
            ],
            "searchTags": [
                "analog watch",
                "gold color watch",
                "women",
                "watch",
                "casio"
            ],
            "reviews": null,
            "createdDateTime": null,
            "zoneId": "ALPHA"
        },
        {
            "productId": 69,
            "name": "dairy milk",
            "title": "chocolate",
            "description": "\nBrand\tCadbury\nItem Form\tBar\nOccasion\tHoliday, Birthday, Thank You, Thanksgiving\nChocolate Type\tMilk\nFlavour\tChocolate\nNet Quantity\t120.0 gram\nDiet Type\tVegetarian\nSpeciality\tVegetarian\nSize\t120 g (Pack of 1)\nNumber of Pieces\t8\nSee more\nThis is a Vegetarian product.\nAbout this item\nIndulge in a rich, smooth, and creamy celebration.\nSilk: The classic taste of Cadbury Dairy Milk chocolates is only more creamy, more smooth, more indulging.\nCadbury Dairy Milk Silk Bubbly is a fun bubbly twist to the classic Cadbury Dairy Milk Silk.\nThis milk chocolate bar is a perfect sweet to indulge in all alone or as a chocolate gift pack for gifting on special occasions like birthdays and get-togethers.\nEvery bar of Cadbury Dairy Milk Silk is made from 100% sustainable cocoa. It is suitable for vegetarians.",
            "rating": 0.0,
            "price": 190.0,
            "offer": 1.0,
            "type": "",
            "brand": "cadbury",
            "category": "electronics",
            "merchantId": 1248,
            "quantity": 2,
            "status": "ACTIVE",
            "thumbnailURL": "Cadbury Dairy Milk Silk Bubbly Chocolate Bar, 120 g Brand: Cadbury",
            "productImageURLs": [
                " Brand\tCadbury Item Form\tBar Occasion\tHoliday, Birthday, Thank You, Thanksgiving Chocolate Type\tMilk Flavour\tChocolate Net Quantity\t120.0 gram Diet Type\tVegetarian Speciality\tVegetarian Size\t120 g (Pack of 1) Number of Pieces\t8 See more This is a Vegetarian product. About this item Indulge in a rich, smooth, and creamy celebration. Silk: The classic taste of Cadbury Dairy Milk chocolates is only more creamy, more smooth, more indulging. Cadbury Dairy Milk Silk Bubbly is a fun bubbly twist to the classic Cadbury Dairy Milk Silk. This milk chocolate bar is a perfect sweet to indulge in all alone or as a chocolate gift pack for gifting on special occasions like birthdays and get-togethers. Every bar of Cadbury Dairy Milk Silk is made from 100% sustainable cocoa. It is suitable for vegetarians."
            ],
            "searchTags": [
                "bubbly"
            ],
            "reviews": null,
            "createdDateTime": "2023-09-13T12:44:03.879",
            "zoneId": "ALPHA"
        },
        {
            "productId": 70,
            "name": "john jacobs sunglass",
            "title": "john jacobs pink cat eye UV protected sunglasses",
            "description": "Care Instructions: With the Lenskart Aqualens Solution, keeping your shades clean becomes very easy. Just spray some on your lenses and wipe them with a microfibre cloth to keep your lenses smudge-free.\nAbout the Product :- The John Jacobs collection features an eclectic range of fashion forward and elegant sunglasses for women. Available in a variety of colours and shapes, from classic to modern, the collection enables you to stand out whether it’s at work or play.\nFrame Material: Stainless Steel (Simple Matte & Shiny) | Size: Large | Frame Width:140 mm | Frame Dimension: (55-19-145)mm\nLens Technology:- The John Jacobs collection features polarised lenses that protect your eyes from the sun’s harmful UV rays, reduce glare and enhance visual clarity.\nLens Material:- The lenses are made from a material called Polycarbonate which offers better protection as it does not break as easily as plastic lenses and is also much lighter.",
            "rating": 4.0,
            "price": 2999.0,
            "offer": 0.0,
            "type": "",
            "brand": "john jacobs",
            "category": "women",
            "merchantId": 1248,
            "quantity": 50,
            "status": "ACTIVE",
            "thumbnailURL": "https://m.media-amazon.com/images/I/51o-HE6CJcL._AC_UL600_FMwebp_QL65_.jpg",
            "productImageURLs": [
                "https://m.media-amazon.com/images/I/517fe6HHfcL._UX569_.jpg",
                "https://m.media-amazon.com/images/I/71roRYYMr6L._UX569_.jpg",
                "https://m.media-amazon.com/images/I/51M5YWE6uwL._UX679_.jpg"
            ],
            "searchTags": [
                "jacobs",
                "john",
                "accessories",
                "sun glass",
                "glasses"
            ],
            "reviews": [
                {
                    "reviewId": 1179,
                    "shopperId": 17640,
                    "shopperName": "Onkar",
                    "heading": "Worth the value",
                    "description": "Nice SunGlasses",
                    "rating": 4.0,
                    "dateTime": "2023-11-30T16:37:54.862"
                }
            ],
            "createdDateTime": "2023-09-13T12:45:07.031",
            "zoneId": "ALPHA"
        },
        {
            "productId": 71,
            "name": "lipstick",
            "title": "maybelline lipstick",
            "description": "Brand\tMaybelline\nColour\t695 Divine Wine\nSkin Type\tAll\nItem Form\tStick\nFinish Type\tMatte\nProduct Benefits\tHydrating, Smoothening, Nourishing, Moisturizing",
            "rating": 1.0,
            "price": 270.0,
            "offer": 8.0,
            "type": "",
            "brand": "maybelline",
            "category": "beauty",
            "merchantId": 1248,
            "quantity": 150,
            "status": "ACTIVE",
            "thumbnailURL": "https://m.media-amazon.com/images/I/61+soWfLVfL._SL1200_.jpg",
            "productImageURLs": [
                "https://m.media-amazon.com/images/I/61RcEYFPxaL._SL1200_.jpg",
                "https://m.media-amazon.com/images/I/61NUgq-JcWL._SL1200_.jpg",
                "https://m.media-amazon.com/images/I/911cNFNuLTL._SL1500_.jpg",
                "https://m.media-amazon.com/images/I/51f4HVnR4eL._AC_UL320_.jpg"
            ],
            "searchTags": [
                "scroll",
                "red",
                "maybelline",
                "lipstick"
            ],
            "reviews": [
                {
                    "reviewId": 6491,
                    "shopperId": 61448,
                    "shopperName": "viraj",
                    "heading": "Good Product",
                    "description": "Shade Is Beautiful",
                    "rating": 1.0,
                    "dateTime": "2024-04-20T04:11:33.746"
                }
            ],
            "createdDateTime": "2023-09-13T12:45:31.967",
            "zoneId": "ALPHA"
        },
        {
            "productId": 72,
            "name": "laptop",
            "title": "Dell Inspiron 3525 Laptop",
            "description": "\nBrand\tDell\nModel Name\tInspiron 15 Laptop\nScreen Size\t15.6 Inches\nColour\tBlack\nHard Disk Size\t512 GB\nCPU Model\tRyzen 3\nRAM Memory Installed Size\t8 GB\nOperating System\tWindows 11 Home\nGraphics Card Description\tIntegrated\nGraphics Coprocessor\tAMD Radeon Graphics\nSee more\nAbout this item\nProcessor: AMD 5 Series Ryzen R3-5300U, up to 3.85 GHz, 2MB Cache + 4 Cores // RAM: 8GB DDR4 // Storage: 512GB SSD\nIncluded Software: Win 11 + Office H&S 2021 + 15 Months McAfee\nDisplay: 15.6\" FHD WVA AG Narrow Border 120Hz 250 nits // Graphics: Radeon Graphics\nPorts: 1 USB 2.0 port, 1 Headset jack, 1 HDMI 1.4 port, 1 SD 3.0 card slot, 1 USB 3.2 Gen 1 port, 1 USB 3.2 Gen 1 Type-C port // Battery: 3-Cell Battery, 41WHr",
            "rating": 3.0,
            "price": 33990.0,
            "offer": 25.0,
            "type": "laptop",
            "brand": "dell",
            "category": "electronics",
            "merchantId": 1248,
            "quantity": 150,
            "status": "ACTIVE",
            "thumbnailURL": "https://m.media-amazon.com/images/I/51-OoAkxQqL._AC_UY218_.jpg",
            "productImageURLs": [
                "https://m.media-amazon.com/images/I/411HysE-VDL._SS40_.jpg",
                "https://m.media-amazon.com/images/I/51e3WtiFRwL._SS40_.jpg",
                "https://m.media-amazon.com/images/I/51wTLpiDrBL._SS40_.jpg",
                "https://m.media-amazon.com/images/I/519sJusYjgL._SS40_.jpg",
                "https://m.media-amazon.com/images/I/51-OoAkxQqL._SX679_.jpg"
            ],
            "searchTags": [
                "3525",
                "Inspiron ",
                "electronic",
                "laptop",
                "dell"
            ],
            "reviews": [
                {
                    "reviewId": 6136,
                    "shopperId": 51352,
                    "shopperName": "Divyarani",
                    "heading": "Awesome",
                    "description": "Good to use",
                    "rating": 3.0,
                    "dateTime": "2024-03-25T11:25:08.744"
                }
            ],
            "createdDateTime": null,
            "zoneId": "ALPHA"
        },
        {
            "productId": 73,
            "name": "Headphone",
            "title": "Bassheads 100",
            "description": "Brand\tboAt\nModel Name\tBassHeads 100\nColour\tBlack\nForm Factor\tIn Ear\nConnectivity Technology\tWired\nAbout this item\nThe perfect way to add some style and stand out from the crowd with the boAt BassHeads 100 \"Hawk\" inspired earphones\nThe stylish BassHeads 100 superior coated wired earphones are a definite fashion statement - wear your attitude with its wide variety of collection\nThe powerful 10mm dynamic driver with the speaker resistance of 16 ohm enables the earphone to deliver a punchy, rhythmic response to the most demanding tracks\nFeatures a HD microphone to make crystal clear calls - making life easier on the go, play/pause music or answer/end calls with one-click, track forward with two-clicks or back with 3 clicks make these earphones extremely user-friendly\nWith 1.2 meters perfect length cable now plug it in anywhere with ease - while the earphones are extremely user-friendly and stylish, extruding premium coating on the wire cable is a manufacturing process that we've been performing and refining since our company's inception\nIts impeccable fit won't let you take these wonderfully amazing earphones off, fits you perfectly without hurting your ears and the perfect arc, with different size ear tips helps you in achieving superior comfort even with long listening hours.\n1 year warranty from the date of purchase",
            "rating": 0.0,
            "price": 329.0,
            "offer": 45.0,
            "type": "",
            "brand": "boat",
            "category": "electronics",
            "merchantId": 1248,
            "quantity": 100,
            "status": "ACTIVE",
            "thumbnailURL": "https://m.media-amazon.com/images/I/719elVA3FvL._AC_UL600_FMwebp_QL65_.jpg",
            "productImageURLs": [
                "https://m.media-amazon.com/images/I/51aBTOiXRlL._AC_UL600_FMwebp_QL65_.jpg",
                "https://m.media-amazon.com/images/I/61yP8Gg5p2L._SX679_.jpg"
            ],
            "searchTags": [
                "Headphone",
                "Bassheads 100",
                "Bassheads",
                "boat",
                "100"
            ],
            "reviews": null,
            "createdDateTime": "2023-09-13T12:46:29.097",
            "zoneId": "ALPHA"
        },
        {
            "productId": 74,
            "name": "Air buds",
            "title": "TWS air",
            "description": "Brand\tVivo\nModel Name\tVivo TWS air\nColour\tNorway Blue\nForm Factor\tIn Ear\nConnectivity Technology\tWireless\nAbout this item\n14.2mm vivo's largest speaker driver ever\nBio-Carbon Fiber Composite Diaphragm\nPure copper coil from Japan's Daikoku\nDual Mic Call Noise cancelling",
            "rating": 0.0,
            "price": 1500.0,
            "offer": 40.0,
            "type": "",
            "brand": "vivo",
            "category": "electronics",
            "merchantId": 1248,
            "quantity": 145,
            "status": "ACTIVE",
            "thumbnailURL": "https://m.media-amazon.com/images/I/61nBzZ6gPxL._AC_UL320_.jpg",
            "productImageURLs": [
                "https://m.media-amazon.com/images/I/711225DfIjL._SL1500_.jpg",
                "https://m.media-amazon.com/images/I/61YCXQGqVEL._SL1500_.jpg",
                "https://m.media-amazon.com/images/I/61nBzZ6gPxL._SL1500_.jpg"
            ],
            "searchTags": [
                "TMS air ",
                "nice buds",
                "Air buds",
                "vivo"
            ],
            "reviews": null,
            "createdDateTime": "2023-09-13T12:47:03.843",
            "zoneId": "ALPHA"
        },
        {
            "productId": 75,
            "name": "Philips hair straightener",
            "title": "hair straightener",
            "description": "Philips Heated Straightening Brush BHH885/10 will give you naturally straight hair in 5 minutes. Designed with SilkProtect Technology, ionic care and ceramic-argan oil infused bristles, this straightening brush is a great tool that will leave you with naturally straight, beautiful and shiny hair in just 5 minutes. Philips SilkProtect technology with ionic care system works together with the triple bristle design for healthy looking, frizz-free hair.\n\n\nFeatures:\n\nHeat straightening brush that helps give you naturally straight hair in 5 minutes.\nDesigned with SilkProtect technology, ionic care and ceramic argan oil infused bristles\nA great tool that leaves you with straight, beautiful and shiny hair\nIonic care helps give you frizz free hair\nLength of the large paddle shaped brush is 60 mm\n\nAbout the Brand: Philips is a leading health technology company focused to make the world healthier and more sustainable through innovation. The brand is a world leader in home healthcare, energy efficient lighting solutions, as well as male shaving, grooming and oral healthcare products. Focused on improving people\n\n\n\nExplore the entire range of Straighteners available on Nykaa. Shop more Philips products here.You can browse through the complete world of Philips Straighteners .\n\nCountry of Origin:  China\n\nManufacturer:  Philips\nAddress:  Imported By: Philips India Limited, 3Rd Floor, Tower A, Dlf It Park, 08 Block Af, Major Arterial Road, New Town (Rajarhat), Kolkata 700156, West Bengal Customer Care Details: Customer Service Executive. 1800 102 2929 (Toll Free) 1860 180 1111 (Standard Call Rates Apply) Customer Complaint/Feedback: Customercare.India@Philips.Com",
            "rating": 4.0,
            "price": 4595.0,
            "offer": 0.0,
            "type": "women-kurti",
            "brand": "philips",
            "category": "beauty",
            "merchantId": 1248,
            "quantity": 100,
            "status": "ACTIVE",
            "thumbnailURL": "https://images-static.nykaa.com/media/catalog/product/tr:w-220,h-220,cm-pad_resize/8/d/8d1cd23PHIAA00000085.jpg",
            "productImageURLs": [
                "https://images-static.nykaa.com/media/catalog/product/8/d/8d1cd23PHIAA00000085_4.jpg",
                "https://images-static.nykaa.com/media/catalog/product/8/d/8d1cd23PHIAA00000085_3.jpg",
                "https://images-static.nykaa.com/media/catalog/product/8/d/8d1cd23PHIAA00000085_2.jpg",
                "https://images-static.nykaa.com/media/catalog/product/8/d/8d1cd23PHIAA00000085_3.jpg"
            ],
            "searchTags": [
                "hair stylers",
                "hair setter",
                "starigntener",
                "hair accessories"
            ],
            "reviews": [
                {
                    "reviewId": 1766,
                    "shopperId": 24739,
                    "shopperName": "Jahnavi Jami",
                    "heading": "nothing",
                    "description": "good",
                    "rating": 4.0,
                    "dateTime": "2023-12-25T08:49:11.752"
                },
                {
                    "reviewId": 1767,
                    "shopperId": 24700,
                    "shopperName": "Bhavana BJJ",
                    "heading": "88",
                    "description": "00",
                    "rating": 5.0,
                    "dateTime": "2023-12-25T08:50:25.865"
                },
                {
                    "reviewId": 7564,
                    "shopperId": 72392,
                    "shopperName": "Thejashwini",
                    "heading": "Good",
                    "description": "Review",
                    "rating": 3.0,
                    "dateTime": "2024-05-23T19:21:17.957"
                }
            ],
            "createdDateTime": null,
            "zoneId": "ALPHA"
        },
        {
            "productId": 76,
            "name": "WASHING MACHINE",
            "title": "ifb deep clean",
            "description": "Fully-automatic Front load washing machine: Best Wash Quality, Energy and Water efficient\nCapacity 8 Kg: Suitable for large families\nEnergy Rating 5 Star: Best in class efficiency\nTRISHIELD PROTECTION : IFB washers come with India’s best warranty 4 years machine warranty + 10 years Motor Warranty + 10 years Spares Support\n1400 RPM: higher spin speeds helps in faster drying\n12 ( + 8 Via mobile APP) Wash Programmes: MY IFB, Anti-Allergen, Baby Wear, Mixed/Daily, Cotton Normal, Synthetic, Cradle wash for Delicates, Woollens, Express 15/ Quick wash, Express 30Min/60Min, Spin Dry/ Rinse, Refresh, Bulky/Bedding/Curtains/Duvet, Sports Wear, Uniform, Dark wash, Jeans, Inner wear, Shirt/Blouse, Tub clean\nBuilt with innovative stainless steel crescent moon drum design that creates a gentle water cushion, preventing damage to fabrics & optimally placed holes provide the mechanical action required to get the desired wash results.",
            "rating": 0.0,
            "price": 9000.0,
            "offer": 59.0,
            "type": "",
            "brand": "ifb",
            "category": "electronics",
            "merchantId": 1248,
            "quantity": 100,
            "status": "ACTIVE",
            "thumbnailURL": "https://m.media-amazon.com/images/S/stores-image-uploads-eu-prod/6/AmazonStores/A21TJRUUN4KGV/4812ecd3f44648647d37806ad513df5f.w3000.h600._CR0%2C0%2C3000%2C600_SX1500_.jpg",
            "productImageURLs": [
                "https://m.media-amazon.com/images/I/814MZE231rL._AC_CR0%2C0%2C0%2C0_SX480_SY360_.jpg",
                "https://m.media-amazon.com/images/I/61cFZUzH+yL._AC_CR0%2C0%2C0%2C0_SX480_SY360_.jpg"
            ],
            "searchTags": [
                "DEEP CLEAN",
                "8KG",
                "FRONT LOAD",
                "IFB"
            ],
            "reviews": null,
            "createdDateTime": "2023-09-13T12:47:29.636",
            "zoneId": "ALPHA"
        },
        {
            "productId": 77,
            "name": "cetaphil Face Moisturizer",
            "title": "cetaphil",
            "description": "Brand\tCetaphil\nScent\tUnscented\nItem Form\tGel\nActive Ingredients\thyaluronic_acid, acrylates,allantoin,caprylyl glycol,citric acid,disodium,glycerin,niacinamide,panthenol,pantolactone,pentylene glycol,propanediol,serine,sodium hydroxidehyaluronic_acid, acrylates,allantoin,caprylyl glycol,citric acid,disodium,glycerin,niacinamide,panthenol,pantolactone,pentylene glycol,propanediol,serine,sodium hydroxide See more\nUnit Count\t1.7 Ounce\nAbout this item\nYou will receive (1) Cetaphil Deep Hydration Skin Restoring Water Gel\nCETAPHIL DEEP HYDRATION SKIN RESTORING WATER GEL: Cooling, weightless water gel clinically proven toinstantly boost the skin's water content and maintainhydration for 72 hours, improves the quality of sensitive skin\n72 HOUR WEIGHTLESS HYDRATION: Slow-release technology containing hyaluronic acid paired with polyglutamic acid provides long-lasting hydration\nDELIVERS IMMEDIATE HYDRATION: HydroSensitiv Complex soothes skin and deepens dynamic hydration by increasing skin overall water content and sealing in moisture\nDESIGNED FOR SENSITIVE SKIN: Oil free, fragrance free and dye free formula is gentle on sensitive skin",
            "rating": 0.0,
            "price": 495.0,
            "offer": 10.0,
            "type": "",
            "brand": "cetaphil",
            "category": "beauty",
            "merchantId": 1248,
            "quantity": 100,
            "status": "ACTIVE",
            "thumbnailURL": "https://m.media-amazon.com/images/I/41wNvAKs2NL._SX300_SY300_QL70_FMwebp_.jpg",
            "productImageURLs": [
                "https://m.media-amazon.com/images/I/71xY8m31++L._SY355_.jpg",
                "https://m.media-amazon.com/images/I/71o4Xj0R0+L._SY355_.jpg",
                "https://m.media-amazon.com/images/I/81JQfo7I1mL._SY355_.jpg"
            ],
            "searchTags": [
                "best face moisturizer",
                "Face cream",
                "Face Moisturizer",
                "Moisturizer",
                "cetaphil"
            ],
            "reviews": null,
            "createdDateTime": "2023-09-13T12:47:50.442",
            "zoneId": "ALPHA"
        },
        {
            "productId": 78,
            "name": "JBL Tune 760 NC",
            "title": "760 NC",
            "description": "\nBrand\tJBL\nModel Name\tTune\nColour\tBlack\nForm Factor\tOver Ear\nConnectivity Technology\t\nBluetooth 5.0\n\nAbout this item\nACTIVE NOISE CANCELLATION: Tune out the Noise & Tune in to your Music with JBL Tune 760NC wireless headset.\nJBL PURE BASS SOUND: For over 70 years, JBL has engineered the precise, impressive sound found in big venues around the world. These Bluetooth headphones reproduce that same JBL sound, punching out bass that’s both deep and powerful.\nUP TO 50 HOURS PLAYTIME: Listen wirelessly for up to 35 hours with Active Noise Cancellation or up to 50 hours without Noise Cancellation for long-lasting fun. Recharge the battery quickly in 2 hours or enjoy endlessly in wired mode using the detachable AUX cable provided.\nGOOGLE FAST PAIR: Thanks to Fast Pair enabled by Google, the JBL Tune 760NC are immediately connected to your Android device. You can also pair multiple devices just by tapping on the devices’ screen.\nDUAL PAIRING (MULTI-POINT CONNECTION): Allows you to effortlessly switch from one Bluetooth device to another. You can simply switch from a video on your tablet to a call on your mobile phone so that you’ll never miss a call.\n\n",
            "rating": 0.0,
            "price": 6000.0,
            "offer": 20.0,
            "type": "headphones",
            "brand": "jbl",
            "category": "electronics",
            "merchantId": 1248,
            "quantity": 10,
            "status": "ACTIVE",
            "thumbnailURL": "https://m.media-amazon.com/images/I/31K0TGXVovL._SX300_SY300_QL70_FMwebp_.jpg",
            "productImageURLs": [
                "https://m.media-amazon.com/images/I/51UFCmurtZL._SX522_.jpg",
                "https://m.media-amazon.com/images/I/619AhAz3GCL._SX522_.jpg",
                "https://m.media-amazon.com/images/I/61pXNw6JpLL._SX522_.jpg"
            ],
            "searchTags": [
                "Wireless",
                "Headphones",
                "JBL"
            ],
            "reviews": [
                
            ],
            "createdDateTime": "2023-09-13T12:48:22.31",
            "zoneId": "ALPHA"
        },
        {
            "productId": 79,
            "name": "Oneplus buds pro2",
            "title": "Oneplus buds",
            "description": "Brand\tOnePlus\nModel Name\tBuds Pro\nColour\tArbor Green\nForm Factor\tIn Ear\nConnectivity Technology\tWireless, Bluetooth\nAbout this item\nSeamless connectivity: Instantaneous pairing with OnePlus smartphone, as soon as you open the charging case lid. It also has Google Fast Pair that helps to connect any android phones easily. To use earbuds functions, please upgrade the Wireless Earphones APP or OnePlus Buds APP to the latest version from Google Play.\nSpatial audio: Enjoy Spatial Audio with Dynamic Head Tracking feature that helps you experience sounds on a whole new level. Co-created with Dynaudio: Helps you achieve optimal listening experience. Smart Scene Noise Cancellation2.0 : Up to 48dB Ultra-wide frequency noise cancellation system with personalized ANC\nWorry-free Battery Life: Up-to 40 Hours Battery with quick charging 10 minutes for 3 hours of use with ANC on. Full charged earbud: up to 6h(music playback; ANC ON); up to 9h(music playback; ANC Off). OnePlus Audio ID2.0 : Personalize your audio via simple listening test at first time setup. This unique hearing profile ID allows one to enjoy the most optimal listening experience best suited to him or her by compensating for mild hearing loss and related aural deficiencies.\nPowerful, Punchy Bass with clear vocals: Drop the bass and listen to clear vocals with dual 11mm + 6mm dual drivers, delivering a precisely boosted sound profile designed to move you.\n3Mic AI for better call and noise cancellation. IP55 Water, Dust and Sweat resistant.",
            "rating": 0.0,
            "price": 12000.0,
            "offer": 20.0,
            "type": "headphones",
            "brand": "oneplus",
            "category": "electronics",
            "merchantId": 1248,
            "quantity": 300,
            "status": "ACTIVE",
            "thumbnailURL": "https://m.media-amazon.com/images/I/512ch1TdARL._AC_UY218_.jpg",
            "productImageURLs": [
                "https://m.media-amazon.com/images/I/31AoPyLzIlL._SX38_SY50_CR,0,0,38,50_.jpg",
                "https://m.media-amazon.com/images/I/31v88QTDtBL._SX38_SY50_CR,0,0,38,50_.jpg",
                "https://m.media-amazon.com/images/I/41j8qTbSj3L._SX38_SY50_CR,0,0,38,50_.jpg",
                "https://m.media-amazon.com/images/I/31Z4B9CccRL._SX38_SY50_CR,0,0,38,50_.jpg"
            ],
            "searchTags": [
                "one plus buds",
                "pro",
                "oneplus",
                "buds",
                "earphone"
            ],
            "reviews": [
                
            ],
            "createdDateTime": "2023-09-13T12:48:27.139",
            "zoneId": "ALPHA"
        },
        {
            "productId": 80,
            "name": "Samsung Galaxy S23 Ultra 5G ",
            "title": "Samsung Galaxy S23 Ultra 5G (Phantom Black, 12GB, 256GB Storage)",
            "description": "Brand\tSamsung\nModel Name\tSamsung Galaxy S23 Ultra\nNetwork Service Provider\tUnlocked for All Carriers\nOperating System\tAndroid 13.0\nCellular Technology\t5G\nAbout this item\nMore innovation, less footprint – Galaxy S23 Ultra's striking symmetrical design returns with one major difference: recycled and eco-conscious materials. From the metal frame to the glass finish, it's polished with fresh new colors inspired by nature.\nNote's signature tool comes built in - The built-in S Pen keeps the legacy of Note alive. Plus, it helps you ditch the dependency on notebooks, making sketches and jotting notes effortless and eco-friendly.\nLow light. Camera. Action - A Pro-grade Camera grabs brighter photos and video, dusk to dawn. The intelligent pixel sensor adapts to low light with Nightography and the camera lens tones down flare for clearer captures\n200MP. Wow-worthy resolution - Resolution on the Wide-angle Camera has nearly doubled, delivering strikingly clear photos. Zoom and crop your shots for a whole new view —or leave it intact for brilliant detail, corner to corner.\nPower for those who don't pause - Your quest for epic mobile gaming is over. Snapdragon 8 Gen 2 Mobile Platform for Galaxy optimizes and streamlines your device for silky smooth games —without draining the battery",
            "rating": 0.0,
            "price": 120000.0,
            "offer": 25.0,
            "type": "mobile",
            "brand": "samsung",
            "category": "electronics",
            "merchantId": 1248,
            "quantity": 101,
            "status": "ACTIVE",
            "thumbnailURL": "https://m.media-amazon.com/images/I/61imYpK33qL._AC_UY327_FMwebp_QL65_.jpg",
            "productImageURLs": [
                "https://m.media-amazon.com/images/I/71vusMCOyuL._SL1500_.jpg",
                "https://m.media-amazon.com/images/I/6113mPTWiuL._SL1500_.jpg",
                "https://m.media-amazon.com/images/I/618zYbpweBL._SL1500_.jpg",
                "https://m.media-amazon.com/images/I/71Q7QmC1X1L._SL1500_.jpg",
                "https://m.media-amazon.com/images/I/61WI9sxW7gL._SL1500_.jpg"
            ],
            "searchTags": [
                " S23",
                "Samsung Galaxy ",
                "ultra",
                " 5G ",
                "S23 Ultra 5G ",
                "Samsung Galaxy S23 Ultra 5G ",
                "Samsung Galaxy S23",
                "samsung"
            ],
            "reviews": [
                
            ],
            "createdDateTime": "2023-09-13T12:48:38.359",
            "zoneId": "ALPHA"
        },
        {
            "productId": 81,
            "name": "tshirts",
            "title": "tshirts",
            "description": "Care Instructions: First Time Dry Clean followed by Hand wash\nFit Type: Slim Fit\nStyle Name:-Tee<br>\nModel Name:-Camo Box Tee<br>\nBrand Color:-Puma Black<br>\nMachine Wash as per the Tag<br>\nCollar Style: Round Collar; Fit Type: Regular Fit; Sport Type: Outdoor Lifestyle; Pattern Type: Solid",
            "rating": 4.3,
            "price": 1200.0,
            "offer": 25.0,
            "type": "men-tshirt",
            "brand": "puma",
            "category": "men",
            "merchantId": 1248,
            "quantity": 200,
            "status": "ACTIVE",
            "thumbnailURL": "https://m.media-amazon.com/images/S/al-eu-726f4d26-7fdb/999e75a7-dac2-47cf-a205-835b9bb18478._CR0,0,1200,628_SX430_QL70_.jpg",
            "productImageURLs": [
                "https://m.media-amazon.com/images/I/81ifH5TNI4L._UX569_.jpg",
                "https://m.media-amazon.com/images/I/51KQyRZYnJL._UX679_.jpg",
                "Care Instructions: First Time Dry Clean followed by Hand wash Fit Type: Slim Fit Style Name:-Tee<br> Model Name:-Camo Box Tee<br> Brand Color:-Puma Black<br> Machine Wash as per the Tag<br> Collar Style: Round Collar; Fit Type: Regular Fit; Sport Type: Outdoor Lifestyle; Pattern Type: Solid"
            ],
            "searchTags": [
                "branded",
                "men",
                "tshirts",
                "puma"
            ],
            "reviews": [
                {
                    "reviewId": 242,
                    "shopperId": 1549,
                    "shopperName": "Sagarika Patel",
                    "heading": "Men",
                    "description": "Nice producr",
                    "rating": 5.0,
                    "dateTime": "2023-09-21T13:21:45.831"
                },
                {
                    "reviewId": 1545,
                    "shopperId": 20087,
                    "shopperName": "shilpa",
                    "heading": "wowwwwwwwwwwwwwwwwwwwwwwwwwwwww",
                    "description": "ttttttttttttshirt",
                    "rating": 3.0,
                    "dateTime": "2023-12-06T14:52:26.762"
                },
                {
                    "reviewId": 2887,
                    "shopperId": 35059,
                    "shopperName": "pinga tingu",
                    "heading": "soooo beautiful soooo elegent ",
                    "description": "just looking like a wow ",
                    "rating": 5.0,
                    "dateTime": "2024-01-23T16:25:51.643"
                }
            ],
            "createdDateTime": "2023-09-13T12:48:41.206",
            "zoneId": "ALPHA"
        },
        {
            "productId": 82,
            "name": "footwares",
            "title": "nike shues",
            "description": "Sole: Rubber\nClosure: Lace-Up\nFit Type: Regular\nShoe Width: Medium\nIncreased Rubber On The Outsole Helps Deliver Traction And Durability\nAll nike products are meant to deliver high performance, durability and great comfort\nWarranty details: Contact seller for warranty",
            "rating": 0.0,
            "price": 500.0,
            "offer": 10.0,
            "type": "men-jogger-track-pant",
            "brand": "nike",
            "category": "men",
            "merchantId": 1248,
            "quantity": 100,
            "status": "ACTIVE",
            "thumbnailURL": "https://m.media-amazon.com/images/I/71uXQOHweEL._AC_UL400_.jpg",
            "productImageURLs": [
                "https://m.media-amazon.com/images/I/81whS8mKsQL._AC_UL400_.jpg",
                "https://m.media-amazon.com/images/G/31/img21/shoes/2023/SS23/Herotater_pc/men5._SX3000_QL85_FMpng_.png"
            ],
            "searchTags": [
                "branded",
                "men",
                "nike",
                "shues"
            ],
            "reviews": null,
            "createdDateTime": "2023-09-13T12:48:41.207",
            "zoneId": "ALPHA"
        },
        {
            "productId": 83,
            "name": "mobiles",
            "title": "mi note 12 pro",
            "description": "\nBrand\tRedmi\nModel Name\tRedmi Note 12 Pro\nNetwork Service Provider\tUnlocked for All Carriers\nOperating System\tAndroid 12.0\nCellular Technology\t5G\nAbout this item\n8 GB RAM | 256 GB ROM; 16.94 cm (6.67 inch) Full HD Display\nForm Factor: Smartphone",
            "rating": 5.0,
            "price": 20000.0,
            "offer": 40.0,
            "type": "mobile",
            "brand": "redmi",
            "category": "electronics",
            "merchantId": 1248,
            "quantity": 150,
            "status": "ACTIVE",
            "thumbnailURL": "https://m.media-amazon.com/images/I/51e9JczbZmL._AC_UY218_.jpg",
            "productImageURLs": [
                "https://m.media-amazon.com/images/I/61OLt2-s-QL._AC_UY218_.jpg"
            ],
            "searchTags": [
                "note 12",
                "5g",
                "pro",
                "12",
                "redmi"
            ],
            "reviews": [
                {
                    "reviewId": 2575,
                    "shopperId": 4355,
                    "shopperName": "abhishek badiger",
                    "heading": "efgrtfrgfdtfh",
                    "description": "frgethynh",
                    "rating": 5.0,
                    "dateTime": "2024-01-06T18:23:10.592"
                }
            ],
            "createdDateTime": "2023-09-13T12:48:41.207",
            "zoneId": "ALPHA"
        },
        {
            "productId": 84,
            "name": "watches",
            "title": "fastrac",
            "description": "Range of 4 dual tone designs | Full Touch Colour Display | 20 Unique Bandfaces\n24-hrs Real Time HR monitoring | Sleep Tracker | Music Control | Camera Control | Phone Finder | Breath (feature) | Idle Alert | Call and Social Media modifications\nExciting new Fastrack Reflex World App | Leaderboard and Community Engagement | Daily Tasks\n10+ Sports Mode | Outdoor Walk, Indoor Walk, Outdoor Running, Indoor Running, Hiking, Outdoor Cycling, Spinning, Elliptical Machine, Rowing, Yoga, HIIT, Other training modes\nWater Resistant IP68 | Up to 10-Days of Battery Life | Magnetic Charging Cable\n1-Year Warranty against Manufacturing Defects\nIdeal for birthday, anniversary and wedding gift\n",
            "rating": 0.0,
            "price": 5000.0,
            "offer": 30.0,
            "type": "watch",
            "brand": "fastrak",
            "category": "electronics",
            "merchantId": 1248,
            "quantity": 230,
            "status": "ACTIVE",
            "thumbnailURL": "https://m.media-amazon.com/images/I/61C3dyVDeVL._AC_UL400_.jpg",
            "productImageURLs": [
                "https://m.media-amazon.com/images/I/91xD1FEK-bL._AC_UL400_.jpg",
                "https://m.media-amazon.com/images/I/61u2Rr7tBRL._AC_UL400_.jpg",
                "https://m.media-amazon.com/images/I/71-i9q1lVPL._UX679_.jpg"
            ],
            "searchTags": [
                "smart",
                "fastrack",
                "watches"
            ],
            "reviews": null,
            "createdDateTime": "2023-09-13T12:48:41.208",
            "zoneId": "ALPHA"
        },
        {
            "productId": 85,
            "name": "mobile",
            "title": "oneplus nord 3",
            "description": "Camera: 64MP Main Camera with EIS; 2MP Depth Lens and 2MP Macro Lens; Front (Selfie) Camera: 16MP Sony IMX471\nCamera Features: AI scene enhancement, Dual-View Video, HDR, Night Portrait, Panorama Mode, Retouch Filters, 1080p video at 30 fps, SLO-MO: 720p video at 120 fps, TIME-LAPSE: 1080p video at 30 fps, Video editor, Face unlock, Screen flash, HDR, NIGHT, PORTRAIT, TIME-LAPSE, Retouch, Filters\nDisplay: 6.59 Inches; 120 Hz Refresh Rate; Support sRGB, Display P3; Resolution: 2412 x 1080 pixels 402ppi; Aspect Ratio: 20:9\nDisplay Features: Dark mode\nOperating System: Oxygen OS based on Android 12\nProcessor: Qualcomm Snapdragon 695 5G\nBattery & Charging: 5000 mAh with 33W SuperVOOC",
            "rating": 0.0,
            "price": 50000.0,
            "offer": 25.0,
            "type": "mobile",
            "brand": "oneplus",
            "category": "electronics",
            "merchantId": 1248,
            "quantity": 400,
            "status": "ACTIVE",
            "thumbnailURL": "https://m.media-amazon.com/images/I/61fDxgcyBDL._AC_UY218_.jpg",
            "productImageURLs": [
                "https://m.media-amazon.com/images/I/61mIUCd-37L._AC_UY218_.jpg",
                "https://m.media-amazon.com/images/I/71BoiXkrEmL._AC_UY218_.jpg"
            ],
            "searchTags": [
                "5g",
                "mobile",
                "plus",
                "one "
            ],
            "reviews": null,
            "createdDateTime": null,
            "zoneId": "ALPHA"
        },
        {
            "productId": 86,
            "name": "mascara",
            "title": "Maybelline New York Mascara, No Clumps, Transfer-proof, Volumizing, Falsies Lash Lift, Black, 8.6 ml",
            "description": "Colour\tBlack\nBrand\tMaybelline\nCoverage\tFull\nProduct Benefits\tVolume,Lifting,Thickening\nSkin Tone\tAll\nItem Dimensions LxWxH\t18 x 18 x 126 Millimeters\nItem Weight\t8.6 Grams\nPackage Information\tBottle\nPackage Type\tBottle\nNet Quantity\t8.6 gram",
            "rating": 0.0,
            "price": 485.0,
            "offer": 8.0,
            "type": "",
            "brand": "maybelline",
            "category": "beauty",
            "merchantId": 1248,
            "quantity": 100,
            "status": "ACTIVE",
            "thumbnailURL": "Maybelline New York Mascara, No Clumps, Transfer-proof, Volumizing, Falsies Lash Lift, Black, 8.6 ml",
            "productImageURLs": [
                "new york",
                "https://m.media-amazon.com/images/I/51czPXUTj1L._SX522_.jpg"
            ],
            "searchTags": [
                "volumizing",
                "falsise",
                "maybelline",
                "mascara"
            ],
            "reviews": null,
            "createdDateTime": "2023-09-13T12:50:32.714",
            "zoneId": "ALPHA"
        },
        {
            "productId": 87,
            "name": "handbag",
            "title": "mirragio",
            "description": "Care Instructions: Faux Leather\nFit Type: regular\nTRENDY AND STYLISH, LATEST HANDBAGS FOR WOMEN: Set yourself a class apart and inspire the rest by carrying this women's tote bag from Miraggio. To stay ahead of the fashion pack, this Denice Tote is a must-have for your formal/office looks. Designed specially to serve the needs of working-class women. Inspired by and made for the quintessential Modern Woman!\nSPACIOUS HANDBAG: Denice Tote Bag comes with 1 Main Compartment, 2 mobile/card pockets, and 1 zip pocket. This tote has space that fits your essentials easily like laptop/tablet, makeup pouch, phone & charger, tit-bits, sipper etc. Assured to hold your belongings safe with a dog hoop loop closure. It features 2 handles attached with metal loops to provide easy grip.\nYOUR TAKE EVRYWHERE TOTE: Roomy enough for all travel must-haves and more. The bag’s square shape affords plenty of room. It comes in three classic colors with contrasting trims. Versatile, it has both a top handle and a long shoulder strap, this functional carryall offers multiple carry styles.\nPREMIUM QUALITY HANDBAG FOR WOMEN: Crafted from signature - Faux leather comes with quality and durability. This classic tote comes with 2 handles and a detachable & Adjustable crossbody strap, making it a multi-purpose bag. Carry it as a top-handle bag, or even utilize the adjustable strap to use it as a shoulder bag or even crossbody.\nSIZE & UTILITY: This tote bag for women can be used as a top handle bag or crossbody bag. Size: Length: 37cm, Height: 29cm, Depth: 15cm. The approximately 69cm long strap is suitable for most adults",
            "rating": 5.0,
            "price": 3799.0,
            "offer": 20.0,
            "type": "",
            "brand": "mirragio",
            "category": "women",
            "merchantId": 1248,
            "quantity": 60,
            "status": "ACTIVE",
            "thumbnailURL": "https://m.media-amazon.com/images/I/61Off49IP0L._AC_UL600_FMwebp_QL65_.jpg",
            "productImageURLs": [
                "https://m.media-amazon.com/images/I/61kjpuhliIL._UX679_.jpg",
                "https://m.media-amazon.com/images/I/71oQWU66CeL._UX679_.jpg",
                "https://m.media-amazon.com/images/I/61tN+VYEG+L._UX679_.jpg",
                "https://m.media-amazon.com/images/I/81hpH8vAQWL._UX679_.jpg"
            ],
            "searchTags": [
                "accessories",
                "women handbags",
                "laptop bags ",
                "mirragio",
                "handbags",
                "bags"
            ],
            "reviews": [
                {
                    "reviewId": 51,
                    "shopperId": 902,
                    "shopperName": "Pragathi vish",
                    "heading": "awesome",
                    "description": "product is very nice everyone should buy this",
                    "rating": 5.0,
                    "dateTime": "2023-09-14T10:37:06.404"
                }
            ],
            "createdDateTime": "2023-09-13T12:50:45.092",
            "zoneId": "ALPHA"
        },
        {
            "productId": 88,
            "name": "dress",
            "title": "Apple Group Latest Fancy Stylish Baby Girls Pista Green Crop Top Pure Viscos Cotton with Flower Printed Design Skirts",
            "description": "Care Instructions: Dry Clean Only\nFit Type: Regular\nLatest Fancy Stylish Baby Girls Crop Top Pure Viscos Cotton With Flower Printed Design Skirts\nContent : 1 Tops + 1 Skits\nTrendy Girls Frocks & Dresses\nIts Pure VIscos Rayon Tops And Skirts Organza Floral Printed With Attractive Beautifual Looks\nThe dresses are perfect for a photo shoot, wedding outfit, flower girl outfit, birthday or half birthdays outfits, or casual every\n",
            "rating": 0.0,
            "price": 700.0,
            "offer": 20.0,
            "type": "girls-top",
            "brand": "apple group ",
            "category": "kids",
            "merchantId": 1248,
            "quantity": 200,
            "status": "ACTIVE",
            "thumbnailURL": "https://m.media-amazon.com/images/I/61V7SXh2qKL._UX679_.jpg",
            "productImageURLs": [
                "https://m.media-amazon.com/images/I/716P7uthXcL._SR38,50_.jpg",
                "https://m.media-amazon.com/images/I/613xuLwrSmL._SR38,50_.jpg",
                "https://m.media-amazon.com/images/I/51pXI2EOk9L._SR38,50_.jpg"
            ],
            "searchTags": [
                "skirt",
                "kids cloth",
                "dress",
                "girl dress",
                "kids girl dress"
            ],
            "reviews": [
                {
                    "reviewId": 6607,
                    "shopperId": 8317,
                    "shopperName": "arun kumar",
                    "heading": "apple skirt",
                    "description": "good",
                    "rating": 0.0,
                    "dateTime": "2024-04-22T10:05:19.547"
                }
            ],
            "createdDateTime": "2023-09-13T12:51:11.564",
            "zoneId": "ALPHA"
        },
        {
            "productId": 89,
            "name": "hanging light",
            "title": "Homesake Home Decor Hanging Light, Pendant Ceiling Lights for Home Decoration, Home Decor Items for Living Room, Wall Lights- (Golden),Corded Electric",
            "description": "Brand\tHomesake\nColour\tBLACK\nMaterial\tOthers\nStyle\tRetro\nLight fixture form\tPendant\nRoom Type\tLiving Room, Bedroom\nProduct Dimensions\t64.8L x 64.8W x 390H Centimeters\nSpecific Uses For Product\tHome\nIndoor/Outdoor Usage\tIndoor\nPower Source\tElectric\nSee more\nAbout this item\nCLASSIC DESIGN: Illuminate your dining room or living room with this striking cluster pendant features three graduated Antique Golden Orb Moroccan lights suspended from a round plate on black-finished rods artfully displayed at different heights.\nA CONVENIENT INSTALLATION PACK: Pendant Light comes with everything you need to install (canopy, a black cord with metal base cap.) Around 15 minutes is enough to get the job done!\nSPECIFICATION: This hanging pendant fixture comes fitted with an E27 Edison Vintage bulbs (BULBS NOT INCLUDED) and features a 40 inch fully adjustable cord, allowing you to customize the fixture to your lighting needs and desired look and a canopy for the ceiling\nDIMENSION: Weight - 2700 gram, Dimension - 25.5x25.5x153.5 cm. DECORATION: Best suited for Dining Room, Bedroom, Living Room, Bar, Restaurants, Study Room, Aisle, Corridor, Coffee Shop.\nMade in India and Exclusively Hand-crafted: All our products are designed and manufactured by our skilled artisans using indigenous techniques in India, sustainably and with locally procured material.\n›",
            "rating": 0.0,
            "price": 6000.0,
            "offer": 50.0,
            "type": "electronic-accessories",
            "brand": "homesake home decor",
            "category": "electronics",
            "merchantId": 1248,
            "quantity": 210,
            "status": "ACTIVE",
            "thumbnailURL": "https://m.media-amazon.com/images/I/81-6gC6NBtL._SX679_.jpg",
            "productImageURLs": [
                "https://m.media-amazon.com/images/I/41HGusQwnPL._SX38_SY50_CR,0,0,38,50_.jpg",
                "https://m.media-amazon.com/images/I/41wZjiw51nL._SX38_SY50_CR,0,0,38,50_.jpg",
                "https://m.media-amazon.com/images/I/51o4f2Tl05L._SX38_SY50_CR,0,0,38,50_.jpg"
            ],
            "searchTags": [
                "home decor",
                "decor",
                "light",
                "hanging light"
            ],
            "reviews": null,
            "createdDateTime": "2023-09-13T12:51:11.565",
            "zoneId": "ALPHA"
        },
        {
            "productId": 91,
            "name": "Study Table",
            "title": "Table",
            "description": "Brand\tPRIVILON GLOBAL\nShape\tRectangular\nStyle\tBLACK\nAbout this item\nSCIENTIFIC DESIGN?- The foldable sofa breakfast Tray is made of MDF while the legs are made of steel with powder coated finished, more strong and sturdy,curved ergonomic tabletop designed for sitting.This table will last for a lifetime and will remain corrosion-free. The steel feet are covered with black sponge for good anti-slip effect.\nPORTABLE?- Light but sturdy, folds flat for space-saving storage and portability, you can storage it at the back you sofa. you can easily carry it around and use it to work from anywhere indoor or take it to outdoor.\nLARGE BED TRAY?- The size of this laptop desk is :23??x16? ,17 inch laptop is a piece a cake. Enough room for you to place large size laptop or books when you struggles in the homework, and desktop card slot and cup slot design make it easy to place on your phone, iPad, books and cups.\nWORRY-FREE?- No assembly required, it is ready to go right out of the box! Feel free to reach to our customer service if you have any trouble with this product, your satisfaction is our priority.\nPRACTIAL GIFT FOR THE PERSON YOU LOVE?- Pre-assembled and carefree,no assembly required, it's ready to go out of the box!The versatile laptop bed tray is perfect for working, gaming, reading, eating and school laptop tables from comfortable beds, sofas.",
            "rating": 0.0,
            "price": 750.0,
            "offer": 50.0,
            "type": "",
            "brand": "vi",
            "category": "kids",
            "merchantId": 1248,
            "quantity": 90,
            "status": "ACTIVE",
            "thumbnailURL": "https://www.amazon.in/sspa/click?ie=UTF8&spc=MTo2MTAxNDQyMDM3OTM4NjIwOjE2OTQ1ODk1MDY6c3BfYXRmOjMwMDA0ODcwODMxNTUzMjo6MDo6&url=%2FPRIVILON-GLOBAL-Writing-Folding-Multipurpose%2Fdp%2FB0CH3R1YNK%2Fref%3Dsr_1_1_sspa%3Fkeywords%3Dstudy%2Btable%26qid%3D1694589506%26sr%3D8-1-spons%26sp_csd%3Dd2lkZ2V0TmFtZT1zcF9hdGY%26psc%3D1",
            "productImageURLs": [
                "https://m.media-amazon.com/images/I/31rmGlt3UrL.jpg",
                "https://m.media-amazon.com/images/I/61nmCAKrEAL._SL1284_.jpg",
                "https://m.media-amazon.com/images/I/41gVkFwVg2L.jpg",
                "https://m.media-amazon.com/images/I/41zQzySe+9L.jpg",
                "https://m.media-amazon.com/images/I/51unq20UHjL.jpg"
            ],
            "searchTags": [
                "small study table",
                "Study table",
                "Table"
            ],
            "reviews": null,
            "createdDateTime": "2023-09-13T12:51:36.453",
            "zoneId": "ALPHA"
        },
        {
            "productId": 92,
            "name": "Fashion",
            "title": "foot wear",
            "description": "Product Dimensions ‏ : ‎ 28 x 13.5 x 10 cm; 760 Grams\nDate First Available ‏ : ‎ 26 May 2023\nManufacturer ‏ : ‎ Huma Enterprise\nASIN ‏ : ‎ B0C6FWM5S3\nItem model number ‏ : ‎ 5618219\nCountry of Origin ‏ : ‎ India\nDepartment ‏ : ‎ womens\nManufacturer ‏ : ‎ Huma Enterprise, Huma Enterprise\nPacker ‏ : ‎ Huma Enterprise\nItem Weight ‏ : ‎ 760 g\nItem Dimensions LxWxH ‏ : ‎ 28 x 13.5 x 10 Centimeters\nGeneric Name ‏ : ‎ Sandal",
            "rating": 2.5,
            "price": 629.0,
            "offer": 12.0,
            "type": "women-ethnic-wear",
            "brand": "bata",
            "category": "women",
            "merchantId": 1248,
            "quantity": 50,
            "status": "ACTIVE",
            "thumbnailURL": "https://m.media-amazon.com/images/I/51mRKgQrb3L._UY695_.jpg",
            "productImageURLs": [
                "https://m.media-amazon.com/images/I/51Wnn3IVbxL._UY695_.jpg",
                "https://m.media-amazon.com/images/I/61yVSPuKXBL._UY695_.jpg",
                "https://m.media-amazon.com/images/I/51vkgKcfWxL._UY695_.jpg",
                "https://m.media-amazon.com/images/I/51zkytsFvSL._UY695_.jpg"
            ],
            "searchTags": [
                "Women's ",
                "BATA ",
                "BATA Women's ",
                "BATA Women's Sandal",
                "Sandal",
                "BATA Women's June Sandal"
            ],
            "reviews": [
                {
                    "reviewId": 861,
                    "shopperId": 218,
                    "shopperName": "Sheebha",
                    "heading": "Great Product",
                    "description": "Perfect fit and comfortable.easy to walk",
                    "rating": 4.5,
                    "dateTime": "2023-11-03T09:17:30.159"
                },
                {
                    "reviewId": 1774,
                    "shopperId": 24643,
                    "shopperName": "Ashok Guntnur",
                    "heading": "good product",
                    "description": "comfortable",
                    "rating": 3.0,
                    "dateTime": "2023-12-25T08:53:50.909"
                },
                {
                    "reviewId": 2551,
                    "shopperId": 21498,
                    "shopperName": "Chinmayee",
                    "heading": "Nice",
                    "description": "Good quality cloth.",
                    "rating": 3.0,
                    "dateTime": "2024-01-05T20:19:35.503"
                }
            ],
            "createdDateTime": "2023-09-13T12:52:30.532",
            "zoneId": "ALPHA"
        },
        {
            "productId": 93,
            "name": "BRACELET",
            "title": "GIVA 925",
            "description": "About this item\nPRODUCT DETAILS: The AAA+ Zircon embellished bracelet is made up of 925 sterling silver with stamp. Adjustable upto 2.30 inch with lobster clasp, this bracelet is anti tarnish with rhodium e-coating.\nPACKAGING & CARE INSTRUCTIONS : The bracelet comes in a cute GIVA jewellery box along with GIVA jewellery kit which includes a soft cleaning cloth for jewellery care. Wipe your jewellery with the soft cloth after every use, store it in a flat box to avoid accidental scratches. Keep sprays and perfumes away from your jewellery, do not soak it in water\nWARRANTY: GIVA offers a manufacturer's warranty* that covers the replacement of your GIVA Jewellery for 6 months from the date of purchase & Free Lifetime Plating Service . Providing the original invoice is mandatory. *T&C apply, detailed T&C available on our website\nABOUT GIVA: GIVA is all about YOU. A one stop shop for the trendiest silver jewellery, our intent is to bring you something personal to express yourself the best!\nCERTIFICATION: All our jewellery is 925 Stamped and comes with an Authenticity Certificate",
            "rating": 0.0,
            "price": 5000.0,
            "offer": 16.0,
            "type": "foundation",
            "brand": "giva",
            "category": "beauty",
            "merchantId": 1248,
            "quantity": 4000,
            "status": "ACTIVE",
            "thumbnailURL": "https://m.media-amazon.com/images/I/617MBdR-KiL._UY695_.jpg",
            "productImageURLs": [
                "https://m.media-amazon.com/images/I/617MBdR-KiL._UY695_.jpg"
            ],
            "searchTags": [
                "BRACELET",
                "WOMEN",
                "SILVER"
            ],
            "reviews": [
                
            ],
            "createdDateTime": "2023-09-13T12:52:40.71",
            "zoneId": "ALPHA"
        },
        {
            "productId": 94,
            "name": "recliners",
            "title": "home and living",
            "description": "Material: Fabric\n3 Reclining Positions\nFilling Material: Foam, Polyfill\nW x H x D: 96 cm x 98 cm x 95 cm (3 ft 1 in x 3 ft 2 in x 3 ft 1 in)\nDelivery Condition: DIY - Basic assembly to be done with simple tools by the customer, comes with instructions.\nEasy Payment Options\nNo cost EMI starting from ₹1,458/month\nCash on Delivery\nNet banking & Credit/ Debit/ ATM card\nView Details\nWarranty\n1 Year manufacturer Warranty on the Product",
            "rating": 0.0,
            "price": 27999.0,
            "offer": 12.0,
            "type": "",
            "brand": "jordyblue",
            "category": "electronics",
            "merchantId": 1248,
            "quantity": 40,
            "status": "ACTIVE",
            "thumbnailURL": "https://rukminim2.flixcart.com/image/612/612/xif0q/recliner/d/p/d/-original-imagt79p7jvfsjhr.jpeg?q=70",
            "productImageURLs": [
                "https://rukminim2.flixcart.com/image/416/416/xif0q/recliner/3/a/m/95-1-seater-desert-orange-micro-suede-96-avalonrecmansueor1s-original-imagqgn52vhsfysg.jpeg?q=70",
                "https://rukminim2.flixcart.com/image/416/416/xif0q/recliner/i/y/i/95-1-seater-desert-orange-micro-suede-96-avalonrecmansueor1s-original-imagqgn5ddzcnt8e.jpeg?q=70",
                "https://rukminim2.flixcart.com/image/416/416/xif0q/recliner/1/h/p/95-1-seater-desert-orange-micro-suede-96-avalonrecmansueor1s-original-imagqgn5zmywbsvv.jpeg?q=70",
                "https://rukminim2.flixcart.com/image/416/416/xif0q/recliner/y/i/n/95-1-seater-desert-orange-micro-suede-96-avalonrecmansueor1s-original-imagqgn52zy335q7.jpeg?q=70"
            ],
            "searchTags": [
                "comforter",
                "sofas",
                "recliners",
                "chairs"
            ],
            "reviews": null,
            "createdDateTime": "2023-09-13T12:53:22.9",
            "zoneId": "ALPHA"
        },
        {
            "productId": 95,
            "name": "shoes",
            "title": "adidas shoes",
            "description": "Closure: Lace-Up\nFit Type: Regular\nShoe Width: Medium\nUpper Material: Synthetic; Insole: Comfort Insole\nColor: Creblu/amblus\nAnkle Height: Regular\nArch Type: Medium\nPackage Contents: Womens Running Shoes\n",
            "rating": 0.0,
            "price": 1500.0,
            "offer": 0.0,
            "type": "electronic-accessories",
            "brand": "adidas",
            "category": "electronics",
            "merchantId": 1248,
            "quantity": 1,
            "status": "ACTIVE",
            "thumbnailURL": "Adidas Womens Contemx W Running Shoe",
            "productImageURLs": [
                "https://m.media-amazon.com/images/I/81RljlORH6L._UX695_.jpg"
            ],
            "searchTags": [
                "running"
            ],
            "reviews": [
                {
                    "reviewId": 2539,
                    "shopperId": 26243,
                    "shopperName": "Smitha",
                    "heading": "Review",
                    "description": "It is a good product",
                    "rating": 5.0,
                    "dateTime": "2024-01-05T20:04:41.585"
                }
            ],
            "createdDateTime": "2023-09-13T12:54:12.31",
            "zoneId": "ALPHA"
        },
        {
            "productId": 96,
            "name": "DIMOND RING",
            "title": "14KT",
            "description": "This Beautiful Piece of Ring is crafted in Real Diamond & 14KT gold.;IGI Certified Diamond Jewellery with BIS Hallmarked Gold.; Gold Weight - 0.79G , Diamond Weight - 0.01CT & No of Diamonds - 1;The Ring Size is - 14\nTrust of Kisna: Easy Exchange & Buyback with Life Time Warranty.;Images shown are zoomed in for better view. Product will be of specified size.\nDepartment Name: Womens; Color Name: Yellow Gold",
            "rating": 0.0,
            "price": 1000.0,
            "offer": 59.0,
            "type": "",
            "brand": "kisna",
            "category": "women",
            "merchantId": 1248,
            "quantity": 100,
            "status": "ACTIVE",
            "thumbnailURL": "https://m.media-amazon.com/images/I/51eJZ3rcPiL._UL1200_.jpg",
            "productImageURLs": [
                "https://m.media-amazon.com/images/I/41c0tFDEXZL._UL1200_.jpg",
                "https://m.media-amazon.com/images/I/41AgHsOU+DL.jpg",
                "https://m.media-amazon.com/images/I/51eJZ3rcPiL._UL1200_.jpg"
            ],
            "searchTags": [
                "KISNA DIMOND",
                "DIMOND",
                "DIMOND RING",
                "RING"
            ],
            "reviews": null,
            "createdDateTime": "2023-09-13T12:54:17.435",
            "zoneId": "ALPHA"
        },
        {
            "productId": 97,
            "name": "laptop carrier",
            "title": "sky bags",
            "description": "Size: 13 inch/13.3 inch\nsky bags Waterproof shockproof laptop shoulder bag is light and easy to carry\nSay Goodbye to dull color laptop bag,our special patten laptop bag make you unique\nMade of high quality canvas and thick metal zipper puller,metal buckle.Our bag is strong and durable to use\nEach side have a big pocket can hide handle and hold mouse,power,mobile device and so on\nDimensions: 420mm x 300mm x 25mm (LxWxH) can hold 14 inch 15 inch 15.6 inch laptop",
            "rating": 0.0,
            "price": 499.0,
            "offer": 15.0,
            "type": "",
            "brand": "sky bags",
            "category": "women",
            "merchantId": 1248,
            "quantity": 213,
            "status": "ACTIVE",
            "thumbnailURL": "https://m.media-amazon.com/images/I/71pqcSJLwvL._AC_SX425_.jpg",
            "productImageURLs": [
                "https://m.media-amazon.com/images/I/51helCojo+L._AC_US40_.jpg",
                "https://m.media-amazon.com/images/I/51DCTF5rp2L._AC_US40_.jpg",
                "https://m.media-amazon.com/images/I/711YehaWMIL._AC_SX522_.jpg",
                "https://m.media-amazon.com/images/I/51eD-YeWsLL._AC_US40_.jpg",
                "https://m.media-amazon.com/images/I/71+w7myWGrL._AC_SX425_.jpg"
            ],
            "searchTags": [
                "laptop bag",
                "bag",
                "carrier",
                "sky bags",
                "laptop carrier"
            ],
            "reviews": null,
            "createdDateTime": "2023-09-13T12:55:06.056",
            "zoneId": "ALPHA"
        },
        {
            "productId": 98,
            "name": "Nord 2 Lite",
            "title": "Nord Lite",
            "description": "Brand\tOnePlus\nModel Name\tOnePlus Nord 3 5G\nNetwork Service Provider\tUnlocked for All Carriers\nOperating System\tOxygenOS\nCellular Technology\t5G\n\nAbout this item\nCamera: 50MP Main Camera with Sony IMX890 (OIS supported), 8MP Ultrawide Camera with Sony IMX355 (FOV: 112 degree) and 2MP Macro lens f/2.4 and a FOV 89°; 16MP Front (Selfie) Camera with EIS supported\nCamera Features: Photo, Video, Night, Portrait, PANO, TIME-LAPSE, and Dual-view video\nDisplay: 6.74 Inches; 120 Hz AMOLED FHD+ Display with Corning Gorilla Glass Victus; Resolution: 2772 X 1240 pixels; HDR 10+, sRGB, 10-bit Color Depth, PWM + DC dimming\nOperating System: OxygenOS based on Android 13.1\nProcessor: MediaTek Dimensity 9000 Chipset (Based 4nm Architecture)",
            "rating": 0.0,
            "price": 35000.0,
            "offer": 25.0,
            "type": "mobile",
            "brand": "oneplus",
            "category": "electronics",
            "merchantId": 1248,
            "quantity": 10,
            "status": "ACTIVE",
            "thumbnailURL": "https://m.media-amazon.com/images/I/6116+vSW+1L._SX569_.jpg",
            "productImageURLs": [
                "https://m.media-amazon.com/images/I/71I5duZdx8L._SX679_.jpg",
                "https://m.media-amazon.com/images/I/51opW+tODpL._SY741_.jpg",
                "https://m.media-amazon.com/images/I/617teP7wQsL._SY741_.jpg"
            ],
            "searchTags": [
                "Mobile",
                "Lite",
                "Nord",
                "Oneplus"
            ],
            "reviews": null,
            "createdDateTime": "2023-09-13T12:55:32.288",
            "zoneId": "ALPHA"
        },
        {
            "productId": 99,
            "name": "TV",
            "title": "Sony Bravia 139 cm (55 inches) ",
            "description": "Eligible for Free Open Box Inspection Details \nScreen Size\t55 Inches\nBrand\tSony\nSupported Internet Services\tNetflix, Amazon Prime Video, Disney+ Hotstar, Sony Liv, Zee5, Voot, Hoichoi & many More\nDisplay Technology\tLED\nProduct Dimensions\t8.4D x 124.3W x 72.9H Centimeters\nResolution\t4K\nRefresh Rate\t60 Hz\nSpecial Feature\tGoogle TV | Watchlist | Voice Search | Google Play | Chromecast | Netflix | Amazon Prime Video | Additional Features: Apple Airplay | Apple Homekit | AlexaGoogle TV | Watchlist | Voice Search | Google Play | Chromecast | Netflix | Amazon Prime Video | Additional Features: Apple Airplay | Apple Homekit | Alexa\nModel Name\tKD-55X74K\nIncluded Components\t1 LED TV, 1 Warranty Card, 1 AC Power Cord, 1 Remote Control, 1 Table-Top Stand, 1 User Manual, 2 AAA Batteries1 LED TV, 1 Warranty Card, 1 AC Power Cord, 1 Remote Control, 1 Table-Top Stand, 1 User Manual, 2 AAA Batteries\nAbout this item\nResolution: 4K Ultra HD (3840 x 2160) | Refresh Rate: 60 Hertz | 178 Degree wide viewing angle\nConnectivity: 3 HDMI ports to connect set top box, Blu Ray players, gaming console | 2 USB ports to connect hard drives and other USB devices\nSound : 20 Watts Output | Open Baffle Speaker| Dolby Audio | Clear Phase\nSmart TV Features: Google TV | Watchlist | Voice Search | Google Play | Chromecast | Netflix | Amazon Prime Video | Additional Features: Apple Airplay | Apple Homekit |Alexa\nDisplay: X1 4K Processor | 4K HDR | Live Colour| 4K X Reality Pro | Motion Flow XR100\nWarranty Information: 1 year warranty provided by the manufacture from the date of purchase\nInstallation: Brand will contact for installation for this product once delivered. Contact Sony for assistance (Please visit brand website for toll free numbers) and provide product's model name and seller's details mentioned on your invoice. The service center will allot you a convenient slot for the service\nEasy returns: This product is eligible for replacement within 10 days of delivery in case of any product defects, damage or features not matching the description provided\n› See more product details",
            "rating": 0.0,
            "price": 56990.0,
            "offer": 43.0,
            "type": "electronic-accessories",
            "brand": "sony",
            "category": "electronics",
            "merchantId": 1248,
            "quantity": 150,
            "status": "ACTIVE",
            "thumbnailURL": "https://m.media-amazon.com/images/I/51uVckL1jRL._SY300_SX300_QL70_FMwebp_.jpg",
            "productImageURLs": [
                "https://m.media-amazon.com/images/G/31/HomeCustomProduct/360_icon_73x73v2._CB485971317_SS40_FMpng_RI_.png",
                "https://m.media-amazon.com/images/I/31P2mPdIi+L._SS40_.jpg",
                "https://m.media-amazon.com/images/I/51C5Z4xNLKL._SS40_.jpg",
                "https://m.media-amazon.com/images/I/51oolP5uTZL.SS40_BG85,85,85_BR-120_PKdp-play-icon-overlay__.jpg"
            ],
            "searchTags": [
                "55 inches",
                "sony",
                "TV"
            ],
            "reviews": null,
            "createdDateTime": "2023-09-13T12:55:34.83",
            "zoneId": "ALPHA"
        },
        {
            "productId": 100,
            "name": "boat headphones",
            "title": "boat rockerz 450",
            "description": "Playback- It provides a massive battery backup of upto 15 hours for a superior playback time. Charging Time : 3 Hours\nDrivers- Its 40mm dynamic drivers help pump out immersive HD audio all day long.\nEarcushions- It has been ergonomically designed and structured as an on-ear headphone to provide the best user experience with its comfortable padded earcushions and lightweight design\nControls- You can control your music without hiccups using the easy access controls, communicate seamlessly using the built-in mic, access voice assistant and always stay in the zone\nDual Modes- One can connect to boAt Rockerz 450 via not one but two modes, Bluetooth as well as AUX\n1 year warranty from the date of purchase",
            "rating": 0.0,
            "price": 1459.0,
            "offer": 30.0,
            "type": "headphones",
            "brand": "boat",
            "category": "electronics",
            "merchantId": 1248,
            "quantity": 200,
            "status": "ACTIVE",
            "thumbnailURL": "https://m.media-amazon.com/images/I/51xxA+6E+xL._AC_UY327_FMwebp_QL65_.jpg",
            "productImageURLs": [
                "https://m.media-amazon.com/images/I/710JwD0MP5L._SX679_.jpg",
                "https://m.media-amazon.com/images/I/71-bbXujTLL._SX679_.jpg",
                "https://m.media-amazon.com/images/I/71QDnQWrVNL._SX679_.jpg"
            ],
            "searchTags": [
                "bluetooth",
                "450",
                "rockers",
                "boat",
                "headphones"
            ],
            "reviews": null,
            "createdDateTime": "2023-09-13T12:56:33.146",
            "zoneId": "ALPHA"
        },
        {
            "productId": 101,
            "name": "Victoria's Secret Bombshell Eau De Parfum ",
            "title": "Victoria's secret perfume",
            "description": "\nBrand\tVictoria's Secret\nItem Form\tSpray\nItem Volume\t1.7 Fluid Ounces\nScent\tFresh\nSpecial Feature\tTravel Size\n",
            "rating": 0.0,
            "price": 12000.0,
            "offer": 2.0,
            "type": "",
            "brand": "victoria's secret",
            "category": "beauty",
            "merchantId": 1248,
            "quantity": 5,
            "status": "ACTIVE",
            "thumbnailURL": "https://m.media-amazon.com/images/I/616AIB+F44L._AC_UL320_.jpg",
            "productImageURLs": [
                "https://m.media-amazon.com/images/I/81N5oJKRGtL._SX522_.jpg",
                "https://m.media-amazon.com/images/I/51Uh66HmlxL._SY679_.jpg",
                "https://m.media-amazon.com/images/I/61S6hE2xBuL._SX522_.jpg",
                "https://m.media-amazon.com/images/I/616AIB+F44L._SY679_.jpg"
            ],
            "searchTags": [
                "fragrance",
                "victoria's secret bombshell",
                "bombshell",
                "victoria's secret",
                "parfum",
                "perfume"
            ],
            "reviews": [
                
            ],
            "createdDateTime": "2023-09-13T12:56:35.947",
            "zoneId": "ALPHA"
        },
        {
            "productId": 102,
            "name": "Kids game",
            "title": "Building Blocks for Kids",
            "description": "Brand\tFunBlast\nMinimum Manufacturer Age Recommended\t36.00\nMaterial\tPlastic\nColour\tMulti color\nEducational Objective\tCreative Thinking, Construction Skills, Hand Eye Coordination, Shapes & Color Recognition\nAbout this item\nLittle kids love things bright and colorful. They are easily attracted to them. Colorful Learning Blocks set to make your little one playtime educational yet fun\nA Bag Building Blocks for Kids comes in a zippered packet with a handle, which makes it very convenient to store the blocks and carry them from one place to another\nSkillset: Motor Skill, Mental Exercise, Observed Coordination, Communication skills\nRecommended Age - 3+ Year, Comes with16 Pcs of Movable Wheel\nBuilding Blocks Including 16 Pcs of Movable Wheel",
            "rating": 2.0,
            "price": 350.0,
            "offer": 40.0,
            "type": "",
            "brand": "funblast",
            "category": "kids",
            "merchantId": 1248,
            "quantity": 75,
            "status": "ACTIVE",
            "thumbnailURL": "https://m.media-amazon.com/images/I/61SeR-B5XlL._AC_SR180,120_QL70_.jpg",
            "productImageURLs": [
                "https://m.media-amazon.com/images/I/41NFiYjK6yL.jpg",
                "https://m.media-amazon.com/images/I/51wMDaQ31LL._SL1182_.jpg",
                "https://m.media-amazon.com/images/I/61SeR-B5XlL._SL1280_.jpg"
            ],
            "searchTags": [
                "Building Blocks for Kids with Wheel",
                "FunBlast",
                "Kids"
            ],
            "reviews": [
                {
                    "reviewId": 2844,
                    "shopperId": 32632,
                    "shopperName": "SHWETA",
                    "heading": "BEST PRODUCT",
                    "description": "BEST",
                    "rating": 2.0,
                    "dateTime": "2024-01-18T14:49:05.663"
                }
            ],
            "createdDateTime": "2023-09-13T12:56:43.115",
            "zoneId": "ALPHA"
        },
        {
            "productId": 103,
            "name": "Elica 60 cm 1425 m3",
            "title": "Elica 60 cm 1425 m3/hr Autoclean Kitchen Chimney with 15 Years Warranty (WD TBF HAC 60 MS NERO, 2 Baffle Filters, Touch + Motion Sensor Control, Black)",
            "description": "\nBrand\tElica\nProduct Dimensions\t53.6D x 60W x 48H Centimeters\nColour\tBlack\nSpecial Feature\tTouch + Motion Sensor Control, Autoclean\nFinish Type\tchristmas\nAbout this item\nSize: 60 cm (2-4 burner stove for wall mounted kitchen chimneys)\nSuction Capacity: 1425 m3/hr (For kitchen size >200 sqft & heavy frying/grilling)\nWarranty by Elica: 15 Years Warranty on Motor w.e.f. 1st June'23 and 2 Years Comprehensive Warranty w.e.f. 1st March'23.\nType: Curved Glass, Wall Mounted | Autoclean | Colour: Black\nControl Type: Touch + Motion Sensor Control | Max noise(dB): 58\n",
            "rating": 0.0,
            "price": 13250.0,
            "offer": 55.0,
            "type": "electronic-accessories",
            "brand": "elica ",
            "category": "electronics",
            "merchantId": 1248,
            "quantity": 100,
            "status": "ACTIVE",
            "thumbnailURL": "https://m.media-amazon.com/images/I/31Nzic35AmL._SX38_SY50_CR,0,0,38,50_.jpg",
            "productImageURLs": [
                "https://m.media-amazon.com/images/I/41cF7MPHjYL._SX38_SY50_CR,0,0,38,50_.jpg",
                "https://m.media-amazon.com/images/I/41HzVa6zmrL._SX38_SY50_CR,0,0,38,50_.jpg",
                "https://m.media-amazon.com/images/I/51Dsbl4YJ7L._SX38_SY50_CR,0,0,38,50_.jpg"
            ],
            "searchTags": [
                "home appliances",
                "elica",
                "chimney",
                "electronics"
            ],
            "reviews": null,
            "createdDateTime": "2023-09-13T12:57:03.473",
            "zoneId": "ALPHA"
        },
        {
            "productId": 104,
            "name": "Television",
            "title": "Crystal iSmart 4K ultra HD smart LED TV",
            "description": "Eligible for Free Open Box Inspection Details \nScreen Size\t55 Inches\nBrand\tSamsung\nSupported Internet Services\tNetflix, Prime Video, Zee5, SonyLiv, Youtube, Hotstar\nDisplay Technology\tLED\nProduct Dimensions\t6D x 123.1W x 70.7H Centimeters\nResolution\t4K\nRefresh Rate\t50 Hz\nSpecial Feature\tSmart TV Features : Supported apps: Netflix, Prime Video, YouTube, etc., Screen mirroring, Universal Guide, Media Home, Tap View, Mobile Camera Support, AI Speaker, Easy Setup, App Casting, Wireless DeX, SmartThings, Smart Hub, IoT Sensor, Web BrowserSmart TV Features : Supported apps: Netflix, Prime Video, YouTube, etc., Screen mirroring, Universal Guide, Media Home, Tap View, Mobile Camera Support, AI Speaker, Easy Setup, App Casting, Wireless DeX, SmartThings,… See more\nModel Name\tUA55CUE60AKLXL\nIncluded Components\t1N LED TV, 1N Power Cord, 1N Remote Control, 2N Stand-Top, 1N OC,1 User Manual, 1 LED TV, 2 Battery (AAA Size), 1 REMOCON, 1 Stant-Left, 1 Stant-Right1N LED TV, 1N Power Cord, 1N Remote Control, 2N Stand-Top, 1N OC,1 User Manual, 1 LED TV, 2 Battery (AAA Size), 1 REMOCON, 1 Stant-Left, 1 Stant-Right\nSee more\nAbout this item\nSmart TV Features : Supported apps: Netflix, Prime Video, YouTube, etc., Screen mirroring, Universal Guide, Media Home, Tap View, Mobile Camera Support, AI Speaker, Easy Setup, App Casting, Wireless DeX, SmartThings, Smart Hub, IoT Sensor, Web Browser",
            "rating": 5.0,
            "price": 47990.0,
            "offer": 35.0,
            "type": "",
            "brand": "samsung",
            "category": "electronics",
            "merchantId": 1248,
            "quantity": 100,
            "status": "ACTIVE",
            "thumbnailURL": "https://m.media-amazon.com/images/I/81+JXgPUDLL._AC_UY327_FMwebp_QL65_.jpg",
            "productImageURLs": [
                "https://m.media-amazon.com/images/I/71B7sRIydwL._AC_UY327_FMwebp_QL65_.jpg",
                "https://m.media-amazon.com/images/I/51q3+E64azL._AC_SR320,320_.jpg"
            ],
            "searchTags": [
                " crystal ultra 4k",
                "ismart",
                "Samsung",
                "Television"
            ],
            "reviews": [
                {
                    "reviewId": 7479,
                    "shopperId": 78553,
                    "shopperName": "Abhi Kumar",
                    "heading": "good",
                    "description": "beautiful",
                    "rating": 5.0,
                    "dateTime": "2024-05-21T13:52:55.965"
                }
            ],
            "createdDateTime": "2023-09-13T12:57:54.313",
            "zoneId": "ALPHA"
        },
        {
            "productId": 105,
            "name": "GUN",
            "title": "FULLY AUTOMATED",
            "description": "About this item\nEjection Action: Simulate the actual combat scene. After each shooting, the shell will jump out, which is toy guns that look real. The children will like it\nSoft bullets Jump design: Toy guns can load 8 pcs of darts, EVA Bullet will travel about 20 feet for safety\nSafe and Soft Bullets: This fake gun loaded with soft foam bullets that are made of High-quality EVA material, not cause harm to the human body and children can shoot it safely.(8 shell and 10 Soft Bullet）\nThe great gifts for 8, 9, 10+ year old boys and girls: Holiday, Christmas and Birthday gifts. Anyway got this as a gift for kids or parent-child fun, this toy must be surprise when kids got it\nThe fun of this cool toy is the realism of it's mechanics, not the distance or accuracy of the projectile\n› See more product details\n",
            "rating": 1.0,
            "price": 100000.0,
            "offer": 0.0,
            "type": "electronic-accessories",
            "brand": "al-queda",
            "category": "electronics",
            "merchantId": 1248,
            "quantity": 1,
            "status": "ACTIVE",
            "thumbnailURL": "https://m.media-amazon.com/images/I/51F0tsAdXlL._SY300_SX300_QL70_FMwebp_.jpg",
            "productImageURLs": [
                "https://m.media-amazon.com/images/I/51F0tsAdXlL._SY300_SX300_QL70_FMwebp_.jpg"
            ],
            "searchTags": [
                "MANI",
                "BIN LADEN",
                "TERRORIST",
                "GUN"
            ],
            "reviews": [
                {
                    "reviewId": 4625,
                    "shopperId": 50384,
                    "shopperName": "LALLA",
                    "heading": "review",
                    "description": "BAD",
                    "rating": 1.0,
                    "dateTime": "2024-03-14T08:28:30.058"
                }
            ],
            "createdDateTime": "2023-09-13T12:58:16.295",
            "zoneId": "ALPHA"
        },
        {
            "productId": 106,
            "name": "Headphone",
            "title": "sennheiser Headphone HD 450SE",
            "description": "Brand\tSennheiser\nModel Name\tHD 450SE\nColour\tBlack\nForm Factor\tOver Ear\nConnectivity Technology\tBluetooth 5.0",
            "rating": 0.0,
            "price": 10000.0,
            "offer": 25.0,
            "type": "electronic-accessories",
            "brand": "sennheiser",
            "category": "electronics",
            "merchantId": 1248,
            "quantity": 25,
            "status": "ACTIVE",
            "thumbnailURL": "https://m.media-amazon.com/images/I/61Wiw8zIwvL._AC_UY327_FMwebp_QL65_.jpg",
            "productImageURLs": [
                "https://m.media-amazon.com/images/I/71gn4UdPy5L._SX522_.jpg",
                "https://m.media-amazon.com/images/I/61xtto8AvRL._SX522_.jpg",
                "https://m.media-amazon.com/images/I/71ae7ZXQVdL._SX522_.jpg",
                "https://m.media-amazon.com/images/I/61Wiw8zIwvL._SY679_.jpg"
            ],
            "searchTags": [
                "brand headphone",
                "headset",
                "headphone"
            ],
            "reviews": null,
            "createdDateTime": "2023-09-13T12:58:40.444",
            "zoneId": "ALPHA"
        },
        {
            "productId": 107,
            "name": "Shirts",
            "title": "Formals shirt ",
            "description": "Product Dimensions ‏ : ‎ 27.5 x 22.5 x 2 cm; 300 Grams\nDate First Available ‏ : ‎ 11 October 2022\nManufacturer ‏ : ‎ ABFRL\nASIN ‏ : ‎ B0BHW6KNZJ\nItem model number ‏ : ‎ PESFOSLPL65546\nCountry of Origin ‏ : ‎ India\nDepartment ‏ : ‎ Men\nManufacturer ‏ : ‎ ABFRL, Aditya Birla Fashion and Retail Ltd,7th Floor, Skyline Icon Business Park, 86-92, Off A.K. Road, Marol Village, Andheri (East), Mumbai, Maharashtra 400059\nItem Weight ‏ : ‎ 300 g\nItem Dimensions LxWxH ‏ : ‎ 27.5 x 22.5 x 2 Centimeters\nGeneric Name ‏ : ‎ Shirt\nBest Sellers Rank: #141,006 in Clothing & Accessories (See Top 100 in Clothing & Accessories)\n#1,275 in Men's Formal Shirts\n",
            "rating": 2.5,
            "price": 1000.0,
            "offer": 25.0,
            "type": "men-sweatshirt",
            "brand": "peterengland",
            "category": "men",
            "merchantId": 1248,
            "quantity": 50,
            "status": "ACTIVE",
            "thumbnailURL": "https://m.media-amazon.com/images/I/41kfBsD50JL._SR38,50_.jpg",
            "productImageURLs": [
                "https://m.media-amazon.com/images/I/31F5MsbWqPL._SR38,50_.jpg",
                "https://m.media-amazon.com/images/I/41dBdYWpkQL._SR38,50_.jpg",
                "https://m.media-amazon.com/images/I/41kfBsD50JL._SR38,50_.jpg"
            ],
            "searchTags": [
                "peter england shirt",
                "peter england",
                "normal shirt",
                "formals",
                "men shirt",
                "men"
            ],
            "reviews": [
                {
                    "reviewId": 1777,
                    "shopperId": 24765,
                    "shopperName": "sam thiru",
                    "heading": "ghb",
                    "description": "vfg",
                    "rating": 5.0,
                    "dateTime": "2023-12-25T08:58:39.559"
                },
                {
                    "reviewId": 2886,
                    "shopperId": 35021,
                    "shopperName": "A R Karthik",
                    "heading": "good",
                    "description": "chciu",
                    "rating": 5.0,
                    "dateTime": "2024-01-23T15:54:48.815"
                }
            ],
            "createdDateTime": "2023-09-13T12:58:41.376",
            "zoneId": "ALPHA"
        },
        {
            "productId": 108,
            "name": "Fire-Boltt Ninja Call Pro Plus 1.83\" Smart Watch with Bluetooth Calling, AI Voice",
            "title": "Fire-Boltt Ninja Call Pro Plus ",
            "description": "【1.83\" HD Display Smart Watch】- The 46.48mm (1.83-inch) HD display makes the display clear and true-to-life, with vivid colours ensuring smooth readability and keeping the watch as exquisite to look at as when you first lay your eyes on it. The watch has a 280 NITS Peak Brightness\nThis fashion smart watch will work on a single charge for about 8 days (without Bluetooth calling) and about 5 Days with Bluetooth calling.\nCharging Specs - The watch needs to be charged for 2 hours to reach 100%. The charger should be a 3.7V to 5V adapter or any laptop output. For a bare minimum of 20% charge the watch needs to be charged for about 30-40 mins\nYou cannot store Music in the watch, you can only control the music. 【AI Voice Assistant】- With built-in Voice assistant, you can simply speak to the smartwatch & get things done on your command\nThere is no volume control, however when connected to bt calling you can control the volume of the call. 【Bluetooth Calling Watch】- Fire-Boltt Ninja Call Pro Plus Smartwatch enables you to make and receive calls directly from your watch via the built-in speaker and microphone.",
            "rating": 0.0,
            "price": 1500.0,
            "offer": 20.0,
            "type": "watch",
            "brand": "boat",
            "category": "electronics",
            "merchantId": 1248,
            "quantity": 100,
            "status": "ACTIVE",
            "thumbnailURL": "https://m.media-amazon.com/images/I/41QzYzs+JuL._SS40_.jpg",
            "productImageURLs": [
                "https://m.media-amazon.com/images/I/519qtVWP7vL._SS40_.jpg",
                "https://m.media-amazon.com/images/I/41bgvTdZMBL._SS40_.jpg"
            ],
            "searchTags": [
                "fire bolt ninja plus",
                "ninja",
                "fire bolt",
                "watch",
                "digital watch"
            ],
            "reviews": null,
            "createdDateTime": "2023-09-13T12:58:41.377",
            "zoneId": "ALPHA"
        },
        {
            "productId": 109,
            "name": "Bluetooth portable speaker",
            "title": "Zebronics ZEB-COUNTY 3W Wireless Bluetooth Portable Speaker",
            "description": "Zeb-county is a compact and handy portable speaker that comes with multi-connectivity options like wireless BT/USB/micro SD and AUX. Wall Mountable Satellite : No\nThe speaker comes with a call function along with a built-in fm radio too\nSpeaker impedance 3Ω\nFrequency response 120hz-15khz\nCharging time 2.5H\nPlayback time approx. 10 hrs\n1 Year warranty-from the date of purchase\nTo connect to FM: Switch the speaker to FM mode and connect the micro USB cable to the micro USB port of the speaker and leave the other end free (this cable will act as the FM antenna).",
            "rating": 0.0,
            "price": 900.0,
            "offer": 30.0,
            "type": "electronic-accessories",
            "brand": "zebronics",
            "category": "electronics",
            "merchantId": 1248,
            "quantity": 150,
            "status": "ACTIVE",
            "thumbnailURL": "https://m.media-amazon.com/images/I/81U3kN9bf1L._SX425_.jpg",
            "productImageURLs": [
                "https://m.media-amazon.com/images/I/41+TyS1dtyL._SS40_.jpg",
                "https://m.media-amazon.com/images/I/41+TyS1dtyL._SS40_.jpg",
                "https://m.media-amazon.com/images/I/41goRo3UXhL._SS40_.jpg"
            ],
            "searchTags": [
                "Zebronics speakers",
                "bluetooth speakers",
                "Portable speakers",
                "Speakers"
            ],
            "reviews": null,
            "createdDateTime": "2023-09-13T12:58:41.377",
            "zoneId": "ALPHA"
        },
        {
            "productId": 110,
            "name": "Fashion",
            "title": "ADAMO Analog Rose Gold Dial Women's Watch",
            "description": "Band Colour\tRose Gold\nBand Material\tStainless Steel\nBand Width\t22 Millimeters\nBezel Function\tNo bezel available\nBezel Material\tNo bezel available\nBrand\tADAMO\nCase Diameter\t40 Millimeters\nCase Material\tWhite Gold\nCase Thickness\t5 Millimeters\nClasp\tBuckle\nCollection\tDesigner\nDial Colour\tRose Gold\nCrystal Material\tGlass\nDisplay Type\tanalogue\nCase Shape\tRound\nItem Weight\t80 Grams\nModel Number\t839KKM21\nPart Number\t839KKM21\nSpecial Features\tAnti Magnetic Seal\nWarranty Type\tManufacturer\nMovement\tQuartz",
            "rating": 0.0,
            "price": 295.0,
            "offer": 0.0,
            "type": "women-ethnic-wear",
            "brand": "adamo",
            "category": "women",
            "merchantId": 1248,
            "quantity": 30,
            "status": "ACTIVE",
            "thumbnailURL": "https://m.media-amazon.com/images/I/61uY-wl4OdL._UX679_.jpg",
            "productImageURLs": [
                "https://m.media-amazon.com/images/I/71U9FeFxc-S._UX679_.jpg",
                "https://m.media-amazon.com/images/I/71rjxK1v0aS._UX679_.jpg",
                "https://m.media-amazon.com/images/I/71sVl5vYt6S._UY741_.jpg"
            ],
            "searchTags": [
                "Watch",
                "Rose Gold Dial ",
                "Women's Watch",
                "Analog",
                "ADAMO ",
                "ADAMO Analog Rose Gold Dial Women's Watch"
            ],
            "reviews": null,
            "createdDateTime": "2023-09-13T12:59:21.9",
            "zoneId": "ALPHA"
        },
        {
            "productId": 111,
            "name": "colorbar lipstick",
            "title": "Colorbar Sinful Matte Lipcolor, Pink, 3.5 g",
            "description": "\nBrand\tColorbar\nColour\tPink\nSkin Type\tCombination\nFinish Type\tMatte\nProduct Benefits\tSoftening,Longlasting\nCoverage\tLightweight\nSpeciality\tLong-lasting\nAge Range (Description)\tAdult\nSkin Tone\tMedium\nItem Weight\t35 Grams\n\nAbout this item\nA creamy, lightweight matte formulation in 24 unique shades\nEnriched with sea fennel wax for a soft touch wear\nLong-lasting, smudge-proof, and transfer-proof\nDermatologically tested\n",
            "rating": 2.0,
            "price": 1200.0,
            "offer": 30.0,
            "type": "lipstick",
            "brand": "colorbar",
            "category": "beauty",
            "merchantId": 1248,
            "quantity": 500,
            "status": "ACTIVE",
            "thumbnailURL": "https://m.media-amazon.com/images/I/61WGXDLL7TL._AC_UL600_FMwebp_QL65_.jpg",
            "productImageURLs": [
                "https://m.media-amazon.com/images/I/61IS+JyAy0L._SY450_.jpg",
                "https://m.media-amazon.com/images/I/51XCPFLp8hL._SY450_.jpg",
                "https://m.media-amazon.com/images/I/51gzV2us6gL._SY450_.jpg",
                "https://m.media-amazon.com/images/I/61oP1YCMfBL._SY450_.jpg"
            ],
            "searchTags": [
                "matte lipstick",
                "colorbar",
                "under 1200",
                "under 1000",
                "lipstick"
            ],
            "reviews": [
                {
                    "reviewId": 735,
                    "shopperId": 8542,
                    "shopperName": "Rohit Sharma",
                    "heading": "lipstick",
                    "description": "nice product",
                    "rating": 4.0,
                    "dateTime": "2023-10-11T22:46:42.663"
                },
                {
                    "reviewId": 742,
                    "shopperId": 9327,
                    "shopperName": "Virat Kohli",
                    "heading": "lipstick",
                    "description": "nice product",
                    "rating": 4.0,
                    "dateTime": "2023-10-13T08:42:05.805"
                }
            ],
            "createdDateTime": "2023-09-13T12:59:47.061",
            "zoneId": "ALPHA"
        },
        {
            "productId": 112,
            "name": "smart watch",
            "title": "watch",
            "description": "1.38” TFT display: Featuring a vibrant round display and a stylish metallic finish, the smartwatch offers a premium on-screen experience.\nTru SyncTM: Hassle-free pairing, stable connectivity and lower battery consumption combine to provide the most advanced calling experience.\nNoise Buzz: Manage calls directly from your wrist. Access your call logs, make calls from the dial pad and save up to 10 favourite contacts.\nNoise Health SuiteTM: Take better care of your daily health with a series of health monitoring tools – Blood oxygen monitor, Sleep monitor, 24x7 heart rate monitor, Stress measurement, Breathe practice & Female cycle tracker.\n100 sports modes: Indulge in the routine of your preference with several sports modes to choose from.\nUp to 7-day battery: Breeze through an entire week without charging with up to 7 days of battery life. Get up to 2 days of battery life when calling in enabled.\n100+ watch faces: A series of fun and trendy watch faces let you swap into a new background every day.",
            "rating": 0.0,
            "price": 3499.0,
            "offer": 22.0,
            "type": "",
            "brand": "noise",
            "category": "women",
            "merchantId": 1248,
            "quantity": 100,
            "status": "ACTIVE",
            "thumbnailURL": "https://m.media-amazon.com/images/I/41Hr4Mn6pCL._SX300_SY300_QL70_FMwebp_.jpg",
            "productImageURLs": [
                "https://m.media-amazon.com/images/I/41PPgIcn6ZL._SS40_.jpg",
                "https://m.media-amazon.com/images/I/718r5RC3jKL._SX679_.jpg",
                "https://m.media-amazon.com/images/I/71cGOhOyc2L._SX679_.jpg"
            ],
            "searchTags": [
                "water proof watch",
                "digital watch",
                "smart",
                "smart watch"
            ],
            "reviews": [
                
            ],
            "createdDateTime": "2023-09-13T13:00:09.275",
            "zoneId": "ALPHA"
        },
        {
            "productId": 113,
            "name": "shoes",
            "title": "branded shoes",
            "description": "Sole: Rubber\nClosure: Lace-Up\nFit Type: Regular\nShoe Width: Medium\nStyle Name:-Sneaker\nModel Name:-Feetmax\nBrand Color:-White-Silver-Black\nMaterial:-Textile\nCare Instructions:-Wipe with a clean dry cloth",
            "rating": 2.0,
            "price": 5000.0,
            "offer": 14.0,
            "type": "",
            "brand": "puma",
            "category": "men",
            "merchantId": 1248,
            "quantity": 150,
            "status": "ACTIVE",
            "thumbnailURL": "https://m.media-amazon.com/images/I/510IArwM+UL._UY695_.jpg",
            "productImageURLs": [
                "https://m.media-amazon.com/images/I/61r5A2hR6jL._UY695_.jpg",
                "https://m.media-amazon.com/images/I/619C2TNs+lL._UY695_.jpg",
                "https://m.media-amazon.com/images/I/511QYp3+aQL._UY695_.jpg"
            ],
            "searchTags": [
                "white shoes",
                "puma",
                "shoes "
            ],
            "reviews": [
                {
                    "reviewId": 652,
                    "shopperId": 6198,
                    "shopperName": "Nikita Bacha",
                    "heading": "Incorrect shoes size ",
                    "description": "The shoes size not correct come. I ordered for 8.",
                    "rating": 2.0,
                    "dateTime": "2023-10-07T11:38:15.574"
                }
            ],
            "createdDateTime": "2023-09-13T13:00:09.276",
            "zoneId": "ALPHA"
        },
        {
            "productId": 114,
            "name": "refregirator",
            "title": "fridge ",
            "description": "The star rating changes are as per BEE guidelines on 1st Jan 2022\nFrost Free Double Door Refrigerator - Auto defrost function to prevent ice-build up\nCapacity: 360 liters suitable for medium to large sized family\nEnergy Rating : 3 star\nThe 6th Sense Deepfreeze Technology: Technology ensures quick freezing of food items by creating a unique air flow system, which circulates cold air evenly throughout the freezer. This helps to preserve the freshness and quality of food for a longer period\nShelf type: ‎Toughened Glass\nSpecial Features: Stabilizer free operation even in high fluctuation voltage between (95V - 300V)",
            "rating": 0.0,
            "price": 46999.0,
            "offer": 30.0,
            "type": "",
            "brand": "whirlpool",
            "category": "electronics",
            "merchantId": 1248,
            "quantity": 80,
            "status": "ACTIVE",
            "thumbnailURL": "https://m.media-amazon.com/images/I/31ZXZsPPNlL._SX342_SY445_QL70_FMwebp_.jpg",
            "productImageURLs": [
                "https://m.media-amazon.com/images/I/71xJn8cygfL._SX679_.jpg",
                "https://m.media-amazon.com/images/I/41TSIuPb1IL._SX38_SY50_CR,0,0,38,50_.jpg",
                "https://m.media-amazon.com/images/I/41o7BIilhvL._SX38_SY50_CR,0,0,38,50_.jpg"
            ],
            "searchTags": [
                "black refrigerator",
                "whirlpool",
                "refrigerator",
                "fridge"
            ],
            "reviews": null,
            "createdDateTime": "2023-09-13T13:00:09.276",
            "zoneId": "ALPHA"
        },
        {
            "productId": 115,
            "name": "power bank",
            "title": "compact poerbank",
            "description": "22.5W BoostedSpeed\n10000mAh Lithium Polymer Battery\n18W Type-C Input\nDual Output Ports: 1 USB & 1 Type-C\nSleek & Stylish\nMulti-layers of Chipset Protection\n180 Days Warranty, Made in India",
            "rating": 2.0,
            "price": 1499.0,
            "offer": 45.0,
            "type": "",
            "brand": "ambrane",
            "category": "electronics",
            "merchantId": 1248,
            "quantity": 120,
            "status": "ACTIVE",
            "thumbnailURL": "https://m.media-amazon.com/images/I/81YMtlKn2JL._SX679_.jpg",
            "productImageURLs": [
                "https://m.media-amazon.com/images/I/51RUZlmWvVL.SX38_SY50_CR,0,0,38,50_BG85,85,85_BR-120_PKdp-play-icon-overlay__.jpg",
                "https://m.media-amazon.com/images/I/71ibPaEWN5L._SX679_.jpg",
                "https://m.media-amazon.com/images/I/81FVTbQVWiL._SX679_.jpg"
            ],
            "searchTags": [
                "portable charges",
                "pocket power",
                "powerbank"
            ],
            "reviews": [
                {
                    "reviewId": 4188,
                    "shopperId": 43602,
                    "shopperName": "Jimin",
                    "heading": "not bad but not good",
                    "description": "It was good",
                    "rating": 2.0,
                    "dateTime": "2024-02-20T17:32:12.233"
                }
            ],
            "createdDateTime": "2023-09-13T13:00:09.277",
            "zoneId": "ALPHA"
        },
        {
            "productId": 116,
            "name": "perfume",
            "title": "fragnance",
            "description": "Made In India- Indian heart and soul, crafted for indian climate and skin!\nLong Lasting - Add this sophisticated eau de parfum to your special collection for its long-lasting smell.\nGood Quality - Made with the finest essential oils. Because only the best womens perfume will do for you.\nFloral, woody, musky - defines your spirited personality, and leaves a lasting impression every time.; Fall-Day Confidence - Fragrance that warmly envelopes you, keeping you confident and singing all day.\nPackage Content: 1 X Perfumes for Women; Quantity: 100 Ml",
            "rating": 0.0,
            "price": 1699.0,
            "offer": 50.0,
            "type": "",
            "brand": "embark",
            "category": "women",
            "merchantId": 1248,
            "quantity": 200,
            "status": "ACTIVE",
            "thumbnailURL": "https://m.media-amazon.com/images/I/51V3eBCpOVL._SX679_.jpg",
            "productImageURLs": [
                "https://m.media-amazon.com/images/I/41OJuK35RML._SS40_.jpg",
                "https://m.media-amazon.com/images/I/31qiGMJEMBL._SS40_.jpg",
                "https://m.media-amazon.com/images/I/51nEmnzqLkL.jpg"
            ],
            "searchTags": [
                "scent",
                "fragnance",
                "perfume"
            ],
            "reviews": null,
            "createdDateTime": "2023-09-13T13:00:09.277",
            "zoneId": "ALPHA"
        },
        {
            "productId": 118,
            "name": "Senufo",
            "title": "Tote",
            "description": "Complete your look with this beautiful tote from Lavie. The design and compartments allow you to carry all your essentials in an organised fashion.\nMade from high quality and soft material, this handbag features a well-stitched inner lining for easy accessibility and storage.\nSenufo tote has a top zip closure with spacious compartment to keep your essentials in place.\nThe elegant women's bag which is a perfect match on different occasions, such as travel, shopping and other daily use. Could be an ideal gift for friends and family.\nFunctional and trendy, this handbag from Lavie will carry all your essentials for your day.",
            "rating": 0.0,
            "price": 1800.0,
            "offer": 20.0,
            "type": "women-ethnic-wear",
            "brand": "lavie",
            "category": "women",
            "merchantId": 1248,
            "quantity": 115,
            "status": "ACTIVE",
            "thumbnailURL": "https://m.media-amazon.com/images/I/71S8-ULmtbL._UY695_.jpg",
            "productImageURLs": [
                "https://m.media-amazon.com/images/I/711l+UmhRGL._UY695_.jpg",
                "https://m.media-amazon.com/images/I/612gCdOmM4L._UY695_.jpg",
                "https://m.media-amazon.com/images/I/816WF9CMX1L._UY695_.jpg"
            ],
            "searchTags": [
                "Lavie",
                "Tote",
                "Handbags"
            ],
            "reviews": null,
            "createdDateTime": "2023-09-13T13:00:56.406",
            "zoneId": "ALPHA"
        },
        {
            "productId": 119,
            "name": "Wrangler Men's Jeans",
            "title": "Wrangler Men's Straight Fit Jeans",
            "description": "Product Dimensions ‏ : ‎ 10 x 6 x 4 cm; 450 Grams\nDate First Available ‏ : ‎ 19 October 2022\nManufacturer ‏ : ‎ VD Fashions, Plot 9-1, Yarandanalli, Bommasandra Industrial area,Jigani Hobli, Bangalore-560099\nASIN ‏ : ‎ B0BJVWDSNR\nItem model number ‏ : ‎ WMJN004460\nCountry of Origin ‏ : ‎ India\nDepartment ‏ : ‎ Men\nManufacturer ‏ : ‎ VD Fashions, Plot 9-1, Yarandanalli, Bommasandra Industrial area,Jigani Hobli, Bangalore-560099, VD Fashions, Plot 9-1, Yarandanalli, Bommasandra Industrial area,Jigani Hobli,Anekal Taluk, Bangalore-560099\nPacker ‏ : ‎ VD Fashions, Plot 9-1, Yarandanalli, Bommasandra Industrial area,Jigani Hobli,Anekal Taluk, Bangalore-560099\nImporter ‏ : ‎ Ace Turtle Omni Private Limited,7th floor,701 to 714 Tower C, Diamond district PID,Airport road, Kodihalli,Bangalore-560008\nItem Weight ‏ : ‎ 450 g\nItem Dimensions LxWxH ‏ : ‎ 10 x 6 x 4 Centimeters\nNet Quantity ‏ : ‎ 1.00 count\nGeneric Name ‏ : ‎ Jeans",
            "rating": 5.0,
            "price": 5000.0,
            "offer": 50.0,
            "type": "men-jeans",
            "brand": "wrangler",
            "category": "men",
            "merchantId": 1248,
            "quantity": 150,
            "status": "ACTIVE",
            "thumbnailURL": "https://m.media-amazon.com/images/I/71O8t0-TZsL._UX569_.jpg",
            "productImageURLs": [
                "https://m.media-amazon.com/images/I/61LfBimU+KL._UL1500_.jpg",
                "https://m.media-amazon.com/images/I/71YdPSYSxWL._UL1500_.jpg",
                "https://m.media-amazon.com/images/I/71LiyF2lApL._UL1500_.jpg",
                "https://m.media-amazon.com/images/I/712DgUs7COL._UX569_.jpg",
                "https://m.media-amazon.com/images/I/71AUDQD3f2L._UX569_.jpg"
            ],
            "searchTags": [
                " Fit Jeans Wrangler",
                "Wrangler Men's Jeans",
                "Fit Jeans",
                "jeans",
                " Men's Straight Fit Jeans",
                "Wrangler Men's",
                "Wrangler Men's Straight Fit Jeans"
            ],
            "reviews": [
                {
                    "reviewId": 1051,
                    "shopperId": 13895,
                    "shopperName": "Gahan Raj",
                    "heading": "Gahan",
                    "description": "Nice Quality Pant At a Good Price",
                    "rating": 5.0,
                    "dateTime": "2023-11-05T15:15:27.286"
                }
            ],
            "createdDateTime": "2023-09-13T13:00:57.382",
            "zoneId": "ALPHA"
        },
        {
            "productId": 120,
            "name": "SHOES",
            "title": "running shoes",
            "description": "Closure: Lace-Up\nShoe Width: Medium\nOuter Material: Synthetic\nClosure Type: Lace-Up\nToe Style: Round Toe\nWarranty Type: Manufacturer & Seller\nWarranty Description: 90 days\nShow less",
            "rating": 0.0,
            "price": 10000.0,
            "offer": 49.0,
            "type": "",
            "brand": "adidas",
            "category": "men",
            "merchantId": 1248,
            "quantity": 200,
            "status": "ACTIVE",
            "thumbnailURL": "https://www.amazon.in/Adidas-Womens-Running-Shoes-7-CM4985/dp/B082QB9XKW?ref_=ast_slp_dp&th=1&psc=1",
            "productImageURLs": [
                "https://m.media-amazon.com/images/I/81SUOu9beaL._AC_CR0%2C0%2C0%2C0_SX480_SY360_.jpg",
                "https://m.media-amazon.com/images/I/71NiRTgOEXL._AC_CR0%2C0%2C0%2C0_SX480_SY360_.jpg"
            ],
            "searchTags": [
                "adidas women shoes",
                "running shoes",
                "brand",
                "adidas"
            ],
            "reviews": [
                
            ],
            "createdDateTime": "2023-09-13T13:01:12.056",
            "zoneId": "ALPHA"
        },
        {
            "productId": 121,
            "name": "OnePlus Buds Pro 2 - Obsidian Black ",
            "title": "OnePlus Buds Pro 2 - Obsidian Black ",
            "description": "Brand\tONEPLUS\nModel Name\tBuds Pro 2\nColor\tObsidian Black\nForm Factor\tIn Ear\nConnectivity Technology\tWireless\nAbout this item\nSound Made Smart: Balance powerful sound with pure silence. Hybrid Active Noise Cancellation keeps you in control of your audio. Enjoy crystal-clear calls and a truly personal music listening experience. Powered by worry-free battery life, savor a symphony of powerful features for on-the-go studio-grade sound.\nCalling loud and clear: AI-powered noise reduction algorithms and three ENC noise-reducing microphones deliver precisely calibrated voice isolation during calls. Elegant and functional, the curved design of the buds further reduces wind and residual noise-pickup. For crystal-clear calls, the ONEPLUS Buds Pro 2 dominate the conversation.\nSuperior Audio Experience: Powerful, Punchy Bass – Drop the bass with 11mm dynamic drivers that bring your acoustics to life. ONEPLUS Audio ID – Hear and feel every note on your playlist with a personalized hearing profile for a precisely tailored audio experience.",
            "rating": 0.0,
            "price": 10000.0,
            "offer": 25.0,
            "type": "headphones",
            "brand": "one plus",
            "category": "electronics",
            "merchantId": 1248,
            "quantity": 105,
            "status": "ACTIVE",
            "thumbnailURL": "https://m.media-amazon.com/images/I/619qlC03-JL._AC_SX679_.jpg",
            "productImageURLs": [
                "https://m.media-amazon.com/images/I/41S1-O8LIZL._AC_SR38,50_.jpg",
                "https://m.media-amazon.com/images/I/41Vg0CSKmZL._AC_SR38,50_.jpg",
                "https://m.media-amazon.com/images/I/6138D3hmoiL._AC_SX679_.jpg",
                "https://m.media-amazon.com/images/I/71zYDBVeMYL._AC_SX679_.jpg"
            ],
            "searchTags": [
                "Buds Pro 2",
                "one plus earbuds",
                "earphone",
                "earbuds"
            ],
            "reviews": [
                
            ],
            "createdDateTime": "2023-09-13T13:01:15.721",
            "zoneId": "ALPHA"
        },
        {
            "productId": 122,
            "name": "power bank",
            "title": "power bank",
            "description": "Why buy Xiaomi Mi 20000mAh 3-Port Power Bank\n\n \n\nType-C and Micro USB Charging Ports offers with perfect compatibility\n20000 mAh Battery Capacity offers efficient usage\n3 Charging Ports ensures charging of 3 devices\n \n\nWhen you get Xiaomi Mi 20000mAh 3-Port Power Bank online, you also get the awesome charging companion for your smartphones. It is a portable battery-powered device for charging the battery of your smartphones. It offers with perfect charging experience.\n\n \n\nBuy the Xiaomi Mi 20000mAh 3-Port Power Bank which is equipped with Li-ion battery technology. The battery capacity is of 20000 mAh that provides with efficient charging. It comes with 3 charging ports. Equipped with Type-C and Micro USB charging ports. The charging power is of 18 watts. Book Xiaomi Mi 20000mAh 3-Port Power Bank online, now!",
            "rating": 0.0,
            "price": 2000.0,
            "offer": 0.0,
            "type": "power-bank",
            "brand": "samsung",
            "category": "electronics",
            "merchantId": 1248,
            "quantity": 1,
            "status": "ACTIVE",
            "thumbnailURL": "Mi 3i 20000 mAh 18W Fast Charging Power Bank (1 Micro USB Type B, 1 Type C & 2 Type A Ports, Advanced Resistance Capacitance Sensors, Black)",
            "productImageURLs": [
                "https://media-ik.croma.com/prod/https://media.croma.com/image/upload/v1675176663/Croma%20Assets/Communication/PowerBank/Images/229476_0_fpezbv.png?tr=w-640"
            ],
            "searchTags": [
                "18wat"
            ],
            "reviews": null,
            "createdDateTime": "2023-09-13T13:01:34.339",
            "zoneId": "ALPHA"
        },
        {
            "productId": 123,
            "name": "Fire-Boltt Phoenix",
            "title": "Fire-Boltt Phoenix Smart Watch with Bluetooth Calling 1.3\",120+ Sports Modes, 240 * 240 PX High Res with SpO2, Heart Rate Monitoring & IP67 Rating (Silver Grey)",
            "description": "Brand\tFire-Boltt\nModel Name\tPhoenix\nStyle\tPhoenix 1.3\"\nColour\tGrey\nScreen Size\t1.3 Inches\nAbout this item\n【High Resolution Display】- Comes with a 1.3\" TFT Color Full Touch Screen and a 240*240 Pixel High Resolution this fashion smartwatch is covered to flaunt the sleek and stylish look always with 260 NITS Peak Brightness\nThe watch will work on a single charge for about 7 days (without Bluetooth calling) and about 4 Days with Bluetooth calling.\nCharging Specs - The watch needs to be charged for 3 hours to reach 100%. The charger should be a 3.7V to 5V adapter or any laptop output. For a bare minimum of 20% charge the watch needs to be charged for about 30-40 mins\nYou cannot store Music in the watch, you can only control the music. 【Gaming On Wrist】- Enjoy playing games on the wrist itself as you are on the go. 【Breathe Function】- Ensure your breathing exercise is fit and healthy with the breathing function.\nThere is no volume control, however when connected to bt calling you can control the volume of the call. 【Smartphone Notifications】- Get all your mobile phone notifications on this 1.3\" Round Display Full touch smartwatch and never be late for a meeting, party or date.\nSupported Applications - Notifcations from all social media channels (Instagram, Whatsapp, Facebook), Call Notifications, Health Tracking (SpO2, Heart Rate, Sleep), Sports Tracking & many more\n【120+ Sports Modes】- Track each activity effectively with this smartwatch & activity tracker. Track your calories, steps and much more while you are on your fitness journey. This fitness tracker has it all;【In Built Mic & Speaker】- Get HD calling experience with this power-packed watch. Enhance the look of your wrist with attractive colors and sleek finish\n【Smart Health】- With the latest HRS3300 technology track your heart rate anytime of the day or even while you perform some activity. The optical sensors assure results so accurate. Monitor your blood oxygen levels to stay fit and healthy\n",
            "rating": 0.0,
            "price": 1300.0,
            "offer": 50.0,
            "type": "watch",
            "brand": "fire-boltt phoenix",
            "category": "electronics",
            "merchantId": 1248,
            "quantity": 150,
            "status": "ACTIVE",
            "thumbnailURL": "https://m.media-amazon.com/images/I/41-CKEKnjyL._SS40_.jpg",
            "productImageURLs": [
                "https://m.media-amazon.com/images/I/41gYLxEZ1QL._SS40_.jpg",
                "https://m.media-amazon.com/images/I/511Jlj6Qq6L._SS40_.jpg",
                "https://m.media-amazon.com/images/I/41-CKEKnjyL._SS40_.jpg"
            ],
            "searchTags": [
                "smart watch",
                "electronics",
                "watch"
            ],
            "reviews": [
                
            ],
            "createdDateTime": "2023-09-13T13:02:00.641",
            "zoneId": "ALPHA"
        },
        {
            "productId": 124,
            "name": "Air cooler",
            "title": "V-Guard 50 L Tower Air Cooler ",
            "description": "General\nBrand\nV-Guard\nModel Name\nArido T50 H\nColor\nWhite & Purple Burry\nType\nTower\nCooling Media\nHoneycomb\nNumber of Speeds\n3\nBlower/Fan\nBlower\nWater Tank Capacity\n50 L\nRemote Support\nNo\nPerformance Features\nCooling Coverage Area\n113.8 sq ft\nSpeed Control\n3\nOperating Mode\nManual\nAir Delivery\n764 cfm\nAir Throw Distance\n30 ft\nMotor Speed\n1300 RPM\nAir Deflection\n4 Way\nBody And Design Features\nBody Material\nPP\nBlower/Fan Material\nPlastic\nIce Chamber\nYes\nCastor Wheels\nYes\nNumber of Castor Wheels\n4\nAuto Louver Movement\nYes\nOscillating Function\nYes\nOther Body and Design Features\nWater Inlet Door for hazzle free filling\nConvenience Features\nEmpty Tank Alarm\nNo\nWater Level Indicator\nYes\nDust Filter\nYes\nOverflow Indicator\nYes\nOther Convenience Features\nMosquito Net\nPower Features\nPower Requirement\n230 V, 50 Hz\nAdditional Features\nCooler Location\nIndoor\nOther Features\nMain motor with TOP\nDimensions\nWidth x Height x Depth\n34.5 cm x 125.5 cm x 35.5 cm\nWeight\n11.6 kg\nBlower/Fan Diameter\n15.2 cm\nWarranty\nWarranty Summary\n2 year on main motor and pump, 1 year on entire product\nCovered in Warranty\nManufacturing Defect\nNot Covered in Warranty\nDamage due to mishandling/unauthorized installation\nWarranty Service Type\nOn Site Service\nDomestic Warranty\n1 Year",
            "rating": 0.0,
            "price": 5000.0,
            "offer": 30.0,
            "type": "",
            "brand": "v-gaurd",
            "category": "electronics",
            "merchantId": 1248,
            "quantity": 20,
            "status": "ACTIVE",
            "thumbnailURL": "https://rukminim2.flixcart.com/image/612/612/xif0q/air-cooler/e/9/d/-original-imagz6cgky4hbdk4.jpeg?q=70",
            "productImageURLs": [
                "https://rukminim2.flixcart.com/image/416/416/xif0q/air-cooler/l/c/k/-original-imagz6cgareggruj.jpeg?q=70",
                "https://rukminim2.flixcart.com/image/416/416/xif0q/air-cooler/d/c/4/-original-imagnstwyathdwqq.jpeg?q=70",
                "https://rukminim2.flixcart.com/image/416/416/xif0q/air-cooler/y/6/o/-original-imagz6cghergmkdh.jpeg?q=70",
                "https://rukminim2.flixcart.com/image/416/416/xif0q/air-cooler/d/u/i/-original-imagz6cgyqm9yyrz.jpeg?q=70",
                "https://rukminim2.flixcart.com/image/416/416/xif0q/air-cooler/e/9/d/-original-imagz6cgky4hbdk4.jpeg?q=70"
            ],
            "searchTags": [
                "V-Guard 50 L Tower Air Cooler  (White & Purple Burry, Arido T50 H)",
                "50 L Tower Air Cooler",
                "V-Guard "
            ],
            "reviews": null,
            "createdDateTime": "2023-09-13T13:02:09.047",
            "zoneId": "ALPHA"
        },
        {
            "productId": 125,
            "name": "smart watch",
            "title": "Fire-Boltt Ninja 3 Plus 1.83\"",
            "description": "Brand\tFire-Boltt\nModel Name\tNinja 3\nStyle\tModern\nColour\tBeige\nScreen Size\t1.83 Inches\nAbout this item\n【1.83” HD Large Touch Screen】- Fire-Boltt Ninja 3 comes with a 1.83” HD Full Touch Display for smooth swipes and clear vision\n【100 workout modes】- This smartwatch consists of 60 sports mode to track. Keep a track of all your activities and compare history to analyse your performance. Count steps, distance, and calories burned\nCharging Specs - The watch needs to be charged for 3 hours to reach 100%. The charger should be a 3.7V to 5V adapter or any laptop output. For a bare minimum of 20% charge the watch needs to be charged for about 30-40 mins\n【SPO2/ Oxygen, Heart Rate】 - Fire-Boltt Ninja 3 Plus Smartwatch comes with real time 24*7 SPO2 / Blood Oxygen tracking, Dynamic Heart Rate Monitoring (If a patient is suffering from Covid 19 please use a medical device prescribed by the Doctor)\n【IP68 Water Resistant】- This smartwatch can withstand dust, spills, raindrops and is sweatproof too\nSupported Applications - Notifcations from all social media channels (Instagram, Whatsapp, Facebook), Call Notifications, Health Tracking (SpO2, Heart Rate, Sleep), Sports Tracking & many more\n【POWERFUL BATTERY】 - About 7 days battery life and a Standby Time of 25 Days\n\n",
            "rating": 0.0,
            "price": 8000.0,
            "offer": 40.0,
            "type": "watch",
            "brand": "fire-boltt",
            "category": "electronics",
            "merchantId": 1248,
            "quantity": 50,
            "status": "ACTIVE",
            "thumbnailURL": "https://m.media-amazon.com/images/I/61TlgEodcGL._AC_UY218_.jpg",
            "productImageURLs": [
                "https://m.media-amazon.com/images/I/41uIEByMouL._SS40_.jpg",
                "https://m.media-amazon.com/images/I/41l79-yqLFL._SS40_.jpg",
                "https://m.media-amazon.com/images/I/51BmT7WIfIL._SS40_.jpg"
            ],
            "searchTags": [
                "boltt",
                "fire",
                "watch"
            ],
            "reviews": null,
            "createdDateTime": "2023-09-13T13:02:48.137",
            "zoneId": "ALPHA"
        },
        {
            "productId": 126,
            "name": "HELIO",
            "title": " Emergency Rechargeable LED Lantern",
            "description": "\nLight Source Type\tLED\nBrand\tPHILIPS\nColour\tGrey\nPower Source\tBattery Powered\nMaterial\tSynthetic\nAbout this item\nHigh Quality LED Light: The LED technology integrated in Helio Emergency Lantern is a uniquely developed solution by Philips. While instantly turned on, it enables an optimal light output and brings out vivid colors in your home\nThree Lighting Modes: Philips Helio Emergency lantern comes with three different lighting modes i.e., the Head light mode (can be used as torch), dim light and strong light (can be used as emergency light or as an emergency lantern)\nCharging & Backup Time: Philips Helio emergency lantern comes with overcharge and deep discharge protection. The emergency torch and lantern take up to 8 hours to completely charge. The head light(torch) comes with an 8 hours of battery backup and if used as a lantern it runs for 2.5 hours with front strong light and 8 hours with front dim light\nRechargeable Battery: The lantern comes with a high-quality rechargeable battery of 2200 mAH Lithium-Ion battery.",
            "rating": 6.0,
            "price": 1500.0,
            "offer": 10.0,
            "type": "electronic-accessories",
            "brand": "phillips",
            "category": "electronics",
            "merchantId": 1248,
            "quantity": 20,
            "status": "ACTIVE",
            "thumbnailURL": "https://m.media-amazon.com/images/I/610ORH71n3L._SX425_.jpg",
            "productImageURLs": [
                "https://m.media-amazon.com/images/I/610ORH71n3L._SX425_.jpg",
                "https://m.media-amazon.com/images/I/51Kz9PnVMrL._SX425_.jpg"
            ],
            "searchTags": [
                "rechargeable",
                "phillips",
                "LIGHT"
            ],
            "reviews": [
                {
                    "reviewId": 2762,
                    "shopperId": 32137,
                    "shopperName": "shilpaN",
                    "heading": "good product",
                    "description": "wowwwwwwwwwwwwwwww",
                    "rating": 6.0,
                    "dateTime": "2024-01-12T20:59:58.863"
                }
            ],
            "createdDateTime": "2023-09-13T13:04:31.063",
            "zoneId": "ALPHA"
        },
        {
            "productId": 127,
            "name": "Triphala Juice ",
            "title": "All-in-one Digestive Care Solution | Long term constipation, digestive problem relief supplement | Improves Gut Health | 100 % Ayurvedic Formula",
            "description": "\nItem Form\tLiquid\nBrand\tVANSAAR\nDiet Type\tVegetarian\nMaterial Feature\tVegetarian\nRecommended Uses For Product\tHelps Weight Management & Constipation Relief\nAbout this item\nEFFECTIVE CONSTIPATION RELIEF: Vansaar Tripahala juice, a natural colon cleanser juice, enriched with Amla, Baheda & Haritaki, helps ease constipation, detox the colon, soothe the intestinal walls, and strengthen digestive health. Regular intake of this stomach cleanser juice promotes proper digestion & absorption of food thereby regulating easy bowel movements.\nRELIEVES ACIDITY, ACID REFLUX, HYPER ACIDITY: Vansaar Triphala Juice is loaded with natural Ayurvedic herbs like Amla, Harad and Baheda, a potent combination of 3 efficacious herbs that help relieve acidity, indigestion, acid reflux & hyper acidity naturally.\nMAINTAINS A HEALTHY & STRONG DIGESTIVE SYSTEM: Triphala juice from Vansaar is a natural gut cleanse juice which helps treat major digestive issues from the root naturally and improve overall digestion and gut health. Including this digestive care juice in your daily routine helps improve digestion, facilitate easy bowel wellness, and maintain a healthy & strong digestive system naturally.\nIMPROVES OVER ALL GUT HEALTH & METABOLISM: Vansaar Triphala Juice is formulated basis ayurvedic scriptures with high-quality herbs. This 100% natural solution is made with the best quality, sourced Amla, Haritaki & Baheda. Baheda helps to boost gut health naturally. 3 potent herb solution, helps strengthen overall digestive health for long term relief from all digestive issues.\nJUST POUR, MIX & DRINK IN 3 EASY STEPS- Pour 30 ml of Vansaar Triphala juice and mix with a glass of water and drink twice daily for best results.",
            "rating": 0.0,
            "price": 500.0,
            "offer": 10.0,
            "type": "boys-tshirt",
            "brand": "vansaar",
            "category": "beauty",
            "merchantId": 1248,
            "quantity": 10,
            "status": "ACTIVE",
            "thumbnailURL": "https://m.media-amazon.com/images/I/61a9+XSOI2L._SX569_.jpg",
            "productImageURLs": [
                "https://m.media-amazon.com/images/I/616JXjftWpL._SX569_.jpg",
                "https://m.media-amazon.com/images/I/61jddx9+GlL._SX569_.jpg",
                "https://m.media-amazon.com/images/I/61id2KCUZvL._SX569_.jpg"
            ],
            "searchTags": [
                "digetion"
            ],
            "reviews": null,
            "createdDateTime": "2023-09-13T13:04:31.064",
            "zoneId": "ALPHA"
        },
        {
            "productId": 128,
            "name": "vivo v21",
            "title": "android",
            "description": "\nBrand\tVivo\nModel Name\tVivo V21 (Arctic White, 8GB RAM, 128GB ROM)\nNetwork Service Provider\tUnlocked for All Carriers\nOperating System\tAndroid 11 - Funtouch OS 11.1\nCellular Technology\t5G\nAbout this item\n64MP+8MP+2MP Rear Camera | 44MP Selfie Camera\n16.65cm (6.44\") AMOLED Display with 90 Hz refresh rate and 2404 x 1080 pixels resolution.\nMemory & SIM: 8GB RAM | 128GB internal memory | Dual SIM (nano+nano) dual-standby (5G).\nFuntouch OS 11.1 (based on Android 11) operating system with Mediatek Dimensity 800U processor.\n33W flash charging with 4000mAh battery (Type-C).\n› See more product details\n",
            "rating": 0.0,
            "price": 35000.0,
            "offer": 30.0,
            "type": "mobile",
            "brand": "vivo",
            "category": "electronics",
            "merchantId": 1248,
            "quantity": 50,
            "status": "ACTIVE",
            "thumbnailURL": "https://m.media-amazon.com/images/I/61ShleYhcBS._SY741_.jpg",
            "productImageURLs": [
                "https://m.media-amazon.com/images/I/31uzwdGtG9S._SX38_SY50_CR,0,0,38,50_.jpg",
                "https://m.media-amazon.com/images/I/31uzwdGtG9S._SX38_SY50_CR,0,0,38,50_.jpg"
            ],
            "searchTags": [
                "vivo v21 5g",
                "5g",
                "v21",
                "vivo"
            ],
            "reviews": null,
            "createdDateTime": "2023-09-13T13:05:18.989",
            "zoneId": "ALPHA"
        },
        {
            "productId": 129,
            "name": "wrist watch",
            "title": "apple",
            "description": "【Compatible Models】: VEMIGON Watch Strap compatible with Apple Watch 38mm 40mm 41mm for iWatch Series 8, Series 7, Series 6, Series 5, Series 4, Series SE/SE2, Series 3, Series 2, Series 1 (Not included iWatch).\n【Unique Folding Buckle】: This sport band using high-quality magnetic metal folding buckle,with texture, more convenient to wear than the bow buckle, automatic magnetic suction, two seconds to wear your Apple watch.\n【Skin-friendly Material】: Fashion skin-friendly silicone watch bands, waterproof, sweat-proof and soft, comfortable to wear and easy to use. The material is harmless to human skin and is not allergic. A simple and Smooth Shape, and is More Aesthetic.\n【Suitable for many occasions】: Simple and stylish watch strap. Available in a variety of colors to match your watch and how you wear it. Suitable for various occasions, whether it's business, school, work, party, sports, etc., provides a professional look for any occasion. It is the best gift for parents, lovers, friends and yourself.\n【Adjustable Size】: Two sizes are available for you to choose from. 38mm/40mm/41mm size fits 5.1inch-7.4inch(130mm-190mm) wrists, 42mm/44mm/45mm/49mm size fits 5.5inch-8.2inch(140mm-210mm) wrists. Please before buying check to confirm your wrist size and watch models.\n",
            "rating": 0.0,
            "price": 8000.0,
            "offer": 18.0,
            "type": "watch",
            "brand": "apple",
            "category": "electronics",
            "merchantId": 1248,
            "quantity": 30,
            "status": "ACTIVE",
            "thumbnailURL": "https://m.media-amazon.com/images/I/51lauq5xsKL._UY500_.jpg",
            "productImageURLs": [
                "https://m.media-amazon.com/images/I/414GukAAlrL._US40_.jpg",
                "https://m.media-amazon.com/images/I/41Yr92uTgEL._US40_.jpg"
            ],
            "searchTags": [
                "women wrist watch",
                "apple wrist watch",
                "wrist watch"
            ],
            "reviews": null,
            "createdDateTime": "2023-09-13T13:05:18.989",
            "zoneId": "ALPHA"
        },
        {
            "productId": 131,
            "name": "headphone",
            "title": "boat",
            "description": "\nBrand\tBoAt\nModel Name\tNirvanaa 751 ANC\nColour\tGunmetal Grey\nForm Factor\tOver Ear\nConnectivity Technology\tBluetooth 5.0\nAbout this item\nActive Noise Cancellation- Say adios to the chaos with Active Noise Cancellation feature and elevate the vibe to a whole new level of pleasure with Nirvanaa 751ANC, delivering up to 33dB Hybrid ANC.\nBattery Time- Stay connected to your playlist for mammoth durations, every day with up to 54 hours of playtime in ANC mode and up to 65 hours in normal playback mode.\nASAP Charge- This headphone comes equipped with our ASAP Charge technology that helps it garner 10 hours of playtime in just 10 min of charge.\nDriver Size- Exhilarate your senses with crystal clear sound reproduction via 40mm drivers, delivering you the boAt immersive experience.\nAmbient Mode- It comes equipped with Ambient Sound Mode that lets the listener stay aware of the sounds in the ambience even while the playback is on. Frequency Range 20Hz -20kHz\nErgonomic Design- Max out each session with raw bliss that is offered by its ergonomically crafted over-ear design and adaptive, luxurious earcups.\nIntegrated Controls- Its easy to access controls helps you in controlling playback, wake up default voice assistant and attend calls with ease.\nShow More\n",
            "rating": 5.0,
            "price": 1000.0,
            "offer": 30.0,
            "type": "headphones",
            "brand": "boat",
            "category": "electronics",
            "merchantId": 1248,
            "quantity": 10,
            "status": "ACTIVE",
            "thumbnailURL": "https://m.media-amazon.com/images/I/31dXEvtxidL._SX300_SY300_QL70_FMwebp_.jpg",
            "productImageURLs": [
                "https://m.media-amazon.com/images/I/41SAnDOmLgL._SS40_.jpg",
                "https://m.media-amazon.com/images/I/71sI3x7ZkyL._SY450_.jpg",
                "https://m.media-amazon.com/images/I/31dXEvtxidL._SS40_.jpg"
            ],
            "searchTags": [
                "boat 751 head phone",
                "headphone",
                "boat headphone"
            ],
            "reviews": [
                {
                    "reviewId": 1987,
                    "shopperId": 14967,
                    "shopperName": "priya",
                    "heading": "Good Quality",
                    "description": "Laptop was good condition and flexible to use.Worth for the price",
                    "rating": 5.0,
                    "dateTime": "2023-12-28T20:12:25.951"
                }
            ],
            "createdDateTime": "2023-09-13T13:05:18.99",
            "zoneId": "ALPHA"
        },
        {
            "productId": 133,
            "name": "Fashion",
            "title": "Nail polish",
            "description": "Brand\tLAKMÉ\nItem Form\tLiquid\nColour\tPink Paisley\nType\ttop_coat\nFinish Type\tGlossy\nSpecial Feature\tChip Resistant\nIncluded Components\tNail Color\nAge Range (Description)\tAdult\nNet Quantity\t2.2 millilitre\nNumber of Items\t1\nSee more\nAbout this item\nPrimer + gloss nail colour that dries quickly and lasts long\nIntense glossy shine\nLong-lasting colour that strengthens nails to keep colour fresher for longer\nAvailable in 29 shades and 1 topcoat\nZero yellowing of nails\nVibrant colours with a high gloss finish",
            "rating": 0.0,
            "price": 150.0,
            "offer": 0.0,
            "type": "nail-polish",
            "brand": "lakme",
            "category": "beauty",
            "merchantId": 1248,
            "quantity": 100,
            "status": "ACTIVE",
            "thumbnailURL": "https://m.media-amazon.com/images/I/510gy+A7MUL._SX522_.jpg",
            "productImageURLs": [
                "https://m.media-amazon.com/images/I/61UN+8q5vAL._SX522_.jpg",
                "https://m.media-amazon.com/images/I/61G05sO3rJL._SX522_.jpg",
                "https://m.media-amazon.com/images/I/51xN+M7yX9L._SX522_.jpg"
            ],
            "searchTags": [
                "Nail Colour",
                "Pink Paisley",
                "6 ml",
                "Primer",
                "Lakmé "
            ],
            "reviews": null,
            "createdDateTime": "2023-09-13T13:05:51.763",
            "zoneId": "ALPHA"
        },
        {
            "productId": 134,
            "name": "Mobile",
            "title": "note 12 Pro+ 5G ",
            "description": "Brand\tRedmi\nModel Name\tRedmi Note 12 Pro+\nNetwork Service Provider\tUnlocked for All Carriers\nOperating System\tAndroid 12.0\nCellular Technology\t5G\nAbout this item\n12 GB RAM | 256 GB ROM\n16.94 cm (6.67 inch) Full HD+ Display\n200MP + 8MP + 2MP | 16MP Front Camera\n5000 mAh Lithium Polymer Battery\nMediatek Dimensity 1080 Processor",
            "rating": 5.0,
            "price": 31580.0,
            "offer": 25.0,
            "type": "",
            "brand": "redmi ",
            "category": "electronics",
            "merchantId": 1248,
            "quantity": 120,
            "status": "ACTIVE",
            "thumbnailURL": "https://m.media-amazon.com/images/I/51iUaF5stLL._AC_UY327_FMwebp_QL65_.jpg",
            "productImageURLs": [
                "https://images-eu.ssl-images-amazon.com/images/I/51e9JczbZmL._AC_UL160_SR160,160_.jpg",
                "https://m.media-amazon.com/images/I/41YI9v-M52L._AC_SR320,320_.jpg"
            ],
            "searchTags": [
                "5G",
                "pro+",
                "12",
                "note",
                "mobile",
                "redmi"
            ],
            "reviews": [
                {
                    "reviewId": 1379,
                    "shopperId": 19077,
                    "shopperName": "Akanksha",
                    "heading": "note 12 Pro+ 5G",
                    "description": "Best Product",
                    "rating": 5.0,
                    "dateTime": "2023-12-02T16:47:59.378"
                }
            ],
            "createdDateTime": "2023-09-13T13:06:08.509",
            "zoneId": "ALPHA"
        },
        {
            "productId": 135,
            "name": "American Tourister Valex Black Laptop Backpack ",
            "title": "Laptop bag",
            "description": "Care Instructions: Hand Wash Only\nFit Type: regular\nWell Organized compartment ,Security Back Pocket",
            "rating": 0.0,
            "price": 2500.0,
            "offer": 44.0,
            "type": "laptop",
            "brand": "american tourister",
            "category": "electronics",
            "merchantId": 1248,
            "quantity": 20,
            "status": "ACTIVE",
            "thumbnailURL": "https://m.media-amazon.com/images/I/81yWRCC7YcL._UX679_.jpg",
            "productImageURLs": [
                "https://m.media-amazon.com/images/I/91VkFwmMoxL._UX679_.jpg",
                "https://m.media-amazon.com/images/I/61p+SudAdPL._UX679_.jpg",
                "https://m.media-amazon.com/images/I/61iRO1Z8sdL._UX679_.jpg",
                "https://m.media-amazon.com/images/I/919nkluPcLL._UX679_.jpg",
                "https://m.media-amazon.com/images/I/81yWRCC7YcL._UX679_.jpg"
            ],
            "searchTags": [
                "bottle pocket",
                "bag",
                "american tourister",
                "laptop bag"
            ],
            "reviews": null,
            "createdDateTime": "2023-09-13T13:06:14.759",
            "zoneId": "ALPHA"
        },
        {
            "productId": 138,
            "name": "IKALL S2 Smartphone",
            "title": "IKALL S2 Smartphone with 21MP Camera (6.8\" HD Display, 6GB, 128GB Storage) (Blue)",
            "description": "Brand\tIKALL\nModel Name\tS2\nNetwork Service Provider\tUnlocked for All Carriers\nOperating System\tAndroid 13.0\nCellular Technology\t4G\nAbout this item\n21MP+5MP+2MP Rear Camera | 6GB Ram + 6GB Virtual Ram\n17.27 cm (6.8 inch) HD+ Display | Multi-Touch Capacitive Touch Screen With 720*1640 Pixel Resolution\n128GB Internal Storage | Expandable Memory 512GB | Dual Sim (4G+4G)\nAndroid 13.0 with 1.6 Ghz Octa Core, Type-C Interface for Fast Charging\nHeadphone Jack : Type-C Interface | Face Unlock and fingerprint To Unlock | OTG Support\n1 Year manufacturing warranty for mobile and 6 months for accessories",
            "rating": 0.0,
            "price": 9999.0,
            "offer": 40.0,
            "type": "mobile",
            "brand": "ikall s2 smartphone",
            "category": "electronics",
            "merchantId": 1248,
            "quantity": 200,
            "status": "ACTIVE",
            "thumbnailURL": "https://m.media-amazon.com/images/I/41gmk8-ccTL._SX38_SY50_CR,0,0,38,50_.jpg",
            "productImageURLs": [
                "https://m.media-amazon.com/images/I/31CD0NYALbL._SX38_SY50_CR,0,0,38,50_.jpg",
                "https://m.media-amazon.com/images/I/41xesa12AzL._SX38_SY50_CR,0,0,38,50_.jpg",
                "https://m.media-amazon.com/images/I/41gmk8-ccTL._SX38_SY50_CR,0,0,38,50_.jpg"
            ],
            "searchTags": [
                "https://m.media-amazon.com/images/I/31og4x-HdlL._SX38_SY50_CR,0,0,38,50_.jpg"
            ],
            "reviews": null,
            "createdDateTime": "2023-09-13T13:06:46.426",
            "zoneId": "ALPHA"
        },
        {
            "productId": 139,
            "name": "Sony Alpha ZV-E1 Full-Frame Interchangeable Lens Mirrorless Vlog Camera - White Body",
            "title": "Sony Alpha ZV-E1 Full-Frame Interchangeable Lens Mirrorless Vlog Camera - White Body",
            "description": "Brand\tSony\nModel Name\tAlpha ZV-E1\nMaximum Webcam Image Resolution\t12.1 MP\nPhoto Sensor Size\tFull Frame (35mm)\nImage Stabilization\tDigital\nMax Shutter Speed\t1/8000 seconds\nMin Shutter Speed\t30 seconds\nForm Factor\tMirrorless\nEffective Still Resolution\t12\nSpecial Feature\tImage Stabilization\nSee less\nAbout this item\nFull-frame 12.1MP Exmor R sensor, optimized for 4K, sensitivity and speed\n10-bit 4:2:2 recording with direct pixel readout, Long GOP or All Intra formats\nCreate memorable imagery with ease with Cinematic Vlog Setting\nDedicated AI Processor and Real-time Recognition for accurate subject tracking\n5-axis in-body image stabilization and Dynamic active Mode for stable recording",
            "rating": 0.0,
            "price": 182000.0,
            "offer": 13.0,
            "type": "camera",
            "brand": "sony",
            "category": "electronics",
            "merchantId": 1248,
            "quantity": 102,
            "status": "ACTIVE",
            "thumbnailURL": "https://m.media-amazon.com/images/I/71VgGzpsysL._AC_SX355_.jpg",
            "productImageURLs": [
                "https://m.media-amazon.com/images/I/3136Ki1UP3L._AC_US40_.jpg",
                "https://m.media-amazon.com/images/I/21jatEEq5VL._AC_US40_.jpg",
                "https://m.media-amazon.com/images/I/31sJc4SDNDL._AC_US40_.jpg",
                "https://m.media-amazon.com/images/I/718cmshif+L._AC_SX355_.jpg",
                "https://m.media-amazon.com/images/I/61d2G9Kg2PL._AC_SX355_.jpg"
            ],
            "searchTags": [
                "latest digital camera",
                "latest camera",
                "sony camera",
                "digital camera",
                "camera"
            ],
            "reviews": [
                
            ],
            "createdDateTime": "2023-09-13T13:07:05.403",
            "zoneId": "ALPHA"
        },
        {
            "productId": 140,
            "name": "Baby Cloths",
            "title": "Boy Baby Cloths",
            "description": "Colour: Sky Blue & Grey\nSize:24 months to 30 months\nCare Instructions: Machine Wash\nFit Type: Regular\n",
            "rating": 0.0,
            "price": 1000.0,
            "offer": 20.0,
            "type": "boys-tshirt",
            "brand": "bold n elegant ",
            "category": "kids",
            "merchantId": 1248,
            "quantity": 100,
            "status": "ACTIVE",
            "thumbnailURL": "https://m.media-amazon.com/images/I/51nUfiMuCLL._AC_UL600_FMwebp_QL65_.jpg",
            "productImageURLs": [
                "https://m.media-amazon.com/images/I/51pD-qX6MDL.jpg",
                "https://m.media-amazon.com/images/I/61IwLesWXML._UX679_.jpg",
                "https://m.media-amazon.com/images/I/71JdYyL-1LL._UX679_.jpg",
                "https://m.media-amazon.com/images/I/51nUfiMuCLL._UX679_.jpg"
            ],
            "searchTags": [
                "boys tshirt",
                "casual wear",
                "boys shirt",
                "tshirt"
            ],
            "reviews": null,
            "createdDateTime": "2023-09-13T13:07:20.121",
            "zoneId": "ALPHA"
        },
        {
            "productId": 142,
            "name": "Smart Watch",
            "title": "Fire-Boltt Smart watch",
            "description": "General\nSales Package\n1 Smartwatch, 1 Charging Cable, 1 Manual, 1 Warranty Card\nModel Number\nBSW039\nModel Name\nNinja Calling Pro 1.69 inch Bluetooth Calling Smartwatch with AI Voice Assistant\nDial Color\nDark Grey\nDial Shape\nSquare\nStrap Color\nBlack\nStrap Material\nSilicone\nSize\nFree Size\nTouchscreen\nYes\nWater Resistant\nYes\nWater Resistance Depth\n10 m\nUsage\nFitness & Outdoor\nIdeal For\nMen & Women\nCompatible OS\nAndroid & iOS\nProduct Details\nClosure\nBuckle\nSensor\nBuetooth Calling, SpO2, Heart Rate Sensor HRS3600, Accelerometer 3-Axis Sens, Barometer, Pedometer SC7A20\nNotification\nCall, SMS, Whatsapp, Facebook, Twiter, Other Social Apps, Sedentary Reminder, Goal Completion\nNotification Type\nVibration & Ringer\nBattery Type\nLithium Ion\nCharge Time\n120 min\nBattery Life\nUpto 5 Days\nRechargeable Battery\nYes\nConnectivity Features\nCall Function\nYes\nBluetooth\nYes\nWi-Fi\nNo\nGPS\nNo\nBluetooth Version\nv5.0\nOperating Range\n10 m\nCamera And Display Features\nDisplay Resolution\n240 x 280 Pixel\nDisplay Size\n1.69 Inch\nDisplay Type\nIPS LCD\nBacklight Display\nNo\nScratch Resistant\nYes\nFitness And Watch Functions\nStep Count\nYes\nHeart Rate Monitor\nYes\nAltimeter\nNo\nOther Fitness Features\nPedometer with SC7A20 Sensor, Heart Rate Monitor with HRS3600 Sensor, SpO2 (Blood Oxygen Monitor), Sleep Monitoring, Sedentary Reminders, Breathe Monitoring\nDate & Time Display\nYes\nCompass\nNo\nCalendar\nNo\nAlarm Clock\nYes\nChronograph\nYes\nLanguage\nEnglish\nNumber of Buttons\n1\nOther Watch Functions\nBuetooth Calling smartwatch - Make and receive calls on the go, AI Voice Assistant in built, Built in Mic & Speaker for HD Calls â€¢ High Resolution of 240*280 Pixel & 1.69 inch IPS LCD Screen covered with a 2.5D Full Lamination for best protection, Track 120 sports modes efficiently and analyse performance based upon saved history, This smartwatch can withstand dust, spills, raindrops and is sweatproof too with an IP rating IP67, Track your blood oxygen (SpO2), Heart Rate with latest HRS3600 Technology Sensor, Monitor your breathing exercise every morning to lead a healthy life, Make sure you sleep 8 hours with the sleep monitor to help you look beautiful and fresh always, With 8 In Built Watch faces and over 100 cloud watch faces match your mood and style, Smartphone notifications on your tips, All new find device feature, now no need to find the phone manually, Play Games on your wrist in your leisure time\nAudio And Video Features\nSpeaker\nYes\nMicrophone\nYes\nDimensions\nWidth\n43.5 mm\nHeight\n38.5 mm\nThickness\n9.5 mm\nWeight\n40 g\nWarranty\nWarranty Summary\nCovers Manufacturing Defects\nWarranty Service Type\nContact infocare@boltt.com to Claim Warranty. Replacement will be given by the brand against Manufacturing Defects.\nCovered in Warranty\nManufacturing Defects\nNot Covered in Warranty\nPhysical & Water Damage\nDomestic Warranty\n1 Year",
            "rating": 0.0,
            "price": 2400.0,
            "offer": 55.0,
            "type": "",
            "brand": "fire-boltt ninja",
            "category": "electronics",
            "merchantId": 1248,
            "quantity": 25,
            "status": "ACTIVE",
            "thumbnailURL": "https://rukminim2.flixcart.com/image/612/612/xif0q/smartwatch/k/k/7/-original-imagkfm8qy9ecd8p.jpeg?q=70",
            "productImageURLs": [
                "https://rukminim2.flixcart.com/image/416/416/xif0q/smartwatch/f/m/f/-original-imagkfm8zmbnjr76.jpeg?q=70",
                "https://rukminim2.flixcart.com/image/416/416/xif0q/smartwatch/w/q/k/-original-imagkfm8hdjsbyz4.jpeg?q=70",
                "https://rukminim2.flixcart.com/image/416/416/xif0q/smartwatch/f/n/z/-original-imagkfm8zxtzmdsn.jpeg?q=70",
                "https://rukminim2.flixcart.com/image/416/416/xif0q/smartwatch/f/n/w/-original-imagkfm8npgnczpk.jpeg?q=70",
                "https://rukminim2.flixcart.com/image/416/416/xif0q/smartwatch/k/k/7/-original-imagkfm8qy9ecd8p.jpeg?q=70"
            ],
            "searchTags": [
                "fire boltt smart watch ",
                "Smart watch",
                "Fire-Boltt Ninj",
                "Fire-Boltt "
            ],
            "reviews": null,
            "createdDateTime": "2023-09-13T13:08:00.015",
            "zoneId": "ALPHA"
        },
        {
            "productId": 143,
            "name": "Galaxy Z Fold5 ",
            "title": "(Phantom Black, 12GB RAM, 512GB Storage)",
            "description": "\nBrand\tSamsung\nModel Name\tSamsung Galaxy Fold5 5G\nNetwork Service Provider\tUnlocked for All Carriers\nOperating System\tAndroid 13.0\nCellular Technology\t5G,4G LTE\nAbout this item\nStands out. Stands up. Unfolds. The Galaxy Z Fold5 does a lot in one hand with its 15.73 cm(6.2-inch) Cover Screen. Unfolded, the 19.21 cm(7.6-inch) Main Screen lets you really get into the zone. Pushed-back bezels and the Under Display Camera means there's more screen and no black dot getting between you and the breathtaking Infinity Flex Display.\nDo more than more with Multi View. Whether toggling between texts or catching up on emails, take full advantage of the expansive Main Screen with Multi View. PC-like power in your pocket transforms apps optimized with One UI to give you menus and more in a glance\nNew Taskbar for PC-like multitasking. Wipe out tasks in fewer taps. Add apps to the Taskbar for quick navigation and bouncing between windows when you're in the groove. And with App Pair, one tap launches up to three apps, all sharing one super-productive screen\nOur toughest Samsung Galaxy foldables ever. From the inside out, Galaxy Z Fold5 is made with materials that are not only stunning, but stand up to life's bumps and fumbles. The front and rear panels, made with exclusive Corning Gorilla Glass Victus2, are ready to resist sneaky scrapes and scratches. With our toughest aluminum frame made with Armor Aluminum, this is one durable smartphone.\nWorld’s first water resistant foldable smartphones. Be adventurous, rain or shine. You don't have to sweat the forecast when you've got one of the world's first water-resistant foldable smartphones.",
            "rating": 0.0,
            "price": 164999.0,
            "offer": 30.0,
            "type": "mobile",
            "brand": "sansung",
            "category": "electronics",
            "merchantId": 1248,
            "quantity": 20,
            "status": "ACTIVE",
            "thumbnailURL": "https://m.media-amazon.com/images/I/71RLYJvBidL._SX522_.jpg",
            "productImageURLs": [
                "https://m.media-amazon.com/images/I/61bjfEWCd5L._SX522_.jpg",
                "https://m.media-amazon.com/images/I/71aD7cnkttL._SX522_.jpg",
                "https://m.media-amazon.com/images/I/61qVnohMTPL._SX522_.jpg",
                "https://m.media-amazon.com/images/I/71RLYJvBidL._SX522_.jpg"
            ],
            "searchTags": [
                "offer",
                "galaxy",
                "snapdragon",
                "5g",
                "fold",
                "z",
                "samsung"
            ],
            "reviews": [
                {
                    "reviewId": 1522,
                    "shopperId": 18195,
                    "shopperName": "Parimal",
                    "heading": "review",
                    "description": "Good and user friendly",
                    "rating": 4.0,
                    "dateTime": "2023-12-05T17:52:52.867"
                }
            ],
            "createdDateTime": "2023-09-13T13:09:30.489",
            "zoneId": "ALPHA"
        },
        {
            "productId": 144,
            "name": "Lipstick",
            "title": "Swiss Beauty Pure Matte Lipstick",
            "description": "Brand\tSWISS BEAUTY\nColour\tBare\nSkin Type\tNormal\nItem Form\tStick\nFinish Type\tMatte\nProduct Benefits\tHydrating,Longlasting,Nourishing,Smoothening\nCoverage\tFull",
            "rating": 0.0,
            "price": 300.0,
            "offer": 20.0,
            "type": "lipstick",
            "brand": "matte",
            "category": "beauty",
            "merchantId": 1248,
            "quantity": 200,
            "status": "ACTIVE",
            "thumbnailURL": "https://m.media-amazon.com/images/I/61eOv+UzlxL._SY450_.jpg",
            "productImageURLs": [
                "https://m.media-amazon.com/images/I/21xJ5iU6tXL._SS40_.jpg",
                "https://m.media-amazon.com/images/I/210LpShq+CL._SS40_.jpg",
                "https://m.media-amazon.com/images/I/31xkm8LEHVL._SS40_.jpg"
            ],
            "searchTags": [
                "matt",
                "lipstick"
            ],
            "reviews": null,
            "createdDateTime": "2023-09-13T13:09:44.593",
            "zoneId": "ALPHA"
        },
        {
            "productId": 145,
            "name": "women zipper tote handbag",
            "title": "women handbag",
            "description": "Faux leather material aqua colored satchel\n33 centimeters height x 23 centimeters length x 12 centimeters width\nZip closure\nDo not expose to extreme heat\nMetal logo",
            "rating": 0.0,
            "price": 1959.0,
            "offer": 0.0,
            "type": "",
            "brand": "caprese",
            "category": "women",
            "merchantId": 1248,
            "quantity": 60,
            "status": "ACTIVE",
            "thumbnailURL": "https://m.media-amazon.com/images/I/815Df+qVskL._UY695_.jpg",
            "productImageURLs": [
                "https://m.media-amazon.com/images/I/81Gtp4pqDYL._UY695_.jpg",
                "https://m.media-amazon.com/images/I/81xCcmQVd1L._UY695_.jpg",
                "https://m.media-amazon.com/images/I/81S+3cuVhAL._UX625_.jpg"
            ],
            "searchTags": [
                "caprese",
                "tote bags",
                "hand bags",
                "bags"
            ],
            "reviews": null,
            "createdDateTime": "2023-09-13T13:10:15.308",
            "zoneId": "ALPHA"
        },
        {
            "productId": 146,
            "name": "jacket",
            "title": "denim jacket",
            "description": "Product Dimensions ‏ : ‎ 30 x 24 x 2 cm; 450 Grams\nDate First Available ‏ : ‎ 11 March 2023\nManufacturer ‏ : ‎ Dimpy Garments\nASIN ‏ : ‎ B0BY51SB83\nItem part number ‏ : ‎ jacket-2436PLUSD_3XL\nCountry of Origin ‏ : ‎ India\nDepartment ‏ : ‎ Womens\nManufacturer ‏ : ‎ Dimpy Garments\nPacker ‏ : ‎ Dimpy Garments\nItem Weight ‏ : ‎ 450 g\nItem Dimensions LxWxH ‏ : ‎ 30 x 24 x 2 Centimeters\nNet Quantity ‏ : ‎ 1.00 count\nBest Sellers Rank: #13,829 in Clothing & Accessories (See Top 100 in Clothing & Accessories)\n#38 in Women's Jackets",
            "rating": 0.0,
            "price": 600.0,
            "offer": 0.0,
            "type": "women-jacket-coat",
            "brand": "denim",
            "category": "women",
            "merchantId": 1248,
            "quantity": 1,
            "status": "ACTIVE",
            "thumbnailURL": "DIMPY GARMENTS Plus Size Denim Jacket For Women",
            "productImageURLs": [
                "https://m.media-amazon.com/images/I/61rrKKi4QnL._UY741_.jpg"
            ],
            "searchTags": [
                "small",
                "medium "
            ],
            "reviews": null,
            "createdDateTime": "2023-09-13T13:11:19.878",
            "zoneId": "ALPHA"
        },
        {
            "productId": 147,
            "name": "headphome",
            "title": "boat  headphones",
            "description": "Active noise cancellation for uninterrupted listening pleasure\nSuperior wireless sound with deep dynamic bass and quality codec support including AAC and AptX Low Latency\n30-hour battery life\nCrafted from quality materials for outstanding durability with a minimalist design available in a choice of white or black\nIntuitive controls including Virtual Assistant button for Siri and Google Assistant\nUSB-C fast charging and advanced wireless Bluetooth 5.0 technology for effortlessly reliable connectivity",
            "rating": 0.0,
            "price": 45000.0,
            "offer": 0.0,
            "type": "headphones",
            "brand": "boat",
            "category": "electronics",
            "merchantId": 1248,
            "quantity": 1,
            "status": "ACTIVE",
            "thumbnailURL": "Sennheiser HD 450BT (ANC) Bluetooth 5.0 Wireless Over Ear Headphone with Mic, Designed in Germany, Alexa Built-in - Active Noise Cancellation, 30h Battery,Fast Charging, Foldable, 2Yr WARRANTY - Black",
            "productImageURLs": [
                "https://m.media-amazon.com/images/I/71z97HfSZxS._SX522_.jpg"
            ],
            "searchTags": [
                "wire less"
            ],
            "reviews": null,
            "createdDateTime": "2023-09-13T13:11:19.879",
            "zoneId": "ALPHA"
        },
        {
            "productId": 148,
            "name": "boAt Airdopes 131",
            "title": "boat airdopes",
            "description": "With Mic:Yes\nBluetooth version: 5.0 / 5.1\nWireless range: 10 m\nCharging time: 2 Hours\nPlayback Time: Upto 15 to 60 Hours Playback\nASAP Charge: 5 Mins Charge= 90 Mins Playback\n13MM Drivers\n7.IPX4: Sweat Resistance\n\nAre you looking for a wireless earbud-type headset that delivers an impressive playback time? If your answer is yes, bring home the boAt Airdopes 131 that comes with a carrying case. This carrying case also acts as a 650 mAh portable charger that extends the playback time of these earbuds by up to 15 hours, i.e. 4 times its normal charging capacity. The normal battery capacity of each of these earbuds is 40 mAh and this delivers up to 3 hours of playback time. These earbuds feature Bluetooth v5.0 technology that delivers a stable connection that lets your rock on without connectivity issues. The stereo calling feature of these earbuds allows you to enjoy calls via its built-in microphone and 13-mm drivers. These earbuds are powered up by the IWP Technology featured in them the moment you open the case. The presence of a Type-C charging port ensures you can easily charge it with any charger that has a compatible cable.",
            "rating": 0.0,
            "price": 1200.0,
            "offer": 10.0,
            "type": "headphones",
            "brand": "boat",
            "category": "electronics",
            "merchantId": 1248,
            "quantity": 12,
            "status": "ACTIVE",
            "thumbnailURL": "https://rukminim2.flixcart.com/image/612/612/xif0q/headphone/1/8/l/-original-imagqhswqgpwb2yu.jpeg?q=70",
            "productImageURLs": [
                "https://rukminim2.flixcart.com/image/416/416/l23mhzk0/headphone/z/6/o/-original-imagdgum7gtgwjfr.jpeg?q=70",
                "https://rukminim2.flixcart.com/image/416/416/xif0q/headphone/4/t/b/-original-imagjwgz38hjmehb.jpeg?q=70",
                "https://rukminim2.flixcart.com/image/416/416/xif0q/headphone/q/o/h/-original-imagjwgzgucg95g2.jpeg?q=70"
            ],
            "searchTags": [
                "True Wireless",
                "Active Black",
                "Bluetooth Headset",
                "ASAP Charge",
                "60 Hours",
                "131",
                "Airdopes",
                "Boat"
            ],
            "reviews": null,
            "createdDateTime": "2023-09-13T13:12:46.957",
            "zoneId": "ALPHA"
        },
        {
            "productId": 149,
            "name": "SONY 138.8 cm (55 inch) Ultra HD (4K) LED Smart Google TV 2022 Edition  (KD-55X74K)",
            "title": "SONY 138.8 cm",
            "description": "Supported Apps: Netflix|Prime Video|Disney+Hotstar|Youtube\nOperating System: Google TV\nResolution: Ultra HD (4K) 3840 x 2160 Pixels\nSound Output: 20 W\nRefresh Rate: 60 Hz",
            "rating": 0.0,
            "price": 64999.0,
            "offer": 10.0,
            "type": "electronic-accessories",
            "brand": "sony",
            "category": "electronics",
            "merchantId": 1248,
            "quantity": 6,
            "status": "ACTIVE",
            "thumbnailURL": "https://rukminim2.flixcart.com/image/312/312/xif0q/television/d/k/e/-original-imagm2e6ztgrawkg.jpeg?q=70",
            "productImageURLs": [
                "https://rukminim2.flixcart.com/image/416/416/xif0q/television/3/9/a/-original-imagm2e6utaw5cns.jpeg?q=70",
                "https://rukminim2.flixcart.com/image/416/416/xif0q/television/c/i/r/-original-imagm2e6nhdhjps8.jpeg?q=70"
            ],
            "searchTags": [
                "HD",
                "ultra hd",
                "55 inch",
                "138",
                "Sony"
            ],
            "reviews": null,
            "createdDateTime": "2023-09-13T13:12:46.957",
            "zoneId": "ALPHA"
        },
        {
            "productId": 151,
            "name": "SAMSUNG 236 L Refrigerator",
            "title": "Refrigerator",
            "description": "\nIn The Box\n1 Refrigerator, User Manual, Warranty Card\nType\nDouble Door\nRefrigerator Type\nTop Mount\nDefrosting Type\nFrost Free\nCompressor Type\nDigital Inverter Compressor\nCapacity\n236 L\nNumber of Doors\n2\nStar Rating\n2\nCoolpad\nNo\nToughened Glass\nYes\nBuilt-in Stabilizer\nYes\nBody And Design Features\nBody Material\nStainless Steel\nDisplay Type\nLED\nPower Features\nBEE Rating Year\n2023\nAdditional Features\nLaunch Year\n2023\nDimensions\nNet Height\n1673 mm\nNet Depth\n637 mm\nNet Width\n566 mm\nWeight\n49 kg\nInstallation & Demo\nInstallation & Demo\nAuthorized Service Engineer will install the Refrigerator, make it operational and explain the below details. 1. How to Use, 2. Features,3. Do's and Don'ts.\nWarranty\nWarranty Service Type\nTechnician Visit\nWarranty Summary\n1 Year Comprehensive Warranty on Product and 20 Years Warranty on Compressor\nCovered in Warranty\nAll Parts Excluding Plastic Parts, Glassware, Bulb and Tube from the Date of Purchase Against Defective Material and Workmanship\nNot Covered in Warranty\nParts: Plastic / Glassware / Bulb / Tube. Any Accessories External to the Product. The Product is Not Used According to the Instructions Given in the Instructions Manual. Defects Caused by Improper Use as Determined by the Company Personnel. Modification or Alteration of Any Nature made in the Electrical Circuitry or Physical Construction of the Set. Site (Where the Premises is Kept) Conditions That do Not Confirm to the Recommended Operating Conditions of the Machine. The Serial Number is Removed, Altered or Obliterated from the Machine. Defects Due to Cause Beyond Control Like Lightening, Abnormal Voltage, Acts of God or While in Transit to the Service Centres or Purchasers Residence",
            "rating": 0.0,
            "price": 32000.0,
            "offer": 5.0,
            "type": "electronic-accessories",
            "brand": "samsung",
            "category": "electronics",
            "merchantId": 1248,
            "quantity": 2,
            "status": "ACTIVE",
            "thumbnailURL": "https://www.flipkart.com/samsung-236-l-frost-free-double-door-2-star-refrigerator-base-drawer/p/itm22470dcc0ab57?pid=RFRGNHK6RUMGXZWF&lid=LSTRFRGNHK6RUMGXZWFUNMMCK&marketplace=FLIPKART&store=j9e%2Fabm%2Fhzg&srno=b_1_16&otracker=nmenu_sub_TVs%20%26%20Appliances_0_Double%20Door&fm=neo%2Fmerchandising&iid=8e8e137e-a704-4d11-aca1-4b397ba8a3ff.RFRGNHK6RUMGXZWF.SEARCH&ppt=browse&ppn=browse&ssid=49p4v2j1280000001694589962736",
            "productImageURLs": [
                "https://rukminim2.flixcart.com/image/416/416/xif0q/refrigerator-new/i/0/t/rt28c31429r-hl-1673-2-2023-49-samsung-566-637-original-imagzkg6knce85vb.jpeg?q=70",
                "https://rukminim2.flixcart.com/image/416/416/xif0q/refrigerator-new/3/c/a/rt28c31429r-hl-1673-2-2023-49-samsung-566-637-original-imagzkg6dx8nt8du.jpeg?q=70",
                "https://rukminim2.flixcart.com/image/416/416/xif0q/refrigerator-new/o/6/c/rt28c31429r-hl-1673-2-2023-49-samsung-566-637-original-imagzkg6tzzkzqqk.jpeg?q=70"
            ],
            "searchTags": [
                "Refrigerator",
                "236 L",
                "Samsung"
            ],
            "reviews": [
                
            ],
            "createdDateTime": "2023-09-13T13:12:46.959",
            "zoneId": "ALPHA"
        },
        {
            "productId": 152,
            "name": "Women Pure Cotton Kurta Trouser Set",
            "title": "Kurta Trousers set",
            "description": "Fabric\nPure Cotton\nType\nKurta and Trousers Set\nSales Package\n1,Kurta, 1,Trousers, 1, Dupatta\nStyle Code\nKH0GY7003\nTop fabric\nCotton\nBottom fabric\nCotton\nTop type\nKurta\nBottom type\nTrouser",
            "rating": 4.0,
            "price": 2500.0,
            "offer": 10.0,
            "type": "women-ethnic-wear",
            "brand": "indo era",
            "category": "women",
            "merchantId": 1248,
            "quantity": 8,
            "status": "ACTIVE",
            "thumbnailURL": "https://rukminim2.flixcart.com/image/612/612/xif0q/ethnic-set/a/4/u/m-kh0gy7003-indo-era-original-imagzhez4v3shj6m.jpeg?q=70",
            "productImageURLs": [
                "https://rukminim2.flixcart.com/image/832/832/xif0q/ethnic-set/j/c/e/m-kh0gy7003-indo-era-original-imagzhezfbjrehvx.jpeg?q=70",
                "https://rukminim2.flixcart.com/image/832/832/xif0q/ethnic-set/l/y/4/m-kh0gy7003-indo-era-original-imagzhezwhbz9rkf.jpeg?q=70",
                "https://rukminim2.flixcart.com/image/832/832/xif0q/ethnic-set/0/n/j/m-kh0gy7003-indo-era-original-imagzhezh592xhc2.jpeg?q=70"
            ],
            "searchTags": [
                "indo era",
                "kurta set",
                "Kurta trousers",
                "Kurta"
            ],
            "reviews": [
                {
                    "reviewId": 2495,
                    "shopperId": 11521,
                    "shopperName": "ROOPA ABC",
                    "heading": "good",
                    "description": "nice quality n color",
                    "rating": 4.0,
                    "dateTime": "2024-01-04T10:00:23.586"
                }
            ],
            "createdDateTime": "2023-09-13T13:12:46.959",
            "zoneId": "ALPHA"
        },
        {
            "productId": 153,
            "name": "Solo Microwave",
            "title": "25L Microwave",
            "description": "Eligible for Free Open Box Inspection Details \nBrand\tIFB\nColour\tSilver\nHeating Method\tSolo\nFinish Type\tPolished\nFuel Type\tElectric\nAbout this item\n25L Capacity: Suitable for families with 5 to 6 members\nSolo: Can be used for Reheating, Melting and Cooking\nIFB offer a super warranty 1 year on Microwave Oven & 3 years on magnetron & cavity\nIncluded in the Box : Microwave Oven, Unit Glass Turntable, Wire Rack, Quick Guide Label, Warranty Card\nControl: Push buttons and jog dial is sensitive to touch and easy to clean\nNo. of Programes: Multi Stage Cooking, Quick Start, Auto Defrost, Delay Start,\nChild Safety Lock: Ensures complete safety especially for homes with young children",
            "rating": 0.0,
            "price": 8000.0,
            "offer": 40.0,
            "type": "electronic-accessories",
            "brand": "ifb",
            "category": "electronics",
            "merchantId": 1248,
            "quantity": 10,
            "status": "ACTIVE",
            "thumbnailURL": "https://m.media-amazon.com/images/I/61yBQH2ufUL._SX679_.jpg",
            "productImageURLs": [
                "https://m.media-amazon.com/images/I/81mLs7z5LeL._SX679_.jpg",
                "https://m.media-amazon.com/images/I/71tK007qJaL._SX679_.jpg",
                "https://m.media-amazon.com/images/I/71QtV+QSv9L._SX679_.jpg"
            ],
            "searchTags": [
                "Microwave",
                "Solo",
                "IFB"
            ],
            "reviews": null,
            "createdDateTime": "2023-09-13T13:13:13.269",
            "zoneId": "ALPHA"
        },
        {
            "productId": 154,
            "name": "Wooum Rechargeable Led Desk Lamp",
            "title": "Wooum Rechargeable Led Desk Lamp Touch Control On/Off Student Study Table Lamp Night Lamp for Children - Eye Protection Lamp, Pack of 1, Colour: White",
            "description": "Style\tModern\nBrand\tWooum\nColour\tWhite\nProduct Dimensions\t29D x 10W x 3H Centimeters\nSpecial Feature\tEnergy Efficient, Flexible, Lightweight, Portable, Rechargeable, Dimmable, Touch Control, USB Port,\nLight Source Type\tLED\nFinish Type\tPolished\nMaterial\tPlastic\nLamp Type\tÂ Desk Lamp, Table Lamp\nRoom Type\tBedroom, Study Room\nAbout this item\nPRODUCT DETAILS: USB port for convenient device charging with 1.2 meters USB Cable. with 5V micro USB charging cord, which also can be charged by computer, laptop and power bank. With mobile phone stand to hold the mobile phone. The Phone Stand, frees your hands and being practical for you to watch videos for long hours. Use silicon tube to adjust the lighting angle. This Table Lamp is Operated with Touch and can be easily adjusted with it Flexible Body features.\nPORTABLE DESIGN: The small and portable design, which means you, can fold easily to carry it wherever you go. Soft and high quality goosenecks hose of with flexible 360 degree can be bending at your will.\nCHARGING INDICATOR: WOOUM Table Lamp comes with charging indicator but there are no indicator available which shows full battery charge or level of battery charged. Connect the USB power cord to the USB adapter for charging. It is being charged as the red indication light on. Charge fully at least once every 3 months if it is not in use. Lightweight and compact size convenient to carry and for your travel. Backup time - 120 minutes.\nNOTE: PLEASE DO NOT USE WHILE CHARGING, PLEASE DO NOT TURN ON WHILE CHARGING. Packing contents: 1 X Light; 1 x USB charging line. Switch Type: Touch Light , Brightness : Touch Dimming , Light Source: LED Bulbs.\nENERGY AND RECHARGEABLE: This Rechargeable WOOUM Table Lamp has a twin AC-DC Function. You can charge It fully in 3 to 4 hours and then can use it on the DC mode when there is a power failure. You can operate by AC power directly when there is electricity through adapter. Low consumption and long lifespan. Besides, it is a good choice for your family as emergency lighting when there is a sudden power outage.\nUSAGE: Furnish and light up your desk with this luxurious WOOUM Rechargeable LED Desk lamp. The table lamp comes with high bright LED lights. You can easily control the intensity of the light with dimming features. Bright LED light source, 3 adjustable levels, no radiation, no ultraviolet, no flicker, eye-friendly and energy efficient.\nLIGHTING HOURS:- Lights resists heating up and lasts for 120 Minutes if used under strongest light setting and 2-3 hours if used under weak light setting. Surface light source is more protective of the EYES. Operating off of easy-to-use, touch-sensitive control, this LED desk lamp is perfect for quick, versatile lighting. With a modern design ideal for any office space, this DC 5V rated voltage lamp is able to adjust to your needs.",
            "rating": 0.0,
            "price": 379.0,
            "offer": 55.0,
            "type": "electronic-accessories",
            "brand": "wooum rechargeable led desk lamp",
            "category": "electronics",
            "merchantId": 1248,
            "quantity": 500,
            "status": "ACTIVE",
            "thumbnailURL": "https://m.media-amazon.com/images/I/511YSOOppXL._SX425_.jpg",
            "productImageURLs": [
                "https://m.media-amazon.com/images/I/41XQF2eSWaL._SS75_.jpg",
                "https://m.media-amazon.com/images/I/31in-vgkFBL._SS75_.jpg",
                "https://m.media-amazon.com/images/I/41DlLeKA9pL._SS75_.jpg",
                "https://m.media-amazon.com/images/I/511YSOOppXL._SX425_.jpg"
            ],
            "searchTags": [
                "room decor",
                "electronics",
                "touch lamp",
                "led",
                "lamp"
            ],
            "reviews": [
                
            ],
            "createdDateTime": "2023-09-13T13:13:46.222",
            "zoneId": "ALPHA"
        },
        {
            "productId": 155,
            "name": "U.S. POLO ASSN. Men Shirt",
            "title": "Men Shirt",
            "description": "\nBrand\tU.S. POLO ASSN.\nColour\tWhite\nFit Type\tRegular Fit\nStyle\tWestern\nNeck Style\tCollared Neck\nAge Range (Description)\tAdult\nMaterial\tCotton\nSleeve Type\tLong Sleeve\nFabric Type\tCotton\nOccasion\tEvening\nSee more\nAbout this item\nCare Instructions: Machine Wash\nFit Type: Regular Fit\nSpread collar\nChest patch pocket with logo\nFull button placket\nLong sleeves with rounded cuffs\nPleated with loop detail at back",
            "rating": 3.0,
            "price": 1220.0,
            "offer": 10.0,
            "type": "men-sweatshirt",
            "brand": "u.s. polo assn",
            "category": "men",
            "merchantId": 1248,
            "quantity": 23,
            "status": "ACTIVE",
            "thumbnailURL": "https://m.media-amazon.com/images/I/61FXhXLibsL._UX522_.jpg",
            "productImageURLs": [
                "https://m.media-amazon.com/images/I/61f+DmIZEXL._UX522_.jpg",
                "https://m.media-amazon.com/images/I/61aKrPTPwaL._UX522_.jpg",
                "https://m.media-amazon.com/images/I/61Ty1fNw15L._UX522_.jpg"
            ],
            "searchTags": [
                "us polo",
                "shirt"
            ],
            "reviews": [
                {
                    "reviewId": 6602,
                    "shopperId": 57378,
                    "shopperName": "soundharya lahari Namashivayam",
                    "heading": "jhghgShirt",
                    "description": "mlkj.lgood",
                    "rating": 3.0,
                    "dateTime": "2024-04-22T07:54:30.047"
                }
            ],
            "createdDateTime": "2023-09-13T13:14:13.158",
            "zoneId": "ALPHA"
        },
        {
            "productId": 156,
            "name": "Sony PS5 Console",
            "title": "SONY PS5 Console COD MW2 VCH Bundle (CFI-1208A01R) 825GB SSD GB with Call of Duty WMII Game  (White)",
            "description": "\nBrace yourself for a whole new world of possibilities as the PS5 unleashes unparalleled power and innovation. Get ready to elevate your gaming experience to new heights with the Sony PlayStation 5 Console. Unleash the power of play, immerse yourself in stunning visuals, and explore a world of endless possibilities. With the PS5, gaming will never be the same again.\n\nSpecifications\nGeneral\nModel Number\nPS5 Console COD MW2 VCH Bundle (CFI-1208A01R)\nSales Package\nGaming Console, Wireless Controller, Manual, AC Power Cord, USB Cable, HDMI Cable\nAdditional Content\nASTRO�s PLAYROOM (Pre-installed game. Console may need to be updated to the latest system software version. Internet connection required.)\nConsole Type\nConsole\nHDMI\n1\nUSB\n3\nMotion Controller Included\nN/A\nWarranty\nWarranty Summary\n1 Year Warranty\nWarranty Service Type\nCarry-in\nCovered in Warranty\nManufacturing Defects\nNot Covered in Warranty\nPhysical and Water Damages\nManufacturing, Packaging and Import Info: Sony Computer Entertainment Inc 1 7 1 Konan Minato ku Tokyo 108 0075 Japan",
            "rating": 5.0,
            "price": 60000.0,
            "offer": 25.0,
            "type": "electronic-accessories",
            "brand": "sony",
            "category": "electronics",
            "merchantId": 1248,
            "quantity": 75,
            "status": "ACTIVE",
            "thumbnailURL": "https://rukminim2.flixcart.com/image/416/416/xif0q/gamingconsole/f/l/6/ps5-console-cod-wm2-vch-bundle-cfi-1208a01r-825gb-ssd-sony-n-a-original-imagqhg84tkxdcev.jpeg?q=70",
            "productImageURLs": [
                "https://rukminim2.flixcart.com/image/128/128/xif0q/gamingconsole/x/0/i/ps5-console-cod-wm2-vch-bundle-cfi-1208a01r-825gb-ssd-sony-n-a-original-imagqhg8jhghyhzh.jpeg?q=70",
                "https://rukminim2.flixcart.com/image/416/416/xif0q/gamingconsole/f/l/6/ps5-console-cod-wm2-vch-bundle-cfi-1208a01r-825gb-ssd-sony-n-a-original-imagqhg84tkxdcev.jpeg?q=70",
                "https://rukminim2.flixcart.com/image/416/416/xif0q/gamingconsole/1/9/r/ps5-console-cod-wm2-vch-bundle-cfi-1208a01r-825gb-ssd-sony-n-a-original-imagqhg8uzpzawgx.jpeg?q=70",
                "https://rukminim2.flixcart.com/image/416/416/xif0q/gamingconsole/1/9/r/ps5-console-cod-wm2-vch-bundle-cfi-1208a01r-825gb-ssd-sony-n-a-original-imagqhg8uzpzawgx.jpeg?q=70"
            ],
            "searchTags": [
                "White",
                " WMII Game ",
                "PS",
                "SONY PS5 Console COD",
                "Sony",
                "Call of Duty",
                "SONY PS5 Console COD MW2 VCH Bundle (CFI-1208A01R) 825GB SSD GB with Call of Duty WMII Game ",
                "SONY PS5 Console COD MW2 VCH Bundle (CFI-1208A01R) 825GB SSD GB with Call of Duty WMII Game  (White)"
            ],
            "reviews": [
                {
                    "reviewId": 179,
                    "shopperId": 2044,
                    "shopperName": "Nishad",
                    "heading": "Best PS5, fast Processor",
                    "description": "This is the PS5 I have ever seen, runs smoothly, has lot of storage space, looks premium, feels premium",
                    "rating": 5.0,
                    "dateTime": "2023-09-18T23:17:56.778"
                }
            ],
            "createdDateTime": "2023-09-13T13:15:01.194",
            "zoneId": "ALPHA"
        },
        {
            "productId": 157,
            "name": "elephant toy",
            "title": "Mi Arcus Elephant Soft Toy",
            "description": "Brand\tMi Arcus\nAnimal theme\tElephant\nTheme\tAnimal\nToy figure type\tStuffed Toy\nColour\tMARINA",
            "rating": 3.0,
            "price": 1000.0,
            "offer": 20.0,
            "type": "",
            "brand": "mi arcus",
            "category": "kids",
            "merchantId": 1248,
            "quantity": 10,
            "status": "ACTIVE",
            "thumbnailURL": "https://m.media-amazon.com/images/I/91vEhvqD1EL._SX466_.jpg",
            "productImageURLs": [
                "https://m.media-amazon.com/images/I/4104EhzCaaL._SS40_.jpg",
                "https://m.media-amazon.com/images/I/412aX8F9VqL._SS40_.jpg",
                "https://m.media-amazon.com/images/I/41KgDhH8YPL._SS40_.jpg"
            ],
            "searchTags": [
                "kids",
                "toy",
                "elephant"
            ],
            "reviews": [
                {
                    "reviewId": 8043,
                    "shopperId": 78993,
                    "shopperName": "Rajput Anjali",
                    "heading": "product is ok",
                    "description": "Product is not worth buying",
                    "rating": 3.0,
                    "dateTime": "2024-05-29T18:51:31.039"
                }
            ],
            "createdDateTime": "2023-09-13T13:15:14.152",
            "zoneId": "ALPHA"
        },
        {
            "productId": 158,
            "name": "iphone",
            "title": "promax13",
            "description": "\nBrand\tLONTECT\nColor\tPurple\nForm Factor\tBumper\nCompatible Phone Models\tiPhone 13 Pro Max\nMaterial\tSilicone, Plastic, Polycarbonate\n",
            "rating": 0.0,
            "price": 100000.0,
            "offer": 50.0,
            "type": "mobile",
            "brand": "apple",
            "category": "electronics",
            "merchantId": 1248,
            "quantity": 100,
            "status": "ACTIVE",
            "thumbnailURL": "https://m.media-amazon.com/images/I/51QqoKROrSL._AC_UY327_FMwebp_QL65_.jpg",
            "productImageURLs": [
                "https://m.media-amazon.com/images/I/81+a8o8JJkL._AC_SX522_.jpg"
            ],
            "searchTags": [
                "iphone promax13 mobile"
            ],
            "reviews": null,
            "createdDateTime": "2023-09-13T13:15:16.303",
            "zoneId": "ALPHA"
        },
        {
            "productId": 159,
            "name": "iphone promax12",
            "title": "promax12",
            "description": "\nBrand\tOtterBox\nColor\tRock Skip Way\nForm Factor\tBasic Case\nCompatible Phone Models\tiPhone 12 Pro Max\nMaterial\tPolycarbonate",
            "rating": 0.0,
            "price": 80000.0,
            "offer": 20.0,
            "type": "mobile",
            "brand": "apple",
            "category": "electronics",
            "merchantId": 1248,
            "quantity": 50,
            "status": "ACTIVE",
            "thumbnailURL": "https://m.media-amazon.com/images/I/61mv+51bb3L._AC_UY327_FMwebp_QL65_.jpg",
            "productImageURLs": [
                "https://m.media-amazon.com/images/I/61mv+51bb3L._AC_UY327_FMwebp_QL65_.jpg"
            ],
            "searchTags": [
                "iphone promax12 mobile"
            ],
            "reviews": null,
            "createdDateTime": "2023-09-13T13:15:16.303",
            "zoneId": "ALPHA"
        },
        {
            "productId": 161,
            "name": "battery operated zeep",
            "title": "zeep",
            "description": "Key Features:\n\nMaterial: Plastic made up of very strong and sturdy material\n\nSeat: Roomy and spacious seat for kids\n\nBig Tyre: Wear resistant tyres, anti-skid tyres can be adapt to many types of road\n\nFunctions: Go forward/backward, turn left/ right, brake and gear shift\n\nParental control: Kid can drive this jeep on any flat surface and parents can also control it through Bluetooth remote\n\n\n\nSuitable Battery For Ride On\nSuitable Battery For Ride On\nSuitable Battery For Ride On\n\nSuitable Charger For Ride On\nSuitable Charger For Ride On\nSuitable Chargers For Ride On\nSpecifications:\n\nBrand - Fab N Funky \n\nType - Ride On Jeep\n\nManufacturer recommended age Age - 3 Years\n\n\n\nBody Specifications:\n\nLight- Yes \n\nMusic- Yes \n\nCharger- Yes \n\nSafety Harness Type- 2 Point Belt System\n\nRemote- Yes\n\n\n\nTechnical Specifications:\n\nProduct Dimension - L 121 x B 80 x H 46.5\n\nOverall Dimension - L 126 x B 75.5 x H 76 \n\nNo of Wheels- 4\n\nFront & Back Wheels Diameter- 29 Cm \n\nMotor Battery information- 12v/7.2 Ah\n\nSeat Dimension - L 49.5 x B 21 x H 31.5 cm\n\nRemote Battery Information- AAA 1.5 vol \n\nHandle Circumference- 64.5 Cm\n\nCarrying Capacity- 40 kg\n\nGross Weight- 35 kg 450 g\n\nNet Weight- 24 kg 340 g\n\n\nProduct Description:\n\nRide on jeep, with remote is a safe, easy to operate, ride on toy that can be used on any hard surface and lets your kid build a happy memory. This car is made from the most durable material allowing for an always smooth and enjoyable ride. With life-like features, ease of use, and durable body construction, they provide miles of enjoyment for children.",
            "rating": 0.0,
            "price": 27999.0,
            "offer": 0.0,
            "type": "",
            "brand": "babyhug",
            "category": "kids",
            "merchantId": 1248,
            "quantity": 10,
            "status": "ACTIVE",
            "thumbnailURL": "https://cdn.fcglcdn.com/brainbees/images/products/438x531/13050960a.webp",
            "productImageURLs": [
                "https://cdn.fcglcdn.com/brainbees/images/products/zoom/13050960f.jpg",
                "https://cdn.fcglcdn.com/brainbees/images/products/zoom/13050960c.jpg",
                "https://cdn.fcglcdn.com/brainbees/images/products/438x531/13050960b.webp"
            ],
            "searchTags": [
                "baby vehicle",
                "gears",
                "zeep",
                "cars"
            ],
            "reviews": null,
            "createdDateTime": "2023-09-13T13:15:31.438",
            "zoneId": "ALPHA"
        },
        {
            "productId": 162,
            "name": "Book",
            "title": "GSM classmate A4",
            "description": "Brand\tClassmate\nColour\tWhite\nMaterial\tPaper\nSheet Size\tA4\nSheet Count\t40\nAbout this item\nRuling type- unruled\nUses eco friendly and elemental no chlorine paper\nNotebook consists of papers\nThe cover design of the notebook is subject to change, it depends on stock availability",
            "rating": 0.0,
            "price": 64.0,
            "offer": 10.0,
            "type": "",
            "brand": "classmate",
            "category": "kids",
            "merchantId": 1248,
            "quantity": 250,
            "status": "ACTIVE",
            "thumbnailURL": "https://m.media-amazon.com/images/I/51jNezlRY1L._AC_UL600_FMwebp_QL65_.jpg",
            "productImageURLs": [
                "https://m.media-amazon.com/images/I/81P3PB2mtKL._AC_UL600_FMwebp_QL65_.jpg",
                "https://m.media-amazon.com/images/I/81cZfsOvmPL._AC_UL600_FMwebp_QL65_.jpg"
            ],
            "searchTags": [
                "GSM classmate A4",
                "drawing book",
                "classmate",
                "books"
            ],
            "reviews": null,
            "createdDateTime": "2023-09-13T13:17:04.41",
            "zoneId": "ALPHA"
        },
        {
            "productId": 164,
            "name": "fossil watch",
            "title": "fossils men's watch",
            "description": "Case size: 44mm; Band size: 22mm; quartz movement with 3-hand date analog display; mineral crystal face\nGrey plated stainless steel case; black dial with date window\nSmoke plated stainless steel bracelet with fold-over clasp closure; interchangeable with Fossil 22mm watch straps\nWater resistant to 165 feet (50 M): suitable for short periods of exposure to water i.e washing hands or showering/bathing. Not suitable for recreational swimming, diving or snorkeling. Circumference - 200+/- 5MM\n",
            "rating": 0.0,
            "price": 15000.0,
            "offer": 20.0,
            "type": "",
            "brand": "fossil",
            "category": "electronics",
            "merchantId": 1248,
            "quantity": 150,
            "status": "ACTIVE",
            "thumbnailURL": "https://aax-eu.amazon.in/x/c/RFcwFODVSnAN5GwnbdruPa4AAAGKjWqAMAMAAAH2AQBvbm9fdHhuX2JpZDMgICBvbm9fdHhuX2ltcDEgICAbsyfV/https://www.amazon.in/stores/page/BBEC8B29-C96C-4768-B078-C12FE7B884CE/?_encoding=UTF8&store_ref=SB_A08526733EPA6RZBG4SSG&pd_rd_plhdr=t&aaxitk=4cff3a8e993946d80eedd77d0edf92a2&hsa_cr_id=7813433610402&lp_asins=B09VK48ZZH%2CB09VKCSF96%2CB00NVAWTLY&lp_query=fossil%20watches%20for%20men&lp_slot=auto-sparkle-hsa-tetris&ref_=sbx_be_s_sparkle_mcd_bkgd&pd_rd_w=v0pd1&content-id=amzn1.sym.df9fe057-524b-4172-ac34-9a1b3c4e647d%3Aamzn1.sym.df9fe057-524b-4172-ac34-9a1b3c4e647d&pf_rd_p=df9fe057-524b-4172-ac34-9a1b3c4e647d&pf_rd_r=B2V6SNZYBTZF3Y2XESH9&pd_rd_wg=E1Sua&pd_rd_r=e5af8eb0-6763-48d1-b29a-c4836bbe826f",
            "productImageURLs": [
                "https://m.media-amazon.com/images/I/81Wvh4zcoFL._UX522_.jpg",
                "https://m.media-amazon.com/images/I/61-SUNPsxyL._UX522_.jpg",
                "https://m.media-amazon.com/images/I/81bilaW8nKL._UX522_.jpg"
            ],
            "searchTags": [
                "watches",
                "fossils watch for men",
                "fossils"
            ],
            "reviews": [
                
            ],
            "createdDateTime": "2023-09-13T13:18:06.35",
            "zoneId": "ALPHA"
        },
        {
            "productId": 165,
            "name": "kurtas",
            "title": "kurtas for women",
            "description": "Fit: True to size. Order usual size. \nSize:\n\nM\nColour: Mustard\n\nLight Blue::White\n \n\nMustard\nSimilar item to consider\n\nGRECIILOOKS Kurta Set with Dupatta for Women | Kurta Set for Women | Kurta Set with Pant Set | Cotton Kurta Set for Women | Ethnic wear Women Kurta Set\n (204)\n   699.00 \nSize Chart \nCare Instructions: Machine Wash\nKurta Fabric:- Cambric || Bottom Fabric:- Cotton || Dupatta Fabric:- Voile\nPackage Contents :- 1 Kurta :: 1 Pant :: 1 Dupatta\nNeck Type:- Mandarin Collar || Sleeve Type:- 3/4 Sleeve|| Pattern:- Checkered\nSIZE GUIDE : S, M, L, XL, 2XL : Size \"S\" Fits Upto bust 36 Inch, Size \"M\" Fits Upto bust 38 Inch, Size \"L\" Fits Upto bust 40 Inch, Size \"XL\" Fits Upto bust 42 Inch, Size \"XXL\" Fits Upto bust 44 Inch.\nNote :- The product may vary from the images due to various reasons like monitor setting or photographic lighting sources or handiwork and craftsmanship. Measurements shown may have a difference of 1.27 cm/0.5 inches\n",
            "rating": 0.0,
            "price": 1000.0,
            "offer": 20.0,
            "type": "",
            "brand": "stylum",
            "category": "women",
            "merchantId": 1248,
            "quantity": 200,
            "status": "ACTIVE",
            "thumbnailURL": "https://www.amazon.in/Stylum-Women-Cotton-Dupatta-PeachKhadiKpSet_Mustard_M/dp/B0B51PLJGX/ref=sr_1_7?crid=3EXBC750AVYOE&keywords=kurtas+for+women&qid=1694590270&sprefix=kurtas+for+women%2Caps%2C261&sr=8-7",
            "productImageURLs": [
                "https://m.media-amazon.com/images/I/71Qcp41m8sL._UX679_.jpg",
                "https://m.media-amazon.com/images/I/41V+qLyQuaL._SR38,50_.jpg",
                "https://m.media-amazon.com/images/I/71t18dEjnIL._UX679_.jpg"
            ],
            "searchTags": [
                "stylum brand",
                "kurtas for women",
                "kuras"
            ],
            "reviews": null,
            "createdDateTime": "2023-09-13T13:18:06.351",
            "zoneId": "ALPHA"
        },
        {
            "productId": 166,
            "name": "kurtas",
            "title": "w brand cotton kurtas",
            "description": "Colour: Raspberry Wine\nSize:\n\nXS\nSize Chart \nCare Instructions: Machine Wash\nFit Type: Regular\nCare Instructions - Machine-wash\nFabric Type - Polyester\nFIT TYPE - Regular Fit\nColor - Pink\nFASTENING - No Closure\n",
            "rating": 0.0,
            "price": 1500.0,
            "offer": 20.0,
            "type": "",
            "brand": "w",
            "category": "women",
            "merchantId": 1248,
            "quantity": 200,
            "status": "ACTIVE",
            "thumbnailURL": "https://aax-eu.amazon.in/x/c/RBLy_oAfgfW7p6n3tSO5yBEAAAGKjXkGkwMAAAH2AQBvbm9fdHhuX2JpZDEgICBvbm9fdHhuX2ltcDEgICBnFNDr/https://www.amazon.in/stores/page/9574448B-190D-4941-A4D1-71F221CD3C8D/?_encoding=UTF8&store_ref=SB_A0823542HIVQIS7EUDI1&pd_rd_plhdr=t&aaxitk=fe6b7c48c58dc1353a00a78fb39c0633&hsa_cr_id=0&lp_asins=B0B3XRQ85J%2CB078M6FB62&lp_query=short%20kurtis%20for%20women%20on%20jeans%20w%20brand&lp_slot=auto-sparkle-hsa-tetris&ref_=sbx_be_s_sparkle_ssd_bkgd&pd_rd_w=C9Nl3&content-id=amzn1.sym.df9fe057-524b-4172-ac34-9a1b3c4e647d%3Aamzn1.sym.df9fe057-524b-4172-ac34-9a1b3c4e647d&pf_rd_p=df9fe057-524b-4172-ac34-9a1b3c4e647d&pf_rd_r=2SWVC3QS8NXP09NEZQ42&pd_rd_wg=FvljL&pd_rd_r=0c152c03-1db5-484f-b478-6b61a99f804a",
            "productImageURLs": [
                "https://m.media-amazon.com/images/I/81hn1k3axuL._UY741_.jpg",
                "https://m.media-amazon.com/images/I/71CSjY805ML._UY741_.jpg",
                "https://m.media-amazon.com/images/I/81B3a5LWF4L._UY741_.jpg"
            ],
            "searchTags": [
                "kurtas",
                "w brand"
            ],
            "reviews": null,
            "createdDateTime": "2023-09-13T13:18:06.351",
            "zoneId": "ALPHA"
        },
        {
            "productId": 167,
            "name": "mobile accessories",
            "title": "geocarter cable",
            "description": "\nSpecific Uses For Product\tMobile holder, AC TV Remote Stand\nMaterial\tPlastic\nSpecial Feature\tPremium material, Multi-Purpose, Rust Resistant\nColour\tWhite\nBrand\tGEOCARTER\nFinish Type\tBrushed\nProduct Dimensions\t20D x 5W x 9H Centimeters\nShape\tRectangular\nPackage Type\tStandard Package",
            "rating": 0.0,
            "price": 500.0,
            "offer": 20.0,
            "type": "",
            "brand": "geocarter",
            "category": "electronics",
            "merchantId": 1248,
            "quantity": 50,
            "status": "ACTIVE",
            "thumbnailURL": "https://www.amazon.in/sspa/click?ie=UTF8&spc=MTo3MzYzMzE0MDgxNTA0NjIwOjE2OTQ1OTA5MjI6c3BfYXRmOjMwMDAzOTQ1NzQwMDYzMjo6MDo6&url=%2FGEOCARTER-Multi-Purpose-Accessories-Smartphone-Organizer%2Fdp%2FB0BBT3H1ML%2Fref%3Dsr_1_1_sspa%3Fcrid%3D2G2W4PLLCAS83%26keywords%3Dmobile%2Baccessories%26qid%3D1694590922%26s%3Delectronics%26sprefix%3Daccessor%252Celectronics%252C247%26sr%3D1-1-spons%26sp_csd%3Dd2lkZ2V0TmFtZT1zcF9hdGY%26psc%3D1",
            "productImageURLs": [
                "https://m.media-amazon.com/images/I/619jYUW4IqL._SX522_.jpg",
                "https://m.media-amazon.com/images/I/813DO3LmJxL._SL1500_.jpg"
            ],
            "searchTags": [
                "connector",
                "mobile backcase",
                "mobile accessories",
                "mobile charger"
            ],
            "reviews": null,
            "createdDateTime": "2023-09-13T13:18:06.352",
            "zoneId": "ALPHA"
        },
        {
            "productId": 168,
            "name": "California Almonds",
            "title": "100% Natural Premium| Premium Badam Giri | High in Fiber & Boost Immunity | Real Nuts | Whole Natural Badam",
            "description": "\nFlavour\tWhole Natural\nBrand\tHappilo\nAllergen Information\tTree Nuts, Gluten Free, Non-GMO, Dairy Free\nItem Weight\t1 Kilograms\nItem Form\tDried\nThis is a Vegetarian product.\nAbout this item\nSurely natural, these are raw, unsweetened, unsalted, no additives, no preservatives or added flavours. Relish the authentic taste of the nuts and stay healthy and happy.\nMunch a handful on the go or add it to your meal for that perfect crunch. Make a smoothie or add it to your dessert. Have it the way you like it anytime, anywhere.\nAlmonds are one of the most nutritious foods and are loaded with vitamins, minerals, protein and fibre. It provides the perfect crunch for every diet. From heart health to weight management, immunity and more, almonds benefit you in many ways.\nNon-GMO, Gluten free and Zero Transfat with no added preservatives.\nHappilo brings handpicked 100% Real Nuts for that crunchy, authentic and delicious taste. Quality guaranteed, it comes in a resealable bag to retain its crunch and freshness. Add a few in your diet and stay energized all day long.",
            "rating": 0.0,
            "price": 806.55,
            "offer": 12.0,
            "type": "",
            "brand": "happilo",
            "category": "men",
            "merchantId": 1248,
            "quantity": 40,
            "status": "ACTIVE",
            "thumbnailURL": "https://m.media-amazon.com/images/I/713D1eLsaqL._SX679_.jpg",
            "productImageURLs": [
                "https://m.media-amazon.com/images/I/81UyV3aqd7L._SX679_.jpg",
                "https://m.media-amazon.com/images/I/81HLMqEh1qL._SX679_.jpg",
                "https://m.media-amazon.com/images/I/719lIiofGBL._SX679_.jpg"
            ],
            "searchTags": [
                "almond"
            ],
            "reviews": [
                
            ],
            "createdDateTime": "2023-09-13T13:18:23.747",
            "zoneId": "ALPHA"
        },
        {
            "productId": 169,
            "name": "Tabets",
            "title": "Apple 2022 10.9-inch iPad",
            "description": "Brand\tApple\nModel Name\tiPad\nMemory Storage Capacity\t256 GB\nScreen Size\t10.9 Inches\nOperating System\tiPadOS\nAbout this item\nStriking 10.9-inch Liquid Retina display with True Tone\nA14 Bionic chip with 6-core CPU and 4-core GPU\n12MP Wide back camera\nLandscape 12MP Ultra Wide front camera with Center Stage\nTouch ID for secure authentication and Apple P",
            "rating": 4.0,
            "price": 74899.0,
            "offer": 0.0,
            "type": "electronic-accessories",
            "brand": "apple",
            "category": "electronics",
            "merchantId": 1248,
            "quantity": 300,
            "status": "ACTIVE",
            "thumbnailURL": "https://m.media-amazon.com/images/I/61ToKShnQvL._SX679_.jpg",
            "productImageURLs": [
                "https://m.media-amazon.com/images/I/71Xe1DNqYgL._SX679_.jpg",
                "https://m.media-amazon.com/images/I/61EuMyfxhdL._SX679_.jpg",
                "https://m.media-amazon.com/images/I/91R-qWezEWL._SX679_.jpg"
            ],
            "searchTags": [
                "10th Generation",
                "Blue ",
                "256GB",
                "iPad ",
                "10.9-inch",
                "Apple "
            ],
            "reviews": [
                {
                    "reviewId": 6494,
                    "shopperId": 61405,
                    "shopperName": "Yash",
                    "heading": "Good Product",
                    "description": "the camera quality of mobile is nice",
                    "rating": 4.0,
                    "dateTime": "2024-04-20T04:20:19.609"
                }
            ],
            "createdDateTime": "2023-09-13T13:18:26.695",
            "zoneId": "ALPHA"
        },
        {
            "productId": 170,
            "name": "boAt Airdopes 131 with upto 60 Hours and ASAP Charge Bluetooth Headset  (Active Black, True Wireless)",
            "title": "Airdopes",
            "description": "With Mic:Yes\nBluetooth version: 5.0 / 5.1\nWireless range: 10 m\nCharging time: 2 Hours\nPlayback Time: Upto 15 to 60 Hours Playback\nASAP Charge: 5 Mins Charge= 90 Mins Playback\n13MM Drivers\n7.IPX4: Sweat Resistance",
            "rating": 0.0,
            "price": 1200.0,
            "offer": 5.0,
            "type": "headphones",
            "brand": "boat",
            "category": "electronics",
            "merchantId": 1248,
            "quantity": 20,
            "status": "ACTIVE",
            "thumbnailURL": "https://rukminim2.flixcart.com/image/300/300/xif0q/headphone/1/8/l/-original-imagqhswqgpwb2yu.jpeg?q=90",
            "productImageURLs": [
                "https://rukminim2.flixcart.com/image/416/416/xif0q/headphone/q/o/h/-original-imagjwgzgucg95g2.jpeg?q=70"
            ],
            "searchTags": [
                "airdopes",
                "boat"
            ],
            "reviews": null,
            "createdDateTime": "2023-09-13T13:18:48.007",
            "zoneId": "ALPHA"
        },
        {
            "productId": 171,
            "name": "Hazel nut chocolate",
            "title": "Promo pack",
            "description": "\nBrand\tFerrero Rocher\nItem Form\tBall\nOccasion\tEaster, Birthday, Thank You, Thanksgiving\nChocolate Type\tMilk\nFlavour\tHazelnut, Chocolate\nNet Quantity\t400.0 gram\nSpeciality\tVegetarian\nNumber of Items\t2\nItem Weight\t200 Grams\nPackage Weight\t0.88 Pounds\nSee more\nThis is a Vegetarian product.\nAbout this item\nMilk chocolate gives you a rich experience\nCreamy filling will satisfy your chocolate cravings",
            "rating": 5.0,
            "price": 1100.0,
            "offer": 10.0,
            "type": "women-jacket-coat",
            "brand": "ferrero rocher",
            "category": "women",
            "merchantId": 1248,
            "quantity": 20,
            "status": "ACTIVE",
            "thumbnailURL": "https://m.media-amazon.com/images/I/81Q7ZNn8NcL._SX679_PIbundle-2,TopRight,0,0_SX679SY489SH20_.jpg",
            "productImageURLs": [
                "https://m.media-amazon.com/images/I/81Q7ZNn8NcL._SX679_PIbundle-2,TopRight,0,0_SX679SY489SH20_.jpg"
            ],
            "searchTags": [
                "Gift pack",
                "Ferrero Rocher",
                "Chocolates"
            ],
            "reviews": [
                {
                    "reviewId": 1779,
                    "shopperId": 13455,
                    "shopperName": "shanu Shaik",
                    "heading": "good",
                    "description": "product",
                    "rating": 5.0,
                    "dateTime": "2023-12-25T08:59:16.639"
                }
            ],
            "createdDateTime": "2023-09-13T13:19:44.688",
            "zoneId": "ALPHA"
        },
        {
            "productId": 172,
            "name": "Trimmer",
            "title": "Philips trimmer channu",
            "description": "Brand\nLetsShave & Co.\nModel Number\nLSER_1\nType\nCordless\nBlade Material\nStainless Steel\nColor\nBlack, Green\nTrimming Range\n0.5 - 20 mm\nWater Resistant\nYes\nWashable Head\nYes\nFeatures\nRechargeable\nSuitable For\nBeard & Moustache\nCharging Time\n120 min\nLength Adjustments\n38\nPower Features\nPower Source\nLithium ion Battery\nNumber of Batteries\n1\nBattery Run Time\n90 min\nWarranty\nWarranty Summary\nDomestic. Two Year Manufacturing warranty\nService Type\nImplied Warranty\nCovered in Warranty\nWarranty covers Complete Trimmer Body, Manufacturing Defects, Light not working, Dull blades\nNot Covered in Warranty\nIf the product damaged by customer then it can not be replaced or return",
            "rating": 0.0,
            "price": 1500.0,
            "offer": 54.0,
            "type": "",
            "brand": "philips",
            "category": "electronics",
            "merchantId": 1248,
            "quantity": 55,
            "status": "ACTIVE",
            "thumbnailURL": "https://rukminim2.flixcart.com/image/612/612/xif0q/trimmer/d/o/j/0-5-20-mm-lser-1-stainless-steel-cordless-letsshave-co-original-imagkzd6g6qqmyjj.jpeg?q=70",
            "productImageURLs": [
                "https://rukminim2.flixcart.com/image/416/416/l2dmky80/trimmer/r/s/p/-original-imagdqbnhzvgprw7.jpeg?q=70",
                "https://rukminim2.flixcart.com/image/416/416/l2dmky80/trimmer/v/a/n/-original-imagdqbn5puamugq.jpeg?q=70",
                "https://rukminim2.flixcart.com/image/416/416/l2dmky80/trimmer/o/v/n/-original-imagdqbn5vkqbphu.jpeg?q=70",
                "https://rukminim2.flixcart.com/image/416/416/l2dmky80/trimmer/9/i/y/-original-imagdqbnu4qw92df.jpeg?q=70",
                "https://rukminim2.flixcart.com/image/416/416/xif0q/trimmer/d/o/j/0-5-20-mm-lser-1-stainless-steel-cordless-letsshave-co-original-imagkzd6g6qqmyjj.jpeg?q=70"
            ],
            "searchTags": [
                "trimmer channu",
                "philips channu",
                "philips",
                "trimmer"
            ],
            "reviews": null,
            "createdDateTime": "2023-09-13T13:19:59.008",
            "zoneId": "ALPHA"
        },
        {
            "productId": 173,
            "name": "gold ring",
            "title": "gold ring",
            "description": "\nThe ring is from PC Jeweller, India's leading retail jeweller<br>\nThe product is made from BIS Hallmarked.; This ring has been adorned with real diamonds<br>\nThe diamond is certified and has a GIE certificate<br>\nThe product comes with manufacturer warranty<br>\nRing Size: 14; Department Name: Womens\n",
            "rating": 0.0,
            "price": 60000.0,
            "offer": 40.0,
            "type": "women-ethnic-wear",
            "brand": "gold",
            "category": "women",
            "merchantId": 1248,
            "quantity": 5,
            "status": "ACTIVE",
            "thumbnailURL": "https://m.media-amazon.com/images/I/41lZ+XTTBFL._US40_.jpg",
            "productImageURLs": [
                "https://m.media-amazon.com/images/I/316b5l1yHkL._US40_.jpg",
                "https://m.media-amazon.com/images/I/31mdZAWQZBL._US40_.jpg"
            ],
            "searchTags": [
                "ring",
                "gold rings"
            ],
            "reviews": null,
            "createdDateTime": "2023-09-13T13:20:04.2",
            "zoneId": "ALPHA"
        },
        {
            "productId": 174,
            "name": "Scrunchies for Women",
            "title": "Scrunchies for Women",
            "description": "Color\tPastel\nMaterial\tSilk\nItem Form\tScrunchie\nBrand\tSilvr Bear\nHair Type\tCurly\nAbout this item\nPACK OF 5 VERSATILE COLORS -Satin Scrunchies for Women come in a Pack of 5 assorted color tones that are versatile to suit your various outfits. Use it as a hair tie or a cute accessory on your wrist, and be stylish with Silvr Bear!\nSAY GOODBYE TO HAIR DAMAGE - Satin Hair Ties use premium quality satin, giving them a silk-like softness. They can glide through your hair without causing any hair breakage. They are stitched perfectly with thick and luxurious Satin Fabric to avoid tearing and damage.\nPERFECT FOR THIN HAIR - These Satin Scrunchies are perfect for creating a variety of hairstyles while providing gentle and comfortable hold, making them a must-have in everyday hair care routine.\nQUALITY-TESTED DURABLE ELASTIC - Silvr Bear Scrunchies are handmade with quality lab-tested Elastic making them Highly Stretchable, Durable, and Long-lasting. They are highly stretchable , making them comfortable to wear any time of the day without causing a headache.\nPRACTICAL & BEAUTIFUL GIFT - Silvr Bear Scrunchies come in a beautiful eco-friendly package and are the perfect gift to surprise your sister, girlfriend, mom, or best friend on their birthday, anniversary, valentine’s day, friendship day, or other holidays.",
            "rating": 0.0,
            "price": 80.0,
            "offer": 15.0,
            "type": "",
            "brand": "silvr bear premium",
            "category": "beauty",
            "merchantId": 1248,
            "quantity": 200,
            "status": "ACTIVE",
            "thumbnailURL": "https://m.media-amazon.com/images/I/81Xr+OYBM3L._SY355_.jpg",
            "productImageURLs": [
                "https://m.media-amazon.com/images/I/51YF0RYM1mL._SS40_.jpg",
                "https://m.media-amazon.com/images/I/41+7L93UkAL._SS40_.jpg",
                "https://m.media-amazon.com/images/I/413NxqlOMHS._SS40_.jpg",
                "https://m.media-amazon.com/images/I/91AL5VB+zLL._SY355_.jpg"
            ],
            "searchTags": [
                "hair scrunchies",
                "ribbon",
                "stint"
            ],
            "reviews": null,
            "createdDateTime": "2023-09-13T13:20:11.944",
            "zoneId": "ALPHA"
        },
        {
            "productId": 175,
            "name": "laptop",
            "title": "AMD RYZON",
            "description": "Dell Inspiron 3525 Laptop, AMD Ryzen R3-5300U/8GB/512GB SSD/15.6\" (39.62CMs) FHD WVA AG Narrow Border 120Hz 250 nits/Windows 11+MSO'21/15 Month McAfee/Carbon Black/1.68KGs",
            "rating": 0.0,
            "price": 1000.0,
            "offer": 54.0,
            "type": "",
            "brand": "dell",
            "category": "electronics",
            "merchantId": 1248,
            "quantity": 300,
            "status": "ACTIVE",
            "thumbnailURL": "https://m.media-amazon.com/images/I/41JBi58yw6L._SX300_SY300_QL70_FMwebp_.jpg",
            "productImageURLs": [
                "https://m.media-amazon.com/images/I/61tFBsGiWjL._SX679_.jpg",
                "https://m.media-amazon.com/images/I/617oJVuMytL._SX679_.jpg",
                "https://m.media-amazon.com/images/I/61H7UnJMJ-L._SX679_.jpg"
            ],
            "searchTags": [
                "amd ryzen",
                "3525 laptop",
                "laptop",
                "dell laptop",
                "dell"
            ],
            "reviews": null,
            "createdDateTime": "2023-09-13T13:20:23.77",
            "zoneId": "ALPHA"
        },
        {
            "productId": 176,
            "name": "Electric Car",
            "title": "yzabelle Electric Car",
            "description": "Brand\tYZABELLE\nMaterial\tPlastic\nSize\tLarge\nItem Weight\t15 Kilograms\nItem Dimensions LxWxH\t54 x 106 x 43 Centimeters\n\n",
            "rating": 0.0,
            "price": 10000.0,
            "offer": 15.0,
            "type": "electronic-accessories",
            "brand": "yzabelle",
            "category": "electronics",
            "merchantId": 1248,
            "quantity": 20,
            "status": "ACTIVE",
            "thumbnailURL": "https://m.media-amazon.com/images/I/31rbNl7QVrL._AC_UL600_FMwebp_QL65_.jpg",
            "productImageURLs": [
                "https://m.media-amazon.com/images/I/31XqytrozNL.jpg",
                "https://m.media-amazon.com/images/I/31rbNl7QVrL.jpg"
            ],
            "searchTags": [
                "electric car",
                "small car",
                "kids car"
            ],
            "reviews": null,
            "createdDateTime": "2023-09-13T13:20:53.788",
            "zoneId": "ALPHA"
        },
        {
            "productId": 177,
            "name": "LG 6.5 kg with ",
            "title": "Washing machin",
            "description": "Steam,inverter and Smart Diagnosis Fully Automatic Front Load Washing Machine with In-built Heater White  (FHM1065SDW)",
            "rating": 0.0,
            "price": 59999.0,
            "offer": 5.0,
            "type": "electronic-accessories",
            "brand": "lg",
            "category": "electronics",
            "merchantId": 1248,
            "quantity": 2,
            "status": "ACTIVE",
            "thumbnailURL": "https://rukminim2.flixcart.com/image/312/312/l0bbonk0/washing-machine-new/o/k/v/6-5-44-fhm1065sdw-5-0-062-60-62-lg-85-original-imagc4zepg7xj7uh.jpeg?q=70",
            "productImageURLs": [
                "https://rukminim2.flixcart.com/image/416/416/l0bbonk0/washing-machine-new/r/v/n/6-5-44-fhm1065sdw-5-0-062-60-62-lg-85-original-imagc4zeqpupctn8.jpeg?q=70"
            ],
            "searchTags": [
                "lg",
                "washing machin"
            ],
            "reviews": null,
            "createdDateTime": "2023-09-13T13:21:05.753",
            "zoneId": "ALPHA"
        },
        {
            "productId": 178,
            "name": "chasew",
            "title": "happilo 100%",
            "description": "Brand\tHappilo\nAllergen Information\tGluten Free, Dairy Free, Cashews, Non-GMO\nItem Weight\t500 Grams\nItem Form\tWhole\nThis is a Vegetarian product.\nAbout this item\nRich in Manganese, Potassium, Copper, Iron, Magnesium, Zinc and Selenium\nHigh protein, dietary fiber, no gluten, no GMO, zero trans fat, zero cholesterol\nProvides a good quantity of mono saturated fats.\nitem form: Whole, allergen information: cashews\nGood for an active lifestyle perfect for daily routine.",
            "rating": 0.0,
            "price": 500.0,
            "offer": 10.0,
            "type": "",
            "brand": "happilo",
            "category": "kids",
            "merchantId": 1248,
            "quantity": 100,
            "status": "ACTIVE",
            "thumbnailURL": "https://m.media-amazon.com/images/I/71P2iOAIi9L._SX679_PIbundle-18,TopRight,0,0_AA679SH20_.jpg",
            "productImageURLs": [
                "https://m.media-amazon.com/images/I/81UyRLOifnL._SX679_.jpg",
                "https://m.media-amazon.com/images/I/71Ic6TRkhOL._SX679_.jpg",
                "https://m.media-amazon.com/images/I/71eTu-uVBnL._SX679_.jpg",
                "https://m.media-amazon.com/images/I/71P2iOAIi9L._SX679_PIbundle-18,TopRight,0,0_AA679SH20_.jpg"
            ],
            "searchTags": [
                "price 500",
                ".5kg",
                "happilo",
                "cashew"
            ],
            "reviews": null,
            "createdDateTime": "2023-09-13T13:21:17.115",
            "zoneId": "ALPHA"
        },
        {
            "productId": 179,
            "name": "Men Viscose Rayon Kurta",
            "title": "Men Viscose Rayon Kurta Churidar Set",
            "description": "\nProduct Details\n\nFabric\nViscose Rayon\nType\nKurta and Churidar Set\nSales Package\n1 Kurta, 1 Pyjama\nStyle Code\nSOSK638-380\nTop fabric\nViscose\nBottom fabric\nSilk\nTop type\nKurta\nBottom type\nChuridar\nPattern\nPrinted\nColor\nBlue\nOccasion\nCasual, Festive & Party\nNeck\nMandarin Collar\nFabric care\nDry Clean Only\nManyavar Blue Blended Viscose Printed Kurta Set",
            "rating": 3.0,
            "price": 5000.0,
            "offer": 50.0,
            "type": "men-kurta",
            "brand": "manyavar",
            "category": "men",
            "merchantId": 1248,
            "quantity": 60,
            "status": "ACTIVE",
            "thumbnailURL": "https://rukminim2.flixcart.com/image/832/832/xif0q/ethnic-set/x/g/t/l-sosk638-380-manyavar-original-imagmfn94vjfjk6g.jpeg?q=70",
            "productImageURLs": [
                "https://rukminim2.flixcart.com/image/832/832/xif0q/ethnic-set/1/a/s/l-sosk638-380-manyavar-original-imagmfn9bt4xmfd3.jpeg?q=70",
                "https://rukminim2.flixcart.com/image/832/832/xif0q/ethnic-set/d/o/z/l-sosk638-380-manyavar-original-imagmfn9tuwnaq8p.jpeg?q=70",
                "https://rukminim2.flixcart.com/image/832/832/xif0q/ethnic-set/d/o/z/l-sosk638-380-manyavar-original-imagmfn9tuwnaq8p.jpeg?q=70",
                "https://rukminim2.flixcart.com/image/832/832/xif0q/ethnic-set/d/o/z/l-sosk638-380-manyavar-original-imagmfn9tuwnaq8p.jpeg?q=70",
                "https://rukminim2.flixcart.com/image/832/832/xif0q/ethnic-set/n/s/y/l-sosk638-380-manyavar-original-imagmfn9buzzdyfr.jpeg?q=70"
            ],
            "searchTags": [
                "Men Kurta Churidar Set",
                "Kurta Churidar Set",
                "Men Viscose Rayon Kurta Churidar Set"
            ],
            "reviews": [
                {
                    "reviewId": 1052,
                    "shopperId": 13898,
                    "shopperName": "karan gowda",
                    "heading": "karan",
                    "description": "good & quality product",
                    "rating": 3.0,
                    "dateTime": "2023-11-05T15:15:32.481"
                }
            ],
            "createdDateTime": "2023-09-13T13:23:01.688",
            "zoneId": "ALPHA"
        },
        {
            "productId": 180,
            "name": "SAMSUNG 236 L ",
            "title": "Refrigerator",
            "description": "Frost Free Double Door 2 Star Refrigerator with Base Drawer  (Paradise Bloom Purple, RT28C31429R/HL)",
            "rating": 0.0,
            "price": 30000.0,
            "offer": 5.0,
            "type": "electronic-accessories",
            "brand": "samsung",
            "category": "electronics",
            "merchantId": 1248,
            "quantity": 3,
            "status": "ACTIVE",
            "thumbnailURL": "https://rukminim2.flixcart.com/image/416/416/xif0q/refrigerator-new/m/u/s/rt28c31429r-hl-1673-2-2023-49-samsung-566-637-original-imagzkg68nahug9z.jpeg?q=70",
            "productImageURLs": [
                "https://rukminim2.flixcart.com/image/416/416/xif0q/refrigerator-new/j/8/6/rt28c31429r-hl-1673-2-2023-49-samsung-566-637-original-imagzkg6tfstn8vq.jpeg?q=70",
                "https://rukminim2.flixcart.com/image/416/416/xif0q/refrigerator-new/m/u/s/rt28c31429r-hl-1673-2-2023-49-samsung-566-637-original-imagzkg68nahug9z.jpeg?q=70"
            ],
            "searchTags": [
                "samsung",
                "refrigertaor"
            ],
            "reviews": null,
            "createdDateTime": "2023-09-13T13:23:38.032",
            "zoneId": "ALPHA"
        },
        {
            "productId": 181,
            "name": "Chocolate",
            "title": "chocolate home treats chocolate bars",
            "description": "Brand\tCadbury\nItem Form\tBar\nOccasion\tAdmin Day\nChocolate Type\tDark\nFlavour\tChocolate, Caramel\nNet Quantity\t191.9 gram\nDiet Type\tVegetarian\nSpeciality\tVegetarian\nSize\t191.90 g (Pack of 1)\nNumber of Pieces\t1\nSee more\nThis is a Vegetarian product.\nAbout this item\nIndulge in Five Star chocolate, a smooth textured caramel chocolate\nDive into the chocolaty, creamy centre of this Cadbury milk chocolate and get lost in the long-lasting chewy experience of melted caramel & nougat\nGift yourself a 5 Star chocolate pack which is also now available in new variants like 5 Star 3D, 5 Star Oreo & is also available in a share pack home treat bag\nJust like every bar of Cadbury Dairy Milk, this chocolate packet is made from 100% sustainably sourced cocoa and is suitable for vegetarians\nDon’t forget to leave a 5-star review",
            "rating": 0.0,
            "price": 127.0,
            "offer": 5.0,
            "type": "",
            "brand": "5star",
            "category": "kids",
            "merchantId": 1248,
            "quantity": 150,
            "status": "ACTIVE",
            "thumbnailURL": "https://m.media-amazon.com/images/I/51nx7CevGJL._SX679_.jpg",
            "productImageURLs": [
                "https://images-eu.ssl-images-amazon.com/images/I/71LOyIbuwrL._AC_UL232_SR232,232_.jpg",
                "https://images-eu.ssl-images-amazon.com/images/I/51nx7CevGJL._AC_UL232_SR232,232_.jpg"
            ],
            "searchTags": [
                "5star"
            ],
            "reviews": null,
            "createdDateTime": "2023-09-13T13:23:56.152",
            "zoneId": "ALPHA"
        },
        {
            "productId": 184,
            "name": "NORD CE 3",
            "title": "OnePlus Nord CE 3 5G (Aqua Surge, 8GB RAM, 128GB Storage)",
            "description": "\nBrand\tOnePlus\nModel Name\tOnePlus Nord CE 3 5G\nNetwork Service Provider\tUnlocked for All Carriers\nOperating System\tOxygenOS\nCellular Technology\t5G\nAbout this item\nCamera: 50MP Main Camera with Sony IMX890 (OIS supported), 8MP Ultrawide Camera with Sony IMX355 (FOV: 112 degree) and 2MP Macro lens; 16MP Front (Selfie) Camera\nCamera Features: Ultra Steady Mode, Dual-view Video, HDR, Nightscape, Portrait Mode, Video Portrait, Pano, Macro, Slo-mo, Time-lapse, Text-scanner, Retouching, Filters, Google Lens, Extra HD, Pro Mode\nDisplay: 6.7 Inches; 120 Hz AMOLED FHD+, Resolution: 2412 x 1080 pixels; HDR 10+, sRGB, 10-bit Color Depth, 93.4% Screen to body ratio\nOperating System: OxygenOS 13 based on Android 13.1\nProcessor: Qualcomm Snapdragon 782G Mobile Platform\nStorage: 8 GB + 128 GB | 12 GB + 256 GB; LPDDR4X RAM, UFS 3.1\nBattery & Charging: 5000 mAh with 80W SUPERVOOC Fast-charging\nShow More",
            "rating": 0.0,
            "price": 26000.0,
            "offer": 10.0,
            "type": "mobile",
            "brand": "oneplus ",
            "category": "electronics",
            "merchantId": 1248,
            "quantity": 20,
            "status": "ACTIVE",
            "thumbnailURL": "https://m.media-amazon.com/images/I/6175SlKKECL._SX522_.jpg",
            "productImageURLs": [
                "https://m.media-amazon.com/images/I/6147+Ug1KcL._SX522_.jpg",
                "https://m.media-amazon.com/images/I/51OxW3mGsLL._SX522_.jpg",
                "https://m.media-amazon.com/images/I/61W3qtOuGIL._SX522_.jpg",
                "https://m.media-amazon.com/images/I/71MWoyX0CLL._SX522_.jpg"
            ],
            "searchTags": [
                "ONEPLUS",
                "NORD"
            ],
            "reviews": null,
            "createdDateTime": "2023-09-14T09:53:42.79",
            "zoneId": "ALPHA"
        },
        {
            "productId": 185,
            "name": "clock",
            "title": "wall clock",
            "description": "Sales Package\n1 wooden wall clock\nModel Number\nWC-331\nModel Name\nHandpainted Peacock wall clock\nPack of\n1\nSub-category\nHome Decor - Clocks & Wall Decor\nCharacter\nPeacock\nDial Color\nMulticolor\nHour Markers\nEnglish Numerals\nNumber of Hands\n3\nNet Quantity\n1",
            "rating": 4.0,
            "price": 135.0,
            "offer": 45.0,
            "type": "",
            "brand": "v tech",
            "category": "electronics",
            "merchantId": 1248,
            "quantity": 64,
            "status": "ACTIVE",
            "thumbnailURL": "https://rukminim2.flixcart.com/image/200/200/kjabs7k0-0/wall-clock/a/g/e/handpainted-peacock-wall-clock-wc-331-analog-divinecrafts-original-imafyvmxgyhdyefg.jpeg?q=70",
            "productImageURLs": [
                "https://rukminim2.flixcart.com/image/416/416/kthjy4w0/wall-clock/p/l/h/handpainted-peacock-wall-clock-wc-331-analog-divinecrafts-original-imag6tmngjpvzcza.jpeg?q=70",
                "https://rukminim2.flixcart.com/image/416/416/kjabs7k0-0/wall-clock/x/b/c/handpainted-peacock-wall-clock-wc-331-analog-divinecrafts-original-imaf2y2fujzeh7gz.jpeg?q=70",
                "https://rukminim2.flixcart.com/image/416/416/kjabs7k0-0/wall-clock/b/x/w/handpainted-peacock-wall-clock-wc-331-analog-divinecrafts-original-imafyvzv3nvzyvkz.jpeg?q=70",
                "https://rukminim2.flixcart.com/image/416/416/kjabs7k0-0/wall-clock/j/c/y/handpainted-peacock-wall-clock-wc-331-analog-divinecrafts-original-imafyvmxfc9zbfw3.jpeg?q=70",
                "https://rukminim2.flixcart.com/image/416/416/kjabs7k0-0/wall-clock/a/g/e/handpainted-peacock-wall-clock-wc-331-analog-divinecrafts-original-imafyvmxgyhdyefg.jpeg?q=70"
            ],
            "searchTags": [
                "wall clocks",
                "v tech clocks",
                "clock"
            ],
            "reviews": [
                {
                    "reviewId": 4493,
                    "shopperId": 46509,
                    "shopperName": "alkam",
                    "heading": "klvlksdfksf",
                    "description": "jfnskdfsi",
                    "rating": 4.0,
                    "dateTime": "2024-03-01T15:53:44.819"
                }
            ],
            "createdDateTime": "2023-09-14T09:56:42.188",
            "zoneId": "ALPHA"
        },
        {
            "productId": 186,
            "name": "Mobile",
            "title": "One plus pro",
            "description": "Brand\tOnePlus\nModel Name\tOnePlus Nord CE 3 5G\nNetwork Service Provider\tUnlocked for All Carriers\nOperating System\tOxygenOS\nCellular Technology\t5G",
            "rating": 4.0,
            "price": 40000.0,
            "offer": 30.0,
            "type": "mobile",
            "brand": "one plus",
            "category": "electronics",
            "merchantId": 1248,
            "quantity": 100,
            "status": "ACTIVE",
            "thumbnailURL": "https://m.media-amazon.com/images/I/61abLrCfF7L._SX679_.jpg",
            "productImageURLs": [
                "https://m.media-amazon.com/images/I/71MWoyX0CLL._SX679_.jpg",
                "https://m.media-amazon.com/images/I/61WJTQBCXqL._SX679_.jpg",
                "https://m.media-amazon.com/images/I/510vqHCYGkL._SX679_.jpg",
                "https://m.media-amazon.com/images/I/316WKkpFYYL._SX38_SY50_CR,0,0,38,50_.jpg",
                "https://m.media-amazon.com/images/I/61abLrCfF7L._SX679_.jpg"
            ],
            "searchTags": [
                "one plus pro",
                "one plus"
            ],
            "reviews": [
                {
                    "reviewId": 1742,
                    "shopperId": 25319,
                    "shopperName": "Kirna Kumar",
                    "heading": "One plus",
                    "description": "Very Good",
                    "rating": 4.0,
                    "dateTime": "2023-12-23T10:10:17.809"
                }
            ],
            "createdDateTime": "2023-09-14T10:15:43.814",
            "zoneId": "ALPHA"
        },
        {
            "productId": 188,
            "name": "Tokyo Manji Bomber Jacket",
            "title": "Tokyo Manji Bomber Jacket",
            "description": "300 GSM, \n100% Cotton Fleece\nEmbroidered\nRegular Fit\nColors may vary due to photography and your screen setting\nWash & Care:\nAlways turn your garment INSIDE OUT before washing & drying to prevent fading\nHand/Machine wash with similar clothes in COLD water\nDry on a flat surface as hanging may cause measurement variations",
            "rating": 0.0,
            "price": 1299.0,
            "offer": 30.0,
            "type": "men-jacket",
            "brand": "comicworld",
            "category": "men",
            "merchantId": 1031,
            "quantity": 3,
            "status": "ACTIVE",
            "thumbnailURL": "https://www.comicsense.store/storage/2021/10/toman_bomber_jacketa_comicsense.jpg",
            "productImageURLs": [
                "https://www.comicsense.store/storage/2021/10/toman_bomber_jacket_comicsense.jpg",
                "https://www.comicsense.store/storage/2021/10/toman_bomber_jacketa3_comicsense.jpg",
                "https://www.comicsense.store/storage/2021/10/toman_bomber_jacketa1_comicsense.jpg",
                "https://www.comicsense.store/storage/2021/10/toman_bomber_jacketa_comicsense.jpg"
            ],
            "searchTags": [
                "anime merch",
                "jacket",
                "anime"
            ],
            "reviews": null,
            "createdDateTime": null,
            "zoneId": "ALPHA"
        },
        {
            "productId": 194,
            "name": "Iphone 13",
            "title": "Iphone 13",
            "description": "About this item\n15 cm (6.1-inch) Super Retina XDR display\nCinematic mode adds shallow depth of field and shifts focus automatically in your videos\nAdvanced dual-camera system with 12MP Wide and Ultra Wide cameras; Photographic Styles, Smart HDR 4, Night mode, 4K Dolby Vision HDR recording\n12MP TrueDepth front camera with Night mode, 4K Dolby Vision HDR recording\nA15 Bionic chip for lightning-fast performance",
            "rating": 0.0,
            "price": 55999.0,
            "offer": 30.0,
            "type": "mobile",
            "brand": "aplle",
            "category": "electronics",
            "merchantId": 818,
            "quantity": 10,
            "status": "ACTIVE",
            "thumbnailURL": "https://m.media-amazon.com/images/I/71gm8v4uPBL._AC_SR180,120_QL70_.jpg",
            "productImageURLs": [
                "https://m.media-amazon.com/images/I/31+u2O119qL._SX38_SY50_CR,0,0,38,50_.jpg",
                "https://m.media-amazon.com/images/I/31QKyVw6hXL._SX38_SY50_CR,0,0,38,50_.jpg",
                "https://m.media-amazon.com/images/I/315oQlfQ6WL._SX38_SY50_CR,0,0,38,50_.jpg"
            ],
            "searchTags": [
                "iphone 13",
                "iphone",
                "phone"
            ],
            "reviews": null,
            "createdDateTime": "2024-03-21T17:53:42.799",
            "zoneId": "ALPHA"
        },
        {
            "productId": 198,
            "name": "Camera",
            "title": "canon camera",
            "description": "Canon camera M50 mark",
            "rating": 0.0,
            "price": 18000.0,
            "offer": 25.0,
            "type": "camera",
            "brand": "canon",
            "category": "electronics",
            "merchantId": 1017,
            "quantity": 1,
            "status": "ACTIVE",
            "thumbnailURL": "https://m.media-amazon.com/images/I/61zne3JPlQS._AC_UF1000,1000_QL80_.jpg",
            "productImageURLs": [
                "https://m.media-amazon.com/images/I/61zne3JPlQS._AC_UF1000,1000_QL80_.jpg"
            ],
            "searchTags": [
                "#camera"
            ],
            "reviews": null,
            "createdDateTime": "2023-09-14T15:17:31.206",
            "zoneId": "ALPHA"
        },
        {
            "productId": 199,
            "name": "fitband",
            "title": "fitbit",
            "description": "noise-fitbit\nbe healthy",
            "rating": 0.0,
            "price": 3000.0,
            "offer": 10.0,
            "type": "watch",
            "brand": "noise",
            "category": "electronics",
            "merchantId": 1019,
            "quantity": 1,
            "status": "ACTIVE",
            "thumbnailURL": "C:\\Users\\venga\\Downloads\\noise-fitbit.png",
            "productImageURLs": [
                "C:\\Users\\venga\\Downloads\\noise-fitbit.png"
            ],
            "searchTags": [
                "wristband",
                "noise",
                "digital",
                "watch",
                "fitbit"
            ],
            "reviews": null,
            "createdDateTime": "2023-09-14T15:18:29.791",
            "zoneId": "ALPHA"
        },
        {
            "productId": 202,
            "name": "Face wash",
            "title": "mamaearth",
            "description": "mama earth vitamin c face wash for skin illumination\nIs Discontinued By Manufacturer ‏ : ‎ No\nProduct Dimensions ‏ : ‎ 30.2 x 8.2 x 3.2 cm; 100 Grams\nDate First Available ‏ : ‎ 8 June 2020\nManufacturer ‏ : ‎ Mamaearth\nASIN ‏ : ‎ B089W938BR\nItem model number ‏ : ‎ 8906087772859\nCountry of Origin ‏ : ‎ India\nManufacturer ‏ : ‎ Mamaearth, Kapco International Ltd\nPacker ‏ : ‎ Kapco International Ltd\nItem Weight ‏ : ‎ 100 g\nItem Dimensions LxWxH ‏ : ‎ 30.2 x 8.2 x 3.2 Centimeters\nNet Quantity ‏ : ‎ 100 millilitre\nGeneric Name ‏ : ‎ Facewash\n",
            "rating": 0.0,
            "price": 233.0,
            "offer": 10.0,
            "type": "cream",
            "brand": "mamaearth",
            "category": "beauty",
            "merchantId": 1043,
            "quantity": 30,
            "status": "ACTIVE",
            "thumbnailURL": "https://in.images.search.yahoo.com/images/view;_ylt=AwrKFtLI1wJlqdckWhi9HAx.;_ylu=c2VjA3NyBHNsawNpbWcEb2lkA2I1NTMxYzViMDE4OGEzN2RkMDM2ZmRjYmM3ZmEzZmVhBGdwb3MDMQRpdANiaW5n?back=https%3A%2F%2Fin.images.search.yahoo.com%2Fsearch%2Fimages%3Fp%3Dmamaearth%2Bvitamin%2Bc%2Bface%2Bwash%26type%3DE211IN826G0%26fr%3Dmcafee%26fr2%3Dpiv-web%26tab%3Dorganic%26ri%3D1&w=899&h=1599&imgurl=5.imimg.com%2Fdata5%2FSELLER%2FDefault%2F2021%2F1%2FHY%2FWZ%2FQV%2F47295335%2Fmamaearth-vitamin-c-face-wash.jpg&rurl=https%3A%2F%2Fwww.indiamart.com%2Fproddetail%2Fmamaearth-vitamin-c-face-wash-23066226473.html&size=92.9KB&p=mamaearth+vitamin+c+face+wash&oid=b5531c5b0188a37dd036fdcbc7fa3fea&fr2=piv-web&fr=mcafee&tt=Herbal+Mamaearth+Vitamin+C+Face+Wash%2C+For+Personal%2C+Packaging+Size%3A+100+...&b=0&ni=21&no=1&ts=&tab=organic&sigr=HQq_c4g5fkIk&sigb=PXWUqv8e9BIc&sigi=i5M.Km9h.C..&sigt=lP2bX0YmjGL5&.crumb=0eUZVlNmUbL&fr=mcafee&fr2=piv-web&type=E211IN826G0",
            "productImageURLs": [
                "https://m.media-amazon.com/images/I/71XrfEDXq9L._SX522_.jpg",
                "https://m.media-amazon.com/images/I/31Y9KO4lEOL._SX300_SY300_QL70_FMwebp_.jpg"
            ],
            "searchTags": [
                "mamaearth  facewash"
            ],
            "reviews": null,
            "createdDateTime": "2024-01-25T16:24:13.487",
            "zoneId": "ALPHA"
        },
        {
            "productId": 203,
            "name": "ms dhoni",
            "title": "ms dhoni the untold story",
            "description": "ms dhoni",
            "rating": 0.0,
            "price": 500.0,
            "offer": 20.0,
            "type": "",
            "brand": "chetan bhagat",
            "category": "men",
            "merchantId": 1034,
            "quantity": 5,
            "status": "ACTIVE",
            "thumbnailURL": "https://www.bing.com/images/search?view=detailV2&ccid=M1j2Lju2&id=BB0717EA4755F7F4B29A5FDC07B0DA961E4F8ABF&thid=OIP.M1j2Lju2jRra7pLs5poIvgHaKs&mediaurl=https%3a%2f%2fth.bing.com%2fth%2fid%2fR.3358f62e3bb68d1adaee92ece69a08be%3frik%3dv4pPHpbasAfcXw%26riu%3dhttp%253a%252f%252fdrcricket7.com%252findia%252fwp-content%252fuploads%252f2016%252f09%252fMS-Dhoni-The-Untold-Story-1.jpg%26ehk%3d4OuetP0F4GkdeiAe1uaXN8Pq5LMF6fU0lHfNH%252f0FNBk%253d%26risl%3d%26pid%3dImgRaw%26r%3d0&exph=1733&expw=1200&q=ms+dhoni+the+untold+story+book&simid=608024317228821178&FORM=IRPRST&ck=5A2E2653A62969A461C33644679601A1&selectedIndex=2",
            "productImageURLs": [
                "https://th.bing.com/th/id/OIP.sBTCCAaZOXhJRmRvh0br8QAAAA?w=115&h=180&c=7&r=0&o=5&dpr=1.3&pid=1.7"
            ],
            "searchTags": [
                "book"
            ],
            "reviews": null,
            "createdDateTime": "2023-09-20T15:59:17.505",
            "zoneId": "ALPHA"
        },
        {
            "productId": 205,
            "name": "3 idiots",
            "title": "three idiots",
            "description": "chetan bhagat",
            "rating": 0.0,
            "price": 899.0,
            "offer": 0.0,
            "type": "",
            "brand": "chetan bhagat",
            "category": "men",
            "merchantId": 1034,
            "quantity": 20,
            "status": "ACTIVE",
            "thumbnailURL": "data:image/jpeg;base64,/9j/4AAQSkZJRgABAQAAAQABAAD/2wBDAAsJCQcJCQcJCQkJCwkJCQkJCQsJCwsMCwsLDA0QDBEODQ4MEhkSJRodJR0ZHxwpKRYlNzU2GioyPi0pMBk7IRP/2wBDAQcICAsJCxULCxUsHRkdLCwsLCwsLCwsLCwsLCwsLCwsLCwsLCwsLCwsLCwsLCwsLCwsLCwsLCwsLCwsLCwsLCz/wAARCADqAX4DASIAAhEBAxEB/8QAHAAAAQUBAQEAAAAAAAAAAAAABgIDBAUHAQAI/8QATBAAAgECBAQDBQQFCQYFBAMAAQIDBBEABRIhBhMxQSJRYRQycYGRByNCoRVSscHRFjNDYnKCsuHwJDREU5KTJTWi0vEXc7PiJqPC/8QAHAEAAQUBAQEAAAAAAAAAAAAABQECAwQGAAcI/8QAOxEAAgEDAwICBwUHAwUAAAAAAQIAAwQREiExBUETUQYUIjJhcaE0gZGxwRUzQlLR4fAkNXIjJWKC8f/aAAwDAQACEQMRAD8A1v6Y99MQ2M91s7dG7jthBacdXf5HEesTpPx76YrTJPddMj3JtbVfHefUL1Zt++2O1idLH6Y9iEJJyB47fTfC1Mx6ufyx2sTpK+mPfTDBk09XP1GGJaoR780L5Bhe+F1idJ2PYp/aquZ7RyN6csKR87jEmP2oWMksh872t+zCa8TpPx76YYDORfVt54S0yp70oH94bYXWJ0k49iqkrZmcCFjbueowuOsfZXYj12/PHaxOllj2IXMlJ2kJHXYjCxJJ+sxwmsRcSVj30xCeSbs7b/XDRlqBf71vnbHaxEll9MexXCeddy+pb9CRf8sdaokJBVmAO/njvEE6WH0x7EATSd3b8sOcx9iJD8D3x2sTpLwh5EjAZjYF0QW/WdgoGGDLJYb29QcMSGRwAzEgMrAG3vKQwO2O1idLHEHM639HUktUIuboaNdGrRfU2m97HDkM0jFFMMzAk3lJTQO/nf8ALELiHT+i6nUQAHgNz098YiuahSizryBHoMsBKleLyWI/Rpv1/wB4HTz9zDf8s5STbKG6kDVVBSbG3dMVHKh0hiyjewYEGxPYHDghBtpdLkA32JI8xjFjrN13P0ELeqU/KXY4rc2H6ON7XP8AtA+nuYdHEzH/AIA/98f+3FKkERXUrC3XVsfnh5YltsQb9Nxv8MIesXX830EYban5S2/lI+3+w/8A9w/9uFjiFj/wZ/7v/wCuKoRKe43w6sA67W6elxjv2vd/zfQf0ier0/KWYz12/wCCP/d//XDgzmQjw0u/rLYfXTitSG19/X64kJD128jiVeq3Z/i+gjDQQdpNTNJmG9Mq+gkv+7Dy17t/Qf8Ar/yxGSG5Fhew7bn4nDojsPL1xdS/uT/F9BITTWPiscn+Zt/e/wAsd9qbf7rzt4uptsMNhAOo3t87YUFB/di0t3XPJkehY01dW2FsvYttcCoiAA0k9T62Hz9MLStnJkD02gKV0XkVtQKKxOw7EkfK/fC9PoT8BhBA8WFa8rDbMTQsUa2Qf0N/Lxf5YYOagMVESswv4VlBO3ntj0sY06XJUONI2O9xfb1xBKxoVNo1VHKs6DY61BBNvpipV6hcLsG+gkq0lMkvnRSxNMLNexMygE+QuMRajieODUppC8gCkRxShmsxsL2W2IjwFjI4gd5rMkIIukcb3a9ztbucRpqSVo5I4okU+DUXIDSPcEt4dviTii3VrsfxfQSwtvSzvJp4qqFCmTKjGp6l6kHT/aCphT8VmPSTl55bKDrE4sDe2/h6YqFpKxBLqmjswKheWGCXFr323w0aFVCqZJWRWB0uykNbe17Xt88N/bF0OW+gjzb0s4l0/Fjorn9GklQTb2gb2/uYiy8cGJEkOUuVckLapS+17E+DEBobnoO9x+eI7U/bSLA9LD9+Gr1u5HJ/KILel5TQOYhKeZ1bW6+mB+r4nQVdZR5Zk2a5ucvkMGYz0CxLTwzAXaBHlYapF/EB0v57C5i/nYtXvA3HmSCMDWUZjw7kyZnQV3EGR3jznNJ4ilYvP5U85lK1IcC0im4Nieg32xuAIJlzlmZUGawU1dRF+S7ujJKhSaGWO6vDMh3DKdj9eh3sisclgRcm/wAfjgb4cjgZc7qaetoKz9JZ/XV5bLZTLTw8xYwsRkKi7BQpY2G7YgcVvX1mYcLcLU9TNSxZ7NUzZjUQHRK1JSrrMMbHYXAYnby6i4KYyZ0JlngWR46epp6p1BvFDNE8627FFN/ywtqiqclAkaG1ymteYoPQut7/AA2xS/yC4NEcC09A1LLTtHJDVUlRMtUjoQQeYzG9+huO+KaqzdMo494olbK82zHn5VlkejKKUVMkdlRtUilhYYdpzxOhgUqFIBdNUlyqNINbW6lV6n6Y4Io1ZjNNAXF9StPGNNuoIJwHwZxHnHHnCkq5Xm2XiDLMyiCZvTCmkk8LNeMamuB064HaE8HjMOM/01w9m2a1B4jzTlS5fSyTJHFzGtGWSVAGvc9PL5doi5muK8UQCa6dNgbCSJdiNV7Xvh1JI2uFkSQ3F+WwexIuAdN8Ztxvk3Dv8n2zinylIKuebJ1EjmVZ0hcKgjdSxUEKAp+GLrNEy3g7I8yfI6NaatzJ4KGhhgaVmnrp1MaMOYx3UamA9PXCaROhYYYptLaiyt7hV/Ce22nbDLU1Oyhl8S7gFW1A2NiDbywN8FT1mXLW8K5gdVZkU0fKYXAloKmzo63FiASR9PPAzk+d53kM2f5jMklXws3EmaUlWsQLTZXMajWJ0U/gbV4h0v5EjWpScJpAjgSyeAEgkLqAYgfiC3vb5Y6YojcuqgKLsXYKAPMk7YGZJ6Wr45yCqpZY5qefhKqkhmiIKOpnaxUjEvjIf/xTifb/AIEf/mjxHpOcRcwgh5YuImidR1COjkD+4Th8OpLKpXWtgyhlJUncBgDtjIsvbhxc64Aj4fhmy6uPKbNairE9LT1cQiUSRKs7eNmOoAAb3G/lbUeeLk3GH2iXynOswNTU5Ztk9KKkxcqKQ/fXYWvfw/A+WJNGIhOZoLuwIW6ayNQQldZXpcLe9vljglbwhgguSACRckC5AB723wB5bmf6W4/apGXZnQaeF3hEOa04p5zadDrEdz4d9t8M8TZhm8ucyV2VKZKLgQQVFcqgkVNRVMFqYla1vClwfLfCaN4k0XYkAJcnoB39RbEcPT85oPaKVqi/80JouaPTQG1flgY4szSqny/hqiyeqeFeKq6npkrYms6UUio7FbbgkML79iO+0fMeE/s5yyhiSuKZfrcpBmMlVKlaZ1HMLiQ3BbvbTbf5DtI7xcw10rfcEN0Ngdt7b4XyywJEi6VLAkEEArfUCem3fFHUZ3lWX8OT5zR1grqaipzDSymQytU1S2gjRnazFi1rnA9wp+kqRs04S4hXny5jRfpqESags0Net6ynJ81Ym9u+o9MKFiGHJkpltqqKd7bgGaJTb/q6YXzYmA8OzC4KkEEdbg4zccK8LNxw2VnKoRQfyZFb7NzJQq1HPRNeoNqvbbrjQIYYKeOCmiQRwwRRwQqCbLHGoRVF/IADHMAJ0sIbaBY3Fzbtivz6MS5ZUIRcM0IIsD+MHocWENhGPicQs6NsvmNj78NrC/4xivebWz/I/lJKXvrBZaGJogl4r6tV9IsdzsBfDiZdGNJvESFRRaMAWAIIG/rjsYkY7K4Tcq5G3Xyw9dVKXsLkD8NwbXva+PMxV84cIYTqZfGsfLCxgBNKWQ/nhQy2EFCqxiwt7l+5uR9cSku36xt0J2v8MPExxqzySLGi21PIQqrf1JtfFpVD4xK5dlPMhDLYvANMXga+6nf1w6Mtg3uqG76ibEXwOvxfV103s/C+TS5qYyxqamodaejAQC6xSMwBYX33+Fwb4n5XxJNJWR5Tn2WyZRmtQXeiRnEtLWR6rWhmUkax3F/zNsEPUHAyRv5Z3/CRG4J7y5FDD4vCm5LXsb9cLnpylPO0MQkmSJmijB0a3tYLc7YkgYcA7g9Nt/LC01UcxjO0ojSZlUZVLE8KNVvVosS1XMWMwpUqyPOkbBraRuLg/XHqaDOaaeKraCSaFKeGinp5XtUMkQDmeIBzGTqLACwuAN8PZrxPw1kk9PS5pXCCaaIzogimlKxi4DPy1NgbbeeLChzDLszpY62gqYqimkuFlhPQjqrAgMCPIjBQZRNRXaQk5MpaOk4gh9tLJIxMlHJEGnCkMjJLKGY9SyjQDrNjtax1GVVZbm9R7W6VskHPilj5QlctHGQ8sSxlDpDq5UE3IK3G+xFzqG/kB1+PlhDzxwxyzSkLHEkkkpv7scaGRj9BhRXGfZEQg8wdqaDPqjnyiGFva6hKgQVMk9qV6VOUmrly7lhcrYgXte9r4mVlLm5p6cUUkgK0hEqTP/tM0xMIW7hwqsAHud9zt1wnhviBeI6Kevho5aamWrlp4ubIkhlWNQ2qydDvuPzPXHs04n4bySopabNa8QTzRGdEEU0pSM3AaTlKbXsQPhhzF2fQFyREB7yEMszgithcGJq5hEJ43lawEuuSapPMDa7KBHpIFnN7kYdFPxC9TRtI5WBp456lEqBaAq8avFGB1RlUsPIkjvi1pMxy/M6eKry+piqKVwdEkZ8OoG2lgQGB9CAcPt4Ts3ax737kYq1bjcgrJFG2cygzCmzSokzVkDlIoaMZcIKmaNnLyAzc7xBbiwI27D58oo8+LoK0MqGKQGxiV42BbQGKG520i99774vmdAVGnci1vLvvjjyrsGGz+Y8vzxSesGTBxJV1ZlaaQ2usktm6+O9zhpqJjb7yXY+Y6/TDWcVOYR/oWGlnFMavNKWGVwsfMlhBLNBCZDpBIBLWBuNu2JrtMWLabKCSBvpAvYAd9/8AVsUaiIiq3OZKpcmQDRyXYc6a/fxLcf8Apw01C++qea17AXj/AGlcWAWRWuSNxva/X54ZqeZoGkvfWL2F+xxCRgEgR+WBxLzSCyed+rG3zvgJ4jrqWqjNJTcKZ+80GcUNRNUJkK8meGlqg8rJKhuwYA287+uDVWbmRX3UN4vK1xgFmyriSogkrP0rxXFVVHE70ppoK+eOGLKHqmTnRRDoAm4P5efpqwNC7K6unq4VqIMsrctiFTIvs+YUS0MxbSCX5S7EG/X09MQOJsnqc1/RWY5VUx02dZNOajL5JtoZFe2uCY+TWFjbzH4tucORV0UWeUdZU1tSKfiKvp6OWvqfaag0kaxcstICTa99iB1PngiEQFvCG879PkMNJwZ0Ejnf2i1BhpU4coqGXmKlTXS1sU9MiBhraGJWLbj3euJlHS1cXGHEWbSRMuX1uW0FLTy60LPJFp1AoDqFrHqP8iE063uEt02Xa2GniI9RhQ86U1bQVc/GHDebRqpoKLLaynqZTIgZZZdRVdBOo3v2GKPLaXj/ACKp4lWj4ep6ynzLOq7MoZXzOKA6JGOkBVa/Sx7dfoYgqDYixBve2HklZTa50nDtU6UfFeWZvnPDcdJTUqfpCWfLZ5oOcmiMo6vKBI5AIXfEXOuHa3iLiCk/ScDJw9ldCxpuVUhJKzMJgoZvujrUKO/9TyY2LRILAkm+FhgRv0I/LC8ToDDhNsjzrh7NeG4JnRJno85hqKwuXoZdP3imdhcp72kHqq7edpwzldVQU/E0GZU8YXMM+zSrjjYxTJNSTnbWq3WxHY+e4xfSSxRXBuzHoAD+07YjvMz9PDhuqdBjLuE0yPiiLMaGZjkz0FfCtPJIWbL5ZWV+XGGuTGxuV8t7+Zt+Jqd8x4fzugo9L1dZTCGCNyIgzcxG957KNgep7Yso0YkMSSvYW7+eHWAAttYjv/nhpPeLAGfL+MM8ThfLa/Lsvy2hyaqoqmSoWujrKmU0segLCsZuLi9x8Dfw7kGS5XmlFxDxzmNRGqUmbTZc9E4kRzIsKSKxKqdQ6jqMXQCgHwqD5gW/ZhYYqtg2/a/bC6szoN1tDncPFdVn1JRrURx8MSUNIDPCnNrxKJEjYSMCB5n0+tblPAOTmihfPY6qfNqoy1GZyRVs6I80zlmUrCdBtexPe5wapzX30ki/UdDhZhY27W6C9rY7UYkAIuFc6fJZsneUQVGQ5u1dwnmDyJIJIS5kVJVW5Hrdep8hvNqMw49q6Y0k3B2XPWi8a19RV00tBHIQRz1gku35/wAMGYikB3K274RIuolVsFHkN7/wwoadAJ+FKs0/CfDkpMmQZf7RmWc1Mcwiesr3MjiGONSJQqk2Bt0Pmty9W8IplsuVZvwtBOc1y+uiZoqmukkSppHDJLFrqDpHXz6E7YL5GgiUvPIEANgT3PmO+F0tTRSeKKRJB5ob6b+hxH4y6tOd48U3I1YOJUR5Xmf8tGzp4AuXtw4uX8wyRlhU85JChQG/Y727YvpADe1xbpth4N3HQ9D538scck2G3rh7HaNEXTfzS363b9uIedLry6oXfdohcGxHjBvcYnQ+4Pif24h5zqFBKVF7PGTbyDYr3n2V/kfyklH94vzEGUEqsWJkLHqBLZDbboTh4rK5V13ARlCkgi5tue+Go5ZW5d4XClhub7fG4GJMOpxflkCxIDAr4QTjzATSkYOTHadZEVWkJBZbFEY6F+uI+aZUM2FNHLVTR0iCQTQxgapixG6yH3Ta4Jtex2sRfEin1nZ4wgY3UAs31JGJigBhe3W/pb19P9d8XaNRqZBU4lGqoPMRQ0lNSQw0lHCIoIlREjiAACqoUE2FyelycBHFeYvm2d8O5DkbmTMqGtWvqa6AhxQggKVV12sAbv2vYdTYN1nC/wBoeYpOlZxMdM9XKTDDLMkAhdiQSqW26ALva/phngmppckzTNOGa6kpocyiaRYK1UKS1oVtZjdnuSCPFGdhbt3wet6a0Ueujh3AOw/PfmUGOogYxNMUsQPE17b26X72uMcYyawFL2/FuO+G+YSq2I8V+ni6eWPXkUja50ljtuRe31wKFY43k+jEoM14d4NzTNY0zSBHzOsp5p4tMs8UksNOFhJJVtPhuLfC/wCHF3l2WZbk9ElDl0CwU0bawouxZja7OzHUSfjgcpTJmnG2aOukwcOZVFlyEXIarqzzZGve1x4lPwwXWZlVQN7pe3XF6rVdMUyxOw2J85CMHeesum9yDu5G18C3H9VWUvC+cNTOUaY0lPMVFnSnncq4uvn0Pxt3xbSZoJpswpcrgavqqF4oaotKsFFFKW8UT1ADeNBuyhTbYGxOAX7QzxQ1LlNBU1lA8eZ1KqtJQwSRNNPGURQGkLMQC2o3IsSBvi1ZITWUPtvxGOwxtCrgyOmpeGsnFGsiwzRe0EzaTIZJTd2Onbcjb0thvOOH+DszzSH9J06SZpWwSVCWknikmhp1SAlih03W4t8L9sXeU0EmWZbl2XvKsvsdPHAsixiMsEULuoJF/XA/SOM145zmYC9Lw5lkWVxFd1aqqm5krE/rDxKR6YiDuz1KqtgDJ2+JjsgADEvKDK6PK6KChy2NKemjfVoUayzH3nZnNy3x/djlZmmVZfJSQV2Z0FLLMdUaVUiRs6i4vcnYX2uThebZnR5NQVOYVayvDE0SaIFu8kkjqioL2AvcC5I/jSUXDsGYSV+bcQ0lPVV2ZMOXDURA+wUYXTHSruV1D8TC1yeuIAF0mrWJwfxJjtR4WX8ZWaNJop4ZUkJZZYdDoT5BlYi4xX1efZBSvNHU5vl8MsDct0m1K4buAvU/K+A6Sgh4T4wyaKiqJKXKM1VjNC0khh1kOgik1nR7wGje4v8AXQpIwwGpUYr7oZQdN+4vhlxTSgVPvKRny/Qx6MXmeZ5xJwzUcR8HOMyp3o8rNVU1cscc70qs63iVQlyXFv1dr9ewM6WujrqSkrIP5mqjE0Jlj0MyG5DFVc2uN+vf5YHKmmy6o48oaUUlE6UGQzTzjlQsDNI5ALoFtqAK2J88FUVPEhSKJEijLWCxKqIuo3JCqAPXpht+9MJTVFIOB3Hx+EWiMkk4lZm2c0eTxU8lY6mSolSGlp6eNpKmdiwVjHGXGw7kkeXU2xXxcTUkhtXUtVlYKB4zmsEkSSm5UhGTVvt0IH8YeTUsmd5vmPFFSWMVPU1OWZLCuloYqaG8RkBF9zc+W5J3vsTaT23t8CL9/S+I63g0D4TLlu5zwfL7pNSBb2hsO0vTGpaPpa5vq2HzOA5KjNqzMq6ig44noataqdI8trcjy+GYRiQqggNRbmL00kE3GDZVbUvmbj/XwwA5zRVPEWdVTVAyXLKGnoZ8nSXN5aOsrWBnDmppKZZAsb3GlSz3AN7b2G+UQNLnhjLs0y2LPVzIyPPNxHmFUlRIkcbVcUqRKtQI4jpUNY7WFrdMEyvfSALk7W74q8rpaKiy+CipMyqMySKZYxPVVYrJddgdBdNgFHYAWGJNZKKCir6yUgJS0tRM3X8MbeWOI3nSuPGXBaO8ZzyiDIzqwbmizIbHcriZl+fZBmqzvltdDVLA6xymMOul2BYDxqL3scfPuXDKGmb9Lrmb07QrpTKmpo5jOSD4mqARa1+gvjVOBYuGXhzRuHajMElaSlatps45TTQqgZUaMU4AIbcX1YcVGMzoVVee8MUk8tLWZnQU9TGFMkM0wWRQ3S4xHTNOFatrU2d5a7k2EYrYgSfIKxBwA/aLlEFFWZVmaO0k2YxvTSwkBVQ0kaKJoyATbfxXwMVuSxRZNlGcNmlFLUZo5V8sMaR1ES3kXXqDk6Rp3JUdcJpnTcuTPESEOonfS2wFupuf34rZeKeHKOQRVOcZasl7Mkc/N09rFoQyj64zet4qzSfhfKMoaZklNPVpmszMVqJKSCaSCGEuN9wpL9zp8mN5WVfZ1m2YZdT1zZhT0DzxGakpWpXd9LreNqh1cBWItcBWsD5i2F045nTUEqsvkpnrXqqd6IJJKamGRXpxGgLM2sEjYA3xVNxbwGlz+nKIhSAdImcA9diqHGbcP1GYZFm0+R5gJFo8xmnybNqdWBjWeoU061MYN11XK7gbqd/StbIKI8WycPRy1C0S5lNRc7UjT+zwxl5DqICXFj+HHaROm0z57w5BK9PLnOVwzx7SRSVMayIdOqxHnhypr8toYIaqsr6Wnp52RYZp5VEUpddaiN9wbjfGR8aZVS0OaQ1URl05lHPXSrVRxcpHEgjIV1FiO9iNz/awqhrYc44Yq8mrJqhHyeKszbJWHKtUpDGQ1LIZAT4NRKgG+n+xhNMWagvEXC8jELnOWMRG0rffGyouxZzpsPmcdfiThRHWJ89yi5GoBalHsPiu354yThjI63O6TiuSk1PXUtBBT0dOWiSKVq0ukmtpP1Qt13G+IOd5DX5DT5SKxHhrK2GvqaynZoWSPkzNHHoaEm+oWJ374XQIk2uk4o4Yq6iKjo82o555dXJihMhL6QWOklQtwAT17YuBKrWt3xkvDfDObUPEfC9fFS1EmVyUiVb1NRyUVDUUDFxoU32ZrL4b/txqIDJLJHGjkxpGzG11u9/Dsb32w1hjidJEjKiks7D0HU4Y1y3HQb2sbE7+uFhZJG1MbHuvcYbjVUeqQKxs4bUQSDqUHTc9+t8NnQXzOaaqq6kSFisTuIkB030iwRO1z54hUNXJSS00xjeBAjS1EMzKWRVBJUkbduv78ElXk4rXeSAchnZT4zdJCRYnw7g/XAFxfVZbRZbWUeX5zQy5lzkir4IWYutMwbmJHJupN9OsXva47YzIsLl7jjk8+QmoW/tlt9JPbjHeVzfaXxk0zSxpliQDUVpfZ9ShSdQJbXzL29R1xpvDPElDxLlvtkKGCaJ+RWU5bWYZbXFmsLqw3U2/ZjG4+IqePhyXI/YKQs9Uak1hA5/vCS1iPeFgAdXTa2Dn7MKGqpcszjMqoyRUtfPCabUSFeOEMjTBSL2JNrny9N9rXpKqbTJoxPM0yHToFjcXOI2ZqHo5VuVu0fiHUeK+JEAURjS2oXbcbYYzI6aVz5NH+3Au7H+mf5SxSPtiUiwSaNPPZiQT41v187EYcSFrAGVugB2sL+g8sIEgbqd7+eHA/qfnjzgIIb1kx1ItN/Fc7C5v8Nt8LI0BSWQamCIWIGpyCdK36nYn4DDeo2Bu1/T18sB3GVPmVMaTiOjqZi2USR1JheVjFFukJMcRUjSwuHFurXvbbFy2orVcUycZ/OV6jMBmHAB239O9xbcYBczQVX2l8PpHHEWosqE1YyWL+5NtNvtYMttujD0xK/8AqBkUtOZsvpcyq60xKYqRKVyiVD7JFLKpta9rkXv267SuFclqaFa3Ns3VHz3NpXqKuQHUaeNjdadGJIsNtVj5C5C4v06b2iu1UYJBAHnnv8pXZtZGmFCxqttkBF7WuOuHEB1p7vvL3PY3wzqO3Xb64cRrMp6m9wPM22GB6EAx5ziB3AEq1K8X1v8ASVXENU7BmJdUsCoYW9T3xbcTZs1FQyUVDIi5xmgFFlqiRo5Nc7inMkTabakuGtcefbem+z2OtgoM+WqppoXbPKqQc4MC5KqjabjsQRfe+/lhHG08lFXcDZi0btRUGcSSVkmgPDErPECX6gG1yvh+d8GgFe+K8+X3DaV8YTML8sy+nymgpMvpYwsFLFpDsyqzt7zyufNjdifXGQ57mkGc8eZRLS1HtFNFmOW0sAVzy1ENQFPKa+nSx8QI/W88GWecVvm6TZDwejZhXVQeCorBGPYqanZCJLSy2S5Btci2+1ybYoM64fy7Jc8+zPL6QprWpheoACe0PJ7UjtK0jILqTcKC21um+9+zoCiSah9tgf8A7ImbPE1b/aS62ijJ1i/3pG1/7OAr7PpDVw8WVqhFer4hq5ZFZmLoCqsqsLW7nv8Aswd6rHUACQSVF7XPYXPngG+zaKtgyvO0qqaWBznlVIvODKXJjjRtIYdAQRcfuxSSkngMBztH6txO8VSzS8Q8BZVpVo5601baWkVgIdQfUB4SpFiPLT2vgw0SEDxoD8Oo+uBzi3KMyrFyrNspWNs0yGZqulhdf95BZGaJnDA2sDtfe/XfFY3H9eYY4ouFM6GasOXyJoylMsxUt4ZCus9LgaRe3XvjntRXppo7bfXeKHIMh8dzc7NuEsmYROz1NLVxkylBGzz6G5yC91Ki42FrHre2DspOCvjDozdrL16dcC/DHDdZBNLxBxBK1Tn9eNbLMqkUKsTaNL3Aa1htYAeEDzLHdV0sxsi+NiV20oLnbripeimQtJBkL3z3MkpluT3gHw4zV3F3H+ahkeOOZMuj5YTxKslla/wjF9++DJ2uGUxsVZCHFxspBB1WN7YDuA6erSn4hramKeJ8yzV54xNDydcQDEOsfbdj27emLPiWDiKopKU5JUxRz09UlRJTv4RVaPdQufDYdbE7/LFe8Val3o1AcDPyEnpeymcQWqOFc4y+prKjhbMqqihmNjSzOyqCSNQ5ikgjyJW/bCIOK+KMiqnpOJqVagPAJKaSNY1c2Kr4ZIrIV632vfvjv8tMxoOXBnuSViViMQzwBY0kUXOpFK6b/A/PEHNP0hxqtMuXZZJBBQl3FVmEojaXnW8CDZbbXNr/AB33JotZji9VSn822fhvHMKR/c5z5TZHrLMgA3udhvvta2M84hm4Lqa+bJqeLhykq5uZLnWbVMVLelRmu8dMzjxVLdz+G57m6nGiXWq3L3uPEAN/liqfNuAoJZo567h/nxu6TJKKbUsisQwa6dQeuNQDBWJO4fjyKOipYskkpHy+lcwI1I6yqZAoLl5F6ubgsT+XQTM+mpoMlzmaqpJaykSjlNXTQsFkkprASFSxG4W7de2I+W5hlVWqnK5aKSmErKWoQgi5gUMRZABqsR2xbkXBuV0aTqDW0lbG977W63wud4kxnK677KYoM8M2W5kWnp1FNHX6ayUgq33dJJABoIO92a/Sx2tjv2WQ1TZ9mE/jMFPlLxzsCba5pozGpPrZiMS81j+x5sxMcf6Qp41mb2mrycymg5g/Cty1xsd0Qjfy3Bpw0vChoF/kpzTSe38qpkAnV5pUQO7S+02Y7aRe3fa2HHidBT7Ua6nmnyPL4JL1lF7VNUoUcctKlI+WQ1tO9jsDf0xU8OcEUnEtJHWLncULI6rX00NE7T07ksVjM0jhbkC9wp64veI6r7J8wr6usq6qqq62RIoHfLlq3ji5ShA10KxlrbdT8MXXCK8KCnrqbhmc6ZqiGpqYZ3naqiA8CiSOdQwHTcEg364TgToG8fZFHlFTk6UkTplUuWR0CAC+meAuDd7AFyG17kE72wS5b9ouQw5VSe3QV4q6WnhhlWnpw8c7xqEDRyago1WvY2t+ZVmPHfBdfDUUFbBWT0sxaOZJaAMjBWtqW8wOx907EfLDFFwHwVmdHT5tS12cxUEyPUoDUhAqJcMXDozAixvv+3Hc8zoF09XW8Q8VLXkJEpzAZ1U8q8hp6OgCzM3QdFQKLgamPTDD59li8YniCKOo9h/TP6QLaF5rU7L4lETMFufF+LBVQcS/ZvlFJVwZdBm8dPVc4VeqnR56lXiKAGeSbpa+kDz6X6wJ8u+yKCfkzzZ4kiRxs0JiqW8MkayKbqCOhHfCzpz7Rq6hzLMMt9hkD8jLpI6hWVl5c8hSVUJPhLEEDYny+FPmeTUkeXZbnOWyczLatIKPMFtIPY8zjhQSRgsAdLG+kjvcdLYs65vsvqJamrfOeIObO6vJHFTsirZNAsHS3QAdcG0OUcPZbkE2WzirOVVl3keuddbvPpkHLCG4OwYWF7744c4EQkAZMo/sudI5+KvG3JWLKdIcAOADUKLgeXliv+0yuy+uzWlpaabmVNDQ1lLUJHG7FJnkUiMlgN7b7D54v8kl4NySapFHT5qiVSxRzz1DiZXEbMykqW1AAk72w/nfDPBM7ZjxBmLZnTwycupnq6WcmK8pSJTFHCHbxkj8P0w90amcsMSGlcUq2fDYHEuuHcxjr8myuejkhaOKlp6SSRg7Mk8ESpIoUgbg9zt++4BVF8MlhvI7MwDt2LOfPpgO4YzTgimSHI8kr6udpnq51jrYpkeQsNUg5kqqt7dAMSa7ijg+gqZctqpqsS0gEEwNFUSJEQgbqNz26XxCcmTwq1yOqmxAI2brt1uLYSh01FmXUZYR4yf+WdlK9N79fTAyePeFIoqWWaTMFiqeasDtRueaYW5Tmykkb9iBhk/aDwSs0L+21SgLMGR6Gp1XYC3QemEAPeLCyWkBirhA7JUVEE0ayl28DsjKrLcEC1x0H1xgs+RZ9SQVFDPkNRFUUM1RW1WYaXVDBCisxE7nklNtSEdSbd7Hcsrzegziigr6CR5aWcyLG8iNExMbmNrq2/UHHsxSOvoMxy+cao6ymnpmCKSRzEI1BT1tsRianU8PYDmMZc8zAKqSrzisnrqehp4BGizGHL6XTCkUR1c2ZFuLk7uSdz9MajwTxdU5zBWZbmxX22jSJkqII1j50DErd1XwhgbDYC98Z8+Tca5HJU0yZfmTJVRNA02XxyTRVVOzAaSYLix7qbH95lwXw5m+T+1ZnmCmmq60ih9mcjXBTuCyyTEG3ia23a39baxX8I0xjmMTVq3mn07RtEpjbWt2GrfcjY3vviLm5IoZSL+9F06+9hzL3WWlikUgh2c3ud7MVvv52wznP+4Tf24v8YwLu/sz/L9JZpe+IPqxO+luvUkfxw+HYdjbzuMVyyyqWOlve8mIA8rdMPK8okRWKsJFY6QLFbW3tjzriGyO8miQ7bH6g47zAdmTUPIqrA99w22Gw1gv8Mdvv8TjsyPmOQ8mBGSCBYkYlmWJVQMzdSwXD3MJAsCMMA7knyOETyTpDJJCjvKDGFVACyqWAZgp62HbD1yzbmM2kvWR+FvjbbfCwz9dL2HfSdsVYlzQ0NFNyr1yBebC9lVy9421htrLcMf7PrhhY81jqJVtV1MgAWiqpJYxCiCWUu8w1DqLWAQ9QLi1xaSjq/iAjC+O0vlZj2Yn1GFh47SpItw1gVdAQy26FTtiogTPNUyzEtzIuWs0TpGkMpWI8wJIxaw8YvvuvSzXxKrI8xeZ0pGZIZqZpGkRkV45YLhYY9W4Mt1uewU/r7WKduQRhpCXGMESdEaaFdEEJjQm4WCEKl/OygC+IlXleUV9Xl9fVZe01XQWNHNJrHKOrWOhCkg7i+Iqx8QhiKjnS0/LjkkEFVHHUkvI+umjIKr4bKytqFwbXw5AmbCvjMkFUSxptVTJNGYkpFEhaN9LWaQ3UGydRe/mRW2YZ0vj5SEsPKW2ubvG2/X0/LHbzN+DzG5N/wA8QnXN3nrFjQxSGqhEFQ7rLSCiGgtpgWQPr94Hbrve2whtHnogZmjrPafZd9FRE1OycnQYeWG1cwne4vvvqt4R3qnm07WPKXBFRudC9fM2wkmfowT5s38cUS0ec0tTTVCwh1igDmOmmnkMbkzMKaLmuFMd9PMJW/iFrAeGVGM4ostSExtVVUdZBTo8bXaWmkkXXKzzFrFQWuTe1um+I6lkDvqzF8T4Scxk/Vj+p/jhiR5Gsp0DcHbUDb0viKz8TqIyY6ZpNUxKIsS050NZVZyeYAy7ggE3FjYYitLxHHLUrDSvMhlkdXq5aZDp0D3ND23NtI6bdcVKlpt70lSpJrSgMdze58z0wzJLHbdtj8f4YhVX6YJuhqqhGoqflxNHBSx+1LUamaYxHWCRbYGxAPwxxJc6aaMzopp2ZQw5cKSIWZyxfQTsuwFuu198UHtgBnUPxltanbEdeSMi3MGkXHTz8rjDDtfbWNjYb7AeQGJDOP4YaZh54olAeTLitjiFojs8fh3BuLW9PPGYVqUMdVV0acQ8GxU1Nn9XnMUlWry13P5ryCjqY7BdAYsGOu9rbbWxpccwJjvYqbgHyv54DOJa+KtiFJS8MZ88kOcUNRLUJlUXJqIqSqWSVkkVjfUAdNxv3x6kgxM0TLLhWjohRVVVBmNBXTVWbVdZWTZaNNFDUTBCYIVO4VQFtc339cSuKfbJOHeIKejZmqZKGRUCBgXjBBljDAdXXUo/zx2jrI6ynM8OW1+Xx+0ugp6+lWklY7Hm8pCRY+fpiBxNW5lluU1NdTf8EsVQEnGqBnaoihTWoIJ3N+va/bCd4kybK34XanzOnzcVCTVHKGXZnGrzQ0b3XU0tKjqd7G5322tti9qXk4f4dGW5ZmyVdNnlbUztVUyaV9jgVI5IrgkgO2zd7C3Q4g1uf5FnlDnM+a5fTU/ESSg5bNlEDQrOWI1+2PqKNa2+oXt0OIdNkubVPD8+b06SyUlFmDx6IwzLyTCDNOkY3KK1tRHTr2NpTOl/w3wXT5tl0OYZhVVVPBUs/sENGYV1RRty+bJJID1IbSoG1uu+Kmqp8x4OzxJaWaST2J0q6eoZWjNVRuSXSRPI2ZT2Nr4t+GuMoMooFpajK5KoUqutJNDUxhxCztJymDgrsSdJXsd9xvTZhWZrxnn2nlGKaqMFJHBCrOKOjRrXlZrEhdRYna5IsBe2G75nRXFWX0NFxBUQZTSNHHLBlslPTlmlLNUwrIwUyMWBJJt8PXFrlHFEdHwRxRlviSWKoFJRKSCywZoXLjffwaZd/MjzxT5rnlLNxMc1hhkFJQ1WWlElK82VMtRIyCyahdym3x388M5zlPP4l9jpUES51VUMtBGxJWOLNAkqgnpYam+mHTpHpKJanMsigrYwKesrsrjeMSWvRVUqAKCoBHhPXBF9omTUOVZllzUKyRiqoWeUPIXWP2bRTx8vVv7oAI388VecV0MfErVtPSLDQ5RXUMKUyFTKIsqZIbhgLXOja9+uLH7Qs1gzjMMsFMtSj0eWxSVPO0EIKxI6xNHLO+kMA3Tp8z06Q8u4dybihqSi4fnqqXMIMtM+afpZS8U810RnheFmtuSLaRtg44mZhXQUh/m6Ojpo1AuELMmpnUHbyHyxn9LxFQ5C9PVcN0rRVUmXCmzKTNbztJPqVmMARwoBIv0wZ5xNXyVhmq7nmRRNGdLBVRl1aF1C+xJGL9gAawJgTrZPq2AO8gbdMFmQ08OeZNmWUZgrPQc6KBdDsj2uKgKGXfwnSR8cCY39cEWQ5nJlNFnOZVSzHKaKNHcRxqWkqZZEiuhNr2Fgd9sFOoLmgTmZ7o7lboAjmZOZXy6sX2eVoqiCtaSne4LwvBKdEjONtrdO29+uLbiqty7M3y7NaNFizGvgrHzqFZ3mMdZCypdFYmyEDUltreowzk4y39LhM4hnno601dHLHCqc1Za2QCGRWcgagSGvfa3fphrO8mqcirq/LKoGWanjJppUAVXpmuY5V26Howvsbi+2+dO83kKeIcgyil4M4araZZxVRjLwxeV+Wz5jEJ52YSADcgWscC+W0XD+aQU2WtLXRcQ1WYxwQ1MiBsvEDeFY2VHDC+5vpP8AAu4vzSl/khwhlCLNJV1lDlNbFIoGgrTwLE2tm8RJvtYfPbcOyzMsmyynp6qKilk4ipa9ZoaiqZmoEiA/5KOpLDt6/TCb4nTZOG8llyfKKHK5p0mqKdqlnkp9QiJkneW41gHYEA3GLuOsoVJXnRal8JYsAT22Y7YD8qzzMc2yKgq6tUWSrapaQ0q6FeOKd4UAQE29253w9pBGlnPnZla4/LGYv+s+r1fCQZxzCNCz8RNbHmFkcyRu8byi765ogTtygBfx9PzwpmpXYcxEdo7G5QEqDv388DtFCtT9yW1rETMmlh091kYeXQnE8maNmskgLAKWW5Fh52wWtLpbqkKq/wCGVK1M0nKGXkAjWO0dgupzZQBuTc7DEDPHRMvmZyAvMgDEkDq4HU7Yk0FvZl8Wq7OSdJXe/kd8Rs8UNl067byQjcAj3x2OJbsj1ZyfKNpe+MwLOYMGUNExDkxqaa7AyXsFc37+eHVroIF1SRmORmtp28QHVrtvYf664kwUZQEKES5v4F0eI7XuvfFNn0IgagvpKmOrRHN2IAETEMT+WMBRVajBcQ+mh20y+inEiqwRyrAMCVtqB72O+Hg24sG+h2xEy14JYYUgScpFCitLKhCl7C6hidz8Bix5YtYje43xGykHaV3IDERkzKvvBh1PQ9PjjntD+FyjFCvuhG1D43w8kJkux2j962x5hS9thhALFWLEdL7NpA/qgruT574bg84nAqIo1HfRIFABJK+fkBh9ZALbNsf1Ww2Y7LFq2ZgHAt0tvuMPqOtx3vhwyDGMR2i1kuDYkC/ceeHlkUFAzWuSASLdvphCAXI26Xvh4hW66D3swB3HkMEaSkjMrsROiaG5+8BPSwDHf5DDnNTzb/pb+GOC3a3W+IObzyxUciwvoml1BWJ91EGt2/YPni+o0qSTGIutwo7yXFWQTkiPUTYvbuUuVDAdbHth/U5PuN8yBgeyae60gZ0iabS0kaXeoqJLW8QHuxjb/XUg28xtt54cp1KDmLWQU30zxL72T6uMIOvw+Drf8eFHT6fTCGsbWHbywx1kUbbV+qvzkH7hiLITcXUD1VtV8Syq/q3w0yA9gfgf88U6tJiJKrYMgNIm4LKCAbgm1sQ1qqeaFZYpoypZrNqA2BseuJFdpip6lyLi6x7dSXfSBioyzS2X07CPTBTyOlz4nmCEo7X8rkj5YH6PZJhGmBp1SQ08LalV1MgTWBcC4JsLXOIytI0kgewULGVBZdib6hddsSStPAdQiRQNUWm6gnx6gVTqQevyw09JMWIU6St1EsjszOlywAVLADf8sQ9sSUOo2hPE/KKgm2509Nj6YBMxqXy7iOeDhWsrTUS0ktRV0OVqcxpJM3eoI0VcVRJyowRfWQwIt2I8Ru9MZZU0uQXbSL/huQL7YD6KDNMy9rqafNpsmoJczrqbLaLKVpoZJ3ppGSWoqC41yOxDMw7Add9vTUMzhhlQVWZzUdKc3gpKbMJJEV4aOZp4xcbeJh17WDEepxGzaKhr6PMqetpZqmhSNzOiBgJDHspVlIPhOpjv2wPQZjmbZXX1GYSr7XkGf0+WVU6R6IZmjqIlFRoGwOlwWHn2GDk+yxIkJdNBUxqGsdYYb/X9+E/ijyhCBvPP0xM6XJPsv5cczUKrDDIQHWesaOXkRe0yI1pPETtpB6hh2OC9K/JqPl0dIthT1Yysw0EScqlmWI1HLcIQAAtyTbseuH56XJ4WfVFRQQU9LPNO8iKIlSZEpzqFx1VQp9AMD8WZcEiZFjljScEhaqajlSHmMX1SXJvc63Fz0DHffDWYDZjiSUqFWsCaakgc4kevyf7O6iqqRNltOtXFI4nFKlRE5cCJvDHTuqEsXQIQNybHcWxOy+m4by/XS5Zlpo5p0l58jUZIhNOyalqpCWa4LLYXPvgjrtcR5bQzKJqhaard/aG5i7oRUqokAW5ADBVuP6o7jHWpMvpYSYIRC0KSCJ4r60MsiyM2o3a5IBY79Poue0iIwN4KT5ZwfVytVy5U2vXK1QRlUMKxIk7UzS1Ch7BSwZb2J8JP4b4tqj+TtJXRT1tFGlXliRxwVhpQyxaITPHTwzW3bTuq+tsT1yzL5TBJJRU0qQyvJfkujGd5BMXZp3BbxeLuL/DD0+T0c9TV1bLE9RULy2aSJWvHo5JQ3vsV8J7+vYLnzjcSjfLOApYsyr63JqKEUjyS5i1XTtHLA5AkJlUHq1wRa977YcmybgiokzGqmyWmd8uWCGWaWnfkyAxRiLlhG0sukpY6emLRcnoFhFOaSHlCZZ2QhmjaVWDB2DkkkbWuT0HljooaClgniRYo6Z0DTxlLxskSAAuPJQB9MKDnYRDsMmC0WRcET1DRRcPqZY4mnlb2arakA5zwEBtdyLq1tu3liyzyjhmypqwKsZppo+VoDhZY5LJcCXf0HwxXT5/BFWTnLaGAQiCCJWqQ5LBZXmI5YbSASxsN+vriBXZrmeYaPbKguqHUkaqEjB89Kd/XBW2squoVDsBM/fdVtzTeiuSTtKw6tcekbawWupFgPMnBtk8GXZnkiUM4Wpg5L0tZSMWUamnM+olSDubWse2A47/w6/txIpaqropBNSTPFLYAlTsw8mU7EfLBO5t/HTSp3gCxvRa1dZXPYwmi4J4QopYK0ZeB7PIGRZJqhtwdS8tS/UGxGx6fSTmdBlWeSwy12X01S8AZYjMhZo1Y6it+tvjioi4nzDUDV09PU2t4vFE/lsRdf/Tgmy/MaWtp+fT+AKxjlR7a45P1SfXqMAK9rWtxlhtNha9Qt7s6aZ38pW1HDmS18dJFWZbSyxUcQgpFcMohiHSNNBGwx5ODuDiTqyWg6AHwMOnlZsXg63IJBtjsgK6ArbObKNtza9sUtRhPEp6ylyzLkoaakSClhWN1jgiULEoLlvD3uSTiDOZUS7AgA76XMe3e5Fzi+qaWOoiYMBzFDMlwOwuQ1x0xQqixCZ12BQAgsQLre9ixIxhetUGpXPiEbNDdk4alpHacpnqWraIps0jFAqTarKwDElSoNtvPBRy2PQdPO+KPK5OXVwya7oyPG6yTQnc2AKEC5Pz6YJzoBtf06YNdBXNuWB78SlfHFQDE7TBliAbrdj+eI2bf7lJsT95FbSCxvq8hiam6j4nEPNXMdFM46q0enyuWsL4O3f2Z8+UoU/fEGVrqZG5YirA7qzoWp2s6qbFgVv8AngT4yppZ5cnq5eYaAJNRlHDxmOoctKJFA23At/dwUwwyyMpl1HSSysrBGBPUMe48tsVfE9PWVWVqkayOabMaORdQUEq5MJNxttqH0xh7KpispHyhtVXUJZZFURvk+W/zjCGm5UsmjwLydmLG/QdziWc1yZHMD19Ik233bzRh99x3t+eMlzXNMzpDXZLBUSw0kUrCsjiaxlnCGJwzL+He1r2Nr4oBTmQqIlLF/d7WPrqwdTpHiZao2MylXqqtQqozib+kvKK2LEEggaXKkObgjb9mFipp2JMS2Nrq3JNyCSO4/wA8ZxwPxBV01VDkdczvT1DOtE0zanpp0Utyrt+FrGw8/jjSdflew9fPAa7ovaP4ZOR2jkcOM4nhKrtqNwbafccb39d8LEkfe57e6w/dhAbzOHVa3+WKevMdFCRQBp36AXB7/LDgZtvHv6xn9wwgtsCDvrT4dcSQ3rsP2YvW5DcnEhY4iFZv1x8lP8MUeZiszAz0tJJGs0sjUcMshsqQoLzONiTvft2xZZvmtFk9BUV1XMIkX7uI2DO8zbARp3I6/LGe0/2h5VDVQynLqs0tM8scbCaMyyLILcxkIAv3Ivbfrggts9XBpjIj6NRUyxO/aaRSU8VFBFDCLBUUFtKgyN0LsQL74kB29fyH7NsRMrzbLM4pI67L5hLA50teyyRSDrHKvZhtceuJxPofjhSgQ4O0gLFjqMbLHe+vpsL+fww3qFiSGsD4tLHw4eJ3X498M6mVmULcaje1tr9jc4hdlU8zhOMsQXVckAgk63O3ntiJMIbGxAJUuPGQCE3IIJxKLFdSoCQULJ6Hywwwd+W7KFKE6Tbduze9vY4p1zTK7ASWmDmUOc1RFNTUqGNpJKolyxLJy4ImmXZd/F0+WHcsj1ZPlaSsscj0qvII2A0NLd2UHy3Ix7Okhigo5FRdXtyXZrm4Mbi3wxHo8wjpcpzQ8tZZcnp5pFRthKgQyRXNvkf7PriAAvSCDnMIFT4GseclVtfkmUxxTV1XTUocWi1tqlkVRbwIoLG3nbCKTNclrwfYsxo6gqLsqyBXUdLlZLHGOTPm+e5hz6iVpq2rdEXXe3i6JGB0UdhbFhWcJ8Q0cgiEMcrFVfm08oaNgRuATbcd8HD0egqYd/a+koI9apui5m8lQWQEWFzew3tt0wC68nyriaOXOBmeVmGsrM4pYopUrcmnM4amasPLQzRFi3jB2B7gdTwzQDls24ckWFtR6dBgAzCbKMxzWtqc74py6BUjqMsXLsoqzTFqPnFzDW1DEuxbbWBYXBF97Y0iSgZZ52mU0/DeZ02Vct6OpqUq5ZYZvaPaJZqlZJJGluSb7dT0H0suHM3esymkJ8U9KvstRqIvqi91zY91scUD1GTT8LcRJk9JT09JR5qKCM0zCSCqWCWJvaEZRuGv3J+OB7LM1rcqqhNTsrKzKlRARqWZAblWF/eHY9sVqlTRV34mlsbD12wZV94McfgNpacW5pVVWc1dA+uOno+QkcaiyyNoD8yQjr12BOKDf/X+eLziWaiqqyirKQs8dXRJM8jgDmNrZbi3l0P9nFHinWOpiZsejoKdmgAwcb/OXnClVLT5tT02thBWrJDJGCdOtVMiNbpfYjp3xoksZES6VlLNKljEX1qAbkllBIGAfgmjhqMwrKqSxloYYxAp3C88sGc+u1h88aGW/CCNWwNsW6AIXeYr0hNM3nsDBA3+cr5I4pGiOh2cX1ExTykttazTC/8Arrh8c5jYRzC52vpUD43P7sOQsGjErhFGqRSS2wKMVPX4YanzBUR+QrO1iFOhnBbyCjc4szOR+NJPFqR9j+NlYH6HFPxRKlPlbxoAHrJkgI7mMXkf5bAfPEp6yYRRvNIsI0guzARKSRc3JOA3inO6Bny+KOsSp5KTMy0zcwK7sBZntYbDFm10Cqus7CVb1Kr2ziiCSdpUJu0xtvrCjf8AVHX4YYjqPaJXjhB0QuOZK3utt7qDz/8AnvbFaa6pqUnjhjKqZHaXl62YqTsCcSaOKqWJg0jwIXLKiKvMJ2BZiRtg4LrxagFMbTNHpotaLvXYB+AM8Sytj2GtYAv4tja2lr3+mFh1N73vt1Dd/lgmpBmdcERVxi+4Z5z1VbAohMRhgnlWUFtXLkIUL5dcD5eMdT9Q38MXHDVbBT5oEe7JUU8sPh66wRIttVvI4rX3tUWEu9LbRdIx84Z63iFRJKuiFCCjBg2pSLefUnoMKFbQrpSWWMuAJNABcxki1iVBF/nhquqsu9kkLSLq8IjSS6nWdg3ltvihjNNGp0OxF7nW1ybm1wTvjzPqPUjaYRFyxnqltbeNlmO0ta2uSRGjhVgrWDSPcNbyAGK7Vs21xY3AAJ+mPJzTqDPG12NgCbjfcXwiSN2BCwlka4YJIAfiCQP24x9xd1bp9VbmGKdJaS4SM6pVV1eWmawsrGncMo8gV2uN98XlPmTQoiSKZYwNKNqtIB8ehxUiLYa5J0ATSF5mmy2tY6TuMKjuVAO1iVX+yNlvbDaNzUt28Sk2DEaktQYYQwo5o54EkjuVYt12IINjiLnmn9HTl2ZUDRFyt76dXpvjuT7UMd/+ZL/ixzO1V8vlDXsJITsSOjX7Y9BNU1rDW3JX9IA0hK+n4wah5bIeW9TGoW7Kxa5Ui+9+2IeZD2uhniimnWJ4ovvDIsREolXSNTeEFvdNx3wuV2cCOGVY5AoCDUNIUHUuxPUHCagJT5fmQl/m5o1SMSMhaWdrKTf3QCbX7eduuMXbD21IhvAzMy4goqlc2qyigw1LRTalRkK6xobVHIdQYEHWPP44tYMqdI4IzlrVtHHpqJSI+WxS/iZKpH2Itfr6WOEVVbVJWxJLTqyrGdbyIwXUxDhF1d+53/F5YtcurK6tWOioqnTJEGaGAuYtV7HVGykXcdgbj0vjX3NaoMKBEpUaWpmB5M9HkNQuf0clPl5oqSjzGKoWSR2mlna3MDvK7H422t874Pyw8x18/wBt8DOWUOdjM6SauqaqZoTKXadFhkNMU0IJowx/FfT8Ce+Cg7X7374zPU6heoFJzgRj01Q4WdV4/wBZetvjhQkQW8Q+uEDe2/njgclnUdVN/lYHAsbRmI+HRlI1D5dcLWSwJ5rb7AavyGGkI8Jsd+g73PnjpaxK9+9he3yxKrRhAmT/AGg1VVUcQtSPJIYKaClSnV2JQ81Qxaw2vvb5YlZR9nlZmMBqKyrFGDoaGMIskkgdQdTgGyj0xO45yqWrqMvzCCGUlIxTyPHukgicyMjEC6so6HvfFg0/Gp9kOTzwRZY6xkyOsZ0gNZhNI/iB8h36Y19G4PgU1p7ZEalrnUx+GIvIcqquFs3joGn51DnFPO678swzUgDrKyk7hgSt/hgz1R2J1XJP6x+HngXioY6HiB6rMMxaprcwW1EsqMCIDtyVIJTw9bWGCTw9QBv6A4B37g1N99uY9qYXideWJNNze4ba/fbzOExlW1yHSA+mwuSPLrjrpEwUsqmxuLgWx5jEFW+gD4AD8sDGIzzEAHlEhYQbqACSb2Jtf03x7wAlri+4uW/IXw200ANgtzufCoGG358hty0jW2xNi+IiwPEeEzzI2bQPWUYgjKCf2ujkguw99ZQDsN+l8KmyRQ+YzQzrJHV0D0VTAyBAR4vvYyCTsCdrHC1p6aJo5OWjSowcSOAWDA9Qe2LmWenhhM0zRRRgB2kcqoRSLg3tfV5ADBGzw6FTIK9V6eFQ7THMmyiuyjP4Ofq5DxVEEDsqgSzCISiNgpNtje4J6Wv1sX00PEdTW1MeYVtBDBDCvs9LQiMMuojxnmC9u253+WKapqJczr81zDKswebKqeWSfL4JLBRUFbTtGreIKSGKdOp88VlJmGTVUdUtVXtDLJUCaaObmNd1UoDY73F7dcH3LVG9vfAGdoStdCoCvs53mpmPmMGI2IbrcG1u3fDLwcPRPKkyZMky8pplqUoVdTMTyzLrGxexIvucTaBmqqShqn0l54BK/L9253IAJPw64Bs54O4kr83ztUpKGpy3Os0oK6WumlK1dHDBcGEICDsCy9Dfbe+4OrvM2ZbZtl1Dl/D/ABElIxaLMM0XM30PEY45ppY7xw8rw6Rp2GAQLGLWUC17W7XwYnJKnIuDs4oJ+Ttmck8IhZnVYJKiPlqxbe9huP8ARDz16Yo3Xvzf+jP2Zvn+gk32qBsr9jkiJqIKwzUcoAskMoJljY+p3AxDAkdkjQAySOkcYJ2LuQoBPzx6xPTvjgaSKWnlTYxSCRWAvpdCGW4PrivseZoBTNNWFLvv9807JaTL8mpFghHOrJAjVk6goJZBe1r72XoBieJKmQiy6Bcm6gs5+F/4Yzj+UvEJVj7Ug6tZKeG2+4A1KTiLPnefVY01NdVPFpt4JDGnw0RaR+WLYroowJin9H7uvU8Ss4yx35/pNBzHOcjy1oRUmSaaZ2LJAVlaMA2LyANYb9uuKXN+LYWjMGTp43B11ckQVkHlCjX39e37AsXtdrDqSSdh6m/54K8h4VWvp4a/MmnSnlJNNTJeNpYwfflc7gHsB2+OGeK9TYS63SbLpyCtcHJH1Pyg1zKqrk0FqipmdvcUyTyMSf1bnE2o4YztKRa6rgNPBGwV4ywaoVHBs7Kt1AHQ3PfGnUdHQ0CGKjpoqdb7iJNJa36zHxH5nDkra1eNyAkoMBLEAfeeG2+JqFMU3DvvBHU+tet0mt7ddA8+/wDb6zKYYaeFQqKsa31bdST3JO5OHgoG3X44l5t7E+ZV3JjjjiWZ440QBVASylhbbcgn54iBkA6sQu1yCSbd8byiAUBAxPErl2NRgWzvO49vhOtf1XPwU/vxwttssg8/D/niU4lYEzpvfrh2kinkqqOKBmE7zx8pgbFdLXL/AAAuThNMI5amkik5oSWohicqhvpdwptbvgzpsoocunlqaNpVmdOTqqw7FI73KxsU29du3XAy7uUojSw3Ihrp1i9y2pTgCPZmy6oYigNy8kgYA38rX+uKx4kUq2kXAPLcAXT4Y4Y0NTIwZXCTWDiTmu2gW06gALd8PagNmB8rgY8W6lXNS5dhxn8p67bJppKpkZY0VbKOpJvbuTcnCws49y9j0IOHTa/h/Ib/ADGPL8cUfEMsYxIwVllaRi2p9Ia+6+HpscOSSVEZhWKNZFkIu66ho37gYeZC2/fphpeZHsQdJ8sKSr7xOIVZLq9hTUQTzZt1BA971xzPSoy2oLMFXXDqY3so1jc2x7I7/o+O/wDzZv8AFjudqHy6dSSAXh3HUWcG4xv0/wBuH/H9Jnm+0H5wLQ0zjnySU/JmYIjLGzSBwSuzkdPjiLUoklQ9NFZnWMSEghFiEjGIhklIVlYdQD69BvcaWZGTUjXBBDjTc9r6cQY4tVY3M0yCnjRGGyoBpEWpVdbi17XxmemgNWENod8xiXJqeWk9kq1UojssUjyFXhJC3MTe6dyFUG3XY7WwFZlw5nlBOxpVlnAJflx+KpVV3LKq++q/iZeh6gY06KWnkjshikDBJDpKeO8SRERljbb8R9NgdVsJZ1ChowjohimiAPLXQHAE0Z3IROtupt0IOnGtGF3jKmam0H+FqTMaUI2apUwy1y8yFaoMGbSdK6uYdW9th/HBgWU913364D4KbNaBMzpKisarijhqM4yuUkRtzI5FkqY12LgEeIG4G1x1wVUk61NLT1IIKyxLJdem+22Mx1a30OKg7xhzjftHQy77p5dRhOuNJkuyXdWAGpbn88OW21G1vSx/PDMiDwswUMCDqO9r9gMASYi4JijJGildcZbWLAOpt3FwDfHBICzIpXWSB712JP7sNPyj/RgbMuy9e2oYkUEKzTISAbKT7gvsNIBY/HyxLbUzWrLTHcxtUrTpl/KVXFdXJHQjLaUyPVywR1CwU+zx06SBTI3kCbjfrv5YCFrJpFjphVcmRJAdMw1QhrnxNGx0k/H/AONmNJTuxMkMbuF0CQgBwl9WjV1tfe2ALiHgOtqaietymeMGQ6mp5Us2rvoe+kfTG+rWjM6hR7IGBKlje06FIh855MgcOZRLHmIq6qdZJ6TWVRJmmVeYhRdbElQ3pq6Dt3NW8SkA21Wsb23wNcKUFTQ0lVS1cPLlWYlo3Fzq7sfjgk0R3voQf3QP2YynVabpXKue20nW4W49sbSNIzeJQQCBYne37cKWnkk5Zc6bb+d8LFFSay/IhL69d9C7N5j1wu0XMKaFsEve1t8Big7yyXAGBFCNEtZdx1J64VpJDEAn1FzbCNEa2sqjvYdcRpVikkMcgCooHcjci99sKSF4kYBbmSBGzMiWPicD5XucWFVRQ1aQRyRQyokqsyVCrIlrW3U9/LFbSrHFNTMwW3NCRsSbklbXtggXYDBjpiK6sTB95kOBGYqKkhjVIaeCFVFkWCKONVHXYKAMDnEGQVmYCAQRZdMEcsRUQhZASDc6wLnF5mGcZXlap7ZPpll2hp41aSpmPlHEl2/LEYZzEVDS0VdSgmyGujROYLX2COTf44LXGhQDneVdRG85lmYZYKHL9LMBySQHOpluxJDGwFwbjoP4Z/xVRS5ZmMmdxZ7m60ebZoz1lPk0hgqIIFhCoyI8oDNcWva3zwY5ZSxS5bl5anMTJE0YUurFlQ2WQlex6gdRgBrqfhd+I+Ml4snq6ZoQDku84U0YRhGYAnVvcsDsbnuMaRY2XOXB6T7PZqeqWVKyaraqMMwKzhJasMpcHuRv88DV3PZV+O5+gwQ5TSVk3AzVVas3OCSSUrTFg8lKkwMTsG3ta+k9xbzwPkHfA+6wXm/9GWItmx/MfyE5Zu7n5BRjoA/WYj445j2KhE1QfHvCeFhrF/xdzfawxxrs0KprLvIEVIgWdzb3VUA7/LCoopJ3hhitzaiaOBCv60jBAR69/ljVIcpyfLTlxpqWBJYSITOka84qsbblwL7nrviWlS1wN1PqyWCqCuotnAg7kXC8cLxVucoXddLw0TMDHGRYhqi2xPkO3qehiJoFLaYt2ADXe4I+BwwWMhsmoDuSAcLWkjPV2Bt33+mCCqqDAnnt5e1r1/Eqn+n3RLVCRmyQqFBuAuoW9bjClqaYkuYo9QBJ5gJvpubkY4YEXa5b1wzVNFS0lbUkgcmnmYau7lSqD6kYkXBYCUHOlS3lM8ZuYzuQLyMzt8Sb44cJBIsBa3Q3NrfDHgX3vp9Nj+e+Nup2xPLn3OZ0lvMYSWYHb8hjxMv6qkehIP548pB2sVPk2x+WGkxwXaKildJaeQA3SaFwQbHwuDjURXG7B4WG53Dah1xlrXCse4Fx8RuMapSgTRU8vaaKGT5OobAPqoPsk/GajoDL7a/KU1SKVjUSRwBNdY66lNg2mJL7fHDKxry5X3+75YAJ94sTiVVAmnpZO0tTWy/JpLD8gMQXmCRSIEd2ZgyqoFiVBtqY48k6qq+usoGBj64npFoSaAP+cxDSopPgGnzHXCfaKe4uri/e2w9ThmIFY15urmSHXIXNyZCPEBbthz7sjdT0I/dfFAUk8payYtKqnZUYEjWbKCPM7YWs8DhbMPFfSDbxW3OnEdadJIQjXFrDpY3B8/LCJItLRHSAsbFgFHXbTYYZ4VNjgcziWG8L8msaGOwsOZL1/tY7nBAoZSQxGuLZRc+8MN5E2rLoze95Zv8AFj2fGcZZPyTZzJANQtdVLjUQT6Y9CpjHTQP/AB/SZ597g/ODnPo0BLyshALG632Bvgdmkasr3pZXmFJFG9XVR6giz811WOEMv4BY6vFZu+97XEs0yK0VpWLkokhUEgEdehv3GKGjjipq2eGsTwCB44y5VmR9bTaVY32a5Frdd/iA6QV1GHKagQiiFNAmmKOCKMK1kjamVGCVFKVNgp3+eIlZWSJIFsPE0tRUm8TCTltraQEeHUqki5Gw7Xwpvb28EU/IiV5UVHSV3YCsgQu5Kgb26ADriurKkRIKmtIWSnlDssZD895iQI6dpYwbsuxBJtjQk+UmVQNyJb8wI0TkK5SUs6AFhLZTC+m+5LKdz0F8e4PLNkcMJYcyiq66hcFgSDDKbAkbdCMUFJmFRItWtVGIlMFOYELRyS6CrIplIYuTsLrsBuTgr4bijWjq3Vlf2jMaqdyAf5zTGjC5Fj0v88DeogNRw3nK1yuBqEsDHGbXC2Fr2INz52Bx3ljSbaASpN9unn54k8tR1VR2tpGOCKxY6AWItv0AHbGa8ISmHlcI5YmBJLCxC7g2F72xOypXWplZ1I1JsSLXue2FrGrdQt/UW/LCp9ccE7LYaUDRkG1mQg2wS6ZbgXKN8f0kNzWzSIloGCqSxACaixJsABvck4Z9uoNegVEZb+rqZPhrUafzxV00K5vI1TX6pIKeTl01I1+QCoF5pkv4mvcC/Ty3vi31IiKihVQ+FFAAWw62A2sMb4wMGlI9M6STzu+qR55mdt99cjMii/YLYfLHGdVUsdR3UWUb7+eG66uWFqlJWWGGnKglz45p5gHWOJOpIBG/a+OLkcOlTewJLoI9ai7Ajck3/wBX74ynXrdn0ug8xL9gye0jmPg3uF3I36Hp074ZmEiyKwFiylbsDYeuFRZPSxLptuzFmbXIWN/icLfL6YpyhzNjqFne9+nW+Mu1F8bwqDTDbGNPCmgudWoLfXve/nhvlSM3MMgBYC999z2x5Mjo0bmtLKxvch5pD6WOonCzAlnZGJZL6dDOxU+tzbENSkVO4kmpR7rfSJWIxya3dmkWzrc+7Y36YVm+c11PUUtBQJDzqyNI46iW7LT1ErWUsnew/O2Ia0ahWYNVGW7sHkklBB/Edze35Y7ngy6BqSuqAzLGIS7I5Vo5RZ0k8rNbb4Yv2blA2n4ShfLgg5zLXK8hocseWrZpKzM5heorqxtczE9Ql9lX0GHKmKeoksioVT8Umyk/1e+JkM8VVTU9ShvFPEkqHoSHFxhMg0qGlk5aXCqq22JBO5bBmsuoCD8E8StypUXLstOlhrhMhEgCszOSxYhQF3vcWFrYzzMJ+dxJxOKji6hy9KfMuXTRZhQGtZBHcFIhMhRUU3GzWPW3no2S0zrlmVC8e8GomJgysSTdgR4d+th06dsAXE/DfEtbm1bNDw9QrksdY9dPKtVTUsleEUlpqmpkkMqjc7Cw6m198alBuYplvw57XXcHZqZK16+Woqc0SGeQPqkFwqgLJuBsSB2vbAWOZYX0tsLg7EfTGgcF1M1Tw/STGno4EStq4Y4aJVSnVI5LDSVYgk3NzqN+t98CGc0hoc0zKntZBO0kVunKl+8Wx+eKd0N8zYejVXd6JPxleCCCRfbqDjuPbDrt5+pvbHT0O3Y4pZm0KZ7ybkBRM2yRnkEarUodRQv4mUqFCqCd7/LGpyQVBKsCrKWAOjqB88ZDTTT00lLUQNpmgKyRtYGzAW3B7dQfjg/pOLsrMVPLNUPFK6nn0qU8sxV+55i+Gw6jf9mLdBxggzHekNnVqOlRFyAMbQgBMY0qh9T3PqRhPO374dNQJLPy5VhW12kRQJQ1gvLF9X5Y7KoVJG8HhXq+y38icWZj8EbRKlHtZl37Hyw1U0tPUwywTWaGZdDqCbkXB2I7jD/KRGjF0UuWvpPQqLm2EEiNm1qSnMCB1F9m9247jzxwyNxGkBhhuIAZtQR5ZWezJI0iGKOZS4AZQ9/CbdemK+6+eLLPJudm+Zk3skwhS/ZI1CgDFaf6ux9cbSgT4SkntPNbtF8dggwAZ7HCAR0uPjvjt97d8dFsScyHiNqxsyNcsF62tsb2+mNKyqaWbKcsaMFR7FGg1Ag6lXTff8sZs2zJYnxBlsBt0vvjQcrqCmTULa11rQKwBbw+FSR+zAnqn7sfOaDoQHjMR5frH6mnYUECdWpkQn6WfFT4T6+uCLUZ1sqsVkTcAfrC5F8Dh8LMvZWZQfMA7HHlnpBb6aq1h3H+fSej9OqZQp5Rt1jJQ9ShJX0JBU49pucKYjoLXvjgYjYjGfBOITxOi4Iv09OuFEL3IGOFxbsMc2G7dPTfDCpO8WE2T29hjtv95L/iwnPJFiy6d2sLPDYsdK3L92x3JSDQxkf8yX/Fj2diQ5dMIxeRniCi9t9WPRaf+2D/AIfpM2/2g/OCdHPR1bmCWopjPHKY0AlBub3BFje2BXMWinzXMRFd6d52jjSKMPqWEcslQp1HcEkXwWx0zMqNUENIFcs0ShXWwYgpo69u+M7gdhzlDKp58hDOxUMGNrkgabg3uR5dScBel01ZmYdoZQgNtCuiZqTmIq18rKyTTwSMCtPGJE1q7yusEZAYEeInYHEKtrIwwp1qaKvUOkkFpIpZqSpSZYV55W8bAdVst/pvCoFnq5EMlb7RctI0cwaSGnEsfIV51lYoNRFgzXI2Nh1xYz5dGJjXQMrUwgUFFRoWVvaEsVSmIGkWZTt+HbY4PkYEnVtR24jEiqsStJIvNliZnYsLeF6gvfmIqdf/AI8ivhuVF9rpmYiV1jrAshsdLeE6dR1W93ew64CcynMk8kYaTVGssa2MockzygFdbau/pi64dq0oJGzDMWKxLBVR1Uzh5SIhpkU6IwfI9STt0xUr09dMiJXOpCPKH1idwRYbj5Y8rhyFXSR1vqFrfLAzUcd8DRAhK55zaxFNRysDfteRUGKk/aTw/TALTZZXy2uLn2enUi/YDUcB1sK7MAqnECGomIf3sd0IO+m1rfHDFVMBR1zMBaOFpDuDdVIv+V7YGcj464fzyrioJqeSgq5WtSiodJIZnP4VkUCzHtcb9L32xe5hRK1PmUcSorSUs6BwNIRtB8RPp3xYWjUtqyFhjcRjFXQiNcO1C82tpuakiusdVEB74RxYk+nTBE8Ye+5GqwYjYhL9B8emM4yLMPY6yilqJeRFFHNS18cwJ5D21HSQNRW42+I7YNIc7pqi5plLj8JkYR3v5AXNv9Wxra9VKHvnmD7ek9UeyOIGZ1R1GYcYVUKMSsTUkgjjLHlpyY7yTN0UeWD6mMc8Cstyql4xta+g6bj0wEZwUqaieerz7MMlnlCs2X02upS0Q5auORFvqAvbV3xZ5NmMWV0TR5vWNHd9UL5haGvmSRiFZqKIsyr0tc37m2ILtBVo6hvGUtSVSG2hM0Q1KdPTDbLc9LAnfzOKqTiXh5YzqqZSAVsEilFzbbSWttiul42yeK4jp6uU3IF2RFt6kknGfa0duFxCAqqBzCAwlmIYeEdAenxPfCjDF0UEXFn0jTt264H8v4vyauqYqecPRyyskURaXXC7ubBC6gWbyvgk5a76dYPQnUb7YpVLU0jhxvJlqh+DIklMmhVUXZz1Pn2w3XUrzRloxoqKQ6IWUrqaOwYDxgrv0AIt54mqjCRCSdK3Jub38gcelBBL2uttMq77oe/yxHSpAAt90huHzgGU9NNmFNFT08srMwZyeXTctgCxZpJ5JyVXT5KDv0NukWvzSneNGpzUVg5hHNhhDQkWPug7n427YXntJXNTVEi3qk5AWLVUaQ0WoOYpoXGhgehIIJ269CPZVPTGN3pwI1YnXAvhETjYjT0v54k1ELgy5YWdO5zqbjtDbKZ+XQZbG6p4YLfdm41AkNud73vf5/MerOFOJJJ+Ja6LiLMY4q+aoqoMuoY/51ShVYHNS4QEiy9Ld/hbUkPstLQQKT9xEFB0svbVsrAEDfYWFsZ3m6VdDxBndFV1Io4c/rfb5a5a9Y9WUITMtKkYBZHc2W529NNydmsGYhtwhlea5VwzHR5jTNT1SV9VIImeNyIpXBBJiJXz74h8XUERpIMxCn2iGWKmdgTYxPrIuPMG1vjix4OizaDIqSkzPnCX2idqVJ50qGjoiwaFTNGSrC26ny+FhL4mp0fIs26/dxRzD+0kqG+K9YZBhHplU0rlGB74/GZW4urbdgfpvhZ1XIsbW3O1scc2AH6zhR9d8dKqxBIv8b74FZnrQXESBYKuoXA9D0x4rvfxHwkadrE/DHo1UKLADqDt5HCiLqw8wRhYmnuYQ8PcRvl80dLXc2SiUho5GZ5WpbLpVUjJtbv6YOkzClzGMtRTUkyEEcxW1PCWvu0R8QOMiRQEQW/CPjfEimqKqimSppZWimQ3DJ0I7hl6EHuMT07gjYzM9Q9H6dxmrS9lj+BmsFAxBZR4Ra9tzbbcjDqKT4DcEG9j0tfywCUPGWZpURfpAQSUjMFlMUKxPED/AEgZTvbyt2wdhizI4INrFCO4Njt8cXadQPxMVfdPrWJC1hzxiAGeBVzfNQO1Sf8AAuK62Jmby68zzaRjYGsn3O1gGKj9mIQN72JPfb92NpR2pqPgJ5Tc71nPxP5yRBSSVCV8iEaaSm9pcfrDmKukfU/TDFsEvC8AeDNGdRpqWWkII/CI2J/NhgalHIaVJPCYWaNvPUpK2xHTr6qrJ5SatamnQp1f5sxHWRR5KW+uwwX5Y0cmSwSVDVbRrFNC26lUCyFbqBvbpgRi1eJ3FmkN7HsvYYNMniDcNSE28XtpBPkJb4q9SH/SB+MIdEYi4I+EnLIYI0jtmCry95I1PZfe2NsVCykIqqGlYD8RUOfUki2CGojCU833hQcprnc9rdPXA97gta3Q/HHmPXmDFEnpHTxgMY7ZSNgQbbkm5H0xzT09OuErLHvc29P4YSZHPuiw7HucZYK2cQoSIptyFsdI/PC0QKLk7D9boMcRT1bqf3462k7Wvb474axzsI6EuTEGhjI6cyX/ABY9nen9HzajpXXDqOrSANY6nHMl3oI//uTf4sI4gMX6LqOaSE1wgkX2u48sejUx/wBtGf5f0mbc/wCoJ+MF0nWCOWOdl0KsimRGWSPlsDctpNx16YzeomijaTS8mkkhipJLhBZVL23BBIU22Hlgi4grUV46GmYAOglqWTYtv4UP7cR6OLhunoxWZkRXVMhdYMuiZkCW21TuMBumK1JdXnNrb9KVrbxqmSW4AlSubLq00gii5/3k0YQ6FlKhGdlJu3RSLm23TfcjDiuy1pRJM9REDJIpYkFg/MbSikLYm5tbAHUqYpjLGoQGQuqKSVQEk6ATvbBHkOYorqr2Mcp0sD032OCVzq0h0O0rCkaTmlU2j+XJlsUs9fXVUXtE7SCOOOB5DBFKxDXvZNRDX7204tpcwyeVbTTu6OHWSNBIxCPcuBfSg957bdx5YhwT5ZlVdVx12WpXQMv3Ku4QhGOoMGIPwxFzKXJpZ0bKqWpp4Sl5Y6mUSfeE9E7gD44b47aQ4I+UP0ej29VxT0sVI97bH9YH1lDPRO+qzQa2EUq9HS5CsV6gkYhGTBZPGKmF4WF20kpfqbC5W/XfA/mWXmhmp9JJp6qnjqqZju3Lce61u4NwcE7W6FUaW5mL9IOkr0ysoQ5VvP4SPTc41NGIdXONTTiIA78zmDTv169MfRVa9StJnRia04oq4xOwACzcpwhGra19sYdwdRpW8R5SjxmSOnM1ZItrgmCMuhP97Tg/4gzVfa6fJ4WkAi0VeYOTuWIDRU6/1ejN8h2xDWt3vb6jbUuefugF6i0Ld6z8CCNRmudQ08NPXUarJHEiF2jiklXSvX3uvxP+V/kee0FUl0jeGqTTzQzbPawDFL238xhOYZREcrXMZpdBqCPZ4WW8so/FIzH+GAaST2OohlpWljmjvrJI0k37W3sR1xour9GSpRARskfn3g/ovWNLkMux5E2dqj22nkjiq2panllY5oCjPESNipIP5b+oxnMtLxBRzVoqqKtkvLV3mjRpEmMpBZxMTvq9d/phzK+IY3YayKee4FmuYX9FY9PQHBxl+aU1QVSpiiDKPcnUMj3HbGSt61SxqCncL7J/zImmvLNLymatmQW/zbzmcn9LvvJS1LP4rIoChVVRuxJtiuq56mAqKhWRmFwgGkFe3T+ONAzKEU2YqNKR0NTJaCZNUkUSOdOmQruLXF9sD+a5aKuOaicBKyllZIj/AF720X8m7f54272lu9DxqD52zMLSuq6V/BuKemC3tVkadnA0KTCgPiaTsQP1V63x9GRurRQTBbGSGKVhvYl1DY+aqiIQiRGXTIoZSPLbvfr54+iIUqRTUimbSEp4Vc7gKFjXUSSegxieruAiFRkmaehTwxVtpJeUpLBewVnCW7bjzw5JMkUkep0CyHR4mXwt2Jue/TAjWZsk8ccSyS2rZHenV/f9mjYqJnHbWQSo8gMMQUUU0kZKAgsF1Pew37k4ztS5e2Y03G8DXvVKdF9KDVmXubVDUcbpEsk0E2zR0xjlngJ/HFG+xXzF/hjMpZ5KSoqZUqoWSdyRZHp5Rv0kilGxHoTjSaul4foaaQzToZzGTGq7+K22wxn+ZtQVRQOoJQ7G3p0xap1GV9NRefI5/GPo9Xq2tYHHPkc/jNDyg1EuXZfJMI9TI+nlksGjBIUuWPvH8W+ASvjyzL+I+MG4iySrzAZjabKJYoTPqhZWVI0P4TbSL9Rp7X8Wh5ZTSxZflsZkjkMdOq82N2dJB1BVmFyPl8vLM+Koqulz3PXp5czpFqcwikqcyFZJ7DSEr1eGgVpB5LqN9unfGxTmEzC/gWHMKDJcsgrUZH51TIkTMpkhhdiyJIAbgjckHcX6C1sFtbTxZjRV1GGI9qp3hBIPhYjwk/PA3wfQZfQZJH7NmcOaRmsqJ5aqmBChpNJdSJG13He/x74voZ3qYowAFidSzm+5BPuRt/iPywjAEkTkdkYMvaZA6SLPIso0tTvJCy9fvVOhyD5X2GO3wQ8X0Qps3MsahYq6FKhQosvMUaHA+n54HsCHXS2DPXrK59Zt1qr3H1nqeOaaUQQxtJNLMUijT3mZhqsL/P6YdnhqKaXk1MMsEv6kyFCfhfY/I4k5ArNn2Uop0saqN7jyEb3xqE9BT1ainrIoZ4WIFpUB3v1U9QfniSnR1jMD3/WWsKy0yuQRn6/2mPqwCoWIAI239ML7Y03KchyGkhWaGiQyyqyu9QTMwAYrpBkJsMA+fZa+XZnWJFTSpQs4kpnVWaLQ4uRr9DcHHVKDIMyax65RvKhpcYGxMqfMHpb5fPGj8M1clTk9CXN3p2kpWLdSIWsv5WxnIMbFNcnLi1DmyhdZjS/icLcXsN7Y1XLaCjoqGlgoiTTCISRuTdpeZ4zIx82vfEltkMTB/pK6eCtPuTmA+bK6Zhmceklva5rk2tZm1X3+OIVxqKkFVVQb9r/HF1xGAmb1Y6nl05a363KF7/liklOqOUdyp3t/njf0Dmkp+Anz1cjTcOvxMNeHSkWVUpUM09RJPUKi21AM5CtIegFgOuBvOoOVm+YatJLS85At9CCRQ/hv8dz+zBzlFJDRUFHTh4Top4VblqF8YW7FiWJJOBjiyHRmVNKAdM1JHYgggmNmQ9PS2AlnULXLfHM0vUaWixTHbEH7evfb0wcZPG7cORWYBfZ6tttzcs/XARguySqjGQVS6X105qoSwNls1mBt574u9SU+ED2zBvQ3X1gjuQYQ1cUa0lQWYluWCC2/cdsUDKptcA9bYsK7MDHEI493mDAlgLhdr7HFSsp2DfLzx5L18a6409hieodPyKZJ7mdeNQGYX1KCRptcnt1x2GCVYUd5Q95GQkpZtlB2PT06Y4Q8hsb2HWxw80EghhYtdHMojW5upUgEjtgIhIVg2+0vNtiMyBtVNudKylm8ydJAvhDMyEapVOvUF1qoQEC9yQRhbc1dtLED8Q7/ABw01nGlgCD1DDbDaYEceYTcOhv0XCze88tQ52tu0hPQY5xJIYcpqpAL6ZKe49DKoOHcjBGXxerzEf8AVbDPEzFcoqT4L8ynA5jaVuZANzj0VP8Abv8A1/SZ1vtH3zGs1lebNKqdV+7l0GMA32C2wzqvYd9tvXFvmAiMqmYxx6gBFIo0xsVAup8j5b9sQxGo3V4z6gqfzwGWp7A27T1jpNyjUQqHOO0rZ6aSYbLsAdzsMRaTXEykbAOFb0v0OLuolhij8TBm7ICNz8sU8NREssiyA6ZOpXopJ8sXaLM6EYyJS6otuKoaoQCZfSVNPXpSw1PMimhBRJowhJU/hdWI28t8R6mKGmk5aVDSkBdayR8t1ZhcWAYg/G+IMjlCTcNb3SCLMvbC4BHKzvplNQxjVbFeXpU76g3iv5WOI/D2yZWsr2tSrCmDsI68vLCvsNLIRfboe+O8YRR09PwxCUCTexySuPxKjaAgPpscN1KlaymSVggMiORqUssaeJnIGKnPszObZlPUDVylCwU4Y3IjQWBPx64mtKBasjjgZP0wJn/TC9W6u6VFf4Nz94xCb7NaKefM82qokuKekiprltKg1Eobc/BDhnNpZ4+Is55igze2SxlRci3QBfTpgh4FhqKPh6WZI7PmdXJPqt4jDEBCgsR5hj88U/FEEq5xBVBRCtcIyskpZY1qIwEcM1u+zfP6XemdTp2/WCw7DEzNxbPWsjTUZ7zlXV5hOsCVDuwhjEcIbosY7C22B+qpZJXuqszE7aQTgt0SrYXjYkAkqVdTt1X/AOcNVBCKWd9CgEtdQvTsBjaV+rJWp6NMx1C3ei+0E46aWKbkGxeSItoBuSRvbFlleYVdLUUsOs8l50iZXGoLqJHh7jEI1cX6RiqChWNTp0DdtNiLk+eLxIIJWjqYRGXuJI3t+IdAR0wHqVEqUWpMuc5hym1W1qrV3HG8nS1tUsrB5NUb6kIN9Gg7HYefwwNVFXUIZDI789ZR4yzXIQ+E/sti5dqllZJY2ZjzwWj0KAGF1263BxUV8NQjwVFUhEQCeI6Rz3X8CL1P9bAjpXi2fiK42Ihvq9S2v/DNI5b9IqWlhzPiTKaVNkra2FZf/t83W1x52BxtVbMPY8wsL/7JVFRY7/dtsLYxXhYtV8V5EWO4nllO/XlQSPtbzP7cbSFA6kkHsSSCO4PxwA6pXNCrTHYb/X+0sVytw1Qrtn+mJndTUH9LTlozF9zTmOO5ssbIGAUntvi5fMZFpIIAunSzNqF7m+4+mBriKnqctzOSOViYgymklZvep3JCL57WsfUeuLCGqqHp4hPEVktpIcWuttm/0cQ9Ytx43jJurb/jvPP6lixP0MZrq2WUNqJv533wO1E0l7rfqQT1xezquoryhcjYg3v64p8waOn0B7B2IOkdlsdzhLJRsqiXLW18PczZ8nVBlmUpGoVVpggCkMAVJViCCepuevfGW5wckXiXiVq7hqpzNqjO46CCSLM5KVTPJGGWLQg3Ld97D9unnnx6URigFwFWwAFgOg2xndTR5zmfEHGI4foctX2W9JmkmYappa6ZldnCc24W+lradPTrvtsE2M0JhNwBHCeFiqxGFZs0zG8PMLmMawmgO25sABfBTHAI1sC7e6SXYsbKLC3aw+GA3glqKTKsvqKKl9liWepSaBZHmRJ1NnKtKSbHYjc+XbBl7REw0O8sdje8bKrH42B2wjbmNg5xpSvLltPUgXNHUC522inAQ/QhfrjP7g41+soaSvoa6lMkz+007xKZJHNnIujW27gH5Yx9oVRmR0s6MyOrX2dTZgb4H3K4bPnPQPRq5127Uf5T9D/ePUNU1BmVBWgavZ3WVlHdAdLAetibY2OCVaiOGeMhoZUSaNh1KMAwIxiahA5KqAU2IA63Fxa+Nb4fKxZDklpA6iihBcG/itcqD6XthbYkkiVvSiiulKo94bfdzJcdRSxrNGvOblzzqCkUrAXcm1wttsMtMGvpgqrG/wDRaR9GbCyzs0oTUA7tIR31N1th6OF7XZbH+tufpi4T5zEj2ZTy5NkdTNz6jKY2l2OoiJdTDcF1V7HFzEZiqj2awXYESRhdItYWW+HViQC5Fz13tjrSKgbTbXpbQB+tY6b45QMyWpWqOPbJOJnWfipXOcyEsYVnlR1GsHwMihbG3pisSOeaSKGKNTJNIkUY1dWdgPLC5pp6iSSaokaSaQ3kdzdiemJWVFxmmUlBdva4/oQQx+mNmF8OhjyE8xZvGuiR3P5mHskC7AQRqwAB0ykXI8/Bgf4oik9koJVpwBFUSROeYDbmoCOqj9U/XBJvq3Nvh3xWcQX/AEPXFrHSacqbWIPNUX2xlbRytdT8ZvOoU9dq6/CAJeQf0TfJlOC7KQ0eRRwiKYvVtzWdU1RDmyrsXB7CwO2BUWOCrhV3nhzKkdmMcT008YBtp1MWYfAkYPdTQmgTniZLolVVudJG5EuMyhVoVZIdUkcl/AL3Uje2KXlo3iK2G5sevyIwTuruwsSnnp9eoviprqIwrzY1OgHxgHYDzF8eY9XsHYm4p/fPT7OuFHhv90hI4FgRby+GH2mBijjNvA7st++sDbEXUBuR/DHhqfe9gO2MnoIzjgwq2+I+G77fDHuU0pVVF3dtCg/rHoMMBmU+npiXSlhUUukMx5kZsOpF7m2GU6Q8RV4BMVmOkkQmo4RT08UIAGhbbdL9zir4qVWyWrBtbmU3XcfzgxdJYqD8cU3FP/ktXb/mU/8A+QY9RrqEtmUdh+kzFMk1AT5zLK+Cm9lrBpVmKExgjZXFtwPhfAqbQjWwmRNZUMlmXUADazfxwU1pAgnY3uAFXVuAzG1wBufhiDX5dSyUFPUxrWxmGlp43aaBFhkmkZ2OlrhtNuh07/LAfp4cpuCRHXty1Kvs2D8NpStU0TBmZ6phGutgqxx7XC7Xv5jHPa8tDLCMuqeaxVQDKeaWPQBSOpuO2IMngSZb3DeC9j01A9P8sTaHOpYJYmqYFq3jRIad2IWaJPd0q4FzcdL4LNRGklRn4ZxIt6xBqMT9ZZzZTPBDLUliiRxa5FDqzIpsCvSxO+++Ks1NPqbxVBGwW2lSwHmbnBJmVTG2WVipzA8nJS5IChS4JB/LETKsmoZklnqBVS6IOYDBC7RRuW2Mx0na354HW9Qmkz1Rwe0ku67WmArmVTSSGGZ44Fii5M2pyS8shK2AZ2HTFL0BX8RFh5tfawwbZlTUsWW5gYXSWEQlXLHQ8MhIZNiB16dMCdLVV0MsQo5mSXmAxCPQzcw/LBCzq60Y4x89pToOaw1ec2WkeCOhpI44jTxwUlMohs94gYx4Nr3PW/54oeLXgfKDzDpcVkKwK6kl3CsXCk+nf0tiZTxZxMkTzSSoxCliTY6iLk79sVnEtFUTUNP4zL7JOZnLuAVR1CeEHqSbYxdqoF4GY9zNVRGkqBA0zKiR2VogNtUP4/VgThRqFlWzVE7WKKEVBqJc2ABJxYVWUSNRpUpBWARxwKS1PIItZ1avG35bYq6WGMVFpdQKuGjFjdnQ3Fj+eNglZWU4PEkumpo2UCN+Bli+V08Qsx1P3IlN1PcEabfniMUnplkkjqCqR6S3Q2DHSLAH92Jwkbu1+l7i5xytkgOXzxqt5pHhA8O+kNc4p0q9QOBnmJUrCoul0B+krBWS6riqkBHdVa5PwOGqmoMschbmu4UDmTvqYamAsq9BhtoHBQ7eIBrb3AxJgoZaiOpAC6RGGLEgBSrr1vgo1RRgsZXWkVRhSQKcdpZcCLq4koXsfuqarkvcDTePl6jftvjYdXjjQSXaRS6AMviA8sZxwsMuysScuIS5hMLNOFVikZtZIhfYeeDaCerlGolgdIVCY1unwtjG9Zqitc5XgD+srUKXhp7UGftBQNFksqsHlD1tKy3BDREI/buCMAseY19MixJVyrGNuXMWKD4XvjQOLo6iRct5hD0+mdb6AHSoJV9RKjoQLYGqvJaafLKmtE9LG8Whgkk8ccjgbEJH1b8sbLpFqtbpqM5BxnYzO3tbTclCNjINPW5/VloqKNqiRQC3JBkZFJsC1gbDCZclz+Zi9VBVBz2KEi/fcnHuG62TK6yusARPScq246SKwbb54VneZ5lVctIxMAHEhaAEqdiNOxvt+/FNtVG68KkgA8+8u07ZDT15m/SU5YhgpHW/TGcZtw/m1TneeVlNlfEdCtY701TNktbQGLMqcbc10nlRlLeW47+erVMcwWCgTswU4ay2qo8joqQ5S2XGGWUezSVCVEpGsnnyyr4SzdTYAdgABYWhopyQeV+YxcY9jtAiSsSCpT+jJ/vDANn3DWdSZrVz0FC01PVFajwPEuiVx94tmPnv88aZjmI3oK43l+xv6tjU10/LG8x/+S3FV/8AyqXt/Swdv72JNPknHlIrJS09bAjG7LDVxohPnYPjV8exGLRBxmFqnpHcVBh0Uj4j+8BMpl4/opY0rsumrKRms/Mkp/aI1P4kkDC9vI3wZWmtsh6bXI/PEnHsSrSCjkwLdXIuG1hAvykHl1bE3Flv0Fv449ypVDMFJIVio2uWsbDrifjmHBBKh32mXjh3iS3/AJbJ/wB2Hr/1YssjyTOafNKWeroWjhiSdtbSRMA7JpXZTfB9j2CbX9VlKHiA6fRbem4qAnIleaebsh+oxWZjl9ZNl+cRR08jzVBJgQTA9GBW4ZgoA8sEmOYHIoQhh2hp11oUPcTLxw5xJtfL39TzIf2asEXDOVZnRyZl7ZTtCJUpxGS6HWyFyfcPrgux7BCre1KqFG4MEUOkUqFUVVJyJE5Dr0UEHqL/AJ4r5aauljrhonIdI1jWWRN2DFmKhTa3S2LvHcCalBKilD32htWKkMIHnKczY/7swFz+NLftwpspzTlwaYvF94JACl7avDc38sFuO4Dr0GgoxqP0l039QnJAgccrzcK2mnOqx0kulr+oviTl9JnMEweajH3eu2mRSsikWsBe4PxwT47haXQ6FNw4JyN4j3ruMECNRghFBFj1IJBsT2uMQM7o5swy+opYdPMdoiNXSyMGOLTHMGqlMVEKHuMSkDg5Ey+v4Tz6SLlpRczxKTy5ol6erHECbhXixoWjTLqkghbg1NNpYr0Ju/btjYMe2w6xHqVM0qe4+Mr3NFblxUfmfP8ALwLx6XJTJpADc39rpR17Gz4SnAXHqkE5P9aqlP8A/vH0Dj2FYasmTr7IAmGvwbxw0DRtlUrXaI6fa6YjY97tbFrScMcX08bKKOqj1KFYRzwWYXvY2fpjXdse2xNaVDafu5Wu7dbrGuZvl/CVe/NNbQ2eSRQZKmSKQhEUkEKpI67dO98ElLw/T06qFpYQwAsVIBHzUDBJjuBV5YLd1TWdjk+Rlm3PgUxTTiUUmVTOp2sx8mOw8sD+ZcM5pPcxxB1G4WORQxINxbXtg9xzFL9hW4IIJlhrh2Uqe8zmTI+JfZ3hSkmKuoBVpICLAbdWwIVfBfGzVayR5PKyXZtS1FKN/hrxu2OYtW3TaVvnSSYPoW6UG1LMRj4P4zt4somB261NL/78Kk4L4wKH/wALlJBUhfaaWx372bG2Y9ib1NM5zCLXDFSpExl+DOKWA/8ADZNgB/O0/YerYS3BnFgp2jiyphK80ZdmmpgOWoOws2No2x7CCxQdzKlJTTOoGAGRcNZxRxKKiERuQNQUxdR/YwTx5fIq2Km/yxcY7ig/RKDsWZj9JcNy5gbxDktfXUqU0NPJMjidpAsiIocJ92zBjckHp23wHJwrxZHFLGmTpaQBXOql1kXvsTv+eNix7Fqj02nRXShIHzhK061VtV0qin5jMw6LgzjKKWZhkzWdAFImptrNfu+OycJccA+DJZSD5VFJ+wvfG4Y9ix6nTJyZQrXtSqxbYZ8p/9k=",
            "productImageURLs": [
                "data:image/jpeg;base64,/9j/4AAQSkZJRgABAQAAAQABAAD/2wBDAAsJCQcJCQcJCQkJCwkJCQkJCQsJCwsMCwsLDA0QDBEODQ4MEhkSJRodJR0ZHxwpKRYlNzU2GioyPi0pMBk7IRP/2wBDAQcICAsJCxULCxUsHRkdLCwsLCwsLCwsLCwsLCwsLCwsLCwsLCwsLCwsLCwsLCwsLCwsLCwsLCwsLCwsLCwsLCz/wAARCADqAX4DASIAAhEBAxEB/8QAHAAAAQUBAQEAAAAAAAAAAAAABgIDBAUHAQAI/8QATBAAAgECBAQDBQQFCQYFBAMAAQIDBBEABRIhBhMxQSJRYRQycYGRByNCoRVSscHRFjNDYnKCsuHwJDREU5KTJTWi0vEXc7PiJqPC/8QAHAEAAQUBAQEAAAAAAAAAAAAABQECAwQGAAcI/8QAOxEAAgEDAwICBwUHAwUAAAAAAQIAAwQREiExBUETUQYUIjJhcaE0gZGxwRUzQlLR4fAkNXIjJWKC8f/aAAwDAQACEQMRAD8A1v6Y99MQ2M91s7dG7jthBacdXf5HEesTpPx76YrTJPddMj3JtbVfHefUL1Zt++2O1idLH6Y9iEJJyB47fTfC1Mx6ufyx2sTpK+mPfTDBk09XP1GGJaoR780L5Bhe+F1idJ2PYp/aquZ7RyN6csKR87jEmP2oWMksh872t+zCa8TpPx76YYDORfVt54S0yp70oH94bYXWJ0k49iqkrZmcCFjbueowuOsfZXYj12/PHaxOllj2IXMlJ2kJHXYjCxJJ+sxwmsRcSVj30xCeSbs7b/XDRlqBf71vnbHaxEll9MexXCeddy+pb9CRf8sdaokJBVmAO/njvEE6WH0x7EATSd3b8sOcx9iJD8D3x2sTpLwh5EjAZjYF0QW/WdgoGGDLJYb29QcMSGRwAzEgMrAG3vKQwO2O1idLHEHM639HUktUIuboaNdGrRfU2m97HDkM0jFFMMzAk3lJTQO/nf8ALELiHT+i6nUQAHgNz098YiuahSizryBHoMsBKleLyWI/Rpv1/wB4HTz9zDf8s5STbKG6kDVVBSbG3dMVHKh0hiyjewYEGxPYHDghBtpdLkA32JI8xjFjrN13P0ELeqU/KXY4rc2H6ON7XP8AtA+nuYdHEzH/AIA/98f+3FKkERXUrC3XVsfnh5YltsQb9Nxv8MIesXX830EYban5S2/lI+3+w/8A9w/9uFjiFj/wZ/7v/wCuKoRKe43w6sA67W6elxjv2vd/zfQf0ier0/KWYz12/wCCP/d//XDgzmQjw0u/rLYfXTitSG19/X64kJD128jiVeq3Z/i+gjDQQdpNTNJmG9Mq+gkv+7Dy17t/Qf8Ar/yxGSG5Fhew7bn4nDojsPL1xdS/uT/F9BITTWPiscn+Zt/e/wAsd9qbf7rzt4uptsMNhAOo3t87YUFB/di0t3XPJkehY01dW2FsvYttcCoiAA0k9T62Hz9MLStnJkD02gKV0XkVtQKKxOw7EkfK/fC9PoT8BhBA8WFa8rDbMTQsUa2Qf0N/Lxf5YYOagMVESswv4VlBO3ntj0sY06XJUONI2O9xfb1xBKxoVNo1VHKs6DY61BBNvpipV6hcLsG+gkq0lMkvnRSxNMLNexMygE+QuMRajieODUppC8gCkRxShmsxsL2W2IjwFjI4gd5rMkIIukcb3a9ztbucRpqSVo5I4okU+DUXIDSPcEt4dviTii3VrsfxfQSwtvSzvJp4qqFCmTKjGp6l6kHT/aCphT8VmPSTl55bKDrE4sDe2/h6YqFpKxBLqmjswKheWGCXFr323w0aFVCqZJWRWB0uykNbe17Xt88N/bF0OW+gjzb0s4l0/Fjorn9GklQTb2gb2/uYiy8cGJEkOUuVckLapS+17E+DEBobnoO9x+eI7U/bSLA9LD9+Gr1u5HJ/KILel5TQOYhKeZ1bW6+mB+r4nQVdZR5Zk2a5ucvkMGYz0CxLTwzAXaBHlYapF/EB0v57C5i/nYtXvA3HmSCMDWUZjw7kyZnQV3EGR3jznNJ4ilYvP5U85lK1IcC0im4Nieg32xuAIJlzlmZUGawU1dRF+S7ujJKhSaGWO6vDMh3DKdj9eh3sisclgRcm/wAfjgb4cjgZc7qaetoKz9JZ/XV5bLZTLTw8xYwsRkKi7BQpY2G7YgcVvX1mYcLcLU9TNSxZ7NUzZjUQHRK1JSrrMMbHYXAYnby6i4KYyZ0JlngWR46epp6p1BvFDNE8627FFN/ywtqiqclAkaG1ymteYoPQut7/AA2xS/yC4NEcC09A1LLTtHJDVUlRMtUjoQQeYzG9+huO+KaqzdMo494olbK82zHn5VlkejKKUVMkdlRtUilhYYdpzxOhgUqFIBdNUlyqNINbW6lV6n6Y4Io1ZjNNAXF9StPGNNuoIJwHwZxHnHHnCkq5Xm2XiDLMyiCZvTCmkk8LNeMamuB064HaE8HjMOM/01w9m2a1B4jzTlS5fSyTJHFzGtGWSVAGvc9PL5doi5muK8UQCa6dNgbCSJdiNV7Xvh1JI2uFkSQ3F+WwexIuAdN8Ztxvk3Dv8n2zinylIKuebJ1EjmVZ0hcKgjdSxUEKAp+GLrNEy3g7I8yfI6NaatzJ4KGhhgaVmnrp1MaMOYx3UamA9PXCaROhYYYptLaiyt7hV/Ce22nbDLU1Oyhl8S7gFW1A2NiDbywN8FT1mXLW8K5gdVZkU0fKYXAloKmzo63FiASR9PPAzk+d53kM2f5jMklXws3EmaUlWsQLTZXMajWJ0U/gbV4h0v5EjWpScJpAjgSyeAEgkLqAYgfiC3vb5Y6YojcuqgKLsXYKAPMk7YGZJ6Wr45yCqpZY5qefhKqkhmiIKOpnaxUjEvjIf/xTifb/AIEf/mjxHpOcRcwgh5YuImidR1COjkD+4Th8OpLKpXWtgyhlJUncBgDtjIsvbhxc64Aj4fhmy6uPKbNairE9LT1cQiUSRKs7eNmOoAAb3G/lbUeeLk3GH2iXynOswNTU5Ztk9KKkxcqKQ/fXYWvfw/A+WJNGIhOZoLuwIW6ayNQQldZXpcLe9vljglbwhgguSACRckC5AB723wB5bmf6W4/apGXZnQaeF3hEOa04p5zadDrEdz4d9t8M8TZhm8ucyV2VKZKLgQQVFcqgkVNRVMFqYla1vClwfLfCaN4k0XYkAJcnoB39RbEcPT85oPaKVqi/80JouaPTQG1flgY4szSqny/hqiyeqeFeKq6npkrYms6UUio7FbbgkML79iO+0fMeE/s5yyhiSuKZfrcpBmMlVKlaZ1HMLiQ3BbvbTbf5DtI7xcw10rfcEN0Ngdt7b4XyywJEi6VLAkEEArfUCem3fFHUZ3lWX8OT5zR1grqaipzDSymQytU1S2gjRnazFi1rnA9wp+kqRs04S4hXny5jRfpqESags0Net6ynJ81Ym9u+o9MKFiGHJkpltqqKd7bgGaJTb/q6YXzYmA8OzC4KkEEdbg4zccK8LNxw2VnKoRQfyZFb7NzJQq1HPRNeoNqvbbrjQIYYKeOCmiQRwwRRwQqCbLHGoRVF/IADHMAJ0sIbaBY3Fzbtivz6MS5ZUIRcM0IIsD+MHocWENhGPicQs6NsvmNj78NrC/4xivebWz/I/lJKXvrBZaGJogl4r6tV9IsdzsBfDiZdGNJvESFRRaMAWAIIG/rjsYkY7K4Tcq5G3Xyw9dVKXsLkD8NwbXva+PMxV84cIYTqZfGsfLCxgBNKWQ/nhQy2EFCqxiwt7l+5uR9cSku36xt0J2v8MPExxqzySLGi21PIQqrf1JtfFpVD4xK5dlPMhDLYvANMXga+6nf1w6Mtg3uqG76ibEXwOvxfV103s/C+TS5qYyxqamodaejAQC6xSMwBYX33+Fwb4n5XxJNJWR5Tn2WyZRmtQXeiRnEtLWR6rWhmUkax3F/zNsEPUHAyRv5Z3/CRG4J7y5FDD4vCm5LXsb9cLnpylPO0MQkmSJmijB0a3tYLc7YkgYcA7g9Nt/LC01UcxjO0ojSZlUZVLE8KNVvVosS1XMWMwpUqyPOkbBraRuLg/XHqaDOaaeKraCSaFKeGinp5XtUMkQDmeIBzGTqLACwuAN8PZrxPw1kk9PS5pXCCaaIzogimlKxi4DPy1NgbbeeLChzDLszpY62gqYqimkuFlhPQjqrAgMCPIjBQZRNRXaQk5MpaOk4gh9tLJIxMlHJEGnCkMjJLKGY9SyjQDrNjtax1GVVZbm9R7W6VskHPilj5QlctHGQ8sSxlDpDq5UE3IK3G+xFzqG/kB1+PlhDzxwxyzSkLHEkkkpv7scaGRj9BhRXGfZEQg8wdqaDPqjnyiGFva6hKgQVMk9qV6VOUmrly7lhcrYgXte9r4mVlLm5p6cUUkgK0hEqTP/tM0xMIW7hwqsAHud9zt1wnhviBeI6Kevho5aamWrlp4ubIkhlWNQ2qydDvuPzPXHs04n4bySopabNa8QTzRGdEEU0pSM3AaTlKbXsQPhhzF2fQFyREB7yEMszgithcGJq5hEJ43lawEuuSapPMDa7KBHpIFnN7kYdFPxC9TRtI5WBp456lEqBaAq8avFGB1RlUsPIkjvi1pMxy/M6eKry+piqKVwdEkZ8OoG2lgQGB9CAcPt4Ts3ax737kYq1bjcgrJFG2cygzCmzSokzVkDlIoaMZcIKmaNnLyAzc7xBbiwI27D58oo8+LoK0MqGKQGxiV42BbQGKG520i99774vmdAVGnci1vLvvjjyrsGGz+Y8vzxSesGTBxJV1ZlaaQ2usktm6+O9zhpqJjb7yXY+Y6/TDWcVOYR/oWGlnFMavNKWGVwsfMlhBLNBCZDpBIBLWBuNu2JrtMWLabKCSBvpAvYAd9/8AVsUaiIiq3OZKpcmQDRyXYc6a/fxLcf8Apw01C++qea17AXj/AGlcWAWRWuSNxva/X54ZqeZoGkvfWL2F+xxCRgEgR+WBxLzSCyed+rG3zvgJ4jrqWqjNJTcKZ+80GcUNRNUJkK8meGlqg8rJKhuwYA287+uDVWbmRX3UN4vK1xgFmyriSogkrP0rxXFVVHE70ppoK+eOGLKHqmTnRRDoAm4P5efpqwNC7K6unq4VqIMsrctiFTIvs+YUS0MxbSCX5S7EG/X09MQOJsnqc1/RWY5VUx02dZNOajL5JtoZFe2uCY+TWFjbzH4tucORV0UWeUdZU1tSKfiKvp6OWvqfaag0kaxcstICTa99iB1PngiEQFvCG879PkMNJwZ0Ejnf2i1BhpU4coqGXmKlTXS1sU9MiBhraGJWLbj3euJlHS1cXGHEWbSRMuX1uW0FLTy60LPJFp1AoDqFrHqP8iE063uEt02Xa2GniI9RhQ86U1bQVc/GHDebRqpoKLLaynqZTIgZZZdRVdBOo3v2GKPLaXj/ACKp4lWj4ep6ynzLOq7MoZXzOKA6JGOkBVa/Sx7dfoYgqDYixBve2HklZTa50nDtU6UfFeWZvnPDcdJTUqfpCWfLZ5oOcmiMo6vKBI5AIXfEXOuHa3iLiCk/ScDJw9ldCxpuVUhJKzMJgoZvujrUKO/9TyY2LRILAkm+FhgRv0I/LC8ToDDhNsjzrh7NeG4JnRJno85hqKwuXoZdP3imdhcp72kHqq7edpwzldVQU/E0GZU8YXMM+zSrjjYxTJNSTnbWq3WxHY+e4xfSSxRXBuzHoAD+07YjvMz9PDhuqdBjLuE0yPiiLMaGZjkz0FfCtPJIWbL5ZWV+XGGuTGxuV8t7+Zt+Jqd8x4fzugo9L1dZTCGCNyIgzcxG957KNgep7Yso0YkMSSvYW7+eHWAAttYjv/nhpPeLAGfL+MM8ThfLa/Lsvy2hyaqoqmSoWujrKmU0segLCsZuLi9x8Dfw7kGS5XmlFxDxzmNRGqUmbTZc9E4kRzIsKSKxKqdQ6jqMXQCgHwqD5gW/ZhYYqtg2/a/bC6szoN1tDncPFdVn1JRrURx8MSUNIDPCnNrxKJEjYSMCB5n0+tblPAOTmihfPY6qfNqoy1GZyRVs6I80zlmUrCdBtexPe5wapzX30ki/UdDhZhY27W6C9rY7UYkAIuFc6fJZsneUQVGQ5u1dwnmDyJIJIS5kVJVW5Hrdep8hvNqMw49q6Y0k3B2XPWi8a19RV00tBHIQRz1gku35/wAMGYikB3K274RIuolVsFHkN7/wwoadAJ+FKs0/CfDkpMmQZf7RmWc1Mcwiesr3MjiGONSJQqk2Bt0Pmty9W8IplsuVZvwtBOc1y+uiZoqmukkSppHDJLFrqDpHXz6E7YL5GgiUvPIEANgT3PmO+F0tTRSeKKRJB5ob6b+hxH4y6tOd48U3I1YOJUR5Xmf8tGzp4AuXtw4uX8wyRlhU85JChQG/Y727YvpADe1xbpth4N3HQ9D538scck2G3rh7HaNEXTfzS363b9uIedLry6oXfdohcGxHjBvcYnQ+4Pif24h5zqFBKVF7PGTbyDYr3n2V/kfyklH94vzEGUEqsWJkLHqBLZDbboTh4rK5V13ARlCkgi5tue+Go5ZW5d4XClhub7fG4GJMOpxflkCxIDAr4QTjzATSkYOTHadZEVWkJBZbFEY6F+uI+aZUM2FNHLVTR0iCQTQxgapixG6yH3Ta4Jtex2sRfEin1nZ4wgY3UAs31JGJigBhe3W/pb19P9d8XaNRqZBU4lGqoPMRQ0lNSQw0lHCIoIlREjiAACqoUE2FyelycBHFeYvm2d8O5DkbmTMqGtWvqa6AhxQggKVV12sAbv2vYdTYN1nC/wBoeYpOlZxMdM9XKTDDLMkAhdiQSqW26ALva/phngmppckzTNOGa6kpocyiaRYK1UKS1oVtZjdnuSCPFGdhbt3wet6a0Ueujh3AOw/PfmUGOogYxNMUsQPE17b26X72uMcYyawFL2/FuO+G+YSq2I8V+ni6eWPXkUja50ljtuRe31wKFY43k+jEoM14d4NzTNY0zSBHzOsp5p4tMs8UksNOFhJJVtPhuLfC/wCHF3l2WZbk9ElDl0CwU0bawouxZja7OzHUSfjgcpTJmnG2aOukwcOZVFlyEXIarqzzZGve1x4lPwwXWZlVQN7pe3XF6rVdMUyxOw2J85CMHeesum9yDu5G18C3H9VWUvC+cNTOUaY0lPMVFnSnncq4uvn0Pxt3xbSZoJpswpcrgavqqF4oaotKsFFFKW8UT1ADeNBuyhTbYGxOAX7QzxQ1LlNBU1lA8eZ1KqtJQwSRNNPGURQGkLMQC2o3IsSBvi1ZITWUPtvxGOwxtCrgyOmpeGsnFGsiwzRe0EzaTIZJTd2Onbcjb0thvOOH+DszzSH9J06SZpWwSVCWknikmhp1SAlih03W4t8L9sXeU0EmWZbl2XvKsvsdPHAsixiMsEULuoJF/XA/SOM145zmYC9Lw5lkWVxFd1aqqm5krE/rDxKR6YiDuz1KqtgDJ2+JjsgADEvKDK6PK6KChy2NKemjfVoUayzH3nZnNy3x/djlZmmVZfJSQV2Z0FLLMdUaVUiRs6i4vcnYX2uThebZnR5NQVOYVayvDE0SaIFu8kkjqioL2AvcC5I/jSUXDsGYSV+bcQ0lPVV2ZMOXDURA+wUYXTHSruV1D8TC1yeuIAF0mrWJwfxJjtR4WX8ZWaNJop4ZUkJZZYdDoT5BlYi4xX1efZBSvNHU5vl8MsDct0m1K4buAvU/K+A6Sgh4T4wyaKiqJKXKM1VjNC0khh1kOgik1nR7wGje4v8AXQpIwwGpUYr7oZQdN+4vhlxTSgVPvKRny/Qx6MXmeZ5xJwzUcR8HOMyp3o8rNVU1cscc70qs63iVQlyXFv1dr9ewM6WujrqSkrIP5mqjE0Jlj0MyG5DFVc2uN+vf5YHKmmy6o48oaUUlE6UGQzTzjlQsDNI5ALoFtqAK2J88FUVPEhSKJEijLWCxKqIuo3JCqAPXpht+9MJTVFIOB3Hx+EWiMkk4lZm2c0eTxU8lY6mSolSGlp6eNpKmdiwVjHGXGw7kkeXU2xXxcTUkhtXUtVlYKB4zmsEkSSm5UhGTVvt0IH8YeTUsmd5vmPFFSWMVPU1OWZLCuloYqaG8RkBF9zc+W5J3vsTaT23t8CL9/S+I63g0D4TLlu5zwfL7pNSBb2hsO0vTGpaPpa5vq2HzOA5KjNqzMq6ig44noataqdI8trcjy+GYRiQqggNRbmL00kE3GDZVbUvmbj/XwwA5zRVPEWdVTVAyXLKGnoZ8nSXN5aOsrWBnDmppKZZAsb3GlSz3AN7b2G+UQNLnhjLs0y2LPVzIyPPNxHmFUlRIkcbVcUqRKtQI4jpUNY7WFrdMEyvfSALk7W74q8rpaKiy+CipMyqMySKZYxPVVYrJddgdBdNgFHYAWGJNZKKCir6yUgJS0tRM3X8MbeWOI3nSuPGXBaO8ZzyiDIzqwbmizIbHcriZl+fZBmqzvltdDVLA6xymMOul2BYDxqL3scfPuXDKGmb9Lrmb07QrpTKmpo5jOSD4mqARa1+gvjVOBYuGXhzRuHajMElaSlatps45TTQqgZUaMU4AIbcX1YcVGMzoVVee8MUk8tLWZnQU9TGFMkM0wWRQ3S4xHTNOFatrU2d5a7k2EYrYgSfIKxBwA/aLlEFFWZVmaO0k2YxvTSwkBVQ0kaKJoyATbfxXwMVuSxRZNlGcNmlFLUZo5V8sMaR1ES3kXXqDk6Rp3JUdcJpnTcuTPESEOonfS2wFupuf34rZeKeHKOQRVOcZasl7Mkc/N09rFoQyj64zet4qzSfhfKMoaZklNPVpmszMVqJKSCaSCGEuN9wpL9zp8mN5WVfZ1m2YZdT1zZhT0DzxGakpWpXd9LreNqh1cBWItcBWsD5i2F045nTUEqsvkpnrXqqd6IJJKamGRXpxGgLM2sEjYA3xVNxbwGlz+nKIhSAdImcA9diqHGbcP1GYZFm0+R5gJFo8xmnybNqdWBjWeoU061MYN11XK7gbqd/StbIKI8WycPRy1C0S5lNRc7UjT+zwxl5DqICXFj+HHaROm0z57w5BK9PLnOVwzx7SRSVMayIdOqxHnhypr8toYIaqsr6Wnp52RYZp5VEUpddaiN9wbjfGR8aZVS0OaQ1URl05lHPXSrVRxcpHEgjIV1FiO9iNz/awqhrYc44Yq8mrJqhHyeKszbJWHKtUpDGQ1LIZAT4NRKgG+n+xhNMWagvEXC8jELnOWMRG0rffGyouxZzpsPmcdfiThRHWJ89yi5GoBalHsPiu354yThjI63O6TiuSk1PXUtBBT0dOWiSKVq0ukmtpP1Qt13G+IOd5DX5DT5SKxHhrK2GvqaynZoWSPkzNHHoaEm+oWJ374XQIk2uk4o4Yq6iKjo82o555dXJihMhL6QWOklQtwAT17YuBKrWt3xkvDfDObUPEfC9fFS1EmVyUiVb1NRyUVDUUDFxoU32ZrL4b/txqIDJLJHGjkxpGzG11u9/Dsb32w1hjidJEjKiks7D0HU4Y1y3HQb2sbE7+uFhZJG1MbHuvcYbjVUeqQKxs4bUQSDqUHTc9+t8NnQXzOaaqq6kSFisTuIkB030iwRO1z54hUNXJSS00xjeBAjS1EMzKWRVBJUkbduv78ElXk4rXeSAchnZT4zdJCRYnw7g/XAFxfVZbRZbWUeX5zQy5lzkir4IWYutMwbmJHJupN9OsXva47YzIsLl7jjk8+QmoW/tlt9JPbjHeVzfaXxk0zSxpliQDUVpfZ9ShSdQJbXzL29R1xpvDPElDxLlvtkKGCaJ+RWU5bWYZbXFmsLqw3U2/ZjG4+IqePhyXI/YKQs9Uak1hA5/vCS1iPeFgAdXTa2Dn7MKGqpcszjMqoyRUtfPCabUSFeOEMjTBSL2JNrny9N9rXpKqbTJoxPM0yHToFjcXOI2ZqHo5VuVu0fiHUeK+JEAURjS2oXbcbYYzI6aVz5NH+3Au7H+mf5SxSPtiUiwSaNPPZiQT41v187EYcSFrAGVugB2sL+g8sIEgbqd7+eHA/qfnjzgIIb1kx1ItN/Fc7C5v8Nt8LI0BSWQamCIWIGpyCdK36nYn4DDeo2Bu1/T18sB3GVPmVMaTiOjqZi2USR1JheVjFFukJMcRUjSwuHFurXvbbFy2orVcUycZ/OV6jMBmHAB239O9xbcYBczQVX2l8PpHHEWosqE1YyWL+5NtNvtYMttujD0xK/8AqBkUtOZsvpcyq60xKYqRKVyiVD7JFLKpta9rkXv267SuFclqaFa3Ns3VHz3NpXqKuQHUaeNjdadGJIsNtVj5C5C4v06b2iu1UYJBAHnnv8pXZtZGmFCxqttkBF7WuOuHEB1p7vvL3PY3wzqO3Xb64cRrMp6m9wPM22GB6EAx5ziB3AEq1K8X1v8ASVXENU7BmJdUsCoYW9T3xbcTZs1FQyUVDIi5xmgFFlqiRo5Nc7inMkTabakuGtcefbem+z2OtgoM+WqppoXbPKqQc4MC5KqjabjsQRfe+/lhHG08lFXcDZi0btRUGcSSVkmgPDErPECX6gG1yvh+d8GgFe+K8+X3DaV8YTML8sy+nymgpMvpYwsFLFpDsyqzt7zyufNjdifXGQ57mkGc8eZRLS1HtFNFmOW0sAVzy1ENQFPKa+nSx8QI/W88GWecVvm6TZDwejZhXVQeCorBGPYqanZCJLSy2S5Btci2+1ybYoM64fy7Jc8+zPL6QprWpheoACe0PJ7UjtK0jILqTcKC21um+9+zoCiSah9tgf8A7ImbPE1b/aS62ijJ1i/3pG1/7OAr7PpDVw8WVqhFer4hq5ZFZmLoCqsqsLW7nv8Aswd6rHUACQSVF7XPYXPngG+zaKtgyvO0qqaWBznlVIvODKXJjjRtIYdAQRcfuxSSkngMBztH6txO8VSzS8Q8BZVpVo5601baWkVgIdQfUB4SpFiPLT2vgw0SEDxoD8Oo+uBzi3KMyrFyrNspWNs0yGZqulhdf95BZGaJnDA2sDtfe/XfFY3H9eYY4ouFM6GasOXyJoylMsxUt4ZCus9LgaRe3XvjntRXppo7bfXeKHIMh8dzc7NuEsmYROz1NLVxkylBGzz6G5yC91Ki42FrHre2DspOCvjDozdrL16dcC/DHDdZBNLxBxBK1Tn9eNbLMqkUKsTaNL3Aa1htYAeEDzLHdV0sxsi+NiV20oLnbripeimQtJBkL3z3MkpluT3gHw4zV3F3H+ahkeOOZMuj5YTxKslla/wjF9++DJ2uGUxsVZCHFxspBB1WN7YDuA6erSn4hramKeJ8yzV54xNDydcQDEOsfbdj27emLPiWDiKopKU5JUxRz09UlRJTv4RVaPdQufDYdbE7/LFe8Val3o1AcDPyEnpeymcQWqOFc4y+prKjhbMqqihmNjSzOyqCSNQ5ikgjyJW/bCIOK+KMiqnpOJqVagPAJKaSNY1c2Kr4ZIrIV632vfvjv8tMxoOXBnuSViViMQzwBY0kUXOpFK6b/A/PEHNP0hxqtMuXZZJBBQl3FVmEojaXnW8CDZbbXNr/AB33JotZji9VSn822fhvHMKR/c5z5TZHrLMgA3udhvvta2M84hm4Lqa+bJqeLhykq5uZLnWbVMVLelRmu8dMzjxVLdz+G57m6nGiXWq3L3uPEAN/liqfNuAoJZo567h/nxu6TJKKbUsisQwa6dQeuNQDBWJO4fjyKOipYskkpHy+lcwI1I6yqZAoLl5F6ubgsT+XQTM+mpoMlzmaqpJaykSjlNXTQsFkkprASFSxG4W7de2I+W5hlVWqnK5aKSmErKWoQgi5gUMRZABqsR2xbkXBuV0aTqDW0lbG977W63wud4kxnK677KYoM8M2W5kWnp1FNHX6ayUgq33dJJABoIO92a/Sx2tjv2WQ1TZ9mE/jMFPlLxzsCba5pozGpPrZiMS81j+x5sxMcf6Qp41mb2mrycymg5g/Cty1xsd0Qjfy3Bpw0vChoF/kpzTSe38qpkAnV5pUQO7S+02Y7aRe3fa2HHidBT7Ua6nmnyPL4JL1lF7VNUoUcctKlI+WQ1tO9jsDf0xU8OcEUnEtJHWLncULI6rX00NE7T07ksVjM0jhbkC9wp64veI6r7J8wr6usq6qqq62RIoHfLlq3ji5ShA10KxlrbdT8MXXCK8KCnrqbhmc6ZqiGpqYZ3naqiA8CiSOdQwHTcEg364TgToG8fZFHlFTk6UkTplUuWR0CAC+meAuDd7AFyG17kE72wS5b9ouQw5VSe3QV4q6WnhhlWnpw8c7xqEDRyago1WvY2t+ZVmPHfBdfDUUFbBWT0sxaOZJaAMjBWtqW8wOx907EfLDFFwHwVmdHT5tS12cxUEyPUoDUhAqJcMXDozAixvv+3Hc8zoF09XW8Q8VLXkJEpzAZ1U8q8hp6OgCzM3QdFQKLgamPTDD59li8YniCKOo9h/TP6QLaF5rU7L4lETMFufF+LBVQcS/ZvlFJVwZdBm8dPVc4VeqnR56lXiKAGeSbpa+kDz6X6wJ8u+yKCfkzzZ4kiRxs0JiqW8MkayKbqCOhHfCzpz7Rq6hzLMMt9hkD8jLpI6hWVl5c8hSVUJPhLEEDYny+FPmeTUkeXZbnOWyczLatIKPMFtIPY8zjhQSRgsAdLG+kjvcdLYs65vsvqJamrfOeIObO6vJHFTsirZNAsHS3QAdcG0OUcPZbkE2WzirOVVl3keuddbvPpkHLCG4OwYWF7744c4EQkAZMo/sudI5+KvG3JWLKdIcAOADUKLgeXliv+0yuy+uzWlpaabmVNDQ1lLUJHG7FJnkUiMlgN7b7D54v8kl4NySapFHT5qiVSxRzz1DiZXEbMykqW1AAk72w/nfDPBM7ZjxBmLZnTwycupnq6WcmK8pSJTFHCHbxkj8P0w90amcsMSGlcUq2fDYHEuuHcxjr8myuejkhaOKlp6SSRg7Mk8ESpIoUgbg9zt++4BVF8MlhvI7MwDt2LOfPpgO4YzTgimSHI8kr6udpnq51jrYpkeQsNUg5kqqt7dAMSa7ijg+gqZctqpqsS0gEEwNFUSJEQgbqNz26XxCcmTwq1yOqmxAI2brt1uLYSh01FmXUZYR4yf+WdlK9N79fTAyePeFIoqWWaTMFiqeasDtRueaYW5Tmykkb9iBhk/aDwSs0L+21SgLMGR6Gp1XYC3QemEAPeLCyWkBirhA7JUVEE0ayl28DsjKrLcEC1x0H1xgs+RZ9SQVFDPkNRFUUM1RW1WYaXVDBCisxE7nklNtSEdSbd7Hcsrzegziigr6CR5aWcyLG8iNExMbmNrq2/UHHsxSOvoMxy+cao6ymnpmCKSRzEI1BT1tsRianU8PYDmMZc8zAKqSrzisnrqehp4BGizGHL6XTCkUR1c2ZFuLk7uSdz9MajwTxdU5zBWZbmxX22jSJkqII1j50DErd1XwhgbDYC98Z8+Tca5HJU0yZfmTJVRNA02XxyTRVVOzAaSYLix7qbH95lwXw5m+T+1ZnmCmmq60ih9mcjXBTuCyyTEG3ia23a39baxX8I0xjmMTVq3mn07RtEpjbWt2GrfcjY3vviLm5IoZSL+9F06+9hzL3WWlikUgh2c3ud7MVvv52wznP+4Tf24v8YwLu/sz/L9JZpe+IPqxO+luvUkfxw+HYdjbzuMVyyyqWOlve8mIA8rdMPK8okRWKsJFY6QLFbW3tjzriGyO8miQ7bH6g47zAdmTUPIqrA99w22Gw1gv8Mdvv8TjsyPmOQ8mBGSCBYkYlmWJVQMzdSwXD3MJAsCMMA7knyOETyTpDJJCjvKDGFVACyqWAZgp62HbD1yzbmM2kvWR+FvjbbfCwz9dL2HfSdsVYlzQ0NFNyr1yBebC9lVy9421htrLcMf7PrhhY81jqJVtV1MgAWiqpJYxCiCWUu8w1DqLWAQ9QLi1xaSjq/iAjC+O0vlZj2Yn1GFh47SpItw1gVdAQy26FTtiogTPNUyzEtzIuWs0TpGkMpWI8wJIxaw8YvvuvSzXxKrI8xeZ0pGZIZqZpGkRkV45YLhYY9W4Mt1uewU/r7WKduQRhpCXGMESdEaaFdEEJjQm4WCEKl/OygC+IlXleUV9Xl9fVZe01XQWNHNJrHKOrWOhCkg7i+Iqx8QhiKjnS0/LjkkEFVHHUkvI+umjIKr4bKytqFwbXw5AmbCvjMkFUSxptVTJNGYkpFEhaN9LWaQ3UGydRe/mRW2YZ0vj5SEsPKW2ubvG2/X0/LHbzN+DzG5N/wA8QnXN3nrFjQxSGqhEFQ7rLSCiGgtpgWQPr94Hbrve2whtHnogZmjrPafZd9FRE1OycnQYeWG1cwne4vvvqt4R3qnm07WPKXBFRudC9fM2wkmfowT5s38cUS0ec0tTTVCwh1igDmOmmnkMbkzMKaLmuFMd9PMJW/iFrAeGVGM4ostSExtVVUdZBTo8bXaWmkkXXKzzFrFQWuTe1um+I6lkDvqzF8T4Scxk/Vj+p/jhiR5Gsp0DcHbUDb0viKz8TqIyY6ZpNUxKIsS050NZVZyeYAy7ggE3FjYYitLxHHLUrDSvMhlkdXq5aZDp0D3ND23NtI6bdcVKlpt70lSpJrSgMdze58z0wzJLHbdtj8f4YhVX6YJuhqqhGoqflxNHBSx+1LUamaYxHWCRbYGxAPwxxJc6aaMzopp2ZQw5cKSIWZyxfQTsuwFuu198UHtgBnUPxltanbEdeSMi3MGkXHTz8rjDDtfbWNjYb7AeQGJDOP4YaZh54olAeTLitjiFojs8fh3BuLW9PPGYVqUMdVV0acQ8GxU1Nn9XnMUlWry13P5ryCjqY7BdAYsGOu9rbbWxpccwJjvYqbgHyv54DOJa+KtiFJS8MZ88kOcUNRLUJlUXJqIqSqWSVkkVjfUAdNxv3x6kgxM0TLLhWjohRVVVBmNBXTVWbVdZWTZaNNFDUTBCYIVO4VQFtc339cSuKfbJOHeIKejZmqZKGRUCBgXjBBljDAdXXUo/zx2jrI6ynM8OW1+Xx+0ugp6+lWklY7Hm8pCRY+fpiBxNW5lluU1NdTf8EsVQEnGqBnaoihTWoIJ3N+va/bCd4kybK34XanzOnzcVCTVHKGXZnGrzQ0b3XU0tKjqd7G5322tti9qXk4f4dGW5ZmyVdNnlbUztVUyaV9jgVI5IrgkgO2zd7C3Q4g1uf5FnlDnM+a5fTU/ESSg5bNlEDQrOWI1+2PqKNa2+oXt0OIdNkubVPD8+b06SyUlFmDx6IwzLyTCDNOkY3KK1tRHTr2NpTOl/w3wXT5tl0OYZhVVVPBUs/sENGYV1RRty+bJJID1IbSoG1uu+Kmqp8x4OzxJaWaST2J0q6eoZWjNVRuSXSRPI2ZT2Nr4t+GuMoMooFpajK5KoUqutJNDUxhxCztJymDgrsSdJXsd9xvTZhWZrxnn2nlGKaqMFJHBCrOKOjRrXlZrEhdRYna5IsBe2G75nRXFWX0NFxBUQZTSNHHLBlslPTlmlLNUwrIwUyMWBJJt8PXFrlHFEdHwRxRlviSWKoFJRKSCywZoXLjffwaZd/MjzxT5rnlLNxMc1hhkFJQ1WWlElK82VMtRIyCyahdym3x388M5zlPP4l9jpUES51VUMtBGxJWOLNAkqgnpYam+mHTpHpKJanMsigrYwKesrsrjeMSWvRVUqAKCoBHhPXBF9omTUOVZllzUKyRiqoWeUPIXWP2bRTx8vVv7oAI388VecV0MfErVtPSLDQ5RXUMKUyFTKIsqZIbhgLXOja9+uLH7Qs1gzjMMsFMtSj0eWxSVPO0EIKxI6xNHLO+kMA3Tp8z06Q8u4dybihqSi4fnqqXMIMtM+afpZS8U810RnheFmtuSLaRtg44mZhXQUh/m6Ojpo1AuELMmpnUHbyHyxn9LxFQ5C9PVcN0rRVUmXCmzKTNbztJPqVmMARwoBIv0wZ5xNXyVhmq7nmRRNGdLBVRl1aF1C+xJGL9gAawJgTrZPq2AO8gbdMFmQ08OeZNmWUZgrPQc6KBdDsj2uKgKGXfwnSR8cCY39cEWQ5nJlNFnOZVSzHKaKNHcRxqWkqZZEiuhNr2Fgd9sFOoLmgTmZ7o7lboAjmZOZXy6sX2eVoqiCtaSne4LwvBKdEjONtrdO29+uLbiqty7M3y7NaNFizGvgrHzqFZ3mMdZCypdFYmyEDUltreowzk4y39LhM4hnno601dHLHCqc1Za2QCGRWcgagSGvfa3fphrO8mqcirq/LKoGWanjJppUAVXpmuY5V26Howvsbi+2+dO83kKeIcgyil4M4araZZxVRjLwxeV+Wz5jEJ52YSADcgWscC+W0XD+aQU2WtLXRcQ1WYxwQ1MiBsvEDeFY2VHDC+5vpP8AAu4vzSl/khwhlCLNJV1lDlNbFIoGgrTwLE2tm8RJvtYfPbcOyzMsmyynp6qKilk4ipa9ZoaiqZmoEiA/5KOpLDt6/TCb4nTZOG8llyfKKHK5p0mqKdqlnkp9QiJkneW41gHYEA3GLuOsoVJXnRal8JYsAT22Y7YD8qzzMc2yKgq6tUWSrapaQ0q6FeOKd4UAQE29253w9pBGlnPnZla4/LGYv+s+r1fCQZxzCNCz8RNbHmFkcyRu8byi765ogTtygBfx9PzwpmpXYcxEdo7G5QEqDv388DtFCtT9yW1rETMmlh091kYeXQnE8maNmskgLAKWW5Fh52wWtLpbqkKq/wCGVK1M0nKGXkAjWO0dgupzZQBuTc7DEDPHRMvmZyAvMgDEkDq4HU7Yk0FvZl8Wq7OSdJXe/kd8Rs8UNl067byQjcAj3x2OJbsj1ZyfKNpe+MwLOYMGUNExDkxqaa7AyXsFc37+eHVroIF1SRmORmtp28QHVrtvYf664kwUZQEKES5v4F0eI7XuvfFNn0IgagvpKmOrRHN2IAETEMT+WMBRVajBcQ+mh20y+inEiqwRyrAMCVtqB72O+Hg24sG+h2xEy14JYYUgScpFCitLKhCl7C6hidz8Bix5YtYje43xGykHaV3IDERkzKvvBh1PQ9PjjntD+FyjFCvuhG1D43w8kJkux2j962x5hS9thhALFWLEdL7NpA/qgruT574bg84nAqIo1HfRIFABJK+fkBh9ZALbNsf1Ww2Y7LFq2ZgHAt0tvuMPqOtx3vhwyDGMR2i1kuDYkC/ceeHlkUFAzWuSASLdvphCAXI26Xvh4hW66D3swB3HkMEaSkjMrsROiaG5+8BPSwDHf5DDnNTzb/pb+GOC3a3W+IObzyxUciwvoml1BWJ91EGt2/YPni+o0qSTGIutwo7yXFWQTkiPUTYvbuUuVDAdbHth/U5PuN8yBgeyae60gZ0iabS0kaXeoqJLW8QHuxjb/XUg28xtt54cp1KDmLWQU30zxL72T6uMIOvw+Drf8eFHT6fTCGsbWHbywx1kUbbV+qvzkH7hiLITcXUD1VtV8Syq/q3w0yA9gfgf88U6tJiJKrYMgNIm4LKCAbgm1sQ1qqeaFZYpoypZrNqA2BseuJFdpip6lyLi6x7dSXfSBioyzS2X07CPTBTyOlz4nmCEo7X8rkj5YH6PZJhGmBp1SQ08LalV1MgTWBcC4JsLXOIytI0kgewULGVBZdib6hddsSStPAdQiRQNUWm6gnx6gVTqQevyw09JMWIU6St1EsjszOlywAVLADf8sQ9sSUOo2hPE/KKgm2509Nj6YBMxqXy7iOeDhWsrTUS0ktRV0OVqcxpJM3eoI0VcVRJyowRfWQwIt2I8Ru9MZZU0uQXbSL/huQL7YD6KDNMy9rqafNpsmoJczrqbLaLKVpoZJ3ppGSWoqC41yOxDMw7Add9vTUMzhhlQVWZzUdKc3gpKbMJJEV4aOZp4xcbeJh17WDEepxGzaKhr6PMqetpZqmhSNzOiBgJDHspVlIPhOpjv2wPQZjmbZXX1GYSr7XkGf0+WVU6R6IZmjqIlFRoGwOlwWHn2GDk+yxIkJdNBUxqGsdYYb/X9+E/ijyhCBvPP0xM6XJPsv5cczUKrDDIQHWesaOXkRe0yI1pPETtpB6hh2OC9K/JqPl0dIthT1Yysw0EScqlmWI1HLcIQAAtyTbseuH56XJ4WfVFRQQU9LPNO8iKIlSZEpzqFx1VQp9AMD8WZcEiZFjljScEhaqajlSHmMX1SXJvc63Fz0DHffDWYDZjiSUqFWsCaakgc4kevyf7O6iqqRNltOtXFI4nFKlRE5cCJvDHTuqEsXQIQNybHcWxOy+m4by/XS5Zlpo5p0l58jUZIhNOyalqpCWa4LLYXPvgjrtcR5bQzKJqhaard/aG5i7oRUqokAW5ADBVuP6o7jHWpMvpYSYIRC0KSCJ4r60MsiyM2o3a5IBY79Poue0iIwN4KT5ZwfVytVy5U2vXK1QRlUMKxIk7UzS1Ch7BSwZb2J8JP4b4tqj+TtJXRT1tFGlXliRxwVhpQyxaITPHTwzW3bTuq+tsT1yzL5TBJJRU0qQyvJfkujGd5BMXZp3BbxeLuL/DD0+T0c9TV1bLE9RULy2aSJWvHo5JQ3vsV8J7+vYLnzjcSjfLOApYsyr63JqKEUjyS5i1XTtHLA5AkJlUHq1wRa977YcmybgiokzGqmyWmd8uWCGWaWnfkyAxRiLlhG0sukpY6emLRcnoFhFOaSHlCZZ2QhmjaVWDB2DkkkbWuT0HljooaClgniRYo6Z0DTxlLxskSAAuPJQB9MKDnYRDsMmC0WRcET1DRRcPqZY4mnlb2arakA5zwEBtdyLq1tu3liyzyjhmypqwKsZppo+VoDhZY5LJcCXf0HwxXT5/BFWTnLaGAQiCCJWqQ5LBZXmI5YbSASxsN+vriBXZrmeYaPbKguqHUkaqEjB89Kd/XBW2squoVDsBM/fdVtzTeiuSTtKw6tcekbawWupFgPMnBtk8GXZnkiUM4Wpg5L0tZSMWUamnM+olSDubWse2A47/w6/txIpaqropBNSTPFLYAlTsw8mU7EfLBO5t/HTSp3gCxvRa1dZXPYwmi4J4QopYK0ZeB7PIGRZJqhtwdS8tS/UGxGx6fSTmdBlWeSwy12X01S8AZYjMhZo1Y6it+tvjioi4nzDUDV09PU2t4vFE/lsRdf/Tgmy/MaWtp+fT+AKxjlR7a45P1SfXqMAK9rWtxlhtNha9Qt7s6aZ38pW1HDmS18dJFWZbSyxUcQgpFcMohiHSNNBGwx5ODuDiTqyWg6AHwMOnlZsXg63IJBtjsgK6ArbObKNtza9sUtRhPEp6ylyzLkoaakSClhWN1jgiULEoLlvD3uSTiDOZUS7AgA76XMe3e5Fzi+qaWOoiYMBzFDMlwOwuQ1x0xQqixCZ12BQAgsQLre9ixIxhetUGpXPiEbNDdk4alpHacpnqWraIps0jFAqTarKwDElSoNtvPBRy2PQdPO+KPK5OXVwya7oyPG6yTQnc2AKEC5Pz6YJzoBtf06YNdBXNuWB78SlfHFQDE7TBliAbrdj+eI2bf7lJsT95FbSCxvq8hiam6j4nEPNXMdFM46q0enyuWsL4O3f2Z8+UoU/fEGVrqZG5YirA7qzoWp2s6qbFgVv8AngT4yppZ5cnq5eYaAJNRlHDxmOoctKJFA23At/dwUwwyyMpl1HSSysrBGBPUMe48tsVfE9PWVWVqkayOabMaORdQUEq5MJNxttqH0xh7KpispHyhtVXUJZZFURvk+W/zjCGm5UsmjwLydmLG/QdziWc1yZHMD19Ik233bzRh99x3t+eMlzXNMzpDXZLBUSw0kUrCsjiaxlnCGJwzL+He1r2Nr4oBTmQqIlLF/d7WPrqwdTpHiZao2MylXqqtQqozib+kvKK2LEEggaXKkObgjb9mFipp2JMS2Nrq3JNyCSO4/wA8ZxwPxBV01VDkdczvT1DOtE0zanpp0Utyrt+FrGw8/jjSdflew9fPAa7ovaP4ZOR2jkcOM4nhKrtqNwbafccb39d8LEkfe57e6w/dhAbzOHVa3+WKevMdFCRQBp36AXB7/LDgZtvHv6xn9wwgtsCDvrT4dcSQ3rsP2YvW5DcnEhY4iFZv1x8lP8MUeZiszAz0tJJGs0sjUcMshsqQoLzONiTvft2xZZvmtFk9BUV1XMIkX7uI2DO8zbARp3I6/LGe0/2h5VDVQynLqs0tM8scbCaMyyLILcxkIAv3Ivbfrggts9XBpjIj6NRUyxO/aaRSU8VFBFDCLBUUFtKgyN0LsQL74kB29fyH7NsRMrzbLM4pI67L5hLA50teyyRSDrHKvZhtceuJxPofjhSgQ4O0gLFjqMbLHe+vpsL+fww3qFiSGsD4tLHw4eJ3X498M6mVmULcaje1tr9jc4hdlU8zhOMsQXVckAgk63O3ntiJMIbGxAJUuPGQCE3IIJxKLFdSoCQULJ6Hywwwd+W7KFKE6Tbduze9vY4p1zTK7ASWmDmUOc1RFNTUqGNpJKolyxLJy4ImmXZd/F0+WHcsj1ZPlaSsscj0qvII2A0NLd2UHy3Ix7Okhigo5FRdXtyXZrm4Mbi3wxHo8wjpcpzQ8tZZcnp5pFRthKgQyRXNvkf7PriAAvSCDnMIFT4GseclVtfkmUxxTV1XTUocWi1tqlkVRbwIoLG3nbCKTNclrwfYsxo6gqLsqyBXUdLlZLHGOTPm+e5hz6iVpq2rdEXXe3i6JGB0UdhbFhWcJ8Q0cgiEMcrFVfm08oaNgRuATbcd8HD0egqYd/a+koI9apui5m8lQWQEWFzew3tt0wC68nyriaOXOBmeVmGsrM4pYopUrcmnM4amasPLQzRFi3jB2B7gdTwzQDls24ckWFtR6dBgAzCbKMxzWtqc74py6BUjqMsXLsoqzTFqPnFzDW1DEuxbbWBYXBF97Y0iSgZZ52mU0/DeZ02Vct6OpqUq5ZYZvaPaJZqlZJJGluSb7dT0H0suHM3esymkJ8U9KvstRqIvqi91zY91scUD1GTT8LcRJk9JT09JR5qKCM0zCSCqWCWJvaEZRuGv3J+OB7LM1rcqqhNTsrKzKlRARqWZAblWF/eHY9sVqlTRV34mlsbD12wZV94McfgNpacW5pVVWc1dA+uOno+QkcaiyyNoD8yQjr12BOKDf/X+eLziWaiqqyirKQs8dXRJM8jgDmNrZbi3l0P9nFHinWOpiZsejoKdmgAwcb/OXnClVLT5tT02thBWrJDJGCdOtVMiNbpfYjp3xoksZES6VlLNKljEX1qAbkllBIGAfgmjhqMwrKqSxloYYxAp3C88sGc+u1h88aGW/CCNWwNsW6AIXeYr0hNM3nsDBA3+cr5I4pGiOh2cX1ExTykttazTC/8Arrh8c5jYRzC52vpUD43P7sOQsGjErhFGqRSS2wKMVPX4YanzBUR+QrO1iFOhnBbyCjc4szOR+NJPFqR9j+NlYH6HFPxRKlPlbxoAHrJkgI7mMXkf5bAfPEp6yYRRvNIsI0guzARKSRc3JOA3inO6Bny+KOsSp5KTMy0zcwK7sBZntYbDFm10Cqus7CVb1Kr2ziiCSdpUJu0xtvrCjf8AVHX4YYjqPaJXjhB0QuOZK3utt7qDz/8AnvbFaa6pqUnjhjKqZHaXl62YqTsCcSaOKqWJg0jwIXLKiKvMJ2BZiRtg4LrxagFMbTNHpotaLvXYB+AM8Sytj2GtYAv4tja2lr3+mFh1N73vt1Dd/lgmpBmdcERVxi+4Z5z1VbAohMRhgnlWUFtXLkIUL5dcD5eMdT9Q38MXHDVbBT5oEe7JUU8sPh66wRIttVvI4rX3tUWEu9LbRdIx84Z63iFRJKuiFCCjBg2pSLefUnoMKFbQrpSWWMuAJNABcxki1iVBF/nhquqsu9kkLSLq8IjSS6nWdg3ltvihjNNGp0OxF7nW1ybm1wTvjzPqPUjaYRFyxnqltbeNlmO0ta2uSRGjhVgrWDSPcNbyAGK7Vs21xY3AAJ+mPJzTqDPG12NgCbjfcXwiSN2BCwlka4YJIAfiCQP24x9xd1bp9VbmGKdJaS4SM6pVV1eWmawsrGncMo8gV2uN98XlPmTQoiSKZYwNKNqtIB8ehxUiLYa5J0ATSF5mmy2tY6TuMKjuVAO1iVX+yNlvbDaNzUt28Sk2DEaktQYYQwo5o54EkjuVYt12IINjiLnmn9HTl2ZUDRFyt76dXpvjuT7UMd/+ZL/ixzO1V8vlDXsJITsSOjX7Y9BNU1rDW3JX9IA0hK+n4wah5bIeW9TGoW7Kxa5Ui+9+2IeZD2uhniimnWJ4ovvDIsREolXSNTeEFvdNx3wuV2cCOGVY5AoCDUNIUHUuxPUHCagJT5fmQl/m5o1SMSMhaWdrKTf3QCbX7eduuMXbD21IhvAzMy4goqlc2qyigw1LRTalRkK6xobVHIdQYEHWPP44tYMqdI4IzlrVtHHpqJSI+WxS/iZKpH2Itfr6WOEVVbVJWxJLTqyrGdbyIwXUxDhF1d+53/F5YtcurK6tWOioqnTJEGaGAuYtV7HVGykXcdgbj0vjX3NaoMKBEpUaWpmB5M9HkNQuf0clPl5oqSjzGKoWSR2mlna3MDvK7H422t874Pyw8x18/wBt8DOWUOdjM6SauqaqZoTKXadFhkNMU0IJowx/FfT8Ce+Cg7X7374zPU6heoFJzgRj01Q4WdV4/wBZetvjhQkQW8Q+uEDe2/njgclnUdVN/lYHAsbRmI+HRlI1D5dcLWSwJ5rb7AavyGGkI8Jsd+g73PnjpaxK9+9he3yxKrRhAmT/AGg1VVUcQtSPJIYKaClSnV2JQ81Qxaw2vvb5YlZR9nlZmMBqKyrFGDoaGMIskkgdQdTgGyj0xO45yqWrqMvzCCGUlIxTyPHukgicyMjEC6so6HvfFg0/Gp9kOTzwRZY6xkyOsZ0gNZhNI/iB8h36Y19G4PgU1p7ZEalrnUx+GIvIcqquFs3joGn51DnFPO678swzUgDrKyk7hgSt/hgz1R2J1XJP6x+HngXioY6HiB6rMMxaprcwW1EsqMCIDtyVIJTw9bWGCTw9QBv6A4B37g1N99uY9qYXideWJNNze4ba/fbzOExlW1yHSA+mwuSPLrjrpEwUsqmxuLgWx5jEFW+gD4AD8sDGIzzEAHlEhYQbqACSb2Jtf03x7wAlri+4uW/IXw200ANgtzufCoGG358hty0jW2xNi+IiwPEeEzzI2bQPWUYgjKCf2ujkguw99ZQDsN+l8KmyRQ+YzQzrJHV0D0VTAyBAR4vvYyCTsCdrHC1p6aJo5OWjSowcSOAWDA9Qe2LmWenhhM0zRRRgB2kcqoRSLg3tfV5ADBGzw6FTIK9V6eFQ7THMmyiuyjP4Ofq5DxVEEDsqgSzCISiNgpNtje4J6Wv1sX00PEdTW1MeYVtBDBDCvs9LQiMMuojxnmC9u253+WKapqJczr81zDKswebKqeWSfL4JLBRUFbTtGreIKSGKdOp88VlJmGTVUdUtVXtDLJUCaaObmNd1UoDY73F7dcH3LVG9vfAGdoStdCoCvs53mpmPmMGI2IbrcG1u3fDLwcPRPKkyZMky8pplqUoVdTMTyzLrGxexIvucTaBmqqShqn0l54BK/L9253IAJPw64Bs54O4kr83ztUpKGpy3Os0oK6WumlK1dHDBcGEICDsCy9Dfbe+4OrvM2ZbZtl1Dl/D/ABElIxaLMM0XM30PEY45ppY7xw8rw6Rp2GAQLGLWUC17W7XwYnJKnIuDs4oJ+Ttmck8IhZnVYJKiPlqxbe9huP8ARDz16Yo3Xvzf+jP2Zvn+gk32qBsr9jkiJqIKwzUcoAskMoJljY+p3AxDAkdkjQAySOkcYJ2LuQoBPzx6xPTvjgaSKWnlTYxSCRWAvpdCGW4PrivseZoBTNNWFLvv9807JaTL8mpFghHOrJAjVk6goJZBe1r72XoBieJKmQiy6Bcm6gs5+F/4Yzj+UvEJVj7Ug6tZKeG2+4A1KTiLPnefVY01NdVPFpt4JDGnw0RaR+WLYroowJin9H7uvU8Ss4yx35/pNBzHOcjy1oRUmSaaZ2LJAVlaMA2LyANYb9uuKXN+LYWjMGTp43B11ckQVkHlCjX39e37AsXtdrDqSSdh6m/54K8h4VWvp4a/MmnSnlJNNTJeNpYwfflc7gHsB2+OGeK9TYS63SbLpyCtcHJH1Pyg1zKqrk0FqipmdvcUyTyMSf1bnE2o4YztKRa6rgNPBGwV4ywaoVHBs7Kt1AHQ3PfGnUdHQ0CGKjpoqdb7iJNJa36zHxH5nDkra1eNyAkoMBLEAfeeG2+JqFMU3DvvBHU+tet0mt7ddA8+/wDb6zKYYaeFQqKsa31bdST3JO5OHgoG3X44l5t7E+ZV3JjjjiWZ440QBVASylhbbcgn54iBkA6sQu1yCSbd8byiAUBAxPErl2NRgWzvO49vhOtf1XPwU/vxwttssg8/D/niU4lYEzpvfrh2kinkqqOKBmE7zx8pgbFdLXL/AAAuThNMI5amkik5oSWohicqhvpdwptbvgzpsoocunlqaNpVmdOTqqw7FI73KxsU29du3XAy7uUojSw3Ihrp1i9y2pTgCPZmy6oYigNy8kgYA38rX+uKx4kUq2kXAPLcAXT4Y4Y0NTIwZXCTWDiTmu2gW06gALd8PagNmB8rgY8W6lXNS5dhxn8p67bJppKpkZY0VbKOpJvbuTcnCws49y9j0IOHTa/h/Ib/ADGPL8cUfEMsYxIwVllaRi2p9Ia+6+HpscOSSVEZhWKNZFkIu66ho37gYeZC2/fphpeZHsQdJ8sKSr7xOIVZLq9hTUQTzZt1BA971xzPSoy2oLMFXXDqY3so1jc2x7I7/o+O/wDzZv8AFjudqHy6dSSAXh3HUWcG4xv0/wBuH/H9Jnm+0H5wLQ0zjnySU/JmYIjLGzSBwSuzkdPjiLUoklQ9NFZnWMSEghFiEjGIhklIVlYdQD69BvcaWZGTUjXBBDjTc9r6cQY4tVY3M0yCnjRGGyoBpEWpVdbi17XxmemgNWENod8xiXJqeWk9kq1UojssUjyFXhJC3MTe6dyFUG3XY7WwFZlw5nlBOxpVlnAJflx+KpVV3LKq++q/iZeh6gY06KWnkjshikDBJDpKeO8SRERljbb8R9NgdVsJZ1ChowjohimiAPLXQHAE0Z3IROtupt0IOnGtGF3jKmam0H+FqTMaUI2apUwy1y8yFaoMGbSdK6uYdW9th/HBgWU913364D4KbNaBMzpKisarijhqM4yuUkRtzI5FkqY12LgEeIG4G1x1wVUk61NLT1IIKyxLJdem+22Mx1a30OKg7xhzjftHQy77p5dRhOuNJkuyXdWAGpbn88OW21G1vSx/PDMiDwswUMCDqO9r9gMASYi4JijJGildcZbWLAOpt3FwDfHBICzIpXWSB712JP7sNPyj/RgbMuy9e2oYkUEKzTISAbKT7gvsNIBY/HyxLbUzWrLTHcxtUrTpl/KVXFdXJHQjLaUyPVywR1CwU+zx06SBTI3kCbjfrv5YCFrJpFjphVcmRJAdMw1QhrnxNGx0k/H/AONmNJTuxMkMbuF0CQgBwl9WjV1tfe2ALiHgOtqaietymeMGQ6mp5Us2rvoe+kfTG+rWjM6hR7IGBKlje06FIh855MgcOZRLHmIq6qdZJ6TWVRJmmVeYhRdbElQ3pq6Dt3NW8SkA21Wsb23wNcKUFTQ0lVS1cPLlWYlo3Fzq7sfjgk0R3voQf3QP2YynVabpXKue20nW4W49sbSNIzeJQQCBYne37cKWnkk5Zc6bb+d8LFFSay/IhL69d9C7N5j1wu0XMKaFsEve1t8Big7yyXAGBFCNEtZdx1J64VpJDEAn1FzbCNEa2sqjvYdcRpVikkMcgCooHcjci99sKSF4kYBbmSBGzMiWPicD5XucWFVRQ1aQRyRQyokqsyVCrIlrW3U9/LFbSrHFNTMwW3NCRsSbklbXtggXYDBjpiK6sTB95kOBGYqKkhjVIaeCFVFkWCKONVHXYKAMDnEGQVmYCAQRZdMEcsRUQhZASDc6wLnF5mGcZXlap7ZPpll2hp41aSpmPlHEl2/LEYZzEVDS0VdSgmyGujROYLX2COTf44LXGhQDneVdRG85lmYZYKHL9LMBySQHOpluxJDGwFwbjoP4Z/xVRS5ZmMmdxZ7m60ebZoz1lPk0hgqIIFhCoyI8oDNcWva3zwY5ZSxS5bl5anMTJE0YUurFlQ2WQlex6gdRgBrqfhd+I+Ml4snq6ZoQDku84U0YRhGYAnVvcsDsbnuMaRY2XOXB6T7PZqeqWVKyaraqMMwKzhJasMpcHuRv88DV3PZV+O5+gwQ5TSVk3AzVVas3OCSSUrTFg8lKkwMTsG3ta+k9xbzwPkHfA+6wXm/9GWItmx/MfyE5Zu7n5BRjoA/WYj445j2KhE1QfHvCeFhrF/xdzfawxxrs0KprLvIEVIgWdzb3VUA7/LCoopJ3hhitzaiaOBCv60jBAR69/ljVIcpyfLTlxpqWBJYSITOka84qsbblwL7nrviWlS1wN1PqyWCqCuotnAg7kXC8cLxVucoXddLw0TMDHGRYhqi2xPkO3qehiJoFLaYt2ADXe4I+BwwWMhsmoDuSAcLWkjPV2Bt33+mCCqqDAnnt5e1r1/Eqn+n3RLVCRmyQqFBuAuoW9bjClqaYkuYo9QBJ5gJvpubkY4YEXa5b1wzVNFS0lbUkgcmnmYau7lSqD6kYkXBYCUHOlS3lM8ZuYzuQLyMzt8Sb44cJBIsBa3Q3NrfDHgX3vp9Nj+e+Nup2xPLn3OZ0lvMYSWYHb8hjxMv6qkehIP548pB2sVPk2x+WGkxwXaKildJaeQA3SaFwQbHwuDjURXG7B4WG53Dah1xlrXCse4Fx8RuMapSgTRU8vaaKGT5OobAPqoPsk/GajoDL7a/KU1SKVjUSRwBNdY66lNg2mJL7fHDKxry5X3+75YAJ94sTiVVAmnpZO0tTWy/JpLD8gMQXmCRSIEd2ZgyqoFiVBtqY48k6qq+usoGBj64npFoSaAP+cxDSopPgGnzHXCfaKe4uri/e2w9ThmIFY15urmSHXIXNyZCPEBbthz7sjdT0I/dfFAUk8payYtKqnZUYEjWbKCPM7YWs8DhbMPFfSDbxW3OnEdadJIQjXFrDpY3B8/LCJItLRHSAsbFgFHXbTYYZ4VNjgcziWG8L8msaGOwsOZL1/tY7nBAoZSQxGuLZRc+8MN5E2rLoze95Zv8AFj2fGcZZPyTZzJANQtdVLjUQT6Y9CpjHTQP/AB/SZ597g/ODnPo0BLyshALG632Bvgdmkasr3pZXmFJFG9XVR6giz811WOEMv4BY6vFZu+97XEs0yK0VpWLkokhUEgEdehv3GKGjjipq2eGsTwCB44y5VmR9bTaVY32a5Frdd/iA6QV1GHKagQiiFNAmmKOCKMK1kjamVGCVFKVNgp3+eIlZWSJIFsPE0tRUm8TCTltraQEeHUqki5Gw7Xwpvb28EU/IiV5UVHSV3YCsgQu5Kgb26ADriurKkRIKmtIWSnlDssZD895iQI6dpYwbsuxBJtjQk+UmVQNyJb8wI0TkK5SUs6AFhLZTC+m+5LKdz0F8e4PLNkcMJYcyiq66hcFgSDDKbAkbdCMUFJmFRItWtVGIlMFOYELRyS6CrIplIYuTsLrsBuTgr4bijWjq3Vlf2jMaqdyAf5zTGjC5Fj0v88DeogNRw3nK1yuBqEsDHGbXC2Fr2INz52Bx3ljSbaASpN9unn54k8tR1VR2tpGOCKxY6AWItv0AHbGa8ISmHlcI5YmBJLCxC7g2F72xOypXWplZ1I1JsSLXue2FrGrdQt/UW/LCp9ccE7LYaUDRkG1mQg2wS6ZbgXKN8f0kNzWzSIloGCqSxACaixJsABvck4Z9uoNegVEZb+rqZPhrUafzxV00K5vI1TX6pIKeTl01I1+QCoF5pkv4mvcC/Ty3vi31IiKihVQ+FFAAWw62A2sMb4wMGlI9M6STzu+qR55mdt99cjMii/YLYfLHGdVUsdR3UWUb7+eG66uWFqlJWWGGnKglz45p5gHWOJOpIBG/a+OLkcOlTewJLoI9ai7Ajck3/wBX74ynXrdn0ug8xL9gye0jmPg3uF3I36Hp074ZmEiyKwFiylbsDYeuFRZPSxLptuzFmbXIWN/icLfL6YpyhzNjqFne9+nW+Mu1F8bwqDTDbGNPCmgudWoLfXve/nhvlSM3MMgBYC999z2x5Mjo0bmtLKxvch5pD6WOonCzAlnZGJZL6dDOxU+tzbENSkVO4kmpR7rfSJWIxya3dmkWzrc+7Y36YVm+c11PUUtBQJDzqyNI46iW7LT1ErWUsnew/O2Ia0ahWYNVGW7sHkklBB/Edze35Y7ngy6BqSuqAzLGIS7I5Vo5RZ0k8rNbb4Yv2blA2n4ShfLgg5zLXK8hocseWrZpKzM5heorqxtczE9Ql9lX0GHKmKeoksioVT8Umyk/1e+JkM8VVTU9ShvFPEkqHoSHFxhMg0qGlk5aXCqq22JBO5bBmsuoCD8E8StypUXLstOlhrhMhEgCszOSxYhQF3vcWFrYzzMJ+dxJxOKji6hy9KfMuXTRZhQGtZBHcFIhMhRUU3GzWPW3no2S0zrlmVC8e8GomJgysSTdgR4d+th06dsAXE/DfEtbm1bNDw9QrksdY9dPKtVTUsleEUlpqmpkkMqjc7Cw6m198alBuYplvw57XXcHZqZK16+Woqc0SGeQPqkFwqgLJuBsSB2vbAWOZYX0tsLg7EfTGgcF1M1Tw/STGno4EStq4Y4aJVSnVI5LDSVYgk3NzqN+t98CGc0hoc0zKntZBO0kVunKl+8Wx+eKd0N8zYejVXd6JPxleCCCRfbqDjuPbDrt5+pvbHT0O3Y4pZm0KZ7ybkBRM2yRnkEarUodRQv4mUqFCqCd7/LGpyQVBKsCrKWAOjqB88ZDTTT00lLUQNpmgKyRtYGzAW3B7dQfjg/pOLsrMVPLNUPFK6nn0qU8sxV+55i+Gw6jf9mLdBxggzHekNnVqOlRFyAMbQgBMY0qh9T3PqRhPO374dNQJLPy5VhW12kRQJQ1gvLF9X5Y7KoVJG8HhXq+y38icWZj8EbRKlHtZl37Hyw1U0tPUwywTWaGZdDqCbkXB2I7jD/KRGjF0UuWvpPQqLm2EEiNm1qSnMCB1F9m9247jzxwyNxGkBhhuIAZtQR5ZWezJI0iGKOZS4AZQ9/CbdemK+6+eLLPJudm+Zk3skwhS/ZI1CgDFaf6ux9cbSgT4SkntPNbtF8dggwAZ7HCAR0uPjvjt97d8dFsScyHiNqxsyNcsF62tsb2+mNKyqaWbKcsaMFR7FGg1Ag6lXTff8sZs2zJYnxBlsBt0vvjQcrqCmTULa11rQKwBbw+FSR+zAnqn7sfOaDoQHjMR5frH6mnYUECdWpkQn6WfFT4T6+uCLUZ1sqsVkTcAfrC5F8Dh8LMvZWZQfMA7HHlnpBb6aq1h3H+fSej9OqZQp5Rt1jJQ9ShJX0JBU49pucKYjoLXvjgYjYjGfBOITxOi4Iv09OuFEL3IGOFxbsMc2G7dPTfDCpO8WE2T29hjtv95L/iwnPJFiy6d2sLPDYsdK3L92x3JSDQxkf8yX/Fj2diQ5dMIxeRniCi9t9WPRaf+2D/AIfpM2/2g/OCdHPR1bmCWopjPHKY0AlBub3BFje2BXMWinzXMRFd6d52jjSKMPqWEcslQp1HcEkXwWx0zMqNUENIFcs0ShXWwYgpo69u+M7gdhzlDKp58hDOxUMGNrkgabg3uR5dScBel01ZmYdoZQgNtCuiZqTmIq18rKyTTwSMCtPGJE1q7yusEZAYEeInYHEKtrIwwp1qaKvUOkkFpIpZqSpSZYV55W8bAdVst/pvCoFnq5EMlb7RctI0cwaSGnEsfIV51lYoNRFgzXI2Nh1xYz5dGJjXQMrUwgUFFRoWVvaEsVSmIGkWZTt+HbY4PkYEnVtR24jEiqsStJIvNliZnYsLeF6gvfmIqdf/AI8ivhuVF9rpmYiV1jrAshsdLeE6dR1W93ew64CcynMk8kYaTVGssa2MockzygFdbau/pi64dq0oJGzDMWKxLBVR1Uzh5SIhpkU6IwfI9STt0xUr09dMiJXOpCPKH1idwRYbj5Y8rhyFXSR1vqFrfLAzUcd8DRAhK55zaxFNRysDfteRUGKk/aTw/TALTZZXy2uLn2enUi/YDUcB1sK7MAqnECGomIf3sd0IO+m1rfHDFVMBR1zMBaOFpDuDdVIv+V7YGcj464fzyrioJqeSgq5WtSiodJIZnP4VkUCzHtcb9L32xe5hRK1PmUcSorSUs6BwNIRtB8RPp3xYWjUtqyFhjcRjFXQiNcO1C82tpuakiusdVEB74RxYk+nTBE8Ye+5GqwYjYhL9B8emM4yLMPY6yilqJeRFFHNS18cwJ5D21HSQNRW42+I7YNIc7pqi5plLj8JkYR3v5AXNv9Wxra9VKHvnmD7ek9UeyOIGZ1R1GYcYVUKMSsTUkgjjLHlpyY7yTN0UeWD6mMc8Cstyql4xta+g6bj0wEZwUqaieerz7MMlnlCs2X02upS0Q5auORFvqAvbV3xZ5NmMWV0TR5vWNHd9UL5haGvmSRiFZqKIsyr0tc37m2ILtBVo6hvGUtSVSG2hM0Q1KdPTDbLc9LAnfzOKqTiXh5YzqqZSAVsEilFzbbSWttiul42yeK4jp6uU3IF2RFt6kknGfa0duFxCAqqBzCAwlmIYeEdAenxPfCjDF0UEXFn0jTt264H8v4vyauqYqecPRyyskURaXXC7ubBC6gWbyvgk5a76dYPQnUb7YpVLU0jhxvJlqh+DIklMmhVUXZz1Pn2w3XUrzRloxoqKQ6IWUrqaOwYDxgrv0AIt54mqjCRCSdK3Jub38gcelBBL2uttMq77oe/yxHSpAAt90huHzgGU9NNmFNFT08srMwZyeXTctgCxZpJ5JyVXT5KDv0NukWvzSneNGpzUVg5hHNhhDQkWPug7n427YXntJXNTVEi3qk5AWLVUaQ0WoOYpoXGhgehIIJ269CPZVPTGN3pwI1YnXAvhETjYjT0v54k1ELgy5YWdO5zqbjtDbKZ+XQZbG6p4YLfdm41AkNud73vf5/MerOFOJJJ+Ja6LiLMY4q+aoqoMuoY/51ShVYHNS4QEiy9Ld/hbUkPstLQQKT9xEFB0svbVsrAEDfYWFsZ3m6VdDxBndFV1Io4c/rfb5a5a9Y9WUITMtKkYBZHc2W529NNydmsGYhtwhlea5VwzHR5jTNT1SV9VIImeNyIpXBBJiJXz74h8XUERpIMxCn2iGWKmdgTYxPrIuPMG1vjix4OizaDIqSkzPnCX2idqVJ50qGjoiwaFTNGSrC26ny+FhL4mp0fIs26/dxRzD+0kqG+K9YZBhHplU0rlGB74/GZW4urbdgfpvhZ1XIsbW3O1scc2AH6zhR9d8dKqxBIv8b74FZnrQXESBYKuoXA9D0x4rvfxHwkadrE/DHo1UKLADqDt5HCiLqw8wRhYmnuYQ8PcRvl80dLXc2SiUho5GZ5WpbLpVUjJtbv6YOkzClzGMtRTUkyEEcxW1PCWvu0R8QOMiRQEQW/CPjfEimqKqimSppZWimQ3DJ0I7hl6EHuMT07gjYzM9Q9H6dxmrS9lj+BmsFAxBZR4Ra9tzbbcjDqKT4DcEG9j0tfywCUPGWZpURfpAQSUjMFlMUKxPED/AEgZTvbyt2wdhizI4INrFCO4Njt8cXadQPxMVfdPrWJC1hzxiAGeBVzfNQO1Sf8AAuK62Jmby68zzaRjYGsn3O1gGKj9mIQN72JPfb92NpR2pqPgJ5Tc71nPxP5yRBSSVCV8iEaaSm9pcfrDmKukfU/TDFsEvC8AeDNGdRpqWWkII/CI2J/NhgalHIaVJPCYWaNvPUpK2xHTr6qrJ5SatamnQp1f5sxHWRR5KW+uwwX5Y0cmSwSVDVbRrFNC26lUCyFbqBvbpgRi1eJ3FmkN7HsvYYNMniDcNSE28XtpBPkJb4q9SH/SB+MIdEYi4I+EnLIYI0jtmCry95I1PZfe2NsVCykIqqGlYD8RUOfUki2CGojCU833hQcprnc9rdPXA97gta3Q/HHmPXmDFEnpHTxgMY7ZSNgQbbkm5H0xzT09OuErLHvc29P4YSZHPuiw7HucZYK2cQoSIptyFsdI/PC0QKLk7D9boMcRT1bqf3462k7Wvb474axzsI6EuTEGhjI6cyX/ABY9nen9HzajpXXDqOrSANY6nHMl3oI//uTf4sI4gMX6LqOaSE1wgkX2u48sejUx/wBtGf5f0mbc/wCoJ+MF0nWCOWOdl0KsimRGWSPlsDctpNx16YzeomijaTS8mkkhipJLhBZVL23BBIU22Hlgi4grUV46GmYAOglqWTYtv4UP7cR6OLhunoxWZkRXVMhdYMuiZkCW21TuMBumK1JdXnNrb9KVrbxqmSW4AlSubLq00gii5/3k0YQ6FlKhGdlJu3RSLm23TfcjDiuy1pRJM9REDJIpYkFg/MbSikLYm5tbAHUqYpjLGoQGQuqKSVQEk6ATvbBHkOYorqr2Mcp0sD032OCVzq0h0O0rCkaTmlU2j+XJlsUs9fXVUXtE7SCOOOB5DBFKxDXvZNRDX7204tpcwyeVbTTu6OHWSNBIxCPcuBfSg957bdx5YhwT5ZlVdVx12WpXQMv3Ku4QhGOoMGIPwxFzKXJpZ0bKqWpp4Sl5Y6mUSfeE9E7gD44b47aQ4I+UP0ej29VxT0sVI97bH9YH1lDPRO+qzQa2EUq9HS5CsV6gkYhGTBZPGKmF4WF20kpfqbC5W/XfA/mWXmhmp9JJp6qnjqqZju3Lce61u4NwcE7W6FUaW5mL9IOkr0ysoQ5VvP4SPTc41NGIdXONTTiIA78zmDTv169MfRVa9StJnRia04oq4xOwACzcpwhGra19sYdwdRpW8R5SjxmSOnM1ZItrgmCMuhP97Tg/4gzVfa6fJ4WkAi0VeYOTuWIDRU6/1ejN8h2xDWt3vb6jbUuefugF6i0Ld6z8CCNRmudQ08NPXUarJHEiF2jiklXSvX3uvxP+V/kee0FUl0jeGqTTzQzbPawDFL238xhOYZREcrXMZpdBqCPZ4WW8so/FIzH+GAaST2OohlpWljmjvrJI0k37W3sR1xour9GSpRARskfn3g/ovWNLkMux5E2dqj22nkjiq2panllY5oCjPESNipIP5b+oxnMtLxBRzVoqqKtkvLV3mjRpEmMpBZxMTvq9d/phzK+IY3YayKee4FmuYX9FY9PQHBxl+aU1QVSpiiDKPcnUMj3HbGSt61SxqCncL7J/zImmvLNLymatmQW/zbzmcn9LvvJS1LP4rIoChVVRuxJtiuq56mAqKhWRmFwgGkFe3T+ONAzKEU2YqNKR0NTJaCZNUkUSOdOmQruLXF9sD+a5aKuOaicBKyllZIj/AF720X8m7f54272lu9DxqD52zMLSuq6V/BuKemC3tVkadnA0KTCgPiaTsQP1V63x9GRurRQTBbGSGKVhvYl1DY+aqiIQiRGXTIoZSPLbvfr54+iIUqRTUimbSEp4Vc7gKFjXUSSegxieruAiFRkmaehTwxVtpJeUpLBewVnCW7bjzw5JMkUkep0CyHR4mXwt2Jue/TAjWZsk8ccSyS2rZHenV/f9mjYqJnHbWQSo8gMMQUUU0kZKAgsF1Pew37k4ztS5e2Y03G8DXvVKdF9KDVmXubVDUcbpEsk0E2zR0xjlngJ/HFG+xXzF/hjMpZ5KSoqZUqoWSdyRZHp5Rv0kilGxHoTjSaul4foaaQzToZzGTGq7+K22wxn+ZtQVRQOoJQ7G3p0xap1GV9NRefI5/GPo9Xq2tYHHPkc/jNDyg1EuXZfJMI9TI+nlksGjBIUuWPvH8W+ASvjyzL+I+MG4iySrzAZjabKJYoTPqhZWVI0P4TbSL9Rp7X8Wh5ZTSxZflsZkjkMdOq82N2dJB1BVmFyPl8vLM+Koqulz3PXp5czpFqcwikqcyFZJ7DSEr1eGgVpB5LqN9unfGxTmEzC/gWHMKDJcsgrUZH51TIkTMpkhhdiyJIAbgjckHcX6C1sFtbTxZjRV1GGI9qp3hBIPhYjwk/PA3wfQZfQZJH7NmcOaRmsqJ5aqmBChpNJdSJG13He/x74voZ3qYowAFidSzm+5BPuRt/iPywjAEkTkdkYMvaZA6SLPIso0tTvJCy9fvVOhyD5X2GO3wQ8X0Qps3MsahYq6FKhQosvMUaHA+n54HsCHXS2DPXrK59Zt1qr3H1nqeOaaUQQxtJNLMUijT3mZhqsL/P6YdnhqKaXk1MMsEv6kyFCfhfY/I4k5ArNn2Uop0saqN7jyEb3xqE9BT1ainrIoZ4WIFpUB3v1U9QfniSnR1jMD3/WWsKy0yuQRn6/2mPqwCoWIAI239ML7Y03KchyGkhWaGiQyyqyu9QTMwAYrpBkJsMA+fZa+XZnWJFTSpQs4kpnVWaLQ4uRr9DcHHVKDIMyax65RvKhpcYGxMqfMHpb5fPGj8M1clTk9CXN3p2kpWLdSIWsv5WxnIMbFNcnLi1DmyhdZjS/icLcXsN7Y1XLaCjoqGlgoiTTCISRuTdpeZ4zIx82vfEltkMTB/pK6eCtPuTmA+bK6Zhmceklva5rk2tZm1X3+OIVxqKkFVVQb9r/HF1xGAmb1Y6nl05a363KF7/liklOqOUdyp3t/njf0Dmkp+Anz1cjTcOvxMNeHSkWVUpUM09RJPUKi21AM5CtIegFgOuBvOoOVm+YatJLS85At9CCRQ/hv8dz+zBzlFJDRUFHTh4Top4VblqF8YW7FiWJJOBjiyHRmVNKAdM1JHYgggmNmQ9PS2AlnULXLfHM0vUaWixTHbEH7evfb0wcZPG7cORWYBfZ6tttzcs/XARguySqjGQVS6X105qoSwNls1mBt574u9SU+ED2zBvQ3X1gjuQYQ1cUa0lQWYluWCC2/cdsUDKptcA9bYsK7MDHEI493mDAlgLhdr7HFSsp2DfLzx5L18a6409hieodPyKZJ7mdeNQGYX1KCRptcnt1x2GCVYUd5Q95GQkpZtlB2PT06Y4Q8hsb2HWxw80EghhYtdHMojW5upUgEjtgIhIVg2+0vNtiMyBtVNudKylm8ydJAvhDMyEapVOvUF1qoQEC9yQRhbc1dtLED8Q7/ABw01nGlgCD1DDbDaYEceYTcOhv0XCze88tQ52tu0hPQY5xJIYcpqpAL6ZKe49DKoOHcjBGXxerzEf8AVbDPEzFcoqT4L8ynA5jaVuZANzj0VP8Abv8A1/SZ1vtH3zGs1lebNKqdV+7l0GMA32C2wzqvYd9tvXFvmAiMqmYxx6gBFIo0xsVAup8j5b9sQxGo3V4z6gqfzwGWp7A27T1jpNyjUQqHOO0rZ6aSYbLsAdzsMRaTXEykbAOFb0v0OLuolhij8TBm7ICNz8sU8NREssiyA6ZOpXopJ8sXaLM6EYyJS6otuKoaoQCZfSVNPXpSw1PMimhBRJowhJU/hdWI28t8R6mKGmk5aVDSkBdayR8t1ZhcWAYg/G+IMjlCTcNb3SCLMvbC4BHKzvplNQxjVbFeXpU76g3iv5WOI/D2yZWsr2tSrCmDsI68vLCvsNLIRfboe+O8YRR09PwxCUCTexySuPxKjaAgPpscN1KlaymSVggMiORqUssaeJnIGKnPszObZlPUDVylCwU4Y3IjQWBPx64mtKBasjjgZP0wJn/TC9W6u6VFf4Nz94xCb7NaKefM82qokuKekiprltKg1Eobc/BDhnNpZ4+Is55igze2SxlRci3QBfTpgh4FhqKPh6WZI7PmdXJPqt4jDEBCgsR5hj88U/FEEq5xBVBRCtcIyskpZY1qIwEcM1u+zfP6XemdTp2/WCw7DEzNxbPWsjTUZ7zlXV5hOsCVDuwhjEcIbosY7C22B+qpZJXuqszE7aQTgt0SrYXjYkAkqVdTt1X/AOcNVBCKWd9CgEtdQvTsBjaV+rJWp6NMx1C3ei+0E46aWKbkGxeSItoBuSRvbFlleYVdLUUsOs8l50iZXGoLqJHh7jEI1cX6RiqChWNTp0DdtNiLk+eLxIIJWjqYRGXuJI3t+IdAR0wHqVEqUWpMuc5hym1W1qrV3HG8nS1tUsrB5NUb6kIN9Gg7HYefwwNVFXUIZDI789ZR4yzXIQ+E/sti5dqllZJY2ZjzwWj0KAGF1263BxUV8NQjwVFUhEQCeI6Rz3X8CL1P9bAjpXi2fiK42Ihvq9S2v/DNI5b9IqWlhzPiTKaVNkra2FZf/t83W1x52BxtVbMPY8wsL/7JVFRY7/dtsLYxXhYtV8V5EWO4nllO/XlQSPtbzP7cbSFA6kkHsSSCO4PxwA6pXNCrTHYb/X+0sVytw1Qrtn+mJndTUH9LTlozF9zTmOO5ssbIGAUntvi5fMZFpIIAunSzNqF7m+4+mBriKnqctzOSOViYgymklZvep3JCL57WsfUeuLCGqqHp4hPEVktpIcWuttm/0cQ9Ytx43jJurb/jvPP6lixP0MZrq2WUNqJv533wO1E0l7rfqQT1xezquoryhcjYg3v64p8waOn0B7B2IOkdlsdzhLJRsqiXLW18PczZ8nVBlmUpGoVVpggCkMAVJViCCepuevfGW5wckXiXiVq7hqpzNqjO46CCSLM5KVTPJGGWLQg3Ld97D9unnnx6URigFwFWwAFgOg2xndTR5zmfEHGI4foctX2W9JmkmYappa6ZldnCc24W+lradPTrvtsE2M0JhNwBHCeFiqxGFZs0zG8PMLmMawmgO25sABfBTHAI1sC7e6SXYsbKLC3aw+GA3glqKTKsvqKKl9liWepSaBZHmRJ1NnKtKSbHYjc+XbBl7REw0O8sdje8bKrH42B2wjbmNg5xpSvLltPUgXNHUC522inAQ/QhfrjP7g41+soaSvoa6lMkz+007xKZJHNnIujW27gH5Yx9oVRmR0s6MyOrX2dTZgb4H3K4bPnPQPRq5127Uf5T9D/ePUNU1BmVBWgavZ3WVlHdAdLAetibY2OCVaiOGeMhoZUSaNh1KMAwIxiahA5KqAU2IA63Fxa+Nb4fKxZDklpA6iihBcG/itcqD6XthbYkkiVvSiiulKo94bfdzJcdRSxrNGvOblzzqCkUrAXcm1wttsMtMGvpgqrG/wDRaR9GbCyzs0oTUA7tIR31N1th6OF7XZbH+tufpi4T5zEj2ZTy5NkdTNz6jKY2l2OoiJdTDcF1V7HFzEZiqj2awXYESRhdItYWW+HViQC5Fz13tjrSKgbTbXpbQB+tY6b45QMyWpWqOPbJOJnWfipXOcyEsYVnlR1GsHwMihbG3pisSOeaSKGKNTJNIkUY1dWdgPLC5pp6iSSaokaSaQ3kdzdiemJWVFxmmUlBdva4/oQQx+mNmF8OhjyE8xZvGuiR3P5mHskC7AQRqwAB0ykXI8/Bgf4oik9koJVpwBFUSROeYDbmoCOqj9U/XBJvq3Nvh3xWcQX/AEPXFrHSacqbWIPNUX2xlbRytdT8ZvOoU9dq6/CAJeQf0TfJlOC7KQ0eRRwiKYvVtzWdU1RDmyrsXB7CwO2BUWOCrhV3nhzKkdmMcT008YBtp1MWYfAkYPdTQmgTniZLolVVudJG5EuMyhVoVZIdUkcl/AL3Uje2KXlo3iK2G5sevyIwTuruwsSnnp9eoviprqIwrzY1OgHxgHYDzF8eY9XsHYm4p/fPT7OuFHhv90hI4FgRby+GH2mBijjNvA7st++sDbEXUBuR/DHhqfe9gO2MnoIzjgwq2+I+G77fDHuU0pVVF3dtCg/rHoMMBmU+npiXSlhUUukMx5kZsOpF7m2GU6Q8RV4BMVmOkkQmo4RT08UIAGhbbdL9zir4qVWyWrBtbmU3XcfzgxdJYqD8cU3FP/ktXb/mU/8A+QY9RrqEtmUdh+kzFMk1AT5zLK+Cm9lrBpVmKExgjZXFtwPhfAqbQjWwmRNZUMlmXUADazfxwU1pAgnY3uAFXVuAzG1wBufhiDX5dSyUFPUxrWxmGlp43aaBFhkmkZ2OlrhtNuh07/LAfp4cpuCRHXty1Kvs2D8NpStU0TBmZ6phGutgqxx7XC7Xv5jHPa8tDLCMuqeaxVQDKeaWPQBSOpuO2IMngSZb3DeC9j01A9P8sTaHOpYJYmqYFq3jRIad2IWaJPd0q4FzcdL4LNRGklRn4ZxIt6xBqMT9ZZzZTPBDLUliiRxa5FDqzIpsCvSxO+++Ks1NPqbxVBGwW2lSwHmbnBJmVTG2WVipzA8nJS5IChS4JB/LETKsmoZklnqBVS6IOYDBC7RRuW2Mx0na354HW9Qmkz1Rwe0ku67WmArmVTSSGGZ44Fii5M2pyS8shK2AZ2HTFL0BX8RFh5tfawwbZlTUsWW5gYXSWEQlXLHQ8MhIZNiB16dMCdLVV0MsQo5mSXmAxCPQzcw/LBCzq60Y4x89pToOaw1ec2WkeCOhpI44jTxwUlMohs94gYx4Nr3PW/54oeLXgfKDzDpcVkKwK6kl3CsXCk+nf0tiZTxZxMkTzSSoxCliTY6iLk79sVnEtFUTUNP4zL7JOZnLuAVR1CeEHqSbYxdqoF4GY9zNVRGkqBA0zKiR2VogNtUP4/VgThRqFlWzVE7WKKEVBqJc2ABJxYVWUSNRpUpBWARxwKS1PIItZ1avG35bYq6WGMVFpdQKuGjFjdnQ3Fj+eNglZWU4PEkumpo2UCN+Bli+V08Qsx1P3IlN1PcEabfniMUnplkkjqCqR6S3Q2DHSLAH92Jwkbu1+l7i5xytkgOXzxqt5pHhA8O+kNc4p0q9QOBnmJUrCoul0B+krBWS6riqkBHdVa5PwOGqmoMschbmu4UDmTvqYamAsq9BhtoHBQ7eIBrb3AxJgoZaiOpAC6RGGLEgBSrr1vgo1RRgsZXWkVRhSQKcdpZcCLq4koXsfuqarkvcDTePl6jftvjYdXjjQSXaRS6AMviA8sZxwsMuysScuIS5hMLNOFVikZtZIhfYeeDaCerlGolgdIVCY1unwtjG9Zqitc5XgD+srUKXhp7UGftBQNFksqsHlD1tKy3BDREI/buCMAseY19MixJVyrGNuXMWKD4XvjQOLo6iRct5hD0+mdb6AHSoJV9RKjoQLYGqvJaafLKmtE9LG8Whgkk8ccjgbEJH1b8sbLpFqtbpqM5BxnYzO3tbTclCNjINPW5/VloqKNqiRQC3JBkZFJsC1gbDCZclz+Zi9VBVBz2KEi/fcnHuG62TK6yusARPScq246SKwbb54VneZ5lVctIxMAHEhaAEqdiNOxvt+/FNtVG68KkgA8+8u07ZDT15m/SU5YhgpHW/TGcZtw/m1TneeVlNlfEdCtY701TNktbQGLMqcbc10nlRlLeW47+erVMcwWCgTswU4ay2qo8joqQ5S2XGGWUezSVCVEpGsnnyyr4SzdTYAdgABYWhopyQeV+YxcY9jtAiSsSCpT+jJ/vDANn3DWdSZrVz0FC01PVFajwPEuiVx94tmPnv88aZjmI3oK43l+xv6tjU10/LG8x/+S3FV/8AyqXt/Swdv72JNPknHlIrJS09bAjG7LDVxohPnYPjV8exGLRBxmFqnpHcVBh0Uj4j+8BMpl4/opY0rsumrKRms/Mkp/aI1P4kkDC9vI3wZWmtsh6bXI/PEnHsSrSCjkwLdXIuG1hAvykHl1bE3Flv0Fv449ypVDMFJIVio2uWsbDrifjmHBBKh32mXjh3iS3/AJbJ/wB2Hr/1YssjyTOafNKWeroWjhiSdtbSRMA7JpXZTfB9j2CbX9VlKHiA6fRbem4qAnIleaebsh+oxWZjl9ZNl+cRR08jzVBJgQTA9GBW4ZgoA8sEmOYHIoQhh2hp11oUPcTLxw5xJtfL39TzIf2asEXDOVZnRyZl7ZTtCJUpxGS6HWyFyfcPrgux7BCre1KqFG4MEUOkUqFUVVJyJE5Dr0UEHqL/AJ4r5aauljrhonIdI1jWWRN2DFmKhTa3S2LvHcCalBKilD32htWKkMIHnKczY/7swFz+NLftwpspzTlwaYvF94JACl7avDc38sFuO4Dr0GgoxqP0l039QnJAgccrzcK2mnOqx0kulr+oviTl9JnMEweajH3eu2mRSsikWsBe4PxwT47haXQ6FNw4JyN4j3ruMECNRghFBFj1IJBsT2uMQM7o5swy+opYdPMdoiNXSyMGOLTHMGqlMVEKHuMSkDg5Ey+v4Tz6SLlpRczxKTy5ol6erHECbhXixoWjTLqkghbg1NNpYr0Ju/btjYMe2w6xHqVM0qe4+Mr3NFblxUfmfP8ALwLx6XJTJpADc39rpR17Gz4SnAXHqkE5P9aqlP8A/vH0Dj2FYasmTr7IAmGvwbxw0DRtlUrXaI6fa6YjY97tbFrScMcX08bKKOqj1KFYRzwWYXvY2fpjXdse2xNaVDafu5Wu7dbrGuZvl/CVe/NNbQ2eSRQZKmSKQhEUkEKpI67dO98ElLw/T06qFpYQwAsVIBHzUDBJjuBV5YLd1TWdjk+Rlm3PgUxTTiUUmVTOp2sx8mOw8sD+ZcM5pPcxxB1G4WORQxINxbXtg9xzFL9hW4IIJlhrh2Uqe8zmTI+JfZ3hSkmKuoBVpICLAbdWwIVfBfGzVayR5PKyXZtS1FKN/hrxu2OYtW3TaVvnSSYPoW6UG1LMRj4P4zt4somB261NL/78Kk4L4wKH/wALlJBUhfaaWx372bG2Y9ib1NM5zCLXDFSpExl+DOKWA/8ADZNgB/O0/YerYS3BnFgp2jiyphK80ZdmmpgOWoOws2No2x7CCxQdzKlJTTOoGAGRcNZxRxKKiERuQNQUxdR/YwTx5fIq2Km/yxcY7ig/RKDsWZj9JcNy5gbxDktfXUqU0NPJMjidpAsiIocJ92zBjckHp23wHJwrxZHFLGmTpaQBXOql1kXvsTv+eNix7Fqj02nRXShIHzhK061VtV0qin5jMw6LgzjKKWZhkzWdAFImptrNfu+OycJccA+DJZSD5VFJ+wvfG4Y9ix6nTJyZQrXtSqxbYZ8p/9k="
            ],
            "searchTags": [
                "book"
            ],
            "reviews": null,
            "createdDateTime": "2023-09-20T15:59:17.505",
            "zoneId": "ALPHA"
        },
        {
            "productId": 58,
            "name": "JBL Go 3",
            "title": "JBL Go 3, Wireless Ultra Portable Bluetooth Speaker, Pro Sound, Vibrant Colors with Rugged Fabric Design, Waterproof, Type C (Without Mic, Blue)",
            "description": "Brand\tJBL\nModel Name\tGO 3\nSpeaker Type\tPortable Speaker\nConnectivity Technology\tBluetooth\nSpecial Feature\tUltra-Portable, IP67 Waterproof and Sweatproof\nAbout this item\nUltimate JBL Pro Sound: Enjoy signature JBL bass without any distortion.\nPort-anywhere: Feather light, ultra-portable grab-and-go design. Charging Time: 2.5 Hrs\nIP67 water-resistant and dust-resistant: Engineered to withstand splashes and sand.\nQuick-Connect: Experience your music and movies without any lagging with Bluetooth 5.1’s Insta-sync.\nMega Playtime: One single charge = upto 5 Hour battery backup under optimum audio settings.",
            "rating": 3.0,
            "price": 2999.0,
            "offer": 40.0,
            "type": "electronic-accessories",
            "brand": "jbl",
            "category": "electronics",
            "merchantId": 1248,
            "quantity": 20,
            "status": "ACTIVE",
            "thumbnailURL": "https://m.media-amazon.com/images/I/71a1b79ML-L._AC_UY327_FMwebp_QL65_.jpg",
            "productImageURLs": [
                "https://m.media-amazon.com/images/I/81fi7+Ad+JL._SY450_.jpg",
                "https://m.media-amazon.com/images/I/91Or+8LAKsL._SY450_.jpg",
                "https://m.media-amazon.com/images/I/71a1b79ML-L._SY450_.jpg"
            ],
            "searchTags": [
                "wireless",
                "sweatproof",
                "waterproof",
                "bluetooth",
                "go 3",
                "blue speaker",
                "portable",
                "speaker",
                "jbl"
            ],
            "reviews": [
                {
                    "reviewId": 1875,
                    "shopperId": 27818,
                    "shopperName": "ABD ABD",
                    "heading": "jbl",
                    "description": "product is good",
                    "rating": 3.0,
                    "dateTime": "2023-12-25T16:22:20.171"
                }
            ],
            "createdDateTime": "2023-09-13T12:38:20.912",
            "zoneId": "ALPHA"
        },
        {
            "productId": 60,
            "name": "laptop",
            "title": "Acer Aspire Lite AMD Ryzen 5 5500U Premium Thin and Light Laptop",
            "description": "\nBrand\tAcer\nModel Name\tAspire Lite\nScreen Size\t15.6 Inches\nColour\tSteel Gray\nCPU Model\tAMD Ryzen 5 5500U\nRAM Memory Installed Size\t16 GB\nOperating System\tWindows 11 Home\nSpecial Feature\tPortable, Reversible, Light Weight\nGraphics Card Description\tIntegrated\nGraphics Coprocessor\tAMD Radeon Graphics\nSee more\nAbout this item\nProcessor : AMD Ryzen 5 5500U Hexa-Core Mobile Processor with AMD Radeon Graphics.Maximum Power Supply Wattage 45 W\nVisibly Stunning: Experience sharp details and crisp colors on the 15.6\" Full HD display, 16:9 aspect ratio, ultra-slim design and narrow bezels.\nInternal Specifications: RAM - 16 GB of Dual-channel DDR4, 2 SODIMM sockets; Storage - 512 GB SSD NVMe solid-state drive storage (expandable up to 1TB) to store your files and media\nPorts: 1 x USB 3.2 Gen 1 (Type A), 2 x USB 2.0 (Type A), 1 x USB 3.2 Gen 2 (Type C), 1 x DC-in jack\nKeyboard: 100-/101-/104-key keyboard with independent numeric keypad, international language support\nPremium Metal sleek body on both A & D Cover for lightweight experience\nReversible Read Mode : Now find reversible read mode by pressing CTRL+R and show your laptop screen to your friends, teachers or colleagues\nOperating System : Windows 11 Home, Graphic : AMD Radeon Graphics,",
            "rating": 0.0,
            "price": 50000.0,
            "offer": 40.0,
            "type": "electronic-accessories",
            "brand": "acer",
            "category": "electronics",
            "merchantId": 1248,
            "quantity": 120,
            "status": "ACTIVE",
            "thumbnailURL": "https://m.media-amazon.com/images/I/71czGb00k5L._SX569_.jpg",
            "productImageURLs": [
                "https://m.media-amazon.com/images/I/5159sjjtUGL._SS40_.jpg",
                "https://m.media-amazon.com/images/I/5161SiWLMwL._SS40_.jpg",
                "https://m.media-amazon.com/images/I/51g5tzO5I4L._SS40_.jpg"
            ],
            "searchTags": [
                "16 gb laptop",
                "acer laptop",
                "acer",
                "laptop"
            ],
            "reviews": null,
            "createdDateTime": "2023-09-13T12:40:01.874",
            "zoneId": "ALPHA"
        },
        {
            "productId": 66,
            "name": "HP Laptop 15S",
            "title": "15Series",
            "description": "Brand\tHP\nModel Name\tHP 15s-eq2143au\nScreen Size\t15.6 Inches\nColour\tNatural Silver\nHard Disk Size\t512 GB\nCPU Model\tRyzen 3\nRAM Memory Installed Size\t8 GB\nOperating System\tWindows 11 Home\nSpecial Feature\tMicro Edge, Anti Glare, Dual Speakers, Built in Alexa, Multi Touch Gesture, Lightweight.\n\nAbout this item\n【4-core AMD Ryzen 3 5300U】8 threads and 4MB L3 cache deliver powerful performance and swift responsiveness. The AMD Radeon graphics help you experience crisp visuals with vivid clarity.\n【Upgraded memory and storage】8GB DDR4 RAM integrates a higher-bandwidth memory for smooth functioning. The high-speed 512GB PCIe NVMe M.2 SSD creates more room to work with ample of storage.\n【Micro-edge display】The 15.6-inch, FHD, 250-nit, anti-glare, and micro-edge display is engineered for high-quality viewing with stunning clarity.\n【Effortless connectivity】Wi-Fi 5 (1x1) and Bluetooth 4.2 ensure an uninterrupted and seamless experience. Enjoy effortless connectivity with 1 x USB Type-C, 2 x USB Type-A, and 1 x HDMI 1.4b ports.\n",
            "rating": 4.0,
            "price": 40000.0,
            "offer": 40.0,
            "type": "laptop",
            "brand": "hp",
            "category": "electronics",
            "merchantId": 1248,
            "quantity": 20,
            "status": "ACTIVE",
            "thumbnailURL": "https://m.media-amazon.com/images/I/71JNKFTBSwL._AC_UY327_FMwebp_QL65_.jpg",
            "productImageURLs": [
                "https://m.media-amazon.com/images/I/716yR0T86iL._SX522_.jpg",
                "https://m.media-amazon.com/images/I/71JNKFTBSwL._SX522_.jpg"
            ],
            "searchTags": [
                "15S",
                "Laptop",
                "HP"
            ],
            "reviews": [
                {
                    "reviewId": 1180,
                    "shopperId": 17640,
                    "shopperName": "Onkar",
                    "heading": "Worth the value",
                    "description": "rubbhish",
                    "rating": 4.0,
                    "dateTime": "2023-11-30T16:40:47.744"
                }
            ],
            "createdDateTime": "2023-09-13T12:41:55.27",
            "zoneId": "ALPHA"
        },
        {
            "productId": 117,
            "name": "Armani Exchange Brooke Analog Black Dial Women's Watch-AX5329",
            "title": "Brooke Analog Black Dial Women's Watch-AX5329",
            "description": "Dial Color: Black, Case Shape: Round, Dial Glass Material: Mineral\nBand Color: Grey, Band Material: Leather\nWatch Movement Type: Quartz, Watch Display Type: Analog\nCase Material: Stainless Steel, Case Diameter: 38 millimeters, Stainless Steel Bezel\nWater Resistance Depth: 50 meters, Buckle Clasp\n2 years warranty\nRecommended for customers looking for a large dial sized watches",
            "rating": 0.0,
            "price": 12495.0,
            "offer": 12.0,
            "type": "watch",
            "brand": "armani exchange",
            "category": "electronics",
            "merchantId": 1248,
            "quantity": 200,
            "status": "ACTIVE",
            "thumbnailURL": "https://images-eu.ssl-images-amazon.com/images/I/51owBWCBRiL._AC_UL160_SR160,160_.jpg",
            "productImageURLs": [
                "https://m.media-amazon.com/images/I/61GBDWEOI6L._UX679_.jpg",
                "https://m.media-amazon.com/images/I/41JfERAXorL._UX679_.jpg",
                "https://m.media-amazon.com/images/I/51AE2LYGgrL._UX679_.jpg",
                "https://m.media-amazon.com/images/I/51U2++ShxUL._UX679_.jpg",
                "https://m.media-amazon.com/images/I/51owBWCBRiL._UX679_.jpg"
            ],
            "searchTags": [
                "black dial",
                "armani",
                "armani exchange",
                "analog watch",
                "watch"
            ],
            "reviews": null,
            "createdDateTime": "2023-09-13T13:00:49.078",
            "zoneId": "ALPHA"
        },
        {
            "productId": 130,
            "name": "Mobile charger",
            "title": "boat",
            "description": "\nBrand\tBoAt\nConnectivity Technology\tUSB\nConnector Type\tMicro USB\nCompatible Devices\tLaptops\nSpecial Feature\tCharging Indicator, Fast Charging\nColour\tWhite\nInput Voltage\t15 Volts\nMounting Type\tWall Mount\nTotal USB Ports\t2\nWattage\t100 Watts\nSee more\nAbout this item\nThe boAt WCD 65W QCPD Dual Port Wall Charger supports 18W Quick Charge 3.0 & 65W Power Delivery, PPS and is compatible with all Micro USB, Type C and Power Delivery cables for all your charging needs.\nThe GaN chip technology enables this device to be way more efficient as compared to standard chargers with Intelligent Power and Heat Management; also making this about 40% smaller than standard chargers.\nTake charge of time with 18W Quick Charge 3.0 technology & 65W Power Delivery, PPS support.\nThe 6-Layer Smart IC protection will keep your devices safe with built-in surge protection, short circuit protection, over current protection & overheat protection.\nThe Auto Detect Charging (Max 65W) adapts to your device’s charging needs to offer maximum efficiency.\nThe enduring capacitors having up to 10000 cycles is aptly complimented by its corrosion resistant pins for a long lifecycle of the device.\nThis device comes with LED Indicator for Charging Status.\nIt comes with a free Type C to C E-Mark 100W Cable to give you full charging support.\n› See more product details\n\nboAt",
            "rating": 0.0,
            "price": 800.0,
            "offer": 2.0,
            "type": "mobile",
            "brand": "boat",
            "category": "electronics",
            "merchantId": 1248,
            "quantity": 20,
            "status": "ACTIVE",
            "thumbnailURL": "https://m.media-amazon.com/images/I/419kqScmbDL._SY450_.jpg",
            "productImageURLs": [
                "https://m.media-amazon.com/images/I/41Yw0bxecXL._SS40_.jpg",
                "https://m.media-amazon.com/images/I/31dfeV2L9vL._SS40_.jpg",
                "https://m.media-amazon.com/images/I/31UMxRoOtQL._SS40_.jpg"
            ],
            "searchTags": [
                "boat power cable",
                "boat charger",
                "boat 65 dual port "
            ],
            "reviews": null,
            "createdDateTime": "2023-09-13T13:05:18.99",
            "zoneId": "ALPHA"
        },
        {
            "productId": 132,
            "name": "pen",
            "title": "penteck",
            "description": "\nBrand\tPentel\nWriting instrument form\tBrush Pen\nColour\tBlack\nInk Colour\tBlack\nAge Range (Description)\tAdult\nAbout this item\nCreate fine to broad lines with a single stroke!\nDurable & flexible nylon brush tip, brush stroke easily controlled comes with 1 pack of 4 FP10 ink cartridge refills.\nWater based brush pen ideal for drawings, cartoons, Manga-style artwork, Oriental calligraphy etc.\nBlack barrel contain permanent pigment ink.\nClean and simple to refill.",
            "rating": 0.0,
            "price": 50.0,
            "offer": 1.0,
            "type": "electronic-accessories",
            "brand": "pentel",
            "category": "electronics",
            "merchantId": 1248,
            "quantity": 60,
            "status": "ACTIVE",
            "thumbnailURL": "https://m.media-amazon.com/images/I/61ciPPnJSPL._SY450_.jpg",
            "productImageURLs": [
                "https://m.media-amazon.com/images/I/616E01giC+L._SY450_.jpg",
                "https://m.media-amazon.com/images/I/41Foj6oS7dL._SS40_.jpg",
                "https://m.media-amazon.com/images/I/31ksFsEsPUL._SS40_.jpg"
            ],
            "searchTags": [
                "pentel refillble",
                "pentel pen",
                "pentel"
            ],
            "reviews": null,
            "createdDateTime": null,
            "zoneId": "ALPHA"
        },
        {
            "productId": 136,
            "name": "Maybelline mascara",
            "title": "Maybelline New York Waterproof Mascara, Lengthening & Volumizing Mascara, With Bamboo Extract & Fibres, Lash Sensational Sky High, Very Black, 6ml",
            "description": "Use by: 30 APR 2025\nColour\tBlack\nProduct Benefits\tCurling,Lengthening,Nourishing,Volume,Volumizing\nSpecial Feature\tWaterproof\nBrand\tMaybelline\nItem Form\tGel\nSpeciality\tVolumizing\nNumber of Items\t1\nNet Quantity\t6.0 millilitre\nItem Volume\t0.2 Fluid Ounces\nPackage Information\tTube\n\nAbout this item\nVolumising and lengthening mascara for sky high eyelashes, Buildable formula with nourishing bamboo extract and fibres for fuller and longer lashes, Suitable for all lashes\nFor limitless lengthening volume from every angle, Lightweight body without the weigh-down, Richly pigmented colour without flakes, Defining, curling and lash-multiplying effect\nFor best results: 1.) Curl lashes with an eyelash curler 2.) Apply an eyelash primer, 3.) Apply mascara at bottom of lash and sweep from root to tip in zig-zag motion, Easily removed with soap and water or makeup remover\nBendable Flex Tower mascara brush flexibly reaches every lash for full lash coverage, Ophthalmologist tested, Suitable for sensitive eyes and contact lens wearers\nContents: 1x Maybelline New York Lash Sensational Sky High Mascara in Black, Waterproof, Volume: 7 ml\n",
            "rating": 5.0,
            "price": 799.0,
            "offer": 10.0,
            "type": "mascara",
            "brand": "maybelline",
            "category": "beauty",
            "merchantId": 1248,
            "quantity": 900,
            "status": "ACTIVE",
            "thumbnailURL": "https://m.media-amazon.com/images/I/7147+dK7J5L._AC_UL600_FMwebp_QL65_.jpg",
            "productImageURLs": [
                "https://m.media-amazon.com/images/I/61JzWZdsThL._SX450_.jpg",
                "https://m.media-amazon.com/images/I/813-EUK-TZL._SX450_.jpg",
                "https://m.media-amazon.com/images/I/7147+dK7J5L._SX450_.jpg"
            ],
            "searchTags": [
                "mascara under 800",
                "waterproof",
                "mascara",
                "maybelline mascara"
            ],
            "reviews": [
                {
                    "reviewId": 1765,
                    "shopperId": 24726,
                    "shopperName": "BBB xyz",
                    "heading": "///",
                    "description": "/..",
                    "rating": 5.0,
                    "dateTime": "2023-12-25T08:48:35.491"
                }
            ],
            "createdDateTime": "2023-09-13T13:06:43.613",
            "zoneId": "ALPHA"
        },
        {
            "productId": 137,
            "name": "head phone",
            "title": "with wire",
            "description": "he perfect way to add some style and stand out from the crowd with the boAt BassHeads 100 \"Hawk\" inspired earphones\nThe stylish BassHeads 100 superior coated wired earphones are a definite fashion statement - wear your attitude with its wide variety of collection\nThe powerful 10mm dynamic driver with the speaker resistance of 16 ohm enables the earphone to deliver a punchy, rhythmic response to the most demanding tracks\nFeatures a HD microphone to make crystal clear calls - making life easier on the go, play/pause music or answer/end calls with one-click, track forward with two-clicks or back with 3 clicks make these earphones extremely user-friendly\nWith 1.2 meters perfect length cable now plug it in anywhere with ease - while the earphones are extremely user-friendly and stylish, extruding premium coating on the wire cable is a manufacturing process that we've been performing and refining since our company's inception\nIts impeccable fit won't let you take these wonderfully amazing earphones off, fits you perfectly without hurting your ears and the perfect arc, with different size ear tips helps you in achieving superior comfort even with long listening hours.\n1 year warranty from the date of purchase\n› See more product details\n\nboAt\n\n\n86% positive ratings from 100K+ customers\n\n\n100K+ recent orders from this brand\n\n\n8+ years on Amazon\n\nHighly rated by customers for",
            "rating": 0.0,
            "price": 1000.0,
            "offer": 39.0,
            "type": "",
            "brand": "boat",
            "category": "electronics",
            "merchantId": 1248,
            "quantity": 500,
            "status": "ACTIVE",
            "thumbnailURL": "https://m.media-amazon.com/images/I/719elVA3FvL._SY450_.jpg",
            "productImageURLs": [
                "https://m.media-amazon.com/images/I/61sRbJncwbL._SY450_.jpg",
                "https://m.media-amazon.com/images/I/71E49jH4CbL._SY450_.jpg",
                "https://m.media-amazon.com/images/I/719elVA3FvL._SY450_.jpg"
            ],
            "searchTags": [
                "brand ear phone",
                "with wire ear phone",
                "head phone",
                "boat"
            ],
            "reviews": null,
            "createdDateTime": "2023-09-13T13:06:46.339",
            "zoneId": "ALPHA"
        },
        {
            "productId": 141,
            "name": "Butterfly earrings",
            "title": "925 silver rose gold",
            "description": "PRODUCT DETAILS: Rose gold plated along wit 925 silver base, these earrings are embellished with the shiniest AAA+ Zricons\nPACKAGING & CARE INSTRUCTIONS : The earrings come in a cute GIVA jewellery box along with GIVA jewellery kit which includes a soft cleaning cloth for jewellery care. Wipe your jewellery with the soft cloth after every use, store it in a flat box to avoid accidental scratches. Keep sprays and perfumes away from your jewellery, do not soak it in water\nABOUT GIVA: GIVA is all about YOU. A one stop shop for the trendiest silver jewellery, our intent is to bring you something personal to express yourself the best!\n",
            "rating": 0.0,
            "price": 1500.0,
            "offer": 10.0,
            "type": "women-ethnic-wear",
            "brand": "giva",
            "category": "women",
            "merchantId": 1248,
            "quantity": 10,
            "status": "ACTIVE",
            "thumbnailURL": "https://m.media-amazon.com/images/I/71bcowgvllL._UY625_.jpg",
            "productImageURLs": [
                "https://m.media-amazon.com/images/I/71qpz67UCNL._UY625_.jpg",
                "https://m.media-amazon.com/images/I/616XgiU6vFL._UY625_.jpg",
                "https://m.media-amazon.com/images/I/71kiX9Ft7BL._UY625_.jpg"
            ],
            "searchTags": [
                "Rose gold",
                " Earrings",
                "Giva"
            ],
            "reviews": null,
            "createdDateTime": "2023-09-13T13:07:48.368",
            "zoneId": "ALPHA"
        },
        {
            "productId": 150,
            "name": "Mysticoal Analog Wall Clock",
            "title": "Analog Clock",
            "description": "Size: 30 cm x 30 cm\nMechanism: Quartz\nFrame Material: Plastic\nClock Type: Analog",
            "rating": 0.0,
            "price": 400.0,
            "offer": 5.0,
            "type": "watch",
            "brand": "mysticoal",
            "category": "electronics",
            "merchantId": 1248,
            "quantity": 5,
            "status": "ACTIVE",
            "thumbnailURL": "https://rukminim2.flixcart.com/image/612/612/kdbzqfk0/wall-clock/u/j/s/3d-acrylic-wall-clock-tree-bird-coffee-cup-on-jhula-design-for-original-imafu9nvnm2qrfqx.jpeg?q=70",
            "productImageURLs": [
                "https://rukminim2.flixcart.com/image/416/416/kqe3low0/wall-clock/8/j/c/3d-acrylic-wall-clock-tree-bird-coffee-cup-on-jhula-design-for-original-imag4fah3ey4g5eg.jpeg?q=70",
                "https://rukminim2.flixcart.com/image/416/416/kbmjssw0/wall-clock/b/t/c/piller-watch-p-65456-analog-arvi-original-imafsxtshtcgyae3.jpeg?q=70",
                "https://rukminim2.flixcart.com/image/416/416/kidgnm80-0/wall-clock/i/x/j/3d-acrylic-wall-clock-tree-bird-coffee-cup-on-jhula-design-for-original-imafy6jqykfsfqr3.jpeg?q=70"
            ],
            "searchTags": [
                "Black",
                "30 cm",
                "Analog",
                "Clock"
            ],
            "reviews": null,
            "createdDateTime": "2023-09-13T13:12:46.958",
            "zoneId": "ALPHA"
        },
        {
            "productId": 160,
            "name": "hp laptop",
            "title": "laptop",
            "description": "\nBrand\tHP\nModel Name\tHP Laptop\nScreen Size\t14 Inches\nColor\tSnowflake White\nHard Disk Size\t64 GB\nCPU Model\tCeleron N\nRam Memory Installed Size\t8 GB",
            "rating": 0.0,
            "price": 40000.0,
            "offer": 30.0,
            "type": "laptop",
            "brand": "hp",
            "category": "electronics",
            "merchantId": 1248,
            "quantity": 150,
            "status": "ACTIVE",
            "thumbnailURL": "https://www.amazon.com/HP-Students-Business-Quad-Core-Storage/dp/B0B2D77YB8/ref=sr_1_4?crid=8K6J7OLA1H53&keywords=hp+laptop&qid=1694590467&sprefix=hp+laptop%2Caps%2C594&sr=8-4",
            "productImageURLs": [
                "https://m.media-amazon.com/images/I/21+bCNXyJ+L._AC_US40_.jpg",
                "https://m.media-amazon.com/images/I/41KJiKO7qpL._AC_US40_.jpg",
                "https://m.media-amazon.com/images/I/711OHeRmEaL.__AC_SY300_SX300_QL70_FMwebp_.jpg"
            ],
            "searchTags": [
                "hp laptop "
            ],
            "reviews": null,
            "createdDateTime": "2023-09-13T13:15:16.303",
            "zoneId": "ALPHA"
        },
        {
            "productId": 163,
            "name": "i phone13",
            "title": "i phone",
            "description": "\nBrand\tApple\nModel Name\tIPhone\nNetwork Service Provider\tUnlocked for All Carriers\nOperating System\tIOS 14\nCellular Technology\t5G\nAbout this item\n15 cm (6.1-inch) Super Retina XDR display\nCinematic mode adds shallow depth of field and shifts focus automatically in your videos\nAdvanced dual-camera system with 12MP Wide and Ultra Wide cameras; Photographic Styles, Smart HDR 4, Night mode, 4K Dolby Vision HDR recording\n12MP TrueDepth front camera with Night mode, 4K Dolby Vision HDR recording\nA15 Bionic chip for lightning-fast performance\nimage 1\nimage 1\nimage 1\n",
            "rating": 0.0,
            "price": 60000.0,
            "offer": 20.0,
            "type": "",
            "brand": "apple",
            "category": "electronics",
            "merchantId": 1248,
            "quantity": 200,
            "status": "ACTIVE",
            "thumbnailURL": "https://www.amazon.in/s?k=iphone+13&rh=p_90%3A6741118031&dc&crid=L862GGZ6MV37&qid=1694588843&rnid=6741116031&sprefix=iphone+13%2Caps%2C486&ref=sr_nr_p_90_2&ds=v1%3AzGqezn5BtukvrXPFn6yQQMCgnA1aKdjd9sk1V9FVggs",
            "productImageURLs": [
                "https://www.amazon.in/Apple-iPhone-13-128GB-Starlight/dp/B09G9D8KRQ/ref=sr_1_3?crid=26SD3QJWWSS2X&keywords=iphone+13&qid=1694589107&sprefix=iphone+13%2Caps%2C326&sr=8-3"
            ],
            "searchTags": [
                "electronics",
                "13",
                "apple",
                "iphone"
            ],
            "reviews": null,
            "createdDateTime": "2023-09-13T13:18:06.35",
            "zoneId": "ALPHA"
        },
        {
            "productId": 201,
            "name": "Casual Dress",
            "title": "Casual Dress",
            "description": "casual dress for women",
            "rating": 1.0,
            "price": 1600.0,
            "offer": 15.0,
            "type": "",
            "brand": "chitte",
            "category": "women",
            "merchantId": 1063,
            "quantity": 50,
            "status": "ACTIVE",
            "thumbnailURL": "\"C:\\Users\\NIKHATBANU DB\\Downloads\\download.jfif\"",
            "productImageURLs": [
                "\"C:\\Users\\NIKHATBANU DB\\Downloads\\download.jfif\""
            ],
            "searchTags": [
                "\"C:\\Users\\NIKHATBANU DB\\Downloads\\download.jfif\""
            ],
            "reviews": [
                {
                    "reviewId": 1983,
                    "shopperId": 26253,
                    "shopperName": "string",
                    "heading": "string",
                    "description": "product is just ok",
                    "rating": 1.0,
                    "dateTime": "2023-12-28T20:35:27.105"
                }
            ],
            "createdDateTime": null,
            "zoneId": "ALPHA"
        },
        {
            "productId": 204,
            "name": "two state",
            "title": "Two State-chetan bhagat",
            "description": "chetan bhagat book ",
            "rating": 0.0,
            "price": 699.0,
            "offer": 20.0,
            "type": "",
            "brand": "chetan bhagat",
            "category": "men",
            "merchantId": 1034,
            "quantity": 20,
            "status": "ACTIVE",
            "thumbnailURL": "https://th.bing.com/th/id/R.9de1160ed805b4151a52b8e623327f8b?rik=Itu%2bst0T5PtCjg&riu=http%3a%2f%2fnmafzal.files.wordpress.com%2f2014%2f10%2ftwo-states-chetan-bhagat.jpg&ehk=1K0S39jkTcBwW62AGSwRUyPYQxm4cPRycaJnu%2bSyXOg%3d&risl=&pid=ImgRaw&r=0",
            "productImageURLs": [
                "https://th.bing.com/th/id/R.9de1160ed805b4151a52b8e623327f8b?rik=Itu%2bst0T5PtCjg&riu=http%3a%2f%2fnmafzal.files.wordpress.com%2f2014%2f10%2ftwo-states-chetan-bhagat.jpg&ehk=1K0S39jkTcBwW62AGSwRUyPYQxm4cPRycaJnu%2bSyXOg%3d&risl=&pid=ImgRaw&r=0"
            ],
            "searchTags": [
                "book"
            ],
            "reviews": null,
            "createdDateTime": "2023-09-20T15:59:17.505",
            "zoneId": "ALPHA"
        },
        {
            "productId": 227,
            "name": "mobile1234",
            "title": "sumsung mobile1234",
            "description": "Brand\tSamsung\nModel Name\tSamsung Galaxy M34 5G\nNetwork Service Provider\tUnlocked for All Carriers\nOperating System\tAndroid 13.0\nCellular Technology\t5G\nAbout this item\nExynos 1280 Octa Core 2.4GHz with the 12 band support for a True 5G experience\n16.42 centimeters (6.5-inch) Super AMOLED Display, FHD+ resolution, 1080 x 2340 pixels protected by Gorilla Glass 5\n50MP+8MP+2MP Triple Camera Setup - True 50MP No Shake Cam (F1.8) Main Camera + 8MP (F2.2) + 2MP (F2.4)| 13MP (F2.0) Front Camera\n6000mAH lithium-ion battery, 1 year manufacturer warranty for device and 6 months manufacturer warranty for in-box accessories including batteries from the date of purchase\n4 Generations of OS Upgrades and 5 Years of Security Updates\n› See more product details\n",
            "rating": 0.0,
            "price": 29999.0,
            "offer": 20.0,
            "type": "",
            "brand": "sumsung1234",
            "category": "electronics",
            "merchantId": 2770,
            "quantity": 20,
            "status": "ACTIVE",
            "thumbnailURL": "https://m.media-amazon.com/images/I/81teiFpx1pL._SX679_.jpg",
            "productImageURLs": [
                "https://m.media-amazon.com/images/I/81ruyVshreL._SX679_.jpg",
                "https://m.media-amazon.com/images/I/51HG5TpzJtL._SX679_.jpg",
                "https://m.media-amazon.com/images/I/41K++SiAqAL._SX679_.jpg",
                "https://m.media-amazon.com/images/I/71ekdHQn5JL._SX679_.jpg"
            ],
            "searchTags": [
                "https://www.amazon.in/Samsung-Midnight-Storage-sAMOLED-Display/dp/B0C7C2FCY5/ref=sr_1_4?crid=3E24VXWE03M9O&keywords=sumgam+galaxy+mobile+5g&qid=1695225780&sprefix=sum%2Caps%2C463&sr=8-4"
            ],
            "reviews": null,
            "createdDateTime": null,
            "zoneId": "ALPHA"
        },
        {
            "productId": 230,
            "name": "guitar",
            "title": "Yamaha FX280 Tobacco Brown Sunburst Electro Acoustic Guitar",
            "description": "Brand\tYAMAHA\nColour\tTobacco Sunburst\nTop Material Type\tSpruce\nBody Material\tWood\nBack Material Type\tWooden\nAbout this item\nTraditional Western Body\nSpruce Top\nYamaha Quality in an Affordable Price\nRecreate Natural Tone and Dynamics by ART Pickup\n",
            "rating": 0.0,
            "price": 11490.0,
            "offer": 4.0,
            "type": "men-tshirt",
            "brand": "yamaha",
            "category": "men",
            "merchantId": 1034,
            "quantity": 10,
            "status": "ACTIVE",
            "thumbnailURL": "Yamaha FX280 Tobacco Brown Sunburst Electro Acoustic Guitar",
            "productImageURLs": [
                "https://amzn.eu/d/g6liTH1"
            ],
            "searchTags": [
                "https://th.bing.com/th/id/R.3b40734a1d3d88a680e24f80ee5bcc97?rik=fcGezm5DRYyOXQ&riu=http%3a%2f%2fimages.richtonemusic.co.uk%2fproduct%2fYVINTAGEGUITARS100165.jpg&ehk=BikW%2bZ8yKJL9jK49H8czKzklg1GmlDMaSFuf5yYvMyE%3d&risl=&pid=ImgRaw&r=0",
                "data:image/jpeg;base64,/9j/4AAQSkZJRgABAQAAAQABAAD/2wBDAAsJCQcJCQcJCQkJCwkJCQkJCQsJCwsMCwsLDA0QDBEODQ4MEhkSJRodJR0ZHxwpKRYlNzU2GioyPi0pMBk7IRP/2wBDAQcICAsJCxULCxUsHRkdLCwsLCwsLCwsLCwsLCwsLCwsLCwsLCwsLCwsLCwsLCwsLCwsLCwsLCwsLCwsLCwsLCz/wAARCAEQAKsDASIAAhEBAxEB/8QAHAAAAgIDAQEAAAAAAAAAAAAAAgMEBgABBwUI/8QARBAAAgICAAMGAwQFCQYHAAAAAQIAAwQRBRIhBhMxQVFxImGBMpGhsQcUFSPBJDNCUlNictHwFnOCkrLhFzRjosLS8f/EABsBAQACAwEBAAAAAAAAAAAAAAAEBQIDBgEH/8QAMREAAgECBAIHCAMBAAAAAAAAAAECAxEEBSExEkEyUWGRobHBExQicYHR8PEGM+Ek/9oADAMBAAIRAxEAPwAAsMKYYWMCwAAsMKYapGBIAsKYQWNCRgSAJCmEEMeEhBIBH5DN8oAJJACgsxJAAUDZJJ8hJASVPtNncVqvyMJHFWIaK3JoYc71uvxC0faO+vTYGp5J8KuZwg5uyJ68f4C2SmImUzWPbXSjithSzvsDVh108BvXmPcetyH5zlPcW2A2r8QZiCEU7Hj10vQS38B47xbLzcLh+Z+rcnc2oXsVkybnVeZG2ehbpojQ8z4+OuNRN2JFTDuKuizchmuSSuSDyTaRCKVMEqZKKQSkAiFTAKmSykApAIhWAVkopFlYBFKma5Y8rA5YBIC7jVSEF6xqpAACRgSMVI1UgClSMCRoSMCQBISEEjwkMJAI4rJ3ob0CTr0ErvaB+DfqfE7VxhkcQOLRR3rMQtdFhS5bKeY8pbWx0Gzzeg0bagKEHX0kH9h8Lv7l8qsD9XG7LRcaVWrvUtsNj6OwAo1vyGtgHppqX10N9JpNO+pxnvLU5UFjADYCqSBrfXwkvAymo4jwrKtf4cfMod2JJYV84D78+g3JOZfYcK3htZx7MTB4hmZNNyLuxxYwG1f+prZA/wBCO+VX+xf1MYeN31ec+SM3l/lXKyaFPN/V31mrS9ywbbTR1tO7tSu2tg9dih62G9MpGwRubKR2NyWYuHYigJbjUWoAAo5XrVhoDp5w+T5SWVLViIUgFJMKfKAUg8IZSLKSYUi2SAQ2SKZJNZIpkgENli+X5SWyxfLAJKpHKk2q+McqQAVSNVIapHBIAsJGBIxUjQkAUK4QSOCQgkATyTxs/heZn2WNTeKzRZS+Mtibr53CV3hiQT9kdOni30lh5JAzb+IV/ucKmuzIuFlVHea5UtADgvzELy65t9R5ex1VEuZtpt62OYcQ4dh8Ny+JY/EXse3I4fjZeE+IzPW+Vc4Dc5KqCmmbfwjw6CeViY/D3xeNrmZN1N2PRW+ElVYcX3q5UpZ06DwO9j+B93jKcU4nxfh11julvEGpw6Rnc9S0M6khCpXaoCw6ddefjPNo4bl5PFLuGVCl8nKqvqHJappa6rq3Lb9nXwnR+c0FlB3X08joPY9Q3Z7hlgexzYLebnbmCMlhqKp6D4d6+c94pKn+j23Nfh2dh2inuMDKetdH98LrP3jhtdOX0+suhSSo7FbVVpsiFIBSTCkApMjUQ2SKZJNKRTJ4wCEyRTJJrJFMkAgskXySWyRfKIBJVOseqTarHKsA0qRyrNqkcqwAFSMCw1SMCwBYWGEjAsILAFhZrua+cWco5wOh9P4R/LN8pgHJu3ebxGvPXhuTTyYqWnK4ZYlbCu4MFIZ3LHZXXIwGteOvi2axSeR6nVQqpZtFXoBTkLrl6enMVPtO6cT4VhcYw7sHLQMloPdOQC9F2tLbWfIj8R08DOPU8Iq5La7eKYFF1Vl1NlV4yA1bCxhyllQjx5iNH+l8pGqR4diyw9WLVnyLL+jVb+77R8ykV9/gjr0HfBLecAe3LOgFJWuxFNOPh8Vx0ysXJc5y5TtiszBVupRFVywB38BPhLXyzdDokOu71HYjFYJX+MklYBWZmkiskWySWyxbLAITJEsvjJrLEssAhMkVy/KTHWK5IBJVep945VmKvU+8cqwDFWOVZirGqsA0qxgHhNhYYEAECEBCAhagAATeoepmoBpR1X3H5ziOfXZ+1OPgI5UcUyl2FYjYuuJGwNek7gB1HuPznDuJty8Z7Q6YjXFcrzI8brprmb6Jcf0fBg/aAFWXa8NYcykf248xL3qUH9HdrPkcfQuW1jcNcAsWA+O8dNmdB1Mo7Gup0hREErHEQSsyMBBWKZZJIgFYBFZYllktliWWAQ2WK5ZLZYrUAkKvWOUQVHU+8cogBKIwCaURgEA2BCAmAQteEAzU2BN6m4BqZC1M0IBoeXuJw/id9lfF+0KrcygcVy25Q2gGN1+yBv5f61O49On0nDuJ33JxbtEq2Mq/tXMbWxrZuv2fwmEzdSLT+j2+2zO4wj2s6/qGG6gtsAi2wbnRtTm/6P8AIts4pxJGcsP2ZWwHTxF4G+nvOk6nsdjGp0gNTREPU0RMjWLIiyI4iARAEMIplklhFMIBFYRWhJLLFagDlHU+8cogKOsaogBqIwCCIwQDBCmh/nCgGTcyZAMmTJkAz0+k4hxB8ocV7Qd21/J+1M3XIH5QxtyN65enpO3+n0nDs5MhuJ9omTm5TxPM1qxV6i3J30LA/h+XTCZupFn7BWZTcYy1tN5Q8LtI7wWcvMt9H9Ya31M6VOY9hFyE42/eE8rcLyxo3I/UW4pHwqxPr5fn16dPY7GNTpGpk3MMyNYBgmGYJgCyIphHmKYQCOwi9R7CK1AGqOp941RFr4n3jVgBiGIIhiAbhCam4BuZNTIBuZNTIBnp9JwvNWt+Jcfdra1P7RywQUsLaFuSQSVBHX3ndPT6Tg+Q+O2Xxl2V2Z8zJcFbUUcrPkkdChO/r/3wmbqRZexC1J2gqK3oxbh3EF5QlgJ02Od7YAeU6pOT9i7Mf/aLDCI4dsTiQBa4MNarJHKEHp6zrE9jseVdzUyZMmRqNGCYZgmAAYto0xbQBLRWo5orpAGDxPvGrFDxPvGrAGCGIA84YgGxNzQm4BkyZMgGSJxLiGHwrCys/MZlx8dAzco5nYkhVRF8ySQB185LlF/SNlIOH8LxRYn7/Ne1gGGyKaiAD19WExk7K5spx45KJI/8RezbKe6p4iz6+FXoRF3/AHm5z0+hnNMc5LV5TKEILsdt+rg8xS4n+c+KRtAH4So8euxqHjtjd1kc5s5z12rVBeUpfr7QJ9Zq4uImSpKlsW3sg2UO0XDld6uQ18RBUPjcxPdsegT4vKdWnIeyL4o7ScJKi0HeeoZ7K+QA03+ICD014zr02x2IlXpGTJkyZGowwTCMEwATAMMwDAFNFRrRW4AS+J941YlfE+8apgDRDEWIwQApuDCEAyU7tZ2zTgbnAwa1v4kUVrS/WrEVxtecAglyOoHzBPiA1l4nnJw3h/EM9wCMXHsuCk653A0idPU6H1nBr2uybr8i9zZfkWPdc58WsclmMwnKxIo0uN3exLye0/G8t2sysnItYknTMQg3/VRdIPoIONfm8ZsOGtSWKoFtz5Ck1UA9Ax115j5AH8JAaoAMSPAEy48IwUwMKtCB31o77IbzaxhvXsPAe3zlNmeP90o8Uek9F9/oXGFwirVOF6JbiMfs/wAHxxzNSL7B4tfsrv8Au175R+PvPIdnS/jNdeQtNa5mQqVqtmlAFo6ci619fKWvqQfrKm//AJrjPXEH8vyh+9Xms8bh1+A9PTr/AN6jJK9WvXm6sm9PUm5pShTpRUFbX0JmE5fMoR81rQzXjuStpVzy3nrznl+fh5fdZsPOzsB1bFuZFB21LEtQ/wAmrJ19Ro/OVnBs/luMDkY3Wy34K6dM/wAOR4N3Q16+P/f3TrqYzqtUo4iEqcmtPVjLaUKtCUZq6v6I6Hw3iFHEsVciscrA93dWTs1WgdVJ9PMH0P3TZR+y+U1XEnxyfgy6WGv/AFKfjU/dzS8TpMvxTxVBVHvs/mc/jsN7tWdNbbr5GjNGbMEyeQjRi2hmLaALaLhtFbgG1PUxqmR1PU+8cpgDwYYilMYIAwTcAQhAKr2+yGp4CtYOhl52NQ/zVA+R+aCcr5knRP0pI57OYlic37ji+K7kEjSvTdV5fMicXF1o8HcH5M3+cj1VqWWEtwFmrCWX4tf9pkUIfmC46S5g614zmPD8q1eIcKL2OVGdjcwZiRpn5eu/edO8px38gupU1yszo8ts+P6GwNjXrKez1jL41+8xwf2hlHTU945+O4dW5SNenWWPiWUcXEZkOrbSaqyDor02xH5D3lJGfdjnOoqdgy5NjNptqpc29ARokyR/HsPJKVZ7PRETN6ybjSXLU97DtIy8f9/8JsPMExFRTvvvtWdND/XnPePh95lHxc/OyLkqtuYiznA27jqA7coA6Enylr4bkNkYtbMd2Vk1v12ToAgn6amefYdvhrLloz3KKyTdJ89T1+CMy8Y4UR4/rBX6NW4M6NOfdn6+841gdOlQyLj/AMNTKPxInQJPyFf8zfb6IgZ2066XZ6swwTNmCTL8ozTRTGGximMABjFbhMYvcA0p6xymRVbrHKYBJUxoMjq0YDAHAw9xIMMGAeD22xDm9le0VSgFqsT9cT1BxHXJOvopnz0DPp3OSu3C4hVZopZiZVbj+61TAz5iVXCqSraKr4g+k1VCZhXujCzKOdejIQ6n+8p5hOs49q30Y96H4bqq7V9nUNOTDxH8Z0js3a1vBOFs3itL1fSt2QflOWz+nejCfU7d6/w6DLZWquPWvL9iuMv/ACjAXyRHt0R4nmJ9PlKVXQ4OSzbJbumJPmSXJMuvGl5HwcgjajmrbpvwIOh7gmeC1QU5KHXwmsgjzUk6YfIyblUksNC3V6shY6F6879nkjy6OZb8Jl8Vyccj37xP85cOEdG4gg+ytq6/9wldwqRblUMTqvGZci0kdB3bUsiem2OgPqfKWXg9bDHe1vG+xmB14qo5d/fuM5kvd5X52Xjf0Pctg/bxt2vwsW/snXzcQzLiP5nDCA+hutH/ANTLmZUuyJUW8XX+kUxG91BtH8ZayZLydJYOFu3zZDzZt4uV+zyRsxZM2TAJlsVZpjFMYTGJZoALGK5ptjFbgAK0erSGrdY5WgExWjQ0iq0arQCSCYYaRw3hGBoBC4/ljC4JxrIO9rhW1V6/tbx3CfiwnFhy6A9AB906H+kDPCYfDeGqRz5VzZdwBOxVR8CAj5sSf+Cc61I9V62LHCR+FyCKVHqVU+4Blo4RWKuHYKABQa2s0PAd4xf+Mq61vc9VCfbusSofLmPU/Qbl0rVUCIo0qqFX2A0Jy+fVLU4U+t37v2X+XQvOU+pW7/0Lycdcqmyljonqjf1XHgekrgptpa2jKpDBCgQMWB1zn7FiEbHn/wDstXgYK6JcEA+Hj1/pSpy/Hyw96bV4vw+RKxeDVe007MruLiW5AprprWnGVw7lAQuwKDvmJ2WI8yfynuBErREQBVRQqgeSgaEcP6Pp4D7q4lj118zPcfjJYmSVrJcjLB4WOHTd7t8z0uz+UMfiuOrHS5Svit6czadCfqAPrL0TOXFnRldDqxHV6z6Oh5lP36nR8bJTLxsbKT7N9S2gb8Cw6r9DsfSdFkNfipOk+WveUed0bVI1Vz07vzwJBMWxmi0WzfxnRnPmM0SzTGaKZoBpmiuaadormgAK/WOV5CVo5XgE1XjlaQleOV4BLDRisSQB1JOh7yIrzWTlrh4ubmN4YmNfkAerIhKj6nQgHN+1Wb+v8d4iyturFZcCjzHJj7ViPduc/WeIRDBYnbEliSzk+JY9STMMgSk27l9TioQSJvBaefMsuP2cevS/7y3p+AB++WRfH2nmcGrFeIH11yLHtP8Ah+yv4CemNDU4fNq3tcTJclp3f7cv8DDgop83r+fQ3sfjBXxP0/6pnmfeaT7R8/Dw/wAcr6XSJk9jfkPb/wCKRL+J9zGsQq7bSgDxYhR9hfMyDdm4NbEPl4wPMeneox8fRSTJPs5Tfwq5hGUYrV2Ccy09l8stjZWIx641otr/AN1fs6+jBvvlRW6q5FsqcPW2+Vl8Do6856vZ+7uuKVr5X499J+ZUC0f9J++WuVTdHFRT56P8+ZBzOmquFk1y1/PoXctFs8BnimedycOEz+MUzwWeKZ4BjNFc8F3iueAKVo5WkJXjlaATVeOV5BV41XgE0PPB7aZ74fZzMKEd5lZWDiLsbBDObmGvZJ6yvKj+kNz+xuFqPA8V23/DjWa/Mzx7GcNZIpFfFWHV6VP+Biv5gxo4njMvVbVY9B0DDZ6DqDv8J4wPSMp01+Ip8GyccH2NiyHZFzKXw6HTKFFVNFY8K61T7lAiOJ5d+HhPfTy953ldYLrzBebfXR9o/Z/ExOZjDNxmxmtasO9blkVWPwHetN0nz+lKDrqdba92dTUhJUnGnvbQrf7a4wa35sohmVtd3VSnL0OiCF3HcPzb7qQ9y5mTeO65zZxGyuhzprQ1ddFStokAdbD1b08Jo7P8PCsGuyn2CvV0Udengij84+jhOJjV92hcrpOjtzdEDAePv/rU6VZjl8OjDuSKR4LGS3l4nnNkFdBcThaaVQGbHfKsG+4XZOa9nk3p5fU+VkvkZdzuyd5Z/N7ox0QaXagclChfwlrGHjKAAgHtoeSjy9h90adAaHT2AH5TyWd01/VDvM45VN/2SPP4YllXDsOuxGR1D8ysNEbsY9RPV4W3LxThhH9sQfYo4kVz0PvJPCRzcSwv7htsPstbf5iVmHk6uKU+blfxLKvFUsLKPVFrwLqXimf+MAv84pnneHABs8UzwGeKZ4Btni+b5wGeL54ApWjVeQw0arwCYrRqvISvGB/CATQ8r3bWhsns/c69WwsrGy+n9T4qG/6wfpPYDzLUpyacjHuXmpyKrKLV9UsUqdfP0g9Ts7nFOYwls7t6rP7Oyuz/AJGDSfn8JtwMrIxLSwapvhbW1sQ9VsXfkR/rpITYz6I2Dv12Jo4Sfx3Wh01WDcrA9GGx7HrDB3PH4HlnK4fjhj++xgMe4ee0Hwt9Roz1l8p85xFF0qkoPkdzRmqtONRcwvX3mt+EHfjNE/lNNjbYxm1FM2z0hNFEGbYo8YL70Z6vA6T3mRlHwRe4rPqzEO+vbSj6zzq6bL3Wmv7bdST4Ivm7fIfj4e1iqSvHqrpr3yVjQ34k+JY/M+JnR5PhXKftpbLb5lBnGLUKfsIvV+RKLxTPFs8WXnVnIjGeKLwGeKZ4AbNF80Bmgcx9YAoN/GMDSKCYwMYBJDxgaRQxhhj5QCWHhh5EDGGHgC+I8Nw+J1qtw5bawe5uUfGm+pU+qnzErF/ZvLrJ5VFi+TVHYI9vGW3mMIOfnPGrmcZtFJx8HiXDrzfVWxBHLbWwKrYg663roR5H/Oe9j5NOQNISLB9ulxy2p/iT+I2J7XOfnFW0Yl+u+oqs14F0G1PqreI++VWOyyGL+K9pdf3LXBZpPC/C1ePUeefP3musmfqOJrSi9R6LkX/xaYMLCB2Usf5W3XWD7mbX4SmWQ1r9JeJbvPqNui/D7nns6L0ZlB8gT8R9l8fwjq8bJvI5azVX52XqV/5azpz9dT0UWqrpVWlfr3aKu/flEIufnLChklKDvUlxeCK+vndSatSjw+JlFVOMhWve20XdiC7n1Yj8IwvElj84JaXsYqC4YqyKKUnNuUndsaXgF4otALGZGIwvFloBaAWMAItA5jBJMHZgH//Z",
                "No images addedata:image/jpeg;base64,/9j/4AAQSkZJRgABAQAAAQABAAD/2wBDAAsJCQcJCQcJCQkJCwkJCQkJCQsJCwsMCwsLDA0QDBEODQ4MEhkSJRodJR0ZHxwpKRYlNzU2GioyPi0pMBk7IRP/2wBDAQcICAsJCxULCxUsHRkdLCwsLCwsLCwsLCwsLCwsLCwsLCwsLCwsLCwsLCwsLCwsLCwsLCwsLCwsLCwsLCwsLCz/wAARCAEQAKsDASIAAhEBAxEB/8QAHAAAAgIDAQEAAAAAAAAAAAAAAgMEBgABBwUI/8QARBAAAgICAAMGAwQFCQYHAAAAAQIAAwQRBRIhBhMxQVFxImGBMpGhsQcUFSPBJDNCUlNictHwFnOCkrLhFzRjosLS8f/EABsBAQACAwEBAAAAAAAAAAAAAAAEBQIDBgEH/8QAMREAAgECBAIHCAMBAAAAAAAAAAECAxEEBSExEkEyUWGRobHBExQicYHR8PEGM+Ek/9oADAMBAAIRAxEAPwAAsMKYYWMCwAAsMKYapGBIAsKYQWNCRgSAJCmEEMeEhBIBH5DN8oAJJACgsxJAAUDZJJ8hJASVPtNncVqvyMJHFWIaK3JoYc71uvxC0faO+vTYGp5J8KuZwg5uyJ68f4C2SmImUzWPbXSjithSzvsDVh108BvXmPcetyH5zlPcW2A2r8QZiCEU7Hj10vQS38B47xbLzcLh+Z+rcnc2oXsVkybnVeZG2ehbpojQ8z4+OuNRN2JFTDuKuizchmuSSuSDyTaRCKVMEqZKKQSkAiFTAKmSykApAIhWAVkopFlYBFKma5Y8rA5YBIC7jVSEF6xqpAACRgSMVI1UgClSMCRoSMCQBISEEjwkMJAI4rJ3ob0CTr0ErvaB+DfqfE7VxhkcQOLRR3rMQtdFhS5bKeY8pbWx0Gzzeg0bagKEHX0kH9h8Lv7l8qsD9XG7LRcaVWrvUtsNj6OwAo1vyGtgHppqX10N9JpNO+pxnvLU5UFjADYCqSBrfXwkvAymo4jwrKtf4cfMod2JJYV84D78+g3JOZfYcK3htZx7MTB4hmZNNyLuxxYwG1f+prZA/wBCO+VX+xf1MYeN31ec+SM3l/lXKyaFPN/V31mrS9ywbbTR1tO7tSu2tg9dih62G9MpGwRubKR2NyWYuHYigJbjUWoAAo5XrVhoDp5w+T5SWVLViIUgFJMKfKAUg8IZSLKSYUi2SAQ2SKZJNZIpkgENli+X5SWyxfLAJKpHKk2q+McqQAVSNVIapHBIAsJGBIxUjQkAUK4QSOCQgkATyTxs/heZn2WNTeKzRZS+Mtibr53CV3hiQT9kdOni30lh5JAzb+IV/ucKmuzIuFlVHea5UtADgvzELy65t9R5ex1VEuZtpt62OYcQ4dh8Ny+JY/EXse3I4fjZeE+IzPW+Vc4Dc5KqCmmbfwjw6CeViY/D3xeNrmZN1N2PRW+ElVYcX3q5UpZ06DwO9j+B93jKcU4nxfh11julvEGpw6Rnc9S0M6khCpXaoCw6ddefjPNo4bl5PFLuGVCl8nKqvqHJappa6rq3Lb9nXwnR+c0FlB3X08joPY9Q3Z7hlgexzYLebnbmCMlhqKp6D4d6+c94pKn+j23Nfh2dh2inuMDKetdH98LrP3jhtdOX0+suhSSo7FbVVpsiFIBSTCkApMjUQ2SKZJNKRTJ4wCEyRTJJrJFMkAgskXySWyRfKIBJVOseqTarHKsA0qRyrNqkcqwAFSMCw1SMCwBYWGEjAsILAFhZrua+cWco5wOh9P4R/LN8pgHJu3ebxGvPXhuTTyYqWnK4ZYlbCu4MFIZ3LHZXXIwGteOvi2axSeR6nVQqpZtFXoBTkLrl6enMVPtO6cT4VhcYw7sHLQMloPdOQC9F2tLbWfIj8R08DOPU8Iq5La7eKYFF1Vl1NlV4yA1bCxhyllQjx5iNH+l8pGqR4diyw9WLVnyLL+jVb+77R8ykV9/gjr0HfBLecAe3LOgFJWuxFNOPh8Vx0ysXJc5y5TtiszBVupRFVywB38BPhLXyzdDokOu71HYjFYJX+MklYBWZmkiskWySWyxbLAITJEsvjJrLEssAhMkVy/KTHWK5IBJVep945VmKvU+8cqwDFWOVZirGqsA0qxgHhNhYYEAECEBCAhagAATeoepmoBpR1X3H5ziOfXZ+1OPgI5UcUyl2FYjYuuJGwNek7gB1HuPznDuJty8Z7Q6YjXFcrzI8brprmb6Jcf0fBg/aAFWXa8NYcykf248xL3qUH9HdrPkcfQuW1jcNcAsWA+O8dNmdB1Mo7Gup0hREErHEQSsyMBBWKZZJIgFYBFZYllktliWWAQ2WK5ZLZYrUAkKvWOUQVHU+8cogBKIwCaURgEA2BCAmAQteEAzU2BN6m4BqZC1M0IBoeXuJw/id9lfF+0KrcygcVy25Q2gGN1+yBv5f61O49On0nDuJ33JxbtEq2Mq/tXMbWxrZuv2fwmEzdSLT+j2+2zO4wj2s6/qGG6gtsAi2wbnRtTm/6P8AIts4pxJGcsP2ZWwHTxF4G+nvOk6nsdjGp0gNTREPU0RMjWLIiyI4iARAEMIplklhFMIBFYRWhJLLFagDlHU+8cogKOsaogBqIwCCIwQDBCmh/nCgGTcyZAMmTJkAz0+k4hxB8ocV7Qd21/J+1M3XIH5QxtyN65enpO3+n0nDs5MhuJ9omTm5TxPM1qxV6i3J30LA/h+XTCZupFn7BWZTcYy1tN5Q8LtI7wWcvMt9H9Ya31M6VOY9hFyE42/eE8rcLyxo3I/UW4pHwqxPr5fn16dPY7GNTpGpk3MMyNYBgmGYJgCyIphHmKYQCOwi9R7CK1AGqOp941RFr4n3jVgBiGIIhiAbhCam4BuZNTIBuZNTIBnp9JwvNWt+Jcfdra1P7RywQUsLaFuSQSVBHX3ndPT6Tg+Q+O2Xxl2V2Z8zJcFbUUcrPkkdChO/r/3wmbqRZexC1J2gqK3oxbh3EF5QlgJ02Od7YAeU6pOT9i7Mf/aLDCI4dsTiQBa4MNarJHKEHp6zrE9jseVdzUyZMmRqNGCYZgmAAYto0xbQBLRWo5orpAGDxPvGrFDxPvGrAGCGIA84YgGxNzQm4BkyZMgGSJxLiGHwrCys/MZlx8dAzco5nYkhVRF8ySQB185LlF/SNlIOH8LxRYn7/Ne1gGGyKaiAD19WExk7K5spx45KJI/8RezbKe6p4iz6+FXoRF3/AHm5z0+hnNMc5LV5TKEILsdt+rg8xS4n+c+KRtAH4So8euxqHjtjd1kc5s5z12rVBeUpfr7QJ9Zq4uImSpKlsW3sg2UO0XDld6uQ18RBUPjcxPdsegT4vKdWnIeyL4o7ScJKi0HeeoZ7K+QA03+ICD014zr02x2IlXpGTJkyZGowwTCMEwATAMMwDAFNFRrRW4AS+J941YlfE+8apgDRDEWIwQApuDCEAyU7tZ2zTgbnAwa1v4kUVrS/WrEVxtecAglyOoHzBPiA1l4nnJw3h/EM9wCMXHsuCk653A0idPU6H1nBr2uybr8i9zZfkWPdc58WsclmMwnKxIo0uN3exLye0/G8t2sysnItYknTMQg3/VRdIPoIONfm8ZsOGtSWKoFtz5Ck1UA9Ax115j5AH8JAaoAMSPAEy48IwUwMKtCB31o77IbzaxhvXsPAe3zlNmeP90o8Uek9F9/oXGFwirVOF6JbiMfs/wAHxxzNSL7B4tfsrv8Au175R+PvPIdnS/jNdeQtNa5mQqVqtmlAFo6ci619fKWvqQfrKm//AJrjPXEH8vyh+9Xms8bh1+A9PTr/AN6jJK9WvXm6sm9PUm5pShTpRUFbX0JmE5fMoR81rQzXjuStpVzy3nrznl+fh5fdZsPOzsB1bFuZFB21LEtQ/wAmrJ19Ro/OVnBs/luMDkY3Wy34K6dM/wAOR4N3Q16+P/f3TrqYzqtUo4iEqcmtPVjLaUKtCUZq6v6I6Hw3iFHEsVciscrA93dWTs1WgdVJ9PMH0P3TZR+y+U1XEnxyfgy6WGv/AFKfjU/dzS8TpMvxTxVBVHvs/mc/jsN7tWdNbbr5GjNGbMEyeQjRi2hmLaALaLhtFbgG1PUxqmR1PU+8cpgDwYYilMYIAwTcAQhAKr2+yGp4CtYOhl52NQ/zVA+R+aCcr5knRP0pI57OYlic37ji+K7kEjSvTdV5fMicXF1o8HcH5M3+cj1VqWWEtwFmrCWX4tf9pkUIfmC46S5g614zmPD8q1eIcKL2OVGdjcwZiRpn5eu/edO8px38gupU1yszo8ts+P6GwNjXrKez1jL41+8xwf2hlHTU945+O4dW5SNenWWPiWUcXEZkOrbSaqyDor02xH5D3lJGfdjnOoqdgy5NjNptqpc29ARokyR/HsPJKVZ7PRETN6ybjSXLU97DtIy8f9/8JsPMExFRTvvvtWdND/XnPePh95lHxc/OyLkqtuYiznA27jqA7coA6Enylr4bkNkYtbMd2Vk1v12ToAgn6amefYdvhrLloz3KKyTdJ89T1+CMy8Y4UR4/rBX6NW4M6NOfdn6+841gdOlQyLj/AMNTKPxInQJPyFf8zfb6IgZ2066XZ6swwTNmCTL8ozTRTGGximMABjFbhMYvcA0p6xymRVbrHKYBJUxoMjq0YDAHAw9xIMMGAeD22xDm9le0VSgFqsT9cT1BxHXJOvopnz0DPp3OSu3C4hVZopZiZVbj+61TAz5iVXCqSraKr4g+k1VCZhXujCzKOdejIQ6n+8p5hOs49q30Y96H4bqq7V9nUNOTDxH8Z0js3a1vBOFs3itL1fSt2QflOWz+nejCfU7d6/w6DLZWquPWvL9iuMv/ACjAXyRHt0R4nmJ9PlKVXQ4OSzbJbumJPmSXJMuvGl5HwcgjajmrbpvwIOh7gmeC1QU5KHXwmsgjzUk6YfIyblUksNC3V6shY6F6879nkjy6OZb8Jl8Vyccj37xP85cOEdG4gg+ytq6/9wldwqRblUMTqvGZci0kdB3bUsiem2OgPqfKWXg9bDHe1vG+xmB14qo5d/fuM5kvd5X52Xjf0Pctg/bxt2vwsW/snXzcQzLiP5nDCA+hutH/ANTLmZUuyJUW8XX+kUxG91BtH8ZayZLydJYOFu3zZDzZt4uV+zyRsxZM2TAJlsVZpjFMYTGJZoALGK5ptjFbgAK0erSGrdY5WgExWjQ0iq0arQCSCYYaRw3hGBoBC4/ljC4JxrIO9rhW1V6/tbx3CfiwnFhy6A9AB906H+kDPCYfDeGqRz5VzZdwBOxVR8CAj5sSf+Cc61I9V62LHCR+FyCKVHqVU+4Blo4RWKuHYKABQa2s0PAd4xf+Mq61vc9VCfbusSofLmPU/Qbl0rVUCIo0qqFX2A0Jy+fVLU4U+t37v2X+XQvOU+pW7/0Lycdcqmyljonqjf1XHgekrgptpa2jKpDBCgQMWB1zn7FiEbHn/wDstXgYK6JcEA+Hj1/pSpy/Hyw96bV4vw+RKxeDVe007MruLiW5AprprWnGVw7lAQuwKDvmJ2WI8yfynuBErREQBVRQqgeSgaEcP6Pp4D7q4lj118zPcfjJYmSVrJcjLB4WOHTd7t8z0uz+UMfiuOrHS5Svit6czadCfqAPrL0TOXFnRldDqxHV6z6Oh5lP36nR8bJTLxsbKT7N9S2gb8Cw6r9DsfSdFkNfipOk+WveUed0bVI1Vz07vzwJBMWxmi0WzfxnRnPmM0SzTGaKZoBpmiuaadormgAK/WOV5CVo5XgE1XjlaQleOV4BLDRisSQB1JOh7yIrzWTlrh4ubmN4YmNfkAerIhKj6nQgHN+1Wb+v8d4iyturFZcCjzHJj7ViPduc/WeIRDBYnbEliSzk+JY9STMMgSk27l9TioQSJvBaefMsuP2cevS/7y3p+AB++WRfH2nmcGrFeIH11yLHtP8Ah+yv4CemNDU4fNq3tcTJclp3f7cv8DDgop83r+fQ3sfjBXxP0/6pnmfeaT7R8/Dw/wAcr6XSJk9jfkPb/wCKRL+J9zGsQq7bSgDxYhR9hfMyDdm4NbEPl4wPMeneox8fRSTJPs5Tfwq5hGUYrV2Ccy09l8stjZWIx641otr/AN1fs6+jBvvlRW6q5FsqcPW2+Vl8Do6856vZ+7uuKVr5X499J+ZUC0f9J++WuVTdHFRT56P8+ZBzOmquFk1y1/PoXctFs8BnimedycOEz+MUzwWeKZ4BjNFc8F3iueAKVo5WkJXjlaATVeOV5BV41XgE0PPB7aZ74fZzMKEd5lZWDiLsbBDObmGvZJ6yvKj+kNz+xuFqPA8V23/DjWa/Mzx7GcNZIpFfFWHV6VP+Biv5gxo4njMvVbVY9B0DDZ6DqDv8J4wPSMp01+Ip8GyccH2NiyHZFzKXw6HTKFFVNFY8K61T7lAiOJ5d+HhPfTy953ldYLrzBebfXR9o/Z/ExOZjDNxmxmtasO9blkVWPwHetN0nz+lKDrqdba92dTUhJUnGnvbQrf7a4wa35sohmVtd3VSnL0OiCF3HcPzb7qQ9y5mTeO65zZxGyuhzprQ1ddFStokAdbD1b08Jo7P8PCsGuyn2CvV0Udengij84+jhOJjV92hcrpOjtzdEDAePv/rU6VZjl8OjDuSKR4LGS3l4nnNkFdBcThaaVQGbHfKsG+4XZOa9nk3p5fU+VkvkZdzuyd5Z/N7ox0QaXagclChfwlrGHjKAAgHtoeSjy9h90adAaHT2AH5TyWd01/VDvM45VN/2SPP4YllXDsOuxGR1D8ysNEbsY9RPV4W3LxThhH9sQfYo4kVz0PvJPCRzcSwv7htsPstbf5iVmHk6uKU+blfxLKvFUsLKPVFrwLqXimf+MAv84pnneHABs8UzwGeKZ4Btni+b5wGeL54ApWjVeQw0arwCYrRqvISvGB/CATQ8r3bWhsns/c69WwsrGy+n9T4qG/6wfpPYDzLUpyacjHuXmpyKrKLV9UsUqdfP0g9Ts7nFOYwls7t6rP7Oyuz/AJGDSfn8JtwMrIxLSwapvhbW1sQ9VsXfkR/rpITYz6I2Dv12Jo4Sfx3Wh01WDcrA9GGx7HrDB3PH4HlnK4fjhj++xgMe4ee0Hwt9Roz1l8p85xFF0qkoPkdzRmqtONRcwvX3mt+EHfjNE/lNNjbYxm1FM2z0hNFEGbYo8YL70Z6vA6T3mRlHwRe4rPqzEO+vbSj6zzq6bL3Wmv7bdST4Ivm7fIfj4e1iqSvHqrpr3yVjQ34k+JY/M+JnR5PhXKftpbLb5lBnGLUKfsIvV+RKLxTPFs8WXnVnIjGeKLwGeKZ4AbNF80Bmgcx9YAoN/GMDSKCYwMYBJDxgaRQxhhj5QCWHhh5EDGGHgC+I8Nw+J1qtw5bawe5uUfGm+pU+qnzErF/ZvLrJ5VFi+TVHYI9vGW3mMIOfnPGrmcZtFJx8HiXDrzfVWxBHLbWwKrYg663roR5H/Oe9j5NOQNISLB9ulxy2p/iT+I2J7XOfnFW0Yl+u+oqs14F0G1PqreI++VWOyyGL+K9pdf3LXBZpPC/C1ePUeefP3musmfqOJrSi9R6LkX/xaYMLCB2Usf5W3XWD7mbX4SmWQ1r9JeJbvPqNui/D7nns6L0ZlB8gT8R9l8fwjq8bJvI5azVX52XqV/5azpz9dT0UWqrpVWlfr3aKu/flEIufnLChklKDvUlxeCK+vndSatSjw+JlFVOMhWve20XdiC7n1Yj8IwvElj84JaXsYqC4YqyKKUnNuUndsaXgF4otALGZGIwvFloBaAWMAItA5jBJMHZgH//Zd yet...",
                "data:image/jpeg;base64,/9j/4AAQSkZJRgABAQAAAQABAAD/2wBDAAsJCQcJCQcJCQkJCwkJCQkJCQsJCwsMCwsLDA0QDBEODQ4MEhkSJRodJR0ZHxwpKRYlNzU2GioyPi0pMBk7IRP/2wBDAQcICAsJCxULCxUsHRkdLCwsLCwsLCwsLCwsLCwsLCwsLCwsLCwsLCwsLCwsLCwsLCwsLCwsLCwsLCwsLCwsLCz/wAARCACrAKsDASIAAhEBAxEB/8QAGwAAAgIDAQAAAAAAAAAAAAAAAAEFBgIEBwP/xABEEAABAwIEAwUEBQoDCQAAAAABAAIDBBEFEiExE0FRBiJhcYEUMpGhB0KCscEVIyQzUmJjcpKi0eHwJTRDU4OTsrPC/8QAGwEBAAIDAQEAAAAAAAAAAAAAAAUGAQIEAwf/xAAxEQACAgEDAgMHAwQDAAAAAAAAAQIDEQQFMRIhQVGxEzJhcYGhwRQVIjNCkfA00fH/2gAMAwEAAhEDEQA/AOtoSQgBNJCAE0kIBoSQgGhJCA5p9IrR+UsGJe1v+zMRAzB5uRNCdMoKpxYziPvOzQWHclNu+8G/d8Vd/pEjidWdny/KC6hxkBz5RC0CP2eQguIOp2HifHSkMfTvmibkDTJIIs0s5DG5pQC55ay4Avc6f4Lnn7x01+6dg7JEHs3gNnBwbShgIuAcj3N5gHkp1V7saWns1hAZbKwVUQLXFzSI6mVt2ucAbHcaKwL3XBzy5BNJCyYGhJCAE0kIBoSQgBCaSAEITQCQhCAELRr8WwvDGg1lSyNzhdkYu6V41F2xt71vHZV6ftxR3Laalc4XADp3huv8kYd/5LVyS5MpNlvWlimI0+FUNVXVAJZC1uVjCA6SR7gxjG36k/jyVVd2vxV+kVHCPEhzR8XOJ/tCi8XxHF8bpW0lQ6mijbMyccJhLi5gIAcS4C2vTkuS3X6ertKaTOiGmtn3jFkX2mx9+NVGGSRtFLwKCuDmumzAvldGbh2QbZRy5qEdJNnH6WwHO+wEkv7bSPdZZe1bQuppae2eoMkFZ3QHNIyNYf8Ah6815OgGTP7MOKKhzOGRUCzLQuEpfxA3W5Frcr87LWFsbkpweUzd1yrfTJYZ1TsQ8v7OUN5BIWT17C4Fxvaped3gH5KyrlmBYri1FQCnppWQRNnncI2xxPs57szjeQOOvmpdnaPH2G/HglHSWnb98WVeUt00tcvZzlhr4M2WhvmuuMezL4hVak7WDMG4jTCME241NmewX/ajdd1vInyVmilinjjlie18cjQ5j2EFrgeYIXdTfXfHqrllHLZVOp4msGaEIXseYIQhACE0IBIQhACEIQAoXtLjQwPDJKlga6qmeKeja7UcVwJzuHRoBJ9BzU0ua/SRO41eC0/1I6apnt+9JI1l/wC1ayeEbRWWU2etqamWSaeSSaeZ4zucc0ksjiGgeugAU9R0jYGML7OlLe+4bAn6rPD79/AQGHMEtfTNO0bZZ/VoDB83X9FaASqvvOrnUlVW8Z7sntu08bG7JLjgyvYeiAsblF1U8E8RONWdJhuZkr+5iAAisXC7IxzB8tlGGJpzH2erdz0FjfJEf+X/AK+6TxdrnSYaA2ZxLcQFoCA/WJngfuUY+C+YupqsjIR35o2C/CZvdgV32r/iw+vqyta/+vL6ehN4W3JTyt4bo8s77NeSSbtab6gfct8HVReFPjDJ4e5HJxDI2IzMkkMYAaX2ab2vpspMKsblFx1U8+ZNaNp0RPS1/gp3s1XSU1YKB5/R6zO6EHaOoa3Ocvg4A38R4qBadlsUjy2twxw3bXUZ+MrWkfAlbbZfKnUxx4vD+pprqlZTLPh3OlIQhfRCnghCEAIQhANJCEAJpIQAuc/SNAfacFn5Pp6qL1Y9jv8A6XRlT+39OJMLoqgDvU1a1pPRkzHNPzDVrLg2jyc4wsZMQb+/TVDf74nfgrGBpfwKrMDhHVUbzoBMIz5SgxfeQrMPdb5XVN36DVkJ+ax/j/0sm1y/hKPxCwQBudAACSToABuSgLwqpLARi2uVzgTYEk2Y0npzP+ShKKXdNQRJ22KuLkyNxUmd1IWQmRkQq3O7xacrox33AEWboRcnn8IR1TRXAMNNfhttnkmIzGma/V2fLstWsxOWurOHG4+xsMwYNuM7hPbxpB4/VHIadS7TIGVgOxjiPxoS0K+6XTqmtQXCKzfN2Sc3yb1dPVYfV4TXRQxsyiUs4RBilZms5nEaXNNwTfU7q501VBWQw1NO/NFK27b+8082OHUbFUGlqo4XOp6kF2H1UgbVM3yXDQJ4xyezcHntzXvh9bUYDiNRTTkuphMYqpjdR3TYTRjqBr4jTy4dx0X6qOV7y4+K8v8Afye+k1P6eXf3X9mX8FbNE1z8Qwpg3fXUm3RsgefkCtRpa4Mc1wcxzWua5uoc0i4IPQqX7PxcXGcP0uIG1FQfNsZYPm5VnQVuWqri/P07kxq5Yom/gdAQhC+jFNBCEIBoSQgGkhCAE0kIAUF2vYH9ncYvbuMglBPIsnjcp1VTt7XMpez88Fxxa+eCmjF9crXid5t0s23qFiXBlcnKZCckhb7zQXN/mb3h8wrZE4SRseNntDx5EXCpfF0dc6AG6ttASKKhB39mgvc634bVWN8inRGXk/wTm2N+1kvgbHNR1UyWd88MQBkl4kMbbgEngWG5A5lSN1pTOfFOyZg1Y+OZo/aMejm/BQu2vFrXjgk9X7ifk0V9+CzUk4ZLEwSBrXZQW2DXMNtWX+9Rc0BZlaRtwRf+WmkboFea3FMImqs5w7FnvLYw17DSRwFrdA5pMpcQdeXpyVfrKzCHkNjweZjzwReeuDrZmyDZjCNPPn4K3VuWc5Im6amsNY+hVJ/1bvIf+sLaxoEVrc36z2LDzNffiGmjzXWzRU7MQqC6SFkNBStinrngucBE1mbhBzrd59rDwudmqMrat1bV1dW8AGeV0lhs0HZo8guiKzP5L1wcFjxD5/gt/ZWudUUklG83ko3N4d9zA+5A+ybj1Cv3ZUtGLkH3nUNQG+kkZsuR9mpzDi9M36tSyand6tzt+bQuk4dWChxGgq3aRxSFs3hFICxx9L39FX7YR025xn4S7/5yvUlYSlfoZR8V+O501CQIIBBBBAIIOhHUJq2FfBCEIBoSQgBCEIAQhCAFxztxjH5Txh8ET70mG56SKxuHTX/PPHqA37Hiuj9qcX/I2DVlSx2WpltS0fUTyggOH8ou77PiuHXvzOnVeVj8D1rXiZMhNRLDTN3neGOI+rHbM93oLq6tsGgAAAaAdB0UDgNNmM9a4aEmCH+Vpu93qQB9jxU+NlUN61HXNUx/t5+bLDttXTF2PxMefxWD4xILXIIN2uG7XDmF6b3WI3N1BQk4Pqi+6JVpSWGaD4nscxpAAL9nA5CTuY3DUX6fLpo/kylnfG+Qu7xguBO1rPec3djM/wAwp/YA/vBEbG3is1o1YAQAN3EclNVbk8Za7/BkdPSd8J9vic8xDFZJqcUNNEymoY8mWKIEZr3uXm99SBfUk2FybC0Pde0ocMwI1DWg+j3NXjZXJRUVhFZk23lm7hTi3FMJI39tph8XgLpRtsqF2coJavEKefKfZ6OQTSP+qZG6sYD1vYnwHxvp3VT32ad0UuUiwbVFquTfDZeey2I+1UbqSV156HLGLnV8B9w+nunyHVWFcwwyudhtfTVdzwgeFUgc4HkB3w0cPJdPBBAINwdQRsQdbhWDbdV+poUnyuzIjW0ewtaXD7oEIQpE4gQhCAaEJIAQheNZUxUVLWVkv6ulgmqJNbEtjYXkC/kgOV/SFihq8Vjw+N14cMjyutaxqZg17zp0GUfFUoMkkfFDF+tme2KM9HONsx8BqT5LZqJpqqeeomOaaollnmPWSRxe4/ErcwSn4tVNUuHdp28KPpxZBdx9G2H21xX2qqErJeB11VuclBeJP08EdPDFBGLMiY1jRzs0W18eq9UJ8gvnk5uyTnLllujFRiorhGN9UXGqRURPjcEM08Ip5XOikfG5znNa0lpLTYAEr1o01mobVSya2XQqWZvBMjXL0zN+9Yg91t+QAP8AWoaHFsQq3iOiw/iluWSSzvcjDgC5xc5rQEPq8Ra0e0YlgtH3TdsTzXTfrrDu0bZGeGsg+WknXtOpxhpL6nDPX0p9mOs7P4RWySTPE0UkhJkNPIGtc7Ne5a5pF+qxg7LYLEQ50M81jf8APyuLfUMDQtSXFKJoc0Yhi9VKRIGiMU2HwB17A2bxpCBpzb6X0iwa2qLmgVNQ+xuBxJDr16KTWj1ajiV2F/vyON6jTylmNeWXaOOKFjI4o2Rxs0ayNoaxo8A3RN2684cwgpg8EOEMQcDuHBgBBWRPRVWSfU8snY8Iy01B8lfuy9aavC443uvNRONK++5Y0Xjd/TYeioF1YOyVSYsSnpye7V0znAfxIDmHyLvgpvZL/Z3+zfEvVEXulXXV1+KL2mkhXQrI0IQgEhNCASrHbqpNP2eqoxoayopqQHwLuM4eoaR6q0Ki/SO5ww7CWfVNe9x82wPA+8rWXBlcnMCBqSrDhMXBoYL6PlvO/rml79vQWHoq64GQCMHWV7If+44R/iraLAADYWt5Ku7zZ00qC8X6E1tsOqxy8l6npdZbryB+9ZAlVJosAyVETYPFLLUSmd2aWR8tuG2zS4l1t7qVuVhfVe9F9lDbreDzsqhasTWSrVmGVkI0jzNBDmTRNL8paQQS3cKO4LCcpErj3hlObY/VsNVfM1gfJY9NBueSmK96sUcTjn7HBPbot5TKvR4NU1DmufF7PDe5e5reK7S3caRf1KssMMNPGyKFgYxvIcz1cdyV6A6JE7KP1Wtt1T/l2XkddGnhSu3IyfwS/wAUXF0iVxHQO4UhgsnCxnBnD61Vwj5SRvj/ABUaTZbuE64rgoF7mvg+RLj9y7NDlamtrzRzatZon8jqSEJr6GU0SE0IASQhACp30hQ8TB6SUA3hxCO+mzZIpGX+NlcVGY/QOxPCMTo2C8skOeAWGs0RErBr1IA9ViSyjK5OHwt/S6EEae0xk/ZBf+CspNj5KvR2FRRvIIy1EVwbgjOTHY/FT9769VVN6TzD6/gsG18T+hmPLmmCsQdLeKAq40TQ77rHW5SulrdbJAzGyAdPMlLYHqkNh5pgGYOhSJHzSBAB0WJI1RIGV0HQrC6CSs4AE6qb7MQGfGqNwF20sdRVP8O5wm/Nygidle+xtCYqOfEJG2fXOAhvuKaIkNP2jc/BS21UOzUKXhHuR242qFDXi+xaUIQrsVUaEkIAQhCAEIQgOUdtcClw2tkr6Zh9irpTKCB3YKsnOYz0Dj3m+o5a6UcjZY45G+69rXt8nAOC69VUtLW089LUxNlgnYY5WP2c0+WtxuDy9Fy7EsFqsBqTTPLpKGV0j6CoP1mavdBLbQPZqfEG49whsLu2mdtPVHld/wDslNuvVdnTLxNbkjMsb/5IHNU7BZgJSB3QSl1WTJkDdA0A80Dn5IH4rAAHQrEndZAXBSIssoCTJ0CRLWi7iABuSbBSuF4BimKuY5jHU9GSM1VM0jM3+BGbE+e3iuijT2Xy6a1k8Lb4UrqmzxwjC5sYrGUzA4U7Mr62UfUiv7gP7Tth6nkupxxxxRxxRtDY42tYxrdmtaLABa2H4dRYXTMpaRmVg7z3ON5JXnQvkdzJ/wBaLbV00Wkjpa+lcvkq2q1MtRPqfHgCEIXccgIQhANJNCASaEIBLXrKOkr6eWmqYw+KS1xs5rhq1zHDUOG4K2UIDmOLYBiOFOkeGOqKK5LaiJnuN6TNb7pHXbxF8rYkFpGhGq7IomtwLAqlssstBBxLFxfEHQuJ6uMJbf1UHqdnrtfVW+l/YlaNznWumayvucxRvqvXHI46CobHStDGEyCzvzm1rayXKMDhirnkVTQ8Z2ts0mPT/pWUf+y25x1I7f3SGM9LPMW129Vg57G2zOA15rodF2Z7Nvja99CHuNr556lwP2XSW+SloMLwikLfZqCjiI2dHBGHf1Wv817w2Lv/ADn9jyluz/tj9zmNNR4jV/7rQ1cwJADmROEev8R1mfNTVL2Pxmcg1UtPSMO4B483wacn966Amu6raNNX3az8zjs3G+fDx8iCoOy+B0LmSmE1VQ2xEtYRJlPVkfuD4eqnE0KUhCMFiKwjglJyeZPIkJoW5qJCaEAIQhAf/9k=",
                "guitar"
            ],
            "reviews": null,
            "createdDateTime": "2023-09-21T10:41:07.983",
            "zoneId": "ALPHA"
        },
        {
            "productId": 235,
            "name": "guiter",
            "title": "amazon guiter prime",
            "description": "Pattern Name: Acoustic Guitar Kit\nBrand\tJUAREZ\nColour\tBlack\nTop Material Type\tWood,Linden,Ebony\nBody Material\tWood\nBack Material Type\tWood, Basswood",
            "rating": 0.0,
            "price": 5749.0,
            "offer": 10.0,
            "type": "electronic-accessories",
            "brand": "jyoti brand",
            "category": "electronics",
            "merchantId": 1034,
            "quantity": 20,
            "status": "ACTIVE",
            "thumbnailURL": "data:image/jpeg;base64,/9j/4AAQSkZJRgABAQAAAQABAAD/2wCEAAoHCBQVFBcUFRUYFxcXGhoXGBoaGhkaFxkZFxcYGRcXGRkcICwkGh0qHhcXJDYkKS0vMzMzGiM4PjgwPSwyMy8BCwsLDw4PHRISHjQpICk6NDIyMjIyMjIyMzIvOjIyLzIyMjI9MzIyMjIyMj0yMjIvMi8yMjIyMjIyMjIvOjIyM//AABEIAYUAgQMBIgACEQEDEQH/xAAcAAEAAgIDAQAAAAAAAAAAAAAABQcEBgIDCAH/xABHEAACAQIEAgUHCQYEBQUAAAABAgMAEQQSITEFQQYTIlFhByMycYGRoRQzQkNScnOx8CSCsrPB0VNiY6KSk6O08RU1VHTS/8QAGgEBAAMBAQEAAAAAAAAAAAAAAAECAwQFBv/EACwRAQACAgEDAwIEBwAAAAAAAAABAgMRBBIhMQUTQWGRIjIzURQVcYGhscH/2gAMAwEAAhEDEQA/ALmpSlApSlApSlAr5StexmEmR2kTInazMwN+sUsLqylbluQJYgX0sNKiZ1G0xG507cdjWLEKSFFxpuSOd+6ulZWGoZh7f1etfgnxL4l1ICRKwCBrduNUUyyX9IteRQNh2SNdbTorgvNt7mfL0aVprpiPCZ4fic667jQ+PcazKiuEDVvUPzP9jUrXZitNqxMuHLWK3mIfaUpWjMpSlApSlApSlApSlApSlBD9J2lGFl6kMZMtlCAl7EgMVtrmyliLa1qPA+Izpg3bEZ8ilnVnzdZlQdpMrC9gRcG+5ItpWd5ROLTwCBYWdM5csygm5XIES9uZcm3PL665Y7i3Yi69GEsgEfVWBZnHpta9gn0rtaykXttWOafw6j5b4I/FuXDhXEGmUOYygIUjXMO0LhSSBZwCpItpmGt72lOqkYgRgX5s18qjvsNWPcKwsKV6sPGvZft7EelYZiCLggAaHuqa4Q+pHePXt/5rlpETfWuzqyTNab33ZeAwgjW2YsxN2Y7k+oaAdwrMpSu+I08+Z33l9pSlSgpSlApSlApSlApSlApSsTiWMSGJ5X9GNSxtubDYeJ29tBqEvTBxxA4cqpgVuqaylnDBb59P89ha2wvXLicME0mV2UyLmIUMvWKJQyk2N7XXNy+jcbV3cG4rBikknECRYgebb0WcqwBuGABK6kXI3BrHg4cEleXMTnZnZWFxmKIqkHllysR981yZpjet/V14azqZiPok1UWty29gtzrt4dJYqfHXe2unPesNsSAwQC5zFPDNkDi57rEeO/IEjtjc5joR37XH+7+lYRuJiXROrRMNopXCFrqD3gH4Vzr0oeZL7SlKBSlKBSlKBSlKBSlKBUD0r4hhooCmKVnjluhRRdiN2bQggDQ3BuDa2tqnqgOkvRqLGhM7SI0ebK0ZANmy5lIYEEHKOV9KEIiXgkUOHyYS6s8bFJGYs93F1Jbcctu4d1dXDcN1MZVt+QLE3CpmJ1J7VlYk3JOUkmnFMPJHljw2YRR5y9mu5CarEmYGys2YaWtoBau44POqZmOZQRcWGrKFYkbXsTt36Vw5Ld5/afv2d+KvaP3j/rNjyk5gB67D86yBXVEoAAGwArJgwhc7lVGhI9I/5VPLxPu8KUrNp1C97xWNyksCewPb8Caya64o1RQqiwGgArsr0KxqNPOmdzMvtKUqUFKUoFKUoFKUoFKUoFKUoNe4pA0Yd/SXVj3qNzf/AC+P/moFuLxC46yPTN9Nd1GvPcVuPFnCwSsQCBG5IN7Gyk2NtbVST8ThzMDgcN6cwvaXUqvaY+c3Yb1y5MEb3DrxciYjUwsHCcZjIUZ0zGwtnW+aw0tffWt1iQKoA5fo1S2FxWH6xLYLDg9YdR1twQFOb09/7VdtXw4+jamfJ16faUpW7nKUpQKUpQKUpQKUpQKUpQKUpQRnSN8uExLd0Ep90bVQkw7T/iYj+Cr06XNbAYw6aYac6gEaRPuDoR4GqYnxjZ3GWL5ycfMwk6Lfcpqe88+d6pZpR9ia0gN9pHP/AEx/ar/qhFxLXOkfpN9TD/hfc38avupqZPh9pSlWZlKUoFKUoFKUoFKUoFKUoFKUoIXpchbAYxVFycPOABuSYnAAqm5+GzZ3PVtbrJzfTUOtlO/M1cPTb/27G/8A15v5TVS2Hw6SYgo7rGry4kNIwuqAqbsRp+fOqWXoz3wUlj5s7nmP8O3f31eoNefcQgBYCzDOADbQjIQCL8jv7a9ApsPUKUTk+HOlKVdmUpSgUpSgUpSgUpSgUpSgUpSgg+mIU4DFhr2MEgNrXsUN7X0vVKu8GduzL6c/1ke+Xt/V7d3xvV2dLlJwWJUAkmJwANSbrawFUi+Alzt5qX0pz82/0l0O3M7d/KqWXoyjLDb0Jd0+sT7Gn1fdV8Yf0F+6PyqgPkMpX5qXeP6t/sa8qv3BfNp9xf4RSq2T4ZFKUq7IpSlApSlApSlApSlApSlApSlBCdMGtgsR+GR7yBVHwgPMqPJ1Ss84aRrlUGU9oi4uB7PZV3dMWAwc1xcWUEXte7qN7G1Ui88Nx5lvr/rjyU5vq+fw8apby0p4fWbKWUNmAZAGF7MAp7QB5Hf21f3CmvBEe+ND/tFUGmIhsPMt9X9afsafQ5fGr44Eb4WA98UZ/wBi0qm/iEhSlKuyKUpQKUpQKUpQKUpQKUpQKUpQQPTNb4OUXAvk1N7fOJvaqSfBrcHr4frucv0lP+ny5/1q6+mwPyKWwubxfzo6pTBwsssbyYeSRFMxeMq6hwUPYLAaX+Nqpby0p4fEwi6efi+r/wAbkv4Xuq+Ojp/ZMPrfzMWvI+bXWqFfDOWJWF0UlSFyucototyLnLtfwq9uit/kWFuLHqIrg7g9WuhpUyeExSlKuzKUpQKUpQKUpQKUpQKUpQKUpQa903YjBuQSO3CNN9Z4xVGpi5Oz5x/Ql+m3JWtz5VePTmQrg3It85ANQCNcRENiCOdUrw3GSSPCheFBJ1oMjwwBE0azt5vYc9r86pby1p4dC4iTTzjfR+k32fXV8dDWvgMKf9CP+AVRk2OkRmUPE4VsoZYYcjgA9tfN+ibXHgavDoW5bAYZjuYkvoBrbuGg9lRXyX8J6lKVoyKUpQKUpQKUpQKUpQKUpQKUpQa307cDBsSoPncMLG9tcVEL6EG4vf2VSGHxi5I/2eAdiU2Cy8lfa8mx5/C1Xb0+kC4MkqGHW4YWJIGuJisdNdDY+yqUgxEeWP8AZ4x5uU/OTadl7j5zn8OVUs0oLjB/gxbLyk+z+JV5dCWvgMObAdjYbCzEWHhVHDEx2+Yj2H05u4afOVdvQNw2AgIAAs+guQLSOLC5J99RXynJ4hsdKUrRkUpSgUpSgUpSgUpSgUqC6SdIY8JGXLIXzKoQuFvc3a5JslkDG7WGnjUpgZmeNHdMjMoYpmDZSRfLmGht3igyaUpQat0/cDB6qGvNhxYkgXOIjANwRsdd+WtVHjYRA4ikghLJG98kk7ILxs1g3WC9wdb6g3q2vKE4GEF1Defw4sb21nSx7JBuN/71TWFxqZI7QQDzUhsBNYaSaDzux5+3aqWXoyeHwid2SOGEFYzIc8syjKgUkX6zfXQeGul6uDyeuDw6AgBR5zQXsPPSadok+81S/wArWx8xD9E6iXuX/Uq5vJy+bh0JsB2ptFvYWxEo0uSfjUV8rZPDaaUpWjIpSlApSlApSlB8qqfK/wBNXw9sFh3KSOuaV1NmRD6KKRszakncC3fVrV5O6W8QOIxuJmJvnlfL9xTljHsVVHsomEfDiGRswJDb35331vvr316h6D8XOKwMMzekVs3rXS/5V5Wr0P5FZ83DgvNJHHvtb8qJmFh0pSirVPKGWGFXKLnr4NMobTrVubEHYXN+Vr1UOHxE+RLxi5ikv+zRDW0lhbqtOWnP21bvlELfJUCtlJnh1zBNM9yMxI3AItz251VXC0lUwtLKsiBGMijFx9tQZNmEnxG1txVLNKOlJZ9bR922Hj8P9Ord8nJY8PjzizZprjKE+vkt2QABpblVUYmORncpKiITdFOJjbKpIsM2fWwNr86tbycqRgUDMGIeXUMHHzrH0gSDvUU8rZPytrpSlaMSlKUClKUClKUGPjGyxu3crH3Ka8e17FnTMjL9pSPeLV5DxsBjYKdDlU+9Rf43omGNVu+QzjIR5cK5t1lpEvzK6MBVR2qZ4FxQRMFYlRmDpIgvJC4Fs6jTMhAAZLi4AO6ioWmHq+lVJwryuIoCYlQ5AHnISSrC29mAIPeCFIrI4p5ZcKqnqIZHe3ZzFVQHkSQSfZUq6S/lK4lCFgwrSESvKkoVRmIRM3aa5AALWG/fYGxqtcBgo5DFHHJKzPG6IvUxgtmMo/xrA3J528RyiuE8WxGMx5nlHWyPqRlYqqgi2VVPZVb6evW962GCOZQhGDClY2ItFOCrXlIA7enI9+ulZ28tKR2Ys+FiRnR3lVk7DDqkupUgEfO73FWt5NcvyEBSSBJJYsAp1a+oDG2/fVaiOU3PyW5Op81KSTcXvdtTe9WX5OVYYVgydWRK/Zystrqh2bUb3pTytk/K26lKVowdM0yopdiFVRck6AAbkmtbwPTvASuUSY2DBM5RxDmPor1tsgJ5XOvKofyzcS6rh5jBs0zqn7oN2+FUPw/FSx5mjYgZSrrYlHQ2DLIuxXtAa8yLa2ol66pVceR3pM2KwzYeRi0mHygMfSaJr5LnmVIK+oL31Y9EFKUoPleYvKFgOqxTr9mSWP2CRpU/6c0Xur07VL+Wjg3nDMo9NFl2+lGRFLr3lZMMfVCe6hCokrk0dcY96z4o71na3S7cOP3I0jSprMwvD5ZFd0RmWNc8jAaItwLsfWfXv3Gsr5FeuOIMkcZRWZUksJFBIVspzJmGzWNyO65pTJW06M3Fvjr1T4ZfRSIfKBmYgZWIKgNcgjTcWracH1KPE4dnyRlsrwjK4BlJDDrNt9P0Na6GX+UG2T5tvTyW0ttn0v8AHfxrcMNcPF1nyYxhD1mT5Hmy3lvk0tt7N786W8uevhiYnqXd3zMubtZVhUKt2Bso6zQDkKszyYOhwsioxIWYg3UKdYom1UMbb99V7iG7b9WYBHrkzDDFgmbs5rKRe1vCuXAelL4LFuuaJhKsZZFMaRvZbKUZbIjjXewYEa3UBlPKcn5V6UrRn8p+BTsyiWJxujIQfjbTxrT+lXlaLoY8IpUHQvrmt4HTL7Ne4itGKK8s3H1nxCwIbrDe5GxY6X9+YewHnWjQcSkjjkijfKkoUSiw7YUllFyLgC/Ii+l9hWK8jOxdtSTr4+HgOVdR1PrqUt68jeNMXFI05SpLGfYvWD4xj316NrzR5KIi3FsPYbGVie4CJ/6kD216XqEFKUoFav08wKyYUuwuIT1jDW/VFWjxAFtz1MkpHiBW0V1yIGBUi4III5EHQig8jcRwbQzSRN6UbtGfEoxFx4G1/bXfgamen3DjDiFBB9EwsSblmw7mJWPi0SwOfxKgcE+tZZY3V3cK+rw2fAwBq6OkuFAhVu5h8Qaz+EV2dLFthD95Le+vKx5JjPEfV7nMiJ49v6Na6LYlY5+0Lho5BrmsCELBjlIOwI9tbIeJwELaOLWJyO3NsDLcayajQ+NRvD+H4Xr26uZpIlSQdYY7OT8nbMOrJ7IzXtfl371jrgIwIszG4w0p0XdyZrIO7djmOnZG19PYmImXzFbTEJV+LQgE9XFbID6Ux0zDukvaonGSYeYyyMyRdXFGY0CuWlcjZCzGw1F81++29cjhoQurMSMMpAyAZpS/aS/JB9rnY25V1S4fCCeNJHcQWQs6oFk0juwVdbXYBbm9r31tqiIJtMoNgvIt6rD+9cLC/P219a1zba+l97cr+NfCKuq5E18Ubnu/Pl8fyrnFlzKGJC3GYgXYLftEA7m167+K9SJXGHLmK/YMlusIAtdgNBc3Nu4igsvyE8LLTz4kjSNOrU97SEMbeIVB/wAdXhWp+TXgvyTh8KMLPIOuk780gBAPiFCL+7W2VCClKUClKUFF+WfCqsrsBqZI5P8AmwdWf+zWq1we9WZ5aZAZX+9h09qR4hz8Jk99VzwyO7VnknVZdfDjeSG48HTT9d1cemzZcMi/akX3KrH+1ZvC4rD9d1R3TaCR0DKhMUADSPoFUynKim+7Gw0FyAb7V4/Hjr5MfTu9rnX6ePP17NS4Z6bfhT/9vJXNNovwJvzxNdfDfTb8Kb+RLXYn1X4E354ivcl824uNF/AP8bVjz/R+4nwFv6VlMR2fwG/iesXE7R/c/KRx/Sg6r0r5XIbVIWqb6G8KGLx+HgIuryAuORjjBdx7VQj21Coda37yJRg8TufowyEeu8Y/JjUSPQtfaUogpSlAr4TX2tU8onFOpwbqDlefzKt9lWVmlk8MsSyNfvAoKN6e8V+UYguNnkkmH3WyxRafhQRt+/WDwWG5qMxM3WSM1rAnsj7KgZUX2KFHsrZOAw7Vycu/TR63puPdttnwQCrcmwAuT3AC5Puqv+I455XkfMwV3zZLkKcoIS67GwPxNbb0hxHV4VrGxcqnjbdvgtvbWjKax9Ox9pvPz2PVMu7RSPju2fBRYEu5iMmQRSDzmTrS3ydsxtsqk5tr7VzXDYcCO5Y2w0u3V26wmbQf6Yu9zvt41ruBPbP4U38iWvqfVfgTfnia9GYeVtPmKDs6tf5K/wDh6y3lNvw99fS29mDI2EEkHWiRogoMgTIJGIeUsqWNgmawuTe1zodBGRj5r8CX8p6xsQOzF9w/zZKG3XIRckCwubC97C+gvz9dfRt7a4E1kYOLOypmVc7BcznKi5iBmdvoqL3J5C9SO/BNAI5etEhkIUQ5MuQNc5jJfW1gLAd520rZPJRjhDxSG+gkzwn1upy+91Qe2tW4hhRFIyK4kUEhXUEK4BK5lvuLg6i40rhFOUdZFOUghgRurKR2h3EGxFQPYFKg+iHHFxuEjnFsxGWQD6Mi6OPVfUeBFTlEFKUoPlUj5XOOZ5ZFB0iHyWPb03CS4px6k6mP99qt3jvElw2HlnYX6tCwXmzbIg8WYqvtrzP0rnZpuqZsxiushvo0zsZMS3/MZ1v3KtExG5RWEjuRW7cGgsBWscKhua3jhsOgryOdk+H0XBx9NNo3pPgJZUAjQsIkeWQggBY10LG5F+WmpPKtKU6H41uXTdWVYmBKhs8bWJFwcrZWtuCQDY6aVph513cH9CNfV5HP/Xn+yWwvCJ43brI2j8zMwD9kkPh5Muh199cTgJF6q6E2gmBsQdScRbb1isjg/HJQZEZmbNFMMzMS+VYH7Nze47Cgd1qkE42hyZk3w8iqCosuUzjNofTsp1N9yd9a6ZcjXRGy9XdSPMS7gj/5FYuI9CL8M/zZa3JMdA4Wxt+zyBRm3cGa7NmHo+loNtNTzwMXDhHkgEsjJEVJkkVQWBBclVVb3BaygnvubbUGq3rmjaVO4Dg8xGeLII2jUSSyEdSokOoZ3UCNtALLdgQbG1RuLRQ75CtiQeyewTfUIPsamwaxsBfXSpQYdusAidlAB7DMbZSSBYMdAlySR6zXRNh2RmjbcHlqL8iD3EH4iujN6qzpMbJMkEAVLRllTKoVmaRhcuw9JtFFzyUUS3zyM9IzDijhHPm8QLL4Sr6J/eXs+sLV+V5J4hhJsJOUfsSxlW7JBysLOLEaXBsfCvT3RTjIxmEhxIteRBmA5ONHX2MDUEpmlKUQ0TylcTEaxJfSMPjHF7Bhh8ogQ+DYiSH/AITXnhbs1zqSbknck7k1a3lWxpY4mx9KaDCD7kETYmQDuvJNF/wCqzwUVzVbzqsy34+PryRCe4Th9BW4YFNBUFw6OwFbHhF0H65V87yb9Uy+opXprpj9IOF9fC0Y9MHMl9sw5H1gkVXJ4VNklk6purgKrKTYZS5CopBNySe6/ftVuEfr2Vi8Q4RDOD1iXJtcglWNr5bkb2ubX2vWvD53sx0Xjcf6edzOF7s9VZ7tC4L0dlfLICLSQzOBuQhjliDsRoozaa2103rJi6KTHqhcXMEp1BHZYy5XN9lPWLbvuO+trOAhiMcZaVUEHVp1fabzsuJzBuZHo25Dc6LXAHCpl8wXyOcLmkdyBcyhnUgAaWOZtgQ3ca9ul+usWjxLxb16bTWfMNYwvRCd+oyspLwS25DKTJZ7/Z84vjvppWBjejpWKNzIoXI7pcWLLmDDNYnISG57Wrc0+S2WQQzNdjEEYhQOtzuzIACWKh2FiR825J3qM4hOHRY0hiUdZZbKSzRgMCXO7KrO93G9joMpvbujUNNxaTxXw0uZchv1bgEqcrAb7DtNoNASedYkmfN2ybtrcnXuuSdvXVl8D4FBMrmeFWdJGjZizliUABu+c3N+YNu6ufFOgeGfWNnjbl2s6+0Nr8a4repYq5JpbcTH2dNeFktWLV1O2jQ4KQRO4ydQsjKM/Vku7qoZI2UNmfJl1XQXuN6hp0AdgNBmIF7iwudNdffU70g4BisOLv5xBosgGawyhQrXF1AVQANhyqEw0Oc2LBQAWJJUHKNWy5iAzWvZb3Owrtpet67rO4c16WpOrRqXUDcEfvf3/XhVxeQfjNxPg2O1poxfkbLIB4XyH2mqmlgUdpCzZRchlykjMwzgC4C2yXub3bna9Tnk44kcNxPDtfsu/Uv4iXsa+AYqfZVlXqGlKUQpHplwiSfAS4tBfqsdi5HA36sydVn/AHeqS/hc8qr7ho1q9egXEopI58LmBlixGJ6yM2uVeeRgwB9Je1Y+OhrUOl/QAwO2Iwi5ojdniGrR95QfSTw3XxG2WWJmk6dnCvFckbQ+BGgqfwh2rW8G+gqcwb7esV87mrO5fTzHZLH+35VzQ10odv1zrmrfr21ySy0j8dG8jCykoseW6OFfMvWkHUiynrSCBckDcVhNw6RiGaPNmSRpQXjKtITOYnVSSFKmUGy2AJbQ31m0t8K7VItXfT1LJSkViI7dnDf0/He02mZ7oJ8FI1s8bsCHeQCVQokPX2MYzDLrINOdze4sK4jgxkESlCjKJc8itGCc/wA3my6va1iPsnfXTYFt8a7FtUz6pln4hWPTscfMsLgvDxAhTNmuc17WHdYC57q4Y7pBDG4R84BuQ+RihsbGxGrC9xdQazcO9rHe3x12qvekUcschSRmfKAsRY3BiLER2vsNSCORBFOLhpybzbJPf7HKvbBWIrHZvy4iOROwyuuxsQwseRFaNxngAhd5Ic3VuCksamxykhrpfcBgrBTzUVsnRzhMBklEUkpi6tHSRsvWmRcySzRgaNDdVDISbHkAAw6+Lo8bGKUAPbMrL6EiHQOhPLvG4OldPsZeJbqpO6/KmPJi5cdF41b4aA37SpUOsa4aAhBI+TOFclgim93dnvlB9ptUPHIUdXG6sGHrUg1P8YC5icov32F61yY616mLL7kb04ORxfZ7TO3rL/1daVA/I37qVq41QdPIpcDxaZ4maJi4njddDaQZmI7xmzqQdDY3qyeg3T6PGhYZbR4m22yS2Gpj7m5lPdfl2+Vroo2Lw4xEQvPhwTYC7PHuyC27AjMB6xzqgI3IIIJFtQRobjUHwNRK9NL96T9ERITLhwFfVmTZXPMjkrfA+G9ajh3KnKwKlTYg6EEHUEcjWZ0I8o4IWDGvrskx59wl/wD37++tw6RcAXEDrI7LKBofouOQYj4Ny8RXn8njReN18vZ4nMmmq38fEtVSbb9c670k/XsqEld0Yq6lXU2Kncbe8eI0oMfrXkWwTD2O0+Ewsutclm/XtqD+XU+X61n7UrdENgWbf9cq5JPUCMcNdaDHeNVnFKYxwmop9B+udcMX1ci5ZFVrbZgGtcDNpcXBsLi42BBUhWECvELc/wBXrjJxHxrbHXJS0Wr5Vvgpes1tHZsuAyKyxJmERYGNFfzmHlt85g5G9MHdoHs5sbBwbNJcfw8cuHEM7qkub9nlUEK0h3yp6Ud/rIz6OrDRSRWmP4jdWW+hFiO8XB19orCbpRiFMd5DIImzIJO3sQQpY9pl0HZJsLaWr3sOab1/HHd8/wAngzht1Ut2/wAoviGJzG9dXAcAcRi4IAL9ZIiH7pYZj6gtz7Kx+IYx5ZHkc3Z2LMe8nc1Z/kQ6NFpGx8g7CAxw3G7sLOw8ApK372PdW9KRWNQ5ORmm8913ZR3V8rnSruUqovKR5NDIzYvBIM5u0sI0zncvH/m7158tdDbtKDx46lWKsCrKSGBFiCDYgg7G/Kt36F9PpMJlilvLh9gN3j8Uvuv+T3W53N0m6FYPHC80dpLWEqdmQd1zazDwYGqq455HcXHdsNImIXkptHJ4DU5T68w9VRqF4yTHZvnEcFhuIQrIjhgR5uVNSp5g94vuh+Bqp+PQz4OXq5V31Rx6EgB3U/mNx7q48Mk4nwtyxglRL+cR0fqnA55gLA9zA+8aVv2H4/w/iUBjkKrfeORgro32o2O5HJl9o1tWdsVbeXTj5mSkaieyrjxY18HFTWd0i6GzwMWivPET2WTtMo7nUbHxGh8Nq1p8O43Rx61I/pVP4en7N/5lkTQ4uaDipqAN6ZjUfw1Fo9TyJ3/1Lxrqk4gTUPnrLwmAnl+aikk5dhGf+EGpjj1hE+pZJfZsWTWK0hNbVw3ydcTntlwzop+lKRGB4lWOb3A1YXRnyORRkPjZOtI16qO6x3/zObMw8AF251rWkQ4snIvfzKv+gvQebiEgNjHh1PbltvbdI7+k/jsu55A+kOH4KOGNIo1CoihVUbAD8z4867MNh0jRUjRURRZVUBVUDYADQCu+rsClKUClKUClKUCsWXCRP6caN95VP5ilKCNm6KcPY3bBYYk7nqY7++1YmJ6F8OynLg8OGINiYlIBsSCRpceFxSlBHdHOhGEVG62DDzEsGBMCKReNMy7ns5sxA5Bra2vU9H0U4euowWGB7+piv78tKUGdDw+FPQhjX7qKv5CsylKBSlKBSlKBSlKD/9k=",
            "productImageURLs": [
                "data:image/jpeg;base64,/9j/4AAQSkZJRgABAQAAAQABAAD/2wCEAAoHCBQVFBcUFRUYFxcXGhoXGBoaGhkaFxkZFxcYGRcXGRkcICwkGh0qHhcXJDYkKS0vMzMzGiM4PjgwPSwyMy8BCwsLDw4PHRISHjQpICk6NDIyMjIyMjIyMzIvOjIyLzIyMjI9MzIyMjIyMj0yMjIvMi8yMjIyMjIyMjIvOjIyM//AABEIAYUAgQMBIgACEQEDEQH/xAAcAAEAAgIDAQAAAAAAAAAAAAAABQcEBgIDCAH/xABHEAACAQIEAgUHCQYEBQUAAAABAgMAEQQSITEFQQYTIlFhByMycYGRoRQzQkNScnOx8CSCsrPB0VNiY6KSk6O08RU1VHTS/8QAGgEBAAMBAQEAAAAAAAAAAAAAAAECAwQFBv/EACwRAQACAgEDAwIEBwAAAAAAAAABAgMRBBIhMQUTQWGRIjIzURQVcYGhscH/2gAMAwEAAhEDEQA/ALmpSlApSlApSlAr5StexmEmR2kTInazMwN+sUsLqylbluQJYgX0sNKiZ1G0xG507cdjWLEKSFFxpuSOd+6ulZWGoZh7f1etfgnxL4l1ICRKwCBrduNUUyyX9IteRQNh2SNdbTorgvNt7mfL0aVprpiPCZ4fic667jQ+PcazKiuEDVvUPzP9jUrXZitNqxMuHLWK3mIfaUpWjMpSlApSlApSlApSlApSlBD9J2lGFl6kMZMtlCAl7EgMVtrmyliLa1qPA+Izpg3bEZ8ilnVnzdZlQdpMrC9gRcG+5ItpWd5ROLTwCBYWdM5csygm5XIES9uZcm3PL665Y7i3Yi69GEsgEfVWBZnHpta9gn0rtaykXttWOafw6j5b4I/FuXDhXEGmUOYygIUjXMO0LhSSBZwCpItpmGt72lOqkYgRgX5s18qjvsNWPcKwsKV6sPGvZft7EelYZiCLggAaHuqa4Q+pHePXt/5rlpETfWuzqyTNab33ZeAwgjW2YsxN2Y7k+oaAdwrMpSu+I08+Z33l9pSlSgpSlApSlApSlApSlApSsTiWMSGJ5X9GNSxtubDYeJ29tBqEvTBxxA4cqpgVuqaylnDBb59P89ha2wvXLicME0mV2UyLmIUMvWKJQyk2N7XXNy+jcbV3cG4rBikknECRYgebb0WcqwBuGABK6kXI3BrHg4cEleXMTnZnZWFxmKIqkHllysR981yZpjet/V14azqZiPok1UWty29gtzrt4dJYqfHXe2unPesNsSAwQC5zFPDNkDi57rEeO/IEjtjc5joR37XH+7+lYRuJiXROrRMNopXCFrqD3gH4Vzr0oeZL7SlKBSlKBSlKBSlKBSlKBUD0r4hhooCmKVnjluhRRdiN2bQggDQ3BuDa2tqnqgOkvRqLGhM7SI0ebK0ZANmy5lIYEEHKOV9KEIiXgkUOHyYS6s8bFJGYs93F1Jbcctu4d1dXDcN1MZVt+QLE3CpmJ1J7VlYk3JOUkmnFMPJHljw2YRR5y9mu5CarEmYGys2YaWtoBau44POqZmOZQRcWGrKFYkbXsTt36Vw5Ld5/afv2d+KvaP3j/rNjyk5gB67D86yBXVEoAAGwArJgwhc7lVGhI9I/5VPLxPu8KUrNp1C97xWNyksCewPb8Caya64o1RQqiwGgArsr0KxqNPOmdzMvtKUqUFKUoFKUoFKUoFKUoFKUoNe4pA0Yd/SXVj3qNzf/AC+P/moFuLxC46yPTN9Nd1GvPcVuPFnCwSsQCBG5IN7Gyk2NtbVST8ThzMDgcN6cwvaXUqvaY+c3Yb1y5MEb3DrxciYjUwsHCcZjIUZ0zGwtnW+aw0tffWt1iQKoA5fo1S2FxWH6xLYLDg9YdR1twQFOb09/7VdtXw4+jamfJ16faUpW7nKUpQKUpQKUpQKUpQKUpQKUpQRnSN8uExLd0Ep90bVQkw7T/iYj+Cr06XNbAYw6aYac6gEaRPuDoR4GqYnxjZ3GWL5ycfMwk6Lfcpqe88+d6pZpR9ia0gN9pHP/AEx/ar/qhFxLXOkfpN9TD/hfc38avupqZPh9pSlWZlKUoFKUoFKUoFKUoFKUoFKUoIXpchbAYxVFycPOABuSYnAAqm5+GzZ3PVtbrJzfTUOtlO/M1cPTb/27G/8A15v5TVS2Hw6SYgo7rGry4kNIwuqAqbsRp+fOqWXoz3wUlj5s7nmP8O3f31eoNefcQgBYCzDOADbQjIQCL8jv7a9ApsPUKUTk+HOlKVdmUpSgUpSgUpSgUpSgUpSgUpSgg+mIU4DFhr2MEgNrXsUN7X0vVKu8GduzL6c/1ke+Xt/V7d3xvV2dLlJwWJUAkmJwANSbrawFUi+Alzt5qX0pz82/0l0O3M7d/KqWXoyjLDb0Jd0+sT7Gn1fdV8Yf0F+6PyqgPkMpX5qXeP6t/sa8qv3BfNp9xf4RSq2T4ZFKUq7IpSlApSlApSlApSlApSlApSlBCdMGtgsR+GR7yBVHwgPMqPJ1Ss84aRrlUGU9oi4uB7PZV3dMWAwc1xcWUEXte7qN7G1Ui88Nx5lvr/rjyU5vq+fw8apby0p4fWbKWUNmAZAGF7MAp7QB5Hf21f3CmvBEe+ND/tFUGmIhsPMt9X9afsafQ5fGr44Eb4WA98UZ/wBi0qm/iEhSlKuyKUpQKUpQKUpQKUpQKUpQKUpQQPTNb4OUXAvk1N7fOJvaqSfBrcHr4frucv0lP+ny5/1q6+mwPyKWwubxfzo6pTBwsssbyYeSRFMxeMq6hwUPYLAaX+Nqpby0p4fEwi6efi+r/wAbkv4Xuq+Ojp/ZMPrfzMWvI+bXWqFfDOWJWF0UlSFyucototyLnLtfwq9uit/kWFuLHqIrg7g9WuhpUyeExSlKuzKUpQKUpQKUpQKUpQKUpQKUpQa903YjBuQSO3CNN9Z4xVGpi5Oz5x/Ql+m3JWtz5VePTmQrg3It85ANQCNcRENiCOdUrw3GSSPCheFBJ1oMjwwBE0azt5vYc9r86pby1p4dC4iTTzjfR+k32fXV8dDWvgMKf9CP+AVRk2OkRmUPE4VsoZYYcjgA9tfN+ibXHgavDoW5bAYZjuYkvoBrbuGg9lRXyX8J6lKVoyKUpQKUpQKUpQKUpQKUpQKUpQa307cDBsSoPncMLG9tcVEL6EG4vf2VSGHxi5I/2eAdiU2Cy8lfa8mx5/C1Xb0+kC4MkqGHW4YWJIGuJisdNdDY+yqUgxEeWP8AZ4x5uU/OTadl7j5zn8OVUs0oLjB/gxbLyk+z+JV5dCWvgMObAdjYbCzEWHhVHDEx2+Yj2H05u4afOVdvQNw2AgIAAs+guQLSOLC5J99RXynJ4hsdKUrRkUpSgUpSgUpSgUpSgUqC6SdIY8JGXLIXzKoQuFvc3a5JslkDG7WGnjUpgZmeNHdMjMoYpmDZSRfLmGht3igyaUpQat0/cDB6qGvNhxYkgXOIjANwRsdd+WtVHjYRA4ikghLJG98kk7ILxs1g3WC9wdb6g3q2vKE4GEF1Defw4sb21nSx7JBuN/71TWFxqZI7QQDzUhsBNYaSaDzux5+3aqWXoyeHwid2SOGEFYzIc8syjKgUkX6zfXQeGul6uDyeuDw6AgBR5zQXsPPSadok+81S/wArWx8xD9E6iXuX/Uq5vJy+bh0JsB2ptFvYWxEo0uSfjUV8rZPDaaUpWjIpSlApSlApSlB8qqfK/wBNXw9sFh3KSOuaV1NmRD6KKRszakncC3fVrV5O6W8QOIxuJmJvnlfL9xTljHsVVHsomEfDiGRswJDb35331vvr316h6D8XOKwMMzekVs3rXS/5V5Wr0P5FZ83DgvNJHHvtb8qJmFh0pSirVPKGWGFXKLnr4NMobTrVubEHYXN+Vr1UOHxE+RLxi5ikv+zRDW0lhbqtOWnP21bvlELfJUCtlJnh1zBNM9yMxI3AItz251VXC0lUwtLKsiBGMijFx9tQZNmEnxG1txVLNKOlJZ9bR922Hj8P9Ord8nJY8PjzizZprjKE+vkt2QABpblVUYmORncpKiITdFOJjbKpIsM2fWwNr86tbycqRgUDMGIeXUMHHzrH0gSDvUU8rZPytrpSlaMSlKUClKUClKUGPjGyxu3crH3Ka8e17FnTMjL9pSPeLV5DxsBjYKdDlU+9Rf43omGNVu+QzjIR5cK5t1lpEvzK6MBVR2qZ4FxQRMFYlRmDpIgvJC4Fs6jTMhAAZLi4AO6ioWmHq+lVJwryuIoCYlQ5AHnISSrC29mAIPeCFIrI4p5ZcKqnqIZHe3ZzFVQHkSQSfZUq6S/lK4lCFgwrSESvKkoVRmIRM3aa5AALWG/fYGxqtcBgo5DFHHJKzPG6IvUxgtmMo/xrA3J528RyiuE8WxGMx5nlHWyPqRlYqqgi2VVPZVb6evW962GCOZQhGDClY2ItFOCrXlIA7enI9+ulZ28tKR2Ys+FiRnR3lVk7DDqkupUgEfO73FWt5NcvyEBSSBJJYsAp1a+oDG2/fVaiOU3PyW5Op81KSTcXvdtTe9WX5OVYYVgydWRK/Zystrqh2bUb3pTytk/K26lKVowdM0yopdiFVRck6AAbkmtbwPTvASuUSY2DBM5RxDmPor1tsgJ5XOvKofyzcS6rh5jBs0zqn7oN2+FUPw/FSx5mjYgZSrrYlHQ2DLIuxXtAa8yLa2ol66pVceR3pM2KwzYeRi0mHygMfSaJr5LnmVIK+oL31Y9EFKUoPleYvKFgOqxTr9mSWP2CRpU/6c0Xur07VL+Wjg3nDMo9NFl2+lGRFLr3lZMMfVCe6hCokrk0dcY96z4o71na3S7cOP3I0jSprMwvD5ZFd0RmWNc8jAaItwLsfWfXv3Gsr5FeuOIMkcZRWZUksJFBIVspzJmGzWNyO65pTJW06M3Fvjr1T4ZfRSIfKBmYgZWIKgNcgjTcWracH1KPE4dnyRlsrwjK4BlJDDrNt9P0Na6GX+UG2T5tvTyW0ttn0v8AHfxrcMNcPF1nyYxhD1mT5Hmy3lvk0tt7N786W8uevhiYnqXd3zMubtZVhUKt2Bso6zQDkKszyYOhwsioxIWYg3UKdYom1UMbb99V7iG7b9WYBHrkzDDFgmbs5rKRe1vCuXAelL4LFuuaJhKsZZFMaRvZbKUZbIjjXewYEa3UBlPKcn5V6UrRn8p+BTsyiWJxujIQfjbTxrT+lXlaLoY8IpUHQvrmt4HTL7Ne4itGKK8s3H1nxCwIbrDe5GxY6X9+YewHnWjQcSkjjkijfKkoUSiw7YUllFyLgC/Ii+l9hWK8jOxdtSTr4+HgOVdR1PrqUt68jeNMXFI05SpLGfYvWD4xj316NrzR5KIi3FsPYbGVie4CJ/6kD216XqEFKUoFav08wKyYUuwuIT1jDW/VFWjxAFtz1MkpHiBW0V1yIGBUi4III5EHQig8jcRwbQzSRN6UbtGfEoxFx4G1/bXfgamen3DjDiFBB9EwsSblmw7mJWPi0SwOfxKgcE+tZZY3V3cK+rw2fAwBq6OkuFAhVu5h8Qaz+EV2dLFthD95Le+vKx5JjPEfV7nMiJ49v6Na6LYlY5+0Lho5BrmsCELBjlIOwI9tbIeJwELaOLWJyO3NsDLcayajQ+NRvD+H4Xr26uZpIlSQdYY7OT8nbMOrJ7IzXtfl371jrgIwIszG4w0p0XdyZrIO7djmOnZG19PYmImXzFbTEJV+LQgE9XFbID6Ux0zDukvaonGSYeYyyMyRdXFGY0CuWlcjZCzGw1F81++29cjhoQurMSMMpAyAZpS/aS/JB9rnY25V1S4fCCeNJHcQWQs6oFk0juwVdbXYBbm9r31tqiIJtMoNgvIt6rD+9cLC/P219a1zba+l97cr+NfCKuq5E18Ubnu/Pl8fyrnFlzKGJC3GYgXYLftEA7m167+K9SJXGHLmK/YMlusIAtdgNBc3Nu4igsvyE8LLTz4kjSNOrU97SEMbeIVB/wAdXhWp+TXgvyTh8KMLPIOuk780gBAPiFCL+7W2VCClKUClKUFF+WfCqsrsBqZI5P8AmwdWf+zWq1we9WZ5aZAZX+9h09qR4hz8Jk99VzwyO7VnknVZdfDjeSG48HTT9d1cemzZcMi/akX3KrH+1ZvC4rD9d1R3TaCR0DKhMUADSPoFUynKim+7Gw0FyAb7V4/Hjr5MfTu9rnX6ePP17NS4Z6bfhT/9vJXNNovwJvzxNdfDfTb8Kb+RLXYn1X4E354ivcl824uNF/AP8bVjz/R+4nwFv6VlMR2fwG/iesXE7R/c/KRx/Sg6r0r5XIbVIWqb6G8KGLx+HgIuryAuORjjBdx7VQj21Coda37yJRg8TufowyEeu8Y/JjUSPQtfaUogpSlAr4TX2tU8onFOpwbqDlefzKt9lWVmlk8MsSyNfvAoKN6e8V+UYguNnkkmH3WyxRafhQRt+/WDwWG5qMxM3WSM1rAnsj7KgZUX2KFHsrZOAw7Vycu/TR63puPdttnwQCrcmwAuT3AC5Puqv+I455XkfMwV3zZLkKcoIS67GwPxNbb0hxHV4VrGxcqnjbdvgtvbWjKax9Ox9pvPz2PVMu7RSPju2fBRYEu5iMmQRSDzmTrS3ydsxtsqk5tr7VzXDYcCO5Y2w0u3V26wmbQf6Yu9zvt41ruBPbP4U38iWvqfVfgTfnia9GYeVtPmKDs6tf5K/wDh6y3lNvw99fS29mDI2EEkHWiRogoMgTIJGIeUsqWNgmawuTe1zodBGRj5r8CX8p6xsQOzF9w/zZKG3XIRckCwubC97C+gvz9dfRt7a4E1kYOLOypmVc7BcznKi5iBmdvoqL3J5C9SO/BNAI5etEhkIUQ5MuQNc5jJfW1gLAd520rZPJRjhDxSG+gkzwn1upy+91Qe2tW4hhRFIyK4kUEhXUEK4BK5lvuLg6i40rhFOUdZFOUghgRurKR2h3EGxFQPYFKg+iHHFxuEjnFsxGWQD6Mi6OPVfUeBFTlEFKUoPlUj5XOOZ5ZFB0iHyWPb03CS4px6k6mP99qt3jvElw2HlnYX6tCwXmzbIg8WYqvtrzP0rnZpuqZsxiushvo0zsZMS3/MZ1v3KtExG5RWEjuRW7cGgsBWscKhua3jhsOgryOdk+H0XBx9NNo3pPgJZUAjQsIkeWQggBY10LG5F+WmpPKtKU6H41uXTdWVYmBKhs8bWJFwcrZWtuCQDY6aVph513cH9CNfV5HP/Xn+yWwvCJ43brI2j8zMwD9kkPh5Muh199cTgJF6q6E2gmBsQdScRbb1isjg/HJQZEZmbNFMMzMS+VYH7Nze47Cgd1qkE42hyZk3w8iqCosuUzjNofTsp1N9yd9a6ZcjXRGy9XdSPMS7gj/5FYuI9CL8M/zZa3JMdA4Wxt+zyBRm3cGa7NmHo+loNtNTzwMXDhHkgEsjJEVJkkVQWBBclVVb3BaygnvubbUGq3rmjaVO4Dg8xGeLII2jUSSyEdSokOoZ3UCNtALLdgQbG1RuLRQ75CtiQeyewTfUIPsamwaxsBfXSpQYdusAidlAB7DMbZSSBYMdAlySR6zXRNh2RmjbcHlqL8iD3EH4iujN6qzpMbJMkEAVLRllTKoVmaRhcuw9JtFFzyUUS3zyM9IzDijhHPm8QLL4Sr6J/eXs+sLV+V5J4hhJsJOUfsSxlW7JBysLOLEaXBsfCvT3RTjIxmEhxIteRBmA5ONHX2MDUEpmlKUQ0TylcTEaxJfSMPjHF7Bhh8ogQ+DYiSH/AITXnhbs1zqSbknck7k1a3lWxpY4mx9KaDCD7kETYmQDuvJNF/wCqzwUVzVbzqsy34+PryRCe4Th9BW4YFNBUFw6OwFbHhF0H65V87yb9Uy+opXprpj9IOF9fC0Y9MHMl9sw5H1gkVXJ4VNklk6purgKrKTYZS5CopBNySe6/ftVuEfr2Vi8Q4RDOD1iXJtcglWNr5bkb2ubX2vWvD53sx0Xjcf6edzOF7s9VZ7tC4L0dlfLICLSQzOBuQhjliDsRoozaa2103rJi6KTHqhcXMEp1BHZYy5XN9lPWLbvuO+trOAhiMcZaVUEHVp1fabzsuJzBuZHo25Dc6LXAHCpl8wXyOcLmkdyBcyhnUgAaWOZtgQ3ca9ul+usWjxLxb16bTWfMNYwvRCd+oyspLwS25DKTJZ7/Z84vjvppWBjejpWKNzIoXI7pcWLLmDDNYnISG57Wrc0+S2WQQzNdjEEYhQOtzuzIACWKh2FiR825J3qM4hOHRY0hiUdZZbKSzRgMCXO7KrO93G9joMpvbujUNNxaTxXw0uZchv1bgEqcrAb7DtNoNASedYkmfN2ybtrcnXuuSdvXVl8D4FBMrmeFWdJGjZizliUABu+c3N+YNu6ufFOgeGfWNnjbl2s6+0Nr8a4repYq5JpbcTH2dNeFktWLV1O2jQ4KQRO4ydQsjKM/Vku7qoZI2UNmfJl1XQXuN6hp0AdgNBmIF7iwudNdffU70g4BisOLv5xBosgGawyhQrXF1AVQANhyqEw0Oc2LBQAWJJUHKNWy5iAzWvZb3Owrtpet67rO4c16WpOrRqXUDcEfvf3/XhVxeQfjNxPg2O1poxfkbLIB4XyH2mqmlgUdpCzZRchlykjMwzgC4C2yXub3bna9Tnk44kcNxPDtfsu/Uv4iXsa+AYqfZVlXqGlKUQpHplwiSfAS4tBfqsdi5HA36sydVn/AHeqS/hc8qr7ho1q9egXEopI58LmBlixGJ6yM2uVeeRgwB9Je1Y+OhrUOl/QAwO2Iwi5ojdniGrR95QfSTw3XxG2WWJmk6dnCvFckbQ+BGgqfwh2rW8G+gqcwb7esV87mrO5fTzHZLH+35VzQ10odv1zrmrfr21ySy0j8dG8jCykoseW6OFfMvWkHUiynrSCBckDcVhNw6RiGaPNmSRpQXjKtITOYnVSSFKmUGy2AJbQ31m0t8K7VItXfT1LJSkViI7dnDf0/He02mZ7oJ8FI1s8bsCHeQCVQokPX2MYzDLrINOdze4sK4jgxkESlCjKJc8itGCc/wA3my6va1iPsnfXTYFt8a7FtUz6pln4hWPTscfMsLgvDxAhTNmuc17WHdYC57q4Y7pBDG4R84BuQ+RihsbGxGrC9xdQazcO9rHe3x12qvekUcschSRmfKAsRY3BiLER2vsNSCORBFOLhpybzbJPf7HKvbBWIrHZvy4iOROwyuuxsQwseRFaNxngAhd5Ic3VuCksamxykhrpfcBgrBTzUVsnRzhMBklEUkpi6tHSRsvWmRcySzRgaNDdVDISbHkAAw6+Lo8bGKUAPbMrL6EiHQOhPLvG4OldPsZeJbqpO6/KmPJi5cdF41b4aA37SpUOsa4aAhBI+TOFclgim93dnvlB9ptUPHIUdXG6sGHrUg1P8YC5icov32F61yY616mLL7kb04ORxfZ7TO3rL/1daVA/I37qVq41QdPIpcDxaZ4maJi4njddDaQZmI7xmzqQdDY3qyeg3T6PGhYZbR4m22yS2Gpj7m5lPdfl2+Vroo2Lw4xEQvPhwTYC7PHuyC27AjMB6xzqgI3IIIJFtQRobjUHwNRK9NL96T9ERITLhwFfVmTZXPMjkrfA+G9ajh3KnKwKlTYg6EEHUEcjWZ0I8o4IWDGvrskx59wl/wD37++tw6RcAXEDrI7LKBofouOQYj4Ny8RXn8njReN18vZ4nMmmq38fEtVSbb9c670k/XsqEld0Yq6lXU2Kncbe8eI0oMfrXkWwTD2O0+Ewsutclm/XtqD+XU+X61n7UrdENgWbf9cq5JPUCMcNdaDHeNVnFKYxwmop9B+udcMX1ci5ZFVrbZgGtcDNpcXBsLi42BBUhWECvELc/wBXrjJxHxrbHXJS0Wr5Vvgpes1tHZsuAyKyxJmERYGNFfzmHlt85g5G9MHdoHs5sbBwbNJcfw8cuHEM7qkub9nlUEK0h3yp6Ud/rIz6OrDRSRWmP4jdWW+hFiO8XB19orCbpRiFMd5DIImzIJO3sQQpY9pl0HZJsLaWr3sOab1/HHd8/wAngzht1Ut2/wAoviGJzG9dXAcAcRi4IAL9ZIiH7pYZj6gtz7Kx+IYx5ZHkc3Z2LMe8nc1Z/kQ6NFpGx8g7CAxw3G7sLOw8ApK372PdW9KRWNQ5ORmm8913ZR3V8rnSruUqovKR5NDIzYvBIM5u0sI0zncvH/m7158tdDbtKDx46lWKsCrKSGBFiCDYgg7G/Kt36F9PpMJlilvLh9gN3j8Uvuv+T3W53N0m6FYPHC80dpLWEqdmQd1zazDwYGqq455HcXHdsNImIXkptHJ4DU5T68w9VRqF4yTHZvnEcFhuIQrIjhgR5uVNSp5g94vuh+Bqp+PQz4OXq5V31Rx6EgB3U/mNx7q48Mk4nwtyxglRL+cR0fqnA55gLA9zA+8aVv2H4/w/iUBjkKrfeORgro32o2O5HJl9o1tWdsVbeXTj5mSkaieyrjxY18HFTWd0i6GzwMWivPET2WTtMo7nUbHxGh8Nq1p8O43Rx61I/pVP4en7N/5lkTQ4uaDipqAN6ZjUfw1Fo9TyJ3/1Lxrqk4gTUPnrLwmAnl+aikk5dhGf+EGpjj1hE+pZJfZsWTWK0hNbVw3ydcTntlwzop+lKRGB4lWOb3A1YXRnyORRkPjZOtI16qO6x3/zObMw8AF251rWkQ4snIvfzKv+gvQebiEgNjHh1PbltvbdI7+k/jsu55A+kOH4KOGNIo1CoihVUbAD8z4867MNh0jRUjRURRZVUBVUDYADQCu+rsClKUClKUClKUCsWXCRP6caN95VP5ilKCNm6KcPY3bBYYk7nqY7++1YmJ6F8OynLg8OGINiYlIBsSCRpceFxSlBHdHOhGEVG62DDzEsGBMCKReNMy7ns5sxA5Bra2vU9H0U4euowWGB7+piv78tKUGdDw+FPQhjX7qKv5CsylKBSlKBSlKBSlKD/9k="
            ],
            "searchTags": [
                "guiter"
            ],
            "reviews": null,
            "createdDateTime": "2023-09-21T14:21:30.509",
            "zoneId": "ALPHA"
        },
        {
            "productId": 245,
            "name": "Fire-Boltt Phoenix Smart Watch ",
            "title": "Fire-Boltt Phoenix Smart Watch with Bluetooth Calling 1.3\",120+ Sports Modes, 240 * 240 PX High Res with SpO2, Heart Rate Monitoring & IP67 Rating (Black)",
            "description": "\nBrand\tFire-Boltt\nModel Name\tPhoenix\nStyle\tPhoenix 1.3\"\nColour\tBlack\nScreen Size\t1.3 Inches",
            "rating": 0.0,
            "price": 1299.0,
            "offer": 20.0,
            "type": "watch",
            "brand": "fire-bolt",
            "category": "electronics",
            "merchantId": 3092,
            "quantity": 1,
            "status": "ACTIVE",
            "thumbnailURL": "https://m.media-amazon.com/images/I/61y2VVWcGBL._SX679_.jpg",
            "productImageURLs": [
                "https://m.media-amazon.com/images/I/41umf4dD-aL._SS40_.jpg",
                "https://m.media-amazon.com/images/I/41sHRWXCfvL._SS40_.jpg"
            ],
            "searchTags": [
                "firebolt smart watch"
            ],
            "reviews": null,
            "createdDateTime": "2023-09-21T21:20:55.683",
            "zoneId": "ALPHA"
        },
        {
            "productId": 254,
            "name": "chairs",
            "title": "bajaj",
            "description": "professional wooden chairs",
            "rating": 0.0,
            "price": 600.0,
            "offer": 4.0,
            "type": "electronic-accessories",
            "brand": "nilkamals",
            "category": "electronics",
            "merchantId": 5148,
            "quantity": 1,
            "status": "ACTIVE",
            "thumbnailURL": "https://www.dreamstime.com/photos-images/wooden-chair.html",
            "productImageURLs": [
                "https://www.ikea.com/in/en/images/products/bergmund-chair-oak-effect-orrsta-light-grey__0926606_pe789389_s5.jpg?f=s"
            ],
            "searchTags": [
                "nilkamal"
            ],
            "reviews": null,
            "createdDateTime": null,
            "zoneId": "ALPHA"
        },
        {
            "productId": 262,
            "name": "Vivo Y-17",
            "title": "Vivo",
            "description": "Vivo Y17 (Mystic Purple/Mineral Blue,4GB RAM, 128GB Storage)",
            "rating": 0.0,
            "price": 20000.0,
            "offer": 1.0,
            "type": "mobile",
            "brand": "vivo",
            "category": "electronics",
            "merchantId": 5148,
            "quantity": 10,
            "status": "ACTIVE",
            "thumbnailURL": "https://www.amazon.in/Vivo-Mystic-Purple-128GB-Storage/dp/B07KWX97HT",
            "productImageURLs": [
                "data:image/jpeg;base64,/9j/4AAQSkZJRgABAQAAAQABAAD/2wCEAAoHCBIRDxEQDxIREQ8RERIPDxEPEBIRDw8RGBQZGRgUGBgcIS4lHB4rIRgYJjomKy8xNTU1GiU7QDs0Py40NT8BDAwMEA8QGhISGjQhISE/NTE0MTQ3NDQxMTQ0MTY0NDE0NDQ0MTQ0NzQxNDQ0MTExNDQ0NDQxNjE0NDQxNDExNP/AABEIAOEA4QMBIgACEQEDEQH/xAAcAAABBAMBAAAAAAAAAAAAAAAAAQIDBAUGCAf/xABMEAACAQMBAggJCAYIBgMAAAABAgADBBESITEFBhMUMkFRciJhcXN0krKztDM1UlOBkaGxIyQ0YtHhBxVCgoTBw/BFY5Oio6QldYP/xAAZAQEBAQEBAQAAAAAAAAAAAAAAAQIDBQT/xAAjEQEBAAIBAwUBAQEAAAAAAAAAAQIREgMxMhMhM1FxBGFB/9oADAMBAAIRAxEAPwD2aEIQEJnkH9IvGStWrPa0KjUrWkQtd6bFXq1Cobkww2hQCucby2Ooz1yufBbumeF8Y6eKerez3N4zHxi4dR/2qo+yWJWro9NRhaNM9pcayYhvaYOOSt8jeBTzjy9kgqHYcb8HEiUltgGpz1s2lVxjf5RkfdAvi5Q7qND/AKf84vOE+ooep/OYy2fw3AOVGcHyGbXxQsLO4q1EvqvJKFXk8uEDnwi3hEgAjC/fAxHOE+ooep/OHOE+ooep/OScL21Ojc1KVGpy1OmwVagx4Z0gtu2bCSNnZKWYFnnCfU0PU/nI3QVadV9FOnTpjeiAM7DGRnxakHlqL1ZkJMs1NnBjAYw1SmzHdtL1AfdJ6sDFUL2pTGKbug6wrtt8u2TDhOv9bU9dpWa2dQpdWUPnQWVlDYxnGRt3j74gQ+KONNxcHCVf61/XaOHCVb62puB6Z3Hd1yoEPij1QhQowBktsG3J8cvGm1ocI1vrH9do4cJVfrX9c/xlUIfFAW4+iv3CONNxcHCNT61/XP8AGQ33CtVE2VH1NsUh2z5d8jFuv0U9UfwmMviWfAxpTwR2eP8A34o403D/AOtrrOOWq9vTMQ8MXP19X1zKmkwNM+KONNxb/ri5+vq+uYj8KV2Gl6jup3qzEqfshY8GVq5ZaKFyoy2MDAOwbT+Ut8H8WL+5Q1Le1r1UDFCyUyQGG8fZJqm3ov8ARTxpq0uTo1qrVLSpUWgEcsxtqjMqU9BO0KWZRp3eESMaWz7dOY+LlCrbNd06ytSrUNNQowwyOtGsRkdu0TpyRRCEIBCEIBCEIEVx0G7pnh3GY/oU8/efFVJ7jcdBu6Z4ZxmP6FPP3nxVSWJWnsdsr1LUMdhI8WMydjtiZgFFAigDJx1neduf84/MbmGYDswzG5hmApMuhyvB6spIZatJlI3hhVuCCPHmUCZdPzb/AH6fvLmWd4Xsx1xdVKmDVqO5XOnWxbTnfjPkEjEQCOE7ac9nCPEaOrYPLt2xdQG8gZ3ZO+NGzxHCNzjfs8scpzuwY0mzbmpoQnrPgr5T1zDYly+qZbHUv59cqiWQ2biGI7ZFxLo2dQrPTYsjMjFWQlTglWGCPul7g7jBeWycnbXVejT1FtFKoyLqO84Ex+mGJOJybHwJdVK3PqtZ2qValPU7udTMeRrDJPXunTk5e4tfJ3nmv9KtOoZwy7us7FhCEyohCEAhCECK56Dd0zwnjI4NFCDkcveYI3ftVSe6Xfyb90zwbh8/q9Pzt38TUliVqrHbEBiMdsMwHZhmNzDMB2YZjcwzAUmXv+GjzlP3lzMeTL6/No85T95cy494l7VihHiII5Z9OnHZwEzVW9q21O2W3bkg9uK9Qqq5qu9Sp08jw1ChVCtlcLuySThxMjwr0bX0On7ypGl2mv6zW93VNsTRDBGC09ioHRKhVR1KC2wdQAjuErt2s6L3D66lStUem7gFkooqpjIGdLOz5H/KkPD+y6qb9lOhs6/2enIOMpxcLagri1ppasdy8omTVJ//AEeqftiY9jfdFaVOb0rqrQdXqpcULejchSGFN1uGZ0DDKM3JJtwGAJGzJkpHO+YPX8KpVvHtK1UDTUq01NuVLkdJxyzjUduNIO4SsaOi0uk1K+i9tU1021U2xTvBqU9anGQeyW+Cx4PBv/2lT8rGOLUvvo+8v7v9I1ejUPB9TlKdKnyJS0phgy0mokrpRlOkhl2nTgk5M1zE2Tg24qVeE6nLM7c4NzSuAScPTNN8qR2DAIH9nSMYwJry9pAOzr8Y3y44s5UzECI/EG2knGM7cDcPFNcWdsxxeOKd4TuFEk+Tkq86hnLvAnyN96O3ua86inx5+Vd8e0LCEJloQhCAQhCBBd/Jv3TPBOMB/V6fnbv4mpPe7v5N+6Z4Fxg+Qp+du/iKksStVY7YRGO2GYDswzG5hmAuZXVO3aes9pk+ZHrBJJ2HJJB6oCcnndsPUewzLL83DzlP3lzMSzgbtp6gN8y1P5uHnE95czWPlEy7VjQI9RGiPAn2afPs4S9QvyqJTelQrLTzyZrq5ampYsVGh11LqZm0vqGWOzaZRAjwJeKclrnVTledPl3FQXDM6ZR3VtZ1AYGnwTsGBgEDGJiKjM7NUYlmdizOdupztOT27czNUOGqtugSnoKli5Dpq36dm/dsIx++/bKvCPCtS4VUdUARmYaA4yW35yxH3YzvOTtlmN32W2a7o7OpVpBgKXKUqumm9OrTdqVRsa0HgkEOMhgVIbB7Ccx3t69Tk1KpSSkv6KnRDIiBsMWGSWLNsOokk4G3AEtpwvVAQYQlKlKqjkOXDU6aIu3Vs2IuSMEkb8bJLV4erOjIy0vCTkywRgcadOoDVpVsHeoHV1AATjd9jlNa2hq8MO/KPydutaqjJWuEQrXqBwVc4LaFZgxDFFBIY7dpmLxJNMMTUx0xc7UeImJLphpl4pyZDgYfob70dvc151DOYOCR+ivfRm91XnT8+Dq+VfZh4wsIQnNoQhCAQhCBDdDNNu6Z4DxjUrRQHGRWvBs3bLmpPf7joN3TPBONHyan/n3nxVSWJWntviZg2+NzAdmLEgiliFUFmJwqqCzMeoADaTAMwzEUZIA2kkAADJJO4ASSpT0gdItg61KMvJsGK6Tnf1facQIyZlKXzcvnE95czF4347MnxDtmUo/Ny+cp+8uZvDziZ+NUVHb4+vr6o4CAEcBPv4vj2AI9RACFQ4Xy7JqYpclZzkk/d5ImmSBY7R9vkz903xYuSLEMSXTDTLpOSPTDTJdMNMcU5ItMTEm0xNMcTku8FLmleDttyP8AxV503OZ+C9iXfo/+nXnTE8vredeh0vGFhCE5OghCEAhCECC7+TfumeCcYxi2pY+tvD/7NSe93fyb90zwPjI2ben4qt4Pt5zUEsStQY7Y2K2+JmFEfRqsjq6MyOjB0dDhkdTlWB7QRGQgbLc8J22r+sKXg8IVF22wpkUba6OQ92jdEqemq7Srvk7FEwy3QUUt74WolVWJ8NWckgk7z157ZTzEzAuPURFK0yX1kF2KlSaYOQn8fsmQ1arHIJINVCCd+Ndzs/ymDMzFt83r5xPbuZrp+c/Yxn41UAj1ERRJAs9Xi+C5ACRvtPkk2MCMCzcxYuSMLHBZIFjwk1pi5ItMUJJgkXTLpNodMVVx/PbJtMXRGjavphpljRDRJo2W0GKd56M3uq86XnNdAYp3noze6rzpSeR/R8lep0fCFhCE4uohCEAhCECK46Dd0zn/AI1N4A9IvPiqk6AuOg3dM5941HwR6RefFVJYlak2+JmI2+JClhEzCAsIkIAZmrT5vTzie3czCGZyz/YE84nt3M30vPH9Y6nhfxCoj1WCrJVWezp5dyRuOqCpJdOTHKk1IxaYqR6pJFSSKkumdogkcKcmCRwSU2g5OHJyxoi6YVX0f77YmiWNENEmk2hojAuvRj7uvOjpzmBgXXox9ivOjJ439Py5PW6HxwsIQnB2EIQgEIQgRXHQbumc+cauj/iLz4qpOg7joN3TOeuNZ2f4i8+KqSxGpNviQaEKIQhAIQhIEMz1gP1Cn5xfauZgDNh4NH6lT84vtXU6dHzn7GOr4X8KqSQJsj1SPCT3HkWo1SSBJKiSRUlREtOSKklCR4SEQhI4JJgkAkCLTDTJ9MNMCDTE0SxphpgUKgxzn0U+xcToic9XIxzn0U+xcToWeL/T8tet/P8AHCwhCcHYQhCAQhCBFcdBu6ZzzxrOz/EXnxVSdDXHQbumc78az8RefE1JYNTbfEg0SQLCJCAsSJCApmycEDNnT76+1dTWps/Ag/VaXfHtXU6dHzn7GOr4X8XFSPVJIEkipPceNTFSSqkcqSVUjYiCR4SSqkeEjYhCRQksCnDRJsQaYumWNEXRGxW0w0yzohojYwt8MG49EPsXE6CngPCi4Nf0Q+xcT36eN/R8tet/P8cLCEJxdhCEIBCEIEVx0G7pnO3Gs7/SLz4mpOibjoN3TOdeNe8+kXnxNSWDU23xINCQEIQgEIkICmbTwAM21Lvj87qarNs4ujNvR7/+d1OnR85+xjq+F/GXCSRUkqpJFpz2tvHRKklVJIqSZKclqaQqklVJMlOTLTmbkulYU4opy2tKSCjJzXio8nF5OXhRi8jJzOKhycTk5f5GIaUcjTVeGlw1f0Q+xcT3qeF8YVw9b0M+zcT3SeZ17vqV6nQ+OFhCE4uwhCEAhCECK46Dd0znTjXvPpF58TUnRdx0G7pnOXGs+E3pF58TUlg1VokGiSBYRIQCEIkBTNt4uuq29FnIVQ+0nYBtupqMz9u2ODkP76e3czfTus5+xnqTeNn+Nzp1qbdGoh8jr/GWUTO7b5J50tc9snp3JG4keSevyleTcLHoa05MlOaJQ4VqLuqOP7xxMlbcP1RvYHygRU03FKcnSlNdtuMTf2lU/hMrb8OUz0lx5DOWXJuSMktGSrRkdDhGi39ojyiZGk9Nui6n7Zxyyyn/AB0mKqKEObzJLSHaPvEfzec71NNcGJNCMNCZK40IMuQPFkZP3zXb/hwoSE5JB2uzO33LsnTG5ZdmcsZO7A8a0xUq+hN7NxPbp4FwrwgbhrhmZW0WhUFFKgeBcHrnvs+TrSzO7fb0fCaLCEJzdRCEIBCEIEVx0G7pnOPGzpN6RefE1J0dcdBu6ZzfxsPht6RefE1JYNWaJBokgWESEBYRIQAzOof/AIxe/T9u5mBmcX5sXv0/eXE3h5RnLtWODSRXlYGODT7pk+W4ra1JMtaUA0erzcyc7gylO6xLtC98cwKvJVqzW2Lg2elwh45fo8KkbjNOSue2TJdHtj2TVjeqPD7j+1kdhOZaHDqsPCH2qcGaCl2e2TLd+OXjDlW5VbtHHg1GU/vbRMVd03O4o48R2zDi68cXnB7ZZNM27OVCvOsjGbYn/wAdedGTnJHLC6J2/qxH/ZXnRs83r/JXo9GawhYQhOLqIQhAIQhAiuOg3dM5u42dJ/SLz4mpOkbjoN3TObONnTf0m8+JqSjV2hBokgIQEXZ2/hASEdnG4/hDV4/wgNMzg+a179P3lxMKW8f4TNf8LXv0/eXE1j3iXtWIhmX7yx8FatutR7c01d3I1aHAAdWKjwcHtxv7Nsx+Z9srhZo7MAY3MWXbOkgaZPgWgKlRQVZ81aNLSiNUZFdjqq6F2vpC9HcSwznccRmWrC+q29Ra1vUelVXovTYqwzvHjB7Dsi269lkkvu2DjdwYlrdXFFFfFCrTppUdBTNdXplixUKF8FkI1KACD9p18PJ+FOGLm7cVLus9d1GFLnYg7FUbF+wSkGjC2T3Zzkt9lgPHrVlbMA06cnPgupXky3ExuZsHBPAi1qIqvUZS5dUVVXCspxk5Phbx4Iwdhi5yd09PfYWT6kuvRz7uvOlJzRYU9B4Qp51cmlSnqxjVpS4GcdW6dLz4Otd519vTmsZCwhCcmxCEIBCEIEdfot3TObeN64dxtBFxd6gfHcOR+BE6VIniH9KnFatSrPd0kapbVPCrBAWai+AC+PokAeQg9sDy4xJMKBIyuCDu6oc2fxesIEMJLzZv3fWEUWr/ALvrCBDCTc1fxesIvNH/AHfWECvM4Sf6p1Dboq01bxENVJH3On3zF80f931hJ6VWolJ6JAalUzkZzpJ0+EPHlEP93yyz2FKneMoYKWUONLhWKh17GA3jyyLlz2CT1ODaygNybaD0XwdLeQ7j9ki5lU+gfwmvUy+04w3lz2CLzg9gi8yqfQP4Q5lU+gfwj1MvtOM+ic4PYIc5PYIvMqn0D+EOZVPoH8I9TL7OOP0OdHsEOdHsEOZVPoH8IcyqfQP4R6uX2cMfovOj2CHOz2CJzKp9A/hDmVT6B/CX1cvs4Y/R3Oz2D75LT4UqoMI7ovYlR1H3AyDmVT6B/CSUuDK7nC0nbt0qWx49kerl9nDH6bBxY1VUus5LVFFMEkkszU6+8neZ0/PDP6KOLNerUSpUTRZUqq1mcg/rNZCCioetVZVJO7pLt1HHucxbbd1ZNFhCEiiEIQCEIQCVr3oHyH8osIHgN5+1V/OP+crtFhKhkmowhAnEnp7oQgFTdKlfomJCUY/gD9pr+UflNjMISBIQhCiBhCARDCEiEhCEqiU735S28/T9qEIHv1r8mncX8hJoQkBCEIBCEIH/2Q=="
            ],
            "searchTags": [
                "vivo mobile",
                "vivo "
            ],
            "reviews": null,
            "createdDateTime": null,
            "zoneId": "ALPHA"
        },
        {
            "productId": 949,
            "name": "Boat",
            "title": "boAt Rockerz 450 Bluetooth On Ear Headphones with Mic, Upto 15 Hours Playback, 40MM Drivers, Padded Ear Cushions, Integrated Controls and Dual Modes(Aqua Blue)",
            "description": "Brand: BoAt\nModel Name: Rockerz 450\nColour: Aqua Blue\nForm Factor: On Ear\nConnectivity Technology: Wireless\nAbout this item\nPlayback- It provides a massive battery backup of upto 15 hours for a superior playback time.\nDrivers- Its 40mm dynamic drivers help pump out immersive HD audio all day long. Charging Time 3 hours\nEarcushions- It has been ergonomically designed and structured as an on-ear headphone to provide the best user experience with its comfortable padded earcushions and lightweight design\nControls- You can control your music without hiccups using the easy access controls, communicate seamlessly using the built-in mic, access voice assistant and always stay in the zone\nDual Modes- One can connect to boAt Rockerz 450 via not one but two modes, Bluetooth as well as AUX\n1 year warranty from the date of purchase",
            "rating": 0.0,
            "price": 1199.0,
            "offer": 10.0,
            "type": "electronic-accessories",
            "brand": "boat",
            "category": "electronics",
            "merchantId": 7509,
            "quantity": 1000,
            "status": "ACTIVE",
            "thumbnailURL": "https://m.media-amazon.com/images/I/61u1VALn6JL._SX522_.jpg",
            "productImageURLs": [
                "https://m.media-amazon.com/images/I/61YO4wXab3L._SX522_.jpg",
                "https://m.media-amazon.com/images/I/61hmbsAzLpL._SX522_.jpg",
                "https://m.media-amazon.com/images/I/61S2z5PwUqL._SX522_.jpg",
                "https://m.media-amazon.com/images/I/61u1VALn6JL._SX522_.jpg"
            ],
            "searchTags": [
                "headphones",
                "boat ",
                "boat headphones"
            ],
            "reviews": null,
            "createdDateTime": "2023-10-12T15:01:51.014",
            "zoneId": "ALPHA"
        },
        {
            "productId": 963,
            "name": "Shirt",
            "title": "casual shirt",
            "description": "shirt  is mens slim fit",
            "rating": 0.0,
            "price": 767.0,
            "offer": 58.0,
            "type": "",
            "brand": "slim fit",
            "category": "electronics",
            "merchantId": 7410,
            "quantity": 1,
            "status": "ACTIVE",
            "thumbnailURL": "https://rukminim2.flixcart.com/image/832/832/xif0q/shirt/x/k/u/xl-mfs-13153-p-white-black-mufti-original-imaggz4afdchgvh7.jpeg?q=70",
            "productImageURLs": [
                "https://rukminim2.flixcart.com/image/832/832/xif0q/shirt/x/k/u/xl-mfs-13153-p-white-black-mufti-original-imaggz4afdchgvh7.jpeg?q=70"
            ],
            "searchTags": [
                "https://rukminim2.flixcart.com/image/832/832/xif0q/shirt/x/k/u/xl-mfs-13153-p-white-black-mufti-original-imaggz4afdchgvh7.jpeg?q=70"
            ],
            "reviews": null,
            "createdDateTime": null,
            "zoneId": "ALPHA"
        },
        {
            "productId": 967,
            "name": "perfume",
            "title": "impressio",
            "description": "the product is perfume and the brand is fogg",
            "rating": 0.0,
            "price": 650.0,
            "offer": 55.0,
            "type": "",
            "brand": "fogg",
            "category": "beauty",
            "merchantId": 7410,
            "quantity": 1,
            "status": "ACTIVE",
            "thumbnailURL": "https://rukminim2.flixcart.com/image/612/612/xif0q/perfume/5/q/z/-original-imagfhk8hfjhnkfh.jpeg?q=70",
            "productImageURLs": [
                "https://rukminim2.flixcart.com/image/612/612/xif0q/perfume/z/w/w/-original-imaggcm7hjypaayc.jpeg?q=70"
            ],
            "searchTags": [
                "https://rukminim2.flixcart.com/image/612/612/xif0q/perfume/z/w/w/-original-imaggcm7hjypaayc.jpeg?q=70",
                "https://rukminim2.flixcart.com/image/612/612/xif0q/perfume/z/w/w/-original-imaggcm7hjypaayc.jpeg?q=70"
            ],
            "reviews": null,
            "createdDateTime": null,
            "zoneId": "ALPHA"
        },
        {
            "productId": 972,
            "name": "Lenovo 15.6\" (39.62cm) Slim Everyday Backpack, ",
            "title": "Lenovo 15.6\" (39.62cm) Slim Everyday Backpack, Made in India, Compact, Water-resistant, Organized storage:Laptop sleeve,tablet pocket,front workstation,2-side pockets,Padded adjustable shoulder straps",
            "description": "Slim, compact & sturdy: Minimal and compact design for professionals: Joint material design, durable, water-resistant polyester material. The padded shoulder straps, handle, and back panel provides protection and all-day comfort\nSmooth zippers that never jam or break\nStyle meets Function: Minimal & compact design, stores and protects laptops up to 15.6-inches. Ideal for students and professionals looking for a stylish and compact backpack for daily use\nSpacious storage with easy organization: Inside, you'll find a laptop sleeve, a tablet pocket, a roomy front workstation, and two side pockets for quick access to your other essentials",
            "rating": 0.0,
            "price": 499.0,
            "offer": 30.0,
            "type": "",
            "brand": "lenovo 15.6",
            "category": "beauty",
            "merchantId": 9132,
            "quantity": 10,
            "status": "ACTIVE",
            "thumbnailURL": "https://m.media-amazon.com/images/I/61AmnJliIGL._UY741_.jpg,",
            "productImageURLs": [
                "https://m.media-amazon.com/images/I/71omuQbiiCL._SX679_.jpg",
                "https://m.media-amazon.com/images/I/81cYNG6kOwL._SX679_.jpg"
            ],
            "searchTags": [
                "Lenovo laptop bag",
                "Lenovo",
                "Lenovo bags"
            ],
            "reviews": null,
            "createdDateTime": null,
            "zoneId": "ALPHA"
        },
        {
            "productId": 1001,
            "name": "Fastrack Limitless FS1 Pro Smart Watch",
            "title": "Fastrack Limitless FS1 Pro Smart Watch|1.96\" Super AMOLED Arched Display with 410x502 Pixel Resolution|SingleSync BT Calling|NitroFast Charging|110+ Sports Modes|200+ Watchfaces|Upto 7 Days Battery",
            "description": "1.96\" Super AMOLED Arched Display with Always On Display and is ready to style your wrist with bright pixel resolution for a sharper experience and brand new amazing colours\nSingleSync BT Calling with Favourite Contacts storage (Android - 100, iOS - 50) and Quick Replies (Android)\nNitroFast Charging with 10 min charge to fuel up 1 day of battery\nAdvanced 110+ Sports Modes, 200+ Watchfaces, In-Built Games, AI Voice Assistant and many more handy features at a single tap\nHealth Monitoring with Auto Stress monitor, 24x7 Heart Rate, Sleep Tracker, Spo2 and Women's Health",
            "rating": 2.5,
            "price": 2999.0,
            "offer": 20.0,
            "type": "",
            "brand": "fastrack ",
            "category": "beauty",
            "merchantId": 9132,
            "quantity": 500,
            "status": "ACTIVE",
            "thumbnailURL": "https://m.media-amazon.com/images/I/81jTH37c73L._SY450_.jpg",
            "productImageURLs": [
                "https://m.media-amazon.com/images/I/71BlkyWYupL._SL1500_.jpg",
                "https://m.media-amazon.com/images/I/81jTH37c73L._SY450_.jpg"
            ],
            "searchTags": [
                "Smart Watch",
                "Fastrack"
            ],
            "reviews": [
                {
                    "reviewId": 2174,
                    "shopperId": 26246,
                    "shopperName": "Sunil",
                    "heading": "Good",
                    "description": "string",
                    "rating": 3.0,
                    "dateTime": "2023-12-29T20:12:40.694"
                },
                {
                    "reviewId": 2554,
                    "shopperId": 26250,
                    "shopperName": "maheswari",
                    "heading": "worst fabric",
                    "description": "it looks worst after wearing",
                    "rating": 1.0,
                    "dateTime": "2024-01-05T20:21:13.906"
                }
            ],
            "createdDateTime": "2023-10-12T22:35:35.769",
            "zoneId": "ALPHA"
        },
        {
            "productId": 1093,
            "name": "Beatuy Kajal",
            "title": "24hr",
            "description": " Use by: 31 JAN 2024\nColour \tBold Black\nBrand \tLAKMÉ\nItem Form \tPencil\nFinish Type \tMatte\nSpecial Feature \tWaterproof, Long Lasting, Smudgeproof\nProduct Benefits \tSmudge Proof,Waterproof\nDuration \t20 Hours\nNumber of Items \t1\nNet Quantity \t1 count\nCoverage \tMedium\n",
            "rating": 0.0,
            "price": 56.0,
            "offer": 3.0,
            "type": "kajal",
            "brand": "lakmy",
            "category": "beauty",
            "merchantId": 7606,
            "quantity": 1000,
            "status": "ACTIVE",
            "thumbnailURL": "https://m.media-amazon.com/images/I/414Y0kSmcGL._SX300_SY300_QL70_FMwebp_.jpg",
            "productImageURLs": [
                "https://m.media-amazon.com/images/G/31/apparel/rcxgs/tile._CB483369979_.gif",
                "https://m.media-amazon.com/images/G/31/apparel/rcxgs/tile._CB483369979_.gif",
                "https://m.media-amazon.com/images/I/414Y0kSmcGL._SX300_SY300_QL70_FMwebp_.jpg"
            ],
            "searchTags": [
                "lakme",
                "black kajal",
                "kajal"
            ],
            "reviews": [
                
            ],
            "createdDateTime": "2023-10-13T16:02:08.748",
            "zoneId": "ALPHA"
        },
        {
            "productId": 1094,
            "name": "Apple iPhone 13",
            "title": "Apple iPhone 13 (128GB) - Blue",
            "description": "15 cm (6.1-inch) Super Retina XDR display\nCinematic mode adds shallow depth of field and shifts focus automatically in your videos\nAdvanced dual-camera system with 12MP Wide and Ultra Wide cameras; Photographic Styles, Smart HDR 4, Night mode, 4K Dolby Vision HDR recording\n12MP TrueDepth front camera with Night mode, 4K Dolby Vision HDR recording\nA15 Bionic chip for lightning-fast performance",
            "rating": 0.0,
            "price": 50000.0,
            "offer": 50.0,
            "type": "",
            "brand": "apple iphone 13 (128gb) - blue",
            "category": "electronics",
            "merchantId": 9132,
            "quantity": 1000,
            "status": "ACTIVE",
            "thumbnailURL": "https://m.media-amazon.com/images/I/71xb2xkN5qL._SX679_.jpg",
            "productImageURLs": [
                "https://m.media-amazon.com/images/I/61wIVtrz54L._SX679_.jpg",
                "https://m.media-amazon.com/images/I/61CAYVr34QL._SX679_.jpg"
            ],
            "searchTags": [
                "Apple iphone 13",
                "Apple iphone",
                "Apple"
            ],
            "reviews": [
                
            ],
            "createdDateTime": "2023-10-13T16:05:40.268",
            "zoneId": "ALPHA"
        },
        {
            "productId": 1204,
            "name": "Hp laptop",
            "title": "HP Laptop 15s, AMD Ryzen 5 5500U, 15.6-inch (39.6 cm), FHD, 8GB DDR4, 512GB SSD, AMD Radeon Graphics, Thin & Light, Dual Speakers (Win 11, MSO 2019, Silver, 1.69 kg), eq2144AU",
            "description": "\nBrand\tHP\nModel Name\tHP Laptop 15s-eq2144AU\nScreen Size\t15.6 Inches\nColour\tNatural Silver\nHard Disk Size\t512 GB\nCPU Model\tAMD Ryzen 5 5500U",
            "rating": 4.0,
            "price": 38000.0,
            "offer": 10.0,
            "type": "electronic-accessories",
            "brand": "hp",
            "category": "electronics",
            "merchantId": 10362,
            "quantity": 10,
            "status": "ACTIVE",
            "thumbnailURL": "https://m.media-amazon.com/images/I/71JhTb49NnL._SX679_.jpg",
            "productImageURLs": [
                "https://m.media-amazon.com/images/I/81AoTea4qYL._SX679_.jpg",
                "https://m.media-amazon.com/images/I/81NfQ29D3AL._SX679_.jpg",
                "https://m.media-amazon.com/images/I/71yTOEw97LL._SX679_.jpg"
            ],
            "searchTags": [
                "hp laptops",
                "laptops"
            ],
            "reviews": [
                {
                    "reviewId": 2316,
                    "shopperId": 26244,
                    "shopperName": "yashu",
                    "heading": "mice",
                    "description": "ok ",
                    "rating": 4.0,
                    "dateTime": "2023-12-30T22:55:15.804"
                }
            ],
            "createdDateTime": null,
            "zoneId": "ALPHA"
        },
        {
            "productId": 1298,
            "name": "ATIF Teddy Bear Soft Toy (6 Feet 180 Cm, Cream)",
            "title": "ATIF Teddy Bear Soft Toy (6 Feet 180 Cm, Cream)",
            "description": "It is perfect for gift purpose\nSoft Toys\nColour: Cream",
            "rating": 4.0,
            "price": 1999.0,
            "offer": 50.0,
            "type": "",
            "brand": "atif teddy ",
            "category": "beauty",
            "merchantId": 10545,
            "quantity": 10,
            "status": "ACTIVE",
            "thumbnailURL": "https://m.media-amazon.com/images/I/41X7sdPsuVL._SX300_SY300_QL70_FMwebp_.jpg",
            "productImageURLs": [
                "https://m.media-amazon.com/images/I/61WBcBfY-+L._SY450_.jpg",
                "https://m.media-amazon.com/images/I/41+8XgtZfoL._SY450_.jpg"
            ],
            "searchTags": [
                "Teddy",
                "Teddy Bear"
            ],
            "reviews": [
                {
                    "reviewId": 2529,
                    "shopperId": 13966,
                    "shopperName": "Sam",
                    "heading": "Hp laptop Flip",
                    "description": "Amazing Product",
                    "rating": 4.0,
                    "dateTime": "2024-01-05T19:15:10.286"
                }
            ],
            "createdDateTime": "2023-10-14T22:09:47.262",
            "zoneId": "ALPHA"
        },
        {
            "productId": 1394,
            "name": "chaman",
            "title": "string",
            "description": "OK",
            "rating": 2.5,
            "price": 10.0,
            "offer": 10.0,
            "type": "MERCHANT",
            "brand": "OK",
            "category": "string",
            "merchantId": 2,
            "quantity": 2,
            "status": "ACTIVE",
            "thumbnailURL": "abhsjs.com",
            "productImageURLs": [
                "google.in"
            ],
            "searchTags": [
                "mobile"
            ],
            "reviews": [
                {
                    "reviewId": 0,
                    "shopperId": 19516,
                    "shopperName": "Abhijit",
                    "heading": "ok",
                    "description": "ok",
                    "rating": 2.0,
                    "dateTime": "2023-12-03T12:38:28.306"
                },
                {
                    "reviewId": 2239,
                    "shopperId": 26234,
                    "shopperName": "Sunil Monga",
                    "heading": "Nice Fab",
                    "description": "Good Quality Product",
                    "rating": 3.0,
                    "dateTime": "2023-12-29T21:42:46.158"
                }
            ],
            "createdDateTime": "2023-12-03T18:25:53.297",
            "zoneId": "ALPHA"
        },
        {
            "productId": 1395,
            "name": "chaman",
            "title": "string",
            "description": "OK",
            "rating": 2.0,
            "price": 10.0,
            "offer": 10.0,
            "type": "MERCHANT",
            "brand": "OK",
            "category": "string",
            "merchantId": 2,
            "quantity": 2,
            "status": "ACTIVE",
            "thumbnailURL": "abhsjs.com",
            "productImageURLs": [
                "google.in"
            ],
            "searchTags": [
                "mobile"
            ],
            "reviews": [
                {
                    "reviewId": 0,
                    "shopperId": 19516,
                    "shopperName": "Abhijit",
                    "heading": "ok",
                    "description": "ok",
                    "rating": 2.0,
                    "dateTime": "2023-12-03T12:38:28.306"
                }
            ],
            "createdDateTime": "2023-12-03T18:31:20.553",
            "zoneId": "ALPHA"
        },
        {
            "productId": 1403,
            "name": "Tshirt",
            "title": "Calvin Klein Men T-Shirt",
            "description": "Product details\nMaterial composition100% Organic Cotton\nPatternGraphic\nFit typeRegular Fit\nSleeve typeShort Sleeve\nLengthStandard Length\nNeck styleRound Neck\nCountry of OriginTurkey",
            "rating": 0.0,
            "price": 3000.0,
            "offer": 36.0,
            "type": "men-tshirt",
            "brand": "calvin klein",
            "category": "men",
            "merchantId": 25760,
            "quantity": 100,
            "status": "ACTIVE",
            "thumbnailURL": "https://m.media-amazon.com/images/I/71gCtMSVvrL._AC_UL480_FMwebp_QL65_.jpg",
            "productImageURLs": [
                "https://m.media-amazon.com/images/I/61yvMs81hWL._SX569_.jpg",
                "https://m.media-amazon.com/images/I/713gSCOAHoL._SX569_.jpg",
                "https://m.media-amazon.com/images/I/61klcyPBIpL._SX569_.jpg",
                "https://m.media-amazon.com/images/I/914tkmuObiL._SX569_.jpg",
                "https://m.media-amazon.com/images/I/414FzMrnD0L._SX38_SY50_CR,0,0,38,50_.jpg"
            ],
            "searchTags": [
                "TSHIRT",
                "tshirt",
                "CALVIN KLEIN",
                "Calvin Klein",
                "Calvin Klein Men T-Shirt",
                "CK",
                "ck"
            ],
            "reviews": null,
            "createdDateTime": "2024-01-01T11:26:04.976",
            "zoneId": "ALPHA"
        },
        {
            "productId": 2339,
            "name": "LEADER Gladiator",
            "title": "LEADER Gladiator",
            "description": "General\nModel Number\nJFI-916-SEA-GREEN-BLACK\nModel Name\nGladiator 26tT Multi Speed (21 Speed) Cycle with Front Suspension and Disc Brake\nBrand Color\nSEA GREEN, BLACK\nMudguard\nNo Mudguard\nFront Derailleur\nGeared Shimano\nShifters\n21 Speed\nTire\n26 x 2.135 EXTRA WIDE TYRES\nRear Derailleur\nGeared Shimano\nStem\nSteel\nSales Package\n1\nAdditional Features\nCassette\n21-SPEED\nShifter Type\nThumb shifter\nDimensions\nWidth\n32 cm\nHeight\n76.2 cm\nDepth\n137.16 cm\nWarranty\nDomestic Warranty\n1 Year",
            "rating": 1.0,
            "price": 8000.0,
            "offer": 15.0,
            "type": "men-jacket",
            "brand": "leader gladiator",
            "category": "men",
            "merchantId": 27888,
            "quantity": 30000,
            "status": "ACTIVE",
            "thumbnailURL": "https://rukminim2.flixcart.com/image/416/416/xif0q/cycle/g/v/m/gladiator-26tt-multi-speed-21-speed-cycle-with-front-suspension-original-imagky6ujrxqcsaa.jpeg?q=70",
            "productImageURLs": [
                "https://rukminim2.flixcart.com/image/416/416/xif0q/cycle/g/v/m/gladiator-26tt-multi-speed-21-speed-cycle-with-front-suspension-original-imagky6ujrxqcsaa.jpeg?q=70"
            ],
            "searchTags": [
                "chycle"
            ],
            "reviews": [
                {
                    "reviewId": 2440,
                    "shopperId": 26245,
                    "shopperName": "techkonnect351@gmail.com",
                    "heading": "Poor Product ",
                    "description": "Bad Quality Product",
                    "rating": 1.0,
                    "dateTime": "2024-01-02T19:45:51.427"
                }
            ],
            "createdDateTime": "2023-12-25T18:38:58.513",
            "zoneId": "ALPHA"
        },
        {
            "productId": 2390,
            "name": "PHILIPS 6 ",
            "title": "PHILIPS 6 ",
            "description": "General\nSales Package\n1 USB Hub\nInbuilt Battery\nNo\nW x H x D\n43 cm x 14.7 cm x 111.5 cm\nWeight\n68 g\nOther Features\n6 in 1 Type C USB HUB with USB C to Ethernet, HDMI 4K 30 Hz, USB A, PD (Max 60 W), Micro SD, SD Card Slot Dock Adapter Type C\nWarranty\nWarranty Summary\n2 Years Domestic Warranty\nWarranty Service Type\nBy Asking the Customer to Connect with the Call Center 1800-425-6396\nCovered in Warranty\nManufacture Defect Only\nNot Covered in Warranty\nPhysical Damage, Cut, Burned or Liquid Damage\nDomestic Warranty\n2 Year",
            "rating": 4.0,
            "price": 1000.0,
            "offer": 5.0,
            "type": "men-kurta",
            "brand": "philips 6 ",
            "category": "men",
            "merchantId": 27888,
            "quantity": 30000,
            "status": "ACTIVE",
            "thumbnailURL": "https://rukminim2.flixcart.com/image/416/416/l4pxk7k0/usb-gadget/g/8/v/dlk5526cg-11-philips-original-imagfjxzfsgu7nvu.jpeg?q=70",
            "productImageURLs": [
                "https://rukminim2.flixcart.com/image/416/416/l4pxk7k0/usb-gadget/g/8/v/dlk5526cg-11-philips-original-imagfjxzfsgu7nvu.jpeg?q=70",
                "https://rukminim2.flixcart.com/image/416/416/l4pxk7k0/usb-gadget/g/8/v/dlk5526cg-11-philips-original-imagfjxzfsgu7nvu.jpeg?q=70"
            ],
            "searchTags": [
                " USB Hub"
            ],
            "reviews": [
                {
                    "reviewId": 2103,
                    "shopperId": 26250,
                    "shopperName": "maheswari muntha",
                    "heading": "super",
                    "description": "super",
                    "rating": 4.0,
                    "dateTime": "2023-12-29T13:54:05.412"
                }
            ],
            "createdDateTime": "2023-12-26T09:58:30.872",
            "zoneId": "ALPHA"
        },
        {
            "productId": 2392,
            "name": "bag",
            "title": "bag",
            "description": "About this item\n✅Material: Polyester Soft, Durable & Water Resistant | Color: Black Grey | Pattern: Solid| Capacity: 48 liters | Weight: 300 g | Dimensions: 14 x 10 x 20 inches (L x H x W)\n✅Durable and Sturdy: Made from durable quality POLYESTER fabric, this WHITECRAFT backpack is sturdy and reliable. Flaunt this bag with style and enjoy life with this low-maintenance bag which is also washable. This backpack is also suitable for school or college.\n✅ 3 Spacious compartments: Store your Books, Stationery, Accessories, Lunch boxes, etc. It will store plenty of items. Inside Sleeve/File Holder: To keep your school supplies and important files/documents/sheets separate Organizer: Keep every single item separately in an arranged manner, with the help of our organizer. Keep all your essentials such as wallet, ticket, cosmetics, etc. 1 side pocket: For holding a water bottle, clipping pens or pencils, or storing other items.\n✅Easy grab padded handle: For added comfort and convenience to hold the bag. Padded and Ergonomic Shoulder Straps: There are padded back mesh and ergonomic straps that give extra spine and shoulder support and help minimize the load after carrying the bag through a busy day. This unisex backpack can be carried to work, college, school, for a day out, or even while you are traveling!\n✅Warranty: 1 Year Manufacturer Warranty Against Manufacturing Defects ✅Disclaimer: There might be minor color variations between the actual product and the image shown on screen due to lighting in the photography.\nAdditional Information\nCountry of OriginIndia\nItem Weight300 g\nItem Dimensions LxWxH22 x 35 x 50 Centimeters\nNet Quantity1.00 count\nSee moreAbout this item\n₹749.00\nFREE delivery Sunday, 31 December. Order within 21 hrs 47 mins. Details\nDelivering to Bengaluru 560004 - Update location\nIn stock\nSold by SANKHLA INDUSTRIES and Fulfilled by Amazon.\nQuantity:\n1\nQuantity:1\nAdd to Cart\nBuy Now\n  Secure transaction\nAdd gift options\nAdd to Wish List\nNew (2) from\n₹749.00  Fulfilled FREE Delivery.\nOther Sellers on Amazon\nAdd to Cart\n₹799.00\nFREE Delivery. Details\nSold by: SANKHLA INDUSTRIES\n",
            "rating": 0.0,
            "price": 800.0,
            "offer": 10.0,
            "type": "",
            "brand": "college bag",
            "category": "women",
            "merchantId": 25146,
            "quantity": 2,
            "status": "ACTIVE",
            "thumbnailURL": "https://m.media-amazon.com/images/I/41aG0S94f3L._SY741_.jpg",
            "productImageURLs": [
                "https://m.media-amazon.com/images/I/51s6101yg7L._SX679_.jpg",
                "https://m.media-amazon.com/images/I/41aG0S94f3L._SY741_.jpg"
            ],
            "searchTags": [
                "school bag",
                "bag"
            ],
            "reviews": null,
            "createdDateTime": "2023-12-26T10:00:07.766",
            "zoneId": "ALPHA"
        },
        {
            "productId": 2434,
            "name": "tshirt",
            "title": "T shirt",
            "description": "Product details\nMaterial composition100% Cotton\nPatternSolid\nFit typeSlim Fit\nSleeve typeShort Sleeve\nCollar styleFlat Collar\nLengthStandard Length\nCountry of OriginIndia\nAbout this item\nColor name: BLACK\nMaterial: Cotton\nMachine Wash",
            "rating": 0.0,
            "price": 1036.0,
            "offer": 3.0,
            "type": "",
            "brand": "shirt",
            "category": "men",
            "merchantId": 25146,
            "quantity": 2,
            "status": "ACTIVE",
            "thumbnailURL": "https://m.media-amazon.com/images/I/81TXHsdOhbL._SX569_.jpg",
            "productImageURLs": [
                "https://m.media-amazon.com/images/I/81HKdRLP3AL._SX569_.jpg",
                "https://m.media-amazon.com/images/I/81TXHsdOhbL._SX569_.jpg"
            ],
            "searchTags": [
                "T shirt for men",
                " T shirt"
            ],
            "reviews": null,
            "createdDateTime": "2023-12-26T10:47:49.059",
            "zoneId": "ALPHA"
        },
        {
            "productId": 2452,
            "name": "Straightener",
            "title": "NOVA 3 in 1 NHS 885/05 Hair Straightener  (Black, Gold)",
            "description": "General\nSales Package\n1 Hair Straightener\nFloating Plates\nYes\nUniversal Voltage\nYes\nAutomatic Shut Off\nYes\nDigital Display\nYes\nSwivel Cord\nYes\nNumber of Temperature Settings\n5\nCoating\nCeramic\nIndicator\nyes",
            "rating": 0.0,
            "price": 5000.0,
            "offer": 25.0,
            "type": "cream",
            "brand": "vaga",
            "category": "beauty",
            "merchantId": 26091,
            "quantity": 8,
            "status": "ACTIVE",
            "thumbnailURL": "https://rukminim2.flixcart.com/image/416/416/xif0q/hair-straightener/c/p/b/2-in-1-hair-styler-straightener-and-crimper-nhs-885-05-nova-original-imagh8yqumfec2uk.jpeg?q=70",
            "productImageURLs": [
                "https://rukminim2.flixcart.com/image/416/416/xif0q/hair-straightener/d/p/8/-original-imaghr3pchdr63hs.jpeg?q=70",
                "https://rukminim2.flixcart.com/image/416/416/xif0q/hair-straightener/9/b/8/-original-imaghr3pz6gcyywn.jpeg?q=70",
                "https://rukminim2.flixcart.com/image/416/416/xif0q/hair-straightener/q/u/x/-original-imaghr3pzmgrdk3g.jpeg?q=70",
                "https://rukminim2.flixcart.com/image/416/416/xif0q/hair-straightener/c/p/b/2-in-1-hair-styler-straightener-and-crimper-nhs-885-05-nova-original-imagh8yqumfec2uk.jpeg?q=70"
            ],
            "searchTags": [
                "nova",
                "vaga",
                " Hair Straightener  "
            ],
            "reviews": null,
            "createdDateTime": "2023-12-26T12:10:38.045",
            "zoneId": "ALPHA"
        },
        {
            "productId": 2465,
            "name": "Foundation Compact ",
            "title": "lakme 9to5 Primer + Matte Powder Foundation Compact Pack of 2 Compact  (Honey Dew, 18 g)",
            "description": "Manufacturing, Packaging and Import Info\nGeneric NameCompactsExpiry Date15 Oct, 2025Country of OriginIndia\nManufacturer's Details\nImporter's Details\nPacker's Details\nManufactured by:\nUnilever House, B D Sawant Marg, Chakala, Andheri East, Mumbai - 400099, Maharashtra",
            "rating": 0.0,
            "price": 499.0,
            "offer": 36.0,
            "type": "foundation",
            "brand": "lakme 9 to 5",
            "category": "beauty",
            "merchantId": 26091,
            "quantity": 8,
            "status": "ACTIVE",
            "thumbnailURL": "https://rukminim2.flixcart.com/image/416/416/xif0q/compact/g/c/b/18-primer-matte-powder-foundation-compact-pack-of-2-lakme-9to7-original-imaghqg8wzthrgkf.jpeg?q=70",
            "productImageURLs": [
                "https://rukminim2.flixcart.com/image/416/416/xif0q/compact/c/u/m/-original-imagmj3gxmzfhuhb.jpeg?q=70",
                "https://rukminim2.flixcart.com/image/416/416/xif0q/compact/2/f/l/-original-imagmj3gzhza2fax.jpeg?q=70",
                "https://rukminim2.flixcart.com/image/416/416/xif0q/compact/6/h/c/-original-imagmj3gasw8buhk.jpeg?q=70",
                "https://rukminim2.flixcart.com/image/416/416/xif0q/compact/g/c/b/18-primer-matte-powder-foundation-compact-pack-of-2-lakme-9to7-original-imaghqg8wzthrgkf.jpeg?q=70"
            ],
            "searchTags": [
                "9 to 5",
                "pauder",
                "fundation"
            ],
            "reviews": null,
            "createdDateTime": "2023-12-26T12:22:36.604",
            "zoneId": "ALPHA"
        },
        {
            "productId": 2470,
            "name": "SWISS BEAUTY PRIMAR",
            "title": "SWISS BEAUTY Makeup Oil Free Mattifying Long Lasting Base Primer - 30 ml  (Shade-01)",
            "description": "General Traits\nShade\nShade-01\nQuantity\n30 ml\nSkin Type\nNormal\nOrganic\nNo\nOrganic Type\nyes\nSkin Tone\nWheatish\nSPF Rating\n20\nNet Quantity\n30 ml\n",
            "rating": 0.0,
            "price": 700.0,
            "offer": 50.0,
            "type": "primer",
            "brand": "swiss beauty",
            "category": "beauty",
            "merchantId": 26091,
            "quantity": 8,
            "status": "ACTIVE",
            "thumbnailURL": "https://rukminim2.flixcart.com/image/416/416/jw5a2kw0/primer/v/n/u/30-primer-sb-1301-swiss-beauty-original-imafb4dry6auhszf.jpeg?q=70",
            "productImageURLs": [
                "https://rukminim2.flixcart.com/image/416/416/jw5a2kw0/primer/v/n/u/30-primer-sb-1301-swiss-beauty-original-imafb4dry6auhszf.jpeg?q=70",
                "https://rukminim2.flixcart.com/image/416/416/jw6pifk0/primer/v/n/u/30-primer-sb-1301-swiss-beauty-original-imafb4ds985jjhu2.jpeg?q=70"
            ],
            "searchTags": [
                "PRIMAR",
                "SWISS BEAUTY",
                "BEAUTY"
            ],
            "reviews": null,
            "createdDateTime": "2023-12-26T12:25:14.129",
            "zoneId": "ALPHA"
        },
        {
            "productId": 2632,
            "name": "Watch",
            "title": "Womens 35 x 6.50 x 29 mm Raga Delight Brown Dial Brass Analog Watch - 2608QM02",
            "description": "Country of Origin\tIndia\nBand Material\tBrass\nWater Resistant Depth\t30 Meters\nCollection\tRaga Delight\nWatch Type\tWatch\nFeature\tPlain 3 Hands\nMovement\tQuartz\nCase Material\tBrass\nCase Diameter\t35 x 6.50 x 29 mm\nCase Shape\tRound\nDisplay Type\tAnalog\nBand Color\tBrown Plating\nDial Color\tBrown\nOccasion\tFormal Wear\nBand Style\tBracelet\nWarranty\t1 year\nGender\tWomen\nProduct code:\nWTT2608QM02_NoColour\n\nManufacturer Details\nManufacturer and Packer details\tIntegrity, #193, Veerasandra, Electronic City PO, Off Hosur Main Road, �Bangalore\nImporter details\tIntegrity, #193, Veerasandra, Electronic City PO, Off Hosur Main Road, �Bangalore\nDISCLAIMER: Colors of the product might appear slightly different on digital devices.\n\n",
            "rating": 0.0,
            "price": 5995.0,
            "offer": 20.0,
            "type": "",
            "brand": "titan",
            "category": "electronics",
            "merchantId": 28810,
            "quantity": 10,
            "status": "ACTIVE",
            "thumbnailURL": "https://sslimages.shoppersstop.com/sys-master/images/h82/h0d/28310777528350/WTT2608QM02_NoColour_alt2.jpg_2000Wx3000H",
            "productImageURLs": [
                "https://sslimages.shoppersstop.com/sys-master/images/h1b/h06/28310633775134/WTT2608QM02_NoColour_alt4.jpg_2000Wx3000H",
                "https://sslimages.shoppersstop.com/sys-master/images/h89/h10/28310696230942/WTT2608QM02_NoColour_alt3.jpg_2000Wx3000H"
            ],
            "searchTags": [
                "Analog",
                "Watch",
                "Raga Delight"
            ],
            "reviews": null,
            "createdDateTime": "2023-12-28T10:43:55.492",
            "zoneId": "ALPHA"
        },
        {
            "productId": 2638,
            "name": "Samsung Galaxy Buds",
            "title": "Samsung Galaxy Buds Live Bluetooth Truly Wireless in Ear Earbuds with Mic, Upto 21 Hours Playtime, Mystic Black",
            "description": "Colour: Mystic Black\nSize: Free Size\nBrand\tSamsung\nModel Name\tGalaxy Bean_Buds Live\nColour\tMystic Black\nForm Factor\tIn Ear\nConnectivity Technology\tbluetooth\nAbout this item\n1 year warranty provided by the manufacturer from date of purchase.Note : If the size of the earbud tips does not match the size of your ear canals or the headset is not worn properly in your ears, you may not obtain the correct sound qualities or call performance. Change the earbud tips to ones that fit more snugly in your ears\nCrystal clear voice & call quality with 3 mics & a Voice Pick Up unit\nDeep & spacious sound tuned by AKG. Sensors: Accelerometer, Gyro, Proximity, Hall, Touch, Grip, VPU\nEye-catching design in a glossy finish that keeps you connected yet comfortable through the day.",
            "rating": 4.5,
            "price": 15990.0,
            "offer": 50.0,
            "type": "headphones",
            "brand": "samsung",
            "category": "electronics",
            "merchantId": 28810,
            "quantity": 80,
            "status": "ACTIVE",
            "thumbnailURL": "https://m.media-amazon.com/images/I/61G5JoU9tTL._AC_SY145_.jpg",
            "productImageURLs": [
                "https://m.media-amazon.com/images/I/61fB93ZRHhL._SL1500_.jpg",
                "https://m.media-amazon.com/images/I/61+t-5n+GcL._SL1500_.jpg",
                "https://m.media-amazon.com/images/I/61G5JoU9tTL._SL1500_.jpg"
            ],
            "searchTags": [
                "Samsung Buds",
                "buds",
                "Mystic Black",
                "Galaxy Bean_Buds"
            ],
            "reviews": [
                {
                    "reviewId": 2206,
                    "shopperId": 26270,
                    "shopperName": "Shilpa",
                    "heading": "string",
                    "description": "Value for money",
                    "rating": 4.5,
                    "dateTime": "2023-12-29T20:41:10.731"
                }
            ],
            "createdDateTime": "2023-12-28T10:54:22.481",
            "zoneId": "ALPHA"
        },
        {
            "productId": 2639,
            "name": "TP-Link Tapo",
            "title": "TP-Link Tapo C210 360° 3MP Full HD 2304 X 1296P Video Pan/Tilt Smart Wi-Fi Security Camera | Alexa Enabled | 2-Way Audio| Night Vision| Motion Detection | Indoor CCTV White",
            "description": "\nRecommended Uses For Product\tNight Vision, Motion Detection\nBrand\tTP-Link\nModel Name\t‎Tapo C210\nConnectivity Technology\tWireless\nSpecial Feature\tLocal Recording, HD Resolution, Night Vision, Image Sensor, Frame Rate, Motion Sensor\nIndoor/Outdoor Usage\tIndoor\nCompatible Devices\tTablet, Smartphone\nPower Source\tCorded Electric\nConnectivity Protocol\tWi-Fi\nController Type\tGoogle Assistant, Amazon Alexa\nSee more\nAbout this item\nUltra-High-Definition Video —— Records every image in crystal-clear 3MP definition\nPan and Tilt —— 360º horizontal range\nAdvanced Night Vision —— Provides a visual distance of up to 30 ft\nMotion Detection and Notifications —— Notifies you when the camera detects movement\nSound and Light Alarm —— Trigger light and sound effects to frighten away unwanted visitors\nTwo-Way Audio —— Enables communication through a built-in microphone and speaker\nSafe Storage —— Locally stores up to 256 GB on a microSD card, equal to 512 hours (21 days) of footage. (Based on laboratory conditions)\nVoice Control —— Free Up Your Hands with Voice Control. Works with the Google Assistant and Amazon Alexa. (Google Assistant and Amazon Alexa are not available in all languages and countries)",
            "rating": 0.0,
            "price": 3599.0,
            "offer": 33.0,
            "type": "camera",
            "brand": "tp-link",
            "category": "electronics",
            "merchantId": 28810,
            "quantity": 50,
            "status": "ACTIVE",
            "thumbnailURL": "https://m.media-amazon.com/images/I/613CWb1tp+L._SL1500_.jpg",
            "productImageURLs": [
                "https://m.media-amazon.com/images/I/71zB3kEwuXL._SL1500_.jpg",
                "https://m.media-amazon.com/images/I/61NQLhVyKoL._SL1500_.jpg",
                "https://m.media-amazon.com/images/I/614tgW397NL._SL1500_.jpg",
                "https://m.media-amazon.com/images/I/613CWb1tp+L._SL1500_.jpg"
            ],
            "searchTags": [
                "Night Vision",
                " Recording",
                "‎Tapo C210",
                "tp link",
                "camera"
            ],
            "reviews": null,
            "createdDateTime": "2023-12-28T10:54:22.482",
            "zoneId": "ALPHA"
        },
        {
            "productId": 2640,
            "name": "FLiX(Beetel) P25 BLK",
            "title": "FLiX(Beetel) Just Launched UltraCharge 20,000mAh QCPD Power Bank,USB C/B Input,Tripple output 22.5W High-Speed Power Delivery,Compatible to iPhone 14 13 12 11 Samsung S22 S23 S21 Google Pixel7 Oneplus Brand: FLiX",
            "description": "\nConnector Type\tDual USB Type A (Output port), Micro USB Type B (Output port), USB Type C (Input and Output port)\nBrand\tFLiX\nBattery Capacity\t20000 Milliamp Hours\nColour\tBlack\nSpecial Feature\tBIS Certified, Auto Shut-Off, LED Indicator Lights, QC+PD Super Fast charging Support\nAbout this item\n✅ [Lightning-Fast Charging] With a powerful 22.5W Quick Charge Power Delivery output, our power bank ensures lightning-fast charging for your devices. Say goodbye to long waiting times and enjoy swift power backup that keeps up with your fast-paced lifestyle. LED indicators provide clear status updates on the power bank's charge level.\n✅ [High-Capacity Battery] The 20,000mAh capacity provides ample power to keep your devices charged throughout the day. It offers multiple recharges for your smartphone iPhone Pro Max 3 charges, iPhone 13 4.4 charges, Samsung S23 3.4 charges, Google pixel 6 2.8 charges, ipad Mini 3 charges or other USB-powered devices, ensuring you stay connected whenever and wherever you need it\n✅ [Triple Output and Dual Input] With two USB Type-A ports and one Type-C port, our power bank allows you to charge up to three devices simultaneously. Whether you need to power up your smartphone, tablet, Bluetooth earphones, or other USB-enabled devices, our power bank has got you covered. You can choose to recharge the power bank using either the Micro USB (Type B) or Type-C input. This flexibility ensures compatibility with various charging cables and devices, making it hassle-free to recharge the power bank itself\n✅ [Safety] Experience the safest charging with our FLiX Powerbanks, we use only the highest-grade materials with all the safety regulations like current identification, over-current, electrostatic, overload protection, and temperature control, so we do have the confidence to provide an industry-leading 400 days warranty\n✅ [Compact and Durable] With its compact size and sleek profile, our power bank effortlessly fits into your pocket, bag, or purse. It takes up minimal space, making it ideal for travel, commuting, or any on-the-go adventures, Built to last, our power bank is crafted using high-quality materials that ensure durability and longevity. It can handle the rigors of daily use, including accidental drops or impacts, without compromising its performance\n✅ [Compatibility] This is a universal Powerbank which can charger all the devices like mobile phones, Tablets, Headphones / Neckbands, Smartwatches and many more, supports all new models Smartphones like iPhone 14, iPhone 13, iPhone 12, iPhone 11, Samsung Galaxy S23 Samsung Galaxy S22, Samsung Galaxy S21, Samsung Galaxy Z Fold 3/4, Samsung Galaxy Z Fold 4, Google Pixel 7, Google Pixel 6, Oneplus 11, Oneplus 10, Vivo V21, Vivo V25, Redmi Note 12, Realme 11 Pro and many more",
            "rating": 0.0,
            "price": 4999.0,
            "offer": 56.0,
            "type": "power-bank",
            "brand": "flix(beetel)",
            "category": "electronics",
            "merchantId": 28810,
            "quantity": 150,
            "status": "ACTIVE",
            "thumbnailURL": "https://images-eu.ssl-images-amazon.com/images/I/41bgyhEVLmL._AC_UL232_SR232,232_.jpg",
            "productImageURLs": [
                "https://m.media-amazon.com/images/I/71yHGCI55vL._SL1200_.jpg",
                "https://m.media-amazon.com/images/I/612cXst7lmL._SL1200_.jpg",
                "https://m.media-amazon.com/images/I/518QApLFFxL._SL1200_.jpg",
                "https://m.media-amazon.com/images/I/41bgyhEVLmL._SL1000_.jpg"
            ],
            "searchTags": [
                "charging",
                "FLiX(Beetel)",
                "flix",
                "20000mah",
                "power bank"
            ],
            "reviews": null,
            "createdDateTime": "2023-12-28T10:54:40.989",
            "zoneId": "ALPHA"
        },
        {
            "productId": 2648,
            "name": "Scott International Men's Quilted Puffer Jacket",
            "title": "Scott International Men's Quilted Puffer Jacket - Lightweight, Water Repellant, Elastic Cuffs, Zipped Pockets, Casual Winter Jacket - Stylish Outerwear for Men",
            "description": "Product details\nMaterial composition100% Nylon\nStylePuffer Jacket\nFit typeRegular\nLengthStandard Length\nPatternSolid\nCare instructionsMachine Wash\nCountry of OriginIndia\nAbout this item\nLightweight Warmth, Premium Zippers, and Water Repellency: Embrace the cold with confidence in our Men's Quilted Puffer Jacket. Crafted with lightweight materials, it offers cozy warmth without the bulk. The best-quality YKK zippers ensure durability and ease of use, while the puffer horizontal quilting enhances insulation. Plus, it's water-repellent to keep you dry in drizzles.\nSmart Zippered Pockets: Stay organized and keep your essentials secure with multiple zippered pockets. Whether you're stashing your keys, wallet, or phone, you'll have easy access to your items while on the move.\nComfort in Every Stitch: Our puffer jacket features soft elastic sleeve cuffs, providing a snug fit that keeps cold air out. Enjoy unrestricted movement and unbeatable comfort throughout your day.\nVersatile Style: Elevate your winter wardrobe with this stylish and functional puffer jacket. It's perfect for both casual outings and outdoor adventures, allowing you to stay warm while looking effortlessly cool.\nExceptional Quality: Scott International is committed to providing top-notch quality. This quilted puffer jacket is no exception. It's designed to withstand the elements, so you can enjoy long-lasting comfort and style.\nAdditional Information\nManufacturerSwitz Inc, Bengaluru, Switz Inc, Bengaluru\nPackerSwitz Inc, Bengaluru\nItem Weight350 g\nItem Dimensions LxWxH5.1 x 58.4 x 28 Centimeters\nNet Quantity1.00 count\nGeneric NamePuffer Jacket\n",
            "rating": 5.0,
            "price": 2999.0,
            "offer": 0.0,
            "type": "men-nehru-jacket",
            "brand": "scott international",
            "category": "men",
            "merchantId": 28810,
            "quantity": 50,
            "status": "ACTIVE",
            "thumbnailURL": "https://images-eu.ssl-images-amazon.com/images/I/61hz9cK6gnL._AC_UL232_SR232,232_.jpg",
            "productImageURLs": [
                "https://m.media-amazon.com/images/I/61SfZjBF21L._SX679_.jpg",
                "https://m.media-amazon.com/images/I/71bgwqS2EoL._SY741_.jpg",
                "https://m.media-amazon.com/images/I/61dpnYui-cL._SX679_.jpg",
                "https://m.media-amazon.com/images/I/61hz9cK6gnL._SX522_.jpg"
            ],
            "searchTags": [
                "winter wear",
                "lether jacket",
                "jacket"
            ],
            "reviews": [
                {
                    "reviewId": 2490,
                    "shopperId": 28858,
                    "shopperName": "sumit dey",
                    "heading": "good",
                    "description": "best product",
                    "rating": 5.0,
                    "dateTime": "2024-01-04T09:53:53.978"
                }
            ],
            "createdDateTime": "2023-12-28T10:59:18.091",
            "zoneId": "ALPHA"
        },
        {
            "productId": 2651,
            "name": "Kajal",
            "title": "Maybelline New York Kajal ",
            "description": "\n\nColour\t:black\nBrand\t:Maybelline\nItem Form\t:Pencil\nFinish Type\t:Matte\nSpecial Feature\t:Waterproof, Travel Size, Long Lasting, Smudge Resistant\nProduct Benefits\tDefinition,Fresh,Longlasting,Smudge Proof,Soothing,Waterproof\nMaterial Type Free\tDye Free\nKajal offers a deep, dark intense black colour with sharp definition, Long lasting smudge proof and waterproof\nFor eyes that look bold, and fresh all day long\nDraw thin or thick lines by varying the pressure and angling of the kahal tip.\nInfused with aloe vera for its caring and soothing properties, Vitamin C and Vitamin E\nContents: 2x Maybelline New York Colossal Kajal, Intense Colour, Waterproof, Long lasting 24Hrs Stay, 0.35g",
            "rating": 0.0,
            "price": 238.0,
            "offer": 34.0,
            "type": "",
            "brand": "maybelline",
            "category": "beauty",
            "merchantId": 28803,
            "quantity": 150,
            "status": "ACTIVE",
            "thumbnailURL": "https://m.media-amazon.com/images/I/51xEbSkGqHL._SY450_PIbundle-2,TopRight,0,0_AA450SH20_.jpg",
            "productImageURLs": [
                "https://m.media-amazon.com/images/I/51sBQc8LA2L._SS40_.jpg",
                "https://m.media-amazon.com/images/I/41p+ANVf-qL.SS40_BG85,85,85_BR-120_PKdp-play-icon-overlay__.jpg",
                "https://m.media-amazon.com/images/I/41r5QyguldL._SS40_.jpg"
            ],
            "searchTags": [
                "Waterproof",
                "Longlasting,"
            ],
            "reviews": null,
            "createdDateTime": "2023-12-28T11:01:37.205",
            "zoneId": "ALPHA"
        },
        {
            "productId": 2654,
            "name": "SanDisk Ultra",
            "title": "SanDisk Ultra® microSDXC UHS-I Card, 128GB, 140MB/s R, 10 Y Warranty, for Smartphones",
            "description": "Brand\tSanDisk\nModel Name\tSanDisk Ultra® microSD™ card\nFlash Memory Type\tMicro SD\nMemory Storage Capacity\t128 GB\nCompatible Devices\tChromebooks, Tablet, Smartphone\nColour\tRed\nRead Speed\t140 Megabytes Per Second\nProduct Dimensions\t10D x 10W x 10H Millimeters\nItem Weight\t5 Grams\nWarranty Type\tLimited\nSee more\nAbout this item\nExpand your storage in a flash: ideal for Android smartphones and tablets, Chromebooks, and Windows laptops.\nUp to 140MB/s transfer speeds to move up to 1000 photos per minute\nLoad apps faster with A1-rated performance\nView, access, and back up your phone’s files in one location with the SanDisk Memory Zone app\nRelax knowing your card is backed by a 10-year limited warranty by SanDisk\nCompatible with SanDisk MobileMate USB 3.0 microSD card reader",
            "rating": 0.0,
            "price": 1800.0,
            "offer": 55.0,
            "type": "electronic-accessories",
            "brand": "sandisk",
            "category": "electronics",
            "merchantId": 28810,
            "quantity": 199,
            "status": "ACTIVE",
            "thumbnailURL": "https://images-eu.ssl-images-amazon.com/images/I/71jsEFJtRRL._AC_UL232_SR232,232_.jpg",
            "productImageURLs": [
                "https://m.media-amazon.com/images/I/81KHLcEZV4L._SL1500_.jpg",
                "https://m.media-amazon.com/images/I/71jsEFJtRRL._SL1500_.jpg"
            ],
            "searchTags": [
                "miocrosd",
                "mmc",
                "card"
            ],
            "reviews": null,
            "createdDateTime": "2023-12-28T11:11:10.92",
            "zoneId": "ALPHA"
        },
        {
            "productId": 2657,
            "name": "HP",
            "title": "HP",
            "description": "\nBrand\tHP\nModel Name\t15s-fq3071TU\nScreen Size\t39.6 Centimetres\nColour\tSilver\nHard Disk Size\t512 GB\nCPU Model\tCeleron\nRAM Memory Installed Size\t8 GB\nOperating System\tWindows 11 Home\nSpecial Feature\tBrightview, HD, Micro-Edge Display, Numeric Keypad\nGraphics Card Description\tIntegrated\nSee more\nAbout this item\n【2-core Intel Celeron N4500】2 threads and 4MB L3 cache deliver fast processing speeds. The Intel UHD graphics help you dive into crisp, stunning visuals.\n【Upgraded memory and storage】8GB DDR4 RAM and 512GB PCIe NVMe M.2 SSD allow you to undertake improved multitasking with high-bandwidth memory and ample storage. Now, browse or work as you please.\n【Micro-edge display】The 15.6-inch, HD, 250-nit, and micro-edge display immerses you in your projects, helping you explore intricate details on a large screen.\n【Effortless connectivity】Wi-Fi 5 (2x2) and Bluetooth 5.0 make you unstoppable with a dependable connection. Stay plugged in with 1 x USB Type-C, 2 x USB Type-A, and 1 x HDMI 1.4b ports.\n【Long battery life】With HP Fast Charge, power up your device up to 50% in 45 mins. Once done, get ready to go where work takes you backed up with a long-lasting 41Wh battery life.\n【Business conferencing】HP True Vision 720p HD camera with integrated dual array mics and dual speakers enables you to put your point across with utmost clarity in high resolution.\n【Why HP】Experience the unparalleled advantages of choosing HP, the most preferred and trusted PC brand by Indians, which empowers you with cutting-edge technology and steadfast dependability.\n【Pre-loaded Win 11 and MS Office】Comes with Win 11 and MS Office 2021. To activate your MS Office, sign in or sign up, and follow the Office Activation Wizard.\n【Sustainably made】Make an environmentally conscious choice with a thoughtfully designed laptop that contains recycled plastics and is EPEAT Silver registered and ENERGY STAR certified.\n【Reliable design】A sleek yet sturdy laptop that delivers rock-solid performance all day long with power-packed features, optimized heat management, and 1-year on-site standard warranty.\n",
            "rating": 0.0,
            "price": 29190.0,
            "offer": 14.0,
            "type": "",
            "brand": "hp laptop 15s, intel celeron, 15.6-inch (39.6 cm), hd, 8gb ddr4, 512gb ssd, intel uhd graphics, thin & light, dual speakers, brightview display (win 11, mso 2021, silver, 1.65 kg), fq3071tu",
            "category": "electronics",
            "merchantId": 28811,
            "quantity": 1,
            "status": "ACTIVE",
            "thumbnailURL": "https://m.media-amazon.com/images/W/MEDIAX_792452-T2/images/I/81GuRJraGlL._SX679_.jpg",
            "productImageURLs": [
                "https://m.media-amazon.com/images/W/MEDIAX_792452-T2/images/I/61p6R+WqedL._SL1000_.jpg",
                "https://m.media-amazon.com/images/W/MEDIAX_792452-T2/images/I/81GuRJraGlL._SX679_.jpg",
                "https://m.media-amazon.com/images/W/MEDIAX_792452-T2/images/I/81GuRJraGlL._SX679_.jpg"
            ],
            "searchTags": [
                "39.6 Centimetres",
                "512 GB",
                "Colour:Silver"
            ],
            "reviews": null,
            "createdDateTime": "2023-12-28T16:58:32.346",
            "zoneId": "ALPHA"
        },
        {
            "productId": 2658,
            "name": "Mobile phone ",
            "title": "Apple iPhone 13 Pro Max Graphite 128GB",
            "description": "Type\nsmartphone\nMANUFACTURER DETAILS\nModel number\nModel number\nMLL63HN/A\nModel Name\nModel Name\nApple iPhone 13 pro\nBrand\nBrand\nApple\nModel Series\nModel Series\nApple iPhone 13 pro\nOPERATING SYSTEM\nOS Name & Version\niOS 15\nOS Type\nOS Type\niOS\nPROCESSOR DETAILS\nProcessor Core\n6\nProcessor\nA15 Bionic Chip(5nm)\nProcessor Brand\nApple\nCPU Specs\nNew 6‑core CPU With 2 Performance And 4 Efficiency Cores\nSTORAGE SPECIFICATIONS\nInternal Storage\n128GB\nMemory Card Supported\nNo\nSCREEN SPECIFICATIONS\nResolution\n2340 x 1080 pixels\nTouch Type\nTouch\nSOUND\nSpeaker Type\nDolby digital, dolby digital plus and dolby automs\nSIM DETAILS\nSIM Type\nDual\nNetwork Technology Supported\nLTE\nNETWORK TECHNOLOGY\nData Generation Supported\n5G\nNetwork Technology Supported\nLTE\nNETWORK CONNECTIVITY\nBluetooth support\nYes\nWiFi\nYes\nBluetooth Features\nBluetooth 5.0\nWiFi Features\nWi‑Fi 6 with 2x2 MIMO\nCAMERA\nCamera\nR: 12MP + 12MP + 12MP | F: 12MP\nBATTERY\nBattery Type\nNon-Removable\nBattery Technology\nLithium-Ion\nStandby Battery Life\nup to 2 days battery life\nCHARGING\nCharging pin type\nLightning Port\nPower\nPower\n20 W Adapter\nPRODUCT MATERIAL\nBody Material\nAluminum\nIP rating\nIP68\nPRODUCT AESTHETICS\nColor\nGraphite\nPRODUCT DIMENSIONS\nWeight\n140 g\nDimensions in Cm\n6.42 x 0.76 x 13.15\nWARRANTY\nWarranty summary\n12 Months Warranty On In-the-box\nStandard Warranty period\n12 Months, 6 Months Warranty on Accessories\nInstallation & Demo\nNot Applicable\nWarranty Type\nCarry-In\nBRAND CONTACT INFORMATION\nCountry of Manufacture\nChina\nMOBILE CATEGORY\nForm Factor\nTouch\nAdditional Features & Functions\nNext‑Generation 16‑core Neural Engine\nSmart Assistance & Control\nSiri Supported\nFace ID, Barometer, Three‑axis Gyro, Accelerometer, Proximity Sensor, Ambient Light Sensor\n",
            "rating": 0.0,
            "price": 128900.0,
            "offer": 1.0,
            "type": "mobile",
            "brand": "apple ",
            "category": "electronics",
            "merchantId": 28811,
            "quantity": 1,
            "status": "ACTIVE",
            "thumbnailURL": "https://assets.sangeethamobiles.com/product_img/8580/1667547928_kgk.jpg",
            "productImageURLs": [
                "https://assets.sangeethamobiles.com/product_img/8580/1667547929_hhp.jpg",
                "https://assets.sangeethamobiles.com/product_img/8580/1667547929_L3s.jpg",
                "https://assets.sangeethamobiles.com/product_img/8580/1667547928_mtX.jpg",
                "https://assets.sangeethamobiles.com/product_img/8580/1667547928_kgk.jpg"
            ],
            "searchTags": [
                "Apple iPhone 13 pro",
                "smartphone",
                "Apple iPhone 13 Pro Max Graphite 128GB",
                "https://www.sangeethamobiles.com/product-details/apple-iphone-13-pro-max-graphite-128gb-mll63hna/8580?utm_source=google&utm_campaign=T1-Apple&gad_source=1&gclid=Cj0KCQiA1rSsBhDHARIsANB4EJbthVbLT9S-8h1LMu_mp1xka6mysM6DKtVMB7n2N8DuGURTHaqQewoaAt69EALw_wcB"
            ],
            "reviews": null,
            "createdDateTime": "2023-12-28T17:20:31.045",
            "zoneId": "ALPHA"
        },
        {
            "productId": 2691,
            "name": "Shoes",
            "title": "nike",
            "description": "hsdajgyutewagsmnmxzjasgdjAnzb",
            "rating": 0.0,
            "price": 2000.0,
            "offer": 10.0,
            "type": "men-tshirt",
            "brand": "nike",
            "category": "men",
            "merchantId": 34869,
            "quantity": 1000,
            "status": "ACTIVE",
            "thumbnailURL": "data:image/jpeg;base64,/9j/4AAQSkZJRgABAQAAAQABAAD/2wCEAAoHCBYVFRgWFRYYGRgYGBgYGBwcGhgYGhwaGhgcGRgcGBgcIS4lHB4rHxgaJjgmKy8xNTU1GiQ7QDs0Py40NjEBDAwMEA8QGhISGjQhISs0NDQ0NDQ0NDQ0NDQ0NDQ0NDE0NDQ0NDQ0MTQ0NDQ0NDQ0NDQ0NDQ0NDQ0NDQ0MTQ0NP/AABEIAOEA4QMBIgACEQEDEQH/xAAcAAEAAQUBAQAAAAAAAAAAAAAABwECAwUGBAj/xAA+EAACAQIDBQUFBgYBBAMAAAABAgADEQQSIQUGMUFRByJhcYETFDKRoSNCUoKx8GJyksHR4fEzQ7LCJHOi/8QAGAEBAQEBAQAAAAAAAAAAAAAAAAECAwT/xAAfEQEBAQEAAwEBAQEBAAAAAAAAAQIRITFBEgNRQiL/2gAMAwEAAhEDEQA/AJmiIgIiICIiAiIgIiICJSQ92h73YxcY2HwztTp0sgYoBmdiiuSWI0AzBbcNDe/AWTomKUnKbv76YetToirVVa7KA6m4GcHKe9bKLkXAvzE6PG4tKKGpVdURRdmY2AkssGLam0qWGptVruERbXY34k2AAGpJPITybv7xYfHU2qUGLKrZWuCpBtfgeRB4+fSRr2h7w0cclOnTzhEqZ8xBUsbFRZTqBZm42PhOa2Ft2pgS5w7AFwqtmGYHKbiw4Ai5/qM3MWzrPX0PKzltxt5vfaLFwBUpsFcDgbi6sByvqLdVM6mYs40REQEREBERAREQEREBERAREQEREBERApEx1aqqLswUdSQB8zNTi946CcCXP8I0+Z0+UvOjdTX7W2vRwyZ6zhByHFmPRVGrHynG7c31dEYoAuhtbVtBzb/AkZY7aL1nL1HLOepNgOij93ms4tZ67DeHtBrVjlw+ahTHE6e1bzOoQeA18RwnFYnFseepP68TMDPMDtr8/wBJ2mZn0nesdfFW489BN1jduVsRketUZyAAoPwrYW7qjQHxtc8zOUxDXc+g+k21HRQPCZl7pb6Z6tXjPBi6uUePAefEzPU4GeDHjgfE/oJdXwkSZ2GOxrYnp7OmT553t/7SZpGnYls7Jhalc8a1Sy/yUxl/82cekkucK2RESBERAREQEREBERAREQERECkwYrFJTUvUdUUcWZgoHqdJH/aJ2gtg393w4Vq1gXZtVp5tVGXmxGuugBXjeQ7jcfWxdVWxFV3dmChmNwuYgd1eCjwAAnTP87Z2+GbePp7B7RpVlz0nDoeDLqp/lbgfSYNrbSFCk1Qi9tFXhdjwF/r5AxQpqiKiCyIoRQOSqAFHyml32UnDqRwWopbyKso+pHzmZmFrkcZtSpUYs73J4Dko6KOQnkavPM9S0wvUnXjDybdq3HH7rf8ArOf9pNjtepf9PmQT9F+s2GKwyrsqg+Vcz4p7vYZsqo4VS3HLck26gRLxqTw5wtMb8vP/AFMlpawm6jwPSvUA4ZsvHlfu6+Gk2JnlxJ+FuYOv78x9Z6zMZ91atnmxNO6eVvp/o3nqMwvzHI/8H6S6ngifezQAbMw2Xhle/n7R831vOrke9jOMz4FqR40Kzp6Napf+p2HpJCnnrZERAREQEREBERAREQEREBERA+WN4cS1XFYh2N2atUJ8sxCj0AA9JrmF51PaPsQ4XHVQB3KpNZD4OSXX0fMLdMvWctPZm9kcb7fRe6u2BisLSrX7zIA/g6XV/rc+VptsZhlq03pN8LqVv0PI+hsfSRB2TbdFOq2Gc2Wr36d+AqAar+ZQP6PGTEs47nK3PKGcdSek7I4s6HKw/uOoPG/jPO9TT9B1+clLejdxcUmZbLWQWRuTD8D/ANjykO7TDozUmVkde66nQr/D4343HhaJpOPLi6uZtDcD6nmf7ek6vaS32LhD0xL3P5av+BOPJndbPpe22HVUamhXzAeBy3+lRvlLrxxY4VjLCZWJ0RgdL3HX9/raZab3UeVvloZRlvFPn8/8zMnKq6WsJfEtR3PY/tLJi6lEmwrpdf56dyB5lGf+iTTPmfY2NbD16VddfZurEdQDZ1H8ylh6yWNi9plLEV0pGgyB2y5ywKgn4b6DQnTzInDWb1qVIMSk5Tfren3KkAljWqXCA6hQOLsOg4AcyfAzEnWnVys+bn3hxbsWOJr6nW1RxfXkAQAPIScNy9tDF4VHJ76/Z1P51AufUEN+aa1mydSXroYiJlSIiAiIgIiICIiBwvanu4cVhc6LerQu6gcWT76j01A6qOsgEGfW8+fe07df3PE50H2FclktwV+Lp4fiHgSOU7fy38rGp9cYjlSGUkMpBUjQgg3BB6gifQG4+8a43DhzYVUslVeHetowH4W4j1HIz59m53V2++BxC1kuV+Gog++hOo6ZhxHj4EzrvPYxm8fR053ezdenjUvolZR3Ht8lfqv6X06HdYDGJWppVpsGR1DKRzB8OR5EeHhPSRPO2+dMfgnou1OqpR0NmB+hB5g8jO/7Kay1ExWEb/uLmHkRkbT8yn5zqt7t2UxtPktVAfZv9cj9UJ+V7+cXbrY9sDjVNQFMj+zqqdLBu61/AXvfwE3b3Kz20+0MI1Go9NxZkYqfQzZbY3cqYajh6tRhmrqzZLEFQLFbm+pIINtLcJNGN3UwtXEDEumZgAbX7pI4MRzItOR7T8O2Ir4XD0rF3DFenG1yRwFtfSSb7YWIrvLLW1+c9WPwjUaj03tmRirW4XHSee06+2VRKSmWDfr8hAO/3R6y9DMQEvQycEo0u1ZUpIrUGeqqKHJdUVmAALXsSLnXhzkdbe2xUxdZ61Q957aC+VVAsqpfkP1JPOeWpxmIyTEnpbVyyVOxvE6Yiny+zqDzOZWP0WRWs7/sgr2xjr+Kg3/5dD/cxuf+aT2maIiedsiIgIiICIiAiIgUmo3k2ImNw70Kn3h3W5qw1Vh5G3nNxETwPlHaezqmHqvRqrldDZhy8Cp5gjUGeWTv2l7me+J7eiP/AJFNSLcqiC5CG+gNybHx104QU6EEhgQQSCCCCCDYgg8CDynrxr9Ry1njt+zTew4aqMPVb7Cq1lJ/7btoG8FY2B5DQ9bzes+VyJ9B7g7VfEYGjUfVxmRz+IoxTN5kBSfG8x/TP1c10rCR32n7v5kGLpr3kAWrb71PgrnxXgfA+EkUzFXpK6lWAKsCrA8CCLEH0nOVtC+7W1MTXq0MIa9Q0mdVK5mtkBuRe98thw4WElx9mqMcMTUZQ2QUaC6X1GZ2HjxHkD1kK7XwlTZ+NIpsVKNnpPzyNfLe/HS6nrYzqt0sDicdVo4tq+cUqyl1YgFctmNgDzuQNOHPkLrP1JXOb+0cmPr6WBbMPUcZz151/aeB789j9xb+ev8AmceJ0z6iVWUiJpFJkRCQTY2FrnkL8LnlwMxzfbqOGepQa2WsmWxf2a5gbAsbjMFV3bLcElRaxtM6vJ1WkflLDN7vBs9ERa1FStN3dB3mcDQNTAZiTcoGfjwZZoozewerZeFFWqlMsVDki4XOb5SVAS4LEsAoAP3p2vZzsyrS2gudCoFOtqQbMFbIcpt+L10nCYeuUdHXijq481YMPqJ12x98ESurtTqIqhFQCoKpspuc7PYnNmfM3Hupx1mN/r4s4nSIicWiIiAiIgIiICIiAiIgUkadp25ArqMRhkUVUvnVVVfaLxvcDVxyvxvbpJLlCJc6ub2JZ18kmfQm4WzzR2fh0YWZkNQg8QajFwD5BgPSaXe/s5p1cQlellRGdfeUsbMua7uluDngRwN78Qb96otwHDQCdtbmpOMycVUw0tlxnNpwHapsnPRTEKO9SbK//wBbm30a3zMj7d7eGvgnL0WHeFmRgSjDlmUEajkQQfmZPGNwi1kek4uroyH8wtPnnHYF6VR6T/EjMh4DVTa+p4Hj6zpnzOMr9qbQfEVXq1CC7m5sLDyA6TyCLW6erf2AlDbw+Zm06rEt06/JlP6iLHr8xb66wLpayg8ZQnr+/WVgXAWFhcC97AkC/UjgT4yl4vLQBy/fof7QK5pUi4I6y0j98pUQPpfYWK9rhqFT8dKm3qyAn6zYzlezbE+02dQP4Q6f0VGUfQCdVPLfboREQEREBERAREQEREBERATxPTYG1iQdb/2M9sQNcf3++kKZlrpY35GYhNxmhMiTta2QExCYhRZa62c8vaIANfNMv9BktGaLfTZJxWCq01F3Qe1p9S6a5R/MuZfzSy8qIF0lLyoNxeJ1CWjThKmWwi4VPUfL/Urccv7/ALH6Sy8tI/fCOjKDrLCsotS3E6S5hrHtT2h56/rbp4+UqpB4aeB0/wCJYTLdeknRO/ZKT7gB0q1APof1Jnbzg+x9ycAQfu1nA0txCt66sT625TvJw17anpWIiRSIiAiIgIiICIiAiIgIiIFlRLi08XP9/u02E8eITW/WazUrEwhGsZXiJjlZQZv5sf3XGVEUWR/tafG2VySQP5WDC3QCc6ZNHabsf3jCe1UXfDXfxNM29oPSyt+SQuTOmb2FUtLZcYmkWyhWXXlDCrbgS8iWXAl0kAy255S68tuYol/sTxYNHEUjxWotS38LpkFvWkfnJPkDdlO1PY41UY92uppnoG+JD81K/nk8TjueWorERMqREQEREBERARKXi8CspF4gIvKXgwLp5MdUVVzOwVVBLEkBQALkkngLCZTPFtTDLWpPRqC6VEZG62YEG3jrEEebc7VKFNiuGpmuQbF2JRPy6Fm87AdLzdbn75U8eGGXJVQXdCQ3dvbOjWGZbkA6XBI5EGQftbZz4etUoVPjpsVJ5MOKsPBlIYecu2NtN8NXSvT+JGvbgGXgyt4MpI9Z6fxOeHPvny+l1tqCLgggg8CDoQZ8/wC9OxzhMTUokd0NmpnrTbVD6Duk9VMnTZmPSvSStTN0dQy9bHiD0YEEEdQZzfaPu8cThxVQXq0ATYcXpnV18SLZh+YfenOXlaqGTLJcJQzoypKSplDApcCXrqJadJcjeEC2Cb/7lzC0tuYGTDVGR1dDZkZXU8gykMptzsQJ9M7F2guIoUq66CoitboSNQfEG49J8xKsmHsd2vmpVMKx1pn2ifyObMB5Pr+ec9zx1rNSZEROTRERAREQEoZWUMC1jMbNMpEsZIGJqksNeVqJPHVUwPV7zKriBNU7ETB7wRA6AVQYNjNEmMnqpYyBxHa3ux7SmMXTHfpLaqB96le+bxKE3/lJ6CQ1PqYVlYWNiDoQfr6SAt/d1zga5Kg+wqEtSPJeZpk9V5dVtzBt3/lv/msan1tOzLer3d/dqrWpVWvTYnRKh0sTyR9AehseZMmZHsZ8uSY+zbe73hPdqzfbIvcY8aiKOvN1A16rrxBl3n7Ezfjn+0fdf3ar7ekv2FZjcDhTqHUr4K2pHqOk4qfRuNwiV6b0aozI65WH6FTyINiD1AkD7y7BqYKsaT6jVqbW7rpyYePIjkfQnOb3wtjUShl9pQzaLbCVDdBKQGlGR9Rfpof7THeZU8ecxsLSCgv1m93R2v7piqdW9lDZX8UbR7+Q73momisZethFg+p1NxcekvnGdmO2feMGqMbvQ+zbrlH/AEz/AE92/VDOynns5eOisREgREQEREBKWlYgWlZgqUp6Ygaqthpr62FM6IqJgqYe8DlqlIiYw5E6CthJr6+EgeaniiJkxVOliENOsiujcQwB15EdGHI8p56lAiYwxECGN5936mCq5HuUa7Un5Ol/ow4EcvIi+qw9dqbK6MUdCGRlNirDUEGTttPCU8TSajWXMjaj8SNydG+6w/0biRBvPu1VwTgNZ6bn7OqBZW/hYfdb+E+lxPTjc1OX256zxLO5O+CY1Mj5UxCC7rwDAcXp+HVeK+Ws3u3Nj0sZRNGsPFHHxI/JlP6jgRPnPD13R1dGKOhDIymxUjgQZMW5O/CYrLRrWTEcuSVfFPwv1TnxXoM6xzzFmu+Kjjb2xauDrNSqrYjVWF8rrydD08OIM1pn0DtvZNHG0jSrjxRx8SNwzKf1HAyFd493K2BfJVAKt8DrfI4HToeqnUeI1jOuljTWi8qZSbRcsuqDn85j1man0POBhlVAEqy2JHTSWhZB1vZ1tz3bGJmNqdX7J+gzHuN6NbXkGaT9PlZDJ97PNv8AveFAYk1aNkqX4nTuP6gfNTOf9M/WpXWxETk0REQEREBERAREQEREC0qDML4YGeiIGoxGEmur4SdMVBmCphQYHKPSIhHtoQCDoQRcEdCDxE3WIwZ6TWVsPaBFe8+4bUw1XCA1KQuWp/FUpjjoOLoOo7w5g6mcQDzHmD+hE+gSSpuNCJz+3N1MNi2ztehUPxPTUFWPV6Z0zfxKQTzvO2f6/NMXP+NPuh2gkZaOMboErn5AVuv8/H8V+IkiutKvTajXQPTcC4OtrjusrDh1DA+IMgTeDd+tg3K1FJQnuVADkccircA1uKk3HyJ6Ls73jqJVTCOc9KoSqX+Kk5BK5D+BjYFOGtxYg31rMs/WSX5V+9249TCE1aV6uGOuYDv0/CoBy/jGnW2l+Qn0MKr0tT3kPqLHqOU5LeDcGjiL1cGVpVDqaZ0psf4bfAfK6+A4zOdf6tiJ7S5Z6dobOq4dzTrI6OOTC1x1UjRh4gkTzhZ0ZVcXAb0P+ZZae7ZeKSnVR3QOgYZ1IuGQ6OLdbXt42M7TbPZ8GX2uz2zqRf2TNZgCLjI7aN4BiD4mS3gj4TqNwdunC4tCfgqEU38FYgBvytY+QbrOfxmFei2SqjowNrOrIfTNxHiNDPVsrYuJxP8A0KLuPxAWTjY3drL9YvLB9LxNfsUVRQpivl9qEUVMpuCwFiQfHjNhPM6EREBERAREQEREBERAREQEREChE89XCI3ET0xA0uI2Nf4T85p8TseqOC38p2UQI7riogKOhZD8SOuamw6Mh0Imhw2xcImITEIj03RmYIpvSJKkKQGuykE3sDbQaCS+yg8QDPLW2bSf4kU+glmrDjnMNtUZAeKk5b6HUC5HymZFR+8hyk9PhPpymxO7tC+ZVKt1Vip+YmB92l4pUdW6mza+PWX9JxhxNJKyeyxNJKq8swBseoPEHxFjOZxPZngmN0q16Y/CGRwPIuhb5kzraGyKqkA1VI65SD8r6z2YbZ7D42uei3A9Dx9DeWa4nHM4HdTAYNfaGkahSxL1PtGvwFksFU+IUSqYxXcujWJNzY6eU7RKYAsAAOk8h2TQJB9klwbghQPnbj6yfpeNKm0GPdJDaXsRc2va+Xn8ps8LQdrFu6o4AaX8h0+U9lDBU0+BFXUnQczx8p6Yuk4oFsLCXREy0REQEREBERAREQEREBERAREQEREBERApErEBERAREQEREBERAREQERED/9k=",
            "productImageURLs": [
                "data:image/jpeg;base64,/9j/4AAQSkZJRgABAQAAAQABAAD/2wCEAAoHCBYVFRgWFRYYGRgYGBgYGBwcGhgYGhwaGhgcGRgcGBgcIS4lHB4rHxgaJjgmKy8xNTU1GiQ7QDs0Py40NjEBDAwMEA8QGhISGjQhISs0NDQ0NDQ0NDQ0NDQ0NDQ0NDE0NDQ0NDQ0MTQ0NDQ0NDQ0NDQ0NDQ0NDQ0NDQ0MTQ0NP/AABEIAOEA4QMBIgACEQEDEQH/xAAcAAEAAQUBAQAAAAAAAAAAAAAABwECAwUGBAj/xAA+EAACAQIDBQUFBgYBBAMAAAABAgADEQQSIQUGMUFRByJhcYETFDKRoSNCUoKx8GJyksHR4fEzQ7LCJHOi/8QAGAEBAQEBAQAAAAAAAAAAAAAAAAECAwT/xAAfEQEBAQEAAwEBAQEBAAAAAAAAAQIRITFBEgNRQiL/2gAMAwEAAhEDEQA/AJmiIgIiICIiAiIgIiICJSQ92h73YxcY2HwztTp0sgYoBmdiiuSWI0AzBbcNDe/AWTomKUnKbv76YetToirVVa7KA6m4GcHKe9bKLkXAvzE6PG4tKKGpVdURRdmY2AkssGLam0qWGptVruERbXY34k2AAGpJPITybv7xYfHU2qUGLKrZWuCpBtfgeRB4+fSRr2h7w0cclOnTzhEqZ8xBUsbFRZTqBZm42PhOa2Ft2pgS5w7AFwqtmGYHKbiw4Ai5/qM3MWzrPX0PKzltxt5vfaLFwBUpsFcDgbi6sByvqLdVM6mYs40REQEREBERAREQEREBERAREQEREBERApEx1aqqLswUdSQB8zNTi946CcCXP8I0+Z0+UvOjdTX7W2vRwyZ6zhByHFmPRVGrHynG7c31dEYoAuhtbVtBzb/AkZY7aL1nL1HLOepNgOij93ms4tZ67DeHtBrVjlw+ahTHE6e1bzOoQeA18RwnFYnFseepP68TMDPMDtr8/wBJ2mZn0nesdfFW489BN1jduVsRketUZyAAoPwrYW7qjQHxtc8zOUxDXc+g+k21HRQPCZl7pb6Z6tXjPBi6uUePAefEzPU4GeDHjgfE/oJdXwkSZ2GOxrYnp7OmT553t/7SZpGnYls7Jhalc8a1Sy/yUxl/82cekkucK2RESBERAREQEREBERAREQERECkwYrFJTUvUdUUcWZgoHqdJH/aJ2gtg393w4Vq1gXZtVp5tVGXmxGuugBXjeQ7jcfWxdVWxFV3dmChmNwuYgd1eCjwAAnTP87Z2+GbePp7B7RpVlz0nDoeDLqp/lbgfSYNrbSFCk1Qi9tFXhdjwF/r5AxQpqiKiCyIoRQOSqAFHyml32UnDqRwWopbyKso+pHzmZmFrkcZtSpUYs73J4Dko6KOQnkavPM9S0wvUnXjDybdq3HH7rf8ArOf9pNjtepf9PmQT9F+s2GKwyrsqg+Vcz4p7vYZsqo4VS3HLck26gRLxqTw5wtMb8vP/AFMlpawm6jwPSvUA4ZsvHlfu6+Gk2JnlxJ+FuYOv78x9Z6zMZ91atnmxNO6eVvp/o3nqMwvzHI/8H6S6ngifezQAbMw2Xhle/n7R831vOrke9jOMz4FqR40Kzp6Napf+p2HpJCnnrZERAREQEREBERAREQEREBERA+WN4cS1XFYh2N2atUJ8sxCj0AA9JrmF51PaPsQ4XHVQB3KpNZD4OSXX0fMLdMvWctPZm9kcb7fRe6u2BisLSrX7zIA/g6XV/rc+VptsZhlq03pN8LqVv0PI+hsfSRB2TbdFOq2Gc2Wr36d+AqAar+ZQP6PGTEs47nK3PKGcdSek7I4s6HKw/uOoPG/jPO9TT9B1+clLejdxcUmZbLWQWRuTD8D/ANjykO7TDozUmVkde66nQr/D4343HhaJpOPLi6uZtDcD6nmf7ek6vaS32LhD0xL3P5av+BOPJndbPpe22HVUamhXzAeBy3+lRvlLrxxY4VjLCZWJ0RgdL3HX9/raZab3UeVvloZRlvFPn8/8zMnKq6WsJfEtR3PY/tLJi6lEmwrpdf56dyB5lGf+iTTPmfY2NbD16VddfZurEdQDZ1H8ylh6yWNi9plLEV0pGgyB2y5ywKgn4b6DQnTzInDWb1qVIMSk5Tfren3KkAljWqXCA6hQOLsOg4AcyfAzEnWnVys+bn3hxbsWOJr6nW1RxfXkAQAPIScNy9tDF4VHJ76/Z1P51AufUEN+aa1mydSXroYiJlSIiAiIgIiICIiBwvanu4cVhc6LerQu6gcWT76j01A6qOsgEGfW8+fe07df3PE50H2FclktwV+Lp4fiHgSOU7fy38rGp9cYjlSGUkMpBUjQgg3BB6gifQG4+8a43DhzYVUslVeHetowH4W4j1HIz59m53V2++BxC1kuV+Gog++hOo6ZhxHj4EzrvPYxm8fR053ezdenjUvolZR3Ht8lfqv6X06HdYDGJWppVpsGR1DKRzB8OR5EeHhPSRPO2+dMfgnou1OqpR0NmB+hB5g8jO/7Kay1ExWEb/uLmHkRkbT8yn5zqt7t2UxtPktVAfZv9cj9UJ+V7+cXbrY9sDjVNQFMj+zqqdLBu61/AXvfwE3b3Kz20+0MI1Go9NxZkYqfQzZbY3cqYajh6tRhmrqzZLEFQLFbm+pIINtLcJNGN3UwtXEDEumZgAbX7pI4MRzItOR7T8O2Ir4XD0rF3DFenG1yRwFtfSSb7YWIrvLLW1+c9WPwjUaj03tmRirW4XHSee06+2VRKSmWDfr8hAO/3R6y9DMQEvQycEo0u1ZUpIrUGeqqKHJdUVmAALXsSLnXhzkdbe2xUxdZ61Q957aC+VVAsqpfkP1JPOeWpxmIyTEnpbVyyVOxvE6Yiny+zqDzOZWP0WRWs7/sgr2xjr+Kg3/5dD/cxuf+aT2maIiedsiIgIiICIiAiIgUmo3k2ImNw70Kn3h3W5qw1Vh5G3nNxETwPlHaezqmHqvRqrldDZhy8Cp5gjUGeWTv2l7me+J7eiP/AJFNSLcqiC5CG+gNybHx104QU6EEhgQQSCCCCCDYgg8CDynrxr9Ry1njt+zTew4aqMPVb7Cq1lJ/7btoG8FY2B5DQ9bzes+VyJ9B7g7VfEYGjUfVxmRz+IoxTN5kBSfG8x/TP1c10rCR32n7v5kGLpr3kAWrb71PgrnxXgfA+EkUzFXpK6lWAKsCrA8CCLEH0nOVtC+7W1MTXq0MIa9Q0mdVK5mtkBuRe98thw4WElx9mqMcMTUZQ2QUaC6X1GZ2HjxHkD1kK7XwlTZ+NIpsVKNnpPzyNfLe/HS6nrYzqt0sDicdVo4tq+cUqyl1YgFctmNgDzuQNOHPkLrP1JXOb+0cmPr6WBbMPUcZz151/aeB789j9xb+ev8AmceJ0z6iVWUiJpFJkRCQTY2FrnkL8LnlwMxzfbqOGepQa2WsmWxf2a5gbAsbjMFV3bLcElRaxtM6vJ1WkflLDN7vBs9ERa1FStN3dB3mcDQNTAZiTcoGfjwZZoozewerZeFFWqlMsVDki4XOb5SVAS4LEsAoAP3p2vZzsyrS2gudCoFOtqQbMFbIcpt+L10nCYeuUdHXijq481YMPqJ12x98ESurtTqIqhFQCoKpspuc7PYnNmfM3Hupx1mN/r4s4nSIicWiIiAiIgIiICIiAiIgUkadp25ArqMRhkUVUvnVVVfaLxvcDVxyvxvbpJLlCJc6ub2JZ18kmfQm4WzzR2fh0YWZkNQg8QajFwD5BgPSaXe/s5p1cQlellRGdfeUsbMua7uluDngRwN78Qb96otwHDQCdtbmpOMycVUw0tlxnNpwHapsnPRTEKO9SbK//wBbm30a3zMj7d7eGvgnL0WHeFmRgSjDlmUEajkQQfmZPGNwi1kek4uroyH8wtPnnHYF6VR6T/EjMh4DVTa+p4Hj6zpnzOMr9qbQfEVXq1CC7m5sLDyA6TyCLW6erf2AlDbw+Zm06rEt06/JlP6iLHr8xb66wLpayg8ZQnr+/WVgXAWFhcC97AkC/UjgT4yl4vLQBy/fof7QK5pUi4I6y0j98pUQPpfYWK9rhqFT8dKm3qyAn6zYzlezbE+02dQP4Q6f0VGUfQCdVPLfboREQEREBERAREQEREBERATxPTYG1iQdb/2M9sQNcf3++kKZlrpY35GYhNxmhMiTta2QExCYhRZa62c8vaIANfNMv9BktGaLfTZJxWCq01F3Qe1p9S6a5R/MuZfzSy8qIF0lLyoNxeJ1CWjThKmWwi4VPUfL/Urccv7/ALH6Sy8tI/fCOjKDrLCsotS3E6S5hrHtT2h56/rbp4+UqpB4aeB0/wCJYTLdeknRO/ZKT7gB0q1APof1Jnbzg+x9ycAQfu1nA0txCt66sT625TvJw17anpWIiRSIiAiIgIiICIiAiIgIiIFlRLi08XP9/u02E8eITW/WazUrEwhGsZXiJjlZQZv5sf3XGVEUWR/tafG2VySQP5WDC3QCc6ZNHabsf3jCe1UXfDXfxNM29oPSyt+SQuTOmb2FUtLZcYmkWyhWXXlDCrbgS8iWXAl0kAy255S68tuYol/sTxYNHEUjxWotS38LpkFvWkfnJPkDdlO1PY41UY92uppnoG+JD81K/nk8TjueWorERMqREQEREBERARKXi8CspF4gIvKXgwLp5MdUVVzOwVVBLEkBQALkkngLCZTPFtTDLWpPRqC6VEZG62YEG3jrEEebc7VKFNiuGpmuQbF2JRPy6Fm87AdLzdbn75U8eGGXJVQXdCQ3dvbOjWGZbkA6XBI5EGQftbZz4etUoVPjpsVJ5MOKsPBlIYecu2NtN8NXSvT+JGvbgGXgyt4MpI9Z6fxOeHPvny+l1tqCLgggg8CDoQZ8/wC9OxzhMTUokd0NmpnrTbVD6Duk9VMnTZmPSvSStTN0dQy9bHiD0YEEEdQZzfaPu8cThxVQXq0ATYcXpnV18SLZh+YfenOXlaqGTLJcJQzoypKSplDApcCXrqJadJcjeEC2Cb/7lzC0tuYGTDVGR1dDZkZXU8gykMptzsQJ9M7F2guIoUq66CoitboSNQfEG49J8xKsmHsd2vmpVMKx1pn2ifyObMB5Pr+ec9zx1rNSZEROTRERAREQEoZWUMC1jMbNMpEsZIGJqksNeVqJPHVUwPV7zKriBNU7ETB7wRA6AVQYNjNEmMnqpYyBxHa3ux7SmMXTHfpLaqB96le+bxKE3/lJ6CQ1PqYVlYWNiDoQfr6SAt/d1zga5Kg+wqEtSPJeZpk9V5dVtzBt3/lv/msan1tOzLer3d/dqrWpVWvTYnRKh0sTyR9AehseZMmZHsZ8uSY+zbe73hPdqzfbIvcY8aiKOvN1A16rrxBl3n7Ezfjn+0fdf3ar7ekv2FZjcDhTqHUr4K2pHqOk4qfRuNwiV6b0aozI65WH6FTyINiD1AkD7y7BqYKsaT6jVqbW7rpyYePIjkfQnOb3wtjUShl9pQzaLbCVDdBKQGlGR9Rfpof7THeZU8ecxsLSCgv1m93R2v7piqdW9lDZX8UbR7+Q73momisZethFg+p1NxcekvnGdmO2feMGqMbvQ+zbrlH/AEz/AE92/VDOynns5eOisREgREQEREBKWlYgWlZgqUp6Ygaqthpr62FM6IqJgqYe8DlqlIiYw5E6CthJr6+EgeaniiJkxVOliENOsiujcQwB15EdGHI8p56lAiYwxECGN5936mCq5HuUa7Un5Ol/ow4EcvIi+qw9dqbK6MUdCGRlNirDUEGTttPCU8TSajWXMjaj8SNydG+6w/0biRBvPu1VwTgNZ6bn7OqBZW/hYfdb+E+lxPTjc1OX256zxLO5O+CY1Mj5UxCC7rwDAcXp+HVeK+Ws3u3Nj0sZRNGsPFHHxI/JlP6jgRPnPD13R1dGKOhDIymxUjgQZMW5O/CYrLRrWTEcuSVfFPwv1TnxXoM6xzzFmu+Kjjb2xauDrNSqrYjVWF8rrydD08OIM1pn0DtvZNHG0jSrjxRx8SNwzKf1HAyFd493K2BfJVAKt8DrfI4HToeqnUeI1jOuljTWi8qZSbRcsuqDn85j1man0POBhlVAEqy2JHTSWhZB1vZ1tz3bGJmNqdX7J+gzHuN6NbXkGaT9PlZDJ97PNv8AveFAYk1aNkqX4nTuP6gfNTOf9M/WpXWxETk0REQEREBERAREQEREC0qDML4YGeiIGoxGEmur4SdMVBmCphQYHKPSIhHtoQCDoQRcEdCDxE3WIwZ6TWVsPaBFe8+4bUw1XCA1KQuWp/FUpjjoOLoOo7w5g6mcQDzHmD+hE+gSSpuNCJz+3N1MNi2ztehUPxPTUFWPV6Z0zfxKQTzvO2f6/NMXP+NPuh2gkZaOMboErn5AVuv8/H8V+IkiutKvTajXQPTcC4OtrjusrDh1DA+IMgTeDd+tg3K1FJQnuVADkccircA1uKk3HyJ6Ls73jqJVTCOc9KoSqX+Kk5BK5D+BjYFOGtxYg31rMs/WSX5V+9249TCE1aV6uGOuYDv0/CoBy/jGnW2l+Qn0MKr0tT3kPqLHqOU5LeDcGjiL1cGVpVDqaZ0psf4bfAfK6+A4zOdf6tiJ7S5Z6dobOq4dzTrI6OOTC1x1UjRh4gkTzhZ0ZVcXAb0P+ZZae7ZeKSnVR3QOgYZ1IuGQ6OLdbXt42M7TbPZ8GX2uz2zqRf2TNZgCLjI7aN4BiD4mS3gj4TqNwdunC4tCfgqEU38FYgBvytY+QbrOfxmFei2SqjowNrOrIfTNxHiNDPVsrYuJxP8A0KLuPxAWTjY3drL9YvLB9LxNfsUVRQpivl9qEUVMpuCwFiQfHjNhPM6EREBERAREQEREBERAREQEREChE89XCI3ET0xA0uI2Nf4T85p8TseqOC38p2UQI7riogKOhZD8SOuamw6Mh0Imhw2xcImITEIj03RmYIpvSJKkKQGuykE3sDbQaCS+yg8QDPLW2bSf4kU+glmrDjnMNtUZAeKk5b6HUC5HymZFR+8hyk9PhPpymxO7tC+ZVKt1Vip+YmB92l4pUdW6mza+PWX9JxhxNJKyeyxNJKq8swBseoPEHxFjOZxPZngmN0q16Y/CGRwPIuhb5kzraGyKqkA1VI65SD8r6z2YbZ7D42uei3A9Dx9DeWa4nHM4HdTAYNfaGkahSxL1PtGvwFksFU+IUSqYxXcujWJNzY6eU7RKYAsAAOk8h2TQJB9klwbghQPnbj6yfpeNKm0GPdJDaXsRc2va+Xn8ps8LQdrFu6o4AaX8h0+U9lDBU0+BFXUnQczx8p6Yuk4oFsLCXREy0REQEREBERAREQEREBERAREQEREBERApErEBERAREQEREBERAREQERED/9k="
            ],
            "searchTags": [
                "black"
            ],
            "reviews": null,
            "createdDateTime": "2024-01-22T20:11:23.166",
            "zoneId": "ALPHA"
        },
        {
            "productId": 2915,
            "name": "Hamleys NE Xylophone + Piano  (Multicolor)",
            "title": "Hamleys NE Xylophone + Piano  (Multicolor)",
            "description": "The Product In Display Is Made Of Plastic Material And Is Blue In Color The Minimum Recommended Age To Use This Product Is 18 Months The Length, Width And Height Of The Product Is 315 Cm, 13 Cm And 22 Cm It Can Be Used By Both Boys And Girls And The Package Contains Single Unit",
            "rating": 0.0,
            "price": 999.0,
            "offer": 5.0,
            "type": "girls-jeans",
            "brand": "hamleys",
            "category": "kids",
            "merchantId": 37813,
            "quantity": 10,
            "status": "ACTIVE",
            "thumbnailURL": "https://rukminim2.flixcart.com/image/832/832/kcxpbww0/musical-toy/d/t/4/ne-xylophone-piano-hamleys-original-imaftxygqz23zxyz.jpeg?q=70&crop=false",
            "productImageURLs": [
                "https://www.flipkart.com/hamleys-ne-xylophone-piano/p/itmevug2gywsdgxu?pid=MTYEVTDGAYG98DT4&lid=LSTMTYEVTDGAYG98DT4QNTSDA&marketplace=FLIPKART&q=hamleys+toys&store=tng%2Fdcr&srno=s_1_3&otracker=AS_QueryStore_OrganicAutoSuggest_1_11_na_na_na&otracker1=AS_QueryStore_OrganicAutoSuggest_1_11_na_na_na&fm=organic&iid=aa75cf9f-887a-45c4-b7c4-d539fb6c5a28.MTYEVTDGAYG98DT4.SEARCH&ppt=hp&ppn=homepage&ssid=q9otidmqrk0000001706378192097&qH=f9fb7e8d748471f9",
                "https://www.flipkart.com/hamleys-ne-xylophone-piano/p/itmevug2gywsdgxu?pid=MTYEVTDGAYG98DT4&lid=LSTMTYEVTDGAYG98DT4QNTSDA&marketplace=FLIPKART&q=hamleys+toys&store=tng%2Fdcr&srno=s_1_3&otracker=AS_QueryStore_OrganicAutoSuggest_1_11_na_na_na&otracker1=AS_QueryStore_OrganicAutoSuggest_1_11_na_na_na&fm=organic&iid=aa75cf9f-887a-45c4-b7c4-d539fb6c5a28.MTYEVTDGAYG98DT4.SEARCH&ppt=hp&ppn=homepage&ssid=q9otidmqrk0000001706378192097&qH=f9fb7e8d748471f9"
            ],
            "searchTags": [
                "HAMLEYS",
                "TOYS",
                "TOY"
            ],
            "reviews": null,
            "createdDateTime": null,
            "zoneId": "ALPHA"
        },
        {
            "productId": 2935,
            "name": "OPPO MOBILES",
            "title": "OPPO Reno11 5G (Rock Grey, 128 GB)  (8 GB RAM)#JustHere",
            "description": "\nOppo Reno 11 Pro 5G – is a smartphone that transcends boundaries and sets new standards in mobile photography, design, performance, and innovation. Elevate your photography game, embrace cutting-edge craftsmanship, indulge in unparalleled performance, and experience the fluidity of ColorOS 14 with the Oppo Reno 11 Pro 5G. Oppo Reno 11 Pro 5G is not just a device; it's an experience that empowers you to stand out in every aspect of your mobile journey. Elevate your moments with Oppo Reno 11 Pro 5G – where excellence meets elegance.",
            "rating": 0.0,
            "price": 39999.0,
            "offer": 25.0,
            "type": "mobile",
            "brand": "oppo",
            "category": "electronics",
            "merchantId": 36608,
            "quantity": 10,
            "status": "ACTIVE",
            "thumbnailURL": "https://rukminim2.flixcart.com/image/416/416/xif0q/mobile/6/4/r/-original-imagwxvqs6f88zjh.jpeg?q=70&crop=false",
            "productImageURLs": [
                "https://rukminim2.flixcart.com/image/416/416/xif0q/mobile/c/a/3/reno-11-pro-5g-cph2607-oppo-original-imagwxetgpdfb32f.jpeg?q=70&crop=false"
            ],
            "searchTags": [
                "oppo mobile",
                "OPPO MOBILE"
            ],
            "reviews": null,
            "createdDateTime": "2024-01-28T23:32:27.214",
            "zoneId": "ALPHA"
        },
        {
            "productId": 2953,
            "name": "iphone",
            "title": "14 pro max",
            "description": "Thin, light and easy to grip — this Apple-designed case shows off the brilliant coloured finish of iPhone 14 Pro Max while providing extra protection.\n\n",
            "rating": 0.0,
            "price": 150000.0,
            "offer": 2.0,
            "type": "mobile",
            "brand": "apple",
            "category": "electronics",
            "merchantId": 41787,
            "quantity": 10,
            "status": "ACTIVE",
            "thumbnailURL": "https://store.storeimages.cdn-apple.com/4668/as-images.apple.com/is/MPU73?wid=572&hei=572&fmt=jpeg&qlt=95&.v=1678830616240",
            "productImageURLs": [
                "https://store.storeimages.cdn-apple.com/4668/as-images.apple.com/is/MPU73?wid=572&hei=572&fmt=jpeg&qlt=95&.v=1678830616240"
            ],
            "searchTags": [
                "iphone 14 pro max"
            ],
            "reviews": null,
            "createdDateTime": "2024-02-14T21:09:05.319",
            "zoneId": "ALPHA"
        },
        {
            "productId": 2968,
            "name": "MK Jeans ",
            "title": "MK Jeans Classic Wide Leg 6 Pocket Beige Cargo Jeans for Womens (WD_A01)",
            "description": "Product Dimensions ‏ : ‎ 2 x 30 x 25 cm\nDate First Available ‏ : ‎ 6 December 2023\nManufacturer ‏ : ‎ LAVISH LEBEN\nASIN ‏ : ‎ B0CPLYBKHP\nItem model number ‏ : ‎ 6PKT_CREAM_WD_A01 -32\nCountry of Origin ‏ : ‎ India\nDepartment ‏ : ‎ Women\nManufacturer ‏ : ‎ LAVISH LEBEN\nItem Dimensions LxWxH ‏ : ‎ 20 x 300 x 250 Millimeters\nNet Quantity ‏ : ‎ 1.00 count\nBest Sellers Rank: #4,983 in Clothing & Accessories (See Top 100 in Clothing & Accessories)\n#53 in Women's Jeans & Jeggings",
            "rating": 0.0,
            "price": 500.0,
            "offer": 20.0,
            "type": "women-jeans",
            "brand": "mk jeans ",
            "category": "women",
            "merchantId": 7624,
            "quantity": 20,
            "status": "ACTIVE",
            "thumbnailURL": "MK-Jeans-Classic-Pocket-Size-32/",
            "productImageURLs": [
                "https://m.media-amazon.com/images/I/71axVTwG6tL._SY550_.jpg",
                "https://m.media-amazon.com/images/I/61TZJDZNvAL._SX569_.jpg"
            ],
            "searchTags": [
                "TROUSER"
            ],
            "reviews": null,
            "createdDateTime": "2024-03-12T21:29:14.176",
            "zoneId": "ALPHA"
        },
        {
            "productId": 2980,
            "name": "kingfisher",
            "title": "kinghot",
            "description": "fly high",
            "rating": 0.0,
            "price": 200.0,
            "offer": 22.0,
            "type": "women-shirt",
            "brand": "king ",
            "category": "women",
            "merchantId": 52942,
            "quantity": 19,
            "status": "ACTIVE",
            "thumbnailURL": "data:image/jpeg;base64,/9j/4AAQSkZJRgABAQAAAQABAAD/2wCEAAkGBxMTEhUTExMWFhUVGCAaGBgYGRkaGRkeGBcdHhgfGBgdHyggGBonHxgXIjEiJSkrLi4uFyAzODMsNygtLi0BCgoKDg0OGxAQGy0lICYyKy8vMC8vLy0tLS8tLS0tLS8tLS0tLS0tLS0vLS0tLS0tLS0tLS0tLS0tLS0tLS0tLf/AABEIALQBGQMBIgACEQEDEQH/xAAcAAACAgMBAQAAAAAAAAAAAAAFBgQHAAIDAQj/xABKEAACAQIEAwUEBgcGBAQHAAABAhEAAwQSITEFBkETIlFhcTKBkaEHI0JSscEUM2JyktHwFSSCorLhQ1PC8SVEc5MWFzQ1VGPS/8QAGQEAAwEBAQAAAAAAAAAAAAAAAgMEAQUA/8QALxEAAgIBAwMCBAUFAQAAAAAAAQIAEQMSITEEIkETUTJhcYEjkaHB8AUUQrHRJP/aAAwDAQACEQMRAD8Apwe0a6outcxua7KKWxjVnZDpWiLXWyuhrFXQUsGMI2nI714RW5XWvSKK4FTQ1qTXQitCK0GYZj14d66MK9VJrCZoE1Wu6jWtWWu+XagJjQJuRUEpqQaKIu1QVQlyACSTAA1JJ2gdTQoZrichaHQ1rr40WfgGJWc1plgScxVSBMahiCNa44nhN62od7TBDs8Sp9GGnzo9UTqXgGQhPjUqzb0FaW7VTbNowtYx2jFG86La0rfBWtffUlk0rbApUxbaVqu4kgW6hMvff0ouLW9DVT6x/SlYzzHOOJFuLpXe0nd91ZcSu1ldqaTtF+ZBFvvr61Oxi/XqP2ajZfrVHnU/GrGIH7tYT3fYwa7T9ZFxVs7VGuJpU+8e/UXECiUxbQXdEVyKwKl3ElornfHypwMWRCeHH1anyqJiU7tEMGn1SelcMTa7ppQO8aZBA9n0rfFezXjbr6Vvih3ffR+YszRV191bZa8tt3qk5aWx3jE4iqNzXdK5R3jXdFqtpGokiwNK9UaVtaSvbY0pIO8eRtOJXWvCK6Ea1p40yLImpFagV1etAK8JhE1autob1zuCu2HSvNxNTmGOXeXruMuFLWUZVzMztlRR4sYP4UbxfIt5DBvWDAJJVnI0YKfsdCwB9a8+j/hl2/fazbbKCmZ+8yiFOk5SCfaIiY7xqdx3kXiS3cqYtSG2+vvDLmaTMzAJ33rFAPiBlyMrUJC4xyffwqh3Np0mC1p8wU/tAgEa6bUD5azLiQVIDZozEE5fEgDUmJAA1MxpTzxvl/G4VUN66HtXFyuc7uWYHOJzsSNQTIA+dL/JuDLYy3CyO1k+QAJJNKYhSYy9eK2+cjcy3xZd1a4zsACmcNDNCqZltsuc/vH4TMFfccNFwXCVchGskNlIXumGzFJ0B1AOhjUUL+km2bmJBA6H4k/9qaOD4cngbqBJUg/C8M3+UmgU9oPmcrEF1C4hC3E03cscsNiVBNxbdtYBdhPebZQBqTS3ct6U3cp8DfFFUGQqiklbhaNYAIA+0PP8hRO2067HSCRCF3lG3mCm82X7/Z6AFsokEg7xp79tajcW5X/RMpW8t5GYrmUZSrCdGUkkey2vlQPGcl3zigBdsKwcaZboXQ6D2CsdI2pq5t4Vdw9y0GyKjrtbJhmQ6kodj3zrOs+WqSVKbGbhzOzgEVAYt0Ltr9bcps4Ncw6OWxILLsiAMS7sQFGnT1gV3x/NHCLLd/DhZzb2ZkrESQSdiPiPOt6fCXXVcpz5wjVUR8Qa8sGQPGnnnG1w82Js2+yvHvIIYC4oYBv2dAynxpKwSa+lNdNG0FMmvcTXDWpvL61Nxif3n/DXPCj68etTr4/vXlkpBPd9oZ+H7wcy941Dv0UdPaobdXWmKYppFCxJqLfGlEbywKFYhp2pi7mC2wh7A/q19K9vLKn0rMF+rX0rqBM+lL8xkBxqPKt8Q/ditQe9FeXxt600RLToEIapOWubDUVtPnSmjU4iuvtGuyjrXIDvGpVvaq3kaSThxpW6p3RTXwzkLF3LQuxbRWXMA75WiJnLBjTXWuZ5IxYts/ZghZlVdS3uWZO/SpPVS+ZTW0VQmtasutTWsw0EEEdK1OHJYKASSYAG5JOgFN1QSsh3lriFpl4lynirYzPagbRnQt/CGmojct4pLXbG0wQa5gVMR1MEkdNSK0ZF9544X5qMifRRi8oZrtlSQDl7xiQTB0306TUnDfRdfyFxfsmBMHMPnHzqx8SiLbUtdQZcsnN3jA19ZJb4mo2DfAZixvrLACO1IBgaaSBt4+I8aiPUOWq5gFRd+inAdlfxTXBBtJladY7xzf6KaMfjbV3EKEAOWCZWN9REjWonIeCJt40g5i7lJn2oBkz6NWi4O8l5s5ZQzKE1lgFEanbeTr4+6r8TNpWZkRCGJO4qv0hHnvDqcKpgSGEaeKkUh/R5bi5ef7iN8zp+FWTzYs4Q/wCH8aReTLEWcQwGpIX5k0jqvP0iGNYD/PaKvHr6riSXGipmzBSzKQ3dKxoDJHtQNtQYpq5XdbmExCoBlIaNCJm2GMg7GZ8vxoNYsXRxO24DAagxm17jaQup1jYEgwQCRFNXL6sb2KU6ntNfagzbUH2iT0O+vptSdigIMgXMSgQVV38+Pf8AaVfctd0+RqyvovT6q43iVX4Zj+dV7ctQXU9DVkcirlwJaDq8mN8qgBo8dJpr/CJ1mba5PR4cnz/OvfpEt5rNl49m4R/EhP5CljDcRVMWwtWpDAJlQqFcs0o8CQIAbWD7Sz0pq5sbNglMR3lJzE5pI8DBnXw+FeGOsZ+kXif8RZX+LRj2eRgGFxYLDMNZGoBE7zvuBVcc13rhvMlxgcpOwiMwWfHwHXpVnEd6yPG5+Ftz+VVdzT+vYeGnw0/Km9J8H3jer+P7SyOOrc7PDdoyP3WylUKGO5IaWIP2T0qJwHs1uqboLIDJUCS2mgAkbmBRjmJPqsN45X/6P699BsJZDOqGQHIU5d4Yxp8a9lPfDxD8OOnFcdhMMEuNglBYSB2aFhIGWSTHwNT+JHBvhTe/RghuCLdxVWQ2XMgYqTAMRrSt9JPCLhNtUYAKoGukBREDfy02pi4rhR/Z+Gy+zbKH0zWiPxj3xTC2xG0QFIo7xHuJo3rQx11piweDF1mBcW0AzM52AkDxEmSKkXOAYTNlOMHU7257ok6Zp/7GkYsTOLEoZ1U0Yn4pe6TQewkgmKsDmnlRbFg3rWIF1QwVhEESSAZBIIkR765YDkZ2w4um9aRWE652I9YG9HRTYwSQd4Dw5+rX0rLl/LtTlhfo/utbDW79lwB+2s/FdKS+I249x/ClgQ9QPEHXFhvfWuJPdmvMVczOo+NdMYkWzTB4i24M2d9vSsrne+z6V1pbCMUxdVe8amWF0rjZWWNTrNrWn5DJ8Ylr4e7/AOFWrjXGaSRccM0gZF7sg6QNI8qk3msCxaNjGXsty8i5y7PJJGZdesT6ECuOHz2+ClxasHLYY9+3mJkHUmdz6UB5C46bmDaz2FqRetKGAIYZnQFp8RvSDTA0OLnuPMbuZ+BYGzZvX3s6jVn7zMMzDM2+p1JpWa3wxlt3MPiGs4kQyAq0XCBsqsuhmADsCRoabvpFX/w7Fw32QBr+0v51XNng5A4Y5/4lzLEk7CfGOh+FRdGSykk+/wDqBmyFcgWEudMNesm12dzs5AlmuEy2Qk/YP3t9NzpQ3H3cTasW2zI2ZzbLAqyxl00NoGSFiZHsroekz6WDLAbjtPwEVvjLP9ytKBouIQfxOqj/AF1QoogfIyXHkex3H85ZuItW0wqpeIjIsz+yB+Y+Jr3gyWmtlltDWAZUTEAj4AjTptpFd+JFAMu5IPmBudR7/mK04bccqQFygTB/CpmrVOgOJE5KwTDDGCBNxjuRMQOnpULi+EZb3eVSPEM87KOo8jPrprTFy/hwMOgI6t83agfHMKovAqNRH9b12cYpB9JPkNuTCXEMOyYJw0eyIAJgR4fjSPw8lMKYJGZydDHlVg8Ub+5v1OQ+u1V9izlw9seU/wARn86B1tpl/hkQRyrdZuI6MxmQe82wWemu4BgbxHWj/DCU4hihLa9mdSx6MOsRMeApe5CUtj3iI1mY1EgaT1kr1GgOtHFaOJ3h/wDrXw6HwGn2qiQn1a8X+0iUU33/AGi7xXDZblwHedfWn3lK2VwCawSrGfUmDHXpSzzJZHb3fcfiJ/Op3DOasPawJFy6Fa2gWOyuECWhdQYb3V7Jq00Bc6grQLPie4PgaM8uxOpJVSyWzJ/5YbX/ABFhTpxbDqcDcVQABbkAaDuwdAPSqasc4Yl75Fl0ZJ0+qIMe81blri1t8GfrBnNqCCjrqRB321rMTPRVvaCNIIIIiJw/AvfxAt22VTbtM5LTALMFTbxi5SPzNyJjhcLC2LiknvW2BAliZIMEDXeIEb1Z/wBH1osuKxPR7nZqf2bIg+7OXPvovxLCm7ZuIr5GdCEfbKxHdM+sUIz5MbhVqozJ3sTAnHOCv+iW2kE2hLAToCok7TGg6Cl3gNjPibI274J/w6/lVmcLUnCKlwZbhHfQkSM3tgGO8IJE+VJnKuBK43K29pmB9VDA/MVW1lgTNUgIQJ055xf14WJIU6esfyozif8A7bpOiWz7g6T8ppY5uH95Y+I0/iIp34LbDYfIRIa2RHzrE3dp7JsqyquO4djbGVC5F1CUG7AONB749wNK3GOHYx8UHOGuhgykAIWAgyBmURVucmWycRP3VPzgfzpkxGKCMXaYBEwCTqY2HrR9P8FwM57qlcc0vca1aN2w1ltRrENMQJHhDb+NWbakIg8APwob9JqC5g0I+xeU/EMv50TbQCmLV7G4DmwIVwZqluM8LvXcTcS3ble1cM/2Vhjp5mrmwR0qmeOcKuX+JwizkvXGYkoABOh75gmaJ6sbXBUkKSJF4Vyvee6y3UCBdmUo8nLm1XOCNPwqBzVwu5h5S4PNTsGAMSB09KJ8qcrX0x9w5kTTY3LEtLA7Ztj5UN514e+HvXkcr3rhcZSpAD67LoDMyPHXrXnqh21+czG7t8UFYjTJ6CuuYVwxh9k+QrTtqmIlYNSJgR3mNFsugah+Bt95/WjnDMLnKoSBmYCTsMxAk+VblO8HHxLF5j7a3wZkUJpZymWIgAAEgRv8qVPoZtDJeYmO8oB3g5dz8RT/AM4Br2CxCWntOxtlQEZmOoIhVC6mCd/yFIPIVn9ES7Ny3czEZrQJDrAENBGg1IqfKQcbIh3MAdrBm4hj6SbvZYcWg4LXGAY+ABnT3105Ewi4nDYPtJnD32YZdJ7rxv07w+FLfPmO7WTlYLplEyRlUzJiIJPyFEvoaxb3LjocxVAx0jqVA306mg6VaSK6l1y5AVhD6WOHWEt27gVy5u65m0130A86IDh9m5hTkRlKYlDOfNpbv22OkeAqL9Ltv6m2CLntSo7hBMjeO9RLguIKWbxgmLx0A+8UB/E03SPVFfOv0kXUasbIFI3I4hG7xhmLWjbXOVlGWSIB7waSCSAZ318jU/g4ukDOQBroPUwPw1mq7545hu22R7QuWgvdN0oCQpIDaMuXoBEeXU1nAOO42ROIZixhA1i3BkSJIGn/AH8KV/bud518rIDS/eP/AP8AEeHs21RlutlEEiIMbkS21KF7m/C4h3ZAyZejEBjHQAMfCveOEKkdFHv0FVfihZzXMy3M/dyZSoWZGfPImCu0bHeaucsFCg1Oc5N7S5cTznhP0NiVvAZmtSNiwWZEPt4ae6gnMqnssimCEgHzA0+dBuVMMt3AWbIIL9ubhHkuaZ8F1UT+11ph46FIYzPlpRX7zwO0QuTeKlMRJudmzGGglZmSRPhIHwplvYsnidvsriubiZXbNmKhYdtR9oi3lE/enpQSzy4GwL4sC2GNyARdkjxXsSpB9ZnyqV9HihsQWuMSyKcgkAAMIY5QBJ1ifOoxg/8AQMl/aJ0d1wnzzi2TEZUUtcvW1FtQNyCwYnyAAJofzLhFsYbKTJKW7cHxUGTpuZJPuo9zsblq9avhQtoJk7VZZlmWuCPst3VyxMgP1hTW3EeL9uFQAC0jAi2D321+0+sEydh161YQF+8ezbVBwt53AYgAQsgKug9IBMdTqepq2uF464+BdLSohCZV0LwAO5AUzMAxIHQ6wTVY4TBNeu/VL2aO0KpbOQCNi0At11qy+XcMbELeuIzMzd7qSRn73XbP1jb3K/uMauEZtzBAIgy/zZcwVhUw+UpmYFGBIzKVVhOhBlgd668P+kK1cu9nc+qPskOZtn0bTKfWPU0U5p4JbxKNcW4JgFlyiJB7twEQQymJ6MuYbmao3FuWdmIgliSPDXavP0q5DZ2PuJXjyUJ9ccL1tqwJiJ1g7+dKPGLZw+JxGIRtgCFPsnMveJ6z3D1+0aVfoU5guJYuWmYuiOIVj7IZdMp+yJB021ovzbiWHbkk/XW8w8AUVhlHuk0GVHVBvxNRu4xUw3HruKKFhbkgzC6gl43ketWJgsQ9qxbytqUbppsfEmqj5W9oe7/UKtPOOxs/uH86mR2HUab23leVR6IPmduS7feut6D8f9qIveGeDm1O6gmII3j1/Gg3LHGLCC8jPDKA5kGMpGmv+E0rD6UkS/HZZ7ZOjBiGjxKkR7pq7C6hakmXGxN1LJ5vw4OCuAT7SNt4XFn5TW19oArzHcYt3MMwUMc4UAER7TACfjXt19h+BE0SFf8AGA6suzCEeHXJFV1xXgto4u5iWnOLt0AmOzCiJJEbyRGtWPw4aDX+vhVc8zOzYzEWgwyW1zMB7RNxmY+6AlO2Xc+J7GpdtK8mBeAYScS7WkH1o/XuXLHQEi2IhUPRp12qD9I3DmtXSW2dFYETErKncb6LRnk/gqvdVkVyg0JYEAafeAhh00g67VK+lzg/Z2FuANAOWRtBM6np0+dV5vROPUrXtFIOoXIcTpRBP+uZWt5gQPSoeWu7Lt6V5krl3UtqSuC25Zpo/grf1qfvp/rWh/Bretw/CjeBsktbH2jcX3w2Y/5VJ91LyfHNQdkduF3CttiPL8ar/lpS+IxVw9AF+LT/ANJpuucbTDWmN1GI09kid/OhXBsMERyJi42bXfbT4fzqTBjZc7sRtU91Dg4gBBnFuL2rf1dxZzAx5GCP5VI+jDGvaS+1kgHOQZUHQxET+6flQHmPDdtetoPaM69BqNT/AF1pswGFTB4YIomWk7ak6T6QJ/71XiwohJHmc7zNOZ+aA7W0xlvtQG7gGVQGkbkRUrknmK83b5+/a7QwhyrqApYyokwSvX7VV/zFihfv2wRlBBA69SNvOBTdyXgzbs3mZswL5R4CAC8epyz+7Xk6dPU1eT/PtCVjc8525ztKVttgbDhgZzFjsR09aKcpWbRsriVw9uwXXuqnn1JO+kfOq25/aby/un8as223Z4eyg2FtfmoJ+ZNUekoNiMZ+2oP5kxkKxJ0pBTidvJiE7JC1wIquQc1vszqV82jX30x80vmQKftNHyNEOVuDWOzdnRT341E/a/3qXq+qTCLIuKAuE+TcJbsYY3FEG8xOupCg6Cfj6wKGcz8RKIzDUnb1O1GSQLKhdFBcAeQuuIpU49bZ8qopZiw0AJPwGtUBu25niLfD8JeuMAgBzeOgnrR25y/i8IVxIyhrbAiDodNVPkRIPrU7l/hWNtlHXDFsvk3XxgGPhUnmazjrtrK2HuKM09Y2j7Sqagc9T6w0AafMEiPdjE2sTYyHW3eQH3MAR/iBgg+IBqksTw0Wb120dGRyPKJ0irF5ZtXLdmyjyrKgBUyCPCQdaTednC466ToJ18avyGxQnmO20GYDNKkOR3iNBJ69P63opg7LHEoWxD+0YhUkdw/eYAeGtAeHX7WYB2AHn0J66DWKdOGcMuG7bNq07gmCy22iMoIMxG4+e+lIrTlH/IRJjJZMWbkM2qECR1Om4lfnVIYv22PiSfiau/E8PdLFztLZXuxmdddwPaI1nwNUfeHeNW/5R2MR4+ijFZbl9PvIrfwtH/XT3ziZwvaD7BIPo4g/kPfVY/R9ey4r962w/A/lVoX2D4W8p+4T/B3h+FeI1Agw27Wlecq3BO/h/rFWvi8GVw1pxt2bD/KTVOf2eimF0jTc9Kufl3CzhrSMT+rA1JO66/jXOx4wc+sGWZmIxhTKyxeNdVxzqSO6qaAHa0J/1UhWn7wny8KdrwazhMYtycxcrJ3JYAD4aCkd11HuFXIo07SfW2rfxLyv3mOAbX/gk7D7Kg/lSDzAhW1h7yMRmtkjLIKnsxEEddKs3huBV7HZg+3bKT+8kTVU8QxNwItlwAtsHTqJJWD4EQV91L9MIAYjqH1vqlq/R/zTiHwqG7DuR3WK6mCQM0HXbeoHKGD/AEnE3792SVyBz9+5l8ug2jyFQvo84vb7EWzvbOoHUEkg0T5bxhwbX0vju3bjXEdQSupLEHToG+Ap2J9Nm+YsC418N4nbZiq5gFPe6KvfKKBGmpUx5Qetb822Vv8AD8QupzWmK+ZHsH4gGoHLdiwUAt30uBsjPBEsyAeegJAMevjTHdwyC33nyqqgE6RlXxnymm7VCIINHmfNLN3VrzNXTG2wpyjZTA9xiuM1CZfGfl2zrc060w8KtntDdIhQMqabn7Zn07vxoTwduzTEPE5VLR4wCaOWmyxaUyE7oJ1Om5PzrCO4kwAe0ASLx4ZwlvrcdV9MzRNbYu+BougGgHgKmcQ4awW1eL+ywOWPEwPgWmgl7C3rgLW7buBvlUn50vHlRwSD5qL6hSCBIPALgbH3CdRatSB0liBt7wfdR3G4pSpETHlS7yJg7l3HYhAIbs9c2gXvLqx6bU9XeTngxiLJaNjmA/iimZDS7Sb02PAlOcWZmvFgSCGgRpEGNKtHC4bscNbtHdVlvNmOZp95+VJdvgd1eICzcUfrMxIIZSoMkgjpTlxHEyTT8O4ueAK8ysudnm+o8B+J/wBqvPhPAbbYdL9+SotgrbUwWAUak79Nh618/wDNDl8S0b6AfD/evo6+pYyo+rsJl8gAhX5n5CjdqEdgxDI2/EW+ZMDg3t28uEuJmMi5mcqNx3jngCepmhNiyLaMEYXbWYHtEM5JIMXUPet+uo86Kcxs9sYewXzBi4noD2ZQA9cqzJnaT4Us2Gey6MuZLiAA7kkESRl6qdZT2dJEEac7Mq5Vpx9/YzrN/S0dfwjRokD3FkftGazge0Fu0pCg5izMdFGYtcYnwHePyrhxnizW1XD8PQrnIhgqtfvQCcxLgraTQmSJA1EVJ4dcBsZoADqSQNsgLXGVT0Byovvrli7jWbVvIgfE4h5ViYQZBnzmPs246HaREMVqtNlAE4ORSrFfaDcBh8S6Jcdi4LICxu3rj/WhSrakALFxZI00PhUrimDxItA2C4Zm7sPeR5YlVEg+InvQsQCdaNcP5RMA4m9euuD0fs0E9Aq7ajxPjvXvEuW5TNh7922xXQ5xcttJkZlb29hEnSaQ3TMcgf8AeBpNTny7xNsRZtWsXq2UZbpCi4hJhSSsLctHTvDQ6HqDQDiPLVjEYq726sWU5cuYqvd8Y1O/jR7h6s9rNdX662QLmWcmQCAEGyoyktJgzoBvALi9y4cbeVXKAZGZlALFioUxmBAEox2nWh68uMVqaI8zGNQtwrgVix+qtW0PiqgH3sZY/GjWCxhW6VABIUHedzuRvAAJ84NK+IxV7C3LBe6b1i/cFs51UPbZgShBUDMpgggifOmNEK3VI7RzcIACgwpWCCTsqeM6GSPCE4ENBib+cpRS2y8xnEXLRDZWDAg9VYTG3gfCvkvHWgrke+vrPCllR+0GXWSxIgzqY8I2ikHBcOtkDuJt9xD+K07P1Y6cg1dxuNTVGU7yg8YlfRvwq0sI/wBTe/8AScfFSKaMNZw1ojOtqTsOzSTrGwXxIE+dHMDbsXF0tJqNQ1tQdQDqCPMUWPri66tBqY67z5yfGKWmRrr8d6tfkLiYuYYag9mSh18NV+R+VJOH5NN+7dYXVgXWBUoywc5MbRsRt4irE5O5YXDq6kg5iDpPT1rRam1BMpZ1ZKJEUfpWwcKuITYsC69GI0M+eqkeeY1Vb4liTl2nQeGun5V9C828sXb2EvIpTbMJJ6DXpvExXzzaIqtRUSlOauXVyRxI3MOjMDniGM9Qxk+86++lj6VcFLpeSAHBmBHeBGeT1ksh9c1bcmm+LJIIyZjlA389aKcY4M+MW3YDhDDvmaYENbnQb6TQoxa7m9ViVCAtxc5AtZbxljJQH01H8zVjc04cDDMZl1Q3E8mtjN8CO6fEE1E5c5Jw9plLYpmbLEqFCmCOuv3hTJxXllb1u4lq8c5RlUPEElY3GoHnUunL6wNjTvY95LREqbg922+JSwFYkNAyzJfrIGpAEAD949auG1w7uMWToZAYE7dQDoK+eLeOexeZVJVzcK3DsYDwVkbDTXx9BVtcBxDKwhiI2iu0M2NEVAOInN6mXK2Vm7jK543bC3rgBkBjHp0qBNTuYcQGxF6BEXGBHgQdY8p28oofNc7KqhyF48TopkZ1DPyefrHy4hXD4g+Ntx/lNOeB5YuN33dUkgxuY8dNAddvwpVx1s/o96BJKPAG57pina9fuhWVQ2XKLQO2o0JBOkkBh46+Ws2a+B5m4wzEBeYN5owuRUCFyojUwB7SgetTxgHOVEKi2o1OkAAd6ZGh3pd49i8XKW3ANqR3s0kGZjXUgQnjGYa6xRu1is6SjSriSswQTvpv7iINQ5MLY042sn/Ufjcep3EXVbxf5acHiOMkE91FifahmyyfDSad7qtJEJMaaQT4iRqI9TSpyvwW6mNu3GUw40BBnu9W8JzbeVOOMvoyqsPmU6GPhJ6g6aCup02FSndtQnO6rIxy1jurobkefFefrfEp/htnNxdraIVbvjKTIBkSZ8N6sfEco2Wt5c7dp9+dP4fD5+dK3LuEYceulkIiwx2O82xp8TTnfx/1+TpER5gEn8qny5jjACmtrjEL5ReQ6jxfvXmUVzXy9ewuLU3ACj3FyuuqnUaH7reR9019J8GsxZHXPqfOdPwFInMmGF1CCk6gQdJ1BBEeB1HpTBiUdLc9q/RQAbsAlVjNFzTVgKb0vU+sLPia66BQ8zpzHw62MjBdZ8SdANv3fLaaSuYcJmk9R75E6j16jzHma15yecVawhxd0XS0QGxAXvJm9rtY8PnSpx3hb4ZLl3EYi8oF427QVrpa5lPta3YXYtqdo6mKrKgiotczpkDg7iPVn9QAAJ7AeyO7LG3MeUBvdXLheKe9iw90pKoAIYR3bitPtGD3QI0321168q99cIAWyuQMuZpKdATMmB1moXN/BC9kXVv4lMtpSBb7WS3ZM+Z0liAx03AWCSdIoVWKfuYtG/jV7PaZLNwrcAhCHUCZA1MnuwZPWAY1qLy3aaxaFu65cg5QAQyBR7OWNhBG+uhpB41yu2bFut/FWzba6LdtS+Q9lh1ujdi0HMRoTsfStsFykReew2KxDTaP1jNdVUYXLIV7bqchzLcbuEmIWYmtOMatVx46gjF6VCrv5/nHTHuyXmCoDnTWRmiXeCPPVgD60n8dxWTH3ifYchJ8HXvAHwnOR6imXljgri3ZVr96SskPJIloAaGgMNj5gxMGlPmfGW+2upezZbh1aCQIRIBI1HSP3am61bx1V3I8g2kFuJXimdyrdi+IvIr5iobDgKBuCfbhQIAltDIh15d4libl1WLnIz3UARBAay8KHMEwwZpJIH1Q8dUrgVm81tDZsWDLFjexE75iqsFJHeZYnxJ2p55Y4XiC4a9incD/AIdlRZtTA8AGbfr51uMqBQjdDFdo0us2yWJJZVIWcznTWBOkmDJgAHpFL/DB3R6Cm+zh1RGCgKI2A1PqdzSdw63KqZI0qTrk1FY/p10ijAvCeIvext5QrSl7syQTORFJ7o+wTtI6T60+4EhL6qoOVhsWYlT3swkn9kadPfS5Y4D2eKfE2rYftcpuIT1AK5hOkwx8/WdGvhtou4uNa7PLtJ1J1A90E/EUaKTVcV+0eco0af4TfMrzjOGBuW2cIn1rEWiGcXotMO/lU94DvDQ6L8J/L3ACguFrys36PbtrcJOYMiuC5HSQ4G8wBXbifDExBRrgPcJYCFIllKnMGBB0Jqfw7hCZ7lwsxa4ioxOXUIZU+zvMmes+QizAaEmeFH4c/ZXBIAKnQMQFBzEgaeY+FVhZ+jzCMM7XHRQJMZY0HmDVsrhlRHYTqrTt9tpJMDXU/AVWXNOEv3rNuzYQsXdc0EABRrrJ1ExTH+KeQkCPHK/LeFWwnZjMvQzM67npULnbhHY20u4bMLk5IUAypBYzOw7gJ9Kn8oK1rC2kaVIWCD0IJrtzO7m3aysFi6CXaYUZH1MMvWBE6zUOHImQEAEHfzKsZb1RqNj5xF5KtXrbntLV1Q8vmVGInYnrpBAI20G0CnTE8VNtWNtWLAakqQAQJiCNQAZj30C4JgbwC5zbBbNZKC22na4hyTo+gzJvAEGNTTBeVjYuuMmqM3strmtgaS0SVAHkaYMRq7MszLh9SwBXyJr9Z848YB/SrjEyWuFyRpJZyTVt8vpmYVUTIWdCPurVrcscVsCJuKsD7WnXz0rOrzMiHTzOKRvEnnKxkx+JHQlW95QT8/xoPmoxzzilfG3GUggquoMjb+RFAM1NonmPxntlvXbvZ2LlyJKAtG05RMfKnLiXEBaUF/aIBVAZIid59keup10pT4gn91u6T3W8fDy1+FEuIo8lrT/o6EgF3KqWjSch6xG8GsYngQ8bKGBbce0XsTdv4nH2bHshgxyxAAUDvMDrAEQae7PD7WEyhQJjvXGEmJAMH7A1/CaQuT2X+0LdztLj3TZuEyJGlxNM0ayB0JHpViXMMz6loEHNMGdQdJ0gFd/LrW7hRZuDlcPkLAVA/DMat/E3laICgqJIOsTMESZ+EUfxGGtaAaglQYcg6+YM6DX30tcHuYc4y5aQZ+53z3tQZiG2bY7aU0YnBWvaKmV09o9Y/wBqE77zUzqmzEiog8vWQvFHKsSxssGVnLZSzW2Ua/skj/DTRxvFG32aquZnJ3cqAFWW111jak/g7KvGbq5CsJIIJbd13gaazRa+gy2CHaWF0tvo/Y9/U+Y18y3uly4wTv7RpzLkOoG5DucaS8ua3Oh0zKyyOjLI7ykagim44O9dtqclsgqCpyrKyoHdl9NAPhVNNaUtgkuMyocNbZSc8dqHk5IEZyoAjoDV88CebKqd07p/L5UfQ4RjZgDzBzdyWPH7xD5r4bi+0GIGHstcVlhgiZjCkanthp6RtSVjjj2t37NzDB0vu1w5gncZjM2z2/dgkkTPhtpV08eHc18arnmHGRKDVm3Hkenlmgj0k9K6DMFFmT4sLZsgReTO3BUK4VA6AlbCETpuyjQgkDRgevuqPgcFZxN42rtru6AgPJkBmGoEEd0QPEzNErPewqnq1gT65bb/AD7Nqg4vE28Jdw+IAVbTgJdKszLbckOpZjr3h3Tp3Q066SKmKcaXK+0IX+S8NJBtOQCYPbDXpsRvBj0kVonJOG9nJdA0T9cYC+ER7Ou3nRu/YF2LiOMraydj5giQQZ9/QnevLeHFrvuy5UG495zEmAI339dNa3f3jNS18I/X/sGdilh+ythyFUnW4+b2znJM9SF9460B40AL94RoG8/ujx3owL1u+pvDvBjFtgY0DHMYI7yF3IkaiBMTqjc+cdNvGX7YWQYMhiCMwBGmx0g++pOqxtmTSvvJW3jny9dgHXQb+Wk/hTTwHFC5lYdZ+W9UVwvmC7BSSQ++uVvlodBHSrT5Ex4d1UJcXKveBXr4jLPnUoVsGxlyAEVH3GNFpz+yfwqmsLgsUgC2jdZezeyILqBmtlluBYhQLhyhpkCOgq1OZOIC1hbznSEMZhGsaQDqT5Cq54Xxu1dtJnudmYIICs2+ntD9nN6FvKm+r5MJEBOk7Q/y9bvrdV2W+UN3QEuYX9Htr3lJ0HaC4dfM0zYFL2RpDiSWiXJAdQcs6GVadBtsKB8A4hauZoxGYsI0Xbp4abNA6GaY8LdVQPrtAN4p6ZV9xPPjA8yueG8QTty9/FWpQZbam4gPeYzPegnpt1pq5cIIY+0Z9rNM6nXU7eQ0qhgxuYoC5p3juI0LE66a71dPJFqEaCGzHpOnrrHgPjU/UdlAbyjENaFzt4jJiWYWZRh1DLMnKWE+8AHfxpSxuFa7aZEYqzL3WBKwRqNRrE71tj0CLdyQ05ToJ+0Pw8aX7HNLoby/VnIuZBEggXFXVg/7R0IXpVxYbE+0k08ge8snl9SLCSys+pLA6TPePxn41x5p4WMVbFpmyqCpkCfv/lU7hV0BBCr1HzoTzvzJbwaI7oSGYDuAEjusZgkSNNvOuf0+BNdg+/vGeqynUNiIH4fyZatNmbFXD02C+e8/0aP3+XkbDuiX2EoesgdTIB2NecBx9nE2xctXA6t1H4HSVPkYNdubONW8FhHuNJJUqqiJJYQPCBO5roDCntNfrc7csZ822b3etjpC/M1ZPBeUsLdIW4bhJGweOvgKqqy3eTyj8avLlUzcH7Kz72OnyU/Gl9QlKSOZETKm5gw62sTetoIVHgCSdABGpodmopzgf77if/VNB5ptRqHaXpimb9Hfs4zx3Z2npPvpj/su3bGfEXwGIg/aY+OrAn4KKUeJ3yuEusDBCkg+BnSomCx1tkM3ASWnfWkZD7xyqTVRnw+Dw36Yt6zI+rYM2uZ+8sAEmRtEbeVMr28wGYCOi/ZHu6++kM8Qt2msuxIUMAYBO+3lTFd5qwoUEswBH3D+QrknNnyoQLIs8SnLiTG4+kB8OT/xLEHrCeU+3P8AXlTlxC6mQgSTGwDSfD31WvDOY7TcRvNa+sWBmEFYAzSQSNDJHrJpn4nzThQuvbH9kdmB7zJ/CrsHqJjAKyLqcOPK96q99r/KLXIGf+1sS1w6m0wiZj6xNJJ+VOnGOGNdMtmgBlhdPbgNr6CNI3NVv9HnEhf4leK2si9mxAksQO0X2m0q28VbHZjQ6ajXyP8AOszYy3xGjGYwmMAY9x84j8aYW0AMKBoo8I0EU3XsU1lhdSClxQwn2TIBIJ6EEz76rjm61BnI2jEzJPWj/A/pCwlq3+j4hgVWV2krDEQQdCJmNZFZ0PThA2lt5Q/UURqXaTeYebC9sBUCyfaJB+A946Gk21Za87Aane4zaKgO5cn2F237xiAANjvMHOPChaDW0NxidAquvxJO1VjzJzbfxA7JF7KwDIt2xA9Wjc+ZmrPRZj3mPH9Sw4UI6dKY+TLf4LldBazAZlC22I0D22i2SOgOq/46AcRxdzDdpaezmBBt5SM72QzSSLZ/WJmIbSc2UT5b8BvTg7JH/KTy7wCz75BqBzDzavZJbxVhcSqmFeSt1NDs4IJ+IPnTqnFc6iTNOXv0QsOwxV3D5hm7NLrqAWIhSG0JEOCR+wetdsVctthlbE4hnfK0q1x3h/sygG25E6EgTAmgVi9g77DKcUvQKxtXN4+/bJ6DdjUjssJbUsTiWEEFR2NuQdwciAkf4hU+QLq3YfT+GIdQeSIzcPx3bNaS3bNpTLKp3RRpnfoiIu3oq6wtVlzni1u47EXE9hn7n7qqoX/KBRTj3O2ex+i4SyMPab9acxa7d/fckmPEST0mNKV+xMDXoD8VBH41TwIclcKuAMvjPlHzpr4lj73ZAoWtlSe8mbWV06a7dCaT+GXVRgWBPpTtwhGxmcYeEKCW7RjJzGBlyQTEayeo8akyY9WUGrgsDqEgYO/fFu6He6ym2Ya6Zk97Rc2rn2dpjWSNqM8iXLar9dlbNBANskiNCc2Xrppp+NccVytibaNduXrZTTOlpSCwOks3tNE6STqRtXvCsA+Utbe1czKArs6CV3WR0PSm5hvxcrwKC+5qWFwHiNjM6qqyrR3UC6EAr0E6HpNMdjEoVYsoGpjQTl0gmkHhPD8U1wM1zDWgFCwrq0gEyTI0Op/Cjn9m3spLYixOpIzqAZ2k5R8aV3qPh/SVFMbH4hxPnu5i4uBwAIgiOvUb1bP0ecx2TZfM0FY0nf0HToKqjC4240L0jvQoJA2JE9YJpx4LxEZH1mYIm23poVHnVOTp1yVe1RGPOyAqOI4X+MoVu5dSSsakaFgBsZP4dKk4dEdYDi206wVBMfekGR61X/EeYXt5lCLBDZWKFW1mSJPRjp6CoPDee8VaIhg48LgB+Yg0bJpoD2gr3AmX1wx4VRmzwN8wM+MwKTvptP8AdLWu9zafC2/+1a8L+kq12alkXNGoDrA+Jpe555wGOt5FVQlvXQhpYiNSNoB+dJGVLoAwsuHIi6m4iTy3cuLcm0zq0a5CwMT1y9KbOeMXf7MqUdrZtrLmTDBjAJO+9CuRFHbPp9jT+IU+cxYbtMBdHgAfgwn5TWeneQPfFyOiTcpW17Q9RVxck8SVrh3BJ2KkaQBvt0+dVJasfWAT1FXDwXgVsOCGafAGjyguhCwjKz5v/wDrcR/6h/Kg9HueMKbWOvqZ9oET1DIpB/rwoFNHHJxLL4hxljh3RV1MRO3tA61FwHMV64MrWLZ13WQdqmPhZUg5TIjx/DShTcuvMo5WfAQPd1qJySDOhjCgwnzNduJZW8pUFSO6WkakjaljEcz3nADKkRpAb/8Aqi+J5du9mVPeJ1DS2/mJg0vvyjifAfOs6QBUILeYvrbZwQPE25e4w1l7r9mrB+6RmyncHQnpp86JYzj6kT2ZSfBw35UHs8u4lZ7k+QJH5VzucExI/wCE38Q9fu1bYPBkRVvae8s8bu4bENetqGLgghuokE+/QU8//NK8bahraA/ajUb7rrPjoar2xwnEBv1bRrMedeXOH39fq7up+5/vWlVPM8LEn8U5sxF1mkJEmNDtOk97U7VBNuXLvHfJbfqxnaPOol3BXv8AlP8AwH+VSMrBBmRgdtQRt7vCvaQPhExiTzO16WjKJ1pm5Vw7ZWJQ+4jx8JpRTGldvnU21zHeRCisADrt/vUvU4cmRdK1FMpIjHy9xQ5rivcFtQWy55j2yd9uvjUDmgKVWHViWk5SI1Bob2gNpGJEsPHz19K4G8nhPqaaLnqM78I7rAgmfKpvE7kIdTqaH2cflIKokjxGn+qpuK40XEG1a6zl8/8AEf6NTvjcuGqJZW1XUXzbM1tZukDLHxmi2GxSiPLzH8vzoNi8R9azabmrBbbVHAQtwXhhd1BaAfKmPiXCrmHAu27uVtQO6PugmZ3pT4bx57TBgFJXaZ/nUviXNFy+AHygAkiD4iPyqPJi6g5QRxPMCZ3scSxjyP0hog5hJgjSRH9b0sFZozhscoRyJnKQI11I0oQiN90/A1cpNmMT5yZwhwjktaW6MsZW0G4123/nRC/xFTbdRgrAke2ASV13GuhoUgf7rfwmp2Dw7sD3Wjr3T/KtLULMcAGNCRsPhsxjKN9qsjlHlG3cRi9kHzzMPz9aUcLh3WItPMzJU+HoPxpt4bx/EWg2VPT6snod4IHU1yeufM61iNfedPDhQKbAJiPxWyEu3lCkIpYDy0019aCU4cYw165buHI5ZiNMum+seFLg4Pf/AOU3yroYHLJ3GQ5BobYR14HiMIMPbF42jCiQ0E/DegXN+LwhdRgoCZe/CsozSehAnTL8Kj4bC4xVgWWg6aqD8K0xHBsSQv1R67wKYDzdQMtFRVzzgV+8rk2yAxESfUUf5qxONt27am+SHBlVgCI1nTWguE4XjEMi2f8AIR+NEMXhMbeM3VE5YB0H4Uhhk9QEEVIyj6h7RVBJMzrTdwXGYx7kdo4H7On4UIHLGIHRP4j/ACotgOCY1TKEA+Vwj/po8tlSFIuM0GBONs7Yi5mLMwMd4knTpJqD2TeFN1vl67mZrsZmM6GfmQJrr/8AD/8AUivK1AAxyY9o3WFBolatisrKS8pWSrYqVlEbCsrKnMYZraQTsK637Sx7IrKymiKM54a0pOoFTGw6fdFZWUUGQ3w6kgRpUm3g0jVQfI6jbwryspniB5nO/g7Yk5FPqBUGVn9Wn8Ne1lAQI0Tlc4Zh3ALYeyZ3lBWictYM/wDlbH/tr4+nnWVlZdTJ6vK2CP8A5Wz/AO2v8q4HljBf/i2f4F6V5WUKsb5mECdrXLeDGv6JY/gHhXQ8Hwy7Ye1sD7I61lZTCZlCc34ZY0+otD/AK9PCbEgdkn8IrKylgnVGkCpKwnC7MOvZrBWduobT8/jXK3w61PsD4CsrKJp5ZLThdrfIK6f2bb+6B7hWVle8QTzB+KwKADTf0/lXfC4K3l9kV5WUDcQwTNL+BTKd48OlQLOASdBGvSP5VlZTvEVC9rCrG1eY3ApG21ZWUEKC8JaEzt6e6pLWlIMgVlZRDkRZgJ4B2HvqZhmrKymNxFXvOWKutO58KjdofE1lZQjiMn//2Q==",
            "productImageURLs": [
                "data:image/jpeg;base64,/9j/4AAQSkZJRgABAQAAAQABAAD/2wCEAAkGBxMTEhUTExMWFhUVGCAaGBgYGRkaGRkeGBcdHhgfGBgdHyggGBonHxgXIjEiJSkrLi4uFyAzODMsNygtLi0BCgoKDg0OGxAQGy0lICYyKy8vMC8vLy0tLS8tLS0tLS8tLS0tLS0tLS0vLS0tLS0tLS0tLS0tLS0tLS0tLS0tLf/AABEIALQBGQMBIgACEQEDEQH/xAAcAAACAgMBAQAAAAAAAAAAAAAFBgQHAAIDAQj/xABKEAACAQIEAwUEBgcGBAQHAAABAhEAAwQSITEFBkETIlFhcTKBkaEHI0JSscEUM2JyktHwFSSCorLhQ1PC8SVEc5MWFzQ1VGPS/8QAGQEAAwEBAQAAAAAAAAAAAAAAAgMEAQUA/8QALxEAAgIBAwMCBAUFAQAAAAAAAQIAEQMSITEEIkETUTJhcYEjkaHB8AUUQrHRJP/aAAwDAQACEQMRAD8Apwe0a6outcxua7KKWxjVnZDpWiLXWyuhrFXQUsGMI2nI714RW5XWvSKK4FTQ1qTXQitCK0GYZj14d66MK9VJrCZoE1Wu6jWtWWu+XagJjQJuRUEpqQaKIu1QVQlyACSTAA1JJ2gdTQoZrichaHQ1rr40WfgGJWc1plgScxVSBMahiCNa44nhN62od7TBDs8Sp9GGnzo9UTqXgGQhPjUqzb0FaW7VTbNowtYx2jFG86La0rfBWtffUlk0rbApUxbaVqu4kgW6hMvff0ouLW9DVT6x/SlYzzHOOJFuLpXe0nd91ZcSu1ldqaTtF+ZBFvvr61Oxi/XqP2ajZfrVHnU/GrGIH7tYT3fYwa7T9ZFxVs7VGuJpU+8e/UXECiUxbQXdEVyKwKl3ElornfHypwMWRCeHH1anyqJiU7tEMGn1SelcMTa7ppQO8aZBA9n0rfFezXjbr6Vvih3ffR+YszRV191bZa8tt3qk5aWx3jE4iqNzXdK5R3jXdFqtpGokiwNK9UaVtaSvbY0pIO8eRtOJXWvCK6Ea1p40yLImpFagV1etAK8JhE1autob1zuCu2HSvNxNTmGOXeXruMuFLWUZVzMztlRR4sYP4UbxfIt5DBvWDAJJVnI0YKfsdCwB9a8+j/hl2/fazbbKCmZ+8yiFOk5SCfaIiY7xqdx3kXiS3cqYtSG2+vvDLmaTMzAJ33rFAPiBlyMrUJC4xyffwqh3Np0mC1p8wU/tAgEa6bUD5azLiQVIDZozEE5fEgDUmJAA1MxpTzxvl/G4VUN66HtXFyuc7uWYHOJzsSNQTIA+dL/JuDLYy3CyO1k+QAJJNKYhSYy9eK2+cjcy3xZd1a4zsACmcNDNCqZltsuc/vH4TMFfccNFwXCVchGskNlIXumGzFJ0B1AOhjUUL+km2bmJBA6H4k/9qaOD4cngbqBJUg/C8M3+UmgU9oPmcrEF1C4hC3E03cscsNiVBNxbdtYBdhPebZQBqTS3ct6U3cp8DfFFUGQqiklbhaNYAIA+0PP8hRO2067HSCRCF3lG3mCm82X7/Z6AFsokEg7xp79tajcW5X/RMpW8t5GYrmUZSrCdGUkkey2vlQPGcl3zigBdsKwcaZboXQ6D2CsdI2pq5t4Vdw9y0GyKjrtbJhmQ6kodj3zrOs+WqSVKbGbhzOzgEVAYt0Ltr9bcps4Ncw6OWxILLsiAMS7sQFGnT1gV3x/NHCLLd/DhZzb2ZkrESQSdiPiPOt6fCXXVcpz5wjVUR8Qa8sGQPGnnnG1w82Js2+yvHvIIYC4oYBv2dAynxpKwSa+lNdNG0FMmvcTXDWpvL61Nxif3n/DXPCj68etTr4/vXlkpBPd9oZ+H7wcy941Dv0UdPaobdXWmKYppFCxJqLfGlEbywKFYhp2pi7mC2wh7A/q19K9vLKn0rMF+rX0rqBM+lL8xkBxqPKt8Q/ditQe9FeXxt600RLToEIapOWubDUVtPnSmjU4iuvtGuyjrXIDvGpVvaq3kaSThxpW6p3RTXwzkLF3LQuxbRWXMA75WiJnLBjTXWuZ5IxYts/ZghZlVdS3uWZO/SpPVS+ZTW0VQmtasutTWsw0EEEdK1OHJYKASSYAG5JOgFN1QSsh3lriFpl4lynirYzPagbRnQt/CGmojct4pLXbG0wQa5gVMR1MEkdNSK0ZF9544X5qMifRRi8oZrtlSQDl7xiQTB0306TUnDfRdfyFxfsmBMHMPnHzqx8SiLbUtdQZcsnN3jA19ZJb4mo2DfAZixvrLACO1IBgaaSBt4+I8aiPUOWq5gFRd+inAdlfxTXBBtJladY7xzf6KaMfjbV3EKEAOWCZWN9REjWonIeCJt40g5i7lJn2oBkz6NWi4O8l5s5ZQzKE1lgFEanbeTr4+6r8TNpWZkRCGJO4qv0hHnvDqcKpgSGEaeKkUh/R5bi5ef7iN8zp+FWTzYs4Q/wCH8aReTLEWcQwGpIX5k0jqvP0iGNYD/PaKvHr6riSXGipmzBSzKQ3dKxoDJHtQNtQYpq5XdbmExCoBlIaNCJm2GMg7GZ8vxoNYsXRxO24DAagxm17jaQup1jYEgwQCRFNXL6sb2KU6ntNfagzbUH2iT0O+vptSdigIMgXMSgQVV38+Pf8AaVfctd0+RqyvovT6q43iVX4Zj+dV7ctQXU9DVkcirlwJaDq8mN8qgBo8dJpr/CJ1mba5PR4cnz/OvfpEt5rNl49m4R/EhP5CljDcRVMWwtWpDAJlQqFcs0o8CQIAbWD7Sz0pq5sbNglMR3lJzE5pI8DBnXw+FeGOsZ+kXif8RZX+LRj2eRgGFxYLDMNZGoBE7zvuBVcc13rhvMlxgcpOwiMwWfHwHXpVnEd6yPG5+Ftz+VVdzT+vYeGnw0/Km9J8H3jer+P7SyOOrc7PDdoyP3WylUKGO5IaWIP2T0qJwHs1uqboLIDJUCS2mgAkbmBRjmJPqsN45X/6P699BsJZDOqGQHIU5d4Yxp8a9lPfDxD8OOnFcdhMMEuNglBYSB2aFhIGWSTHwNT+JHBvhTe/RghuCLdxVWQ2XMgYqTAMRrSt9JPCLhNtUYAKoGukBREDfy02pi4rhR/Z+Gy+zbKH0zWiPxj3xTC2xG0QFIo7xHuJo3rQx11piweDF1mBcW0AzM52AkDxEmSKkXOAYTNlOMHU7257ok6Zp/7GkYsTOLEoZ1U0Yn4pe6TQewkgmKsDmnlRbFg3rWIF1QwVhEESSAZBIIkR765YDkZ2w4um9aRWE652I9YG9HRTYwSQd4Dw5+rX0rLl/LtTlhfo/utbDW79lwB+2s/FdKS+I249x/ClgQ9QPEHXFhvfWuJPdmvMVczOo+NdMYkWzTB4i24M2d9vSsrne+z6V1pbCMUxdVe8amWF0rjZWWNTrNrWn5DJ8Ylr4e7/AOFWrjXGaSRccM0gZF7sg6QNI8qk3msCxaNjGXsty8i5y7PJJGZdesT6ECuOHz2+ClxasHLYY9+3mJkHUmdz6UB5C46bmDaz2FqRetKGAIYZnQFp8RvSDTA0OLnuPMbuZ+BYGzZvX3s6jVn7zMMzDM2+p1JpWa3wxlt3MPiGs4kQyAq0XCBsqsuhmADsCRoabvpFX/w7Fw32QBr+0v51XNng5A4Y5/4lzLEk7CfGOh+FRdGSykk+/wDqBmyFcgWEudMNesm12dzs5AlmuEy2Qk/YP3t9NzpQ3H3cTasW2zI2ZzbLAqyxl00NoGSFiZHsroekz6WDLAbjtPwEVvjLP9ytKBouIQfxOqj/AF1QoogfIyXHkex3H85ZuItW0wqpeIjIsz+yB+Y+Jr3gyWmtlltDWAZUTEAj4AjTptpFd+JFAMu5IPmBudR7/mK04bccqQFygTB/CpmrVOgOJE5KwTDDGCBNxjuRMQOnpULi+EZb3eVSPEM87KOo8jPrprTFy/hwMOgI6t83agfHMKovAqNRH9b12cYpB9JPkNuTCXEMOyYJw0eyIAJgR4fjSPw8lMKYJGZydDHlVg8Ub+5v1OQ+u1V9izlw9seU/wARn86B1tpl/hkQRyrdZuI6MxmQe82wWemu4BgbxHWj/DCU4hihLa9mdSx6MOsRMeApe5CUtj3iI1mY1EgaT1kr1GgOtHFaOJ3h/wDrXw6HwGn2qiQn1a8X+0iUU33/AGi7xXDZblwHedfWn3lK2VwCawSrGfUmDHXpSzzJZHb3fcfiJ/Op3DOasPawJFy6Fa2gWOyuECWhdQYb3V7Jq00Bc6grQLPie4PgaM8uxOpJVSyWzJ/5YbX/ABFhTpxbDqcDcVQABbkAaDuwdAPSqasc4Yl75Fl0ZJ0+qIMe81blri1t8GfrBnNqCCjrqRB321rMTPRVvaCNIIIIiJw/AvfxAt22VTbtM5LTALMFTbxi5SPzNyJjhcLC2LiknvW2BAliZIMEDXeIEb1Z/wBH1osuKxPR7nZqf2bIg+7OXPvovxLCm7ZuIr5GdCEfbKxHdM+sUIz5MbhVqozJ3sTAnHOCv+iW2kE2hLAToCok7TGg6Cl3gNjPibI274J/w6/lVmcLUnCKlwZbhHfQkSM3tgGO8IJE+VJnKuBK43K29pmB9VDA/MVW1lgTNUgIQJ055xf14WJIU6esfyozif8A7bpOiWz7g6T8ppY5uH95Y+I0/iIp34LbDYfIRIa2RHzrE3dp7JsqyquO4djbGVC5F1CUG7AONB749wNK3GOHYx8UHOGuhgykAIWAgyBmURVucmWycRP3VPzgfzpkxGKCMXaYBEwCTqY2HrR9P8FwM57qlcc0vca1aN2w1ltRrENMQJHhDb+NWbakIg8APwob9JqC5g0I+xeU/EMv50TbQCmLV7G4DmwIVwZqluM8LvXcTcS3ble1cM/2Vhjp5mrmwR0qmeOcKuX+JwizkvXGYkoABOh75gmaJ6sbXBUkKSJF4Vyvee6y3UCBdmUo8nLm1XOCNPwqBzVwu5h5S4PNTsGAMSB09KJ8qcrX0x9w5kTTY3LEtLA7Ztj5UN514e+HvXkcr3rhcZSpAD67LoDMyPHXrXnqh21+czG7t8UFYjTJ6CuuYVwxh9k+QrTtqmIlYNSJgR3mNFsugah+Bt95/WjnDMLnKoSBmYCTsMxAk+VblO8HHxLF5j7a3wZkUJpZymWIgAAEgRv8qVPoZtDJeYmO8oB3g5dz8RT/AM4Br2CxCWntOxtlQEZmOoIhVC6mCd/yFIPIVn9ES7Ny3czEZrQJDrAENBGg1IqfKQcbIh3MAdrBm4hj6SbvZYcWg4LXGAY+ABnT3105Ewi4nDYPtJnD32YZdJ7rxv07w+FLfPmO7WTlYLplEyRlUzJiIJPyFEvoaxb3LjocxVAx0jqVA306mg6VaSK6l1y5AVhD6WOHWEt27gVy5u65m0130A86IDh9m5hTkRlKYlDOfNpbv22OkeAqL9Ltv6m2CLntSo7hBMjeO9RLguIKWbxgmLx0A+8UB/E03SPVFfOv0kXUasbIFI3I4hG7xhmLWjbXOVlGWSIB7waSCSAZ318jU/g4ukDOQBroPUwPw1mq7545hu22R7QuWgvdN0oCQpIDaMuXoBEeXU1nAOO42ROIZixhA1i3BkSJIGn/AH8KV/bud518rIDS/eP/AP8AEeHs21RlutlEEiIMbkS21KF7m/C4h3ZAyZejEBjHQAMfCveOEKkdFHv0FVfihZzXMy3M/dyZSoWZGfPImCu0bHeaucsFCg1Oc5N7S5cTznhP0NiVvAZmtSNiwWZEPt4ae6gnMqnssimCEgHzA0+dBuVMMt3AWbIIL9ubhHkuaZ8F1UT+11ph46FIYzPlpRX7zwO0QuTeKlMRJudmzGGglZmSRPhIHwplvYsnidvsriubiZXbNmKhYdtR9oi3lE/enpQSzy4GwL4sC2GNyARdkjxXsSpB9ZnyqV9HihsQWuMSyKcgkAAMIY5QBJ1ifOoxg/8AQMl/aJ0d1wnzzi2TEZUUtcvW1FtQNyCwYnyAAJofzLhFsYbKTJKW7cHxUGTpuZJPuo9zsblq9avhQtoJk7VZZlmWuCPst3VyxMgP1hTW3EeL9uFQAC0jAi2D321+0+sEydh161YQF+8ezbVBwt53AYgAQsgKug9IBMdTqepq2uF464+BdLSohCZV0LwAO5AUzMAxIHQ6wTVY4TBNeu/VL2aO0KpbOQCNi0At11qy+XcMbELeuIzMzd7qSRn73XbP1jb3K/uMauEZtzBAIgy/zZcwVhUw+UpmYFGBIzKVVhOhBlgd668P+kK1cu9nc+qPskOZtn0bTKfWPU0U5p4JbxKNcW4JgFlyiJB7twEQQymJ6MuYbmao3FuWdmIgliSPDXavP0q5DZ2PuJXjyUJ9ccL1tqwJiJ1g7+dKPGLZw+JxGIRtgCFPsnMveJ6z3D1+0aVfoU5guJYuWmYuiOIVj7IZdMp+yJB021ovzbiWHbkk/XW8w8AUVhlHuk0GVHVBvxNRu4xUw3HruKKFhbkgzC6gl43ketWJgsQ9qxbytqUbppsfEmqj5W9oe7/UKtPOOxs/uH86mR2HUab23leVR6IPmduS7feut6D8f9qIveGeDm1O6gmII3j1/Gg3LHGLCC8jPDKA5kGMpGmv+E0rD6UkS/HZZ7ZOjBiGjxKkR7pq7C6hakmXGxN1LJ5vw4OCuAT7SNt4XFn5TW19oArzHcYt3MMwUMc4UAER7TACfjXt19h+BE0SFf8AGA6suzCEeHXJFV1xXgto4u5iWnOLt0AmOzCiJJEbyRGtWPw4aDX+vhVc8zOzYzEWgwyW1zMB7RNxmY+6AlO2Xc+J7GpdtK8mBeAYScS7WkH1o/XuXLHQEi2IhUPRp12qD9I3DmtXSW2dFYETErKncb6LRnk/gqvdVkVyg0JYEAafeAhh00g67VK+lzg/Z2FuANAOWRtBM6np0+dV5vROPUrXtFIOoXIcTpRBP+uZWt5gQPSoeWu7Lt6V5krl3UtqSuC25Zpo/grf1qfvp/rWh/Bretw/CjeBsktbH2jcX3w2Y/5VJ91LyfHNQdkduF3CttiPL8ar/lpS+IxVw9AF+LT/ANJpuucbTDWmN1GI09kid/OhXBsMERyJi42bXfbT4fzqTBjZc7sRtU91Dg4gBBnFuL2rf1dxZzAx5GCP5VI+jDGvaS+1kgHOQZUHQxET+6flQHmPDdtetoPaM69BqNT/AF1pswGFTB4YIomWk7ak6T6QJ/71XiwohJHmc7zNOZ+aA7W0xlvtQG7gGVQGkbkRUrknmK83b5+/a7QwhyrqApYyokwSvX7VV/zFihfv2wRlBBA69SNvOBTdyXgzbs3mZswL5R4CAC8epyz+7Xk6dPU1eT/PtCVjc8525ztKVttgbDhgZzFjsR09aKcpWbRsriVw9uwXXuqnn1JO+kfOq25/aby/un8as223Z4eyg2FtfmoJ+ZNUekoNiMZ+2oP5kxkKxJ0pBTidvJiE7JC1wIquQc1vszqV82jX30x80vmQKftNHyNEOVuDWOzdnRT341E/a/3qXq+qTCLIuKAuE+TcJbsYY3FEG8xOupCg6Cfj6wKGcz8RKIzDUnb1O1GSQLKhdFBcAeQuuIpU49bZ8qopZiw0AJPwGtUBu25niLfD8JeuMAgBzeOgnrR25y/i8IVxIyhrbAiDodNVPkRIPrU7l/hWNtlHXDFsvk3XxgGPhUnmazjrtrK2HuKM09Y2j7Sqagc9T6w0AafMEiPdjE2sTYyHW3eQH3MAR/iBgg+IBqksTw0Wb120dGRyPKJ0irF5ZtXLdmyjyrKgBUyCPCQdaTednC466ToJ18avyGxQnmO20GYDNKkOR3iNBJ69P63opg7LHEoWxD+0YhUkdw/eYAeGtAeHX7WYB2AHn0J66DWKdOGcMuG7bNq07gmCy22iMoIMxG4+e+lIrTlH/IRJjJZMWbkM2qECR1Om4lfnVIYv22PiSfiau/E8PdLFztLZXuxmdddwPaI1nwNUfeHeNW/5R2MR4+ijFZbl9PvIrfwtH/XT3ziZwvaD7BIPo4g/kPfVY/R9ey4r962w/A/lVoX2D4W8p+4T/B3h+FeI1Agw27Wlecq3BO/h/rFWvi8GVw1pxt2bD/KTVOf2eimF0jTc9Kufl3CzhrSMT+rA1JO66/jXOx4wc+sGWZmIxhTKyxeNdVxzqSO6qaAHa0J/1UhWn7wny8KdrwazhMYtycxcrJ3JYAD4aCkd11HuFXIo07SfW2rfxLyv3mOAbX/gk7D7Kg/lSDzAhW1h7yMRmtkjLIKnsxEEddKs3huBV7HZg+3bKT+8kTVU8QxNwItlwAtsHTqJJWD4EQV91L9MIAYjqH1vqlq/R/zTiHwqG7DuR3WK6mCQM0HXbeoHKGD/AEnE3792SVyBz9+5l8ug2jyFQvo84vb7EWzvbOoHUEkg0T5bxhwbX0vju3bjXEdQSupLEHToG+Ap2J9Nm+YsC418N4nbZiq5gFPe6KvfKKBGmpUx5Qetb822Vv8AD8QupzWmK+ZHsH4gGoHLdiwUAt30uBsjPBEsyAeegJAMevjTHdwyC33nyqqgE6RlXxnymm7VCIINHmfNLN3VrzNXTG2wpyjZTA9xiuM1CZfGfl2zrc060w8KtntDdIhQMqabn7Zn07vxoTwduzTEPE5VLR4wCaOWmyxaUyE7oJ1Om5PzrCO4kwAe0ASLx4ZwlvrcdV9MzRNbYu+BougGgHgKmcQ4awW1eL+ywOWPEwPgWmgl7C3rgLW7buBvlUn50vHlRwSD5qL6hSCBIPALgbH3CdRatSB0liBt7wfdR3G4pSpETHlS7yJg7l3HYhAIbs9c2gXvLqx6bU9XeTngxiLJaNjmA/iimZDS7Sb02PAlOcWZmvFgSCGgRpEGNKtHC4bscNbtHdVlvNmOZp95+VJdvgd1eICzcUfrMxIIZSoMkgjpTlxHEyTT8O4ueAK8ysudnm+o8B+J/wBqvPhPAbbYdL9+SotgrbUwWAUak79Nh618/wDNDl8S0b6AfD/evo6+pYyo+rsJl8gAhX5n5CjdqEdgxDI2/EW+ZMDg3t28uEuJmMi5mcqNx3jngCepmhNiyLaMEYXbWYHtEM5JIMXUPet+uo86Kcxs9sYewXzBi4noD2ZQA9cqzJnaT4Us2Gey6MuZLiAA7kkESRl6qdZT2dJEEac7Mq5Vpx9/YzrN/S0dfwjRokD3FkftGazge0Fu0pCg5izMdFGYtcYnwHePyrhxnizW1XD8PQrnIhgqtfvQCcxLgraTQmSJA1EVJ4dcBsZoADqSQNsgLXGVT0Byovvrli7jWbVvIgfE4h5ViYQZBnzmPs246HaREMVqtNlAE4ORSrFfaDcBh8S6Jcdi4LICxu3rj/WhSrakALFxZI00PhUrimDxItA2C4Zm7sPeR5YlVEg+InvQsQCdaNcP5RMA4m9euuD0fs0E9Aq7ajxPjvXvEuW5TNh7922xXQ5xcttJkZlb29hEnSaQ3TMcgf8AeBpNTny7xNsRZtWsXq2UZbpCi4hJhSSsLctHTvDQ6HqDQDiPLVjEYq726sWU5cuYqvd8Y1O/jR7h6s9rNdX662QLmWcmQCAEGyoyktJgzoBvALi9y4cbeVXKAZGZlALFioUxmBAEox2nWh68uMVqaI8zGNQtwrgVix+qtW0PiqgH3sZY/GjWCxhW6VABIUHedzuRvAAJ84NK+IxV7C3LBe6b1i/cFs51UPbZgShBUDMpgggifOmNEK3VI7RzcIACgwpWCCTsqeM6GSPCE4ENBib+cpRS2y8xnEXLRDZWDAg9VYTG3gfCvkvHWgrke+vrPCllR+0GXWSxIgzqY8I2ikHBcOtkDuJt9xD+K07P1Y6cg1dxuNTVGU7yg8YlfRvwq0sI/wBTe/8AScfFSKaMNZw1ojOtqTsOzSTrGwXxIE+dHMDbsXF0tJqNQ1tQdQDqCPMUWPri66tBqY67z5yfGKWmRrr8d6tfkLiYuYYag9mSh18NV+R+VJOH5NN+7dYXVgXWBUoywc5MbRsRt4irE5O5YXDq6kg5iDpPT1rRam1BMpZ1ZKJEUfpWwcKuITYsC69GI0M+eqkeeY1Vb4liTl2nQeGun5V9C828sXb2EvIpTbMJJ6DXpvExXzzaIqtRUSlOauXVyRxI3MOjMDniGM9Qxk+86++lj6VcFLpeSAHBmBHeBGeT1ksh9c1bcmm+LJIIyZjlA389aKcY4M+MW3YDhDDvmaYENbnQb6TQoxa7m9ViVCAtxc5AtZbxljJQH01H8zVjc04cDDMZl1Q3E8mtjN8CO6fEE1E5c5Jw9plLYpmbLEqFCmCOuv3hTJxXllb1u4lq8c5RlUPEElY3GoHnUunL6wNjTvY95LREqbg922+JSwFYkNAyzJfrIGpAEAD949auG1w7uMWToZAYE7dQDoK+eLeOexeZVJVzcK3DsYDwVkbDTXx9BVtcBxDKwhiI2iu0M2NEVAOInN6mXK2Vm7jK543bC3rgBkBjHp0qBNTuYcQGxF6BEXGBHgQdY8p28oofNc7KqhyF48TopkZ1DPyefrHy4hXD4g+Ntx/lNOeB5YuN33dUkgxuY8dNAddvwpVx1s/o96BJKPAG57pina9fuhWVQ2XKLQO2o0JBOkkBh46+Ws2a+B5m4wzEBeYN5owuRUCFyojUwB7SgetTxgHOVEKi2o1OkAAd6ZGh3pd49i8XKW3ANqR3s0kGZjXUgQnjGYa6xRu1is6SjSriSswQTvpv7iINQ5MLY042sn/Ufjcep3EXVbxf5acHiOMkE91FifahmyyfDSad7qtJEJMaaQT4iRqI9TSpyvwW6mNu3GUw40BBnu9W8JzbeVOOMvoyqsPmU6GPhJ6g6aCup02FSndtQnO6rIxy1jurobkefFefrfEp/htnNxdraIVbvjKTIBkSZ8N6sfEco2Wt5c7dp9+dP4fD5+dK3LuEYceulkIiwx2O82xp8TTnfx/1+TpER5gEn8qny5jjACmtrjEL5ReQ6jxfvXmUVzXy9ewuLU3ACj3FyuuqnUaH7reR9019J8GsxZHXPqfOdPwFInMmGF1CCk6gQdJ1BBEeB1HpTBiUdLc9q/RQAbsAlVjNFzTVgKb0vU+sLPia66BQ8zpzHw62MjBdZ8SdANv3fLaaSuYcJmk9R75E6j16jzHma15yecVawhxd0XS0QGxAXvJm9rtY8PnSpx3hb4ZLl3EYi8oF427QVrpa5lPta3YXYtqdo6mKrKgiotczpkDg7iPVn9QAAJ7AeyO7LG3MeUBvdXLheKe9iw90pKoAIYR3bitPtGD3QI0321168q99cIAWyuQMuZpKdATMmB1moXN/BC9kXVv4lMtpSBb7WS3ZM+Z0liAx03AWCSdIoVWKfuYtG/jV7PaZLNwrcAhCHUCZA1MnuwZPWAY1qLy3aaxaFu65cg5QAQyBR7OWNhBG+uhpB41yu2bFut/FWzba6LdtS+Q9lh1ujdi0HMRoTsfStsFykReew2KxDTaP1jNdVUYXLIV7bqchzLcbuEmIWYmtOMatVx46gjF6VCrv5/nHTHuyXmCoDnTWRmiXeCPPVgD60n8dxWTH3ifYchJ8HXvAHwnOR6imXljgri3ZVr96SskPJIloAaGgMNj5gxMGlPmfGW+2upezZbh1aCQIRIBI1HSP3am61bx1V3I8g2kFuJXimdyrdi+IvIr5iobDgKBuCfbhQIAltDIh15d4libl1WLnIz3UARBAay8KHMEwwZpJIH1Q8dUrgVm81tDZsWDLFjexE75iqsFJHeZYnxJ2p55Y4XiC4a9incD/AIdlRZtTA8AGbfr51uMqBQjdDFdo0us2yWJJZVIWcznTWBOkmDJgAHpFL/DB3R6Cm+zh1RGCgKI2A1PqdzSdw63KqZI0qTrk1FY/p10ijAvCeIvext5QrSl7syQTORFJ7o+wTtI6T60+4EhL6qoOVhsWYlT3swkn9kadPfS5Y4D2eKfE2rYftcpuIT1AK5hOkwx8/WdGvhtou4uNa7PLtJ1J1A90E/EUaKTVcV+0eco0af4TfMrzjOGBuW2cIn1rEWiGcXotMO/lU94DvDQ6L8J/L3ACguFrys36PbtrcJOYMiuC5HSQ4G8wBXbifDExBRrgPcJYCFIllKnMGBB0Jqfw7hCZ7lwsxa4ioxOXUIZU+zvMmes+QizAaEmeFH4c/ZXBIAKnQMQFBzEgaeY+FVhZ+jzCMM7XHRQJMZY0HmDVsrhlRHYTqrTt9tpJMDXU/AVWXNOEv3rNuzYQsXdc0EABRrrJ1ExTH+KeQkCPHK/LeFWwnZjMvQzM67npULnbhHY20u4bMLk5IUAypBYzOw7gJ9Kn8oK1rC2kaVIWCD0IJrtzO7m3aysFi6CXaYUZH1MMvWBE6zUOHImQEAEHfzKsZb1RqNj5xF5KtXrbntLV1Q8vmVGInYnrpBAI20G0CnTE8VNtWNtWLAakqQAQJiCNQAZj30C4JgbwC5zbBbNZKC22na4hyTo+gzJvAEGNTTBeVjYuuMmqM3strmtgaS0SVAHkaYMRq7MszLh9SwBXyJr9Z848YB/SrjEyWuFyRpJZyTVt8vpmYVUTIWdCPurVrcscVsCJuKsD7WnXz0rOrzMiHTzOKRvEnnKxkx+JHQlW95QT8/xoPmoxzzilfG3GUggquoMjb+RFAM1NonmPxntlvXbvZ2LlyJKAtG05RMfKnLiXEBaUF/aIBVAZIid59keup10pT4gn91u6T3W8fDy1+FEuIo8lrT/o6EgF3KqWjSch6xG8GsYngQ8bKGBbce0XsTdv4nH2bHshgxyxAAUDvMDrAEQae7PD7WEyhQJjvXGEmJAMH7A1/CaQuT2X+0LdztLj3TZuEyJGlxNM0ayB0JHpViXMMz6loEHNMGdQdJ0gFd/LrW7hRZuDlcPkLAVA/DMat/E3laICgqJIOsTMESZ+EUfxGGtaAaglQYcg6+YM6DX30tcHuYc4y5aQZ+53z3tQZiG2bY7aU0YnBWvaKmV09o9Y/wBqE77zUzqmzEiog8vWQvFHKsSxssGVnLZSzW2Ua/skj/DTRxvFG32aquZnJ3cqAFWW111jak/g7KvGbq5CsJIIJbd13gaazRa+gy2CHaWF0tvo/Y9/U+Y18y3uly4wTv7RpzLkOoG5DucaS8ua3Oh0zKyyOjLI7ykagim44O9dtqclsgqCpyrKyoHdl9NAPhVNNaUtgkuMyocNbZSc8dqHk5IEZyoAjoDV88CebKqd07p/L5UfQ4RjZgDzBzdyWPH7xD5r4bi+0GIGHstcVlhgiZjCkanthp6RtSVjjj2t37NzDB0vu1w5gncZjM2z2/dgkkTPhtpV08eHc18arnmHGRKDVm3Hkenlmgj0k9K6DMFFmT4sLZsgReTO3BUK4VA6AlbCETpuyjQgkDRgevuqPgcFZxN42rtru6AgPJkBmGoEEd0QPEzNErPewqnq1gT65bb/AD7Nqg4vE28Jdw+IAVbTgJdKszLbckOpZjr3h3Tp3Q066SKmKcaXK+0IX+S8NJBtOQCYPbDXpsRvBj0kVonJOG9nJdA0T9cYC+ER7Ou3nRu/YF2LiOMraydj5giQQZ9/QnevLeHFrvuy5UG495zEmAI339dNa3f3jNS18I/X/sGdilh+ythyFUnW4+b2znJM9SF9460B40AL94RoG8/ujx3owL1u+pvDvBjFtgY0DHMYI7yF3IkaiBMTqjc+cdNvGX7YWQYMhiCMwBGmx0g++pOqxtmTSvvJW3jny9dgHXQb+Wk/hTTwHFC5lYdZ+W9UVwvmC7BSSQ++uVvlodBHSrT5Ex4d1UJcXKveBXr4jLPnUoVsGxlyAEVH3GNFpz+yfwqmsLgsUgC2jdZezeyILqBmtlluBYhQLhyhpkCOgq1OZOIC1hbznSEMZhGsaQDqT5Cq54Xxu1dtJnudmYIICs2+ntD9nN6FvKm+r5MJEBOk7Q/y9bvrdV2W+UN3QEuYX9Htr3lJ0HaC4dfM0zYFL2RpDiSWiXJAdQcs6GVadBtsKB8A4hauZoxGYsI0Xbp4abNA6GaY8LdVQPrtAN4p6ZV9xPPjA8yueG8QTty9/FWpQZbam4gPeYzPegnpt1pq5cIIY+0Z9rNM6nXU7eQ0qhgxuYoC5p3juI0LE66a71dPJFqEaCGzHpOnrrHgPjU/UdlAbyjENaFzt4jJiWYWZRh1DLMnKWE+8AHfxpSxuFa7aZEYqzL3WBKwRqNRrE71tj0CLdyQ05ToJ+0Pw8aX7HNLoby/VnIuZBEggXFXVg/7R0IXpVxYbE+0k08ge8snl9SLCSys+pLA6TPePxn41x5p4WMVbFpmyqCpkCfv/lU7hV0BBCr1HzoTzvzJbwaI7oSGYDuAEjusZgkSNNvOuf0+BNdg+/vGeqynUNiIH4fyZatNmbFXD02C+e8/0aP3+XkbDuiX2EoesgdTIB2NecBx9nE2xctXA6t1H4HSVPkYNdubONW8FhHuNJJUqqiJJYQPCBO5roDCntNfrc7csZ822b3etjpC/M1ZPBeUsLdIW4bhJGweOvgKqqy3eTyj8avLlUzcH7Kz72OnyU/Gl9QlKSOZETKm5gw62sTetoIVHgCSdABGpodmopzgf77if/VNB5ptRqHaXpimb9Hfs4zx3Z2npPvpj/su3bGfEXwGIg/aY+OrAn4KKUeJ3yuEusDBCkg+BnSomCx1tkM3ASWnfWkZD7xyqTVRnw+Dw36Yt6zI+rYM2uZ+8sAEmRtEbeVMr28wGYCOi/ZHu6++kM8Qt2msuxIUMAYBO+3lTFd5qwoUEswBH3D+QrknNnyoQLIs8SnLiTG4+kB8OT/xLEHrCeU+3P8AXlTlxC6mQgSTGwDSfD31WvDOY7TcRvNa+sWBmEFYAzSQSNDJHrJpn4nzThQuvbH9kdmB7zJ/CrsHqJjAKyLqcOPK96q99r/KLXIGf+1sS1w6m0wiZj6xNJJ+VOnGOGNdMtmgBlhdPbgNr6CNI3NVv9HnEhf4leK2si9mxAksQO0X2m0q28VbHZjQ6ajXyP8AOszYy3xGjGYwmMAY9x84j8aYW0AMKBoo8I0EU3XsU1lhdSClxQwn2TIBIJ6EEz76rjm61BnI2jEzJPWj/A/pCwlq3+j4hgVWV2krDEQQdCJmNZFZ0PThA2lt5Q/UURqXaTeYebC9sBUCyfaJB+A946Gk21Za87Aane4zaKgO5cn2F237xiAANjvMHOPChaDW0NxidAquvxJO1VjzJzbfxA7JF7KwDIt2xA9Wjc+ZmrPRZj3mPH9Sw4UI6dKY+TLf4LldBazAZlC22I0D22i2SOgOq/46AcRxdzDdpaezmBBt5SM72QzSSLZ/WJmIbSc2UT5b8BvTg7JH/KTy7wCz75BqBzDzavZJbxVhcSqmFeSt1NDs4IJ+IPnTqnFc6iTNOXv0QsOwxV3D5hm7NLrqAWIhSG0JEOCR+wetdsVctthlbE4hnfK0q1x3h/sygG25E6EgTAmgVi9g77DKcUvQKxtXN4+/bJ6DdjUjssJbUsTiWEEFR2NuQdwciAkf4hU+QLq3YfT+GIdQeSIzcPx3bNaS3bNpTLKp3RRpnfoiIu3oq6wtVlzni1u47EXE9hn7n7qqoX/KBRTj3O2ex+i4SyMPab9acxa7d/fckmPEST0mNKV+xMDXoD8VBH41TwIclcKuAMvjPlHzpr4lj73ZAoWtlSe8mbWV06a7dCaT+GXVRgWBPpTtwhGxmcYeEKCW7RjJzGBlyQTEayeo8akyY9WUGrgsDqEgYO/fFu6He6ym2Ya6Zk97Rc2rn2dpjWSNqM8iXLar9dlbNBANskiNCc2Xrppp+NccVytibaNduXrZTTOlpSCwOks3tNE6STqRtXvCsA+Utbe1czKArs6CV3WR0PSm5hvxcrwKC+5qWFwHiNjM6qqyrR3UC6EAr0E6HpNMdjEoVYsoGpjQTl0gmkHhPD8U1wM1zDWgFCwrq0gEyTI0Op/Cjn9m3spLYixOpIzqAZ2k5R8aV3qPh/SVFMbH4hxPnu5i4uBwAIgiOvUb1bP0ecx2TZfM0FY0nf0HToKqjC4240L0jvQoJA2JE9YJpx4LxEZH1mYIm23poVHnVOTp1yVe1RGPOyAqOI4X+MoVu5dSSsakaFgBsZP4dKk4dEdYDi206wVBMfekGR61X/EeYXt5lCLBDZWKFW1mSJPRjp6CoPDee8VaIhg48LgB+Yg0bJpoD2gr3AmX1wx4VRmzwN8wM+MwKTvptP8AdLWu9zafC2/+1a8L+kq12alkXNGoDrA+Jpe555wGOt5FVQlvXQhpYiNSNoB+dJGVLoAwsuHIi6m4iTy3cuLcm0zq0a5CwMT1y9KbOeMXf7MqUdrZtrLmTDBjAJO+9CuRFHbPp9jT+IU+cxYbtMBdHgAfgwn5TWeneQPfFyOiTcpW17Q9RVxck8SVrh3BJ2KkaQBvt0+dVJasfWAT1FXDwXgVsOCGafAGjyguhCwjKz5v/wDrcR/6h/Kg9HueMKbWOvqZ9oET1DIpB/rwoFNHHJxLL4hxljh3RV1MRO3tA61FwHMV64MrWLZ13WQdqmPhZUg5TIjx/DShTcuvMo5WfAQPd1qJySDOhjCgwnzNduJZW8pUFSO6WkakjaljEcz3nADKkRpAb/8Aqi+J5du9mVPeJ1DS2/mJg0vvyjifAfOs6QBUILeYvrbZwQPE25e4w1l7r9mrB+6RmyncHQnpp86JYzj6kT2ZSfBw35UHs8u4lZ7k+QJH5VzucExI/wCE38Q9fu1bYPBkRVvae8s8bu4bENetqGLgghuokE+/QU8//NK8bahraA/ajUb7rrPjoar2xwnEBv1bRrMedeXOH39fq7up+5/vWlVPM8LEn8U5sxF1mkJEmNDtOk97U7VBNuXLvHfJbfqxnaPOol3BXv8AlP8AwH+VSMrBBmRgdtQRt7vCvaQPhExiTzO16WjKJ1pm5Vw7ZWJQ+4jx8JpRTGldvnU21zHeRCisADrt/vUvU4cmRdK1FMpIjHy9xQ5rivcFtQWy55j2yd9uvjUDmgKVWHViWk5SI1Bob2gNpGJEsPHz19K4G8nhPqaaLnqM78I7rAgmfKpvE7kIdTqaH2cflIKokjxGn+qpuK40XEG1a6zl8/8AEf6NTvjcuGqJZW1XUXzbM1tZukDLHxmi2GxSiPLzH8vzoNi8R9azabmrBbbVHAQtwXhhd1BaAfKmPiXCrmHAu27uVtQO6PugmZ3pT4bx57TBgFJXaZ/nUviXNFy+AHygAkiD4iPyqPJi6g5QRxPMCZ3scSxjyP0hog5hJgjSRH9b0sFZozhscoRyJnKQI11I0oQiN90/A1cpNmMT5yZwhwjktaW6MsZW0G4123/nRC/xFTbdRgrAke2ASV13GuhoUgf7rfwmp2Dw7sD3Wjr3T/KtLULMcAGNCRsPhsxjKN9qsjlHlG3cRi9kHzzMPz9aUcLh3WItPMzJU+HoPxpt4bx/EWg2VPT6snod4IHU1yeufM61iNfedPDhQKbAJiPxWyEu3lCkIpYDy0019aCU4cYw165buHI5ZiNMum+seFLg4Pf/AOU3yroYHLJ3GQ5BobYR14HiMIMPbF42jCiQ0E/DegXN+LwhdRgoCZe/CsozSehAnTL8Kj4bC4xVgWWg6aqD8K0xHBsSQv1R67wKYDzdQMtFRVzzgV+8rk2yAxESfUUf5qxONt27am+SHBlVgCI1nTWguE4XjEMi2f8AIR+NEMXhMbeM3VE5YB0H4Uhhk9QEEVIyj6h7RVBJMzrTdwXGYx7kdo4H7On4UIHLGIHRP4j/ACotgOCY1TKEA+Vwj/po8tlSFIuM0GBONs7Yi5mLMwMd4knTpJqD2TeFN1vl67mZrsZmM6GfmQJrr/8AD/8AUivK1AAxyY9o3WFBolatisrKS8pWSrYqVlEbCsrKnMYZraQTsK637Sx7IrKymiKM54a0pOoFTGw6fdFZWUUGQ3w6kgRpUm3g0jVQfI6jbwryspniB5nO/g7Yk5FPqBUGVn9Wn8Ne1lAQI0Tlc4Zh3ALYeyZ3lBWictYM/wDlbH/tr4+nnWVlZdTJ6vK2CP8A5Wz/AO2v8q4HljBf/i2f4F6V5WUKsb5mECdrXLeDGv6JY/gHhXQ8Hwy7Ye1sD7I61lZTCZlCc34ZY0+otD/AK9PCbEgdkn8IrKylgnVGkCpKwnC7MOvZrBWduobT8/jXK3w61PsD4CsrKJp5ZLThdrfIK6f2bb+6B7hWVle8QTzB+KwKADTf0/lXfC4K3l9kV5WUDcQwTNL+BTKd48OlQLOASdBGvSP5VlZTvEVC9rCrG1eY3ApG21ZWUEKC8JaEzt6e6pLWlIMgVlZRDkRZgJ4B2HvqZhmrKymNxFXvOWKutO58KjdofE1lZQjiMn//2Q==",
                "https://www.google.com/imgres?q=kingfisher%20beer&imgurl=https%3A%2F%2Fstatic.wixstatic.com%2Fmedia%2F89a845_ea0570b09bd041c09603b2a2a9c226c9~mv2.jpg%2Fv1%2Ffill%2Fw_480%2Ch_480%2Cal_c%2Cq_80%2Cusm_0.66_1.00_0.01%2Cenc_auto%2F89a845_ea0570b09bd041c09603b2a2a9c226c9~mv2.jpg&imgrefurl=https%3A%2F%2Fwww.tallidrinks.com%2Fproduct-page%2Fkingfisher-strong-beer&docid=a28dOS-_gLfYXM&tbnid=6N-hbrzDhZRx5M&vet=12ahUKEwjE-PHZivaEAxW9SmwGHf5iB6UQM3oECCgQAA..i&w=480&h=480&hcb=2&itg=1&ved=2ahUKEwjE-PHZivaEAxW9SmwGHf5iB6UQM3oECCgQAA"
            ],
            "searchTags": [
                "beer"
            ],
            "reviews": null,
            "createdDateTime": null,
            "zoneId": "ALPHA"
        },
        {
            "productId": 3043,
            "name": "regulator",
            "title": "spare parts",
            "description": "spare parts\nautomobile",
            "rating": 0.0,
            "price": 410.0,
            "offer": 50.0,
            "type": "electronic-accessories",
            "brand": "deutsche",
            "category": "electronics",
            "merchantId": 53034,
            "quantity": 10,
            "status": "ACTIVE",
            "thumbnailURL": "https://www.google.com/url?sa=i&url=https%3A%2F%2Fwww.amazon.in%2FMotorcycle-Regulator-Rectifier-Stabilizer-Universal%2Fdp%2FB07K1WZR3K&psig=AOvVaw3WsqyfGmgwq8AmT9Lh89fD&ust=1710586253285000&source=images&cd=vfe&opi=89978449&ved=0CAUQjB1qFwoTCPiRt8SM9oQDFQAAAAAdAAAAABAE",
            "productImageURLs": [
                "https://i.ytimg.com/vi/YgeBJbQC-kU/maxresdefault.jpg",
                "data:image/jpeg;base64,/9j/4AAQSkZJRgABAQAAAQABAAD/2wCEAAkGBwgHBgkIBwgKCgkLDRYPDQwMDRsUFRAWIB0iIiAdHx8kKDQsJCYxJx8fLT0tMTU3Ojo6Iys/RD84QzQ5OjcBCgoKDQwNGg8PGjclHyU3Nzc3Nzc3Nzc3Nzc3Nzc3Nzc3Nzc3Nzc3Nzc3Nzc3Nzc3Nzc3Nzc3Nzc3Nzc3Nzc3N//AABEIAJQBDgMBIgACEQEDEQH/xAAcAAACAgMBAQAAAAAAAAAAAAAFBgMEAAIHAQj/xABFEAACAQMCAwUFBAcGBQQDAAABAgMABBEFIRIxQQYTIlFhFDJxgZFCobHRFSNSYnKCwQczQ5Lh8CRjorLxU5Oz0hZEc//EABgBAAMBAQAAAAAAAAAAAAAAAAABAgME/8QAIxEAAgICAgIDAQEBAAAAAAAAAAECERIhAzETQSIyUWGRBP/aAAwDAQACEQMRAD8Ac9J1u3vSqXhw/SQY3+NFNT0K2voeJgG2ysicxXGtN1dk4MtTtoHaaWAcJlyj1xdHQU9V0e709mMi8UWdnXl86FlsHFdJt7+11IcLlASPtDY/EUB17sqJS02mMqS8zET4T8DRaHYqcdal6pXPtttMYJrKVZAfdZlFRzvqMK8X6MmKeaMG/ClnG6szfIk6CPGKzvKCw6ssj92be4R+oZKvQzSC5hV4pOF3xxEbCrGpWNNjEtpbgru7DJPWgGut39+FOCqgZB6mmBkuHjJt7d5W+yFGAfnyoevZrW7qRmazC8X2pLiMfgxNRx2nbLn1SEddWt3uhDLbRBSccfCMj8qKXMMIjLByi9N85+tEW/sq1p5O8WTTUyc5kuW2+iGtrnsPeWyj9I6hFII1I4bXi3P8TD+ldDaatGWLT2L6e1RQG5juO6TJxjO+PSmGyg7uwgue1GpSWyXI4obS1XM8oHUn7PMcvPeo7d7a1uIFMBeKDHCoO+fXz86e7WSz1bs3a6gqhSkskQxvwkMwIzj92sm5SVJ0NpIT4rzSYpT+j+xjXJ/9S7mZnP1z+NWxJb3jf8b2QNuekkFyyuB6e7XSeBJLZJEVQrKDkDzFCLy1DNuTSX/Ku7f+g5/hwDX4Z4NZuFuFbi7zIDNxHhztk+eMVDDcRvsdiKZu3WnT/p+5uB3XdKqs365A+Bj7JPF91R3tjBcSMZ1QHPvrsefpW7WOiAJxlRxBj8Ryoxp3aE2oCyxKy/tIMEfKoZezGpxWcmpaZFPdWMTESyqn90cA4I5nnzA2qjbXFvLlJTHazHrIMxMemf2P4ht50dbGO1pqNteLmCRCeqnY1YJB3ByKQp7S9tT3i25hdf2Z0OfULnix67g+Zq3aa3fQqPabaaRP2wuP/NWpWTQ3mtGNBotbt3IBkAJ6OCuKtLfRncNkedOkKy6XrzjqmbpCaz2hf2qhwGmXRMf2j9a2Fy1UDNWd7UYDyCS3XrUi3K9DQvva9Dr0NQ4FqQXFywGzVIt467k0F4z0bNbC4ddhUuBSkHk1Bl5nHzqwmpYHvUuC6H2qkF0nnis8SrEKG5ZMb0YsdTZB4W28qD2cNveErDOYpeccLqSG9AwPPyyPia0cSQOVbKOp8SnYiupxRmmdD0vWuFlPHwmnfStdSZeCc5zyNcPt754yMmmDTtbKcILGsZQY1KzrWq6ZaaxCRJlWA8E0fvJXIe1undpOz8ha4vLiWy+zcwsQuP3se7+FN2m9omX/ABCVPTNMdvf22oxGGRVZWGGVuoqFFJ7QnGLOCi5llbjmvpvmCx+ua8e5t+l1eHPkQB99dRuuyumw3TLDa2kCHPCxtlYD49cetL17bx2s0kRhhUqd+FBg+tbZoWIkGaHOVnuFP7zD+lT2980TArf3KH/luR/Wj00ypkBEA/hAps7DW7XdzGWVVUMBkrTyX4FGf2WW+r6zqbSNqOojT7XDSCYgiRjyXff12p27c3NlpOnu95KkEWMZPvMfIDrRPtFqtv2e7O3N5HhRGhEYB3Zz7qjPqc1wzs2JtTvpb/VGa47glk7zfMzH3vkM/AkeQrZ1GNMj2Zd3F3MrXT5srMEDif32z6dKc+x0t9baGtpaWxnt52NxESw5EDf086R9e1iK4leBXQxRnxuRkZ67AjOK6RHp1xBbJYtcmdQgkBKBcgAAYA6Ab9fjWWNIpvewqe1sVtZxwuq98q4YKMgH0oTd9rZHJ7tSSOgWqmoALbLHwqCOfhwRQHTdas9Pt5b+8t/ap5Je7sbV/wC7JH25PMDHLzz6YFJ9M244Qe5C12wvJLrWZJXDrxxrseZGKKrYaxp1u11qSXiwOA6SRwiXn1O3L4UF7Yare6xqPteoOjyNHwju0CqqjkAMcvjv602aHr+prbCSx1GeGFEVu5eQyqNuQVs7Vo3qzJRjKVXQGlutTvIwLfX7h4XHu946kD+HIqsdEX2LxT4K5CcUfCMjpnnTksGmdqZ19stotO1jnFcRrwRXJ3AV0PI+R6+Y5VJFaJaXfcXkDwLEwWRQqlgfLcDiB9fP50ntEz458cq7Ob21+YkNnfJ39su43yY/VT5enI0Y0nTdDlkVLy7kt3lJEUi+FJPTi5g+lMnansha6i3tdv7FayScQR4DwRyMOrqx2LenLyNJVzpF/pkDC7gaSykbDcO+46qeWR/sUn0A5T9l4FjEdpeq4bktxIj5PxPiH1pUvbCSIyLbhneMEEQgnix1wOdDhdXFi6qX763O6PvnHp5fA1Yk1CIuGjlfDYyqZyfQis/kmPRTTUrhcH2jJI5Gp01qVB4lVvUGrFxGSoYRpbKFAaOZXw/rkk4/CqzWNtwlmjeDPUAyR/Ig1opDw/C5aao91MscUTGRzhVyNzVtrxopzDIhSUe8h5iladUinIhl7wDdWAK7/OsnvJrmQvcXEskn7TuW++rMxsF8QcEnPka3F/tvSfPcvcyd5cTvJJwhQzknAFarM6e7LIPgaKGOq36+lbC+U0lrdXA92Vz/ABCt/bLzGzf9NJqwHQXqnyrYXaHqKSvb7xdzv/LUq6jd4zhWz5H+lS4IpSLfaHRLrRL8wyhuDizHIM7jp8DWvt0l+kcN+8ZkXwpcSbH04z1+Ndp7SaFbajZOjx5iJwc+9E3l+Rriuu6JPpF40MwYqT4JMbMPzqYysGiq7NHI8b4JRipKtkZHkRsRW0d3wEYzVYK6/wB2pYeQNTJGrrl14T8a0EtBW01Yrjf76Y9N1woykPjHrSR3AByblAPI8/uqaOeOL/HcnyVahwspM6xb6oLtV7xlJIxmrt/o1pqVn+s95V/vl24fXP51yaHXmgA7tMkdWNZNezaknHdSCZOiTTMVHwXOB9KzXC2xuRvrEEljfNEt7b3MedpInz16gcjTN2a1vUZZobHQrDjbIHeOCQPkOZ2O2foASFVIlIaR1t1QDHeFBgfPmauab2jn0m0u4tICQe0KFe6xiTHkp+yDty8q2fHJK0QpBb+0DXr3UL9rG4vRciF/1hjOIxKAQcdMLnHlnNC7We6kjbTNJWNkACtdKSfEd2xj3jjbbehFhFNPPmE8CIPfbko86co+1Og6RpcYtbaS9vCo44FBihVuveORxSfh6CiVxSbVkO/R72b7KRMS3srXMic+KQYH8XDkL8CQadl1XT7aztLie/sGFqxgmeOVAi4G68zvwkbZNcwl7SX+uu8epavDY2i+5awW57r4BVH41qsNk2OHX7XPmbRtvupwXI/skTil2x87Z6lHptlJPaXVuwmTiiZmBDqfIeeK5MssryK8sjOYxlVJ6df60dNpalCBrulkc+FoeH8RQG7iFtdOiTRyqhGJYj4WH+zTcGaqXoy/vBMwzEpjAwM7H6UR7FteSazwWJs0nePAa6bCAbfU+nWtdNgN3EW9q06ExnA9qCgkY5jI5b1a/R9xwNi90hhjpIBTURZbs6NF2aZgZ9X1239qx4ZAFjVSOQILcvpXst7FqES2U9xaLd2nhW5WUP3g8i6kjHUE8uuOdcfuZZbeUxyRWhZTzTiwR8Q1eW2oTW1x7RbLDHMu3GpfJ+OW3HxolQ8m+zrUF9LYXc0V1BI0KNw3EciZVSRuv0p0sZdJ1zSTbQwo9uqeOz5lFH2kPWud9iu2VrNA2nashMMhBChsmEgY4k8xgDw8xjqKuz2Mun6kZNIn7xCveB4D4SCQAfQ5qGgA2u9i+Dv30phc2fGwaNcEowPIdA45FevLnXPZ45bG5McmzZyjDYMP98x0rs2k3neQtYxCIvxDaZdsZ8QwCM/OhPbrStP14O+nYiu7cFJ0deHiPRhjy5Z5nbPLIXQznbalD3A/4FDMOchbJP1ofLfTvJxq3dt/yzgfSsuYLiwnMN1GUdeYNY0COOJRz3+NUkg2V2JfLO5LffUionQ5+FaEIpIYYI863U2x/wAMfM1RJtwqN8V6WUDOa84oMZEKH6/nWcUPS3i+lAjwyoBsxrPaFA981t3kY/wIv8tYJkyMRRjPktIZ4LlOr16t0o+0jD1rfv06onzAr3v48Z7uPHwFKxpH0vb3S6rC88IX21VxPB9mZfMetKfabSLa9tynvRPspI8SHyz5j76kjeWznWSJyrKfCw6H1olPcx6rG08S8M43uohyZRycfCueSadmhwzW9MuNJu2hlUlGP6uTGz/60LLZPSuyarpMGo2rQXK8St7rHofMetc21XRE0uVlur1EyfAqxEswrWErIaoCEY+0w+VeMBjmfnUshtUyIWnc+bYWqwUeRrQTPQAdiSPjRmG2tLBEaaQXV04BWCE8Sj+Jht8hQcBjz2Ubmjel6Bcy263sk0drbHlLJIFz54A3NXAlkF3LJM//ABTYI5RLjb8qlj09pIlnvW7i1HLPM/AVZe60zTRixT2u4/8AXlHhHwXr86GXkt5cy97cF3bGQzcgPSqbSEtl5jLfIltZRd1bLsATjjPmfWvJNMe0KC/ti7H3VLlQKuabp1ywtWtXlhmAzlV8XEeoz5cqI+xXWpdo7WylmaSeRkjLO2eHPPPy5/Cs5S9jXZQh0Pvbmxtks4BJeQ9/GPaH8CeLd9ttlJ2z0qt7FEbFbwWsRia59mQCZuJ3ChiQMbgArk/vL64YZb6KRe0WvxZSIqtlZ/uoQAMfyKD8Sa2trSO31fs9pt0B3em2pvLsHo7AzSD6BF/lrPyyNMELup2MWm3NxBNBAzQEK/dzOQTgbD64+NUGjFxB3tvalTnYcRYyD0G/+xTJcTs3ZW9vJ1JuNVvTnHMhMsQP5mI+lGEQWHaK5AIkj0HTBCMdWiiCn6yl6HytocYxvZzqKRY3DMqOMbhgcY86ZotIVtVisZDAvFZLdSMtuMx5TjC4PPbh39aB6jpU9hZWd4+DFdq/drzI4W4Tn4mr+gatDbtqMt/K5uZLB4LaRjkk4ChSfQAD5U8nWiEkQR2cd1pntjJwkzd2oCgA+EMeXPmKryWAELu4jR1wQpYZP8p3pjvIkh7K6HDHgd4txO49DJwD7o6ZLzsrdX3ZG416/jSzEVvxoFOTKgG2RyHyqM7Lol7Df2daTrGgWeq6gZ++kTjZIpe6jUZ8PIcWcYzvzpr1bsWlvbrLpEgSRRtA8xJkH8R3z/vaub6T2ku7LTo7KGVu7jwFXyGNqsXGvancxgNI/D1Gdqn5XYOkM1vpy6nFcW9rfCC+VeMwjClX6+hH/wBt8c6WtWl1K0tpoLoLFfW3ECwbD92QASoPvEEb77bZ2oPcXt/b3UV/AGSSLHu7EgevmN8GmLS+1Oldr0Gm9qFW01FiVt74DwMP2WHT/fwrSmOLj1ITotStL2D2HXoiyqOFLlN3j9c9RVPU9Ln0u2R45Rdaez8Uc8YypON/4W81PyJq7rvZ260zUrqykKma3w2VORJGR4WHmPyoUl3faaZ7c5RXBSWPmrfLl5b01/CZRceya7tO9jF2jx3NrsomRPcJ6OvNT8efTNQpZwynEUUZPQbDNUrO8n06YTWshU4wyndXX9lhyIo69slwVNmFhuGAf2UPlJB+1G39DuKszKXsCIpLqiAc8ChqQ8WQCCRRS4u7l4TEMMFOWjZfEpFCXbMhYNwnyFJjRjIEzk7+VXYoHmgTGMfCqB8XvHJ++r1tLOsSoqZUedIZThlls73vI9nQkbjP3U02NxptxbozzW6SAeMOmDml8WzGXvncrJx8Q9PKve5XiZnckscnG29JxUuzXj5pcf1PovWNKIlKouXI5EbN/rS06zWsoZCUZeR6g10y7jW/t+OMjI5EcwaUdYtmVwssBOPteddE+NTX9MIyaA4u1kiLYAc+9GBtnzFBdV0+31W3eCcZjY5BHNT5irV3HIjl1BXB2rEIfHdDB61wOLgza7OUavpU2k3TQz5I+xJ0YfnVRI5G91CfhXUtW06G+tTDMnERup6g0lXsL28xhddxyraM7IaA620pIywUem9H9I7PteIHMjcCjOGOc59OVVLaAyXCR9WO/wABXQezdgJpYoSMKzDix9kDn91OUq6FFWIeq6NLaNxnhdCeYGDUUeoSwRCJURlBI3XJGRTp2tdLi8mkjRVQthAOijl91JV0Vgjlb51Kk2N6HDSdU7QtaR+zWekQQug/WGJuNh64cnNaBG0y11HUp2VroxGGNwpHjlyp4R0wgkPxxvXOYLy6tzmK4lTH7LkA/KmdZbi6tNKsZpnea4bvnLNkjj2X5BQPqa15GsSIp2F4reOZdB0aT+7kY3V3t9k74P8AIp/zVHNee0Q9odXY4e8dbSH+di74/kjA/nqrHel5NS1FDgCPuIvQNhRj4KK1zGttp1ozeDLTy/FyoH/Si/U1ym3Ybjt4v032d02UDuLKJLi4+O8r5+IUfWqMV0RoesX0mO+1C5RC3LJZjK3/AG/fXst7H7Vq14T45keGA56bL/2Cq2Vljt7AbgSksPUhQP60UAVvLGG81rQ9IulX2e3tIxc5JHhwZJeW4OM0gyWU8Vqt0I29ndgvFn3WIzwn1p0nu+/1HXbw5wtpNGG8uICAf/JVC4iJ0SzgAz3s0kmPPACj/uqouhNWCLHVWmNrbalM3s0EYgjYLkxR5Jxgcxkn6016l2ie47NT2FtdtJa20Hd8APh38j150A1ns5INbvbTRYXlEUrIkQOXOBvjz5GgK3UscckIdkWVeF16MPWrxT2GTWg7ZSqkK5IGw6elWluwPtkfCgEV0pCo3hIGM9Km70r1oxY20GJrriXhByvXNAr+3y7PDkZ5gVN3xIrQuTsc046Je0W9K7RXVtfW01xwXHcoYTFOMq8R34c8xvuN9jyxTD2l0Ow1XRYdd0O7TgLpFcWsjeOF+QVj18g2NxjbrSZPCrAkDB9KqmaSHIyd8DByM45U8VdjU2lXovSaLMI3Mv6uReSkZDfAjr8aqNb3NugJ2AORjofSpUv5GTgNweHGMMax2LjDSKaZFE8d+l6Ql8THOAAt0Bz9HHX48/jyrW5tQkoF1EAx5MvuuPMYqsVi5mQeu9Tw3yInszHvoD9j9k+YPSmI8fggbhVAD5YrVpJCnGEbg88bVYaMBOIAzW3IuB4kPkfL+tQNZSO2IpO8iPI55fKkBWabfbn6VpxMeZx86O6Tp1uJuC4j4ww8JJ2DfCifsFup2t0yd8451Lmlo1jxtqxt7F/2jS6YkdpqiTTwxjhWZN3Vf3vP4jen09tuy19blm1KONscpkKEfWuTyaKGcy2+EJ6cs177C6jE8TA+fT7q0fK0Z4JjhqutaJIT3V8kmOXdqWoENRiaXMAIHrtn5UKOmKqd5HLjJxw8OajZHtGAdlYMMqynP/isZ8mZcY4jQZo7lAykAjyoHrNj7SUEShpDvtUcF1w8mxVC51Qy3PdwMQMcIPnWa0yjzTrFopSXwzFuHI6Cn7R19m0ye6IwzDuk9CeZ+lLmmWrOIh9ry655U1SQsIYLIKF4AAf4idz+H30SkIV9ag4YIifecM+M8lBwPvB+6uf61JuU6Fs/KnLtPrlp7bNDBxSBMIGX3QBsB9wpHu4nvbjKMoGOtaQRLKlhavd3UVvGMs7fQDmaYrNgTe6gSOGFe5hA/acFdvgvF9RQW1je1uBKsgyARkGrMblYimfCxDYHLNXLYkFmi4LWyswwElw3eN5DJ4V/qan7qO4ubqGPZAhWM+gBA/CgaysWA4jxDYb0U0nVYbC/juZ4mkRCCyrjfByajEdmzR8enRyrxZik3GOhHX76lt8WeqW9zch1hdFfixzwCu3zU/St9N1+GG11KGW0772t1KtnARQzHGOp3xtVntIGl0XRjBCO6itivfKc8eXZ89D9o9Nt6FEdgm3uyumXcb7y3MkXI7YXiY/9XD9Kti6R47BcNwW4HHvzJbJx8sUNEDi0W5AynGYyfJtjj6MD86KaPpclxfx2UvgedFdcnoycQ+7FJxAOdjL+BO10V7dTxoh9onLyNj/DbG/zpTXT7fUpH72aSJyifrAgZeIjJ4sHOfgDVN48XBjIBwSvzqbQ7ia1a4W2gi71T4ZDGC6jyHkKOlaBRydMqaxo13o7otyEeGQcUUqHZh+IPpVFJmUY3YdKM3dpqF/KJJ47h5T9tmH9TVObSbuIEtERgdN/wqoztb7CfG09ElrEHTiaQZ54Aq5FaCQbZz8KzTtJuniEnCI8jk5waL2WnSKmZ5ct/wAuonKXo6uKPFXyAV7byW6BwA2OY5UMuZpGkIRR3be6AMmnyzTRbed/0zMi5TwrNJgEdTsRvSteGLTrwXVjkwM54Fffbp9RvT45N9mXOuO/gW9K7I3WoquInjL8izBfxr2+7Ba1ZqWaBZFz/hOG2+FH9D1xJYlljJBHvKehxv8AjRa518OnAOfzxRk0zOkzmn6KiiuO6upeEk4BCjGfI55Uc0zSNHjSQXkEs0o3HFKQhHwGKt6/aR6tC0saj2xFJUj7ePsn+lJq3UqjMcr9N84NVbZFIbprCGUssNrFZuo/UvEmEmQ5yGGfFuDvzoI8ctlOe6HcyDnHzBHmvpVzQr66u2MMq5T7LcGCx8qYtQs7I2DR3rBI4lyZs4KHzB/pSyp0yscugXpF3Z30imUtBNGvgVE4vnz3+XlRaVbQY4b6FhvzVkP0IpE72Npj3TniVsrJw8JYdCR0NFrfVo50CapJcQSKNpYCAW9CDsfjRKHsIzx0PQt5IjnBNTLKy+8u3rTZc6GR7q/dihtxpTrzXI+lby4X6IUgPmGT3olJ88VFJolldv3mOFsY2Yj7qItYYOwIqe2t+7GcHNYS45ItSQDuOycZTEN3KAeYKV7Z9mYrMg91xv8AtMaaN167YrFbh3HSoxkO0DJZGtIrbuYSDnM5Od/hj4CgHafVJIY3NsJIVZce+cnbemi4lEgIA5/7/OkbtxMkl9HCG4AseW8sn/xRGLsTehTVe98bbgnABrdkFvb+EYaRt/QVseFFCjO23Ib1krBipc+FRkjat6ZFlSWJhtjG9SyxgOUXko2rBJ33CxJ8RDcOAMfPNY0gDl/PpkH+tKmBltF42ZhuFyK1ZNs9TWLc7O4U+Fd/hUft8RTHdtnz4v8ASgZPHHw2/EAAGby8qa9Ns9QfQoIhFlJFYnO3hbcH45JpUQtLZYQHxZCb9TX0BZHSYLeNBGxRFChc+QxUSniNRs5bBoF9+jnsu6HC0xmLb5yVC4+g+6r9hpepW+pW2oG3ieS3VFCMTjwpwDPyrp8dxpOQTA/+fNTrcaKf8KQH4j86zybKo4xd9jdSuJTJGYxnc1vo/Y+9s3uHmHG8mOEqOWPPNdpM2jjGIpDj4fnWpudL+zDICdt8U270C0cqHZzUDjwKD6t/pXv/AOPX67lYz/N/pXT2uLPPhiAzyqJp7Y8oxWdUXkzm/wCiL0c4kJ/jrU6deA4MAJ8w1dFaSAnaMVqXg8lFFjs5jqHZq71GEqUVCNwetVn7E30sBjI6YB8q6wkkA5Kv0qX2iEjcA/KmpNEtWcbtOwGr20wkSdVI5EA0SPZDVP21++upG5h8h9K8NxD5D6U3NgkjlydlNUiIPh2OaC3XYK+aZ5NwpZmAVeWTnFdq9oiPQfSte9g5FRil5GGKORaZo0+kn9ZavKwB4W5cJ/L0qvrdmdRKRyzSW0Scx3ecnzrr0iWrk/qxvQy80y2kGeEbcqMx4tdHN9D7NacmS80dxIfd7w4A+Va6n2Gv+MPpccdxGTvGXwU/MUx6hoCDJiYpjligjyavYOVhuJOE9Vq1NtktH0a8KPzFVJtKt5AfDv60vaT21tbpESVgJDt4jjemODU7eZchhjz6V2/JdHOC7nQQTlAvyqjJojqcBKa0niceFga24kPUU8n7ChIl02Rfs1UmtZAMYFP0sMMh8YyfOqstjBzzv50JxfYWzn7WZJwPnXKO27FtZvY2+ywUfJR/rX0bNp8D4UnJJ2r50/tHQwdq9UjPLvcj6ClOK9BbF2yDtKBkkDHOvL/xMuNjyq9pEXHCPWTH3ChuoHDsvlkVDQyxbR93IG8lz+FVZxxXDFOZNF5o+EyHyjY/eKFQDivUHm34A/lQ1sCdcorqeqb1QA3ondngYnzShqmpa2Ug1Yy8MSL5GuiRaq3AAW5Vy+3kwgPlRy3vXxz6CsZqy4sehqv71T2mpccyrxZzSOLx8c8VNbai8MyvxcjWajstvR0kTkA4rDcNQ2yvUubZXRs551MZcCuvxIxcy0blq19qI51TMtamWpfEhZsuG7/erw3n71DpJd6iM1T40PNhb21hyavPbz+3Qcy1oZqPGgzDR1D1rX9JetAzNWhnak+IeYeOpetefpP96l5riozcGo8Y8xk/SdZ+k89aWTcVnf564peMeYwSXyuCDQy5ZHYVRMx6NUbSMftZowHkVbe+s74d2WUMfsucH5VvZ6pqOlO3d30pVT4EY5AFCp7OKVsxkrxbgit5mAXhJ8IGMnzrsVmQ22v9oF/Ao72NJB5jwmiUH9pscQY3CSxn13A+lc4mJxgUJurkOeGMnhzufM1WbRNHbYf7StMlxm9ijJPN34cfWiUfbK2mGYbmJ+IdHBxXzq752qIIsjhQgLMccqPI/wADE+lX7Ro/NwcjpXFf7SZe+7S3c2+H4SD8h/XNULoFAFjZlIAAwxH4UNkDzR4eRy4OxdiTiifJeqHjRPpNx3cfDncSZx8R/pVTURi6kz1Y/fU8cKqPC4B/rWXkBmnVuIBcDn51D6Akt7kzjfrEw+ZAqhE/d3iN5N/v8aIWVjcTOz28TOie8V5DNVltwsjF2C4bG9AE10O8gD8+E4qhbAM7KTtw0SkhcQOMHB+6obW17z9XCON+e1SwIl8IYDzohZhniDofCDuap3FvLA7LMhQtyB61FvxlFJCscsoPM+tTouN2Ho22AIyTyxUghmf+7glO3NUJobZ6he6YD7HcSR53KBvD9OWfWrI7Ray44TqE3DjkGqaiNhCw1ObT2wrnh6o21HE7TWLD9fOIW8nO31pI764OT3mDz5DeoGjaQ5kJJ9TVKbRLVnQj2h004/4+1/8AeX868PaDTet/a/8AvL+dc9FsM8qtW9iHYcY2qs7JxHf9OWLnwXlu3wlX861bWLM//tQf5waXY7WKMeFB8cULlXhkcY5Gk5Aoji2rWY3N3CAf+YBWo1S1f3LqFvhIDSp7PDJpk8kpHGsihRjf13oVh4m4omOB99GQ6HttVtRnN1AMc/1gqP8AS1kRkXUOPPvBSpYGKd5Y3IEjKO7z553qC4tnTDIFIZA4AOdj1p2FDi2p2nL2q3z/AP0Fa/pC2JwLmMnyDjNIjseMYaiekwiSdWOeFD16mpY6G0yHuzIVk4F5sVOB86rjUbRvduYv84q5Lq9rY2Jjky85baFdz05+XKk6YI00kpjVC54u7SkrYPQze2wMMi5iwOZ46ntO8vmZLHiuXQZZYEaQqPM8IOKVLURSSYupAsWMk592rE2lzIEuLXvmikyEmgVt/Mbbj4U6AbNb0WDRb5oraaeRDnAlYHh+gH30EfxA586ysq4dCfYFvrmUPwBsA7VS6CvaymIjbnVjS1DX8XF0yfurKykMKXG53oe4xlhzFZWUMZV4yHGAB8KaOyGnW2ta5Z2GoI0kE3GDwuVIwhYEEfDHzrKyhdgzpEukWGmWgtLG3WGFTyBJJPmSdyfWlDVNJsi8lyYR3g5eWfPFZWV0TSoxXYHlVTxDHPn61UtlFpfosIwJNmB+X517WVzyNAZq93LJeyhiMKeFRjkK906NWYFhnJrKysZdHVwl7ULaKK44UGwH1qNIk8qyspGfslWJPKtu5Q9KyspCZNb28ZO4q+IEUDhGK8rKpEslVB3efWgOpEHUmjCqqhgMqME58/OvaymHoI6lptva2aLHxHi3YseZpckABx0rKymMgmjBjLjIK8sGvY14mVeIqr8WQOW1ZWUehB7T7GDUYtOjuly00bEyqAHGGYDfG/Ic81au+0F3p+nJ2es4bWK1y+ZhEDMd/wBo8vkBWVlOO+wYFf8AUhQnvFc8Z51TkYrdMM7DIFeVlWvsSyaCNZZkDjI8vnT1aXEljpEBtyBlsbisrKl/Ya6P/9k=",
                "https://encrypted-tbn0.gstatic.com/images?q=tbn:ANd9GcSks0zlUAKlLcSb3o8a9UiQCYh0x1s20wmgqfONxhHrAg&s"
            ],
            "searchTags": [
                "Rectifier ",
                "Voltage Regulator",
                "regulator",
                "spare "
            ],
            "reviews": null,
            "createdDateTime": null,
            "zoneId": "ALPHA"
        },
        {
            "productId": 3059,
            "name": "Mobile",
            "title": "Samsung s22 ultra",
            "description": "he Samsung Galaxy S22 Ultra is the headliner of the S22 series. It's the first S series phone to include Samsung's S Pen. Specifications are top-notch including 6.8-inch Dynamic AMOLED display with 120Hz refresh rate, Snapdragon 8 Gen 1 processor, 5000mAh battery, up to 12gigs of RAM, and 1TB of storage. In the camera department, a quad-camera setup is presented with two telephoto sensors.",
            "rating": 0.0,
            "price": 125000.0,
            "offer": 59.0,
            "type": "mobile",
            "brand": "samsung ",
            "category": "electronics",
            "merchantId": 52963,
            "quantity": 1,
            "status": "ACTIVE",
            "thumbnailURL": "https://i0.wp.com/www.smartprix.com/bytes/wp-content/uploads/2022/03/Samsung-Galaxy-S22-Ultra-review-14-scaled.jpg?ssl=1",
            "productImageURLs": [
                "https://www.jiomart.com/images/product/original/492849213/samsung-s22-ultra-5g-256-gb-12-gb-ram-burgundy-smartphone-digital-o492849213-p591054083-12-202202222118.jpeg?im=Resize=(420,420)",
                "https://feeds.abplive.com/onecms/images/uploaded-images/2022/03/07/8d2debcb5d0a6cfe230f871163b0faab_original.png",
                "https://encrypted-tbn0.gstatic.com/images?q=tbn:ANd9GcSzIBdoUHAkz_o22Zkx3h4ziP1nmU9Im1wC4A&usqp=CAU",
                "https://i0.wp.com/www.smartprix.com/bytes/wp-content/uploads/2022/03/Samsung-Galaxy-S22-Ultra-review-14-scaled.jpg?ssl=1"
            ],
            "searchTags": [
                "mobile",
                "ultra",
                "S22",
                "s22 ultra",
                "samsung"
            ],
            "reviews": null,
            "createdDateTime": null,
            "zoneId": "ALPHA"
        },
        {
            "productId": 3177,
            "name": "iphone",
            "title": "iphone15promax",
            "description": "use ios \ncamera quality",
            "rating": 0.0,
            "price": 160000.0,
            "offer": 30.0,
            "type": "mobile",
            "brand": "apple",
            "category": "electronics",
            "merchantId": 53754,
            "quantity": 5,
            "status": "ACTIVE",
            "thumbnailURL": "https://encrypted-tbn0.gstatic.com/images?q=tbn:ANd9GcR8lyXawcejeu5cpWqma_ZbaY5ubV-_rUAxYk1PsEdOcxIMiffHeWgP5_UOMn1IpxzlMCo&usqp=CAU",
            "productImageURLs": [
                "https://encrypted-tbn0.gstatic.com/images?q=tbn:ANd9GcRL4GvfA-KtCBNwDUVM-h_5pe8gsgMyOg-hcw&usqp=CAU",
                "https://encrypted-tbn0.gstatic.com/images?q=tbn:ANd9GcTnCR-MsxMh7p_J8aYaN7ViPPdum6zGX8LnZQ&usqp=CAU",
                "https://encrypted-tbn0.gstatic.com/images?q=tbn:ANd9GcR8mCCW8IFp_1kbJ-8jvGh65n0DGeJHOT48lw&usqp=CAU",
                "https://encrypted-tbn0.gstatic.com/images?q=tbn:ANd9GcRPqP3V5Fhvw7S93S4b7iRffg1WnzQN3zx2MA&usqp=CAU"
            ],
            "searchTags": [
                "APPLE",
                "IPHONE",
                "phone",
                "mobile",
                "ios",
                "i",
                "iphone",
                "apple"
            ],
            "reviews": null,
            "createdDateTime": null,
            "zoneId": "ALPHA"
        },
        {
            "productId": 3350,
            "name": "mobile",
            "title": "redmi note13",
            "description": "camera quality good",
            "rating": 0.0,
            "price": 20000.0,
            "offer": 40.0,
            "type": "",
            "brand": "redmi",
            "category": "electronics",
            "merchantId": 53251,
            "quantity": 2,
            "status": "ACTIVE",
            "thumbnailURL": "data:image/jpeg;base64,/9j/4AAQSkZJRgABAQAAAQABAAD/2wCEAAoHCBUVFRgWFRUYGRgYGBgYHBgYGRgYGhgYGBgZGRgYGRkcIS4lHB4rHxoYJjgmKy8xNTU1GiQ7QDszPy40NTEBDAwMEA8QHhISHzQlJSs0NDQ0NDQ0NDQ0NDQ0NDQxNDY0NDQ0NDQ0NDQ0NDQ0NDQ0NDQ0NDQ0NDQ0NDQ0NDQ0NP/AABEIAL8BBwMBIgACEQEDEQH/xAAcAAABBQEBAQAAAAAAAAAAAAADAAIEBQYBBwj/xAA+EAACAQIEAwYEAwcDAwUAAAABAgADEQQSITEFQVEGImFxgZETMqGxQmLBBxRScoLh8COS0TOy8RVDU6LC/8QAGgEAAwEBAQEAAAAAAAAAAAAAAgMEAQAFBv/EACkRAAICAgIBBAEDBQAAAAAAAAABAhEDIRIxBBMiQVFhMoGxFEJxkaH/2gAMAwEAAhEDEQA/AAth15gewlXi8Unyoqk9baCBxeNd99F/hH6yHaebCDW5HrwwvtklagQfPqf4YH9+qfxQeWdWkTsI3imHwiuw68QfqPaSKOJqHcD2nKGCtqd5IW67Q44Y9tHnZ8y6iv3A4ikHHfUH7wGGw4S9ifInaSnJO8aVjkiR5pWc+IOkDiMWqC/0g8VXCDx6SoquWNzGxx8gvXmV/ERVqtcnTkJCOAfoJdZYrR3poBzbeyj/AHJ/4Y04R+k1iOirpqY7AYXO2ZrARUqim3oOKcmkiB2e4MSc7rpyE1QWP/eqaC2YC0kU3DAEbGebkm5Oy6PjL7AicqUgylTzksJeORPCAmZLx6+Skw3DjTfMlj58oXFVn2yj3lyaY3tITUQTrHY/dK2BLBJIqRXI3UwiYlTz18ZZHCrA1+HIw6HrKExDwSYARZYKmSjZHPkZYDDX2M0X6MvhAMOl2Esysrq2ITD2aobA6RDtHhm/9wDzk2aMpS0i3xqjF8tMsbQbJrA0+L4c7VF9xCjF0ybh195O4tPosi012PCToSOSqh2Ye4hBOC0Rys78MdBH1BrBO7Bb7HpNjFt6JJr3MccOOg9oo+i+YazsByknQPFAGwSE6p5+Ag34dTJsqNrz5S6YjnKjiHFrd1Peasjk9Lf+SiHOTpEPE4VKXO55CMSs1r5LDw0gadRdS9yTzg8TilPOw85RFyQ2WNS9sv8AYf8AfF8Z0YteplW+KQc7+UC3EFvYKSYxTkJl43jr5a/cuziFPMQeIdrdxSZGw2BrVNQoUeMtU4ZVtZqlh0UfrMefj3RDmw40/a2ZjEo17sNfGBvL3jfDESkzZ2Zh1Midnq9IUznte/OULy/baQj0yqZzyB9pzM3SaWpj6GwQt5Ccw3DquJNqOGY/mOijzPKbDyXLtM5wSM5g7u4QkC809Pg6LoXJ8L2mg4T+zDvipiatjvkp/Yuf0m94dwahQ+SmLj8Td5v9x29IM4ym9ukOhljBdWzy5+EJTTO1Jsu+Zla3ne0HhsbTZgiH22nsrWYEEXB0IOoPnPKu0NKngsQUyZVbvoQPwk/L6G48rRM8GvbbKMPlJupUjoSPCyBT4xSP4pKTHUzs4k7xTXaZWskH00drNyjAJ0MDreOCyqEeMaFSmpOxtorR+WILCMQKrhlcd4XkVsAym6PbwO0sQJ3LOMaTMf2nR2Co5A5i3OZWtgmXbUS/7cVz8VVB2Ez9HGMu+ojI9EOT9TIpEeDYadZYNiqbbrY+UXwkYd1l8jpOBLHsxTD5w+Y2ym4exHhvJfHUakmZC6EOQe8SLcpnMOHLZU0J00awNo/GVai3R2J1uRe4v1gtJsJSaRa8E4tWZypqMdNL2mxwhzpdiSRPOeFOFqKfG3vNjRrMp0MVNKMrLfHi8kH9pkxuIVFJGntFOvikfV6evURRXGBRw/ALGcYqVNEQhfE295VYypURbnKPDeXdXFUm/wCnTqN42sPrINfg+IrW7mRfzHWZBxitqhcpxUai3ZBwlJnXMzHyEP8AuSDfXzMnp2bxCqBnWw5CBqcCddXzH1m+pFvTGY5LitW/yyIWpr09JBRGaqHVGIB6TU8N4dSXUhb+MtkVR8tvS0z1EukTeRklJ8aqvoqExeIYWSllH5jOPhcS2r1Ao6CXV5o+H9mcwVq7EX1CL81t+8eX99xBhGU3pIjcq7MAvBQ5s7O5PLXX0Ev+G9hmYXKLTXq+9v5d/e01eP4rgsAAHZKRI2+aoR48/qfKP4P2mweK/wCjVDtYnKwKvpuVRgCf6RKoYa/U7Ac/ojYDsthqdiU+IRzICp6Ab/WXGoAVQqqNlUAAf56Q62OoNwdRPF+2fbrGrjK1KjU+FTouUC5EJYobFmLA3ubkbC1vEl6SXRi2eyJXNwD5eu//AD7Q15k+wfaFsfhi7qFqI3w3IFlLABlYDluLjwM1FN7j/NPCcZJBbzHftL4X8XDfFUd+gc39DWDjyGjf0zX3jaqK6lGF1YFSDzBFiPabF07APnpJZ8Lw/wCIjyjeJcNNCu9E3uj5Qeq7q3qpBlpQphVAEbln7aXyAw+HQEw9VANrxlGoV25zt77yWthc6VAnYjmY5ajdYmWdCzaMWSS+WPWu0eMQekFaNaY0hkc2S6TMrx3hbVqrNm9JVt2eqctZq3NyZa4emQg+XaIWWVntz8XGoJtb/wAnm9TgtVfwwLcOqAaqZ6DxEG4uLacpBYTVmYK8GEo2m0YU4dh+FhGMp539bzfU6Sk97QdbXjq3D6drgq3oLwvW/At+Avh/8MDSbKQehBm3otcA9RBNw6md1E0HDOFU3QGxHLQxWbNGrGYsEsFtu0x+HXOqnu6jby3ihzwMfhdhOyf14G3H7LlKemgAHhHZISBxFZUFybCSbbEpHKjAC52EzfEuIFzlXRfvOcQ4iXNhov3kC8qxYq2yvFhrb7GFI1nYbMfePJgm1lA3jb2SMBj2SojM10V1LA/wgi/0nuFOoGOcahkBH1NvW/0ng4Seodh+ImrhghN6lE5fNfw+nL3jsLS0ed52JUpJHhna/F1quMrGuMtQVGVlGwKd026/LvI9FxSVa1KoVdHW6htdNQwI2IP9tp67+0HsAcW/7zhiBUYAspOXPYaMpOgJ00Nhub62nnC9isYXy1KeXXYMjsfIIT7n6yijzbR7H2P46MSgYEEtTSowGgSqRaqo6At3v6zI3av9n2Fxr/HZnpuQAzJls9rBSykfNawuLeN5M7G8CbD07uoRmVRlGmUKLe5sJqFHKc3RyZTdmeB0sFSWjSVgnzFntndjuSB/gk5hZyOTd4f/AK+tj/VDPWRNCbHfYk21sTb136GMxNmTMutu8Lcxz+l/UCDZrO3itGqY6aDRiO3vCxnp4kDl8N/MXZD/ANw9pmVnqXFsEK1F6fNl7p6ONUPuBPKhUUEhtCCQQeRBsQfWZKX2Z6cpfpVh1hBBo68iI4kTLQt45LtUOUR1pHGKS+W+skCdZji12iLVDqbjUdIxsUpBB0PjJ0i4ymLaiBLSbKPHqU4qt2Vwjg7DmZw0yNjOo15JR9L6sbqSpnHcnc3g2h2EGROD1WhgM7eOVJ0pNMTQy80XZ1syEdDM8UlpwGoVdgOY+0TmjcWBmScGacJFGCoekU8+meeLE4gICzGwmcxVd6zgbA7D/mNxeKZ2uTpyHSTKK0QBqCefKeljxKO32UKHpK2rf8AavClUat5mVFRACbG/jJ+NrAkhCcvmZBbWOGYuXcmBtHBTCKkcROGN/QEy87G8S+DiVue4/cf1+U+h+8pitzJCUMo53tfp1H6Qo6dk3kNcXH5Z7VQGpXpqPInX6/cTxn9onb/EfvD0MO5SnTOUstiXPUnp4eXObLsr2rNQolW2dbLm2zLtc+Ox81mA/a12fqU8U2ICEpUscwFxmAAYHxuCf5SvjauLtWeJKNSplZwLt/jMO653+IhPeRxa4J3DgZlPlp1DbT3Dg3FhVA1vdFqKxsC1N7gFgNAysrK1tLrpvPmRnLWUDmbAaklrDT2E9t/ZjTqGmhe+WnSNMEjdnqvVYXvrbPa/lNezHo2mPwbO2ZCL3UgkXyldPlOhFv1knDpkUC9zufMm841ULoTr03PsNYxqjHYW8W1PsD+vpAbdUYNo6XX+E2HkQCB6AgekNB06eXxJNyTuTHTUEPE827a4VKOJDFCVrXcEWADCwdfex9Z6ReZzt1wz4+FcqLvS/wBVOvd+dR5rf6TpR5RoLFNwlaZ5qxViSotrt0nUJ6mQ8BUzgvyNgPG19fr9JOUSKWmfQ4ffBOSOMt94+lUdNjcdDEI6cm0DlwQmtoMvEDzWSqNI1gSO6F3JlY8mpgq3w8yHunXKJk5tqroleCOFqUUr+GRGUlsianwh/wD05x+AyfwSpSTRhlfmWmkQgjTWT5Mzi6SOWRylylsw7Ydx+EwDAjcWnoDIDyHtI1TDId1ECPlX2gnka60YtTHXl5jeBqdUNj05SmalkfJU7p6yqOSMloZDPH+7QMyTwt7VF8dJIThBcXRwROLwqqjBrXsQdDAnOLTVjecJRas0YWKcR9Ip57i7ILRGqcJQ8reUivwYcmPrJ+A4tTrfI2v8J0MnfDvKXOcHUjVll8My78HfkQYA8MqD8E1z6CMXEW0tDWSbVpWMXkyWmY16bLuCIJps6tINuBKHipRDZFGaMhl5OqHQzOTqtkKhRtqY4vmB8O77f3vBNi7AkjQSNh37tuehP6yu040iBwyxyN5PkEuINOqrA857RwyrTxWHX4mVu6Awa2ttiQdCPMHWeFY5rEz1bsHWz4ZH6j6glT9RG43onzR3ZIqdksDmzLSZz+XIi/71UG3gpPlLmlhsqhFCog2RBlA823J8RaTAoiMKxHFAEogbD+/n1jzOmcM6jRsbHGNhUYxEwbGOaCcwooxnk/G+H/u9d6YFlBzJ/I2q+2o9JEBm17c4HMiVgNUORv5GOh9G/wC6YtRIc0OMj6Hw8ynhT+Vo6GnbzmWcKxaKG0dJmywndRR4CY/D07uo8RNkDYCTeR8Ik8h9IDicClQd4C/USsajXw5uhzp0l2piJiIza09okaImB42j91+43QyyYg2IlZjOGpUG1j1Eqx+8UOeZfeF6cZbi6/B1v5LbivElpL1Y7CUfDeHtXYu98t+fP+0BhaJr1e+1uZv9hNklJUUKosBGSawxpdszspKnCWQ5qLkfl5TlPjDIctZCPzDaXwEBXoK4sygxSyp6kr/kKiJQrK4urAiKV2I4Rla9Jip6copQoxfyTOOy2TgFFWUqCMvQ/eWp0EcpE6QJM5OUlydlHFLohOwOhE4tMDWFyCAxVcIpJjXJPUTIxbZE4niwi6bnlM09ybncyRiapdixgTKMceKPRxY+K/JDxy931Hr/AJ+k6lkS53MfXS7Achr+g/X3hWAA12109I+L0R59zZmuJ4oX0npH7L8VkU4Ztyudf5/xgffxnnvFKQ6Dp6S84DizTajVB1XKb+Qsb9ecapcaFRxrIpL5rR7YImjKFUOquuzAEevKPMdR54MxGdMaTNo44YwmJjBs0JIFidoFmnXaBdoyMQWwOLpK6MjfK6lT5EbzyXENVpu6Mg7jsmhIvlO+3MWPrPWXeZLtHSAfNb5hr5jT7ZYvyIXGynxMsoyaTqzM0Kwcab8wdx5iPg8VlGq6MP8APaKjUzKG6j/zIGqPXx5HLT7J/CUzVV8Lmai0z/Z5e+zdBaaENIc79wrM/cMa97awhEA9cht9IX4ms7jLiqontWPEay3j+UaJPYwr8VwdH7y91vCQhiq9A2cZ16y/BnWUEWI94xZX1JWgaImD4qjjQ2PQyWXlRjuBqxzIcreG0grjK9A2dcy9YXpRluL/AGOsvqw1EUh0eI06gBB16HQxTVGSVCJ9mjZLQTqIY1OsC7iKSHkarWKi52EzmPxZqN4DYfrJfFcXnOVflG/jK+lQLGw95XjhW2WYYKC5SAExpMnVcAy9DfpINUZQT0+8cUqcZK0xlMAsT/mmkZi6gA3H+CKmbDWQ8Q+4vGJHlzlbbIXEmuqn0k/hmtJPIj2YiV2KY5MvjpaOweLdFC5Q3TXLa5uQdD1huLaOwTjGTcvo9c7CcRz0mpMe9TNx4o39/vNQxni/Zbjr0MWjPZUY5GAB2ewBvfWxt7mezEyjHuOyLPxU249DSYxjHMYFmjVERYmaCdonaAdoaiY2J2gmaJmjDGqIDY1zKji+F+IjKB3rXX+YcvXb1lsYJlmygpKmdGTTtGHPAEezfEYqwB0UKbHUakn7Qr8GUCyEgAWAkTtHUxOHxP8ApMDTdc4RlBUG9nF/mAub6HnJ3DeMJWGUjLUtcoTv1KH8Q+o5ieDmx5YSau0erizOuS0F4XS+HmB1ud5YrWEiLOzf6eM1b7GNuW2SgyGIqNxIpnAxEF+LJfpYLiWoMY7WEhCu3WdfEXsJO/Fmvg4lo8dmkRa4jlrCKljku0bZLvGugYWIBEYrgxwaBVGWU2N4GuppnL1H/EUtnMUessqBaLZpT8VxlhkXfmeklY7GZF0+Y7f8zPsSTc7mFix3tlWHFfufQMJfaHpNawYaX18fCTMFSTLcsAT9IdqqZCSBlGi9SZWbPJyfGrIWIxK2OXc6eQlPihoP5v0MluZHxKXU+Gvt/a85DXBRxtIG6aSPiaYtYC5k2gLiSlojl/e8JMgozS8OO7e14ZaFpdVUHOQalOHYLjRBxdBXQi3L1HlPT+xfGjiMKhY3dP8ATf8AnTS/hcWIHS081qaayy7G8Q+Dicl+5XFvKooup9VuL/lEdidOhGaNqz1UvBuYJXnWaWJEljXaBZo5zBMYaQLY1jFedMbDRg0zhjjGmacUvHqIZb21X7Hf6hfaY7EqgF9mGotoQeoI1E9CxNPMLEXExuL4GCzAuws1rADUHvKbn8pHqDPP8qHFqX3ot8aaa4sJwPFF6ZzG7K5UnroCL+hHtLCAwWESkgRL2GtzuSdyfGHiUWLoU5OmITTRCMbcR5g23E4EJFEIpwQ606GPWcEUCWOEu0ZQ81DFG3ii/wCnh9HUSK3Dncls1z0P6SvrYZ13UzWWjfhyBZmh8M8oqmrRkAJxnPpNJicCjfhseoldX4SR8re8fHNF9j1mhLvRTtHFNCOoP2kl8G67rAsIxNPoeuLWnZGwrfaTlXTT/PGVuEO0t0cBd/TneGeSRK9gNd/rK7EMecn4htza36ysxDHymoxkOo/SRXJ0ymxUhlPQqbg+4kitpI4bW/pGRYuSs9b4HjxXopUH4hqOjDRgfW8sTMH2D4jlqPh2OjAVE89nA/8AqfUzeT0IS5JMgnHi6I4cGIwdepkcaABr3bU9P9upG+mnKFaMQsaY2OIitDOGzhjrRTTgRWU/G6GUo42vkbyNyh9GuP6xLsiROKoDRqX2yN7gXX1uBF5YqUWmFCXGSaKG8UZ8P0nMrcj7zzj1whijLnmJ1XE40dBn5h5R4Ma3zDynAjp0RRTghRRTs44QMUUU441YsYikQW0WefP2ccKQBp3MkF42pWVFuxA/Xwmxb+AWCaiOcreL4dFpO9h3UYjztYfW0jY3tGoZlAtYaX1vKLivGHqLkzgqwBIA6EHeWY8GS03oH1UtJgcIdPGWSMLaLY+unl4SnwzabXtuOfUESdTcciT5aH1llHJirHWxIJ68hIGJb1Mk13J8LchIlTui4mm2V7nrAFtSYTEm8Ey3094aFsfRxb0HSut7o4YjqlrMP9p2ntGHrq6K6m6soYHwIuJ48lLMt5tewPEP9NsOx1p6pf8A+Nth6G49pTgnviTZo/3Gm4hTBQnmt2F7AXAO9+W49YLBVMyKee299jYXPM2tr1vJbgEWOoIsfEGCWmqiygDUnTmTuT1J6yxLZMxGKKKEYIickSpxFdkGc9QbJ/v5/wBN5R8bw+IrIQtYoLG6IMof8ua+b628BJsvmYsbpvY2GGUt0WXEuPUaINyXYfgSxPkSTYffwlTh+KNiUWoe6hJsg5FWK94/iII8vCUAqJly7WFrWta3KTezLk02Fu6rsFPUWBP1vJ35Ep66RZjwRi7ey1tAO5BOl7SVaR6Y77HrpFt0Pk6R1aoIvrELGJ6ftpH5bGYnYEZNuhhpiCdDmFjy5yRaMb5h5QhjOAnp7RBx5eceIrTjDimOAjPhjpO/DPJj66zgh1opzvdAfpFOMs1ZiAiMBi8QKasx2AvPn0m3SMG4vFpTUu5so+p8JhuJ8b+PcEEa3U32A/WB4txZqzK17LfuoRp4XgjhnV0zBTduWms9fB48ca5S7Jp5G3S6GPROXOrZv4r7gQGYBrDbYHxh8fVtmBWzE7g6W6WkSmLjwMfKTaoyEd2WCIQQQbHYdD4H9Dyhjil2cZWGmunsw3kXD19kbW+oPUeP+co2vVK6NZl2118h4xY8kPWHIDzkWo/UyNamDYgrfpt9Noehl6k+JvOOI70Tv94KmktK1O40584ynQA0nJmtHcDT0KmEw2IOHqpVGyEhvFG0b20PpOpo3pA4toUJVKwJxUo0eoYeqGAINwRcHwMdUcAEkgAakk2A8zPL+B8fxSOuGplWDGy5xfIup3vqAOXhNfUJY3Z2YjUZtgeoUd0e0rn5cYR+2Q+k72WVTiAOiLm/Me6nod29BbxgHQv87Zvy2sn+3n63kdahG+v0kha48p5XkeZmyaul+CzHjxx/LHMIwmEJg3kJQV2O4bSqXLoCeoJUnzKkXnaNBUUIihVGwElVBBkT0fEvi2zAZEiq55iSn2kRTzlUmBNtVQ8m/WOQ3iXeOUTIu2ZF2zkGfmHlDZYJvmHlDGDxOxATs04aBHWnBHzAjginQJ2ccf/Z",
            "productImageURLs": [
                "https://cdn1.smartprix.com/rx-iSTGKu2ZP-w420-h420/xiaomi-redmi-note-13.webp",
                "https://media-ik.croma.com/prod/https://media.croma.com/image/upload/v1704270660/Croma%20Assets/Communication/Mobiles/Images/303555_m74zig.png?tr=w-360"
            ],
            "searchTags": [
                "redmi note13"
            ],
            "reviews": null,
            "createdDateTime": null,
            "zoneId": "ALPHA"
        },
        {
            "productId": 3363,
            "name": "Soap",
            "title": "Santoor Soap",
            "description": "Santoor soap",
            "rating": 0.0,
            "price": 50.0,
            "offer": 5.0,
            "type": "cream",
            "brand": "santoor",
            "category": "beauty",
            "merchantId": 52894,
            "quantity": 5,
            "status": "ACTIVE",
            "thumbnailURL": "https://m.media-amazon.com/images/I/71k+vczVn9L._SL1500_.jpg",
            "productImageURLs": [
                "https://m.media-amazon.com/images/I/71k+vczVn9L._SL1500_.jpg"
            ],
            "searchTags": [
                "Santoor soap",
                "santoor",
                "Soap"
            ],
            "reviews": null,
            "createdDateTime": "2024-03-16T13:47:18.87",
            "zoneId": "ALPHA"
        },
        {
            "productId": 3421,
            "name": "ggg",
            "title": "jjj",
            "description": "nice",
            "rating": 0.0,
            "price": 765.0,
            "offer": 32.0,
            "type": "women-kurti",
            "brand": "hhh",
            "category": "women",
            "merchantId": 52972,
            "quantity": 76,
            "status": "ACTIVE",
            "thumbnailURL": "https://rukminim2.flixcart.com/image/832/832/xif0q/t-shirt/h/u/g/xxl-t594-nb-eyebogler-original-imagmgycg2yhcg9z.jpeg?q=70&crop=false",
            "productImageURLs": [
                "https://rukminim2.flixcart.com/image/832/832/xif0q/t-shirt/h/u/g/xxl-t594-nb-eyebogler-original-imagmgycg2yhcg9z.jpeg?q=70&crop=false"
            ],
            "searchTags": [
                "shirt",
                "t shirts"
            ],
            "reviews": null,
            "createdDateTime": "2024-03-16T15:20:33.52",
            "zoneId": "ALPHA"
        },
        {
            "productId": 3488,
            "name": "Milton ",
            "title": "Milton Duo DLX 500",
            "description": "Double walled Vacuum insulated technology keeps beverages hot or cold ",
            "rating": 0.0,
            "price": 850.0,
            "offer": 20.0,
            "type": "",
            "brand": "water bottle",
            "category": "beauty",
            "merchantId": 53034,
            "quantity": 50,
            "status": "ACTIVE",
            "thumbnailURL": "https://aax-eu.amazon.in/x/c/RNutzMmkjMdIwN40N3-fkywAAAGOTGdOcQMAAAH2AQBvbm9fdHhuX2JpZDEgICBvbm9fdHhuX2ltcDEgICCetXaN/https://www.amazon.in/dp/B094NRY9CK?pd_rd_i=B094NRY9CK&pf_rd_p=aa14fa00-bc47-4b9c-afe8-e5f5a8aecc2e&pf_rd_r=4CNRW5JC33A5XFQTFA4W&pd_rd_wg=AJaZv&pd_rd_w=IiGZ6&pd_rd_r=43c678b5-dc7a-4c4f-b11f-228d9c849d74",
            "productImageURLs": [
                "https://m.media-amazon.com/images/I/71ECSyVhhFL._SX679_.jpg",
                "https://m.media-amazon.com/images/I/61Ya8ew200L._SX679_.jpg",
                "https://m.media-amazon.com/images/I/616DxKSouaL._SX679_.jpg",
                "https://aax-eu.amazon.in/x/c/RNutzMmkjMdIwN40N3-fkywAAAGOTGdOcQMAAAH2AQBvbm9fdHhuX2JpZDEgICBvbm9fdHhuX2ltcDEgICCetXaN/https://www.amazon.in/dp/B094NRY9CK?pd_rd_i=B094NRY9CK&pf_rd_p=aa14fa00-bc47-4b9c-afe8-e5f5a8aecc2e&pf_rd_r=4CNRW5JC33A5XFQTFA4W&pd_rd_wg=AJaZv&pd_rd_w=IiGZ6&pd_rd_r=43c678b5-dc7a-4c4f-b11f-228d9c849d74"
            ],
            "searchTags": [
                "water everywhere",
                "thermosteel",
                "bottle"
            ],
            "reviews": null,
            "createdDateTime": "2024-03-17T18:09:39.866",
            "zoneId": "ALPHA"
        },
        {
            "productId": 3589,
            "name": "SAREE",
            "title": "SAREE ",
            "description": "Saree is a unstitched drape worn by the women of the India subcontinent predominantly",
            "rating": 0.0,
            "price": 1000.0,
            "offer": 5.0,
            "type": "saree",
            "brand": "saree",
            "category": "women",
            "merchantId": 52963,
            "quantity": 10,
            "status": "ACTIVE",
            "thumbnailURL": "https://5.imimg.com/data5/ANDROID/Default/2021/7/SI/SE/JT/12966551/product-jpeg-1000x1000.jpg",
            "productImageURLs": [
                "https://down-my.img.susercontent.com/file/my-11134207-7qul1-lfz9uj7viqi282_tn",
                "https://5.imimg.com/data5/ANDROID/Default/2021/7/SI/SE/JT/12966551/product-jpeg-1000x1000.jpg"
            ],
            "searchTags": [
                "traditional wear",
                "TRADITIONAL",
                "SAREE",
                "saree"
            ],
            "reviews": null,
            "createdDateTime": "2024-03-19T21:55:34.314",
            "zoneId": "ALPHA"
        }
    ]
}
]]></system-out>
    <system-err><![CDATA[SLF4J: Failed to load class "org.slf4j.impl.StaticLoggerBinder".
SLF4J: Defaulting to no-operation (NOP) logger implementation
SLF4J: See http://www.slf4j.org/codes.html#StaticLoggerBinder for further details.
]]></system-err>
  </testcase>
  <testcase name="getDefaultProductsTest" classname="api.getProducts" time="2.758">
    <system-out><![CDATA[Actual Execution starts from here
HTTP/1.1 200 
Server: nginx
Date: Sat, 01 Jun 2024 10:15:13 GMT
Content-Type: application/json
Transfer-Encoding: chunked
Connection: keep-alive
Vary: Accept-Encoding
Vary: Origin
Vary: Access-Control-Request-Method
Vary: Access-Control-Request-Headers
X-Content-Type-Options: nosniff
X-XSS-Protection: 1; mode=block
Cache-Control: no-cache, no-store, max-age=0, must-revalidate
Pragma: no-cache
Expires: 0
X-Frame-Options: DENY
Content-Encoding: gzip

{
    "statusCode": 200,
    "message": "Success",
    "data": [
        {
            "productId": 6,
            "name": "APPLE iPhone 14 Pro (Deep Purple, 1 TB)",
            "title": "APPLE iPhone 14 Pro",
            "description": "iPhone 14 Pro. Capture incredible detail with a 48MP Main camera. Experience iPhone in a whole new way with Dynamic Island and Always-On display. Crash Detection, a new safety feature, calls for help when you can’t.",
            "rating": 3.3,
            "price": 179999.0,
            "offer": 3.0,
            "type": "mobile",
            "brand": "apple",
            "category": "electronics",
            "merchantId": 2,
            "quantity": 5,
            "status": "ACTIVE",
            "thumbnailURL": "https://rukminim1.flixcart.com/image/312/312/xif0q/mobile/l/8/r/-original-imaghxemnnnkd8bg.jpeg?q=70",
            "productImageURLs": [
                "https://rukminim1.flixcart.com/image/832/832/xif0q/mobile/z/m/l/-original-imaghxejxzzzkqr7.jpeg?q=70",
                "https://rukminim1.flixcart.com/image/832/832/xif0q/mobile/n/h/w/-original-imaghxejc7btkj6s.jpeg?q=70",
                "https://rukminim1.flixcart.com/image/832/832/xif0q/mobile/w/g/x/-original-imaghxemf422txdy.jpeg?q=70",
                "https://rukminim1.flixcart.com/image/832/832/xif0q/mobile/0/5/c/-original-imaghxemnpehjcsr.jpeg?q=70",
                "https://rukminim1.flixcart.com/image/832/832/xif0q/mobile/l/8/r/-original-imaghxemnnnkd8bg.jpeg?q=70"
            ],
            "searchTags": [
                "phone",
                "mobiles",
                "mobile",
                "electronics",
                "purple",
                "14 pro purple",
                "14 pro",
                "14",
                "iphone 14 pro purple",
                "iphone 14 pro",
                "iphone 14",
                "iphone",
                "apple iphone 14 pro purple",
                "apple iphone 14 pro",
                "apple iphone 14",
                "apple iphone",
                "apple"
            ],
            "reviews": [
                {
                    "reviewId": 1825,
                    "shopperId": 66261,
                    "shopperName": "Ashhar",
                    "heading": "Bad",
                    "description": "Product quality is too good,fabric quality is poor",
                    "rating": 2.0,
                    "dateTime": "2024-05-16T20:44:03.353"
                },
                {
                    "reviewId": 1936,
                    "shopperId": 27179,
                    "shopperName": "Shai khan",
                    "heading": "good product",
                    "description": "nice one",
                    "rating": 5.0,
                    "dateTime": "2023-12-26T10:54:53.391"
                },
                {
                    "reviewId": 2024,
                    "shopperId": 26962,
                    "shopperName": null,
                    "heading": "Bad",
                    "description": "this is not recommened",
                    "rating": 0.0,
                    "dateTime": "2023-12-28T20:35:38.575"
                },
                {
                    "reviewId": 2356,
                    "shopperId": 28447,
                    "shopperName": "swati malakar",
                    "heading": "good",
                    "description": "good",
                    "rating": 5.0,
                    "dateTime": "2024-01-01T20:45:27.64"
                },
                {
                    "reviewId": 2496,
                    "shopperId": 11507,
                    "shopperName": "Bharath Bhushan Sss",
                    "heading": "super",
                    "description": "best",
                    "rating": 3.0,
                    "dateTime": "2024-01-04T10:13:47.745"
                },
                {
                    "reviewId": 2802,
                    "shopperId": 32284,
                    "shopperName": "Pragathi",
                    "heading": "review",
                    "description": "good",
                    "rating": 3.5,
                    "dateTime": "2024-01-13T17:50:20.916"
                },
                {
                    "reviewId": 2850,
                    "shopperId": 33385,
                    "shopperName": "Shantanu Thakare",
                    "heading": "Good Product",
                    "description": "Product is good and functions upto mark.",
                    "rating": 4.0,
                    "dateTime": "2024-01-18T20:18:04.635"
                },
                {
                    "reviewId": 2933,
                    "shopperId": 34429,
                    "shopperName": "keerthana",
                    "heading": "redmi",
                    "description": "dabba product",
                    "rating": 1.0,
                    "dateTime": "2024-01-24T17:26:41.023"
                },
                {
                    "reviewId": 3052,
                    "shopperId": 38057,
                    "shopperName": "Aashu Jha",
                    "heading": "Good",
                    "description": "Very Good Quality",
                    "rating": 4.0,
                    "dateTime": "2024-02-01T16:55:45.056"
                },
                {
                    "reviewId": 3450,
                    "shopperId": 21933,
                    "shopperName": "Sonali Samantara",
                    "heading": "Amazing",
                    "description": "Good Product worth Buying",
                    "rating": 4.0,
                    "dateTime": "2024-02-06T08:58:29.165"
                },
                {
                    "reviewId": 3564,
                    "shopperId": 39571,
                    "shopperName": "AnuRaadha",
                    "heading": "Iphone",
                    "description": "Wow",
                    "rating": 5.0,
                    "dateTime": "2024-02-08T12:20:46.535"
                },
                {
                    "reviewId": 4152,
                    "shopperId": 38055,
                    "shopperName": "virat",
                    "heading": "good quality",
                    "description": "nice",
                    "rating": 4.2,
                    "dateTime": "2024-02-18T17:39:43.858"
                },
                {
                    "reviewId": 4186,
                    "shopperId": 43493,
                    "shopperName": "Rukkau",
                    "heading": "Good Product",
                    "description": "Good",
                    "rating": 3.0,
                    "dateTime": "2024-02-20T17:28:42.638"
                },
                {
                    "reviewId": 4192,
                    "shopperId": 43482,
                    "shopperName": "Tester Vinod",
                    "heading": "Nice",
                    "description": "Good Product",
                    "rating": 4.8,
                    "dateTime": "2024-02-20T17:34:56.976"
                },
                {
                    "reviewId": 4195,
                    "shopperId": 43471,
                    "shopperName": "tester",
                    "heading": "nice",
                    "description": "Good Product",
                    "rating": 4.0,
                    "dateTime": "2024-02-20T17:37:36.129"
                },
                {
                    "reviewId": 4199,
                    "shopperId": 43501,
                    "shopperName": "kashish",
                    "heading": "nice",
                    "description": "good",
                    "rating": 0.0,
                    "dateTime": "2024-02-20T17:39:22.261"
                },
                {
                    "reviewId": 4202,
                    "shopperId": 43557,
                    "shopperName": "sathi",
                    "heading": "nice",
                    "description": "good",
                    "rating": 2.0,
                    "dateTime": "2024-02-20T17:40:22.369"
                },
                {
                    "reviewId": 4204,
                    "shopperId": 43524,
                    "shopperName": "somya123",
                    "heading": "nice",
                    "description": "good product",
                    "rating": 3.0,
                    "dateTime": "2024-02-20T17:42:10.155"
                },
                {
                    "reviewId": 4206,
                    "shopperId": 43508,
                    "shopperName": "Riya",
                    "heading": "Nice",
                    "description": "Good product",
                    "rating": 3.0,
                    "dateTime": "2024-02-20T17:43:20.66"
                },
                {
                    "reviewId": 4207,
                    "shopperId": 43551,
                    "shopperName": "Anjali",
                    "heading": "Good",
                    "description": "Iphone",
                    "rating": 4.0,
                    "dateTime": "2024-02-20T17:44:59.17"
                },
                {
                    "reviewId": 4208,
                    "shopperId": 43585,
                    "shopperName": "Maaya",
                    "heading": "Iphone",
                    "description": "Good",
                    "rating": 4.0,
                    "dateTime": "2024-02-20T17:45:50.539"
                },
                {
                    "reviewId": 4271,
                    "shopperId": 23328,
                    "shopperName": "Amrita",
                    "heading": "Good to go",
                    "description": "Used, Good",
                    "rating": 5.0,
                    "dateTime": "2024-02-22T15:41:30.269"
                },
                {
                    "reviewId": 4348,
                    "shopperId": 44548,
                    "shopperName": "KP",
                    "heading": "Amazing product",
                    "description": "just loved it",
                    "rating": 4.0,
                    "dateTime": "2024-02-26T07:14:35.377"
                },
                {
                    "reviewId": 4390,
                    "shopperId": 44508,
                    "shopperName": "bhav",
                    "heading": "Nice",
                    "description": "good product",
                    "rating": 5.0,
                    "dateTime": "2024-02-26T08:26:19.518"
                },
                {
                    "reviewId": 4566,
                    "shopperId": 41847,
                    "shopperName": "Neeraj",
                    "heading": "Five star",
                    "description": "Please work fast",
                    "rating": 1.0,
                    "dateTime": "2024-03-12T16:19:51.339"
                },
                {
                    "reviewId": 5698,
                    "shopperId": 55918,
                    "shopperName": "Dhruvi",
                    "heading": "Review for product",
                    "description": "This is best product",
                    "rating": 4.0,
                    "dateTime": "2024-03-20T23:43:08.345"
                },
                {
                    "reviewId": 5820,
                    "shopperId": 40772,
                    "shopperName": "string",
                    "heading": "Produc",
                    "description": "OK",
                    "rating": 3.0,
                    "dateTime": "2024-03-21T23:38:55.824"
                },
                {
                    "reviewId": 6142,
                    "shopperId": 51356,
                    "shopperName": "VIDYA",
                    "heading": "NICE",
                    "description": "NICE",
                    "rating": 3.0,
                    "dateTime": "2024-03-25T11:28:52.022"
                },
                {
                    "reviewId": 6192,
                    "shopperId": 56846,
                    "shopperName": "Nikita Sakunde",
                    "heading": "NA",
                    "description": "Bad",
                    "rating": 2.0,
                    "dateTime": "2024-03-25T20:05:26.25"
                },
                {
                    "reviewId": 6215,
                    "shopperId": 56165,
                    "shopperName": "shivani",
                    "heading": "Review for product",
                    "description": "This is best product",
                    "rating": 5.0,
                    "dateTime": "2024-03-26T10:16:54.761"
                },
                {
                    "reviewId": 6308,
                    "shopperId": 59768,
                    "shopperName": "Manashri",
                    "heading": "Nice product",
                    "description": "I received a best quality product",
                    "rating": 4.0,
                    "dateTime": "2024-04-13T01:00:03.202"
                },
                {
                    "reviewId": 6331,
                    "shopperId": 58897,
                    "shopperName": "Amaz",
                    "heading": "Product review",
                    "description": "The product review",
                    "rating": 5.0,
                    "dateTime": "2024-04-13T20:04:22.747"
                },
                {
                    "reviewId": 6403,
                    "shopperId": 58899,
                    "shopperName": "string",
                    "heading": null,
                    "description": "string",
                    "rating": 5.0,
                    "dateTime": "2024-04-21T18:50:58.775"
                },
                {
                    "reviewId": 6425,
                    "shopperId": 9568,
                    "shopperName": "NARESH",
                    "heading": "string",
                    "description": "string",
                    "rating": 9.0,
                    "dateTime": "2024-04-16T11:35:30.872"
                },
                {
                    "reviewId": 6458,
                    "shopperId": 32567,
                    "shopperName": "string",
                    "heading": "string",
                    "description": "string",
                    "rating": 0.0,
                    "dateTime": "2024-04-18T20:25:06.274"
                },
                {
                    "reviewId": 6474,
                    "shopperId": 59241,
                    "shopperName": "string",
                    "heading": "string",
                    "description": "good",
                    "rating": 5.0,
                    "dateTime": "2024-04-19T11:50:45.627"
                },
                {
                    "reviewId": 6476,
                    "shopperId": 59283,
                    "shopperName": "vg",
                    "heading": "string",
                    "description": "Very Very Good",
                    "rating": 0.0,
                    "dateTime": "2024-04-19T11:50:35.459"
                },
                {
                    "reviewId": 6606,
                    "shopperId": 27317,
                    "shopperName": "Pallu gowda",
                    "heading": "product is good",
                    "description": "mobile phone",
                    "rating": 0.0,
                    "dateTime": "2024-04-22T10:02:12.363"
                },
                {
                    "reviewId": 6642,
                    "shopperId": 63012,
                    "shopperName": "Bhavi",
                    "heading": "Awsome product",
                    "description": "MobilePhone",
                    "rating": 4.0,
                    "dateTime": "2024-04-24T11:03:04.843"
                },
                {
                    "reviewId": 6645,
                    "shopperId": 63232,
                    "shopperName": "nidhi",
                    "heading": "good working",
                    "description": "mobilephone",
                    "rating": 4.0,
                    "dateTime": "2024-04-24T23:20:54.997"
                },
                {
                    "reviewId": 6688,
                    "shopperId": 62115,
                    "shopperName": "string",
                    "heading": "string",
                    "description": "Good",
                    "rating": 4.0,
                    "dateTime": "2024-04-25T17:55:59.284"
                },
                {
                    "reviewId": 6699,
                    "shopperId": 62124,
                    "shopperName": "Kay",
                    "heading": "string",
                    "description": "string",
                    "rating": 0.0,
                    "dateTime": "2024-04-25T18:00:00.947"
                },
                {
                    "reviewId": 6722,
                    "shopperId": 62126,
                    "shopperName": "khaja",
                    "heading": "heading",
                    "description": "abcdefghi",
                    "rating": 3.0,
                    "dateTime": "2024-04-26T16:18:10.595"
                },
                {
                    "reviewId": 6732,
                    "shopperId": 64238,
                    "shopperName": "AKASH",
                    "heading": "Buy It",
                    "description": "Good",
                    "rating": 5.0,
                    "dateTime": "2024-04-26T19:55:05.786"
                },
                {
                    "reviewId": 6842,
                    "shopperId": 61934,
                    "shopperName": "Prathamesh",
                    "heading": "Product performance",
                    "description": "product is not good working properly",
                    "rating": 3.0,
                    "dateTime": "2024-04-28T18:03:02.077"
                },
                {
                    "reviewId": 6956,
                    "shopperId": 63150,
                    "shopperName": "Nitin",
                    "heading": "Nice Product",
                    "description": "About the quality",
                    "rating": 2.0,
                    "dateTime": "2024-04-30T17:47:33.503"
                },
                {
                    "reviewId": 7037,
                    "shopperId": 65826,
                    "shopperName": "Ankit",
                    "heading": "mobile",
                    "description": "i-phone",
                    "rating": 4.4,
                    "dateTime": "2024-05-04T22:36:28.986"
                },
                {
                    "reviewId": 7045,
                    "shopperId": 62948,
                    "shopperName": "Kriti",
                    "heading": "good product",
                    "description": "product quality",
                    "rating": 5.0,
                    "dateTime": "2024-05-06T08:52:38.893"
                },
                {
                    "reviewId": 7057,
                    "shopperId": 19755,
                    "shopperName": "apple",
                    "heading": "Bad product",
                    "description": "Not a good",
                    "rating": 1.0,
                    "dateTime": "2024-05-06T11:35:44.058"
                },
                {
                    "reviewId": 7294,
                    "shopperId": 58111,
                    "shopperName": "Qspiders Pune",
                    "heading": "Good",
                    "description": "Value for money",
                    "rating": 5.0,
                    "dateTime": "2024-05-12T13:52:42.645"
                },
                {
                    "reviewId": 7299,
                    "shopperId": 67660,
                    "shopperName": "Faraz",
                    "heading": "Now I have only one kidny :)",
                    "description": "Sone ka pani chadha kar bech rahe ho hya itna menga",
                    "rating": 1.0,
                    "dateTime": "2024-05-13T21:54:20.753"
                },
                {
                    "reviewId": 7336,
                    "shopperId": 65939,
                    "shopperName": "Radha",
                    "heading": "Good quality",
                    "description": "Nice product",
                    "rating": 9.0,
                    "dateTime": "2024-05-16T20:07:36.132"
                },
                {
                    "reviewId": 7477,
                    "shopperId": 78548,
                    "shopperName": "rocky",
                    "heading": "Bad",
                    "description": "Product quality is too good,fabric quality is poor",
                    "rating": 2.0,
                    "dateTime": "2024-05-21T10:08:46.179"
                },
                {
                    "reviewId": 7484,
                    "shopperId": 79383,
                    "shopperName": "Poornima",
                    "heading": "Happy",
                    "description": "Good",
                    "rating": 4.0,
                    "dateTime": "2024-05-22T14:54:10.561"
                },
                {
                    "reviewId": 7490,
                    "shopperId": 79234,
                    "shopperName": "ATUL",
                    "heading": "Rating",
                    "description": "Good",
                    "rating": 1.0,
                    "dateTime": "2024-05-22T15:11:18.348"
                },
                {
                    "reviewId": 7491,
                    "shopperId": 79404,
                    "shopperName": "bowbow",
                    "heading": "string",
                    "description": "i love it",
                    "rating": 0.0,
                    "dateTime": "2024-05-22T15:13:09.211"
                },
                {
                    "reviewId": 7493,
                    "shopperId": 79310,
                    "shopperName": "Lion",
                    "heading": "Rating",
                    "description": "Average",
                    "rating": 3.0,
                    "dateTime": "2024-05-22T15:27:43.413"
                },
                {
                    "reviewId": 7497,
                    "shopperId": 79301,
                    "shopperName": "Sandy",
                    "heading": "Review",
                    "description": "Good",
                    "rating": 5.0,
                    "dateTime": "2024-05-22T15:34:38.463"
                },
                {
                    "reviewId": 7498,
                    "shopperId": 67105,
                    "shopperName": "Anjali",
                    "heading": "Good",
                    "description": "value for money",
                    "rating": 4.0,
                    "dateTime": "2024-05-22T19:19:22.083"
                },
                {
                    "reviewId": 7562,
                    "shopperId": 28702,
                    "shopperName": null,
                    "heading": "good",
                    "description": "good product",
                    "rating": 1.0,
                    "dateTime": "2024-05-23T12:28:03.829"
                },
                {
                    "reviewId": 7931,
                    "shopperId": 79740,
                    "shopperName": "Sayali",
                    "heading": "Good product",
                    "description": "loved the quality of product",
                    "rating": 5.0,
                    "dateTime": "2024-05-27T15:32:36.088"
                },
                {
                    "reviewId": 7995,
                    "shopperId": 80067,
                    "shopperName": "saloni",
                    "heading": "bad quality",
                    "description": "string",
                    "rating": 2.0,
                    "dateTime": "2024-05-28T15:44:23.741"
                },
                {
                    "reviewId": 8040,
                    "shopperId": 396,
                    "shopperName": "Vishnu Priya",
                    "heading": "iPhone",
                    "description": "Very Good Product",
                    "rating": 4.5,
                    "dateTime": "2024-05-29T13:42:14.146"
                }
            ],
            "createdDateTime": "2023-09-12T17:20:30.229",
            "zoneId": "ALPHA"
        },
        {
            "productId": 8,
            "name": "Skinny Men Blue Jeans",
            "title": "Skinny Men Blue Jeans",
            "description": "The 65504 is the ultimate skinny fit for men. It is cut for contemporary style and infused with stretch for extra mobility.",
            "rating": 3.2,
            "price": 3299.0,
            "offer": 20.0,
            "type": "men-jeans",
            "brand": "levis",
            "category": "men",
            "merchantId": 2,
            "quantity": 5,
            "status": "ACTIVE",
            "thumbnailURL": "https://rukminim1.flixcart.com/image/452/542/ktd9mkw0/jean/b/j/0/32-65504-0564-levi-s-original-imag6q2ss3tfzce5.jpeg?q=50",
            "productImageURLs": [
                "https://rukminim1.flixcart.com/image/832/832/ktd9mkw0/jean/w/q/5/32-65504-0564-levi-s-original-imag6q2sksz5utra.jpeg?q=70",
                "https://rukminim1.flixcart.com/image/832/832/ktd9mkw0/jean/v/c/2/32-65504-0564-levi-s-original-imag6q2smzguhyzu.jpeg?q=70",
                "https://rukminim1.flixcart.com/image/832/832/ktd9mkw0/jean/z/7/0/32-65504-0564-levi-s-original-imag6q2szuxhr85h.jpeg?q=70",
                "https://rukminim1.flixcart.com/image/832/832/ktd9mkw0/jean/b/j/0/32-65504-0564-levi-s-original-imag6q2ss3tfzce5.jpeg?q=70",
                "https://rukminim1.flixcart.com/image/832/832/xif0q/jean/u/c/c/32-65504-0564-levi-s-original-imag6q2styvfzpat-bb.jpeg?q=70"
            ],
            "searchTags": [
                "skinny jeans",
                "levis mens blue jeans",
                "mens blue jeans",
                "blue jeans",
                "levis jeans",
                "mens jeans",
                "men",
                "jeans",
                "levis"
            ],
            "reviews": [
                {
                    "reviewId": 3351,
                    "shopperId": 15045,
                    "shopperName": "string",
                    "heading": "string",
                    "description": "string",
                    "rating": 0.0,
                    "dateTime": "2024-02-03T23:47:18.273"
                },
                {
                    "reviewId": 6227,
                    "shopperId": 56942,
                    "shopperName": "shivam",
                    "heading": "Review for product",
                    "description": "This is best product",
                    "rating": 5.0,
                    "dateTime": "2024-03-26T14:14:35.025"
                },
                {
                    "reviewId": 6257,
                    "shopperId": 32222,
                    "shopperName": "Spoorthi",
                    "heading": "must buy",
                    "description": "excellent",
                    "rating": 4.0,
                    "dateTime": "2024-03-29T06:38:25.92"
                },
                {
                    "reviewId": 6394,
                    "shopperId": 39032,
                    "shopperName": "Archana",
                    "heading": "Review about quality",
                    "description": "Good",
                    "rating": 4.0,
                    "dateTime": "2024-04-15T19:31:53.786"
                },
                {
                    "reviewId": 6423,
                    "shopperId": 59283,
                    "shopperName": "vg",
                    "heading": "string",
                    "description": "Product Good",
                    "rating": 0.0,
                    "dateTime": "2024-04-16T11:32:57.03"
                },
                {
                    "reviewId": 6427,
                    "shopperId": 59249,
                    "shopperName": "elegant",
                    "heading": "beautiful",
                    "description": "super",
                    "rating": 0.0,
                    "dateTime": "2024-04-16T11:36:48.852"
                },
                {
                    "reviewId": 6434,
                    "shopperId": 12779,
                    "shopperName": "N/A",
                    "heading": "quality",
                    "description": "good",
                    "rating": 4.0,
                    "dateTime": "2024-04-16T20:30:54.359"
                },
                {
                    "reviewId": 6605,
                    "shopperId": 32458,
                    "shopperName": "iamshopper okk",
                    "heading": "dhfboffunnice hehenice hehe",
                    "description": "bjbfevery nice amazingvery nice amazing",
                    "rating": 5.0,
                    "dateTime": "2024-04-22T10:05:00.543"
                },
                {
                    "reviewId": 6643,
                    "shopperId": 62077,
                    "shopperName": "anishaa",
                    "heading": "APPLE IPhone 14 Pro",
                    "description": "iPhone 14 Pro. Capture incredible detail with a 48MP Main camera. Experience iPhone in a whole new way with Dynamic Island and Always-On display. Crash Detection, a new safety feature, calls for help when you can’t.",
                    "rating": 2.0,
                    "dateTime": "2024-04-24T11:34:12.445"
                },
                {
                    "reviewId": 7017,
                    "shopperId": 24456,
                    "shopperName": "hjjyf",
                    "heading": "quality",
                    "description": "Good",
                    "rating": 3.0,
                    "dateTime": "2024-05-02T21:43:07.016"
                },
                {
                    "reviewId": 7018,
                    "shopperId": 24456,
                    "shopperName": "hjjyf",
                    "heading": "quality",
                    "description": "Good",
                    "rating": 3.0,
                    "dateTime": "2024-05-02T21:44:32.4"
                },
                {
                    "reviewId": 7019,
                    "shopperId": 24456,
                    "shopperName": "hjjyf",
                    "heading": "quality",
                    "description": "Good",
                    "rating": 3.0,
                    "dateTime": "2024-05-02T22:04:39.731"
                },
                {
                    "reviewId": 7020,
                    "shopperId": 24456,
                    "shopperName": "hjjyf",
                    "heading": "quality",
                    "description": "Good",
                    "rating": 3.0,
                    "dateTime": "2024-05-02T22:05:38.327"
                },
                {
                    "reviewId": 7220,
                    "shopperId": 66083,
                    "shopperName": "Mayank",
                    "heading": "Bad",
                    "description": "product quality is not good",
                    "rating": 1.0,
                    "dateTime": "2024-05-11T19:37:30.462"
                },
                {
                    "reviewId": 7417,
                    "shopperId": 65932,
                    "shopperName": "Leela",
                    "heading": "very nice design",
                    "description": "awesome product must buy",
                    "rating": 5.0,
                    "dateTime": "2024-05-18T20:18:36.259"
                },
                {
                    "reviewId": 7423,
                    "shopperId": 65933,
                    "shopperName": "saii",
                    "heading": "good",
                    "description": "beautiful",
                    "rating": 4.0,
                    "dateTime": "2024-05-18T20:51:40.974"
                },
                {
                    "reviewId": 7447,
                    "shopperId": 331,
                    "shopperName": "hgj",
                    "heading": "Good",
                    "description": "regarding quality",
                    "rating": 4.0,
                    "dateTime": "2024-05-20T08:00:24.028"
                },
                {
                    "reviewId": 7475,
                    "shopperId": 72396,
                    "shopperName": "abc",
                    "heading": "good",
                    "description": "quality",
                    "rating": 3.0,
                    "dateTime": "2024-05-20T20:20:00.297"
                },
                {
                    "reviewId": 7603,
                    "shopperId": 72397,
                    "shopperName": "Amoolya M S",
                    "heading": "positive review",
                    "description": "good product, stisfied with product",
                    "rating": 5.0,
                    "dateTime": "2024-05-24T07:39:46.471"
                },
                {
                    "reviewId": 7765,
                    "shopperId": 5626,
                    "shopperName": "ABC",
                    "heading": "string",
                    "description": "string",
                    "rating": 5.0,
                    "dateTime": "2024-05-25T11:01:19.322"
                },
                {
                    "reviewId": 7851,
                    "shopperId": 79696,
                    "shopperName": "Saumil",
                    "heading": "Average product",
                    "description": "The product quality is average, not upto the mark",
                    "rating": 3.0,
                    "dateTime": "2024-05-25T18:11:01.798"
                },
                {
                    "reviewId": 8144,
                    "shopperId": 79681,
                    "shopperName": "Arun",
                    "heading": "Nice Product go for it",
                    "description": "Must buy",
                    "rating": 4.0,
                    "dateTime": "2024-05-31T17:51:57.45"
                }
            ],
            "createdDateTime": "2023-09-12T17:20:30.741",
            "zoneId": "ALPHA"
        },
        {
            "productId": 9,
            "name": "Santoor Soap",
            "title": "Santoor",
            "description": "Santoor Sandalwood and Turmeric Bath Soap for Younger Looking and Glowing Skin, Combo Offer, 125 g (Pack of 8) 4.3 out of 5 stars 5,440. Kickstarter Deal. ₹355 (₹35.50/100 g) ₹444 (20% off)",
            "rating": 2.4,
            "price": 35.0,
            "offer": 10.0,
            "type": "tshirt",
            "brand": "santoor",
            "category": "kids",
            "merchantId": 2,
            "quantity": 10,
            "status": "ACTIVE",
            "thumbnailURL": "data:image/jpeg;base64,/9j/4AAQSkZJRgABAQAAAQABAAD/2wCEAAkGBwgHBgkIBwgKCgkLDRYPDQwMDRsUFRAWIB0iIiAdHx8kKDQsJCYxJx8fLT0tMTU3Ojo6Iys/RD84QzQ5OjcBCgoKDQwNGg8PGjclHyU3Nzc3Nzc3Nzc3Nzc3Nzc3Nzc3Nzc3Nzc3Nzc3Nzc3Nzc3Nzc3Nzc3Nzc3Nzc3Nzc3N//AABEIAKAAoAMBEQACEQEDEQH/xAAbAAEAAgMBAQAAAAAAAAAAAAAAAwQBBQYCB//EAEEQAAIBAwIDBAUICAUFAAAAAAECAwAEEQUhEjFBBhNRYSIycYGxFBUjNXORocEHJEJSYnLR8CUzgpLhNENjorL/xAAaAQEAAwEBAQAAAAAAAAAAAAAAAgMEBQEG/8QANBEAAgIBAgMFBwMEAwEAAAAAAAECAxEEIRIxQRMiM1FxBRQyNGGRsYHB8CNSodEVQvHh/9oADAMBAAIRAxEAPwD7jQCgFAKAUAoBQCgFAKAUAoBQCgFAKAUAoBQCgFAKAUAoBQCgFAKAUAoBQCgFAKAUAoBQCgFAKAUAoBQCgFAKAUAoBQCgFAKAUAoBQCgFAKAUAoBQGM0AzQGaAUBjNAM+VAM0BjiHiPvoAXUY3FARm5iU+k4FD3Bkzxjm1QdkUeqDZE+o2qZDSjIqLvgupJVTfQhfWrBBlpwPcai9TWupLsLPIjbX9PHKQnzAqL1dXmSWmsfQhbtNpo5SM3sFR99q8z33S3yI37VWCjOHNR9/qJe52Hhu1ln+zGzeGKh/yFfkyXuNhNZ9prC5lWIlo3Y4HENvvqUNfXKWHsRno7IrK3N0DkZrcZCpq158g06e6xkxrsD1PIfjVN9vZVufkWU19pNQ8zivnjUJJONrqTiboDgezFfNrW6iUt5czv8AulCjjhLtprt58pCSS8UR235jzrRXr7nZhvYps0NXBlLc20OpXJ5xMelbYaq3qjHLTV+Z7k1K/Vl7m1SRCfS4mwV8/P2VohqG13lgpdEfMitbjUnb9at4404d+CZmPFk8gcDGMHnn41b266Z+xB1Loz0zXrMwC26xhhj0n4mXG/sOfbXvbI87MmladpUb6EpvxKc55dD/AMV52y/mDzsyusF01uEmktu/D57xE2ZfNT19h5/dXruXQ97MklSWSRWa4iwPWKxrk+zOaj2yPezI2ikJk4rzhDA4McaKQSd25Hf+pqDvJKv6ESxSx8IS9UAHky5GPYMVVK1Pqi1Qx0MSw27sWaYe2s8uHrItXF/aVTYaeM5kO/mag+z/ALia4+iPJs9LySWJPU5NQfY9ZE12vkYNtpGPV+6vM0eZ7w3eQW20rBKxswHUHcVF36aLIONvJnn/AAlRtEf9xr3t6PIn2NvmZE2mL6tvy5bmvHqacYwPd7fM6vTpxcWUMg5MtdvT2KyqMkcm6HBY4lHtWA2gXankQB+IqvXvGnky3R+PE4ey4m2PrJtnz6H86+Yit3JHfk9sFqSMwsDjapY4HueJ8RcuNSmjmYI2F2P4Vot1U4zaRRXp4OO5H86XB/bNVPWWeZP3aHkeTqsg5y4/1V77xax2FZ4+eAWAN0mTsBxjepKy9rOH9jx1VosrdTN+01eK2bPHXBdCVZJj+01WqU2Q4YIkAmO+TUu+QzEjUmR2RZAzLzAqO7eMjiig0MnWjhImpoheJ6qcJE1JEDowqmUWWRkiBgw5mqnksTMKjsrMqNIQR6K8wKuq09lqbis4K7b41tJvGSzC5iG6OueYK1it0Opk3mOCrKnunkma2TuvlIMPTCg8RLZ8BWyrRXwodljWFy3y/wDBX274+z3/AAa+XIYErj88c8Vnzk3Q5Hcdngfma1/k/OvrPZ3ysPQ+d1vzEjx2o+orr2D4ivdf8tMaPx4nI2KLGvfS5CKvE5xnbH9PjXB01fFJRO1fZhZLl9JazyTW8MmZ7dVMqcBHDkZG+ME7jOOWRnmM69ZpZRr4jNpru9g19zvMT5D4CuXdvN/p+DfX8JHwEg4qtIm2cfo/Zy/it+6vdEt7icd5i6kkRmBYEA4PMDYjkRjnvX2T9p6X/q39jkzpsb5k79jtVu4rGJdO021eGRDPdJIS8wXAGQF2O2ee5o/aNTi0svbyIxrcXls+lQWB8K4tenZZO8vxWHlWuOnM8rypr2bHTnePaRiEB8M9ar1a7KptcyMJuTwc1aSNAEkXPGZAVAGcgA8XxH3eVcqDcUn1z+M5LOp23yRWUFRkEZBrvOlPdFCtZDJZ+VVSoLFcUp7PY7VmnQaIXGtuLcrk4rDZUa4WGp0jUZ4b2e4wXi9JDENsY3HvOauo1C0k1nk+Zdr9Mp1KK58zWSam95eyTXdw1s3ASozwrjwKnrVts52vK39C6rTwprSgZtNenW67l4JJQmCLmBCyH+n41FxSWXJej5kbK4PZomvJhLcQTRPI0zt6QIxgVmnCEYtl9MVwNdD6boO2j2u2PQrv6BY0sPQ+V1njyIu0/wBRXf8AIPiK913y8jzSP+tE5+wtWnsplQDjkGF36nYVzNFDvZfmdDVzwsEthaZ0oTvdieR1d5j3fATLIwZjgk4GOEKPDqdq6etjmpox0S/qI1Uy/TEeQ+FfMWfHg7kH3SaCLiPKp115ITng2trZ5Gwz7q6FVGTFZabWCzC4yMV0K6EjFK3JcjhVfCtMayiUzM0bmJhAyrJj0SRkA+flUpRfD3eZHi33OS1dNRndmu7RgWXgYRAnh8GBHMe3lv41xdQr5+JH6bb/AKmmDguTIF0y8KpEtvIcoOPAxkc+EHzOc+731rTWtKOOiz/r9Xz/AJmXHHnk6nS4LuOIvqEqtIQAI49kjHgPPzrsaeu1Rza9/LojNOUW+6XSgNXuJHiKXFBcB+4mik4DhuBg2D54qmdexdGZob3UdKSVo31C2Vw/dkGQbNy4T556Vis00nyRsrsaKF1parK0kRKMefga5dtWeZ0YajKxIgeOUcxGfdWGWmwTUoMjYS8iwXHVRvUFUk8k1wkQiVW4sZY82NTb6E+JvY+g6HtpFp9mK+u0Xy8PQ+Z1XjSIu0v1Hd/yj4ivNd8tP0Gk8eJqNNjlfTZVtpO7nZcRvsOFjyO4I5nqD7DyrJov3/c1at7mdHht4tMvYLa17swy8Es/e9730gGG9MgEkerywMYHLboavetmatvtFk0txtckfwr8BXydviHer+Au2QHFWqkoteDQXOo6XD2zvbXtlEPkbpH82vcrxW4HD6Z32DFidz4Y2GM/R0QfYp18+pzpptbHc9ntKtdLjn+brni06YiS3hDBo4BjfgP7p545DpVreea3McpNlLsz2jl1XV9TsrqIRcHDcWO2DLasMK/vIJ9jAVJxwj2UMJNFO27UXemdoJrbXQg0u8u3hsLsbCN1OO6k8M4JB/se8OVlHvBmOVzRuPkp1TUdQjnuruOOCZAiQTtHsYkJB4fPP3mo5wQzhI4W1vjpnYS/7UXE17dahaXMscPe3kpTPe92mU4uEgZBO3SrecuEvfenwHcwdn4ZdKWG7mmlvHj9O87wiXjI3ZSD6O/IDaqs7lDlv9DitB1+87VQdlLDVCCl2txJeldhc9yeEKf4ScEjrjHKrHFRyXShwcTN9+kJF06xsNVsUWK+tbyGOF0GCyOwVozjmpHTyB5gVXHvZTI17vDORlumGh6zps8Iis9R1y6tpL5iGW34pDglfbsDyzXkl31Jc0ky9c16HdpapBbxQJkrHGqAnc4AxzrjWribZfCRVmgFY51mmMylNHiss4GiMslR9qzsvR3uijGk2n2S/CvrtF8vD0R81qfGl6kXaT6ju/5PzFR1/wAtP0PdJ40TU6YyrpTtI7RoqAs6DLKPEDB391ZdFy2+n5Rp1fxGNDvLGWzubLTbiae2tYY+EyxlGXJfbdVJ9XOTnOTXQ1K/pvJlrTU02aS6P60fYPhXyV3iM+hr+Au2LelWihlFyPVxqeiXU91pPaKG3iRcGP5cVEdwpHrIx22ORjmMV9Bp4z4VOG5yp5TyjRdmtMmtX1rS9DmuF0PUJ0hsZGBYRjhJndC3NceiDyJxz5nfKSeM8yE5J4cuZtdc0fUtGvdL7QQXl/q0tlIIJoVtkLm2fAYKsSAnB4WxvyqKknnYgpxknFrBvvmi21LR7/TtWt8wXFzPlX9E4Lkhh4eINR4uHcgpNNNFXsZZXeiW97batfpckTgQ3LuvFJEEUKT5gDB9leTshzPZtSeyNdo2hWr9jbzQNcmg4bqaZ2EUwJUNIWUjzGx9oqL1NallSRJuXHxJGxjk1caWunm6gMgjER1CKKRnIxji7oJgN/qwDv5VHt685Wfs/wDR5jfJGez+nQ6fpdvpkN1avpTcVpKsJypxhgwbHEGyc/eCDvXnvH0f2/2E3vknubSW9u7W41JJLgWj97BCsaxoJOjkFiSR03wDvjPKEr2tlFkoryNfHolsml6hpssDz299PLNKszqN5GyQMeB5VRLUz4lJLGC9LfJbsIjaWUVsWdhCoRWkfjYgcsnA3rLKbk3Jotij0+9UyLUU7hRWexF8GaycYzWCZrjyO90j6rtPsV+FfXaT5eHoj5zU+NP1ZB2i+pLv+T8xUNd8tP0PdJ48TUaVKY9MZ1xxIoIzyyCKx6Hl9v2NOs5lqytLi1+WreX7XspjRhM6Kh4SXwuF2wDxYPPB3zjJ6d/hmSt99HM32103u+FfI3+Iz6Or4CW1fBqVUsMrtjk3FsokA45nI6cv6V1aXnm/wc2yBsY4kIAae4bp/nMPgRW2KXVv7v8A2ZJL6Ejw2UagznCk4zNKxGfDc1Yq4Pp+WQ7x7WCxVgBBb5LcI9Abnfb8DUuzr/tR5mT6i4ms7NA8yxoCcDCZJPgABknyFTUV0R5hsR6lZtGHS4iClOPdguF8SDyr3LXQcLCahbzs6wzxuyY4grA4qMpNcySiYkuMdaplYWxgVZJ/Os8rC2MCpJcp1Ye6slmprjzZeq2U9Uu47TSZ72S8gtVUEI0yFgSB4Agn3VdpYR1MeNPYpvt7N4RxnYrt8uvXHzdqUUUF7gmN4yeCYDoAdweuOuD7KnqdM61xx5DT6hTfC+Z187gAnIG3WubNnQgmaGe9Etx3cPqjm2edZ5wwss6MKuGOZH0rSttMtPsE+Ar6nS+BD0X4PlNR40/VlftH9SXf8n5iq9d8tP0JaTx4mj0eUJYMSAwUAlf3hnlWDQvKS9PyjbrVuTaFp0+k2F7bXMVukjN3oaB5CpU5wvpkn0cY2wOWAOVdbUP+m2YYPimjQ3x/WW93wr5DUeIfRVfAYhbBqMHhns0eXa4jvpJYpbtYyseSrFuDJfiKruCfV6GuxRanBJ4/n8Zgsg+IkiudbHA/07SOyuw4kCrhUyoz0zx7Z5+6tkbauhnlWyzcWtxLptnB3f0sUTIfpF2JGMEMrKR49alHUxUnuQdTM/N1+8ciG8UI7s54GZQme8yAB09MHxyOZ2xL3qJ52ZeW2aK3gS3lRHt7mSWIFCUCsX9HGRyVsbHpUPeFnfqOyK0mmNPOZbm8MhKkN9HgkkYPXGOWNsgdTXj1aS2R6qye0t4LKeaaOSRmlZjhyDw5YsQNs8yedU2avu958iaqySS3h34Ry65rlXe0ele5dGldSm1w83qkkfvHYD+tc+y6yfxy/QsSxyRWkn39A+1z+VeRgWxjtxPkfN9V0jUu2Usl5FIV060kZY2kY+kevCPDlX2Nahpao1rocjs5aixy5I5DUNKv9FvkmjDoInVo5h0bOxq1ThZFp8mVWaedcsxPt8DrrWlQyiXgaRQWCHbi6jHhXyk7LNPa4PdHdps4O9jJqvkc9ndBZl9HOzDkalK2Nkdjp9rCyPdPqmmDGm2g/wDCn/yK+p0vgQ9F+D46/wAWXqyv2i30S7+z/Oq9d8tP0J6Tx4nMaNITbtGFDluSk4Delyz0rk6GaTX6fk6esjlZPfZ6a5+RXpvZTM2QqStdLN6Kll4BhVxgg7nJOSa7OslivY59UczWDW3m8+f4RXyd3xnfr+EjQ71BEmeJJdR4nS2SNFB9FyckjB6eRxW6l0pJyZmnGTZM51DiVopIVPCAQzEDPXGx/vrVkLKsd7P8+xBwYMd+5Ob7AIxgJv08PfU1fWv+pF1kz2/eicSzFxJJ3icS57s4xtRanGMI87Iw1kkg+knuC2+W48Zyc8v72r33qS6DsySC2t7NzMo4GYYJLZz1/Osd2vlJYjuOGKJTK8nqIcfvPsPu51z5ycvjeT30RHI0aYMzGRui45e6vFl/DseqOXjmyGR3ly0myAZ4asjB5xHmy3hUVxSOF7Wds7qxuJIdIW2liQcEhlQnJPQEEV9BT7IqSTm3n+fQ592ub2ijrdL1+w1Ls7aGxaJJpIeEW5Iz3iruu3XY+2tFuVJpijDSaNRdaXK1iZ7ySOV5myEUequNs78/uqtySexpjFyyma7QxIrXySOM99lV8F4VH5Vm1aWU15G3QPaUX5m7t7mQZQsSngdxXMsgsZRsnXHmfVtPGLC2HhEvwr62lYqivoj427xJerK/aD6lvPsjVWu+Wn6Fmk8ePqcNZSAMYpM8DA8jzBO/s3r5yieMSXQ7t0MrHmbZ1srS1f5FbQwtIqK/dqBkKMKD7ByroanVOdfMxU0Yma6ZO8YEc+FT+FcqyPE/sdCMsL7kBVkbBGKqw1sT58jW6nrD295b6dZrA19ceoLiXgQdByySSfzJxiup7P8AZ71Kc5PEV+TNff2a5GOz+r3moAxahaC1uOBZUCyBhJGwBDAZyBuPI9ORAnr9B7s1KDyn+SNVqsyl0NzGXcZTDe41y3NR5lrz5kywy9XVfdmq3qEuRXlnsQuOcpH8q4qmdvF0I4k+bMN8ngPESvF5nJNFxS5HmEmVpb4nZCIx4nnVkaf1Lo0ylz2RIluY4xPd5jVuQb/Mk9g6DzNa/dnFcVrwui6//F9QpLPBVu/8HP8AbG7YaJcGMsgOM8B3Ue2tHs2MfeE8eZXrINUM5TRtGe8ijWIR/TjYPwkk7kDBGMkf3tXZts5owVVrB0mlR2vZ9JZxFH3mTmNE/wAnHLbr1BrO5t7GtVJLL/iLZSF4GvIp1aM8QGJQRxHkq48qhNcK5FlbUmkmRaFpAYSX065PKMHr51lttbXCi5pRltzK07Pb3YYvgE4KnYAeINUzjGdbyt8GhTnlb7H2e0GLWEfwD4V9PD4UfJz+N+pV176mvPsjVGs+Xn6Mt0vjR9T527iNOMHDDl7fCvk6m1JYPpZJNYZY75njXBIBGQD0/vl7qtnlPHToQik92WXdVmUHb0F+FJtKf2/BGKfD9/yWhHHKnp4Ixz8KvUIzW5Q5yg9jj9a06KWf5bb3Fgbp7buJY7l3WaLnnhVcZJyR7PImu7on7vF1v4eax+/5/wDDJbY7HkjsHe1cSiN0uWhS2WXuxG3dLnhWOPfGxxxN0ArPrr4XPhjyX8/HRb+eCymjC3Ohs7m4W3RZBGCBgKByHQfdXzlsIObxk1qmWOZMbuU/uD/T/wA1Ds4nvZS8/wDBE9xO5wHbJ6Lt8KlGEc7IkqF/2ZatdCvbkd5KBbRczJKcfhXRp0F1iy1wrzZVLWUU7R3f0/2ZludM0rayC3VyOdxKNlP8IqcraaNqu9Lzf7HihfqN7Xwx8l+5qLi+eaUyTSF3PNiawy45y4pbs2xhCuOI7I0faq4Q6DdhZAH4Rw7+YrZoFJaiLfIz65p6eWDz2S7R6NDpSW7TAXdtlLcy5DKcH3HbO4rrWQlls5lUoywk/wDBnVbuya0mu3dcFOJ+HdSuckb888qjGuTaeC52x+E4/R+4t9d+TQKskCSiVREePBx0x03FXWpyraM8GoTyj6ENT1OTgisNIvXjUEejbPv+FYFo5PkjT7zHdyZa0fszretXqNqlk9lYqQXMuA7jwVeY9px76ur0Lb32R5PXxhDuPLPqyjhUAdBXVOMVtTha50+4hT1njKr7cbVTfBzqlFdUWVT4LIy+p80jVmfvJRwlCVCEepjnnzr5CXc7h9RGSl3kTJjcZG24/P8Av21bF8UPT8EXtL1J7sgTYPRVB+6oXp8eDyt937kBuR3bRs4KMMMAcVKqyytpxE4wktyS2urJeBbm+u+7UEcLOCGBGD0rq1a3PxRwYbaGvheS8l92ajdpT3Bdh6Ts2/3mtbVd6xLcyudtbymRfL9BnOLTvpj4QEv8Aah/xenfmP8AkL15HtDG28Gj38vhxRsB+IFTj7M0y6ZIPX3vqWFl1+Mf4d2dEZ/fkkjTH3tmr41KvaqCRU7HZ4k2U7rQ+2mqt+tT2MMX7vfsce4L+dU2aW25/wBSRfXqaal3Ikcf6PdVkP6xrECr4JCzY+8iox9nQXUlL2lJ8kWo/wBGsbf9Trd4fsURPiGq1aGpFT19rJ1/RfoDIVu5NQus8zLc8JP+wLV0dPXF5SK5au2Sw2WrT9HHZK0GI9FgY4wWlZnJ9pJq7hRSrJLkzb23ZvQ7VVW30ewjC8uG3Tb8KYRHLzk2McEcYCxxogHRVAr3B5lklAKAUBgjNAafVezWnalMZ3WSG5P/AHoW4WPtHI+8Gs92lqu+NF9eosr+FmqPYtg4ZNWnAHIGFSazQ9mUwllF79oWyWGeV7CW8mWutVvpWJySvAuf/U1Nez6eu5D323oWU7CaFj6WO5mP8d04/AECrI6OldCD1Vr6l2LsloERyul25Pi44j+NWqitcolbtsfNl6DStOtzm3sLWI+KQqD8Ks4UiDbZbAwMDavTwYoBigM0AoBQCgFAKAUAoBQCgFAKAUAoBQCgFAKAUAoBQCgFAKAUAoBQCgFAKAUAoBQCgFAKAUAoBQCgFAKAUAoBQCgFAKAUAoBQCgFAKAUAoBQCgFAKAUAoBQCgFAKAUAoBQCgP/9k=",
            "productImageURLs": [
                "data:image/jpeg;base64,/9j/4AAQSkZJRgABAQAAAQABAAD/2wCEAAkGBwgHBgkIBwgKCgkLDRYPDQwMDRsUFRAWIB0iIiAdHx8kKDQsJCYxJx8fLT0tMTU3Ojo6Iys/RD84QzQ5OjcBCgoKDQwNGg8PGjclHyU3Nzc3Nzc3Nzc3Nzc3Nzc3Nzc3Nzc3Nzc3Nzc3Nzc3Nzc3Nzc3Nzc3Nzc3Nzc3Nzc3N//AABEIAKAAoAMBEQACEQEDEQH/xAAbAAEAAgMBAQAAAAAAAAAAAAAAAwQBBQYCB//EAEEQAAIBAwIDBAUICAUFAAAAAAECAwAEEQUhEjFBBhNRYSIycYGxFBUjNXORocEHJEJSYnLR8CUzgpLhNENjorL/xAAaAQEAAwEBAQAAAAAAAAAAAAAAAgMEBQEG/8QANBEAAgIBAgMFBwMEAwEAAAAAAAECAxEEIRIxQRMiM1FxBRQyNGGRsYHB8CNSodEVQvHh/9oADAMBAAIRAxEAPwD7jQCgFAKAUAoBQCgFAKAUAoBQCgFAKAUAoBQCgFAKAUAoBQCgFAKAUAoBQCgFAKAUAoBQCgFAKAUAoBQCgFAKAUAoBQCgFAKAUAoBQCgFAKAUAoBQGM0AzQGaAUBjNAM+VAM0BjiHiPvoAXUY3FARm5iU+k4FD3Bkzxjm1QdkUeqDZE+o2qZDSjIqLvgupJVTfQhfWrBBlpwPcai9TWupLsLPIjbX9PHKQnzAqL1dXmSWmsfQhbtNpo5SM3sFR99q8z33S3yI37VWCjOHNR9/qJe52Hhu1ln+zGzeGKh/yFfkyXuNhNZ9prC5lWIlo3Y4HENvvqUNfXKWHsRno7IrK3N0DkZrcZCpq158g06e6xkxrsD1PIfjVN9vZVufkWU19pNQ8zivnjUJJONrqTiboDgezFfNrW6iUt5czv8AulCjjhLtprt58pCSS8UR235jzrRXr7nZhvYps0NXBlLc20OpXJ5xMelbYaq3qjHLTV+Z7k1K/Vl7m1SRCfS4mwV8/P2VohqG13lgpdEfMitbjUnb9at4404d+CZmPFk8gcDGMHnn41b266Z+xB1Loz0zXrMwC26xhhj0n4mXG/sOfbXvbI87MmladpUb6EpvxKc55dD/AMV52y/mDzsyusF01uEmktu/D57xE2ZfNT19h5/dXruXQ97MklSWSRWa4iwPWKxrk+zOaj2yPezI2ikJk4rzhDA4McaKQSd25Hf+pqDvJKv6ESxSx8IS9UAHky5GPYMVVK1Pqi1Qx0MSw27sWaYe2s8uHrItXF/aVTYaeM5kO/mag+z/ALia4+iPJs9LySWJPU5NQfY9ZE12vkYNtpGPV+6vM0eZ7w3eQW20rBKxswHUHcVF36aLIONvJnn/AAlRtEf9xr3t6PIn2NvmZE2mL6tvy5bmvHqacYwPd7fM6vTpxcWUMg5MtdvT2KyqMkcm6HBY4lHtWA2gXankQB+IqvXvGnky3R+PE4ey4m2PrJtnz6H86+Yit3JHfk9sFqSMwsDjapY4HueJ8RcuNSmjmYI2F2P4Vot1U4zaRRXp4OO5H86XB/bNVPWWeZP3aHkeTqsg5y4/1V77xax2FZ4+eAWAN0mTsBxjepKy9rOH9jx1VosrdTN+01eK2bPHXBdCVZJj+01WqU2Q4YIkAmO+TUu+QzEjUmR2RZAzLzAqO7eMjiig0MnWjhImpoheJ6qcJE1JEDowqmUWWRkiBgw5mqnksTMKjsrMqNIQR6K8wKuq09lqbis4K7b41tJvGSzC5iG6OueYK1it0Opk3mOCrKnunkma2TuvlIMPTCg8RLZ8BWyrRXwodljWFy3y/wDBX274+z3/AAa+XIYErj88c8Vnzk3Q5Hcdngfma1/k/OvrPZ3ysPQ+d1vzEjx2o+orr2D4ivdf8tMaPx4nI2KLGvfS5CKvE5xnbH9PjXB01fFJRO1fZhZLl9JazyTW8MmZ7dVMqcBHDkZG+ME7jOOWRnmM69ZpZRr4jNpru9g19zvMT5D4CuXdvN/p+DfX8JHwEg4qtIm2cfo/Zy/it+6vdEt7icd5i6kkRmBYEA4PMDYjkRjnvX2T9p6X/q39jkzpsb5k79jtVu4rGJdO021eGRDPdJIS8wXAGQF2O2ee5o/aNTi0svbyIxrcXls+lQWB8K4tenZZO8vxWHlWuOnM8rypr2bHTnePaRiEB8M9ar1a7KptcyMJuTwc1aSNAEkXPGZAVAGcgA8XxH3eVcqDcUn1z+M5LOp23yRWUFRkEZBrvOlPdFCtZDJZ+VVSoLFcUp7PY7VmnQaIXGtuLcrk4rDZUa4WGp0jUZ4b2e4wXi9JDENsY3HvOauo1C0k1nk+Zdr9Mp1KK58zWSam95eyTXdw1s3ASozwrjwKnrVts52vK39C6rTwprSgZtNenW67l4JJQmCLmBCyH+n41FxSWXJej5kbK4PZomvJhLcQTRPI0zt6QIxgVmnCEYtl9MVwNdD6boO2j2u2PQrv6BY0sPQ+V1njyIu0/wBRXf8AIPiK913y8jzSP+tE5+wtWnsplQDjkGF36nYVzNFDvZfmdDVzwsEthaZ0oTvdieR1d5j3fATLIwZjgk4GOEKPDqdq6etjmpox0S/qI1Uy/TEeQ+FfMWfHg7kH3SaCLiPKp115ITng2trZ5Gwz7q6FVGTFZabWCzC4yMV0K6EjFK3JcjhVfCtMayiUzM0bmJhAyrJj0SRkA+flUpRfD3eZHi33OS1dNRndmu7RgWXgYRAnh8GBHMe3lv41xdQr5+JH6bb/AKmmDguTIF0y8KpEtvIcoOPAxkc+EHzOc+731rTWtKOOiz/r9Xz/AJmXHHnk6nS4LuOIvqEqtIQAI49kjHgPPzrsaeu1Rza9/LojNOUW+6XSgNXuJHiKXFBcB+4mik4DhuBg2D54qmdexdGZob3UdKSVo31C2Vw/dkGQbNy4T556Vis00nyRsrsaKF1parK0kRKMefga5dtWeZ0YajKxIgeOUcxGfdWGWmwTUoMjYS8iwXHVRvUFUk8k1wkQiVW4sZY82NTb6E+JvY+g6HtpFp9mK+u0Xy8PQ+Z1XjSIu0v1Hd/yj4ivNd8tP0Gk8eJqNNjlfTZVtpO7nZcRvsOFjyO4I5nqD7DyrJov3/c1at7mdHht4tMvYLa17swy8Es/e9730gGG9MgEkerywMYHLboavetmatvtFk0txtckfwr8BXydviHer+Au2QHFWqkoteDQXOo6XD2zvbXtlEPkbpH82vcrxW4HD6Z32DFidz4Y2GM/R0QfYp18+pzpptbHc9ntKtdLjn+brni06YiS3hDBo4BjfgP7p545DpVreea3McpNlLsz2jl1XV9TsrqIRcHDcWO2DLasMK/vIJ9jAVJxwj2UMJNFO27UXemdoJrbXQg0u8u3hsLsbCN1OO6k8M4JB/se8OVlHvBmOVzRuPkp1TUdQjnuruOOCZAiQTtHsYkJB4fPP3mo5wQzhI4W1vjpnYS/7UXE17dahaXMscPe3kpTPe92mU4uEgZBO3SrecuEvfenwHcwdn4ZdKWG7mmlvHj9O87wiXjI3ZSD6O/IDaqs7lDlv9DitB1+87VQdlLDVCCl2txJeldhc9yeEKf4ScEjrjHKrHFRyXShwcTN9+kJF06xsNVsUWK+tbyGOF0GCyOwVozjmpHTyB5gVXHvZTI17vDORlumGh6zps8Iis9R1y6tpL5iGW34pDglfbsDyzXkl31Jc0ky9c16HdpapBbxQJkrHGqAnc4AxzrjWribZfCRVmgFY51mmMylNHiss4GiMslR9qzsvR3uijGk2n2S/CvrtF8vD0R81qfGl6kXaT6ju/5PzFR1/wAtP0PdJ40TU6YyrpTtI7RoqAs6DLKPEDB391ZdFy2+n5Rp1fxGNDvLGWzubLTbiae2tYY+EyxlGXJfbdVJ9XOTnOTXQ1K/pvJlrTU02aS6P60fYPhXyV3iM+hr+Au2LelWihlFyPVxqeiXU91pPaKG3iRcGP5cVEdwpHrIx22ORjmMV9Bp4z4VOG5yp5TyjRdmtMmtX1rS9DmuF0PUJ0hsZGBYRjhJndC3NceiDyJxz5nfKSeM8yE5J4cuZtdc0fUtGvdL7QQXl/q0tlIIJoVtkLm2fAYKsSAnB4WxvyqKknnYgpxknFrBvvmi21LR7/TtWt8wXFzPlX9E4Lkhh4eINR4uHcgpNNNFXsZZXeiW97batfpckTgQ3LuvFJEEUKT5gDB9leTshzPZtSeyNdo2hWr9jbzQNcmg4bqaZ2EUwJUNIWUjzGx9oqL1NallSRJuXHxJGxjk1caWunm6gMgjER1CKKRnIxji7oJgN/qwDv5VHt685Wfs/wDR5jfJGez+nQ6fpdvpkN1avpTcVpKsJypxhgwbHEGyc/eCDvXnvH0f2/2E3vknubSW9u7W41JJLgWj97BCsaxoJOjkFiSR03wDvjPKEr2tlFkoryNfHolsml6hpssDz299PLNKszqN5GyQMeB5VRLUz4lJLGC9LfJbsIjaWUVsWdhCoRWkfjYgcsnA3rLKbk3Jotij0+9UyLUU7hRWexF8GaycYzWCZrjyO90j6rtPsV+FfXaT5eHoj5zU+NP1ZB2i+pLv+T8xUNd8tP0PdJ48TUaVKY9MZ1xxIoIzyyCKx6Hl9v2NOs5lqytLi1+WreX7XspjRhM6Kh4SXwuF2wDxYPPB3zjJ6d/hmSt99HM32103u+FfI3+Iz6Or4CW1fBqVUsMrtjk3FsokA45nI6cv6V1aXnm/wc2yBsY4kIAae4bp/nMPgRW2KXVv7v8A2ZJL6Ejw2UagznCk4zNKxGfDc1Yq4Pp+WQ7x7WCxVgBBb5LcI9Abnfb8DUuzr/tR5mT6i4ms7NA8yxoCcDCZJPgABknyFTUV0R5hsR6lZtGHS4iClOPdguF8SDyr3LXQcLCahbzs6wzxuyY4grA4qMpNcySiYkuMdaplYWxgVZJ/Os8rC2MCpJcp1Ye6slmprjzZeq2U9Uu47TSZ72S8gtVUEI0yFgSB4Agn3VdpYR1MeNPYpvt7N4RxnYrt8uvXHzdqUUUF7gmN4yeCYDoAdweuOuD7KnqdM61xx5DT6hTfC+Z187gAnIG3WubNnQgmaGe9Etx3cPqjm2edZ5wwss6MKuGOZH0rSttMtPsE+Ar6nS+BD0X4PlNR40/VlftH9SXf8n5iq9d8tP0JaTx4mj0eUJYMSAwUAlf3hnlWDQvKS9PyjbrVuTaFp0+k2F7bXMVukjN3oaB5CpU5wvpkn0cY2wOWAOVdbUP+m2YYPimjQ3x/WW93wr5DUeIfRVfAYhbBqMHhns0eXa4jvpJYpbtYyseSrFuDJfiKruCfV6GuxRanBJ4/n8Zgsg+IkiudbHA/07SOyuw4kCrhUyoz0zx7Z5+6tkbauhnlWyzcWtxLptnB3f0sUTIfpF2JGMEMrKR49alHUxUnuQdTM/N1+8ciG8UI7s54GZQme8yAB09MHxyOZ2xL3qJ52ZeW2aK3gS3lRHt7mSWIFCUCsX9HGRyVsbHpUPeFnfqOyK0mmNPOZbm8MhKkN9HgkkYPXGOWNsgdTXj1aS2R6qye0t4LKeaaOSRmlZjhyDw5YsQNs8yedU2avu958iaqySS3h34Ry65rlXe0ele5dGldSm1w83qkkfvHYD+tc+y6yfxy/QsSxyRWkn39A+1z+VeRgWxjtxPkfN9V0jUu2Usl5FIV060kZY2kY+kevCPDlX2Nahpao1rocjs5aixy5I5DUNKv9FvkmjDoInVo5h0bOxq1ThZFp8mVWaedcsxPt8DrrWlQyiXgaRQWCHbi6jHhXyk7LNPa4PdHdps4O9jJqvkc9ndBZl9HOzDkalK2Nkdjp9rCyPdPqmmDGm2g/wDCn/yK+p0vgQ9F+D46/wAWXqyv2i30S7+z/Oq9d8tP0J6Tx4nMaNITbtGFDluSk4Delyz0rk6GaTX6fk6esjlZPfZ6a5+RXpvZTM2QqStdLN6Kll4BhVxgg7nJOSa7OslivY59UczWDW3m8+f4RXyd3xnfr+EjQ71BEmeJJdR4nS2SNFB9FyckjB6eRxW6l0pJyZmnGTZM51DiVopIVPCAQzEDPXGx/vrVkLKsd7P8+xBwYMd+5Ob7AIxgJv08PfU1fWv+pF1kz2/eicSzFxJJ3icS57s4xtRanGMI87Iw1kkg+knuC2+W48Zyc8v72r33qS6DsySC2t7NzMo4GYYJLZz1/Osd2vlJYjuOGKJTK8nqIcfvPsPu51z5ycvjeT30RHI0aYMzGRui45e6vFl/DseqOXjmyGR3ly0myAZ4asjB5xHmy3hUVxSOF7Wds7qxuJIdIW2liQcEhlQnJPQEEV9BT7IqSTm3n+fQ592ub2ijrdL1+w1Ls7aGxaJJpIeEW5Iz3iruu3XY+2tFuVJpijDSaNRdaXK1iZ7ySOV5myEUequNs78/uqtySexpjFyyma7QxIrXySOM99lV8F4VH5Vm1aWU15G3QPaUX5m7t7mQZQsSngdxXMsgsZRsnXHmfVtPGLC2HhEvwr62lYqivoj427xJerK/aD6lvPsjVWu+Wn6Fmk8ePqcNZSAMYpM8DA8jzBO/s3r5yieMSXQ7t0MrHmbZ1srS1f5FbQwtIqK/dqBkKMKD7ByroanVOdfMxU0Yma6ZO8YEc+FT+FcqyPE/sdCMsL7kBVkbBGKqw1sT58jW6nrD295b6dZrA19ceoLiXgQdByySSfzJxiup7P8AZ71Kc5PEV+TNff2a5GOz+r3moAxahaC1uOBZUCyBhJGwBDAZyBuPI9ORAnr9B7s1KDyn+SNVqsyl0NzGXcZTDe41y3NR5lrz5kywy9XVfdmq3qEuRXlnsQuOcpH8q4qmdvF0I4k+bMN8ngPESvF5nJNFxS5HmEmVpb4nZCIx4nnVkaf1Lo0ylz2RIluY4xPd5jVuQb/Mk9g6DzNa/dnFcVrwui6//F9QpLPBVu/8HP8AbG7YaJcGMsgOM8B3Ue2tHs2MfeE8eZXrINUM5TRtGe8ijWIR/TjYPwkk7kDBGMkf3tXZts5owVVrB0mlR2vZ9JZxFH3mTmNE/wAnHLbr1BrO5t7GtVJLL/iLZSF4GvIp1aM8QGJQRxHkq48qhNcK5FlbUmkmRaFpAYSX065PKMHr51lttbXCi5pRltzK07Pb3YYvgE4KnYAeINUzjGdbyt8GhTnlb7H2e0GLWEfwD4V9PD4UfJz+N+pV176mvPsjVGs+Xn6Mt0vjR9T527iNOMHDDl7fCvk6m1JYPpZJNYZY75njXBIBGQD0/vl7qtnlPHToQik92WXdVmUHb0F+FJtKf2/BGKfD9/yWhHHKnp4Ixz8KvUIzW5Q5yg9jj9a06KWf5bb3Fgbp7buJY7l3WaLnnhVcZJyR7PImu7on7vF1v4eax+/5/wDDJbY7HkjsHe1cSiN0uWhS2WXuxG3dLnhWOPfGxxxN0ArPrr4XPhjyX8/HRb+eCymjC3Ohs7m4W3RZBGCBgKByHQfdXzlsIObxk1qmWOZMbuU/uD/T/wA1Ds4nvZS8/wDBE9xO5wHbJ6Lt8KlGEc7IkqF/2ZatdCvbkd5KBbRczJKcfhXRp0F1iy1wrzZVLWUU7R3f0/2ZludM0rayC3VyOdxKNlP8IqcraaNqu9Lzf7HihfqN7Xwx8l+5qLi+eaUyTSF3PNiawy45y4pbs2xhCuOI7I0faq4Q6DdhZAH4Rw7+YrZoFJaiLfIz65p6eWDz2S7R6NDpSW7TAXdtlLcy5DKcH3HbO4rrWQlls5lUoywk/wDBnVbuya0mu3dcFOJ+HdSuckb888qjGuTaeC52x+E4/R+4t9d+TQKskCSiVREePBx0x03FXWpyraM8GoTyj6ENT1OTgisNIvXjUEejbPv+FYFo5PkjT7zHdyZa0fszretXqNqlk9lYqQXMuA7jwVeY9px76ur0Lb32R5PXxhDuPLPqyjhUAdBXVOMVtTha50+4hT1njKr7cbVTfBzqlFdUWVT4LIy+p80jVmfvJRwlCVCEepjnnzr5CXc7h9RGSl3kTJjcZG24/P8Av21bF8UPT8EXtL1J7sgTYPRVB+6oXp8eDyt937kBuR3bRs4KMMMAcVKqyytpxE4wktyS2urJeBbm+u+7UEcLOCGBGD0rq1a3PxRwYbaGvheS8l92ajdpT3Bdh6Ts2/3mtbVd6xLcyudtbymRfL9BnOLTvpj4QEv8Aah/xenfmP8AkL15HtDG28Gj38vhxRsB+IFTj7M0y6ZIPX3vqWFl1+Mf4d2dEZ/fkkjTH3tmr41KvaqCRU7HZ4k2U7rQ+2mqt+tT2MMX7vfsce4L+dU2aW25/wBSRfXqaal3Ikcf6PdVkP6xrECr4JCzY+8iox9nQXUlL2lJ8kWo/wBGsbf9Trd4fsURPiGq1aGpFT19rJ1/RfoDIVu5NQus8zLc8JP+wLV0dPXF5SK5au2Sw2WrT9HHZK0GI9FgY4wWlZnJ9pJq7hRSrJLkzb23ZvQ7VVW30ewjC8uG3Tb8KYRHLzk2McEcYCxxogHRVAr3B5lklAKAUBgjNAafVezWnalMZ3WSG5P/AHoW4WPtHI+8Gs92lqu+NF9eosr+FmqPYtg4ZNWnAHIGFSazQ9mUwllF79oWyWGeV7CW8mWutVvpWJySvAuf/U1Nez6eu5D323oWU7CaFj6WO5mP8d04/AECrI6OldCD1Vr6l2LsloERyul25Pi44j+NWqitcolbtsfNl6DStOtzm3sLWI+KQqD8Ks4UiDbZbAwMDavTwYoBigM0AoBQCgFAKAUAoBQCgFAKAUAoBQCgFAKAUAoBQCgFAKAUAoBQCgFAKAUAoBQCgFAKAUAoBQCgFAKAUAoBQCgFAKAUAoBQCgFAKAUAoBQCgFAKAUAoBQCgFAKAUAoBQCgP/9k="
            ],
            "searchTags": [
                "Body wash SOAP",
                "Sandel Soap",
                "Soap"
            ],
            "reviews": [
                {
                    "reviewId": 1771,
                    "shopperId": 24765,
                    "shopperName": "sam thiru",
                    "heading": "wedw",
                    "description": "dwdwd",
                    "rating": 1.0,
                    "dateTime": "2023-12-25T08:52:10.252"
                },
                {
                    "reviewId": 1967,
                    "shopperId": 28200,
                    "shopperName": "Aakanksha",
                    "heading": "very good",
                    "description": "Product is very good",
                    "rating": 4.0,
                    "dateTime": "2023-12-27T13:07:22.027"
                },
                {
                    "reviewId": 2486,
                    "shopperId": 24456,
                    "shopperName": "hjjyf",
                    "heading": "quality",
                    "description": "Good",
                    "rating": 3.0,
                    "dateTime": "2024-01-04T07:48:59.68"
                },
                {
                    "reviewId": 3545,
                    "shopperId": 38638,
                    "shopperName": "string",
                    "heading": "string",
                    "description": "string",
                    "rating": 0.0,
                    "dateTime": "2024-02-07T21:18:42.425"
                },
                {
                    "reviewId": 4141,
                    "shopperId": 40089,
                    "shopperName": "omkar",
                    "heading": "string",
                    "description": "awesome",
                    "rating": 0.0,
                    "dateTime": "2024-02-17T11:07:29.601"
                },
                {
                    "reviewId": 5663,
                    "shopperId": 23476,
                    "shopperName": "snehat",
                    "heading": "feedbakkkkkkkkkkkkkkkkkkkkkkkkkkkkkkkkk",
                    "description": "Average product",
                    "rating": 3.6,
                    "dateTime": "2024-03-20T15:38:22"
                },
                {
                    "reviewId": 5805,
                    "shopperId": 34399,
                    "shopperName": "vidya",
                    "heading": "Worthy",
                    "description": "Good",
                    "rating": 5.0,
                    "dateTime": "2024-03-21T22:53:04.606"
                },
                {
                    "reviewId": 6258,
                    "shopperId": 57519,
                    "shopperName": "Dhruvi",
                    "heading": "Review for product",
                    "description": "This is best product",
                    "rating": 4.0,
                    "dateTime": "2024-03-29T14:15:58.645"
                },
                {
                    "reviewId": 6539,
                    "shopperId": 59247,
                    "shopperName": "string",
                    "heading": "Satisfied",
                    "description": "Good",
                    "rating": 4.0,
                    "dateTime": "2024-04-20T16:34:08.482"
                },
                {
                    "reviewId": 6885,
                    "shopperId": 62950,
                    "shopperName": "string",
                    "heading": "string",
                    "description": "string",
                    "rating": 0.0,
                    "dateTime": "2024-04-29T08:39:44.13"
                },
                {
                    "reviewId": 7298,
                    "shopperId": 65943,
                    "shopperName": "string",
                    "heading": "string",
                    "description": "deleevgood qaulity",
                    "rating": 2.0,
                    "dateTime": "2024-05-13T19:10:25.664"
                },
                {
                    "reviewId": 7397,
                    "shopperId": 65939,
                    "shopperName": "Shree",
                    "heading": "bad product",
                    "description": "cloth is not good",
                    "rating": 2.0,
                    "dateTime": "2024-05-18T19:44:00.032"
                }
            ],
            "createdDateTime": "2023-09-12T17:20:30.954",
            "zoneId": "ALPHA"
        },
        {
            "productId": 10,
            "name": "HP Envy x360 Ryzen 5 Hexa Core 5600U",
            "title": "HP Envy x360 Ryzen 5 Hexa Core 5600U",
            "description": "THOUGHTFULLY DESIGNED FOR CREATION - Watch your ideas come to life in vibrant , accurate color with the 4-way, FHD 1000 nits micro-edge Gorilla Glass touch display. The 360 degree hinge adapts so you can use touch and pen input at the same time to capture every intricate sketch with complete precision.",
            "rating": 3.8,
            "price": 94460.0,
            "offer": 5.0,
            "type": "laptop",
            "brand": "hp",
            "category": "electronics",
            "merchantId": 2,
            "quantity": 5,
            "status": "ACTIVE",
            "thumbnailURL": "https://rukminim1.flixcart.com/image/312/312/l2ghgnk0/computer/v/3/7/-original-imagdsjsjszc65fh.jpeg?q=70",
            "productImageURLs": [
                "https://rukminim1.flixcart.com/image/832/832/l2ghgnk0/computer/d/x/v/-original-imagdsjsuqxgegnf.jpeg?q=70",
                "https://rukminim1.flixcart.com/image/832/832/l2ghgnk0/computer/6/q/u/-original-imagdsjsyhhghb5v.jpeg?q=70",
                "https://rukminim1.flixcart.com/image/832/832/l2ghgnk0/computer/z/0/6/-original-imagdsjsgbjzjynm.jpeg?q=70",
                "https://rukminim1.flixcart.com/image/832/832/l2ghgnk0/computer/b/r/h/-original-imagdsjs7qtn6dhv.jpeg?q=70",
                "https://rukminim1.flixcart.com/image/832/832/l2ghgnk0/computer/v/3/7/-original-imagdsjsjszc65fh.jpeg?q=70"
            ],
            "searchTags": [
                "touch screen laptop",
                "touch",
                "laptops",
                "x360",
                "x",
                "envy x360",
                "envy x",
                "envy",
                "hp envy x360",
                "hp envy x",
                "hp envy",
                "laptop",
                "electronics",
                "hp"
            ],
            "reviews": [
                {
                    "reviewId": 165,
                    "shopperId": 323,
                    "shopperName": "Anon",
                    "heading": "Review for product",
                    "description": "Good",
                    "rating": 3.0,
                    "dateTime": "2023-09-18T21:00:12.257"
                },
                {
                    "reviewId": 1443,
                    "shopperId": 5037,
                    "shopperName": "kruthika",
                    "heading": "abcd",
                    "description": "product quality will be good",
                    "rating": 3.0,
                    "dateTime": "2023-12-04T14:38:59.204"
                },
                {
                    "reviewId": 1821,
                    "shopperId": 27174,
                    "shopperName": "its dontknow",
                    "heading": "bad quality",
                    "description": "slow processing",
                    "rating": 1.0,
                    "dateTime": "2023-12-25T11:31:14.645"
                },
                {
                    "reviewId": 1934,
                    "shopperId": 27179,
                    "shopperName": "Shai khan",
                    "heading": "worst quality product",
                    "description": "not working",
                    "rating": 1.0,
                    "dateTime": "2023-12-26T10:54:24.958"
                },
                {
                    "reviewId": 1952,
                    "shopperId": 331,
                    "shopperName": "hgjvn",
                    "heading": "quality",
                    "description": "Good",
                    "rating": 3.0,
                    "dateTime": "2023-12-26T13:10:29.092"
                },
                {
                    "reviewId": 5994,
                    "shopperId": 21341,
                    "shopperName": "Chitra",
                    "heading": "Good",
                    "description": "The Product is Good",
                    "rating": 4.0,
                    "dateTime": "2024-03-23T10:17:58.424"
                },
                {
                    "reviewId": 6089,
                    "shopperId": 7685,
                    "shopperName": "Paras",
                    "heading": "Product Review",
                    "description": "Good",
                    "rating": 5.0,
                    "dateTime": "2024-03-23T22:31:25.299"
                },
                {
                    "reviewId": 6447,
                    "shopperId": 49420,
                    "shopperName": "random",
                    "heading": "about quality",
                    "description": "nice",
                    "rating": 4.0,
                    "dateTime": "2024-04-17T18:38:35.902"
                },
                {
                    "reviewId": 7248,
                    "shopperId": 65938,
                    "shopperName": "subhash",
                    "heading": "Great",
                    "description": "Good Product ",
                    "rating": 4.5,
                    "dateTime": "2024-05-11T20:07:14.678"
                },
                {
                    "reviewId": 7300,
                    "shopperId": 58911,
                    "shopperName": "guptastore",
                    "heading": "good",
                    "description": "quality is good",
                    "rating": 4.5,
                    "dateTime": "2024-05-14T11:43:43.51"
                },
                {
                    "reviewId": 7429,
                    "shopperId": 65934,
                    "shopperName": "Poorvi",
                    "heading": "Very Bad..!",
                    "description": "bad product",
                    "rating": 1.0,
                    "dateTime": "2024-05-18T21:12:00.135"
                },
                {
                    "reviewId": 7459,
                    "shopperId": 78631,
                    "shopperName": "Demo",
                    "heading": "not good",
                    "description": "worst",
                    "rating": 10.0,
                    "dateTime": "2024-05-20T12:25:56.394"
                },
                {
                    "reviewId": 7889,
                    "shopperId": 62789,
                    "shopperName": "Dinesh Makvana",
                    "heading": "Nice",
                    "description": "Good Product",
                    "rating": 4.5,
                    "dateTime": "2024-05-25T21:03:00.358"
                },
                {
                    "reviewId": 8156,
                    "shopperId": 78447,
                    "shopperName": "kavita sharma",
                    "heading": "good product",
                    "description": "good",
                    "rating": 4.0,
                    "dateTime": "2024-06-01T15:45:07.271"
                }
            ],
            "createdDateTime": "2023-09-12T17:20:31.152",
            "zoneId": "ALPHA"
        },
        {
            "productId": 11,
            "name": "APPLE 2021 Macbook Pro M1 Max",
            "title": "APPLE 2021 Macbook Pro M1 Max",
            "description": "The new M2 chip makes the 13‑inch MacBook Pro more capable than ever. The same compact design supports up to 20 hours of battery life1 and an active cooling system to sustain enhanced performance. Featuring a brilliant Retina display, a FaceTime HD camera, and studio‑quality mics, it’s our most portable pro laptop.",
            "rating": 3.7,
            "price": 329900.0,
            "offer": 6.0,
            "type": "laptop",
            "brand": "apple",
            "category": "electronics",
            "merchantId": 2,
            "quantity": 5,
            "status": "ACTIVE",
            "thumbnailURL": "https://rukminim1.flixcart.com/image/312/312/kuyf8nk0/computer/3/n/s/mk183hn-a-laptop-apple-original-imag7yzkbgbwvwq3.jpeg?q=70",
            "productImageURLs": [
                "https://rukminim1.flixcart.com/image/832/832/kuyf8nk0/computer/y/w/z/mk183hn-a-laptop-apple-original-imag7yzkwndcgnju.jpeg?q=70",
                "https://rukminim1.flixcart.com/image/832/832/kuyf8nk0/computer/w/k/z/mk183hn-a-laptop-apple-original-imag7yzkzk2u9ku7.jpeg?q=70",
                "https://rukminim1.flixcart.com/image/832/832/kuyf8nk0/computer/7/m/q/mk183hn-a-laptop-apple-original-imag7yzkuznnfkye.jpeg?q=70",
                "https://rukminim1.flixcart.com/image/832/832/kuyf8nk0/computer/c/b/r/mk183hn-a-laptop-apple-original-imag7yzkffcd2aqs.jpeg?q=70",
                "https://rukminim1.flixcart.com/image/832/832/kuyf8nk0/computer/3/n/s/mk183hn-a-laptop-apple-original-imag7yzkbgbwvwq3.jpeg?q=70"
            ],
            "searchTags": [
                "pro m1",
                "pro",
                "macbook pro m1",
                "macbook pro",
                "macbook",
                "apple macbook pro m1",
                "apple macbook pro",
                "apple macbook",
                "apple",
                "laptops",
                "laptop",
                "electronics"
            ],
            "reviews": [
                {
                    "reviewId": 1933,
                    "shopperId": 27219,
                    "shopperName": "Eva Late",
                    "heading": "Good",
                    "description": "Product is good",
                    "rating": 5.0,
                    "dateTime": "2023-12-26T10:40:20.637"
                },
                {
                    "reviewId": 2814,
                    "shopperId": 32452,
                    "shopperName": "Mugilan",
                    "heading": "Price is too high",
                    "description": "Not that much good",
                    "rating": 2.0,
                    "dateTime": "2024-01-15T13:45:39.069"
                },
                {
                    "reviewId": 2960,
                    "shopperId": 37528,
                    "shopperName": "manthra Sai",
                    "heading": "good",
                    "description": "good product, worth the money",
                    "rating": 5.0,
                    "dateTime": "2024-01-30T08:27:04.579"
                },
                {
                    "reviewId": 3336,
                    "shopperId": 38058,
                    "shopperName": "string",
                    "heading": "string",
                    "description": "Product is pathetic",
                    "rating": 0.0,
                    "dateTime": "2024-02-03T15:23:51.939"
                },
                {
                    "reviewId": 3667,
                    "shopperId": 38084,
                    "shopperName": "string",
                    "heading": "string",
                    "description": "string",
                    "rating": 4.0,
                    "dateTime": "2024-02-09T16:23:35.856"
                },
                {
                    "reviewId": 4143,
                    "shopperId": 22951,
                    "shopperName": "sahana",
                    "heading": "string",
                    "description": "good Product",
                    "rating": 4.0,
                    "dateTime": "2024-02-17T13:41:24.022"
                },
                {
                    "reviewId": 4159,
                    "shopperId": 22963,
                    "shopperName": "Ashwin",
                    "heading": "apple macbook pro",
                    "description": "nyc",
                    "rating": 5.0,
                    "dateTime": "2024-02-19T12:59:56.403"
                },
                {
                    "reviewId": 6393,
                    "shopperId": 58910,
                    "shopperName": "SharanyaG",
                    "heading": "Iphone",
                    "description": "Very Nice Product",
                    "rating": 4.0,
                    "dateTime": "2024-04-15T19:31:41.701"
                },
                {
                    "reviewId": 7402,
                    "shopperId": 38232,
                    "shopperName": "Sujata",
                    "heading": "Good",
                    "description": "product quality is good, fabric is also nice",
                    "rating": 4.0,
                    "dateTime": "2024-05-18T19:52:38.477"
                },
                {
                    "reviewId": 7593,
                    "shopperId": 79449,
                    "shopperName": "Kavitha p",
                    "heading": "Worth Buying",
                    "description": "Item Package is awsome",
                    "rating": 4.0,
                    "dateTime": "2024-05-23T20:54:05.127"
                },
                {
                    "reviewId": 7985,
                    "shopperId": 79571,
                    "shopperName": "Alok",
                    "heading": "Not that good",
                    "description": "updated review",
                    "rating": 3.0,
                    "dateTime": "2024-05-28T11:56:10.464"
                },
                {
                    "reviewId": 8077,
                    "shopperId": 331,
                    "shopperName": "ghg",
                    "heading": "good",
                    "description": "quality of the product",
                    "rating": 4.0,
                    "dateTime": "2024-05-30T10:19:41.286"
                },
                {
                    "reviewId": 8095,
                    "shopperId": 65866,
                    "shopperName": "nbiyuor",
                    "heading": "good",
                    "description": "quality of the product",
                    "rating": 4.5,
                    "dateTime": "2024-05-30T10:33:16.97"
                }
            ],
            "createdDateTime": "2023-09-12T17:20:31.357",
            "zoneId": "ALPHA"
        },
        {
            "productId": 12,
            "name": "Lakme Matte Lipstick",
            "title": "Lakme Forever Matte Lipstick",
            "description": "Gives a Matte finish look\nTexture is: Liquid\nQuantity: 11.2 ml",
            "rating": 2.7,
            "price": 442.0,
            "offer": 2.0,
            "type": "lipstick",
            "brand": "lakme",
            "category": "beauty",
            "merchantId": 2,
            "quantity": 30,
            "status": "ACTIVE",
            "thumbnailURL": "https://rukminim1.flixcart.com/image/832/832/l572ufk0/lipstick/w/w/r/11-2-forever-matte-lipstick-lakme-original-imagfxbgmznjh4wc.jpeg?q=70",
            "productImageURLs": [
                "https://rukminim1.flixcart.com/image/832/832/xif0q/lipstick/n/t/t/-original-imaghyqjtmxufzfw.jpeg?q=70",
                "https://rukminim1.flixcart.com/image/832/832/l572ufk0/lipstick/w/w/r/11-2-forever-matte-lipstick-lakme-original-imagfxbgmznjh4wc.jpeg?q=70",
                "https://rukminim1.flixcart.com/image/832/832/xif0q/lipstick/v/s/o/-original-imaghyqjpuswem3s.jpeg?q=70"
            ],
            "searchTags": [
                "nude lipstick",
                "red lipstick",
                "matte lipstick",
                "lakme",
                "lipstick"
            ],
            "reviews": [
                {
                    "reviewId": 1454,
                    "shopperId": 19647,
                    "shopperName": "Pranav",
                    "heading": "Review",
                    "description": "good",
                    "rating": 3.0,
                    "dateTime": "2023-12-05T21:38:07.622"
                },
                {
                    "reviewId": 1909,
                    "shopperId": 24263,
                    "shopperName": "hello",
                    "heading": "nice",
                    "description": "good",
                    "rating": 4.0,
                    "dateTime": "2023-12-26T07:52:16.057"
                },
                {
                    "reviewId": 2498,
                    "shopperId": 28836,
                    "shopperName": "chaithra CNN",
                    "heading": "Excellent",
                    "description": "Don't apply more it effects skin disease",
                    "rating": 0.0,
                    "dateTime": "2024-01-04T11:17:07.963"
                },
                {
                    "reviewId": 2525,
                    "shopperId": 15009,
                    "shopperName": "SHIVANI",
                    "heading": "QUALITY",
                    "description": "VERY GOOD QUALITY",
                    "rating": 4.0,
                    "dateTime": "2024-01-05T07:30:18.827"
                },
                {
                    "reviewId": 6279,
                    "shopperId": 57161,
                    "shopperName": "Anne Veronica",
                    "heading": "n",
                    "description": "n",
                    "rating": 0.0,
                    "dateTime": "2024-04-03T13:59:25.442"
                },
                {
                    "reviewId": 8091,
                    "shopperId": 79554,
                    "shopperName": "bru",
                    "heading": "Good",
                    "description": "Quality of the product",
                    "rating": 4.0,
                    "dateTime": "2024-05-30T10:29:12.954"
                },
                {
                    "reviewId": 8093,
                    "shopperId": 79550,
                    "shopperName": "azzz",
                    "heading": "Bad",
                    "description": "Quality",
                    "rating": 4.0,
                    "dateTime": "2024-05-30T10:31:35.873"
                }
            ],
            "createdDateTime": "2023-09-12T17:20:31.569",
            "zoneId": "ALPHA"
        },
        {
            "productId": 13,
            "name": "Jaquline USA",
            "title": "Jaquline USA  Flirty Lips Matty Matte Lip Crayon Pack Of 3 Lipstic",
            "description": "Gives a Matte finish look\nTexture is: Crayon\nQuantity: 3",
            "rating": 2.5,
            "price": 678.0,
            "offer": 4.0,
            "type": "lipstick",
            "brand": "jaqulineusa",
            "category": "beauty",
            "merchantId": 2,
            "quantity": 12,
            "status": "ACTIVE",
            "thumbnailURL": "https://rukminim1.flixcart.com/image/832/832/xif0q/lipstick/m/h/b/-original-imagha8hnp9j3aqt.jpeg?q=70",
            "productImageURLs": [
                "https://rukminim1.flixcart.com/image/832/832/xif0q/lipstick/7/m/6/-original-imagha8hfby9y7am.jpeg?q=70",
                "https://rukminim1.flixcart.com/image/832/832/xif0q/lipstick/5/m/r/-original-imagha8hqe76n6uw.jpeg?q=70",
                "https://rukminim1.flixcart.com/image/832/832/xif0q/lipstick/p/o/7/-original-imagha8hrtkhgzxm.jpeg?q=70",
                "https://rukminim1.flixcart.com/image/832/832/xif0q/lipstick/k/y/3/-original-imagha8hun5vkext.jpeg?q=70",
                "https://rukminim1.flixcart.com/image/832/832/xif0q/lipstick/m/h/b/-original-imagha8hnp9j3aqt.jpeg?q=70"
            ],
            "searchTags": [
                "matte lipstick",
                "jaquline usa",
                "combo lipstick",
                "lipstick"
            ],
            "reviews": [
                {
                    "reviewId": 3671,
                    "shopperId": 38054,
                    "shopperName": "Sushmitha",
                    "heading": "Good",
                    "description": "Quality is good, it is as shown in the picture",
                    "rating": 3.0,
                    "dateTime": "2024-02-09T16:33:15.437"
                },
                {
                    "reviewId": 4801,
                    "shopperId": 50354,
                    "shopperName": "abc",
                    "heading": "Product Review",
                    "description": "Average Product",
                    "rating": 2.0,
                    "dateTime": "2024-03-15T08:00:18.054"
                }
            ],
            "createdDateTime": "2023-09-12T17:20:31.767",
            "zoneId": "ALPHA"
        },
        {
            "productId": 14,
            "name": "Blushis",
            "title": "blushis Liquid Matte Lipsticks Combo",
            "description": "Gives a Matte finish look,\nTexture is: Liquid,\nQuantity: 16 ml,\n\nLiquid lipsticks combo set 4",
            "rating": 2.7,
            "price": 875.0,
            "offer": 4.0,
            "type": "lipstick",
            "brand": "blushis",
            "category": "beauty",
            "merchantId": 2,
            "quantity": 12,
            "status": "ACTIVE",
            "thumbnailURL": "https://rukminim1.flixcart.com/image/832/832/l4ln8nk0/lipstick/g/a/7/16-non-transfer-insta-beauty-waterproof-sensational-liquid-matte-original-imagfghxhyegbwdy.jpeg?q=70",
            "productImageURLs": [
                "https://rukminim1.flixcart.com/image/832/832/l4ln8nk0/lipstick/e/1/h/16-non-transfer-insta-beauty-waterproof-sensational-liquid-matte-original-imagfghxahsjg9vw.jpeg?q=70",
                "https://rukminim1.flixcart.com/image/832/832/l4ln8nk0/lipstick/g/a/7/16-non-transfer-insta-beauty-waterproof-sensational-liquid-matte-original-imagfghxhyegbwdy.jpeg?q=70"
            ],
            "searchTags": [
                "matte lipstick",
                "lipstick"
            ],
            "reviews": [
                {
                    "reviewId": 5103,
                    "shopperId": 21498,
                    "shopperName": "Chinmayee N",
                    "heading": "Worth Buying",
                    "description": "The product is nice.",
                    "rating": 4.5,
                    "dateTime": "2024-03-16T00:51:45.439"
                },
                {
                    "reviewId": 5740,
                    "shopperId": 40335,
                    "shopperName": "string",
                    "heading": "string",
                    "description": "string",
                    "rating": 0.0,
                    "dateTime": "2024-03-21T02:02:44.438"
                },
                {
                    "reviewId": 8129,
                    "shopperId": 62789,
                    "shopperName": "Dinesh Makvana",
                    "heading": "Worth Buying",
                    "description": "Product is good, Thank You!",
                    "rating": 3.5,
                    "dateTime": "2024-05-30T21:48:09.311"
                }
            ],
            "createdDateTime": "2023-09-12T17:20:31.977",
            "zoneId": "ALPHA"
        },
        {
            "productId": 15,
            "name": "Fair and handsome",
            "title": "FAIR AND HANDSOME 2X Spot Reduction |Men Face Cream Pack of 3",
            "description": "Through pioneering research by skin care experts from India and Australia, Fair and Handsome, 'the Radiance Cream for Men' has developed a breakthrough formulation for tough male skin. Powered by unique Pro PeptideTM , it helps transform mens tough skin and delivers 4 powerful benefits-Visible Radiance, reduces and controls excess oil on face, sun protection against harmful UVA/UVB rays and gives youthful look. Use twice daily for best results. Fair and Handsome is a pioneer and leader in mens fairness category and thus understands mens skin needs the best. Compared to womens skin, mens skin sweats more, has a top layer that is 20% thicker, secretes more oil, is rough and dry due to regular shaving and looks uneven. There is a need for specialised cream designed specially for mens tough skin. Organic Type: Natural. Fair and Handsome has a powerful pro peptide that helps transform mens tough skin and give radiance from within. With an advanced formulation the cream gives suoerior oil reduction and radiant skin in just 7 days as compared to womens cream.",
            "rating": 3.6,
            "price": 350.0,
            "offer": 0.0,
            "type": "cream",
            "brand": " fair and handsome",
            "category": "beauty",
            "merchantId": 2,
            "quantity": 10,
            "status": "ACTIVE",
            "thumbnailURL": "https://rukminim1.flixcart.com/image/832/832/xif0q/fairness/y/8/a/-original-imagg7pzn7nhhhxm.jpeg?q=70",
            "productImageURLs": [
                "https://rukminim1.flixcart.com/image/832/832/xif0q/fairness/t/n/s/-original-imaghbhfcwq3fqvq.jpeg?q=70",
                "https://rukminim1.flixcart.com/image/832/832/xif0q/fairness/r/t/c/-original-imaghbhfftzncztp.jpeg?q=70",
                "https://rukminim1.flixcart.com/image/832/832/xif0q/fairness/2/z/m/-original-imaghbhf4mje6hgw.jpeg?q=70",
                "https://rukminim1.flixcart.com/image/832/832/xif0q/fairness/j/3/u/-original-imaghbhf9j8rztxs.jpeg?q=70",
                "https://rukminim1.flixcart.com/image/832/832/xif0q/fairness/y/8/a/-original-imagg7pzn7nhhhxm.jpeg?q=70"
            ],
            "searchTags": [
                "mens cream",
                "face cream",
                " fair and handsome"
            ],
            "reviews": [
                {
                    "reviewId": 2281,
                    "shopperId": 9309,
                    "shopperName": "Yogita mali",
                    "heading": "Worst shopping experiance",
                    "description": "Very bad product.Do not buy.",
                    "rating": 0.0,
                    "dateTime": "2023-12-30T12:21:08.978"
                },
                {
                    "reviewId": 3280,
                    "shopperId": 38146,
                    "shopperName": "Nikita",
                    "heading": "must buy",
                    "description": "A very good product",
                    "rating": 4.0,
                    "dateTime": "2024-02-02T17:52:02.878"
                },
                {
                    "reviewId": 5114,
                    "shopperId": 40333,
                    "shopperName": "Padmasri",
                    "heading": "Nice",
                    "description": "Satisfied",
                    "rating": 4.0,
                    "dateTime": "2024-03-16T01:03:01.608"
                },
                {
                    "reviewId": 5221,
                    "shopperId": 50358,
                    "shopperName": "Amazon",
                    "heading": "Nice to have",
                    "description": "Product review, Item is good",
                    "rating": 5.0,
                    "dateTime": "2024-03-16T17:35:27.512"
                },
                {
                    "reviewId": 5767,
                    "shopperId": 50359,
                    "shopperName": "poonam",
                    "heading": "fashion2wear",
                    "description": "fabric good quality",
                    "rating": 4.0,
                    "dateTime": "2024-03-21T07:46:49.875"
                },
                {
                    "reviewId": 5835,
                    "shopperId": 40751,
                    "shopperName": "Neha",
                    "heading": "Worth buying",
                    "description": "This product is really great",
                    "rating": 4.5,
                    "dateTime": "2024-03-22T00:47:54.9"
                }
            ],
            "createdDateTime": "2023-09-12T17:20:32.187",
            "zoneId": "ALPHA"
        },
        {
            "productId": 16,
            "name": "POND's Bright Beauty Serum Cream Anti-Spot Fairness SPF",
            "title": "PONDs Bright Beauty Serum Cream Anti Spot Fairness SPF",
            "description": "In todays harsh sun, even just 10 minutes outside can lead to stubborn dark spots. Presenting ponds bright beauty, a revolutionary anti-spot solution bought to you by the ponds institute. Its anti-spot formula with pro-vitamin b3 is clinically proven to fade stubborn dark spots from within. Pro-vitamin b3 is a potent skin brightening agent proven to reduce stubborn dark spots from within to reveal beautiful and spot-less skin from outside. It brightens skin and dark spots by inhibiting the transfer of melanin to the surface of the skin revealing a clear and translucent spot-less complexion. It now comes with spf15 formula which blocks dark spot-causing harmful UV a, UV b sun rays. Take pearl sized amount of ponds bright beauty day cream onto your fingers. Apply a few dots of cream on your dark spots first, followed by rest of forehead, nose, both sides of cheek, chin and either side of neck. Massage evenly so that cream spreads equally and penetrates deep into your skin, especially dark spots. Do this every day to see your spot-less bright skin with a difference. Fades stubborn dark spots, gives you spot-less brightness - ponds bright beauty day cream. For best results, use daily along with pond's bright beauty face wash",
            "rating": 2.2,
            "price": 300.0,
            "offer": 12.0,
            "type": "cream",
            "brand": " ponds",
            "category": "beauty",
            "merchantId": 2,
            "quantity": 20,
            "status": "ACTIVE",
            "thumbnailURL": "https://rukminim1.flixcart.com/image/832/832/l09w8sw0/moisturizer-cream/t/f/l/-original-imagc3j9xev7dzzg.jpeg?q=70",
            "productImageURLs": [
                "https://rukminim1.flixcart.com/image/832/832/l09w8sw0/moisturizer-cream/s/f/j/-original-imagc3j9saxyy9dg.jpeg?q=70",
                "https://rukminim1.flixcart.com/image/832/832/l09w8sw0/moisturizer-cream/c/b/v/-original-imagc3j9xfwcn8fh.jpeg?q=70",
                "https://rukminim1.flixcart.com/image/832/832/l09w8sw0/moisturizer-cream/k/h/n/-original-imagc3j9dpuxbshq.jpeg?q=70",
                "https://rukminim1.flixcart.com/image/832/832/l09w8sw0/moisturizer-cream/t/f/l/-original-imagc3j9xev7dzzg.jpeg?q=70"
            ],
            "searchTags": [
                "brigth beauty cream",
                "women cream",
                "cream",
                "ponds"
            ],
            "reviews": [
                {
                    "reviewId": 2434,
                    "shopperId": 9309,
                    "shopperName": "Yogita mali",
                    "heading": "Worst shopping experiance",
                    "description": "Very bad product.Do not buy.",
                    "rating": 0.0,
                    "dateTime": "2024-01-02T19:32:18.274"
                },
                {
                    "reviewId": 5153,
                    "shopperId": 21498,
                    "shopperName": "Chinmayee N",
                    "heading": "Worth",
                    "description": "Good product & quality is also nice",
                    "rating": 4.0,
                    "dateTime": "2024-03-16T11:56:15.214"
                },
                {
                    "reviewId": 5539,
                    "shopperId": 34399,
                    "shopperName": "Vidya Geetha",
                    "heading": "Waste Money",
                    "description": "Not good",
                    "rating": 1.0,
                    "dateTime": "2024-03-18T23:14:31.77"
                },
                {
                    "reviewId": 5997,
                    "shopperId": 51373,
                    "shopperName": "shital",
                    "heading": "Worth",
                    "description": "The product is nice.",
                    "rating": 4.0,
                    "dateTime": "2024-03-23T10:36:37.469"
                }
            ],
            "createdDateTime": "2023-09-12T17:20:32.395",
            "zoneId": "ALPHA"
        },
        {
            "productId": 17,
            "name": "FOREVER 21 ",
            "title": "FOREVER 21  Casual Regular Sleeves Solid Women Black Top",
            "description": "Neck: Scoop Neck ,\nFit : Regular,\nFabric : Cotton Blend,\nColor : Black,",
            "rating": 3.2,
            "price": 493.0,
            "offer": 10.0,
            "type": "women-tshirt",
            "brand": "forever21",
            "category": "women",
            "merchantId": 2,
            "quantity": 12,
            "status": "ACTIVE",
            "thumbnailURL": "https://rukminim1.flixcart.com/image/832/832/l5iid8w0/top/i/w/5/s-59679101-forever-21-original-imagg66r6ntxhhfz.jpeg?q=70",
            "productImageURLs": [
                "https://rukminim1.flixcart.com/image/832/832/l5iid8w0/top/c/f/7/s-59679101-forever-21-original-imagg66rzgvdcw4r.jpeg?q=70",
                "https://rukminim1.flixcart.com/image/832/832/l5iid8w0/top/1/p/d/s-59679101-forever-21-original-imagg66rkcpfzjgp.jpeg?q=70",
                "https://rukminim1.flixcart.com/image/832/832/l5iid8w0/top/i/w/5/s-59679101-forever-21-original-imagg66r6ntxhhfz.jpeg?q=70",
                "https://rukminim1.flixcart.com/image/832/832/l5iid8w0/top/p/b/x/s-59679101-forever-21-original-imagg66rf7hxvqaz.jpeg?q=70"
            ],
            "searchTags": [
                "forever21",
                "black top",
                "top"
            ],
            "reviews": [
                {
                    "reviewId": 1773,
                    "shopperId": 24718,
                    "shopperName": "Nikita Ravi",
                    "heading": "nice",
                    "description": "good product",
                    "rating": 4.0,
                    "dateTime": "2023-12-25T08:53:28.827"
                },
                {
                    "reviewId": 2039,
                    "shopperId": 11010,
                    "shopperName": "murshida",
                    "heading": "about product",
                    "description": "very bad",
                    "rating": 1.0,
                    "dateTime": "2023-12-28T21:01:54.808"
                },
                {
                    "reviewId": 6428,
                    "shopperId": 59240,
                    "shopperName": "stringmyslef",
                    "heading": "exc",
                    "description": "very good",
                    "rating": 4.0,
                    "dateTime": "2024-04-16T11:37:01.813"
                },
                {
                    "reviewId": 7784,
                    "shopperId": 78993,
                    "shopperName": "Rajput Anjali",
                    "heading": "The Product quality is good",
                    "description": "FOREVER 21  Casual Regular Sleeves Solid Women Black Top",
                    "rating": 4.0,
                    "dateTime": "2024-05-25T14:21:32.821"
                }
            ],
            "createdDateTime": "2023-09-12T17:20:32.688",
            "zoneId": "ALPHA"
        },
        {
            "productId": 18,
            "name": "Fashion2wear ",
            "title": "Fashion2wear ",
            "description": "Neck: \nV-Neck,\nSleeve Style :\nBell Sleeves,\nSleeve Length: \nFull Sleeve,\nFit :\nRegular ,\nFabric: \nViscose Rayon, \nType :\nRegular Top :\nBelt Included :\nNo",
            "rating": 3.8,
            "price": 899.0,
            "offer": 5.0,
            "type": "women-tshirt",
            "brand": "fashion2wear ",
            "category": "women",
            "merchantId": 2,
            "quantity": 12,
            "status": "ACTIVE",
            "thumbnailURL": "https://rukminim1.flixcart.com/image/832/832/xif0q/top/7/t/j/xl-prachi-top-fashion2wear-original-imagh7ypxb4vznrt.jpeg?q=70",
            "productImageURLs": [
                "https://rukminim1.flixcart.com/image/832/832/xif0q/top/f/f/m/xl-prachi-top-fashion2wear-original-imagh7yprg6xffsr.jpeg?q=70",
                "https://rukminim1.flixcart.com/image/832/832/xif0q/top/m/k/0/xl-prachi-top-fashion2wear-original-imagh7ypmc6nmrat.jpeg?q=70",
                "https://rukminim1.flixcart.com/image/832/832/xif0q/top/7/t/j/xl-prachi-top-fashion2wear-original-imagh7ypxb4vznrt.jpeg?q=70"
            ],
            "searchTags": [
                "women top",
                "white top",
                "top"
            ],
            "reviews": [
                {
                    "reviewId": 461,
                    "shopperId": 5606,
                    "shopperName": "Pallavi",
                    "heading": "abcdefg",
                    "description": "xyz",
                    "rating": 5.0,
                    "dateTime": "2023-10-03T17:12:42.783"
                },
                {
                    "reviewId": 1775,
                    "shopperId": 11010,
                    "shopperName": "murshida",
                    "heading": "about product",
                    "description": "very bad",
                    "rating": 1.0,
                    "dateTime": "2024-01-02T19:34:38.995"
                },
                {
                    "reviewId": 1799,
                    "shopperId": 27278,
                    "shopperName": "Info tech",
                    "heading": "quality",
                    "description": "good",
                    "rating": 5.0,
                    "dateTime": "2023-12-25T11:29:54.731"
                },
                {
                    "reviewId": 2436,
                    "shopperId": 11010,
                    "shopperName": "murshida",
                    "heading": "Good quality",
                    "description": "it was very nice to use",
                    "rating": 3.0,
                    "dateTime": "2024-01-02T19:34:36.261"
                },
                {
                    "reviewId": 3909,
                    "shopperId": 22252,
                    "shopperName": "Bindu",
                    "heading": "good",
                    "description": "nice product",
                    "rating": 5.0,
                    "dateTime": "2024-02-13T22:06:38.117"
                }
            ],
            "createdDateTime": "2023-09-12T17:20:32.893",
            "zoneId": "ALPHA"
        },
        {
            "productId": 19,
            "name": "Skyasia",
            "title": "Women Printed Cotton Blend Anarkali Kurta With Attached Dupatta",
            "description": "Ideal For :\nWomen,\nLength Type :\nLong,\nBrand Color :\nBottle Green ,\nOccasion :\nFestive & Party ,\nPattern : \nPrinted, \nType: \nAnarkali, \nFabric :\nCotton Blend ,\nStyle :\nAnarkali with Duptta Set",
            "rating": 2.8,
            "price": 1299.0,
            "offer": 0.0,
            "type": "women-kruti",
            "brand": "skyasia",
            "category": "women",
            "merchantId": 2,
            "quantity": 12,
            "status": "ACTIVE",
            "thumbnailURL": "https://rukminim1.flixcart.com/image/832/832/xif0q/ethnic-set/o/x/4/4xl-bkgreen-baba-kurti-original-imagbxwtc3mh9xga-bb.jpeg?q=70",
            "productImageURLs": [
                "https://rukminim1.flixcart.com/image/832/832/l02r1jk0/ethnic-set/y/6/v/4xl-bkgreen-baba-kurti-original-imagbxwtdgq8unx2.jpeg?q=70",
                "https://rukminim1.flixcart.com/image/832/832/l02r1jk0/ethnic-set/s/5/u/4xl-bkgreen-baba-kurti-original-imagbxwtjwhgah2f.jpeg?q=70",
                "https://rukminim1.flixcart.com/image/832/832/l02r1jk0/ethnic-set/s/5/u/4xl-bkgreen-baba-kurti-original-imagbxwtjwhgah2f.jpeg?q=70",
                "https://rukminim1.flixcart.com/image/832/832/xif0q/ethnic-set/o/x/4/4xl-bkgreen-baba-kurti-original-imagbxwtc3mh9xga-bb.jpeg?q=70"
            ],
            "searchTags": [
                "women kurti",
                "Anarkali Kurta",
                "kutri"
            ],
            "reviews": [
                {
                    "reviewId": 2869,
                    "shopperId": 31435,
                    "shopperName": "Isha Vyas",
                    "heading": "About Quality",
                    "description": "Nice Product",
                    "rating": 4.0,
                    "dateTime": "2024-01-21T09:46:17.704"
                },
                {
                    "reviewId": 6610,
                    "shopperId": 59900,
                    "shopperName": "i am Shopper",
                    "heading": "Very Goody76t8uiok8ht6ioi9ju8u",
                    "description": "Good Fabricyj7thy89o09o8i6u8o-ki89y90p[",
                    "rating": 0.0,
                    "dateTime": "2024-04-22T11:28:42.765"
                },
                {
                    "reviewId": 7372,
                    "shopperId": 67400,
                    "shopperName": "Abinaya Rajan",
                    "heading": "good",
                    "description": "very good",
                    "rating": 5.0,
                    "dateTime": "2024-05-18T10:41:21.512"
                },
                {
                    "reviewId": 7492,
                    "shopperId": 79380,
                    "shopperName": "iron man",
                    "heading": "Awesome",
                    "description": "good product",
                    "rating": 5.0,
                    "dateTime": "2024-05-22T15:25:48.012"
                },
                {
                    "reviewId": 8099,
                    "shopperId": 79573,
                    "shopperName": "Harika",
                    "heading": "Good",
                    "description": "Quality of product",
                    "rating": 5.0,
                    "dateTime": "2024-05-30T11:39:42.496"
                }
            ],
            "createdDateTime": "2023-09-12T17:20:33.101",
            "zoneId": "ALPHA"
        },
        {
            "productId": 20,
            "name": "mokshi ",
            "title": "Women Printed Viscose Rayon Straight Kurta ",
            "description": "Length Type :\nCalf Length,\nBrand Color:\nLight Green,\nOccasion:\nCasual ,\nPattern: \nPrinted ,\nType: \nStraight , \nFabric : \nViscose Rayon,\nNeck : \nMandarin/Chinese Neck",
            "rating": 2.3,
            "price": 1677.0,
            "offer": 30.0,
            "type": "women-kruti",
            "brand": "mokshi ",
            "category": "women",
            "merchantId": 2,
            "quantity": 11,
            "status": "ACTIVE",
            "thumbnailURL": "https://rukminim1.flixcart.com/image/832/832/kqpj4i80/kurta/j/h/8/xl-ku632lgn-mokshi-original-imag4nmvvfny6vyf.jpeg?q=70",
            "productImageURLs": [
                "https://rukminim1.flixcart.com/image/832/832/kqpj4i80/kurta/s/a/p/xl-ku632lgn-mokshi-original-imag4nmvvpfx3dtz.jpeg?q=70",
                "https://rukminim1.flixcart.com/image/832/832/kqpj4i80/kurta/c/0/x/xl-ku632lgn-mokshi-original-imag4nmvjdjcjp8h.jpeg?q=70",
                "https://rukminim1.flixcart.com/image/832/832/kqpj4i80/kurta/y/l/s/xl-ku632lgn-mokshi-original-imag4nmvsfqjcnsf.jpeg?q=70",
                "https://rukminim1.flixcart.com/image/832/832/kqpj4i80/kurta/j/h/8/xl-ku632lgn-mokshi-original-imag4nmvvfny6vyf.jpeg?q=70"
            ],
            "searchTags": [
                "printed kurti",
                "mokshi",
                "green kurti",
                "kurti"
            ],
            "reviews": [
                {
                    "reviewId": 3485,
                    "shopperId": 37522,
                    "shopperName": "seshu",
                    "heading": "MyProducts",
                    "description": "Nice Product",
                    "rating": 3.0,
                    "dateTime": "2024-02-07T12:40:36.879"
                },
                {
                    "reviewId": 3662,
                    "shopperId": 9870,
                    "shopperName": "Megha",
                    "heading": "string",
                    "description": "Quality is good",
                    "rating": 4.0,
                    "dateTime": "2024-02-09T16:15:45.465"
                },
                {
                    "reviewId": 5850,
                    "shopperId": 55170,
                    "shopperName": "Mr Singh",
                    "heading": "GUCCI Perume",
                    "description": "Good Perfume",
                    "rating": 5.0,
                    "dateTime": "2024-03-22T08:07:24.26"
                }
            ],
            "createdDateTime": "2023-09-12T17:20:33.408",
            "zoneId": "ALPHA"
        },
        {
            "productId": 21,
            "name": "selvia Printed Spread Collar Casual Shirt",
            "title": "Women Regular Fit Printed Spread Collar Casual Shirt",
            "description": "Style Code :\n81TK2271,\nClosure :\nButton,\nFit : \nRegular ,\nFabric: \nPolyester, \nSleeve : \n3/4th Sleeve,\nPattern : \nPrinted",
            "rating": 0.0,
            "price": 599.0,
            "offer": 0.0,
            "type": "women-shirt",
            "brand": "selvia ",
            "category": "women",
            "merchantId": 2,
            "quantity": 11,
            "status": "ACTIVE",
            "thumbnailURL": "https://rukminim1.flixcart.com/image/832/832/k3uhhu80/shirt/g/z/b/xl-81tk2271-selvia-original-imafmvw4yn7mbhvh.jpeg?q=70",
            "productImageURLs": [
                "https://rukminim1.flixcart.com/image/832/832/k3uhhu80/shirt/g/z/b/xl-81tk2271-selvia-original-imafmm6nbajd7mqz.jpeg?q=70",
                "https://rukminim1.flixcart.com/image/832/832/k3uhhu80/shirt/g/z/b/xl-81tk2271-selvia-original-imafmm6npxs7nfbd.jpeg?q=70",
                "https://rukminim1.flixcart.com/image/832/832/k3uhhu80/shirt/g/z/b/xl-81tk2271-selvia-original-imafmm6napct55nw.jpeg?q=70",
                "https://rukminim1.flixcart.com/image/832/832/k3uhhu80/shirt/g/z/b/xl-81tk2271-selvia-original-imafmm6nrfby4jpz.jpeg?q=70",
                "https://rukminim1.flixcart.com/image/832/832/k3uhhu80/shirt/g/z/b/xl-81tk2271-selvia-original-imafmvw4yn7mbhvh.jpeg?q=70"
            ],
            "searchTags": [
                "selvia ",
                "women shirt"
            ],
            "reviews": [
                {
                    "reviewId": 5855,
                    "shopperId": 55170,
                    "shopperName": "Mr Singh",
                    "heading": "GUCCI Perume",
                    "description": "Good Perfume",
                    "rating": 5.0,
                    "dateTime": "2024-03-22T08:33:15.471"
                }
            ],
            "createdDateTime": "2023-09-12T17:20:33.616",
            "zoneId": "ALPHA"
        },
        {
            "productId": 22,
            "name": "Tokyo Talkies ",
            "title": "Women Regular Fit Checkered Cut Away Collar Casual Shirt",
            "description": "Style Code :\nTTSH001242 ,\nFit :\nRegular,\nFabric : \nCotton Blend ,\nSleeve :\nFull Sleeve ,\nPattern : \nCheckered, \nReversible : \nNo,\nCollar :\nCut Away",
            "rating": 1.0,
            "price": 389.0,
            "offer": 0.0,
            "type": "women-shirt",
            "brand": "tokyo talkies ",
            "category": "women",
            "merchantId": 2,
            "quantity": 11,
            "status": "ACTIVE",
            "thumbnailURL": "https://rukminim1.flixcart.com/image/832/832/xif0q/shirt/u/b/6/xs-ttsh001242-tokyo-talkies-original-imagdyajfmpm2dnn-bb.jpeg?q=70",
            "productImageURLs": [
                "https://rukminim1.flixcart.com/image/832/832/l2nmnww0/shirt/e/z/e/xs-ttsh001242-tokyo-talkies-original-imagdyajrqzdgjtk.jpeg?q=70",
                "https://rukminim1.flixcart.com/image/832/832/l2nmnww0/shirt/o/u/y/xs-ttsh001242-tokyo-talkies-original-imagdyajku7kzrhr.jpeg?q=70",
                "https://rukminim1.flixcart.com/image/832/832/l2nmnww0/shirt/2/r/y/xs-ttsh001242-tokyo-talkies-original-imagdyajhyuhd33m.jpeg?q=70",
                "https://rukminim1.flixcart.com/image/832/832/l2nmnww0/shirt/r/h/s/xs-ttsh001242-tokyo-talkies-original-imagdyajtdcrggsx.jpeg?q=70",
                "https://rukminim1.flixcart.com/image/832/832/xif0q/shirt/u/b/6/xs-ttsh001242-tokyo-talkies-original-imagdyajfmpm2dnn-bb.jpeg?q=70"
            ],
            "searchTags": [
                "tokyo talkies ",
                "women shirt"
            ],
            "reviews": [
                {
                    "reviewId": 6274,
                    "shopperId": 57597,
                    "shopperName": "Sai Baba",
                    "heading": "Nice Product",
                    "description": "Good",
                    "rating": 1.0,
                    "dateTime": "2024-04-01T11:40:13.644"
                }
            ],
            "createdDateTime": "2023-09-12T17:20:33.819",
            "zoneId": "ALPHA"
        },
        {
            "productId": 23,
            "name": "Men Regular Fit Solid Cut Away Collar Casual Shirt",
            "title": "Men Regular Fit Solid Cut Away Collar Casual Shirt",
            "description": "Olive green solid casual shirt, has a cutaway collar, long sleeves, button placket, curved hem, and 1 patch pocket. This shirt from Roadster will give you the perfect amount of comfort and durability. Rock this olive shirt with dark jeans and comfortable shoes next time youre looking for a casual weekend outfit.",
            "rating": 0.0,
            "price": 1999.0,
            "offer": 68.0,
            "type": "men-shirt",
            "brand": "roadster",
            "category": "men",
            "merchantId": 2,
            "quantity": 5,
            "status": "ACTIVE",
            "thumbnailURL": "https://rukminim1.flixcart.com/image/452/542/k12go7k0/shirt/g/w/p/42-9951619-roadster-original-imafknz5rug4hnbg.jpeg?q=50",
            "productImageURLs": [
                "https://rukminim1.flixcart.com/image/832/832/k12go7k0/shirt/g/w/p/42-9951619-roadster-original-imafknnmau72fvdg.jpeg?q=70",
                "https://rukminim1.flixcart.com/image/832/832/k12go7k0/shirt/g/w/p/42-9951619-roadster-original-imafknnhysyv4zf2.jpeg?q=70",
                "https://rukminim1.flixcart.com/image/832/832/k12go7k0/shirt/g/w/p/42-9951619-roadster-original-imafknnhsdsmwdk2.jpeg?q=70",
                "https://rukminim1.flixcart.com/image/832/832/k12go7k0/shirt/g/w/p/42-9951619-roadster-original-imafkpj7g2xbggbk.jpeg?q=70",
                "https://rukminim1.flixcart.com/image/832/832/k12go7k0/shirt/g/w/p/42-9951619-roadster-original-imafknz5rug4hnbg.jpeg?q=70"
            ],
            "searchTags": [
                "roadster olive green shirt",
                "olive green shirt",
                "olive green",
                "roadster shirts",
                "roadster shirt",
                "roadster",
                "shirts",
                "shirt",
                "men-shirt",
                "men shirt",
                "mens shirt",
                "mens",
                "men"
            ],
            "reviews": [
                
            ],
            "createdDateTime": "2023-09-12T17:20:34.018",
            "zoneId": "ALPHA"
        },
        {
            "productId": 24,
            "name": "Men Woven Design Silk Blend Straight Kurta  (Purple)",
            "title": "Men Woven Design Silk Blend Straight Kurta",
            "description": "Ideal For:\nMen,\nLength Type:\nKnee Length,\nBrand Color:\nPurple,\nOccasion:\nFestive & Party,\nPattern:\nWoven Design,\nType:\nStraight,\nFabric:\nSilk Blend,\nNeck:\nMandarin/Chinese Neck,\nSleeve:\nFull Sleeve,\nColor:\nPurple,\nNumber of Contents in Sales Package:\nPack of 1,\nFabric Care:\nWash with like colors,\nStyle Code:\nKO_637Purple,\nPackage contains:\n1 Kurta",
            "rating": 3.8,
            "price": 1799.0,
            "offer": 75.0,
            "type": "men-kruta",
            "brand": "jompers",
            "category": "men",
            "merchantId": 2,
            "quantity": 5,
            "status": "ACTIVE",
            "thumbnailURL": "https://rukminim1.flixcart.com/image/452/542/xif0q/kurta/g/w/d/xxl-ko-637purple-jompers-original-imafz2qk85uzxq5x-bb.jpeg?q=50",
            "productImageURLs": [
                "https://rukminim1.flixcart.com/image/832/832/kjiwfbk0-0/kurta/e/l/p/xxl-ko-637purple-jompers-original-imafz2qkx7bfw7dw.jpeg?q=70",
                "https://rukminim1.flixcart.com/image/832/832/kjiwfbk0-0/kurta/m/g/n/xxl-ko-637purple-jompers-original-imafz2qkzwe99zvd.jpeg?q=70",
                "https://rukminim1.flixcart.com/image/832/832/kjiwfbk0-0/kurta/s/x/t/xxl-ko-637purple-jompers-original-imafz2qkgyhf4c7t.jpeg?q=70",
                "https://rukminim1.flixcart.com/image/832/832/kjiwfbk0-0/kurta/j/o/u/xxl-ko-637purple-jompers-original-imafz2qk77syng3c.jpeg?q=70",
                "https://rukminim1.flixcart.com/image/832/832/xif0q/kurta/g/w/d/xxl-ko-637purple-jompers-original-imafz2qk85uzxq5x-bb.jpeg?q=70"
            ],
            "searchTags": [
                "purple",
                "jompers mens purple kurta",
                "mens purple kurta",
                "kurta purple",
                "purple kurta",
                "jompers kurta",
                "jompers",
                "kurta",
                "men kurta",
                "men-kurta",
                "mens kurta",
                "mens",
                "men"
            ],
            "reviews": [
                {
                    "reviewId": 1049,
                    "shopperId": 13896,
                    "shopperName": "Siddu kampli",
                    "heading": "Good",
                    "description": "Cloth quality is very good",
                    "rating": 5.0,
                    "dateTime": "2023-11-05T15:14:02.372"
                },
                {
                    "reviewId": 7640,
                    "shopperId": 55565,
                    "shopperName": "Rojalin",
                    "heading": "NICE",
                    "description": "Nice Product",
                    "rating": 5.0,
                    "dateTime": "2024-05-24T18:07:49.521"
                },
                {
                    "reviewId": 7870,
                    "shopperId": 78984,
                    "shopperName": "Ranveer Singh",
                    "heading": "3 Month Baad",
                    "description": "Theek thaak he tha Pehan kar bataunga",
                    "rating": 5.0,
                    "dateTime": "2024-05-25T19:24:41.349"
                },
                {
                    "reviewId": 8090,
                    "shopperId": 79581,
                    "shopperName": "Alex",
                    "heading": "Good",
                    "description": "Quality of the product",
                    "rating": 4.0,
                    "dateTime": "2024-05-30T10:26:28.456"
                }
            ],
            "createdDateTime": "2023-09-12T17:20:34.208",
            "zoneId": "ALPHA"
        },
        {
            "productId": 25,
            "name": "CUTIEKINS ",
            "title": "Girls Casual Polyester Ruffled Top ",
            "description": "brand : \nCUTIEKINS,\nstyle code : \nCK20210454_10-11Y , \nbrand color : \nRust & Green, \nsize: \n10 - 11 Years, \nideal for: \nGirls,  \ntype : \nRuffled Top,  \nprimary color: \nMulticolor",
            "rating": 2.8,
            "price": 599.0,
            "offer": 8.0,
            "type": "girls-tshirt",
            "brand": "cutiekins ",
            "category": "kids",
            "merchantId": 2,
            "quantity": 11,
            "status": "ACTIVE",
            "thumbnailURL": "https://rukminim1.flixcart.com/image/832/832/xif0q/kids-top/o/y/d/4-5-years-ck20210454-4-5y-cutiekins-original-imag8rhbubhwbqgu-bb.jpeg?q=70",
            "productImageURLs": [
                "https://rukminim1.flixcart.com/image/832/832/kvzkosw0/kids-top/s/a/o/4-5-years-ck20210454-4-5y-cutiekins-original-imag8rhbhytwshwh.jpeg?q=70",
                "https://rukminim1.flixcart.com/image/832/832/kvzkosw0/kids-top/w/7/r/4-5-years-ck20210454-4-5y-cutiekins-original-imag8rhbrzgmazgc.jpeg?q=70",
                "https://rukminim1.flixcart.com/image/832/832/kvzkosw0/kids-top/d/b/e/4-5-years-ck20210454-4-5y-cutiekins-original-imag8rhbap8x3yxz.jpeg?q=70",
                "https://rukminim1.flixcart.com/image/832/832/xif0q/kids-top/o/y/d/4-5-years-ck20210454-4-5y-cutiekins-original-imag8rhbubhwbqgu-bb.jpeg?q=70"
            ],
            "searchTags": [
                "top for girls",
                "cutiekins",
                "girls top"
            ],
            "reviews": [
                {
                    "reviewId": 1768,
                    "shopperId": 24721,
                    "shopperName": "varshitha vishwas",
                    "heading": "Nice",
                    "description": "nice product",
                    "rating": 4.5,
                    "dateTime": "2024-03-22T16:36:14.529"
                },
                {
                    "reviewId": 7015,
                    "shopperId": 30350,
                    "shopperName": "Sujan Raghavendra S",
                    "heading": "sdfghjhjkl",
                    "description": "dfghjkfghjkl",
                    "rating": 1.0,
                    "dateTime": "2024-05-20T15:10:46.444"
                }
            ],
            "createdDateTime": "2023-09-12T17:20:34.404",
            "zoneId": "ALPHA"
        },
        {
            "productId": 26,
            "name": "Niya ",
            "title": "Girls Party Rayon Ruffeld Top",
            "description": "brand: \nNiya,  \nstyle code : \n2257_PEACH,  \nbrand color: \nPEACH,  \nsize: \n12 - 13 Years,  \nideal for: \nGirls,  \ntype: \nRuffeld Top,   \nprimary color: \nPink",
            "rating": 5.0,
            "price": 699.0,
            "offer": 4.0,
            "type": "girls-tshirt",
            "brand": "niya ",
            "category": "kids",
            "merchantId": 2,
            "quantity": 11,
            "status": "ACTIVE",
            "thumbnailURL": "https://rukminim1.flixcart.com/image/832/832/l52sivk0/kids-top/w/k/b/7-8-years-2257-peach-niya-original-imagfu43zg2tdkhx.jpeg?q=70",
            "productImageURLs": [
                "https://rukminim1.flixcart.com/image/832/832/l52sivk0/kids-top/j/d/b/7-8-years-2257-peach-niya-original-imagfu43hvgymtqv.jpeg?q=70",
                "https://rukminim1.flixcart.com/image/832/832/l52sivk0/kids-top/q/w/d/7-8-years-2257-peach-niya-original-imagfu43vw2rffac.jpeg?q=70",
                "https://rukminim1.flixcart.com/image/832/832/l52sivk0/kids-top/q/w/d/7-8-years-2257-peach-niya-original-imagfu43vw2rffac.jpeg?q=70",
                "https://rukminim1.flixcart.com/image/832/832/l52sivk0/kids-top/w/k/b/7-8-years-2257-peach-niya-original-imagfu43zg2tdkhx.jpeg?q=70"
            ],
            "searchTags": [
                "niya tops",
                "pink top",
                "girls top"
            ],
            "reviews": [
                {
                    "reviewId": 1949,
                    "shopperId": 28136,
                    "shopperName": "Test shop",
                    "heading": "Dress",
                    "description": "good product",
                    "rating": 5.0,
                    "dateTime": "2023-12-26T12:22:33.939"
                },
                {
                    "reviewId": 5715,
                    "shopperId": 40750,
                    "shopperName": "Manasa",
                    "heading": "My Purchase",
                    "description": "good Product",
                    "rating": 5.0,
                    "dateTime": "2024-03-21T00:34:10.49"
                }
            ],
            "createdDateTime": "2023-09-12T17:20:34.636",
            "zoneId": "ALPHA"
        },
        {
            "productId": 27,
            "name": "Boys Printed Pure Cotton T Shirt  (Green, Pack of 1)",
            "title": "Boys Printed Pure Cotton T Shirt ",
            "description": "Brand:\nUS Polo Kids,\nStyle Code:\nUKTSHON0099,\nSize:\n3 - 4 Years,\nBrand Color:\nGreen,\nIdeal For:\nBoys,\nFabric:\nPure Cotton,\nPrimary Color:\nGreen,\nPattern:\nPrinted,\nFit:\nRegular,\nOccasion:\nCasual,\nType:\nRound Neck,\nSleeve Type:\nShort Sleeve,\nNumber of T-Shirts:\n1,\nFabric Care:\nGentle Machine Wash,\nReversible:\nNo,\nFabric Details:\n100% Cotton",
            "rating": 2.0,
            "price": 699.0,
            "offer": 38.0,
            "type": "boys-tshirt",
            "brand": "us polo kids ",
            "category": "kids",
            "merchantId": 2,
            "quantity": 5,
            "status": "ACTIVE",
            "thumbnailURL": "https://rukminim1.flixcart.com/image/452/542/l3vxbbk0/kids-t-shirt/c/i/a/-original-imagewpmbghzh5dx.jpeg?q=50",
            "productImageURLs": [
                "https://rukminim1.flixcart.com/image/832/832/l2xmqvk0/kids-t-shirt/8/n/s/4-5-years-uktshon0099-us-polo-kids-original-image6f3gntqhsay.jpeg?q=70",
                "https://rukminim1.flixcart.com/image/832/832/l2xmqvk0/kids-t-shirt/8/u/3/4-5-years-uktshon0099-us-polo-kids-original-image6f3n3fzhn7w.jpeg?q=70",
                "https://rukminim1.flixcart.com/image/832/832/l2xmqvk0/kids-t-shirt/8/u/3/4-5-years-uktshon0099-us-polo-kids-original-image6f3n3fzhn7w.jpeg?q=70",
                "https://rukminim1.flixcart.com/image/832/832/l2xmqvk0/kids-t-shirt/z/v/s/4-5-years-uktshon0099-us-polo-kids-original-image6f3zhgm5jtt.jpeg?q=70",
                "https://rukminim1.flixcart.com/image/832/832/l3vxbbk0/kids-t-shirt/c/i/a/-original-imagewpmbghzh5dx.jpeg?q=70"
            ],
            "searchTags": [
                "boys green tshirt",
                "green tshirt",
                "green",
                "kids green tshirt",
                "us polo boys tshirt",
                "us polo kids tshirt",
                "us polo kids",
                "us polo",
                "boys tshirt",
                "boys-tshirt",
                "tshirt",
                "boys",
                "kids"
            ],
            "reviews": [
                {
                    "reviewId": 6651,
                    "shopperId": 59247,
                    "shopperName": "string",
                    "heading": "Satisfied",
                    "description": "Good",
                    "rating": 2.0,
                    "dateTime": "2024-04-25T11:48:12.695"
                }
            ],
            "createdDateTime": "2023-09-12T17:20:34.838",
            "zoneId": "ALPHA"
        },
        {
            "productId": 29,
            "name": "KOTTY Regular Women Grey Jeans",
            "title": "Regular Women Grey Jeans",
            "description": "Style Code : \nKTTLADIESJEANS847, \nIdeal For : \nWomen, \nSuitable For : \nWestern Wear , \nPack Of: \n1, \nPocket Type : \nCurved Pocket,  \nPattern : \nSolid",
            "rating": 2.5,
            "price": 2200.0,
            "offer": 27.0,
            "type": "women-jeans",
            "brand": "kotty ",
            "category": "women",
            "merchantId": 2,
            "quantity": 9,
            "status": "ACTIVE",
            "thumbnailURL": "https://rukminim1.flixcart.com/image/832/832/xif0q/jean/5/1/u/24-kttladiesjeans847-kotty-original-imag6agfymywjjey-bb.jpeg?q=70",
            "productImageURLs": [
                "https://rukminim1.flixcart.com/image/832/832/kst9gnk0/jean/6/2/f/24-kttladiesjeans847-kotty-original-imag6agfhmu7dggz.jpeg?q=70",
                "https://rukminim1.flixcart.com/image/832/832/kst9gnk0/jean/i/b/k/24-kttladiesjeans847-kotty-original-imag6agfypzwmhng.jpeg?q=70",
                "https://rukminim1.flixcart.com/image/832/832/kst9gnk0/jean/e/m/v/24-kttladiesjeans847-kotty-original-imag6agfzqwa2crn.jpeg?q=70",
                "https://rukminim1.flixcart.com/image/832/832/xif0q/jean/5/1/u/24-kttladiesjeans847-kotty-original-imag6agfymywjjey-bb.jpeg?q=70"
            ],
            "searchTags": [
                "kotty",
                "women greay jeans",
                "women jeans"
            ],
            "reviews": [
                {
                    "reviewId": 243,
                    "shopperId": 3120,
                    "shopperName": "thanisha gangamma",
                    "heading": "----",
                    "description": "----",
                    "rating": 1.0,
                    "dateTime": "2023-09-21T15:05:43.269"
                },
                {
                    "reviewId": 1486,
                    "shopperId": 19746,
                    "shopperName": "Devendra",
                    "heading": "poor Product 29",
                    "description": "Product is not good",
                    "rating": 2.0,
                    "dateTime": "2023-12-04T17:57:50.649"
                },
                {
                    "reviewId": 1804,
                    "shopperId": 27204,
                    "shopperName": "narayana gowda",
                    "heading": "good",
                    "description": "good",
                    "rating": 3.0,
                    "dateTime": "2023-12-25T11:30:00.885"
                },
                {
                    "reviewId": 2138,
                    "shopperId": 26241,
                    "shopperName": "Yazhisai Selva",
                    "heading": "Good",
                    "description": "Its look priety .",
                    "rating": 4.0,
                    "dateTime": "2023-12-29T19:26:49.997"
                }
            ],
            "createdDateTime": "2023-09-12T17:20:35.25",
            "zoneId": "ALPHA"
        },
        {
            "productId": 30,
            "name": "APPLE iPhone 13 Pro max (Deep black, 250gb)",
            "title": "APPLE iPhone 13 Pro max",
            "description": "iPhone 13 Pro max. Capture incredible detail with a 48MP Main camera. Experience iPhone in a whole new way with Dynamic Island and Always-On display. Crash Detection, a new safety feature, calls for help when you can’t.",
            "rating": 3.1,
            "price": 179999.0,
            "offer": 3.0,
            "type": "mobile",
            "brand": "apple",
            "category": "electronics",
            "merchantId": 2,
            "quantity": 5,
            "status": "ACTIVE",
            "thumbnailURL": "https://m.media-amazon.com/images/I/61IJBsHm97L._SX679_.jpg",
            "productImageURLs": [
                "https://m.media-amazon.com/images/I/61IJBsHm97L._SX679_.jpg",
                "https://m.media-amazon.com/images/I/61rrisp8qiL._SX679_.jpg",
                "https://m.media-amazon.com/images/I/81HXViH8boL._SX679_.jpg",
                "https://m.media-amazon.com/images/I/812cOE51JEL._SX679_.jpg"
            ],
            "searchTags": [
                "phone",
                "mobiles",
                "mobile",
                "electronics",
                "13 pro max black",
                "13 pro",
                "13",
                "iphone 13 pro max black",
                "iphone 13 pro",
                "iphone 13",
                "iphone",
                "apple iphone 13 pro max black",
                "apple iphone 13 pro",
                "apple iphone 13",
                "apple iphone",
                "apple"
            ],
            "reviews": [
                {
                    "reviewId": 754,
                    "shopperId": 9874,
                    "shopperName": "Akshara Rana",
                    "heading": "Nice product",
                    "description": "It is in good condition",
                    "rating": 4.3,
                    "dateTime": "2023-10-13T21:46:26.463"
                },
                {
                    "reviewId": 2491,
                    "shopperId": 28858,
                    "shopperName": "sumit dey",
                    "heading": "best phone",
                    "description": "iphone",
                    "rating": 5.0,
                    "dateTime": "2024-01-04T09:54:36.801"
                },
                {
                    "reviewId": 6380,
                    "shopperId": 58037,
                    "shopperName": "Annapoorani",
                    "heading": "Recommendable",
                    "description": "Nice product satisfied",
                    "rating": 4.0,
                    "dateTime": "2024-04-14T22:28:48.591"
                }
            ],
            "createdDateTime": "2023-09-12T17:20:35.451",
            "zoneId": "ALPHA"
        },
        {
            "productId": 31,
            "name": "HP 15s- 11th Gen Intel Core i5 -8GB RAM/512GB SSD/32GB Intel Optane Memory 15.6inch(39.6cm)",
            "title": "HP 15s- 11th Gen Intel Core i5 -8GB RAM/512GB SSD/32GB Intel Optane Memory 15.6inch(39.6cm)",
            "description": "THOUGHTFULLY DESIGNED FOR CREATION - Watch your ideas come to life in vibrant , accurate color with the 4-way, FHD 1000 nits micro-edge Gorilla Glass touch display. The 360 degree hinge adapts so you can use touch and pen input at the same time to capture every intricate sketch with complete precision.",
            "rating": 0.0,
            "price": 94460.0,
            "offer": 5.0,
            "type": "laptop",
            "brand": "hp",
            "category": "electronics",
            "merchantId": 2,
            "quantity": 5,
            "status": "ACTIVE",
            "thumbnailURL": "https://m.media-amazon.com/images/I/91HuLUsVUDL._SX679_.jpg",
            "productImageURLs": [
                "https://m.media-amazon.com/images/I/91HuLUsVUDL._SX679_.jpg",
                "https://m.media-amazon.com/images/I/91LUlBSr3iL._SX679_.jpg",
                "https://m.media-amazon.com/images/I/91ucDK9rd7L._SX679_.jpg",
                "https://m.media-amazon.com/images/I/81b4mSyw+DL._SX679_.jpg"
            ],
            "searchTags": [
                "touch screen laptop",
                "touch",
                "laptops",
                "laptop",
                "electronics",
                "hp"
            ],
            "reviews": [
                
            ],
            "createdDateTime": "2023-09-12T17:20:35.662",
            "zoneId": "ALPHA"
        },
        {
            "productId": 32,
            "name": "samsung Galaxy M13 (Aqua Green, 6GB, 128GB Storage)",
            "title": "samsung Galaxy M13 ",
            "description": "\nCapture the world around you and enjoy a seamless utility experience with the Samsung Galaxy Z Flip4 smartphone. This smartphone features a mind-blowing 4.82 cm (1.9) Cover Screen so that you can conveniently use your photos or videos as the wallpaper of your choice. Also, this phone boasts a versatile FlexCam hands-free camera setup that allows you to capture delightful group shots, selfies and videos from a multitude of angels. Moreover, thanks to the small-size Flip design and water-resistant standards, you can easily slip it into your bag or pocket as well as use it in rainwater without worrying about getting damaged.",
            "rating": 3.0,
            "price": 89999.0,
            "offer": 11.0,
            "type": "mobile",
            "brand": "samsung",
            "category": "electronics",
            "merchantId": 2,
            "quantity": 5,
            "status": "ACTIVE",
            "thumbnailURL": "https://m.media-amazon.com/images/I/51tBNIuUY7L._SX679_.jpg",
            "productImageURLs": [
                "https://m.media-amazon.com/images/I/51tBNIuUY7L._SX679_.jpg",
                "https://m.media-amazon.com/images/I/51tBNIuUY7L._SX679_.jpg",
                "https://m.media-amazon.com/images/I/51tBNIuUY7L._SX679_.jpg"
            ],
            "searchTags": [
                "phone",
                "mobile",
                "electronics",
                "electronic",
                "galaxy m13",
                "galaxy",
                "samsung galaxy",
                "m13",
                "samsung m13"
            ],
            "reviews": [
                {
                    "reviewId": 2492,
                    "shopperId": 28858,
                    "shopperName": "sumit dey",
                    "heading": "worst performance",
                    "description": "ewre",
                    "rating": 3.0,
                    "dateTime": "2024-01-04T09:55:09.228"
                }
            ],
            "createdDateTime": "2023-09-12T17:20:35.863",
            "zoneId": "ALPHA"
        },
        {
            "productId": 33,
            "name": "Samsung Galaxy A03 Core (Copper Bronze, 2GB RAM, 32GB Storage)",
            "title": "Samsung Galaxy A03 Core (Copper Bronze, 2GB RAM, 32GB Storage)",
            "description": "\nCapture the world around you and enjoy a seamless utility experience with the Samsung Galaxy Z Flip4 smartphone. This smartphone features a mind-blowing 4.82 cm (1.9) Cover Screen so that you can conveniently use your photos or videos as the wallpaper of your choice. Also, this phone boasts a versatile FlexCam hands-free camera setup that allows you to capture delightful group shots, selfies and videos from a multitude of angels. Moreover, thanks to the small-size Flip design and water-resistant standards, you can easily slip it into your bag or pocket as well as use it in rainwater without worrying about getting damaged.",
            "rating": 0.0,
            "price": 89999.0,
            "offer": 11.0,
            "type": "mobile",
            "brand": "samsung",
            "category": "electronics",
            "merchantId": 2,
            "quantity": 5,
            "status": "ACTIVE",
            "thumbnailURL": "Samsung Galaxy A03 Core (Copper Bronze, 2GB RAM, 32GB Storage)",
            "productImageURLs": [
                "Samsung Galaxy A03 Core (Copper Bronze, 2GB RAM, 32GB Storage)",
                "https://m.media-amazon.com/images/I/61hsfayBTbL._SX679_.jpg"
            ],
            "searchTags": [
                "phone",
                "mobile",
                "electronics",
                "electronic",
                "galaxy a30",
                "galaxy",
                "samsung galaxy",
                "a30",
                "samsung a30"
            ],
            "reviews": null,
            "createdDateTime": "2023-09-12T17:20:36.065",
            "zoneId": "ALPHA"
        },
        {
            "productId": 34,
            "name": "APPLE iPhone 11 (Deep black, 250gb)",
            "title": "APPLE iPhone 11",
            "description": "iPhone 11. Capture incredible detail with a 48MP Main camera. Experience iPhone in a whole new way with Dynamic Island and Always-On display. Crash Detection, a new safety feature, calls for help when you can’t.",
            "rating": 3.0,
            "price": 179999.0,
            "offer": 3.0,
            "type": "mobile",
            "brand": "apple",
            "category": "electronics",
            "merchantId": 2,
            "quantity": 5,
            "status": "ACTIVE",
            "thumbnailURL": "https://images-eu.ssl-images-amazon.com/images/I/317JiGToz-L._SY445_SX342_QL70_FMwebp_.jpg",
            "productImageURLs": [
                "https://images-eu.ssl-images-amazon.com/images/I/317JiGToz-L._SY445_SX342_QL70_FMwebp_.jpg",
                "https://m.media-amazon.com/images/I/81hAAaDTJ5L._SX679_.jpg"
            ],
            "searchTags": [
                "phone",
                "mobiles",
                "mobile",
                "electronics",
                "11 white",
                "11 ",
                "11",
                "iphone 11 white",
                "iphone 11 ",
                "iphone 11",
                "iphone",
                "apple iphone 11 white",
                "apple iphone 11 ",
                "apple iphone 11",
                "apple iphone",
                "apple"
            ],
            "reviews": [
                {
                    "reviewId": 2587,
                    "shopperId": 26242,
                    "shopperName": "Amrutha",
                    "heading": "review",
                    "description": "Product Review",
                    "rating": 3.0,
                    "dateTime": "2024-01-06T20:42:24.259"
                }
            ],
            "createdDateTime": "2023-09-12T17:20:36.277",
            "zoneId": "ALPHA"
        },
        {
            "productId": 35,
            "name": "Boys  Collar Casual tShirt",
            "title": "Boys  Collar Casual tShirt",
            "description": "Pack of:\n1,\nStyle Code:\nABSFCSPFQ27802,\nClosure:\nButton,\nFit:\nRegular,\nFabric:\nPure Cotton,\nSleeve:\nFull Sleeve,\nPattern:\nPrinted,\nReversible:\nNo,\nCollar:\nButton Down,\nColor:\nMulticolor,\nFabric Care:\nGentle Machine Wash,\nSuitable For:\nWestern Wear",
            "rating": 0.0,
            "price": 1099.0,
            "offer": 60.0,
            "type": "boys-tshirt",
            "brand": "allen solly",
            "category": "kids",
            "merchantId": 2,
            "quantity": 5,
            "status": "ACTIVE",
            "thumbnailURL": "https://m.media-amazon.com/images/I/811fJRgOb0L._UX679_.jpg",
            "productImageURLs": [
                "https://m.media-amazon.com/images/I/811fJRgOb0L._UX679_.jpg",
                "https://m.media-amazon.com/images/I/811fJRgOb0L._UX679_.jpg",
                "https://m.media-amazon.com/images/I/811fJRgOb0L._UX679_.jpg"
            ],
            "searchTags": [
                "yellow shirts",
                "shirts",
                "tshirt",
                "allen solly",
                "boys tshirts",
                "boys tshirt",
                "boys-tshirts",
                "boys-tshirt",
                "kids"
            ],
            "reviews": [
                {
                    "reviewId": 7466,
                    "shopperId": 30350,
                    "shopperName": "Sujan Raghavendra S",
                    "heading": "bad",
                    "description": "quality",
                    "rating": 0.0,
                    "dateTime": "2024-05-20T16:02:14.347"
                }
            ],
            "createdDateTime": "2023-09-12T17:20:36.476",
            "zoneId": "ALPHA"
        },
        {
            "productId": 36,
            "name": "Naughty Ninos Store",
            "title": "Naughty Ninos Girls Blue Denim Jeggings for 5 to 15 Years",
            "description": "Brand :\nNaughty Ninos Store,\nStyle code: \nKeeva, \nSize: \n8 - 9 Years,  \nBrand color: \nPink,  \nLabel size: \n7,  \nIdeal for\nGirls\n, Primary product type : \nTrack pant, jeans",
            "rating": 5.0,
            "price": 1599.0,
            "offer": 10.0,
            "type": "girls-jeans",
            "brand": "Naughty Ninos Store ",
            "category": "kids",
            "merchantId": 2,
            "quantity": 60,
            "status": "ACTIVE",
            "thumbnailURL": "https://m.media-amazon.com/images/I/61WcMgOQj6L._UY879_.jpg",
            "productImageURLs": [
                "https://m.media-amazon.com/images/I/61WcMgOQj6L._UY879_.jpg",
                "https://m.media-amazon.com/images/I/616xWZvL5XL._UY879_.jpg",
                "https://m.media-amazon.com/images/I/51JcwmBb1DL._UY879_.jpg"
            ],
            "searchTags": [
                "girls pant",
                "girls jeans"
            ],
            "reviews": [
                {
                    "reviewId": 5259,
                    "shopperId": 40743,
                    "shopperName": "susmitha",
                    "heading": "worth buying ",
                    "description": "amazing product",
                    "rating": 5.0,
                    "dateTime": "2024-03-18T03:02:13.783"
                }
            ],
            "createdDateTime": "2023-09-12T17:20:36.681",
            "zoneId": "ALPHA"
        },
        {
            "productId": 37,
            "name": "Amazon Brand - Symbol Women Jeans",
            "title": "Amazon Brand - Symbol Women Jeans",
            "description": "Style Code : \nKTTLADIESJEANS694 ,\nIdeal For :\nWomen, \nSuitable For :\nWestern Wear ,\nPack Of :\n1,\nPattern : \nSolid,\nReversible : \nNo, \nClosure: \nButton, \nFabric : \nPure Cotton",
            "rating": 0.0,
            "price": 999.0,
            "offer": 10.0,
            "type": "women-jeans",
            "brand": "symbol",
            "category": "women",
            "merchantId": 2,
            "quantity": 11,
            "status": "ACTIVE",
            "thumbnailURL": "https://m.media-amazon.com/images/I/81QgQG0lP+L._UY879_.jpg",
            "productImageURLs": [
                "https://m.media-amazon.com/images/I/81QgQG0lP+L._UY879_.jpg",
                "https://m.media-amazon.com/images/I/91nu812I86L._UY879_.jpg",
                "https://m.media-amazon.com/images/I/91nu812I86L._UY879_.jpg"
            ],
            "searchTags": [
                "bule jeans for women",
                "symbol",
                "women jeans"
            ],
            "reviews": null,
            "createdDateTime": "2023-09-12T17:20:36.888",
            "zoneId": "ALPHA"
        },
        {
            "productId": 38,
            "name": "Levi's Women's 710 Super Skinny Fit Jeans",
            "title": "Levi's Women's 710 Super Skinny Fit Jeans",
            "description": "Style Code : \nKTTLADIESJEANS847, \nIdeal For : \nWomen, \nSuitable For : \nWestern Wear , \nPack Of: \n1, \nPocket Type : \nCurved Pocket,  \nPattern : \nSolid",
            "rating": 0.0,
            "price": 2200.0,
            "offer": 27.0,
            "type": "women-jeans",
            "brand": "levis",
            "category": "women",
            "merchantId": 2,
            "quantity": 9,
            "status": "ACTIVE",
            "thumbnailURL": "https://m.media-amazon.com/images/I/815iD4tzQaL._UY879_.jpg",
            "productImageURLs": [
                "https://m.media-amazon.com/images/I/815iD4tzQaL._UY879_.jpg",
                "https://m.media-amazon.com/images/I/81BW6jt3CNL._UY879_.jpg",
                "https://m.media-amazon.com/images/I/A1+OTxD0R9L._UY879_.jpg",
                "https://m.media-amazon.com/images/I/71BcfXHzf8L._UY879_.jpg"
            ],
            "searchTags": [
                "levis",
                "women greay jeans",
                "women jeans"
            ],
            "reviews": null,
            "createdDateTime": "2023-09-12T17:20:37.094",
            "zoneId": "ALPHA"
        },
        {
            "productId": 39,
            "name": "Boat smart watch",
            "title": "smart band",
            "description": "Your essential companion is now even more powerful. Introducing temperature sensing for deeper insights into women’s health.1 Crash Detection to get help in an emergency.2 Sleep stages to better understand your sleep. And new ways to train using the enhanced Workout app. The future of health never looked so good.",
            "rating": 0.0,
            "price": 45900.0,
            "offer": 3.0,
            "type": "watch",
            "brand": "apple",
            "category": "electronics",
            "merchantId": 2,
            "quantity": 5,
            "status": "ACTIVE",
            "thumbnailURL": "https://rukminim1.flixcart.com/image/312/312/xif0q/smartwatch/q/m/q/-original-imaghxg9cwddrghx.jpeg?q=70",
            "productImageURLs": [
                "https://rukminim1.flixcart.com/image/832/832/xif0q/smartwatch/d/f/x/-original-imaghxg9gkqypkv5.jpeg?q=70",
                "https://rukminim1.flixcart.com/image/832/832/xif0q/smartwatch/8/w/e/-original-imaghxg9jdjv5ysf.jpeg?q=70",
                "https://rukminim1.flixcart.com/image/832/832/xif0q/smartwatch/o/d/e/-original-imaghxg9jzmvytrc.jpeg?q=70",
                "https://rukminim1.flixcart.com/image/832/832/xif0q/smartwatch/e/w/n/-original-imaghxg9uthgnw2s.jpeg?q=70",
                "https://rukminim1.flixcart.com/image/832/832/xif0q/smartwatch/l/0/k/-original-imaghxg9vjgmyv9v.jpeg?q=70"
            ],
            "searchTags": [
                "black watch",
                "black",
                "smart watch",
                "smart",
                "smartwatch",
                "series 8",
                "watch series 8",
                "watch series",
                "apple watch series 8",
                "apple watch series",
                "apple watch",
                "apple",
                "watch",
                "electronics"
            ],
            "reviews": null,
            "createdDateTime": "2023-09-12T17:20:37.299",
            "zoneId": "ALPHA"
        },
        {
            "productId": 40,
            "name": "Boat smart watch",
            "title": "smart band",
            "description": "Your essential companion is now even more powerful. Introducing temperature sensing for deeper insights into women’s health.1 Crash Detection to get help in an emergency.2 Sleep stages to better understand your sleep. And new ways to train using the enhanced Workout app. The future of health never looked so good.",
            "rating": 1.0,
            "price": 45900.0,
            "offer": 3.0,
            "type": "watch",
            "brand": "boat",
            "category": "electronics",
            "merchantId": 2,
            "quantity": 5,
            "status": "ACTIVE",
            "thumbnailURL": "https://m.media-amazon.com/images/I/61IMRs+o0iL._SX679_.jpg",
            "productImageURLs": [
                "https://m.media-amazon.com/images/I/61IMRs+o0iL._SX679_.jpg",
                "https://m.media-amazon.com/images/I/91UJckBDRmL._SX679_.jpg",
                "https://m.media-amazon.com/images/I/61xpcLbq06L._SX679_.jpg",
                "https://m.media-amazon.com/images/I/713VjwfT8QL._SX679_.jpg"
            ],
            "searchTags": [
                "black watch",
                "black",
                "smart watch",
                "smart",
                "smartwatch",
                "boat watch series",
                "boat watch",
                "boat",
                "watch",
                "electronics"
            ],
            "reviews": [
                {
                    "reviewId": 2499,
                    "shopperId": 24402,
                    "shopperName": "vani",
                    "heading": "string",
                    "description": "very good",
                    "rating": 0.0,
                    "dateTime": "2024-03-23T14:31:38.775"
                },
                {
                    "reviewId": 4193,
                    "shopperId": 43602,
                    "shopperName": "Jimin",
                    "heading": "Fab",
                    "description": "uygyfty",
                    "rating": 2.0,
                    "dateTime": "2024-02-20T17:35:07.746"
                }
            ],
            "createdDateTime": "2023-09-12T17:20:37.5",
            "zoneId": "ALPHA"
        },
        {
            "productId": 41,
            "name": "Boat smart watch",
            "title": "smart band",
            "description": "Your essential companion is now even more powerful. Introducing temperature sensing for deeper insights into women’s health.1 Crash Detection to get help in an emergency.2 Sleep stages to better understand your sleep. And new ways to train using the enhanced Workout app. The future of health never looked so good.",
            "rating": 0.0,
            "price": 45900.0,
            "offer": 3.0,
            "type": "watch",
            "brand": "boat",
            "category": "electronics",
            "merchantId": 2,
            "quantity": 5,
            "status": "ACTIVE",
            "thumbnailURL": "https://m.media-amazon.com/images/I/61gscZYmaoL._SX679_.jpg",
            "productImageURLs": [
                "https://m.media-amazon.com/images/I/61gscZYmaoL._SX679_.jpg",
                "https://m.media-amazon.com/images/I/91oN7+DPoQL._SX679_.jpg",
                "https://m.media-amazon.com/images/I/91oN7+DPoQL._SX679_.jpg",
                "https://m.media-amazon.com/images/I/71fLVp5KuNL._SX679_.jpg"
            ],
            "searchTags": [
                "smart watch",
                "smart",
                "smartwatch",
                "boat watch series",
                "boat watch",
                "boat",
                "watch",
                "electronics"
            ],
            "reviews": [
                {
                    "reviewId": 1521,
                    "shopperId": 19883,
                    "shopperName": "Sushrith",
                    "heading": "worst product",
                    "description": "very bad product",
                    "rating": 0.0,
                    "dateTime": "2023-12-05T00:56:22.327"
                },
                {
                    "reviewId": 6733,
                    "shopperId": 62439,
                    "shopperName": "Narshimaraju_ballapura",
                    "heading": "Nicoduct",
                    "description": "Superproduct",
                    "rating": 2.5,
                    "dateTime": "2024-04-26T20:53:06.92"
                }
            ],
            "createdDateTime": "2023-09-12T17:20:37.706",
            "zoneId": "ALPHA"
        },
        {
            "productId": 42,
            "name": "Noise ColorFit Pulse Spo2 Smart Watch",
            "title": "Noise ColorFit Pulse Spo2 Smart Watch",
            "description": "Your essential companion is now even more powerful. Introducing temperature sensing for deeper insights into women’s health.1 Crash Detection to get help in an emergency.2 Sleep stages to better understand your sleep. And new ways to train using the enhanced Workout app. The future of health never looked so good.",
            "rating": 0.0,
            "price": 4900.0,
            "offer": 3.0,
            "type": "watch",
            "brand": "noise",
            "category": "electronics",
            "merchantId": 2,
            "quantity": 5,
            "status": "ACTIVE",
            "thumbnailURL": "https://m.media-amazon.com/images/I/61epn29QG0L._SX679_.jpg",
            "productImageURLs": [
                "https://m.media-amazon.com/images/I/61epn29QG0L._SX679_.jpg",
                "https://m.media-amazon.com/images/I/61bsENGKWjL._SX679_.jpg",
                "https://m.media-amazon.com/images/I/61q+hKZQuLL._SX679_.jpg",
                "https://m.media-amazon.com/images/I/61c6sVzeqwL._SX679_.jpg"
            ],
            "searchTags": [
                "black watch",
                "black",
                "smart watch",
                "smart",
                "smartwatch",
                "nosie watch series",
                "nosie watch",
                "nosie",
                "watch",
                "electronics"
            ],
            "reviews": [
                
            ],
            "createdDateTime": "2023-09-12T17:20:37.91",
            "zoneId": "ALPHA"
        },
        {
            "productId": 43,
            "name": "Noise ColorFit Pulse Spo2 Smart Watch",
            "title": "Noise ColorFit Pulse Spo2 Smart Watch",
            "description": "Your essential companion is now even more powerful. Introducing temperature sensing for deeper insights into women’s health.1 Crash Detection to get help in an emergency.2 Sleep stages to better understand your sleep. And new ways to train using the enhanced Workout app. The future of health never looked so good.",
            "rating": 2.0,
            "price": 2900.0,
            "offer": 3.0,
            "type": "watch",
            "brand": "nosie",
            "category": "electronics",
            "merchantId": 2,
            "quantity": 5,
            "status": "ACTIVE",
            "thumbnailURL": "https://m.media-amazon.com/images/I/61br13t0jtL._SX679_.jpg",
            "productImageURLs": [
                "https://m.media-amazon.com/images/I/61br13t0jtL._SX679_.jpg",
                "https://m.media-amazon.com/images/I/61Y8AehoD9L._SX679_.jpg",
                "https://m.media-amazon.com/images/I/71-GrEwLmxL._SX679_.jpg"
            ],
            "searchTags": [
                "smart watch",
                "smart",
                "smartwatch",
                "noise watch series",
                "noise watch",
                "noise",
                "watch",
                "electronics"
            ],
            "reviews": [
                {
                    "reviewId": 2494,
                    "shopperId": 28836,
                    "shopperName": "chaithra CNN",
                    "heading": "good",
                    "description": "nice products",
                    "rating": 2.0,
                    "dateTime": "2024-01-04T10:20:07.741"
                }
            ],
            "createdDateTime": "2023-09-12T17:20:38.118",
            "zoneId": "ALPHA"
        },
        {
            "productId": 44,
            "name": "ire-Boltt India's No 1 Smartwatch Brand Ring Bluetooth Calling",
            "title": "ire-Boltt India's No 1 Smartwatch Brand Ring Bluetooth Calling",
            "description": "Your essential companion is now even more powerful. Introducing temperature sensing for deeper insights into women’s health.1 Crash Detection to get help in an emergency.2 Sleep stages to better understand your sleep. And new ways to train using the enhanced Workout app. The future of health never looked so good.",
            "rating": 0.0,
            "price": 2500.0,
            "offer": 3.0,
            "type": "watch",
            "brand": "firebolt",
            "category": "electronics",
            "merchantId": 2,
            "quantity": 5,
            "status": "ACTIVE",
            "thumbnailURL": "https://m.media-amazon.com/images/I/612Vt0kgNeL._SX679_.jpg",
            "productImageURLs": [
                "https://m.media-amazon.com/images/I/715N++dXhiL._SX679_.jpg",
                "https://m.media-amazon.com/images/I/71RhC6NIPCL._SX679_.jpg",
                "https://m.media-amazon.com/images/I/71Vj+IKmmiL._SX679_.jpg"
            ],
            "searchTags": [
                "smart watch",
                "smart",
                "smartwatch",
                "firebolt",
                "watch",
                "electronics"
            ],
            "reviews": [
                
            ],
            "createdDateTime": "2023-09-12T17:20:38.32",
            "zoneId": "ALPHA"
        },
        {
            "productId": 46,
            "name": "FOREVER 21 ",
            "title": "Ribbed Polo Collar Crop Tshirt for Women",
            "description": "Neck: Scoop Neck ,\nFit : Regular,\nFabric : Cotton Blend,\nColor : purple,",
            "rating": 0.0,
            "price": 493.0,
            "offer": 10.0,
            "type": "women-tshirt",
            "brand": "forever21",
            "category": "women",
            "merchantId": 2,
            "quantity": 12,
            "status": "ACTIVE",
            "thumbnailURL": "https://m.media-amazon.com/images/I/51xY8mVKoSL._UY879_.jpg",
            "productImageURLs": [
                "https://m.media-amazon.com/images/I/51xY8mVKoSL._UY879_.jpg",
                "https://m.media-amazon.com/images/I/51wxp4n6zyL._UY879_.jpg"
            ],
            "searchTags": [
                "forever21",
                "purple top",
                "top"
            ],
            "reviews": null,
            "createdDateTime": "2023-09-12T17:20:38.729",
            "zoneId": "ALPHA"
        },
        {
            "productId": 47,
            "name": "FOREVER 21 ",
            "title": "FOREVER 21  Casualwhite Top",
            "description": "Neck: Scoop Neck ,\nFit : Regular,\nFabric : Cotton Blend,\nColor : white,",
            "rating": 3.3,
            "price": 493.0,
            "offer": 10.0,
            "type": "women-tshirt",
            "brand": "forever21",
            "category": "women",
            "merchantId": 2,
            "quantity": 12,
            "status": "ACTIVE",
            "thumbnailURL": "https://m.media-amazon.com/images/I/711M3ho2v-L._UY879_.jpg",
            "productImageURLs": [
                "https://m.media-amazon.com/images/I/711M3ho2v-L._UY879_.jpg",
                "https://m.media-amazon.com/images/I/711M3ho2v-L._UY879_.jpg",
                "https://m.media-amazon.com/images/I/71Fo90Oq+4L._UY879_.jpg"
            ],
            "searchTags": [
                "forever21",
                "white top",
                "top"
            ],
            "reviews": [
                {
                    "reviewId": 1770,
                    "shopperId": 24707,
                    "shopperName": "Deepa deepu",
                    "heading": "review",
                    "description": "not good product",
                    "rating": 2.0,
                    "dateTime": "2023-12-25T08:51:22.412"
                },
                {
                    "reviewId": 2139,
                    "shopperId": 15022,
                    "shopperName": "Anusha",
                    "heading": "Good product",
                    "description": "product is very nice",
                    "rating": 5.0,
                    "dateTime": "2023-12-29T19:28:58.799"
                },
                {
                    "reviewId": 6149,
                    "shopperId": 51332,
                    "shopperName": "Neetha Vinay",
                    "heading": "Could have been better",
                    "description": "The product is not so good",
                    "rating": 3.0,
                    "dateTime": "2024-03-25T11:38:05.811"
                }
            ],
            "createdDateTime": "2023-09-12T17:20:38.935",
            "zoneId": "ALPHA"
        },
        {
            "productId": 48,
            "name": "FOREVER 21 ",
            "title": "Forever 21 Women's Regular fit Top",
            "description": "Neck: Scoop Neck ,\nFit : Regular,\nFabric : Cotton Blend,\nColor : white,",
            "rating": 4.0,
            "price": 1493.0,
            "offer": 10.0,
            "type": "women-tshirt",
            "brand": "forever21",
            "category": "women",
            "merchantId": 2,
            "quantity": 12,
            "status": "ACTIVE",
            "thumbnailURL": "https://m.media-amazon.com/images/I/81XuF8QcwEL._UY879_.jpg",
            "productImageURLs": [
                "https://m.media-amazon.com/images/I/81XuF8QcwEL._UY879_.jpg",
                "https://m.media-amazon.com/images/I/81XuF8QcwEL._UY879_.jpg",
                "https://m.media-amazon.com/images/I/71XXqHkBRYL._UY879_.jpg"
            ],
            "searchTags": [
                "forever21",
                "white top",
                "top"
            ],
            "reviews": [
                {
                    "reviewId": 2484,
                    "shopperId": 21915,
                    "shopperName": "Pree",
                    "heading": "Fit",
                    "description": "Very nice comfo",
                    "rating": 4.0,
                    "dateTime": "2024-01-04T07:48:39.745"
                }
            ],
            "createdDateTime": "2023-09-12T17:20:39.138",
            "zoneId": "ALPHA"
        },
        {
            "productId": 49,
            "name": "FOREVER 21 ",
            "title": "Forever 21 Women's Floral Regular fit Top",
            "description": "Neck: Scoop Neck ,\nFit : Regular,\nFabric : Cotton Blend,\nColor : white,",
            "rating": 4.0,
            "price": 1299.0,
            "offer": 10.0,
            "type": "women-tshirt",
            "brand": "forever21",
            "category": "women",
            "merchantId": 2,
            "quantity": 12,
            "status": "ACTIVE",
            "thumbnailURL": "https://m.media-amazon.com/images/I/91oYazuCWNL._UY879_.jpg",
            "productImageURLs": [
                "https://m.media-amazon.com/images/I/91oYazuCWNL._UY879_.jpg",
                "https://m.media-amazon.com/images/I/91oYazuCWNL._UY879_.jpg",
                "https://m.media-amazon.com/images/I/71qRIcNIk0L._UY879_.jpg"
            ],
            "searchTags": [
                "forever21",
                "white top",
                "top"
            ],
            "reviews": [
                {
                    "reviewId": 2362,
                    "shopperId": 21915,
                    "shopperName": "Preethi",
                    "heading": "Fit",
                    "description": "Very nice comfortable",
                    "rating": 4.0,
                    "dateTime": "2024-01-02T07:31:17.429"
                }
            ],
            "createdDateTime": "2023-09-12T17:20:39.342",
            "zoneId": "ALPHA"
        },
        {
            "productId": 50,
            "name": "FOREVER 21 ",
            "title": "Forever 21 Women Top",
            "description": "Neck: Scoop Neck ,\nFit : Regular,\nFabric : Cotton Blend,\nColor : white,",
            "rating": 0.0,
            "price": 999.0,
            "offer": 10.0,
            "type": "women-tshirt",
            "brand": "forever21",
            "category": "women",
            "merchantId": 2,
            "quantity": 12,
            "status": "ACTIVE",
            "thumbnailURL": "https://m.media-amazon.com/images/I/71PUgV6DS0L._UY879_.jpg",
            "productImageURLs": [
                "https://m.media-amazon.com/images/I/71PUgV6DS0L._UY879_.jpg",
                "https://m.media-amazon.com/images/I/71PUgV6DS0L._UY879_.jpg",
                "https://m.media-amazon.com/images/I/71PUgV6DS0L._UY879_.jpg",
                "https://m.media-amazon.com/images/I/31uOBFNdYaL.jpg"
            ],
            "searchTags": [
                "forever21",
                "white top",
                "top"
            ],
            "reviews": null,
            "createdDateTime": "2023-09-12T17:20:39.548",
            "zoneId": "ALPHA"
        },
        {
            "productId": 51,
            "name": "iphone 14 promax",
            "title": "iphone",
            "description": "\nBrand\tApple\nModel Name\tiPhone\nNetwork Service Provider\tUnlocked for All Carriers\nOperating System\tiOS\nCellular Technology\t5G\nAbout this item\n16.95 cm (6.7-inch) Super Retina XDR display\nAdvanced camera system for better photos in any light\nCinematic mode now in 4K Dolby Vision up to 30 fps\nAction mode for smooth, steady, handheld videos\nVital safety technology — Crash Detection calls for help when you can’t\nAll-day battery life and up to 26 hours of video playback\nIndustry-leading durability features with Ceramic Shield and water resistance",
            "rating": 0.0,
            "price": 10000.0,
            "offer": 59.0,
            "type": "mobile",
            "brand": "apple",
            "category": "electronics",
            "merchantId": 1248,
            "quantity": 150,
            "status": "ACTIVE",
            "thumbnailURL": "https://m.media-amazon.com/images/I/61BGE6iu4AL._AC_UY218_.jpg",
            "productImageURLs": [
                "https://m.media-amazon.com/images/I/61qtRTDkfLL._SX679_.jpg",
                "https://m.media-amazon.com/images/I/71RFKttvm9L._SX679_.jpg",
                "https://m.media-amazon.com/images/I/51xFCGFuXmL._SX679_.jpg"
            ],
            "searchTags": [
                "max",
                "pro",
                "plus",
                "14",
                "pro max",
                "apple",
                "iphone 14 pro max",
                "mobile"
            ],
            "reviews": [
                
            ],
            "createdDateTime": "2023-09-13T12:24:38.064",
            "zoneId": "ALPHA"
        },
        {
            "productId": 52,
            "name": "iphone 14 pro",
            "title": "iphone 14 pro 128gb",
            "description": "Brand\tApple\nModel Name\tiPhone\nNetwork Service Provider\tUnlocked for All Carriers\nOperating System\tiOS\nCellular Technology\t5G\nAbout this item\n15.54 cm (6.1-inch) Super Retina XDR display featuring Always-On and ProMotion\nDynamic Island, a magical new way to interact with iPhone\n48MP Main camera for up to 4x greater resolution\nCinematic mode now in 4K Dolby Vision up to 30 fps\nAction mode for smooth, steady, handheld videos\nAll-day battery life and up to 23 hours of video playback\nVital safety technology — Crash Detection calls for help when you can’t\nA16 Bionic, the ultimate smartphone chip. Superfast 5G cellular\nIndustry-leading durability features with Ceramic Shield and water resistance\niOS 16 offers even more ways to personalise, communicate and share",
            "rating": 0.0,
            "price": 124990.0,
            "offer": 10.0,
            "type": "mobile",
            "brand": "apple",
            "category": "electronics",
            "merchantId": 1248,
            "quantity": 100,
            "status": "ACTIVE",
            "thumbnailURL": "https://m.media-amazon.com/images/I/71ZDY57yTQL._AC_UY327_FMwebp_QL65_.jpg",
            "productImageURLs": [
                "https://m.media-amazon.com/images/I/9127kbNltTL._SX679_.jpg",
                "https://m.media-amazon.com/images/I/71dKjvLPkAL._SX679_.jpg",
                "https://m.media-amazon.com/images/I/71qK2dh4o0L._SX679_.jpg"
            ],
            "searchTags": [
                "ios",
                "mobile",
                "pro",
                "iphone 14",
                "iphone 14 pro",
                "128gb",
                "apple"
            ],
            "reviews": [
                {
                    "reviewId": 6386,
                    "shopperId": 60564,
                    "shopperName": "Sunshine90",
                    "heading": "Good",
                    "description": "This is a good product",
                    "rating": 4.0,
                    "dateTime": "2024-04-15T15:16:05.647"
                }
            ],
            "createdDateTime": null,
            "zoneId": "ALPHA"
        },
        {
            "productId": 53,
            "name": "ELECTRIC BRUSH",
            "title": "PRO",
            "description": "Brand\tOral B\nAge Range (Description)\tAdult\nPower Source\tCorded Electric, Battery Powered\nColour\tBlue\nNumber of Items\t1\nNet Quantity\t1 count\nIncluded Components\t1\nSpecific Uses For Product\tGums,Teeth\nOperation Mode\tAutomatic\nNumber of settings\t3\nSee less\nAbout this item\n3D Cleaning Action, oscillates, rotates and pulsates to remove plaque better than a regular manual toothbrush\nThe triple pressure control stops pulsation, reduces speed and has a visual indication\nThe round brush head cups teeth to remove more plaque vs a regular manual toothbrush\nKnow you’ve brushed the right amount of time with the 2-minute professional timer\nVibrates every 30 seconds to alert you to change the area that's being brushed\n",
            "rating": 4.0,
            "price": 800.0,
            "offer": 13.0,
            "type": "electronic-accessories",
            "brand": "oral b",
            "category": "electronics",
            "merchantId": 1248,
            "quantity": 10000,
            "status": "ACTIVE",
            "thumbnailURL": "https://m.media-amazon.com/images/I/41Zu+bpLUhL._SY300_SX300_.jpg",
            "productImageURLs": [
                "https://m.media-amazon.com/images/I/71tZOULlppL._SX679_.jpg",
                "https://m.media-amazon.com/images/I/61Koe0Rq+NL._SX679_.jpg",
                "https://m.media-amazon.com/images/I/61Lt4hoggjL._SX679_.jpg"
            ],
            "searchTags": [
                "ELECTRIC",
                "BRUSH"
            ],
            "reviews": [
                {
                    "reviewId": 1048,
                    "shopperId": 13891,
                    "shopperName": "Puneeth Chowdhary",
                    "heading": "great product ",
                    "description": "nice",
                    "rating": 4.0,
                    "dateTime": "2023-11-05T15:13:57.047"
                }
            ],
            "createdDateTime": "2023-09-13T12:34:34.604",
            "zoneId": "ALPHA"
        },
        {
            "productId": 54,
            "name": "airpods",
            "title": "Apple AirPods (2nd Generation)",
            "description": "\nBrand\tApple\nColour\tWhite\nCompatible Devices\tHeadphones\nForm Factor\tCase\nMaterial\tPlastic\nAbout this item\nAutomatically on, automatically connected\nEasy setup for all your Apple devices\nQuick access to Siri by saying “Hey Siri”\nDouble-tap to play or skip forward\nNew Apple H1 headphone chip delivers faster wireless connection to your devices\nCharges quickly in the case\nCase can be charged using the Lightning connector\nRich, high-quality audio and voice\nListen and talk all day with multiple charges from the Charging Case",
            "rating": 0.0,
            "price": 15000.0,
            "offer": 30.0,
            "type": "headphones",
            "brand": "apple",
            "category": "electronics",
            "merchantId": 1248,
            "quantity": 25,
            "status": "ACTIVE",
            "thumbnailURL": "https://m.media-amazon.com/images/I/7120GgUKj3L._AC_UY327_FMwebp_QL65_.jpg",
            "productImageURLs": [
                "https://m.media-amazon.com/images/I/81W5RSDOy-L._SL1500_.jpg",
                "https://m.media-amazon.com/images/I/71djnhmfy-L._SL1500_.jpg",
                "https://m.media-amazon.com/images/I/71QT9PrfxyL._SL1500_.jpg",
                "https://m.media-amazon.com/images/I/71NLN1HgFkL._SL1500_.jpg",
                "https://m.media-amazon.com/images/I/71NTi82uBEL._SL1500_.jpg"
            ],
            "searchTags": [
                "2nd generation",
                "apple airpods",
                "airpods",
                "apple"
            ],
            "reviews": null,
            "createdDateTime": "2023-09-13T12:35:55.706",
            "zoneId": "ALPHA"
        },
        {
            "productId": 55,
            "name": "iphone",
            "title": "iphone max",
            "description": "Brand\tApple\nModel Name\tIPhone\nNetwork Service Provider\tUnlocked for All Carriers\nOperating System\tIOS\nCellular Technology\t5G\nAbout this item\n17.00 cm (6.7-inch) Super Retina XDR display featuring Always-On and ProMotion\nDynamic Island, a magical new way to interact with iPhone\n48MP Main camera for up to 4x greater resolution\nCinematic mode now in 4K Dolby Vision up to 30 fps\nAction mode for smooth, steady, handheld videos\nAll-day battery life and up to 29 hours of video playback\nVital safety technology — Crash Detection can detect a severe car crash and call for help",
            "rating": 5.0,
            "price": 100000.0,
            "offer": 0.0,
            "type": "",
            "brand": "apple",
            "category": "electronics",
            "merchantId": 1248,
            "quantity": 1,
            "status": "ACTIVE",
            "thumbnailURL": "Apple iPhone 14 (128 GB) - Blue",
            "productImageURLs": [
                "MAX",
                "PRO",
                "PRO"
            ],
            "searchTags": [
                "PRO"
            ],
            "reviews": [
                {
                    "reviewId": 1538,
                    "shopperId": 20087,
                    "shopperName": "shillu",
                    "heading": "jeanszzzzzzzzzzzzzzzzz",
                    "description": "good quality product",
                    "rating": 5.0,
                    "dateTime": "2023-12-06T14:02:06.518"
                }
            ],
            "createdDateTime": "2023-09-13T12:36:04.456",
            "zoneId": "ALPHA"
        },
        {
            "productId": 56,
            "name": "nykaa matte ",
            "title": "nykaa chai",
            "description": "\nBrand\tNykaa\nColour\t18 Chai\nSkin Type\tNormal\nItem Form\tLiquid\nFinish Type\tMatte\nProduct Benefits\tSoftening\nSpecial Ingredients\tVitamin E\nMaterial Type Free\tParaben Free\nCoverage\tFull\nSpeciality\tFree",
            "rating": 0.0,
            "price": 675.0,
            "offer": 10.0,
            "type": "lipstick",
            "brand": "nykaa",
            "category": "beauty",
            "merchantId": 1248,
            "quantity": 200,
            "status": "ACTIVE",
            "thumbnailURL": "https://m.media-amazon.com/images/I/51+OrZWV-dL._AC_UL600_FMwebp_QL65_.jpg",
            "productImageURLs": [
                "https://m.media-amazon.com/images/I/51qtCK082hL._SX569_.jpg",
                "https://m.media-amazon.com/images/I/61z0Uyg1ACL._SX569_.jpg",
                "https://m.media-amazon.com/images/I/71pdse3IaAL._SX569_.jpg"
            ],
            "searchTags": [
                "cosmetics",
                "beauty",
                "kaapi",
                "kashi",
                "chai",
                "nykaa",
                "lipstick"
            ],
            "reviews": null,
            "createdDateTime": "2023-09-13T12:36:47.594",
            "zoneId": "ALPHA"
        },
        {
            "productId": 57,
            "name": "crocs",
            "title": "footwear",
            "description": "Product Details\n\nType\nClogs\nUpper Pattern\nSolid\nClosure\nAdjustable Strap\nType for Flats\nSandal\nColor\nOlive, Green\nPack of\n1\nSole Material\nEVA\nInner Material\nEVA",
            "rating": 0.0,
            "price": 3500.0,
            "offer": 25.0,
            "type": "",
            "brand": "crocs",
            "category": "men",
            "merchantId": 1248,
            "quantity": 250,
            "status": "ACTIVE",
            "thumbnailURL": "https://rukminim2.flixcart.com/image/832/832/xif0q/sandal/0/v/v/8-svr6372kbrv-8-svaar-olive-green-original-imagnwuj3mq7kszm.jpeg?q=70",
            "productImageURLs": [
                "https://rukminim2.flixcart.com/image/832/832/xif0q/sandal/d/i/k/7-svr6372kbrv-7-svaar-olive-green-original-imagn6chhdqtfemz.jpeg?q=70",
                "https://rukminim2.flixcart.com/image/832/832/xif0q/sandal/c/q/g/7-svr6372kbrv-7-svaar-olive-green-original-imagn6chp2cvev6n.jpeg?q=70",
                "https://rukminim2.flixcart.com/image/832/832/xif0q/sandal/r/a/c/7-svr6372kbrv-7-svaar-olive-green-original-imagn6ch74whdjtj.jpeg?q=70"
            ],
            "searchTags": [
                "casual",
                "slippers",
                "shoes",
                "mens footwear",
                "crocs",
                "footwear"
            ],
            "reviews": [
                
            ],
            "createdDateTime": "2023-09-13T12:37:59.831",
            "zoneId": "ALPHA"
        },
        {
            "productId": 59,
            "name": "Moisturiser Lumi Cream",
            "title": "Lakme Lumi Cream",
            "description": "\nBrand\tLAKMÉ\nScent\tUnscented \nItem Form\tCream\nActive Ingredients\tGlycerin,hyaluronic acid,niacinamide,sodium hyaluronate,sodium triglyceride,vitamin b3\nNet Quantity\t30.0 gram\nNumber of Items\t1\nUse for\tFace\nSkin Type\tNormal\nSpecial Ingredients\tGlycerin\nMaterial Type Free\tAlcohol Free\nSee less\nAbout this item\nLight weight moisturizing cream\nHint of highlighter\n3D glow\nHighlights your features\nNon greasy formula\nBlends like a dream",
            "rating": 4.0,
            "price": 250.0,
            "offer": 10.0,
            "type": "cream",
            "brand": "lakme",
            "category": "beauty",
            "merchantId": 1248,
            "quantity": 150,
            "status": "ACTIVE",
            "thumbnailURL": "https://m.media-amazon.com/images/I/416J+1UQerL._AC_UL320_.jpg",
            "productImageURLs": [
                "https://m.media-amazon.com/images/I/31JCyJPcgxL._SS40_.jpg",
                "https://m.media-amazon.com/images/I/41xD+fR3FJL._SS40_.jpg",
                "https://m.media-amazon.com/images/I/416J+1UQerL._SX450_.jpg"
            ],
            "searchTags": [
                "lakme",
                "Moisturizer ",
                "lumi",
                "light",
                "moisturiser",
                "cream"
            ],
            "reviews": [
                {
                    "reviewId": 85,
                    "shopperId": 325,
                    "shopperName": "PALLAVI MANI",
                    "heading": "Best",
                    "description": "good",
                    "rating": 4.0,
                    "dateTime": "2023-09-16T02:34:31.494"
                }
            ],
            "createdDateTime": null,
            "zoneId": "ALPHA"
        },
        {
            "productId": 61,
            "name": "musical mat",
            "title": "Cable World Musical Keyboard Mat Piano Gym Mat Gym & Fitness Rack",
            "description": "Cable World Multi-function piano baby gym and fitness rack, Music rewards baby as he/she kicks the piano keys With movable musical piano keyboard can attach baby's attention and have fun. Cable World\nCable World Five busy activity toys with a large mirror & 4 Animal Toys hangings included, This gym helps in stimulating baby's sensory touches like sight , tough and hearing Cable World\nCable World Note:- Mirror is not clear at first receive, for clear Mirror Customer need to remove white plastic film from the mirror then Mirror is clear for vision Cable World\nCable World Short or long-play music, In our endeavor to provide the quality products to people, we periodically make product modifications, therefore actual product may vary a little than shown in the images Cable World\nCable World Baby Gym With 3 in 1 Multi Functional Sound",
            "rating": 5.0,
            "price": 1500.0,
            "offer": 30.0,
            "type": "electronic-accessories",
            "brand": "cable world",
            "category": "electronics",
            "merchantId": 1248,
            "quantity": 55,
            "status": "ACTIVE",
            "thumbnailURL": "https://m.media-amazon.com/images/I/61YdJtl2ovL._SX569_.jpg",
            "productImageURLs": [
                "https://m.media-amazon.com/images/I/51nYupmESHL._SS40_.jpg",
                "https://m.media-amazon.com/images/I/51WbO996YvL._SS40_.jpg"
            ],
            "searchTags": [
                "musical mat"
            ],
            "reviews": [
                {
                    "reviewId": 7094,
                    "shopperId": 65933,
                    "shopperName": "Roshinisai Nagisetty",
                    "heading": "good",
                    "description": "beautiful",
                    "rating": 5.0,
                    "dateTime": "2024-05-09T21:02:46.407"
                }
            ],
            "createdDateTime": "2023-09-13T12:40:01.875",
            "zoneId": "ALPHA"
        },
        {
            "productId": 62,
            "name": "television led",
            "title": "sony",
            "description": "Resolution: 4K Ultra HD (3840 x 2160) | Refresh Rate: 60 Hertz | 178 Degree wide viewing angle\nConnectivity: 3 HDMI ports to connect set top box, Blu Ray players, gaming console | 2 USB ports to connect hard drives and other USB devices\nSound : 20 Watts Output | Open Baffle Speaker| Dolby Audio | Clear Phase | eARC Input\nSmart TV Features: Google TV, Watchlist, Voice Search, Google Play, Chromecast Built-In, Netflix, Amazon Prime Video, Additional Features: Apple Airplay, Apple Homekit, Alexa | Supported Apps: Netflix, Amazon Prime Video, Disney+ Hotstar, Sony Liv, Zee5, Voot, Jio Cinema & many More\nDisplay: X1 4K Processor | 4K HDR | Live Colour| 4K X Reality Pro | Motion Flow XR100",
            "rating": 0.0,
            "price": 8000.0,
            "offer": 59.0,
            "type": "",
            "brand": "sony",
            "category": "electronics",
            "merchantId": 1248,
            "quantity": 100,
            "status": "ACTIVE",
            "thumbnailURL": "https://m.media-amazon.com/images/I/81MRU+3RJLL._SX450_.jpg",
            "productImageURLs": [
                "https://m.media-amazon.com/images/I/81N4+wEy+kL._SL1500_.jpg",
                "https://m.media-amazon.com/images/I/81MRU+3RJLL._SL1500_.jpg"
            ],
            "searchTags": [
                "165 cm",
                "4k ultra",
                "bravia",
                "sony"
            ],
            "reviews": null,
            "createdDateTime": "2023-09-13T12:40:49.659",
            "zoneId": "ALPHA"
        },
        {
            "productId": 63,
            "name": "samsung ",
            "title": "samsung s20 fan edition",
            "description": "Bran--Samsung\nModel Name\tSamsung Galaxy S20 FE 5G\nNetwork Service Provider\tVoiceStream Wireless Provider Type\nOperating System\tAndroid 11.0\nCellular Technology\t5GB",
            "rating": 0.0,
            "price": 1000000.0,
            "offer": 59.0,
            "type": "mobile",
            "brand": "s20",
            "category": "electronics",
            "merchantId": 1248,
            "quantity": 150,
            "status": "ACTIVE",
            "thumbnailURL": "https://m.media-amazon.com/images/I/41ezRvTwcaL._SX300_SY300_QL70_FMwebp_.jpg",
            "productImageURLs": [
                "https://m.media-amazon.com/images/I/81W-nknAKEL._SL1500_.jpg",
                "https://m.media-amazon.com/images/I/71UTG1e+yeL._SL1500_.jpg",
                "https://m.media-amazon.com/images/I/61vN1isnThL._SL1500_.jpg"
            ],
            "searchTags": [
                "23000",
                "mobile",
                "fan edition",
                "galaxy",
                "FE",
                "s20",
                "samsung"
            ],
            "reviews": null,
            "createdDateTime": "2023-09-13T12:41:22.759",
            "zoneId": "ALPHA"
        },
        {
            "productId": 64,
            "name": "sonata wrist watch",
            "title": "sonata wrist watch with blue dial",
            "description": "Case Material: Brass\nDimensions: 35.5mm*42.5mm\nBlue Leather strap\nDeep Blue dial\nWarranty: 12 Months\nItem shape: Round",
            "rating": 4.5,
            "price": 2500.0,
            "offer": 20.0,
            "type": "",
            "brand": "sonata",
            "category": "electronics",
            "merchantId": 1248,
            "quantity": 200,
            "status": "ACTIVE",
            "thumbnailURL": "https://m.media-amazon.com/images/I/715NcPtx4sL._UX679_.jpg",
            "productImageURLs": [
                "https://m.media-amazon.com/images/I/71gfWIppjdL._UX679_.jpg",
                "https://m.media-amazon.com/images/I/71xypIlycVL._UX679_.jpg"
            ],
            "searchTags": [
                "women",
                "black dial",
                "blue strap",
                "blue dial",
                "sonata",
                "sonata wrist watch for women"
            ],
            "reviews": [
                {
                    "reviewId": 73,
                    "shopperId": 977,
                    "shopperName": "Bruno",
                    "heading": "Good",
                    "description": "Nice Product.Worth Buying",
                    "rating": 4.5,
                    "dateTime": "2023-09-15T22:06:19.474"
                }
            ],
            "createdDateTime": "2023-09-13T12:41:22.759",
            "zoneId": "ALPHA"
        },
        {
            "productId": 65,
            "name": "MINI FRIDGE",
            "title": "COOL",
            "description": "Product Dimensions\t14D x 13.5W x 20H Centimeters\nBrand\tVYBE\nCapacity\t6 litres\nConfiguration\tCompact Freezerless\nEnergy Star\t3 Star\nAbout this item\nCapacity: 6 Litres - FITS 50% MORE THAN 4 LITRES - Includes AC & DC cords for home as well as car use. CHILLS AND HEATS: Temperature Range: 5°C to 60° C. Ideal to store your essentials anywhere.\nPRE COOLING: When pre-cooled before use will maintain your products long time without spoiling. Single Thermoelectric cooling technology. Power Consumption : 48W ± 10W % (built-in DC to AC converter)\nPRODUCTS SUITABLE FOR REFRIGERATION: All natural & organic products, Nail polish, Serums, Moisturisers, Toners and sprays, Sheet masks, Liquid makeup, Lip & eye pencils and all other beauty products.\nWARRANTY: VYBE offers a 1 year Brand warranty which covers all manufacturing & quality related defects. To claim warranty for this product please contact our Customer Care No. +91 9900008413.\nVYBE is built on quality and customer feedback and we have shipped 1000s of products across the world. We take pride in our quality of products. Each product is tested on multiple quality parameters.",
            "rating": 4.0,
            "price": 10000.0,
            "offer": 30.0,
            "type": "electronic-accessories",
            "brand": "vybe",
            "category": "electronics",
            "merchantId": 1248,
            "quantity": 100000,
            "status": "ACTIVE",
            "thumbnailURL": "https://m.media-amazon.com/images/I/41FV21sAYbL._AC_UY218_.jpg",
            "productImageURLs": [
                "https://m.media-amazon.com/images/I/41FV21sAYbL._AC_UY218_.jpg"
            ],
            "searchTags": [
                "FRIDGE",
                "MINI"
            ],
            "reviews": [
                {
                    "reviewId": 8097,
                    "shopperId": 79578,
                    "shopperName": "ghb",
                    "heading": "good",
                    "description": "quality of the product",
                    "rating": 4.0,
                    "dateTime": "2024-05-30T10:35:19.085"
                }
            ],
            "createdDateTime": "2023-09-13T12:41:52.088",
            "zoneId": "ALPHA"
        },
        {
            "productId": 67,
            "name": "Watch",
            "title": "fastrack watch",
            "description": "Brand\tFastrack\nModel Name\tFastrack Reflex Beat +\nStyle\tModern\nColour\tBeige\nScreen Size\t1.69 Inches",
            "rating": 0.0,
            "price": 3500.0,
            "offer": 40.0,
            "type": "watch",
            "brand": "fastrack",
            "category": "women",
            "merchantId": 1248,
            "quantity": 30,
            "status": "ACTIVE",
            "thumbnailURL": "https://m.media-amazon.com/images/I/71lAH6JhihL._AC_UL600_FMwebp_QL65_.jpg",
            "productImageURLs": [
                "https://m.media-amazon.com/images/I/81GakWxA7kL._UX679_.jpg",
                "https://m.media-amazon.com/images/I/81hFSdgfeTL._UX679_.jpg",
                "https://m.media-amazon.com/images/I/71lAH6JhihL._UX679_.jpg"
            ],
            "searchTags": [
                "Watch women watch fasttrack modern watch "
            ],
            "reviews": [
                
            ],
            "createdDateTime": "2023-09-13T12:43:08.233",
            "zoneId": "ALPHA"
        },
        {
            "productId": 68,
            "name": "Casio Analog Watch",
            "title": "Casio Enticer Ladies Analog Black Dial Women's Watch-A1794",
            "description": "Band Colour\tBlack\nBand Material\tStainless Steel\nBand Width\t2 Millimeters\nBezel Function\t12-Hour Time Display\nBezel Material\tStainless Steel\nBrand\tCasio\nCalendar Type\tNo Calendar\nCase Diameter\t3 Millimeters\nCase Material\tStainless Steel\nCase Thickness\t3.65 Millimeters\nClasp\tDouble Locking Foldover Clasp\nCollection\tEnticer Ladies\nDial Colour\tBlack\nCrystal Material\tGlass\nDisplay Type\tAnalog\nCase Shape\tRound\nItem Weight\t48 Grams\nModel Number\tA1794\nPart Number\tA1794\nSpecial Features\tWomen\nWarranty Type\tManufacturer\nMovement\tQuartz\nWater Resistance Depth\t30 Meters\nBand size\tWomens Standard\nWarranty\tIf this product is sold by Amazon, please review the manufacturer’s website for warranty information. If this product is sold by another party, please contact the seller directly for warranty information for this product. You may also be able to find warranty information on the manufacturer’s website.",
            "rating": 0.0,
            "price": 7999.0,
            "offer": 20.0,
            "type": "watch",
            "brand": "casio",
            "category": "electronics",
            "merchantId": 1248,
            "quantity": 10,
            "status": "ACTIVE",
            "thumbnailURL": "https://m.media-amazon.com/images/I/61TMEVqOqJL._AC_UL600_FMwebp_QL65_.jpg",
            "productImageURLs": [
                "https://m.media-amazon.com/images/I/51X4qqst+DL._UX679_.jpg",
                "https://m.media-amazon.com/images/I/516hrJU34QL._UX679_.jpg",
                "https://m.media-amazon.com/images/I/51RaVYRAa1L._UX679_.jpg"
            ],
            "searchTags": [
                "analog watch",
                "gold color watch",
                "women",
                "watch",
                "casio"
            ],
            "reviews": null,
            "createdDateTime": null,
            "zoneId": "ALPHA"
        },
        {
            "productId": 69,
            "name": "dairy milk",
            "title": "chocolate",
            "description": "\nBrand\tCadbury\nItem Form\tBar\nOccasion\tHoliday, Birthday, Thank You, Thanksgiving\nChocolate Type\tMilk\nFlavour\tChocolate\nNet Quantity\t120.0 gram\nDiet Type\tVegetarian\nSpeciality\tVegetarian\nSize\t120 g (Pack of 1)\nNumber of Pieces\t8\nSee more\nThis is a Vegetarian product.\nAbout this item\nIndulge in a rich, smooth, and creamy celebration.\nSilk: The classic taste of Cadbury Dairy Milk chocolates is only more creamy, more smooth, more indulging.\nCadbury Dairy Milk Silk Bubbly is a fun bubbly twist to the classic Cadbury Dairy Milk Silk.\nThis milk chocolate bar is a perfect sweet to indulge in all alone or as a chocolate gift pack for gifting on special occasions like birthdays and get-togethers.\nEvery bar of Cadbury Dairy Milk Silk is made from 100% sustainable cocoa. It is suitable for vegetarians.",
            "rating": 0.0,
            "price": 190.0,
            "offer": 1.0,
            "type": "",
            "brand": "cadbury",
            "category": "electronics",
            "merchantId": 1248,
            "quantity": 2,
            "status": "ACTIVE",
            "thumbnailURL": "Cadbury Dairy Milk Silk Bubbly Chocolate Bar, 120 g Brand: Cadbury",
            "productImageURLs": [
                " Brand\tCadbury Item Form\tBar Occasion\tHoliday, Birthday, Thank You, Thanksgiving Chocolate Type\tMilk Flavour\tChocolate Net Quantity\t120.0 gram Diet Type\tVegetarian Speciality\tVegetarian Size\t120 g (Pack of 1) Number of Pieces\t8 See more This is a Vegetarian product. About this item Indulge in a rich, smooth, and creamy celebration. Silk: The classic taste of Cadbury Dairy Milk chocolates is only more creamy, more smooth, more indulging. Cadbury Dairy Milk Silk Bubbly is a fun bubbly twist to the classic Cadbury Dairy Milk Silk. This milk chocolate bar is a perfect sweet to indulge in all alone or as a chocolate gift pack for gifting on special occasions like birthdays and get-togethers. Every bar of Cadbury Dairy Milk Silk is made from 100% sustainable cocoa. It is suitable for vegetarians."
            ],
            "searchTags": [
                "bubbly"
            ],
            "reviews": null,
            "createdDateTime": "2023-09-13T12:44:03.879",
            "zoneId": "ALPHA"
        },
        {
            "productId": 70,
            "name": "john jacobs sunglass",
            "title": "john jacobs pink cat eye UV protected sunglasses",
            "description": "Care Instructions: With the Lenskart Aqualens Solution, keeping your shades clean becomes very easy. Just spray some on your lenses and wipe them with a microfibre cloth to keep your lenses smudge-free.\nAbout the Product :- The John Jacobs collection features an eclectic range of fashion forward and elegant sunglasses for women. Available in a variety of colours and shapes, from classic to modern, the collection enables you to stand out whether it’s at work or play.\nFrame Material: Stainless Steel (Simple Matte & Shiny) | Size: Large | Frame Width:140 mm | Frame Dimension: (55-19-145)mm\nLens Technology:- The John Jacobs collection features polarised lenses that protect your eyes from the sun’s harmful UV rays, reduce glare and enhance visual clarity.\nLens Material:- The lenses are made from a material called Polycarbonate which offers better protection as it does not break as easily as plastic lenses and is also much lighter.",
            "rating": 4.0,
            "price": 2999.0,
            "offer": 0.0,
            "type": "",
            "brand": "john jacobs",
            "category": "women",
            "merchantId": 1248,
            "quantity": 50,
            "status": "ACTIVE",
            "thumbnailURL": "https://m.media-amazon.com/images/I/51o-HE6CJcL._AC_UL600_FMwebp_QL65_.jpg",
            "productImageURLs": [
                "https://m.media-amazon.com/images/I/517fe6HHfcL._UX569_.jpg",
                "https://m.media-amazon.com/images/I/71roRYYMr6L._UX569_.jpg",
                "https://m.media-amazon.com/images/I/51M5YWE6uwL._UX679_.jpg"
            ],
            "searchTags": [
                "jacobs",
                "john",
                "accessories",
                "sun glass",
                "glasses"
            ],
            "reviews": [
                {
                    "reviewId": 1179,
                    "shopperId": 17640,
                    "shopperName": "Onkar",
                    "heading": "Worth the value",
                    "description": "Nice SunGlasses",
                    "rating": 4.0,
                    "dateTime": "2023-11-30T16:37:54.862"
                }
            ],
            "createdDateTime": "2023-09-13T12:45:07.031",
            "zoneId": "ALPHA"
        },
        {
            "productId": 71,
            "name": "lipstick",
            "title": "maybelline lipstick",
            "description": "Brand\tMaybelline\nColour\t695 Divine Wine\nSkin Type\tAll\nItem Form\tStick\nFinish Type\tMatte\nProduct Benefits\tHydrating, Smoothening, Nourishing, Moisturizing",
            "rating": 1.0,
            "price": 270.0,
            "offer": 8.0,
            "type": "",
            "brand": "maybelline",
            "category": "beauty",
            "merchantId": 1248,
            "quantity": 150,
            "status": "ACTIVE",
            "thumbnailURL": "https://m.media-amazon.com/images/I/61+soWfLVfL._SL1200_.jpg",
            "productImageURLs": [
                "https://m.media-amazon.com/images/I/61RcEYFPxaL._SL1200_.jpg",
                "https://m.media-amazon.com/images/I/61NUgq-JcWL._SL1200_.jpg",
                "https://m.media-amazon.com/images/I/911cNFNuLTL._SL1500_.jpg",
                "https://m.media-amazon.com/images/I/51f4HVnR4eL._AC_UL320_.jpg"
            ],
            "searchTags": [
                "scroll",
                "red",
                "maybelline",
                "lipstick"
            ],
            "reviews": [
                {
                    "reviewId": 6491,
                    "shopperId": 61448,
                    "shopperName": "viraj",
                    "heading": "Good Product",
                    "description": "Shade Is Beautiful",
                    "rating": 1.0,
                    "dateTime": "2024-04-20T04:11:33.746"
                }
            ],
            "createdDateTime": "2023-09-13T12:45:31.967",
            "zoneId": "ALPHA"
        },
        {
            "productId": 72,
            "name": "laptop",
            "title": "Dell Inspiron 3525 Laptop",
            "description": "\nBrand\tDell\nModel Name\tInspiron 15 Laptop\nScreen Size\t15.6 Inches\nColour\tBlack\nHard Disk Size\t512 GB\nCPU Model\tRyzen 3\nRAM Memory Installed Size\t8 GB\nOperating System\tWindows 11 Home\nGraphics Card Description\tIntegrated\nGraphics Coprocessor\tAMD Radeon Graphics\nSee more\nAbout this item\nProcessor: AMD 5 Series Ryzen R3-5300U, up to 3.85 GHz, 2MB Cache + 4 Cores // RAM: 8GB DDR4 // Storage: 512GB SSD\nIncluded Software: Win 11 + Office H&S 2021 + 15 Months McAfee\nDisplay: 15.6\" FHD WVA AG Narrow Border 120Hz 250 nits // Graphics: Radeon Graphics\nPorts: 1 USB 2.0 port, 1 Headset jack, 1 HDMI 1.4 port, 1 SD 3.0 card slot, 1 USB 3.2 Gen 1 port, 1 USB 3.2 Gen 1 Type-C port // Battery: 3-Cell Battery, 41WHr",
            "rating": 3.0,
            "price": 33990.0,
            "offer": 25.0,
            "type": "laptop",
            "brand": "dell",
            "category": "electronics",
            "merchantId": 1248,
            "quantity": 150,
            "status": "ACTIVE",
            "thumbnailURL": "https://m.media-amazon.com/images/I/51-OoAkxQqL._AC_UY218_.jpg",
            "productImageURLs": [
                "https://m.media-amazon.com/images/I/411HysE-VDL._SS40_.jpg",
                "https://m.media-amazon.com/images/I/51e3WtiFRwL._SS40_.jpg",
                "https://m.media-amazon.com/images/I/51wTLpiDrBL._SS40_.jpg",
                "https://m.media-amazon.com/images/I/519sJusYjgL._SS40_.jpg",
                "https://m.media-amazon.com/images/I/51-OoAkxQqL._SX679_.jpg"
            ],
            "searchTags": [
                "3525",
                "Inspiron ",
                "electronic",
                "laptop",
                "dell"
            ],
            "reviews": [
                {
                    "reviewId": 6136,
                    "shopperId": 51352,
                    "shopperName": "Divyarani",
                    "heading": "Awesome",
                    "description": "Good to use",
                    "rating": 3.0,
                    "dateTime": "2024-03-25T11:25:08.744"
                }
            ],
            "createdDateTime": null,
            "zoneId": "ALPHA"
        },
        {
            "productId": 73,
            "name": "Headphone",
            "title": "Bassheads 100",
            "description": "Brand\tboAt\nModel Name\tBassHeads 100\nColour\tBlack\nForm Factor\tIn Ear\nConnectivity Technology\tWired\nAbout this item\nThe perfect way to add some style and stand out from the crowd with the boAt BassHeads 100 \"Hawk\" inspired earphones\nThe stylish BassHeads 100 superior coated wired earphones are a definite fashion statement - wear your attitude with its wide variety of collection\nThe powerful 10mm dynamic driver with the speaker resistance of 16 ohm enables the earphone to deliver a punchy, rhythmic response to the most demanding tracks\nFeatures a HD microphone to make crystal clear calls - making life easier on the go, play/pause music or answer/end calls with one-click, track forward with two-clicks or back with 3 clicks make these earphones extremely user-friendly\nWith 1.2 meters perfect length cable now plug it in anywhere with ease - while the earphones are extremely user-friendly and stylish, extruding premium coating on the wire cable is a manufacturing process that we've been performing and refining since our company's inception\nIts impeccable fit won't let you take these wonderfully amazing earphones off, fits you perfectly without hurting your ears and the perfect arc, with different size ear tips helps you in achieving superior comfort even with long listening hours.\n1 year warranty from the date of purchase",
            "rating": 0.0,
            "price": 329.0,
            "offer": 45.0,
            "type": "",
            "brand": "boat",
            "category": "electronics",
            "merchantId": 1248,
            "quantity": 100,
            "status": "ACTIVE",
            "thumbnailURL": "https://m.media-amazon.com/images/I/719elVA3FvL._AC_UL600_FMwebp_QL65_.jpg",
            "productImageURLs": [
                "https://m.media-amazon.com/images/I/51aBTOiXRlL._AC_UL600_FMwebp_QL65_.jpg",
                "https://m.media-amazon.com/images/I/61yP8Gg5p2L._SX679_.jpg"
            ],
            "searchTags": [
                "Headphone",
                "Bassheads 100",
                "Bassheads",
                "boat",
                "100"
            ],
            "reviews": null,
            "createdDateTime": "2023-09-13T12:46:29.097",
            "zoneId": "ALPHA"
        },
        {
            "productId": 74,
            "name": "Air buds",
            "title": "TWS air",
            "description": "Brand\tVivo\nModel Name\tVivo TWS air\nColour\tNorway Blue\nForm Factor\tIn Ear\nConnectivity Technology\tWireless\nAbout this item\n14.2mm vivo's largest speaker driver ever\nBio-Carbon Fiber Composite Diaphragm\nPure copper coil from Japan's Daikoku\nDual Mic Call Noise cancelling",
            "rating": 0.0,
            "price": 1500.0,
            "offer": 40.0,
            "type": "",
            "brand": "vivo",
            "category": "electronics",
            "merchantId": 1248,
            "quantity": 145,
            "status": "ACTIVE",
            "thumbnailURL": "https://m.media-amazon.com/images/I/61nBzZ6gPxL._AC_UL320_.jpg",
            "productImageURLs": [
                "https://m.media-amazon.com/images/I/711225DfIjL._SL1500_.jpg",
                "https://m.media-amazon.com/images/I/61YCXQGqVEL._SL1500_.jpg",
                "https://m.media-amazon.com/images/I/61nBzZ6gPxL._SL1500_.jpg"
            ],
            "searchTags": [
                "TMS air ",
                "nice buds",
                "Air buds",
                "vivo"
            ],
            "reviews": null,
            "createdDateTime": "2023-09-13T12:47:03.843",
            "zoneId": "ALPHA"
        },
        {
            "productId": 75,
            "name": "Philips hair straightener",
            "title": "hair straightener",
            "description": "Philips Heated Straightening Brush BHH885/10 will give you naturally straight hair in 5 minutes. Designed with SilkProtect Technology, ionic care and ceramic-argan oil infused bristles, this straightening brush is a great tool that will leave you with naturally straight, beautiful and shiny hair in just 5 minutes. Philips SilkProtect technology with ionic care system works together with the triple bristle design for healthy looking, frizz-free hair.\n\n\nFeatures:\n\nHeat straightening brush that helps give you naturally straight hair in 5 minutes.\nDesigned with SilkProtect technology, ionic care and ceramic argan oil infused bristles\nA great tool that leaves you with straight, beautiful and shiny hair\nIonic care helps give you frizz free hair\nLength of the large paddle shaped brush is 60 mm\n\nAbout the Brand: Philips is a leading health technology company focused to make the world healthier and more sustainable through innovation. The brand is a world leader in home healthcare, energy efficient lighting solutions, as well as male shaving, grooming and oral healthcare products. Focused on improving people\n\n\n\nExplore the entire range of Straighteners available on Nykaa. Shop more Philips products here.You can browse through the complete world of Philips Straighteners .\n\nCountry of Origin:  China\n\nManufacturer:  Philips\nAddress:  Imported By: Philips India Limited, 3Rd Floor, Tower A, Dlf It Park, 08 Block Af, Major Arterial Road, New Town (Rajarhat), Kolkata 700156, West Bengal Customer Care Details: Customer Service Executive. 1800 102 2929 (Toll Free) 1860 180 1111 (Standard Call Rates Apply) Customer Complaint/Feedback: Customercare.India@Philips.Com",
            "rating": 4.0,
            "price": 4595.0,
            "offer": 0.0,
            "type": "women-kurti",
            "brand": "philips",
            "category": "beauty",
            "merchantId": 1248,
            "quantity": 100,
            "status": "ACTIVE",
            "thumbnailURL": "https://images-static.nykaa.com/media/catalog/product/tr:w-220,h-220,cm-pad_resize/8/d/8d1cd23PHIAA00000085.jpg",
            "productImageURLs": [
                "https://images-static.nykaa.com/media/catalog/product/8/d/8d1cd23PHIAA00000085_4.jpg",
                "https://images-static.nykaa.com/media/catalog/product/8/d/8d1cd23PHIAA00000085_3.jpg",
                "https://images-static.nykaa.com/media/catalog/product/8/d/8d1cd23PHIAA00000085_2.jpg",
                "https://images-static.nykaa.com/media/catalog/product/8/d/8d1cd23PHIAA00000085_3.jpg"
            ],
            "searchTags": [
                "hair stylers",
                "hair setter",
                "starigntener",
                "hair accessories"
            ],
            "reviews": [
                {
                    "reviewId": 1766,
                    "shopperId": 24739,
                    "shopperName": "Jahnavi Jami",
                    "heading": "nothing",
                    "description": "good",
                    "rating": 4.0,
                    "dateTime": "2023-12-25T08:49:11.752"
                },
                {
                    "reviewId": 1767,
                    "shopperId": 24700,
                    "shopperName": "Bhavana BJJ",
                    "heading": "88",
                    "description": "00",
                    "rating": 5.0,
                    "dateTime": "2023-12-25T08:50:25.865"
                },
                {
                    "reviewId": 7564,
                    "shopperId": 72392,
                    "shopperName": "Thejashwini",
                    "heading": "Good",
                    "description": "Review",
                    "rating": 3.0,
                    "dateTime": "2024-05-23T19:21:17.957"
                }
            ],
            "createdDateTime": null,
            "zoneId": "ALPHA"
        },
        {
            "productId": 76,
            "name": "WASHING MACHINE",
            "title": "ifb deep clean",
            "description": "Fully-automatic Front load washing machine: Best Wash Quality, Energy and Water efficient\nCapacity 8 Kg: Suitable for large families\nEnergy Rating 5 Star: Best in class efficiency\nTRISHIELD PROTECTION : IFB washers come with India’s best warranty 4 years machine warranty + 10 years Motor Warranty + 10 years Spares Support\n1400 RPM: higher spin speeds helps in faster drying\n12 ( + 8 Via mobile APP) Wash Programmes: MY IFB, Anti-Allergen, Baby Wear, Mixed/Daily, Cotton Normal, Synthetic, Cradle wash for Delicates, Woollens, Express 15/ Quick wash, Express 30Min/60Min, Spin Dry/ Rinse, Refresh, Bulky/Bedding/Curtains/Duvet, Sports Wear, Uniform, Dark wash, Jeans, Inner wear, Shirt/Blouse, Tub clean\nBuilt with innovative stainless steel crescent moon drum design that creates a gentle water cushion, preventing damage to fabrics & optimally placed holes provide the mechanical action required to get the desired wash results.",
            "rating": 0.0,
            "price": 9000.0,
            "offer": 59.0,
            "type": "",
            "brand": "ifb",
            "category": "electronics",
            "merchantId": 1248,
            "quantity": 100,
            "status": "ACTIVE",
            "thumbnailURL": "https://m.media-amazon.com/images/S/stores-image-uploads-eu-prod/6/AmazonStores/A21TJRUUN4KGV/4812ecd3f44648647d37806ad513df5f.w3000.h600._CR0%2C0%2C3000%2C600_SX1500_.jpg",
            "productImageURLs": [
                "https://m.media-amazon.com/images/I/814MZE231rL._AC_CR0%2C0%2C0%2C0_SX480_SY360_.jpg",
                "https://m.media-amazon.com/images/I/61cFZUzH+yL._AC_CR0%2C0%2C0%2C0_SX480_SY360_.jpg"
            ],
            "searchTags": [
                "DEEP CLEAN",
                "8KG",
                "FRONT LOAD",
                "IFB"
            ],
            "reviews": null,
            "createdDateTime": "2023-09-13T12:47:29.636",
            "zoneId": "ALPHA"
        },
        {
            "productId": 77,
            "name": "cetaphil Face Moisturizer",
            "title": "cetaphil",
            "description": "Brand\tCetaphil\nScent\tUnscented\nItem Form\tGel\nActive Ingredients\thyaluronic_acid, acrylates,allantoin,caprylyl glycol,citric acid,disodium,glycerin,niacinamide,panthenol,pantolactone,pentylene glycol,propanediol,serine,sodium hydroxidehyaluronic_acid, acrylates,allantoin,caprylyl glycol,citric acid,disodium,glycerin,niacinamide,panthenol,pantolactone,pentylene glycol,propanediol,serine,sodium hydroxide See more\nUnit Count\t1.7 Ounce\nAbout this item\nYou will receive (1) Cetaphil Deep Hydration Skin Restoring Water Gel\nCETAPHIL DEEP HYDRATION SKIN RESTORING WATER GEL: Cooling, weightless water gel clinically proven toinstantly boost the skin's water content and maintainhydration for 72 hours, improves the quality of sensitive skin\n72 HOUR WEIGHTLESS HYDRATION: Slow-release technology containing hyaluronic acid paired with polyglutamic acid provides long-lasting hydration\nDELIVERS IMMEDIATE HYDRATION: HydroSensitiv Complex soothes skin and deepens dynamic hydration by increasing skin overall water content and sealing in moisture\nDESIGNED FOR SENSITIVE SKIN: Oil free, fragrance free and dye free formula is gentle on sensitive skin",
            "rating": 0.0,
            "price": 495.0,
            "offer": 10.0,
            "type": "",
            "brand": "cetaphil",
            "category": "beauty",
            "merchantId": 1248,
            "quantity": 100,
            "status": "ACTIVE",
            "thumbnailURL": "https://m.media-amazon.com/images/I/41wNvAKs2NL._SX300_SY300_QL70_FMwebp_.jpg",
            "productImageURLs": [
                "https://m.media-amazon.com/images/I/71xY8m31++L._SY355_.jpg",
                "https://m.media-amazon.com/images/I/71o4Xj0R0+L._SY355_.jpg",
                "https://m.media-amazon.com/images/I/81JQfo7I1mL._SY355_.jpg"
            ],
            "searchTags": [
                "best face moisturizer",
                "Face cream",
                "Face Moisturizer",
                "Moisturizer",
                "cetaphil"
            ],
            "reviews": null,
            "createdDateTime": "2023-09-13T12:47:50.442",
            "zoneId": "ALPHA"
        },
        {
            "productId": 78,
            "name": "JBL Tune 760 NC",
            "title": "760 NC",
            "description": "\nBrand\tJBL\nModel Name\tTune\nColour\tBlack\nForm Factor\tOver Ear\nConnectivity Technology\t\nBluetooth 5.0\n\nAbout this item\nACTIVE NOISE CANCELLATION: Tune out the Noise & Tune in to your Music with JBL Tune 760NC wireless headset.\nJBL PURE BASS SOUND: For over 70 years, JBL has engineered the precise, impressive sound found in big venues around the world. These Bluetooth headphones reproduce that same JBL sound, punching out bass that’s both deep and powerful.\nUP TO 50 HOURS PLAYTIME: Listen wirelessly for up to 35 hours with Active Noise Cancellation or up to 50 hours without Noise Cancellation for long-lasting fun. Recharge the battery quickly in 2 hours or enjoy endlessly in wired mode using the detachable AUX cable provided.\nGOOGLE FAST PAIR: Thanks to Fast Pair enabled by Google, the JBL Tune 760NC are immediately connected to your Android device. You can also pair multiple devices just by tapping on the devices’ screen.\nDUAL PAIRING (MULTI-POINT CONNECTION): Allows you to effortlessly switch from one Bluetooth device to another. You can simply switch from a video on your tablet to a call on your mobile phone so that you’ll never miss a call.\n\n",
            "rating": 0.0,
            "price": 6000.0,
            "offer": 20.0,
            "type": "headphones",
            "brand": "jbl",
            "category": "electronics",
            "merchantId": 1248,
            "quantity": 10,
            "status": "ACTIVE",
            "thumbnailURL": "https://m.media-amazon.com/images/I/31K0TGXVovL._SX300_SY300_QL70_FMwebp_.jpg",
            "productImageURLs": [
                "https://m.media-amazon.com/images/I/51UFCmurtZL._SX522_.jpg",
                "https://m.media-amazon.com/images/I/619AhAz3GCL._SX522_.jpg",
                "https://m.media-amazon.com/images/I/61pXNw6JpLL._SX522_.jpg"
            ],
            "searchTags": [
                "Wireless",
                "Headphones",
                "JBL"
            ],
            "reviews": [
                
            ],
            "createdDateTime": "2023-09-13T12:48:22.31",
            "zoneId": "ALPHA"
        },
        {
            "productId": 79,
            "name": "Oneplus buds pro2",
            "title": "Oneplus buds",
            "description": "Brand\tOnePlus\nModel Name\tBuds Pro\nColour\tArbor Green\nForm Factor\tIn Ear\nConnectivity Technology\tWireless, Bluetooth\nAbout this item\nSeamless connectivity: Instantaneous pairing with OnePlus smartphone, as soon as you open the charging case lid. It also has Google Fast Pair that helps to connect any android phones easily. To use earbuds functions, please upgrade the Wireless Earphones APP or OnePlus Buds APP to the latest version from Google Play.\nSpatial audio: Enjoy Spatial Audio with Dynamic Head Tracking feature that helps you experience sounds on a whole new level. Co-created with Dynaudio: Helps you achieve optimal listening experience. Smart Scene Noise Cancellation2.0 : Up to 48dB Ultra-wide frequency noise cancellation system with personalized ANC\nWorry-free Battery Life: Up-to 40 Hours Battery with quick charging 10 minutes for 3 hours of use with ANC on. Full charged earbud: up to 6h(music playback; ANC ON); up to 9h(music playback; ANC Off). OnePlus Audio ID2.0 : Personalize your audio via simple listening test at first time setup. This unique hearing profile ID allows one to enjoy the most optimal listening experience best suited to him or her by compensating for mild hearing loss and related aural deficiencies.\nPowerful, Punchy Bass with clear vocals: Drop the bass and listen to clear vocals with dual 11mm + 6mm dual drivers, delivering a precisely boosted sound profile designed to move you.\n3Mic AI for better call and noise cancellation. IP55 Water, Dust and Sweat resistant.",
            "rating": 0.0,
            "price": 12000.0,
            "offer": 20.0,
            "type": "headphones",
            "brand": "oneplus",
            "category": "electronics",
            "merchantId": 1248,
            "quantity": 300,
            "status": "ACTIVE",
            "thumbnailURL": "https://m.media-amazon.com/images/I/512ch1TdARL._AC_UY218_.jpg",
            "productImageURLs": [
                "https://m.media-amazon.com/images/I/31AoPyLzIlL._SX38_SY50_CR,0,0,38,50_.jpg",
                "https://m.media-amazon.com/images/I/31v88QTDtBL._SX38_SY50_CR,0,0,38,50_.jpg",
                "https://m.media-amazon.com/images/I/41j8qTbSj3L._SX38_SY50_CR,0,0,38,50_.jpg",
                "https://m.media-amazon.com/images/I/31Z4B9CccRL._SX38_SY50_CR,0,0,38,50_.jpg"
            ],
            "searchTags": [
                "one plus buds",
                "pro",
                "oneplus",
                "buds",
                "earphone"
            ],
            "reviews": [
                
            ],
            "createdDateTime": "2023-09-13T12:48:27.139",
            "zoneId": "ALPHA"
        },
        {
            "productId": 80,
            "name": "Samsung Galaxy S23 Ultra 5G ",
            "title": "Samsung Galaxy S23 Ultra 5G (Phantom Black, 12GB, 256GB Storage)",
            "description": "Brand\tSamsung\nModel Name\tSamsung Galaxy S23 Ultra\nNetwork Service Provider\tUnlocked for All Carriers\nOperating System\tAndroid 13.0\nCellular Technology\t5G\nAbout this item\nMore innovation, less footprint – Galaxy S23 Ultra's striking symmetrical design returns with one major difference: recycled and eco-conscious materials. From the metal frame to the glass finish, it's polished with fresh new colors inspired by nature.\nNote's signature tool comes built in - The built-in S Pen keeps the legacy of Note alive. Plus, it helps you ditch the dependency on notebooks, making sketches and jotting notes effortless and eco-friendly.\nLow light. Camera. Action - A Pro-grade Camera grabs brighter photos and video, dusk to dawn. The intelligent pixel sensor adapts to low light with Nightography and the camera lens tones down flare for clearer captures\n200MP. Wow-worthy resolution - Resolution on the Wide-angle Camera has nearly doubled, delivering strikingly clear photos. Zoom and crop your shots for a whole new view —or leave it intact for brilliant detail, corner to corner.\nPower for those who don't pause - Your quest for epic mobile gaming is over. Snapdragon 8 Gen 2 Mobile Platform for Galaxy optimizes and streamlines your device for silky smooth games —without draining the battery",
            "rating": 0.0,
            "price": 120000.0,
            "offer": 25.0,
            "type": "mobile",
            "brand": "samsung",
            "category": "electronics",
            "merchantId": 1248,
            "quantity": 101,
            "status": "ACTIVE",
            "thumbnailURL": "https://m.media-amazon.com/images/I/61imYpK33qL._AC_UY327_FMwebp_QL65_.jpg",
            "productImageURLs": [
                "https://m.media-amazon.com/images/I/71vusMCOyuL._SL1500_.jpg",
                "https://m.media-amazon.com/images/I/6113mPTWiuL._SL1500_.jpg",
                "https://m.media-amazon.com/images/I/618zYbpweBL._SL1500_.jpg",
                "https://m.media-amazon.com/images/I/71Q7QmC1X1L._SL1500_.jpg",
                "https://m.media-amazon.com/images/I/61WI9sxW7gL._SL1500_.jpg"
            ],
            "searchTags": [
                " S23",
                "Samsung Galaxy ",
                "ultra",
                " 5G ",
                "S23 Ultra 5G ",
                "Samsung Galaxy S23 Ultra 5G ",
                "Samsung Galaxy S23",
                "samsung"
            ],
            "reviews": [
                
            ],
            "createdDateTime": "2023-09-13T12:48:38.359",
            "zoneId": "ALPHA"
        },
        {
            "productId": 81,
            "name": "tshirts",
            "title": "tshirts",
            "description": "Care Instructions: First Time Dry Clean followed by Hand wash\nFit Type: Slim Fit\nStyle Name:-Tee<br>\nModel Name:-Camo Box Tee<br>\nBrand Color:-Puma Black<br>\nMachine Wash as per the Tag<br>\nCollar Style: Round Collar; Fit Type: Regular Fit; Sport Type: Outdoor Lifestyle; Pattern Type: Solid",
            "rating": 4.3,
            "price": 1200.0,
            "offer": 25.0,
            "type": "men-tshirt",
            "brand": "puma",
            "category": "men",
            "merchantId": 1248,
            "quantity": 200,
            "status": "ACTIVE",
            "thumbnailURL": "https://m.media-amazon.com/images/S/al-eu-726f4d26-7fdb/999e75a7-dac2-47cf-a205-835b9bb18478._CR0,0,1200,628_SX430_QL70_.jpg",
            "productImageURLs": [
                "https://m.media-amazon.com/images/I/81ifH5TNI4L._UX569_.jpg",
                "https://m.media-amazon.com/images/I/51KQyRZYnJL._UX679_.jpg",
                "Care Instructions: First Time Dry Clean followed by Hand wash Fit Type: Slim Fit Style Name:-Tee<br> Model Name:-Camo Box Tee<br> Brand Color:-Puma Black<br> Machine Wash as per the Tag<br> Collar Style: Round Collar; Fit Type: Regular Fit; Sport Type: Outdoor Lifestyle; Pattern Type: Solid"
            ],
            "searchTags": [
                "branded",
                "men",
                "tshirts",
                "puma"
            ],
            "reviews": [
                {
                    "reviewId": 242,
                    "shopperId": 1549,
                    "shopperName": "Sagarika Patel",
                    "heading": "Men",
                    "description": "Nice producr",
                    "rating": 5.0,
                    "dateTime": "2023-09-21T13:21:45.831"
                },
                {
                    "reviewId": 1545,
                    "shopperId": 20087,
                    "shopperName": "shilpa",
                    "heading": "wowwwwwwwwwwwwwwwwwwwwwwwwwwwww",
                    "description": "ttttttttttttshirt",
                    "rating": 3.0,
                    "dateTime": "2023-12-06T14:52:26.762"
                },
                {
                    "reviewId": 2887,
                    "shopperId": 35059,
                    "shopperName": "pinga tingu",
                    "heading": "soooo beautiful soooo elegent ",
                    "description": "just looking like a wow ",
                    "rating": 5.0,
                    "dateTime": "2024-01-23T16:25:51.643"
                }
            ],
            "createdDateTime": "2023-09-13T12:48:41.206",
            "zoneId": "ALPHA"
        },
        {
            "productId": 82,
            "name": "footwares",
            "title": "nike shues",
            "description": "Sole: Rubber\nClosure: Lace-Up\nFit Type: Regular\nShoe Width: Medium\nIncreased Rubber On The Outsole Helps Deliver Traction And Durability\nAll nike products are meant to deliver high performance, durability and great comfort\nWarranty details: Contact seller for warranty",
            "rating": 0.0,
            "price": 500.0,
            "offer": 10.0,
            "type": "men-jogger-track-pant",
            "brand": "nike",
            "category": "men",
            "merchantId": 1248,
            "quantity": 100,
            "status": "ACTIVE",
            "thumbnailURL": "https://m.media-amazon.com/images/I/71uXQOHweEL._AC_UL400_.jpg",
            "productImageURLs": [
                "https://m.media-amazon.com/images/I/81whS8mKsQL._AC_UL400_.jpg",
                "https://m.media-amazon.com/images/G/31/img21/shoes/2023/SS23/Herotater_pc/men5._SX3000_QL85_FMpng_.png"
            ],
            "searchTags": [
                "branded",
                "men",
                "nike",
                "shues"
            ],
            "reviews": null,
            "createdDateTime": "2023-09-13T12:48:41.207",
            "zoneId": "ALPHA"
        },
        {
            "productId": 83,
            "name": "mobiles",
            "title": "mi note 12 pro",
            "description": "\nBrand\tRedmi\nModel Name\tRedmi Note 12 Pro\nNetwork Service Provider\tUnlocked for All Carriers\nOperating System\tAndroid 12.0\nCellular Technology\t5G\nAbout this item\n8 GB RAM | 256 GB ROM; 16.94 cm (6.67 inch) Full HD Display\nForm Factor: Smartphone",
            "rating": 5.0,
            "price": 20000.0,
            "offer": 40.0,
            "type": "mobile",
            "brand": "redmi",
            "category": "electronics",
            "merchantId": 1248,
            "quantity": 150,
            "status": "ACTIVE",
            "thumbnailURL": "https://m.media-amazon.com/images/I/51e9JczbZmL._AC_UY218_.jpg",
            "productImageURLs": [
                "https://m.media-amazon.com/images/I/61OLt2-s-QL._AC_UY218_.jpg"
            ],
            "searchTags": [
                "note 12",
                "5g",
                "pro",
                "12",
                "redmi"
            ],
            "reviews": [
                {
                    "reviewId": 2575,
                    "shopperId": 4355,
                    "shopperName": "abhishek badiger",
                    "heading": "efgrtfrgfdtfh",
                    "description": "frgethynh",
                    "rating": 5.0,
                    "dateTime": "2024-01-06T18:23:10.592"
                }
            ],
            "createdDateTime": "2023-09-13T12:48:41.207",
            "zoneId": "ALPHA"
        },
        {
            "productId": 84,
            "name": "watches",
            "title": "fastrac",
            "description": "Range of 4 dual tone designs | Full Touch Colour Display | 20 Unique Bandfaces\n24-hrs Real Time HR monitoring | Sleep Tracker | Music Control | Camera Control | Phone Finder | Breath (feature) | Idle Alert | Call and Social Media modifications\nExciting new Fastrack Reflex World App | Leaderboard and Community Engagement | Daily Tasks\n10+ Sports Mode | Outdoor Walk, Indoor Walk, Outdoor Running, Indoor Running, Hiking, Outdoor Cycling, Spinning, Elliptical Machine, Rowing, Yoga, HIIT, Other training modes\nWater Resistant IP68 | Up to 10-Days of Battery Life | Magnetic Charging Cable\n1-Year Warranty against Manufacturing Defects\nIdeal for birthday, anniversary and wedding gift\n",
            "rating": 0.0,
            "price": 5000.0,
            "offer": 30.0,
            "type": "watch",
            "brand": "fastrak",
            "category": "electronics",
            "merchantId": 1248,
            "quantity": 230,
            "status": "ACTIVE",
            "thumbnailURL": "https://m.media-amazon.com/images/I/61C3dyVDeVL._AC_UL400_.jpg",
            "productImageURLs": [
                "https://m.media-amazon.com/images/I/91xD1FEK-bL._AC_UL400_.jpg",
                "https://m.media-amazon.com/images/I/61u2Rr7tBRL._AC_UL400_.jpg",
                "https://m.media-amazon.com/images/I/71-i9q1lVPL._UX679_.jpg"
            ],
            "searchTags": [
                "smart",
                "fastrack",
                "watches"
            ],
            "reviews": null,
            "createdDateTime": "2023-09-13T12:48:41.208",
            "zoneId": "ALPHA"
        },
        {
            "productId": 85,
            "name": "mobile",
            "title": "oneplus nord 3",
            "description": "Camera: 64MP Main Camera with EIS; 2MP Depth Lens and 2MP Macro Lens; Front (Selfie) Camera: 16MP Sony IMX471\nCamera Features: AI scene enhancement, Dual-View Video, HDR, Night Portrait, Panorama Mode, Retouch Filters, 1080p video at 30 fps, SLO-MO: 720p video at 120 fps, TIME-LAPSE: 1080p video at 30 fps, Video editor, Face unlock, Screen flash, HDR, NIGHT, PORTRAIT, TIME-LAPSE, Retouch, Filters\nDisplay: 6.59 Inches; 120 Hz Refresh Rate; Support sRGB, Display P3; Resolution: 2412 x 1080 pixels 402ppi; Aspect Ratio: 20:9\nDisplay Features: Dark mode\nOperating System: Oxygen OS based on Android 12\nProcessor: Qualcomm Snapdragon 695 5G\nBattery & Charging: 5000 mAh with 33W SuperVOOC",
            "rating": 0.0,
            "price": 50000.0,
            "offer": 25.0,
            "type": "mobile",
            "brand": "oneplus",
            "category": "electronics",
            "merchantId": 1248,
            "quantity": 400,
            "status": "ACTIVE",
            "thumbnailURL": "https://m.media-amazon.com/images/I/61fDxgcyBDL._AC_UY218_.jpg",
            "productImageURLs": [
                "https://m.media-amazon.com/images/I/61mIUCd-37L._AC_UY218_.jpg",
                "https://m.media-amazon.com/images/I/71BoiXkrEmL._AC_UY218_.jpg"
            ],
            "searchTags": [
                "5g",
                "mobile",
                "plus",
                "one "
            ],
            "reviews": null,
            "createdDateTime": null,
            "zoneId": "ALPHA"
        },
        {
            "productId": 86,
            "name": "mascara",
            "title": "Maybelline New York Mascara, No Clumps, Transfer-proof, Volumizing, Falsies Lash Lift, Black, 8.6 ml",
            "description": "Colour\tBlack\nBrand\tMaybelline\nCoverage\tFull\nProduct Benefits\tVolume,Lifting,Thickening\nSkin Tone\tAll\nItem Dimensions LxWxH\t18 x 18 x 126 Millimeters\nItem Weight\t8.6 Grams\nPackage Information\tBottle\nPackage Type\tBottle\nNet Quantity\t8.6 gram",
            "rating": 0.0,
            "price": 485.0,
            "offer": 8.0,
            "type": "",
            "brand": "maybelline",
            "category": "beauty",
            "merchantId": 1248,
            "quantity": 100,
            "status": "ACTIVE",
            "thumbnailURL": "Maybelline New York Mascara, No Clumps, Transfer-proof, Volumizing, Falsies Lash Lift, Black, 8.6 ml",
            "productImageURLs": [
                "new york",
                "https://m.media-amazon.com/images/I/51czPXUTj1L._SX522_.jpg"
            ],
            "searchTags": [
                "volumizing",
                "falsise",
                "maybelline",
                "mascara"
            ],
            "reviews": null,
            "createdDateTime": "2023-09-13T12:50:32.714",
            "zoneId": "ALPHA"
        },
        {
            "productId": 87,
            "name": "handbag",
            "title": "mirragio",
            "description": "Care Instructions: Faux Leather\nFit Type: regular\nTRENDY AND STYLISH, LATEST HANDBAGS FOR WOMEN: Set yourself a class apart and inspire the rest by carrying this women's tote bag from Miraggio. To stay ahead of the fashion pack, this Denice Tote is a must-have for your formal/office looks. Designed specially to serve the needs of working-class women. Inspired by and made for the quintessential Modern Woman!\nSPACIOUS HANDBAG: Denice Tote Bag comes with 1 Main Compartment, 2 mobile/card pockets, and 1 zip pocket. This tote has space that fits your essentials easily like laptop/tablet, makeup pouch, phone & charger, tit-bits, sipper etc. Assured to hold your belongings safe with a dog hoop loop closure. It features 2 handles attached with metal loops to provide easy grip.\nYOUR TAKE EVRYWHERE TOTE: Roomy enough for all travel must-haves and more. The bag’s square shape affords plenty of room. It comes in three classic colors with contrasting trims. Versatile, it has both a top handle and a long shoulder strap, this functional carryall offers multiple carry styles.\nPREMIUM QUALITY HANDBAG FOR WOMEN: Crafted from signature - Faux leather comes with quality and durability. This classic tote comes with 2 handles and a detachable & Adjustable crossbody strap, making it a multi-purpose bag. Carry it as a top-handle bag, or even utilize the adjustable strap to use it as a shoulder bag or even crossbody.\nSIZE & UTILITY: This tote bag for women can be used as a top handle bag or crossbody bag. Size: Length: 37cm, Height: 29cm, Depth: 15cm. The approximately 69cm long strap is suitable for most adults",
            "rating": 5.0,
            "price": 3799.0,
            "offer": 20.0,
            "type": "",
            "brand": "mirragio",
            "category": "women",
            "merchantId": 1248,
            "quantity": 60,
            "status": "ACTIVE",
            "thumbnailURL": "https://m.media-amazon.com/images/I/61Off49IP0L._AC_UL600_FMwebp_QL65_.jpg",
            "productImageURLs": [
                "https://m.media-amazon.com/images/I/61kjpuhliIL._UX679_.jpg",
                "https://m.media-amazon.com/images/I/71oQWU66CeL._UX679_.jpg",
                "https://m.media-amazon.com/images/I/61tN+VYEG+L._UX679_.jpg",
                "https://m.media-amazon.com/images/I/81hpH8vAQWL._UX679_.jpg"
            ],
            "searchTags": [
                "accessories",
                "women handbags",
                "laptop bags ",
                "mirragio",
                "handbags",
                "bags"
            ],
            "reviews": [
                {
                    "reviewId": 51,
                    "shopperId": 902,
                    "shopperName": "Pragathi vish",
                    "heading": "awesome",
                    "description": "product is very nice everyone should buy this",
                    "rating": 5.0,
                    "dateTime": "2023-09-14T10:37:06.404"
                }
            ],
            "createdDateTime": "2023-09-13T12:50:45.092",
            "zoneId": "ALPHA"
        },
        {
            "productId": 88,
            "name": "dress",
            "title": "Apple Group Latest Fancy Stylish Baby Girls Pista Green Crop Top Pure Viscos Cotton with Flower Printed Design Skirts",
            "description": "Care Instructions: Dry Clean Only\nFit Type: Regular\nLatest Fancy Stylish Baby Girls Crop Top Pure Viscos Cotton With Flower Printed Design Skirts\nContent : 1 Tops + 1 Skits\nTrendy Girls Frocks & Dresses\nIts Pure VIscos Rayon Tops And Skirts Organza Floral Printed With Attractive Beautifual Looks\nThe dresses are perfect for a photo shoot, wedding outfit, flower girl outfit, birthday or half birthdays outfits, or casual every\n",
            "rating": 0.0,
            "price": 700.0,
            "offer": 20.0,
            "type": "girls-top",
            "brand": "apple group ",
            "category": "kids",
            "merchantId": 1248,
            "quantity": 200,
            "status": "ACTIVE",
            "thumbnailURL": "https://m.media-amazon.com/images/I/61V7SXh2qKL._UX679_.jpg",
            "productImageURLs": [
                "https://m.media-amazon.com/images/I/716P7uthXcL._SR38,50_.jpg",
                "https://m.media-amazon.com/images/I/613xuLwrSmL._SR38,50_.jpg",
                "https://m.media-amazon.com/images/I/51pXI2EOk9L._SR38,50_.jpg"
            ],
            "searchTags": [
                "skirt",
                "kids cloth",
                "dress",
                "girl dress",
                "kids girl dress"
            ],
            "reviews": [
                {
                    "reviewId": 6607,
                    "shopperId": 8317,
                    "shopperName": "arun kumar",
                    "heading": "apple skirt",
                    "description": "good",
                    "rating": 0.0,
                    "dateTime": "2024-04-22T10:05:19.547"
                }
            ],
            "createdDateTime": "2023-09-13T12:51:11.564",
            "zoneId": "ALPHA"
        },
        {
            "productId": 89,
            "name": "hanging light",
            "title": "Homesake Home Decor Hanging Light, Pendant Ceiling Lights for Home Decoration, Home Decor Items for Living Room, Wall Lights- (Golden),Corded Electric",
            "description": "Brand\tHomesake\nColour\tBLACK\nMaterial\tOthers\nStyle\tRetro\nLight fixture form\tPendant\nRoom Type\tLiving Room, Bedroom\nProduct Dimensions\t64.8L x 64.8W x 390H Centimeters\nSpecific Uses For Product\tHome\nIndoor/Outdoor Usage\tIndoor\nPower Source\tElectric\nSee more\nAbout this item\nCLASSIC DESIGN: Illuminate your dining room or living room with this striking cluster pendant features three graduated Antique Golden Orb Moroccan lights suspended from a round plate on black-finished rods artfully displayed at different heights.\nA CONVENIENT INSTALLATION PACK: Pendant Light comes with everything you need to install (canopy, a black cord with metal base cap.) Around 15 minutes is enough to get the job done!\nSPECIFICATION: This hanging pendant fixture comes fitted with an E27 Edison Vintage bulbs (BULBS NOT INCLUDED) and features a 40 inch fully adjustable cord, allowing you to customize the fixture to your lighting needs and desired look and a canopy for the ceiling\nDIMENSION: Weight - 2700 gram, Dimension - 25.5x25.5x153.5 cm. DECORATION: Best suited for Dining Room, Bedroom, Living Room, Bar, Restaurants, Study Room, Aisle, Corridor, Coffee Shop.\nMade in India and Exclusively Hand-crafted: All our products are designed and manufactured by our skilled artisans using indigenous techniques in India, sustainably and with locally procured material.\n›",
            "rating": 0.0,
            "price": 6000.0,
            "offer": 50.0,
            "type": "electronic-accessories",
            "brand": "homesake home decor",
            "category": "electronics",
            "merchantId": 1248,
            "quantity": 210,
            "status": "ACTIVE",
            "thumbnailURL": "https://m.media-amazon.com/images/I/81-6gC6NBtL._SX679_.jpg",
            "productImageURLs": [
                "https://m.media-amazon.com/images/I/41HGusQwnPL._SX38_SY50_CR,0,0,38,50_.jpg",
                "https://m.media-amazon.com/images/I/41wZjiw51nL._SX38_SY50_CR,0,0,38,50_.jpg",
                "https://m.media-amazon.com/images/I/51o4f2Tl05L._SX38_SY50_CR,0,0,38,50_.jpg"
            ],
            "searchTags": [
                "home decor",
                "decor",
                "light",
                "hanging light"
            ],
            "reviews": null,
            "createdDateTime": "2023-09-13T12:51:11.565",
            "zoneId": "ALPHA"
        },
        {
            "productId": 91,
            "name": "Study Table",
            "title": "Table",
            "description": "Brand\tPRIVILON GLOBAL\nShape\tRectangular\nStyle\tBLACK\nAbout this item\nSCIENTIFIC DESIGN?- The foldable sofa breakfast Tray is made of MDF while the legs are made of steel with powder coated finished, more strong and sturdy,curved ergonomic tabletop designed for sitting.This table will last for a lifetime and will remain corrosion-free. The steel feet are covered with black sponge for good anti-slip effect.\nPORTABLE?- Light but sturdy, folds flat for space-saving storage and portability, you can storage it at the back you sofa. you can easily carry it around and use it to work from anywhere indoor or take it to outdoor.\nLARGE BED TRAY?- The size of this laptop desk is :23??x16? ,17 inch laptop is a piece a cake. Enough room for you to place large size laptop or books when you struggles in the homework, and desktop card slot and cup slot design make it easy to place on your phone, iPad, books and cups.\nWORRY-FREE?- No assembly required, it is ready to go right out of the box! Feel free to reach to our customer service if you have any trouble with this product, your satisfaction is our priority.\nPRACTIAL GIFT FOR THE PERSON YOU LOVE?- Pre-assembled and carefree,no assembly required, it's ready to go out of the box!The versatile laptop bed tray is perfect for working, gaming, reading, eating and school laptop tables from comfortable beds, sofas.",
            "rating": 0.0,
            "price": 750.0,
            "offer": 50.0,
            "type": "",
            "brand": "vi",
            "category": "kids",
            "merchantId": 1248,
            "quantity": 90,
            "status": "ACTIVE",
            "thumbnailURL": "https://www.amazon.in/sspa/click?ie=UTF8&spc=MTo2MTAxNDQyMDM3OTM4NjIwOjE2OTQ1ODk1MDY6c3BfYXRmOjMwMDA0ODcwODMxNTUzMjo6MDo6&url=%2FPRIVILON-GLOBAL-Writing-Folding-Multipurpose%2Fdp%2FB0CH3R1YNK%2Fref%3Dsr_1_1_sspa%3Fkeywords%3Dstudy%2Btable%26qid%3D1694589506%26sr%3D8-1-spons%26sp_csd%3Dd2lkZ2V0TmFtZT1zcF9hdGY%26psc%3D1",
            "productImageURLs": [
                "https://m.media-amazon.com/images/I/31rmGlt3UrL.jpg",
                "https://m.media-amazon.com/images/I/61nmCAKrEAL._SL1284_.jpg",
                "https://m.media-amazon.com/images/I/41gVkFwVg2L.jpg",
                "https://m.media-amazon.com/images/I/41zQzySe+9L.jpg",
                "https://m.media-amazon.com/images/I/51unq20UHjL.jpg"
            ],
            "searchTags": [
                "small study table",
                "Study table",
                "Table"
            ],
            "reviews": null,
            "createdDateTime": "2023-09-13T12:51:36.453",
            "zoneId": "ALPHA"
        },
        {
            "productId": 92,
            "name": "Fashion",
            "title": "foot wear",
            "description": "Product Dimensions ‏ : ‎ 28 x 13.5 x 10 cm; 760 Grams\nDate First Available ‏ : ‎ 26 May 2023\nManufacturer ‏ : ‎ Huma Enterprise\nASIN ‏ : ‎ B0C6FWM5S3\nItem model number ‏ : ‎ 5618219\nCountry of Origin ‏ : ‎ India\nDepartment ‏ : ‎ womens\nManufacturer ‏ : ‎ Huma Enterprise, Huma Enterprise\nPacker ‏ : ‎ Huma Enterprise\nItem Weight ‏ : ‎ 760 g\nItem Dimensions LxWxH ‏ : ‎ 28 x 13.5 x 10 Centimeters\nGeneric Name ‏ : ‎ Sandal",
            "rating": 2.5,
            "price": 629.0,
            "offer": 12.0,
            "type": "women-ethnic-wear",
            "brand": "bata",
            "category": "women",
            "merchantId": 1248,
            "quantity": 50,
            "status": "ACTIVE",
            "thumbnailURL": "https://m.media-amazon.com/images/I/51mRKgQrb3L._UY695_.jpg",
            "productImageURLs": [
                "https://m.media-amazon.com/images/I/51Wnn3IVbxL._UY695_.jpg",
                "https://m.media-amazon.com/images/I/61yVSPuKXBL._UY695_.jpg",
                "https://m.media-amazon.com/images/I/51vkgKcfWxL._UY695_.jpg",
                "https://m.media-amazon.com/images/I/51zkytsFvSL._UY695_.jpg"
            ],
            "searchTags": [
                "Women's ",
                "BATA ",
                "BATA Women's ",
                "BATA Women's Sandal",
                "Sandal",
                "BATA Women's June Sandal"
            ],
            "reviews": [
                {
                    "reviewId": 861,
                    "shopperId": 218,
                    "shopperName": "Sheebha",
                    "heading": "Great Product",
                    "description": "Perfect fit and comfortable.easy to walk",
                    "rating": 4.5,
                    "dateTime": "2023-11-03T09:17:30.159"
                },
                {
                    "reviewId": 1774,
                    "shopperId": 24643,
                    "shopperName": "Ashok Guntnur",
                    "heading": "good product",
                    "description": "comfortable",
                    "rating": 3.0,
                    "dateTime": "2023-12-25T08:53:50.909"
                },
                {
                    "reviewId": 2551,
                    "shopperId": 21498,
                    "shopperName": "Chinmayee",
                    "heading": "Nice",
                    "description": "Good quality cloth.",
                    "rating": 3.0,
                    "dateTime": "2024-01-05T20:19:35.503"
                }
            ],
            "createdDateTime": "2023-09-13T12:52:30.532",
            "zoneId": "ALPHA"
        },
        {
            "productId": 93,
            "name": "BRACELET",
            "title": "GIVA 925",
            "description": "About this item\nPRODUCT DETAILS: The AAA+ Zircon embellished bracelet is made up of 925 sterling silver with stamp. Adjustable upto 2.30 inch with lobster clasp, this bracelet is anti tarnish with rhodium e-coating.\nPACKAGING & CARE INSTRUCTIONS : The bracelet comes in a cute GIVA jewellery box along with GIVA jewellery kit which includes a soft cleaning cloth for jewellery care. Wipe your jewellery with the soft cloth after every use, store it in a flat box to avoid accidental scratches. Keep sprays and perfumes away from your jewellery, do not soak it in water\nWARRANTY: GIVA offers a manufacturer's warranty* that covers the replacement of your GIVA Jewellery for 6 months from the date of purchase & Free Lifetime Plating Service . Providing the original invoice is mandatory. *T&C apply, detailed T&C available on our website\nABOUT GIVA: GIVA is all about YOU. A one stop shop for the trendiest silver jewellery, our intent is to bring you something personal to express yourself the best!\nCERTIFICATION: All our jewellery is 925 Stamped and comes with an Authenticity Certificate",
            "rating": 0.0,
            "price": 5000.0,
            "offer": 16.0,
            "type": "foundation",
            "brand": "giva",
            "category": "beauty",
            "merchantId": 1248,
            "quantity": 4000,
            "status": "ACTIVE",
            "thumbnailURL": "https://m.media-amazon.com/images/I/617MBdR-KiL._UY695_.jpg",
            "productImageURLs": [
                "https://m.media-amazon.com/images/I/617MBdR-KiL._UY695_.jpg"
            ],
            "searchTags": [
                "BRACELET",
                "WOMEN",
                "SILVER"
            ],
            "reviews": [
                
            ],
            "createdDateTime": "2023-09-13T12:52:40.71",
            "zoneId": "ALPHA"
        },
        {
            "productId": 94,
            "name": "recliners",
            "title": "home and living",
            "description": "Material: Fabric\n3 Reclining Positions\nFilling Material: Foam, Polyfill\nW x H x D: 96 cm x 98 cm x 95 cm (3 ft 1 in x 3 ft 2 in x 3 ft 1 in)\nDelivery Condition: DIY - Basic assembly to be done with simple tools by the customer, comes with instructions.\nEasy Payment Options\nNo cost EMI starting from ₹1,458/month\nCash on Delivery\nNet banking & Credit/ Debit/ ATM card\nView Details\nWarranty\n1 Year manufacturer Warranty on the Product",
            "rating": 0.0,
            "price": 27999.0,
            "offer": 12.0,
            "type": "",
            "brand": "jordyblue",
            "category": "electronics",
            "merchantId": 1248,
            "quantity": 40,
            "status": "ACTIVE",
            "thumbnailURL": "https://rukminim2.flixcart.com/image/612/612/xif0q/recliner/d/p/d/-original-imagt79p7jvfsjhr.jpeg?q=70",
            "productImageURLs": [
                "https://rukminim2.flixcart.com/image/416/416/xif0q/recliner/3/a/m/95-1-seater-desert-orange-micro-suede-96-avalonrecmansueor1s-original-imagqgn52vhsfysg.jpeg?q=70",
                "https://rukminim2.flixcart.com/image/416/416/xif0q/recliner/i/y/i/95-1-seater-desert-orange-micro-suede-96-avalonrecmansueor1s-original-imagqgn5ddzcnt8e.jpeg?q=70",
                "https://rukminim2.flixcart.com/image/416/416/xif0q/recliner/1/h/p/95-1-seater-desert-orange-micro-suede-96-avalonrecmansueor1s-original-imagqgn5zmywbsvv.jpeg?q=70",
                "https://rukminim2.flixcart.com/image/416/416/xif0q/recliner/y/i/n/95-1-seater-desert-orange-micro-suede-96-avalonrecmansueor1s-original-imagqgn52zy335q7.jpeg?q=70"
            ],
            "searchTags": [
                "comforter",
                "sofas",
                "recliners",
                "chairs"
            ],
            "reviews": null,
            "createdDateTime": "2023-09-13T12:53:22.9",
            "zoneId": "ALPHA"
        },
        {
            "productId": 95,
            "name": "shoes",
            "title": "adidas shoes",
            "description": "Closure: Lace-Up\nFit Type: Regular\nShoe Width: Medium\nUpper Material: Synthetic; Insole: Comfort Insole\nColor: Creblu/amblus\nAnkle Height: Regular\nArch Type: Medium\nPackage Contents: Womens Running Shoes\n",
            "rating": 0.0,
            "price": 1500.0,
            "offer": 0.0,
            "type": "electronic-accessories",
            "brand": "adidas",
            "category": "electronics",
            "merchantId": 1248,
            "quantity": 1,
            "status": "ACTIVE",
            "thumbnailURL": "Adidas Womens Contemx W Running Shoe",
            "productImageURLs": [
                "https://m.media-amazon.com/images/I/81RljlORH6L._UX695_.jpg"
            ],
            "searchTags": [
                "running"
            ],
            "reviews": [
                {
                    "reviewId": 2539,
                    "shopperId": 26243,
                    "shopperName": "Smitha",
                    "heading": "Review",
                    "description": "It is a good product",
                    "rating": 5.0,
                    "dateTime": "2024-01-05T20:04:41.585"
                }
            ],
            "createdDateTime": "2023-09-13T12:54:12.31",
            "zoneId": "ALPHA"
        },
        {
            "productId": 96,
            "name": "DIMOND RING",
            "title": "14KT",
            "description": "This Beautiful Piece of Ring is crafted in Real Diamond & 14KT gold.;IGI Certified Diamond Jewellery with BIS Hallmarked Gold.; Gold Weight - 0.79G , Diamond Weight - 0.01CT & No of Diamonds - 1;The Ring Size is - 14\nTrust of Kisna: Easy Exchange & Buyback with Life Time Warranty.;Images shown are zoomed in for better view. Product will be of specified size.\nDepartment Name: Womens; Color Name: Yellow Gold",
            "rating": 0.0,
            "price": 1000.0,
            "offer": 59.0,
            "type": "",
            "brand": "kisna",
            "category": "women",
            "merchantId": 1248,
            "quantity": 100,
            "status": "ACTIVE",
            "thumbnailURL": "https://m.media-amazon.com/images/I/51eJZ3rcPiL._UL1200_.jpg",
            "productImageURLs": [
                "https://m.media-amazon.com/images/I/41c0tFDEXZL._UL1200_.jpg",
                "https://m.media-amazon.com/images/I/41AgHsOU+DL.jpg",
                "https://m.media-amazon.com/images/I/51eJZ3rcPiL._UL1200_.jpg"
            ],
            "searchTags": [
                "KISNA DIMOND",
                "DIMOND",
                "DIMOND RING",
                "RING"
            ],
            "reviews": null,
            "createdDateTime": "2023-09-13T12:54:17.435",
            "zoneId": "ALPHA"
        },
        {
            "productId": 97,
            "name": "laptop carrier",
            "title": "sky bags",
            "description": "Size: 13 inch/13.3 inch\nsky bags Waterproof shockproof laptop shoulder bag is light and easy to carry\nSay Goodbye to dull color laptop bag,our special patten laptop bag make you unique\nMade of high quality canvas and thick metal zipper puller,metal buckle.Our bag is strong and durable to use\nEach side have a big pocket can hide handle and hold mouse,power,mobile device and so on\nDimensions: 420mm x 300mm x 25mm (LxWxH) can hold 14 inch 15 inch 15.6 inch laptop",
            "rating": 0.0,
            "price": 499.0,
            "offer": 15.0,
            "type": "",
            "brand": "sky bags",
            "category": "women",
            "merchantId": 1248,
            "quantity": 213,
            "status": "ACTIVE",
            "thumbnailURL": "https://m.media-amazon.com/images/I/71pqcSJLwvL._AC_SX425_.jpg",
            "productImageURLs": [
                "https://m.media-amazon.com/images/I/51helCojo+L._AC_US40_.jpg",
                "https://m.media-amazon.com/images/I/51DCTF5rp2L._AC_US40_.jpg",
                "https://m.media-amazon.com/images/I/711YehaWMIL._AC_SX522_.jpg",
                "https://m.media-amazon.com/images/I/51eD-YeWsLL._AC_US40_.jpg",
                "https://m.media-amazon.com/images/I/71+w7myWGrL._AC_SX425_.jpg"
            ],
            "searchTags": [
                "laptop bag",
                "bag",
                "carrier",
                "sky bags",
                "laptop carrier"
            ],
            "reviews": null,
            "createdDateTime": "2023-09-13T12:55:06.056",
            "zoneId": "ALPHA"
        },
        {
            "productId": 98,
            "name": "Nord 2 Lite",
            "title": "Nord Lite",
            "description": "Brand\tOnePlus\nModel Name\tOnePlus Nord 3 5G\nNetwork Service Provider\tUnlocked for All Carriers\nOperating System\tOxygenOS\nCellular Technology\t5G\n\nAbout this item\nCamera: 50MP Main Camera with Sony IMX890 (OIS supported), 8MP Ultrawide Camera with Sony IMX355 (FOV: 112 degree) and 2MP Macro lens f/2.4 and a FOV 89°; 16MP Front (Selfie) Camera with EIS supported\nCamera Features: Photo, Video, Night, Portrait, PANO, TIME-LAPSE, and Dual-view video\nDisplay: 6.74 Inches; 120 Hz AMOLED FHD+ Display with Corning Gorilla Glass Victus; Resolution: 2772 X 1240 pixels; HDR 10+, sRGB, 10-bit Color Depth, PWM + DC dimming\nOperating System: OxygenOS based on Android 13.1\nProcessor: MediaTek Dimensity 9000 Chipset (Based 4nm Architecture)",
            "rating": 0.0,
            "price": 35000.0,
            "offer": 25.0,
            "type": "mobile",
            "brand": "oneplus",
            "category": "electronics",
            "merchantId": 1248,
            "quantity": 10,
            "status": "ACTIVE",
            "thumbnailURL": "https://m.media-amazon.com/images/I/6116+vSW+1L._SX569_.jpg",
            "productImageURLs": [
                "https://m.media-amazon.com/images/I/71I5duZdx8L._SX679_.jpg",
                "https://m.media-amazon.com/images/I/51opW+tODpL._SY741_.jpg",
                "https://m.media-amazon.com/images/I/617teP7wQsL._SY741_.jpg"
            ],
            "searchTags": [
                "Mobile",
                "Lite",
                "Nord",
                "Oneplus"
            ],
            "reviews": null,
            "createdDateTime": "2023-09-13T12:55:32.288",
            "zoneId": "ALPHA"
        },
        {
            "productId": 99,
            "name": "TV",
            "title": "Sony Bravia 139 cm (55 inches) ",
            "description": "Eligible for Free Open Box Inspection Details \nScreen Size\t55 Inches\nBrand\tSony\nSupported Internet Services\tNetflix, Amazon Prime Video, Disney+ Hotstar, Sony Liv, Zee5, Voot, Hoichoi & many More\nDisplay Technology\tLED\nProduct Dimensions\t8.4D x 124.3W x 72.9H Centimeters\nResolution\t4K\nRefresh Rate\t60 Hz\nSpecial Feature\tGoogle TV | Watchlist | Voice Search | Google Play | Chromecast | Netflix | Amazon Prime Video | Additional Features: Apple Airplay | Apple Homekit | AlexaGoogle TV | Watchlist | Voice Search | Google Play | Chromecast | Netflix | Amazon Prime Video | Additional Features: Apple Airplay | Apple Homekit | Alexa\nModel Name\tKD-55X74K\nIncluded Components\t1 LED TV, 1 Warranty Card, 1 AC Power Cord, 1 Remote Control, 1 Table-Top Stand, 1 User Manual, 2 AAA Batteries1 LED TV, 1 Warranty Card, 1 AC Power Cord, 1 Remote Control, 1 Table-Top Stand, 1 User Manual, 2 AAA Batteries\nAbout this item\nResolution: 4K Ultra HD (3840 x 2160) | Refresh Rate: 60 Hertz | 178 Degree wide viewing angle\nConnectivity: 3 HDMI ports to connect set top box, Blu Ray players, gaming console | 2 USB ports to connect hard drives and other USB devices\nSound : 20 Watts Output | Open Baffle Speaker| Dolby Audio | Clear Phase\nSmart TV Features: Google TV | Watchlist | Voice Search | Google Play | Chromecast | Netflix | Amazon Prime Video | Additional Features: Apple Airplay | Apple Homekit |Alexa\nDisplay: X1 4K Processor | 4K HDR | Live Colour| 4K X Reality Pro | Motion Flow XR100\nWarranty Information: 1 year warranty provided by the manufacture from the date of purchase\nInstallation: Brand will contact for installation for this product once delivered. Contact Sony for assistance (Please visit brand website for toll free numbers) and provide product's model name and seller's details mentioned on your invoice. The service center will allot you a convenient slot for the service\nEasy returns: This product is eligible for replacement within 10 days of delivery in case of any product defects, damage or features not matching the description provided\n› See more product details",
            "rating": 0.0,
            "price": 56990.0,
            "offer": 43.0,
            "type": "electronic-accessories",
            "brand": "sony",
            "category": "electronics",
            "merchantId": 1248,
            "quantity": 150,
            "status": "ACTIVE",
            "thumbnailURL": "https://m.media-amazon.com/images/I/51uVckL1jRL._SY300_SX300_QL70_FMwebp_.jpg",
            "productImageURLs": [
                "https://m.media-amazon.com/images/G/31/HomeCustomProduct/360_icon_73x73v2._CB485971317_SS40_FMpng_RI_.png",
                "https://m.media-amazon.com/images/I/31P2mPdIi+L._SS40_.jpg",
                "https://m.media-amazon.com/images/I/51C5Z4xNLKL._SS40_.jpg",
                "https://m.media-amazon.com/images/I/51oolP5uTZL.SS40_BG85,85,85_BR-120_PKdp-play-icon-overlay__.jpg"
            ],
            "searchTags": [
                "55 inches",
                "sony",
                "TV"
            ],
            "reviews": null,
            "createdDateTime": "2023-09-13T12:55:34.83",
            "zoneId": "ALPHA"
        },
        {
            "productId": 100,
            "name": "boat headphones",
            "title": "boat rockerz 450",
            "description": "Playback- It provides a massive battery backup of upto 15 hours for a superior playback time. Charging Time : 3 Hours\nDrivers- Its 40mm dynamic drivers help pump out immersive HD audio all day long.\nEarcushions- It has been ergonomically designed and structured as an on-ear headphone to provide the best user experience with its comfortable padded earcushions and lightweight design\nControls- You can control your music without hiccups using the easy access controls, communicate seamlessly using the built-in mic, access voice assistant and always stay in the zone\nDual Modes- One can connect to boAt Rockerz 450 via not one but two modes, Bluetooth as well as AUX\n1 year warranty from the date of purchase",
            "rating": 0.0,
            "price": 1459.0,
            "offer": 30.0,
            "type": "headphones",
            "brand": "boat",
            "category": "electronics",
            "merchantId": 1248,
            "quantity": 200,
            "status": "ACTIVE",
            "thumbnailURL": "https://m.media-amazon.com/images/I/51xxA+6E+xL._AC_UY327_FMwebp_QL65_.jpg",
            "productImageURLs": [
                "https://m.media-amazon.com/images/I/710JwD0MP5L._SX679_.jpg",
                "https://m.media-amazon.com/images/I/71-bbXujTLL._SX679_.jpg",
                "https://m.media-amazon.com/images/I/71QDnQWrVNL._SX679_.jpg"
            ],
            "searchTags": [
                "bluetooth",
                "450",
                "rockers",
                "boat",
                "headphones"
            ],
            "reviews": null,
            "createdDateTime": "2023-09-13T12:56:33.146",
            "zoneId": "ALPHA"
        },
        {
            "productId": 101,
            "name": "Victoria's Secret Bombshell Eau De Parfum ",
            "title": "Victoria's secret perfume",
            "description": "\nBrand\tVictoria's Secret\nItem Form\tSpray\nItem Volume\t1.7 Fluid Ounces\nScent\tFresh\nSpecial Feature\tTravel Size\n",
            "rating": 0.0,
            "price": 12000.0,
            "offer": 2.0,
            "type": "",
            "brand": "victoria's secret",
            "category": "beauty",
            "merchantId": 1248,
            "quantity": 5,
            "status": "ACTIVE",
            "thumbnailURL": "https://m.media-amazon.com/images/I/616AIB+F44L._AC_UL320_.jpg",
            "productImageURLs": [
                "https://m.media-amazon.com/images/I/81N5oJKRGtL._SX522_.jpg",
                "https://m.media-amazon.com/images/I/51Uh66HmlxL._SY679_.jpg",
                "https://m.media-amazon.com/images/I/61S6hE2xBuL._SX522_.jpg",
                "https://m.media-amazon.com/images/I/616AIB+F44L._SY679_.jpg"
            ],
            "searchTags": [
                "fragrance",
                "victoria's secret bombshell",
                "bombshell",
                "victoria's secret",
                "parfum",
                "perfume"
            ],
            "reviews": [
                
            ],
            "createdDateTime": "2023-09-13T12:56:35.947",
            "zoneId": "ALPHA"
        },
        {
            "productId": 102,
            "name": "Kids game",
            "title": "Building Blocks for Kids",
            "description": "Brand\tFunBlast\nMinimum Manufacturer Age Recommended\t36.00\nMaterial\tPlastic\nColour\tMulti color\nEducational Objective\tCreative Thinking, Construction Skills, Hand Eye Coordination, Shapes & Color Recognition\nAbout this item\nLittle kids love things bright and colorful. They are easily attracted to them. Colorful Learning Blocks set to make your little one playtime educational yet fun\nA Bag Building Blocks for Kids comes in a zippered packet with a handle, which makes it very convenient to store the blocks and carry them from one place to another\nSkillset: Motor Skill, Mental Exercise, Observed Coordination, Communication skills\nRecommended Age - 3+ Year, Comes with16 Pcs of Movable Wheel\nBuilding Blocks Including 16 Pcs of Movable Wheel",
            "rating": 2.0,
            "price": 350.0,
            "offer": 40.0,
            "type": "",
            "brand": "funblast",
            "category": "kids",
            "merchantId": 1248,
            "quantity": 75,
            "status": "ACTIVE",
            "thumbnailURL": "https://m.media-amazon.com/images/I/61SeR-B5XlL._AC_SR180,120_QL70_.jpg",
            "productImageURLs": [
                "https://m.media-amazon.com/images/I/41NFiYjK6yL.jpg",
                "https://m.media-amazon.com/images/I/51wMDaQ31LL._SL1182_.jpg",
                "https://m.media-amazon.com/images/I/61SeR-B5XlL._SL1280_.jpg"
            ],
            "searchTags": [
                "Building Blocks for Kids with Wheel",
                "FunBlast",
                "Kids"
            ],
            "reviews": [
                {
                    "reviewId": 2844,
                    "shopperId": 32632,
                    "shopperName": "SHWETA",
                    "heading": "BEST PRODUCT",
                    "description": "BEST",
                    "rating": 2.0,
                    "dateTime": "2024-01-18T14:49:05.663"
                }
            ],
            "createdDateTime": "2023-09-13T12:56:43.115",
            "zoneId": "ALPHA"
        },
        {
            "productId": 103,
            "name": "Elica 60 cm 1425 m3",
            "title": "Elica 60 cm 1425 m3/hr Autoclean Kitchen Chimney with 15 Years Warranty (WD TBF HAC 60 MS NERO, 2 Baffle Filters, Touch + Motion Sensor Control, Black)",
            "description": "\nBrand\tElica\nProduct Dimensions\t53.6D x 60W x 48H Centimeters\nColour\tBlack\nSpecial Feature\tTouch + Motion Sensor Control, Autoclean\nFinish Type\tchristmas\nAbout this item\nSize: 60 cm (2-4 burner stove for wall mounted kitchen chimneys)\nSuction Capacity: 1425 m3/hr (For kitchen size >200 sqft & heavy frying/grilling)\nWarranty by Elica: 15 Years Warranty on Motor w.e.f. 1st June'23 and 2 Years Comprehensive Warranty w.e.f. 1st March'23.\nType: Curved Glass, Wall Mounted | Autoclean | Colour: Black\nControl Type: Touch + Motion Sensor Control | Max noise(dB): 58\n",
            "rating": 0.0,
            "price": 13250.0,
            "offer": 55.0,
            "type": "electronic-accessories",
            "brand": "elica ",
            "category": "electronics",
            "merchantId": 1248,
            "quantity": 100,
            "status": "ACTIVE",
            "thumbnailURL": "https://m.media-amazon.com/images/I/31Nzic35AmL._SX38_SY50_CR,0,0,38,50_.jpg",
            "productImageURLs": [
                "https://m.media-amazon.com/images/I/41cF7MPHjYL._SX38_SY50_CR,0,0,38,50_.jpg",
                "https://m.media-amazon.com/images/I/41HzVa6zmrL._SX38_SY50_CR,0,0,38,50_.jpg",
                "https://m.media-amazon.com/images/I/51Dsbl4YJ7L._SX38_SY50_CR,0,0,38,50_.jpg"
            ],
            "searchTags": [
                "home appliances",
                "elica",
                "chimney",
                "electronics"
            ],
            "reviews": null,
            "createdDateTime": "2023-09-13T12:57:03.473",
            "zoneId": "ALPHA"
        },
        {
            "productId": 104,
            "name": "Television",
            "title": "Crystal iSmart 4K ultra HD smart LED TV",
            "description": "Eligible for Free Open Box Inspection Details \nScreen Size\t55 Inches\nBrand\tSamsung\nSupported Internet Services\tNetflix, Prime Video, Zee5, SonyLiv, Youtube, Hotstar\nDisplay Technology\tLED\nProduct Dimensions\t6D x 123.1W x 70.7H Centimeters\nResolution\t4K\nRefresh Rate\t50 Hz\nSpecial Feature\tSmart TV Features : Supported apps: Netflix, Prime Video, YouTube, etc., Screen mirroring, Universal Guide, Media Home, Tap View, Mobile Camera Support, AI Speaker, Easy Setup, App Casting, Wireless DeX, SmartThings, Smart Hub, IoT Sensor, Web BrowserSmart TV Features : Supported apps: Netflix, Prime Video, YouTube, etc., Screen mirroring, Universal Guide, Media Home, Tap View, Mobile Camera Support, AI Speaker, Easy Setup, App Casting, Wireless DeX, SmartThings,… See more\nModel Name\tUA55CUE60AKLXL\nIncluded Components\t1N LED TV, 1N Power Cord, 1N Remote Control, 2N Stand-Top, 1N OC,1 User Manual, 1 LED TV, 2 Battery (AAA Size), 1 REMOCON, 1 Stant-Left, 1 Stant-Right1N LED TV, 1N Power Cord, 1N Remote Control, 2N Stand-Top, 1N OC,1 User Manual, 1 LED TV, 2 Battery (AAA Size), 1 REMOCON, 1 Stant-Left, 1 Stant-Right\nSee more\nAbout this item\nSmart TV Features : Supported apps: Netflix, Prime Video, YouTube, etc., Screen mirroring, Universal Guide, Media Home, Tap View, Mobile Camera Support, AI Speaker, Easy Setup, App Casting, Wireless DeX, SmartThings, Smart Hub, IoT Sensor, Web Browser",
            "rating": 5.0,
            "price": 47990.0,
            "offer": 35.0,
            "type": "",
            "brand": "samsung",
            "category": "electronics",
            "merchantId": 1248,
            "quantity": 100,
            "status": "ACTIVE",
            "thumbnailURL": "https://m.media-amazon.com/images/I/81+JXgPUDLL._AC_UY327_FMwebp_QL65_.jpg",
            "productImageURLs": [
                "https://m.media-amazon.com/images/I/71B7sRIydwL._AC_UY327_FMwebp_QL65_.jpg",
                "https://m.media-amazon.com/images/I/51q3+E64azL._AC_SR320,320_.jpg"
            ],
            "searchTags": [
                " crystal ultra 4k",
                "ismart",
                "Samsung",
                "Television"
            ],
            "reviews": [
                {
                    "reviewId": 7479,
                    "shopperId": 78553,
                    "shopperName": "Abhi Kumar",
                    "heading": "good",
                    "description": "beautiful",
                    "rating": 5.0,
                    "dateTime": "2024-05-21T13:52:55.965"
                }
            ],
            "createdDateTime": "2023-09-13T12:57:54.313",
            "zoneId": "ALPHA"
        },
        {
            "productId": 105,
            "name": "GUN",
            "title": "FULLY AUTOMATED",
            "description": "About this item\nEjection Action: Simulate the actual combat scene. After each shooting, the shell will jump out, which is toy guns that look real. The children will like it\nSoft bullets Jump design: Toy guns can load 8 pcs of darts, EVA Bullet will travel about 20 feet for safety\nSafe and Soft Bullets: This fake gun loaded with soft foam bullets that are made of High-quality EVA material, not cause harm to the human body and children can shoot it safely.(8 shell and 10 Soft Bullet）\nThe great gifts for 8, 9, 10+ year old boys and girls: Holiday, Christmas and Birthday gifts. Anyway got this as a gift for kids or parent-child fun, this toy must be surprise when kids got it\nThe fun of this cool toy is the realism of it's mechanics, not the distance or accuracy of the projectile\n› See more product details\n",
            "rating": 1.0,
            "price": 100000.0,
            "offer": 0.0,
            "type": "electronic-accessories",
            "brand": "al-queda",
            "category": "electronics",
            "merchantId": 1248,
            "quantity": 1,
            "status": "ACTIVE",
            "thumbnailURL": "https://m.media-amazon.com/images/I/51F0tsAdXlL._SY300_SX300_QL70_FMwebp_.jpg",
            "productImageURLs": [
                "https://m.media-amazon.com/images/I/51F0tsAdXlL._SY300_SX300_QL70_FMwebp_.jpg"
            ],
            "searchTags": [
                "MANI",
                "BIN LADEN",
                "TERRORIST",
                "GUN"
            ],
            "reviews": [
                {
                    "reviewId": 4625,
                    "shopperId": 50384,
                    "shopperName": "LALLA",
                    "heading": "review",
                    "description": "BAD",
                    "rating": 1.0,
                    "dateTime": "2024-03-14T08:28:30.058"
                }
            ],
            "createdDateTime": "2023-09-13T12:58:16.295",
            "zoneId": "ALPHA"
        },
        {
            "productId": 106,
            "name": "Headphone",
            "title": "sennheiser Headphone HD 450SE",
            "description": "Brand\tSennheiser\nModel Name\tHD 450SE\nColour\tBlack\nForm Factor\tOver Ear\nConnectivity Technology\tBluetooth 5.0",
            "rating": 0.0,
            "price": 10000.0,
            "offer": 25.0,
            "type": "electronic-accessories",
            "brand": "sennheiser",
            "category": "electronics",
            "merchantId": 1248,
            "quantity": 25,
            "status": "ACTIVE",
            "thumbnailURL": "https://m.media-amazon.com/images/I/61Wiw8zIwvL._AC_UY327_FMwebp_QL65_.jpg",
            "productImageURLs": [
                "https://m.media-amazon.com/images/I/71gn4UdPy5L._SX522_.jpg",
                "https://m.media-amazon.com/images/I/61xtto8AvRL._SX522_.jpg",
                "https://m.media-amazon.com/images/I/71ae7ZXQVdL._SX522_.jpg",
                "https://m.media-amazon.com/images/I/61Wiw8zIwvL._SY679_.jpg"
            ],
            "searchTags": [
                "brand headphone",
                "headset",
                "headphone"
            ],
            "reviews": null,
            "createdDateTime": "2023-09-13T12:58:40.444",
            "zoneId": "ALPHA"
        },
        {
            "productId": 107,
            "name": "Shirts",
            "title": "Formals shirt ",
            "description": "Product Dimensions ‏ : ‎ 27.5 x 22.5 x 2 cm; 300 Grams\nDate First Available ‏ : ‎ 11 October 2022\nManufacturer ‏ : ‎ ABFRL\nASIN ‏ : ‎ B0BHW6KNZJ\nItem model number ‏ : ‎ PESFOSLPL65546\nCountry of Origin ‏ : ‎ India\nDepartment ‏ : ‎ Men\nManufacturer ‏ : ‎ ABFRL, Aditya Birla Fashion and Retail Ltd,7th Floor, Skyline Icon Business Park, 86-92, Off A.K. Road, Marol Village, Andheri (East), Mumbai, Maharashtra 400059\nItem Weight ‏ : ‎ 300 g\nItem Dimensions LxWxH ‏ : ‎ 27.5 x 22.5 x 2 Centimeters\nGeneric Name ‏ : ‎ Shirt\nBest Sellers Rank: #141,006 in Clothing & Accessories (See Top 100 in Clothing & Accessories)\n#1,275 in Men's Formal Shirts\n",
            "rating": 2.5,
            "price": 1000.0,
            "offer": 25.0,
            "type": "men-sweatshirt",
            "brand": "peterengland",
            "category": "men",
            "merchantId": 1248,
            "quantity": 50,
            "status": "ACTIVE",
            "thumbnailURL": "https://m.media-amazon.com/images/I/41kfBsD50JL._SR38,50_.jpg",
            "productImageURLs": [
                "https://m.media-amazon.com/images/I/31F5MsbWqPL._SR38,50_.jpg",
                "https://m.media-amazon.com/images/I/41dBdYWpkQL._SR38,50_.jpg",
                "https://m.media-amazon.com/images/I/41kfBsD50JL._SR38,50_.jpg"
            ],
            "searchTags": [
                "peter england shirt",
                "peter england",
                "normal shirt",
                "formals",
                "men shirt",
                "men"
            ],
            "reviews": [
                {
                    "reviewId": 1777,
                    "shopperId": 24765,
                    "shopperName": "sam thiru",
                    "heading": "ghb",
                    "description": "vfg",
                    "rating": 5.0,
                    "dateTime": "2023-12-25T08:58:39.559"
                },
                {
                    "reviewId": 2886,
                    "shopperId": 35021,
                    "shopperName": "A R Karthik",
                    "heading": "good",
                    "description": "chciu",
                    "rating": 5.0,
                    "dateTime": "2024-01-23T15:54:48.815"
                }
            ],
            "createdDateTime": "2023-09-13T12:58:41.376",
            "zoneId": "ALPHA"
        },
        {
            "productId": 108,
            "name": "Fire-Boltt Ninja Call Pro Plus 1.83\" Smart Watch with Bluetooth Calling, AI Voice",
            "title": "Fire-Boltt Ninja Call Pro Plus ",
            "description": "【1.83\" HD Display Smart Watch】- The 46.48mm (1.83-inch) HD display makes the display clear and true-to-life, with vivid colours ensuring smooth readability and keeping the watch as exquisite to look at as when you first lay your eyes on it. The watch has a 280 NITS Peak Brightness\nThis fashion smart watch will work on a single charge for about 8 days (without Bluetooth calling) and about 5 Days with Bluetooth calling.\nCharging Specs - The watch needs to be charged for 2 hours to reach 100%. The charger should be a 3.7V to 5V adapter or any laptop output. For a bare minimum of 20% charge the watch needs to be charged for about 30-40 mins\nYou cannot store Music in the watch, you can only control the music. 【AI Voice Assistant】- With built-in Voice assistant, you can simply speak to the smartwatch & get things done on your command\nThere is no volume control, however when connected to bt calling you can control the volume of the call. 【Bluetooth Calling Watch】- Fire-Boltt Ninja Call Pro Plus Smartwatch enables you to make and receive calls directly from your watch via the built-in speaker and microphone.",
            "rating": 0.0,
            "price": 1500.0,
            "offer": 20.0,
            "type": "watch",
            "brand": "boat",
            "category": "electronics",
            "merchantId": 1248,
            "quantity": 100,
            "status": "ACTIVE",
            "thumbnailURL": "https://m.media-amazon.com/images/I/41QzYzs+JuL._SS40_.jpg",
            "productImageURLs": [
                "https://m.media-amazon.com/images/I/519qtVWP7vL._SS40_.jpg",
                "https://m.media-amazon.com/images/I/41bgvTdZMBL._SS40_.jpg"
            ],
            "searchTags": [
                "fire bolt ninja plus",
                "ninja",
                "fire bolt",
                "watch",
                "digital watch"
            ],
            "reviews": null,
            "createdDateTime": "2023-09-13T12:58:41.377",
            "zoneId": "ALPHA"
        },
        {
            "productId": 109,
            "name": "Bluetooth portable speaker",
            "title": "Zebronics ZEB-COUNTY 3W Wireless Bluetooth Portable Speaker",
            "description": "Zeb-county is a compact and handy portable speaker that comes with multi-connectivity options like wireless BT/USB/micro SD and AUX. Wall Mountable Satellite : No\nThe speaker comes with a call function along with a built-in fm radio too\nSpeaker impedance 3Ω\nFrequency response 120hz-15khz\nCharging time 2.5H\nPlayback time approx. 10 hrs\n1 Year warranty-from the date of purchase\nTo connect to FM: Switch the speaker to FM mode and connect the micro USB cable to the micro USB port of the speaker and leave the other end free (this cable will act as the FM antenna).",
            "rating": 0.0,
            "price": 900.0,
            "offer": 30.0,
            "type": "electronic-accessories",
            "brand": "zebronics",
            "category": "electronics",
            "merchantId": 1248,
            "quantity": 150,
            "status": "ACTIVE",
            "thumbnailURL": "https://m.media-amazon.com/images/I/81U3kN9bf1L._SX425_.jpg",
            "productImageURLs": [
                "https://m.media-amazon.com/images/I/41+TyS1dtyL._SS40_.jpg",
                "https://m.media-amazon.com/images/I/41+TyS1dtyL._SS40_.jpg",
                "https://m.media-amazon.com/images/I/41goRo3UXhL._SS40_.jpg"
            ],
            "searchTags": [
                "Zebronics speakers",
                "bluetooth speakers",
                "Portable speakers",
                "Speakers"
            ],
            "reviews": null,
            "createdDateTime": "2023-09-13T12:58:41.377",
            "zoneId": "ALPHA"
        },
        {
            "productId": 110,
            "name": "Fashion",
            "title": "ADAMO Analog Rose Gold Dial Women's Watch",
            "description": "Band Colour\tRose Gold\nBand Material\tStainless Steel\nBand Width\t22 Millimeters\nBezel Function\tNo bezel available\nBezel Material\tNo bezel available\nBrand\tADAMO\nCase Diameter\t40 Millimeters\nCase Material\tWhite Gold\nCase Thickness\t5 Millimeters\nClasp\tBuckle\nCollection\tDesigner\nDial Colour\tRose Gold\nCrystal Material\tGlass\nDisplay Type\tanalogue\nCase Shape\tRound\nItem Weight\t80 Grams\nModel Number\t839KKM21\nPart Number\t839KKM21\nSpecial Features\tAnti Magnetic Seal\nWarranty Type\tManufacturer\nMovement\tQuartz",
            "rating": 0.0,
            "price": 295.0,
            "offer": 0.0,
            "type": "women-ethnic-wear",
            "brand": "adamo",
            "category": "women",
            "merchantId": 1248,
            "quantity": 30,
            "status": "ACTIVE",
            "thumbnailURL": "https://m.media-amazon.com/images/I/61uY-wl4OdL._UX679_.jpg",
            "productImageURLs": [
                "https://m.media-amazon.com/images/I/71U9FeFxc-S._UX679_.jpg",
                "https://m.media-amazon.com/images/I/71rjxK1v0aS._UX679_.jpg",
                "https://m.media-amazon.com/images/I/71sVl5vYt6S._UY741_.jpg"
            ],
            "searchTags": [
                "Watch",
                "Rose Gold Dial ",
                "Women's Watch",
                "Analog",
                "ADAMO ",
                "ADAMO Analog Rose Gold Dial Women's Watch"
            ],
            "reviews": null,
            "createdDateTime": "2023-09-13T12:59:21.9",
            "zoneId": "ALPHA"
        },
        {
            "productId": 111,
            "name": "colorbar lipstick",
            "title": "Colorbar Sinful Matte Lipcolor, Pink, 3.5 g",
            "description": "\nBrand\tColorbar\nColour\tPink\nSkin Type\tCombination\nFinish Type\tMatte\nProduct Benefits\tSoftening,Longlasting\nCoverage\tLightweight\nSpeciality\tLong-lasting\nAge Range (Description)\tAdult\nSkin Tone\tMedium\nItem Weight\t35 Grams\n\nAbout this item\nA creamy, lightweight matte formulation in 24 unique shades\nEnriched with sea fennel wax for a soft touch wear\nLong-lasting, smudge-proof, and transfer-proof\nDermatologically tested\n",
            "rating": 2.0,
            "price": 1200.0,
            "offer": 30.0,
            "type": "lipstick",
            "brand": "colorbar",
            "category": "beauty",
            "merchantId": 1248,
            "quantity": 500,
            "status": "ACTIVE",
            "thumbnailURL": "https://m.media-amazon.com/images/I/61WGXDLL7TL._AC_UL600_FMwebp_QL65_.jpg",
            "productImageURLs": [
                "https://m.media-amazon.com/images/I/61IS+JyAy0L._SY450_.jpg",
                "https://m.media-amazon.com/images/I/51XCPFLp8hL._SY450_.jpg",
                "https://m.media-amazon.com/images/I/51gzV2us6gL._SY450_.jpg",
                "https://m.media-amazon.com/images/I/61oP1YCMfBL._SY450_.jpg"
            ],
            "searchTags": [
                "matte lipstick",
                "colorbar",
                "under 1200",
                "under 1000",
                "lipstick"
            ],
            "reviews": [
                {
                    "reviewId": 735,
                    "shopperId": 8542,
                    "shopperName": "Rohit Sharma",
                    "heading": "lipstick",
                    "description": "nice product",
                    "rating": 4.0,
                    "dateTime": "2023-10-11T22:46:42.663"
                },
                {
                    "reviewId": 742,
                    "shopperId": 9327,
                    "shopperName": "Virat Kohli",
                    "heading": "lipstick",
                    "description": "nice product",
                    "rating": 4.0,
                    "dateTime": "2023-10-13T08:42:05.805"
                }
            ],
            "createdDateTime": "2023-09-13T12:59:47.061",
            "zoneId": "ALPHA"
        },
        {
            "productId": 112,
            "name": "smart watch",
            "title": "watch",
            "description": "1.38” TFT display: Featuring a vibrant round display and a stylish metallic finish, the smartwatch offers a premium on-screen experience.\nTru SyncTM: Hassle-free pairing, stable connectivity and lower battery consumption combine to provide the most advanced calling experience.\nNoise Buzz: Manage calls directly from your wrist. Access your call logs, make calls from the dial pad and save up to 10 favourite contacts.\nNoise Health SuiteTM: Take better care of your daily health with a series of health monitoring tools – Blood oxygen monitor, Sleep monitor, 24x7 heart rate monitor, Stress measurement, Breathe practice & Female cycle tracker.\n100 sports modes: Indulge in the routine of your preference with several sports modes to choose from.\nUp to 7-day battery: Breeze through an entire week without charging with up to 7 days of battery life. Get up to 2 days of battery life when calling in enabled.\n100+ watch faces: A series of fun and trendy watch faces let you swap into a new background every day.",
            "rating": 0.0,
            "price": 3499.0,
            "offer": 22.0,
            "type": "",
            "brand": "noise",
            "category": "women",
            "merchantId": 1248,
            "quantity": 100,
            "status": "ACTIVE",
            "thumbnailURL": "https://m.media-amazon.com/images/I/41Hr4Mn6pCL._SX300_SY300_QL70_FMwebp_.jpg",
            "productImageURLs": [
                "https://m.media-amazon.com/images/I/41PPgIcn6ZL._SS40_.jpg",
                "https://m.media-amazon.com/images/I/718r5RC3jKL._SX679_.jpg",
                "https://m.media-amazon.com/images/I/71cGOhOyc2L._SX679_.jpg"
            ],
            "searchTags": [
                "water proof watch",
                "digital watch",
                "smart",
                "smart watch"
            ],
            "reviews": [
                
            ],
            "createdDateTime": "2023-09-13T13:00:09.275",
            "zoneId": "ALPHA"
        },
        {
            "productId": 113,
            "name": "shoes",
            "title": "branded shoes",
            "description": "Sole: Rubber\nClosure: Lace-Up\nFit Type: Regular\nShoe Width: Medium\nStyle Name:-Sneaker\nModel Name:-Feetmax\nBrand Color:-White-Silver-Black\nMaterial:-Textile\nCare Instructions:-Wipe with a clean dry cloth",
            "rating": 2.0,
            "price": 5000.0,
            "offer": 14.0,
            "type": "",
            "brand": "puma",
            "category": "men",
            "merchantId": 1248,
            "quantity": 150,
            "status": "ACTIVE",
            "thumbnailURL": "https://m.media-amazon.com/images/I/510IArwM+UL._UY695_.jpg",
            "productImageURLs": [
                "https://m.media-amazon.com/images/I/61r5A2hR6jL._UY695_.jpg",
                "https://m.media-amazon.com/images/I/619C2TNs+lL._UY695_.jpg",
                "https://m.media-amazon.com/images/I/511QYp3+aQL._UY695_.jpg"
            ],
            "searchTags": [
                "white shoes",
                "puma",
                "shoes "
            ],
            "reviews": [
                {
                    "reviewId": 652,
                    "shopperId": 6198,
                    "shopperName": "Nikita Bacha",
                    "heading": "Incorrect shoes size ",
                    "description": "The shoes size not correct come. I ordered for 8.",
                    "rating": 2.0,
                    "dateTime": "2023-10-07T11:38:15.574"
                }
            ],
            "createdDateTime": "2023-09-13T13:00:09.276",
            "zoneId": "ALPHA"
        },
        {
            "productId": 114,
            "name": "refregirator",
            "title": "fridge ",
            "description": "The star rating changes are as per BEE guidelines on 1st Jan 2022\nFrost Free Double Door Refrigerator - Auto defrost function to prevent ice-build up\nCapacity: 360 liters suitable for medium to large sized family\nEnergy Rating : 3 star\nThe 6th Sense Deepfreeze Technology: Technology ensures quick freezing of food items by creating a unique air flow system, which circulates cold air evenly throughout the freezer. This helps to preserve the freshness and quality of food for a longer period\nShelf type: ‎Toughened Glass\nSpecial Features: Stabilizer free operation even in high fluctuation voltage between (95V - 300V)",
            "rating": 0.0,
            "price": 46999.0,
            "offer": 30.0,
            "type": "",
            "brand": "whirlpool",
            "category": "electronics",
            "merchantId": 1248,
            "quantity": 80,
            "status": "ACTIVE",
            "thumbnailURL": "https://m.media-amazon.com/images/I/31ZXZsPPNlL._SX342_SY445_QL70_FMwebp_.jpg",
            "productImageURLs": [
                "https://m.media-amazon.com/images/I/71xJn8cygfL._SX679_.jpg",
                "https://m.media-amazon.com/images/I/41TSIuPb1IL._SX38_SY50_CR,0,0,38,50_.jpg",
                "https://m.media-amazon.com/images/I/41o7BIilhvL._SX38_SY50_CR,0,0,38,50_.jpg"
            ],
            "searchTags": [
                "black refrigerator",
                "whirlpool",
                "refrigerator",
                "fridge"
            ],
            "reviews": null,
            "createdDateTime": "2023-09-13T13:00:09.276",
            "zoneId": "ALPHA"
        },
        {
            "productId": 115,
            "name": "power bank",
            "title": "compact poerbank",
            "description": "22.5W BoostedSpeed\n10000mAh Lithium Polymer Battery\n18W Type-C Input\nDual Output Ports: 1 USB & 1 Type-C\nSleek & Stylish\nMulti-layers of Chipset Protection\n180 Days Warranty, Made in India",
            "rating": 2.0,
            "price": 1499.0,
            "offer": 45.0,
            "type": "",
            "brand": "ambrane",
            "category": "electronics",
            "merchantId": 1248,
            "quantity": 120,
            "status": "ACTIVE",
            "thumbnailURL": "https://m.media-amazon.com/images/I/81YMtlKn2JL._SX679_.jpg",
            "productImageURLs": [
                "https://m.media-amazon.com/images/I/51RUZlmWvVL.SX38_SY50_CR,0,0,38,50_BG85,85,85_BR-120_PKdp-play-icon-overlay__.jpg",
                "https://m.media-amazon.com/images/I/71ibPaEWN5L._SX679_.jpg",
                "https://m.media-amazon.com/images/I/81FVTbQVWiL._SX679_.jpg"
            ],
            "searchTags": [
                "portable charges",
                "pocket power",
                "powerbank"
            ],
            "reviews": [
                {
                    "reviewId": 4188,
                    "shopperId": 43602,
                    "shopperName": "Jimin",
                    "heading": "not bad but not good",
                    "description": "It was good",
                    "rating": 2.0,
                    "dateTime": "2024-02-20T17:32:12.233"
                }
            ],
            "createdDateTime": "2023-09-13T13:00:09.277",
            "zoneId": "ALPHA"
        },
        {
            "productId": 116,
            "name": "perfume",
            "title": "fragnance",
            "description": "Made In India- Indian heart and soul, crafted for indian climate and skin!\nLong Lasting - Add this sophisticated eau de parfum to your special collection for its long-lasting smell.\nGood Quality - Made with the finest essential oils. Because only the best womens perfume will do for you.\nFloral, woody, musky - defines your spirited personality, and leaves a lasting impression every time.; Fall-Day Confidence - Fragrance that warmly envelopes you, keeping you confident and singing all day.\nPackage Content: 1 X Perfumes for Women; Quantity: 100 Ml",
            "rating": 0.0,
            "price": 1699.0,
            "offer": 50.0,
            "type": "",
            "brand": "embark",
            "category": "women",
            "merchantId": 1248,
            "quantity": 200,
            "status": "ACTIVE",
            "thumbnailURL": "https://m.media-amazon.com/images/I/51V3eBCpOVL._SX679_.jpg",
            "productImageURLs": [
                "https://m.media-amazon.com/images/I/41OJuK35RML._SS40_.jpg",
                "https://m.media-amazon.com/images/I/31qiGMJEMBL._SS40_.jpg",
                "https://m.media-amazon.com/images/I/51nEmnzqLkL.jpg"
            ],
            "searchTags": [
                "scent",
                "fragnance",
                "perfume"
            ],
            "reviews": null,
            "createdDateTime": "2023-09-13T13:00:09.277",
            "zoneId": "ALPHA"
        },
        {
            "productId": 118,
            "name": "Senufo",
            "title": "Tote",
            "description": "Complete your look with this beautiful tote from Lavie. The design and compartments allow you to carry all your essentials in an organised fashion.\nMade from high quality and soft material, this handbag features a well-stitched inner lining for easy accessibility and storage.\nSenufo tote has a top zip closure with spacious compartment to keep your essentials in place.\nThe elegant women's bag which is a perfect match on different occasions, such as travel, shopping and other daily use. Could be an ideal gift for friends and family.\nFunctional and trendy, this handbag from Lavie will carry all your essentials for your day.",
            "rating": 0.0,
            "price": 1800.0,
            "offer": 20.0,
            "type": "women-ethnic-wear",
            "brand": "lavie",
            "category": "women",
            "merchantId": 1248,
            "quantity": 115,
            "status": "ACTIVE",
            "thumbnailURL": "https://m.media-amazon.com/images/I/71S8-ULmtbL._UY695_.jpg",
            "productImageURLs": [
                "https://m.media-amazon.com/images/I/711l+UmhRGL._UY695_.jpg",
                "https://m.media-amazon.com/images/I/612gCdOmM4L._UY695_.jpg",
                "https://m.media-amazon.com/images/I/816WF9CMX1L._UY695_.jpg"
            ],
            "searchTags": [
                "Lavie",
                "Tote",
                "Handbags"
            ],
            "reviews": null,
            "createdDateTime": "2023-09-13T13:00:56.406",
            "zoneId": "ALPHA"
        },
        {
            "productId": 119,
            "name": "Wrangler Men's Jeans",
            "title": "Wrangler Men's Straight Fit Jeans",
            "description": "Product Dimensions ‏ : ‎ 10 x 6 x 4 cm; 450 Grams\nDate First Available ‏ : ‎ 19 October 2022\nManufacturer ‏ : ‎ VD Fashions, Plot 9-1, Yarandanalli, Bommasandra Industrial area,Jigani Hobli, Bangalore-560099\nASIN ‏ : ‎ B0BJVWDSNR\nItem model number ‏ : ‎ WMJN004460\nCountry of Origin ‏ : ‎ India\nDepartment ‏ : ‎ Men\nManufacturer ‏ : ‎ VD Fashions, Plot 9-1, Yarandanalli, Bommasandra Industrial area,Jigani Hobli, Bangalore-560099, VD Fashions, Plot 9-1, Yarandanalli, Bommasandra Industrial area,Jigani Hobli,Anekal Taluk, Bangalore-560099\nPacker ‏ : ‎ VD Fashions, Plot 9-1, Yarandanalli, Bommasandra Industrial area,Jigani Hobli,Anekal Taluk, Bangalore-560099\nImporter ‏ : ‎ Ace Turtle Omni Private Limited,7th floor,701 to 714 Tower C, Diamond district PID,Airport road, Kodihalli,Bangalore-560008\nItem Weight ‏ : ‎ 450 g\nItem Dimensions LxWxH ‏ : ‎ 10 x 6 x 4 Centimeters\nNet Quantity ‏ : ‎ 1.00 count\nGeneric Name ‏ : ‎ Jeans",
            "rating": 5.0,
            "price": 5000.0,
            "offer": 50.0,
            "type": "men-jeans",
            "brand": "wrangler",
            "category": "men",
            "merchantId": 1248,
            "quantity": 150,
            "status": "ACTIVE",
            "thumbnailURL": "https://m.media-amazon.com/images/I/71O8t0-TZsL._UX569_.jpg",
            "productImageURLs": [
                "https://m.media-amazon.com/images/I/61LfBimU+KL._UL1500_.jpg",
                "https://m.media-amazon.com/images/I/71YdPSYSxWL._UL1500_.jpg",
                "https://m.media-amazon.com/images/I/71LiyF2lApL._UL1500_.jpg",
                "https://m.media-amazon.com/images/I/712DgUs7COL._UX569_.jpg",
                "https://m.media-amazon.com/images/I/71AUDQD3f2L._UX569_.jpg"
            ],
            "searchTags": [
                " Fit Jeans Wrangler",
                "Wrangler Men's Jeans",
                "Fit Jeans",
                "jeans",
                " Men's Straight Fit Jeans",
                "Wrangler Men's",
                "Wrangler Men's Straight Fit Jeans"
            ],
            "reviews": [
                {
                    "reviewId": 1051,
                    "shopperId": 13895,
                    "shopperName": "Gahan Raj",
                    "heading": "Gahan",
                    "description": "Nice Quality Pant At a Good Price",
                    "rating": 5.0,
                    "dateTime": "2023-11-05T15:15:27.286"
                }
            ],
            "createdDateTime": "2023-09-13T13:00:57.382",
            "zoneId": "ALPHA"
        },
        {
            "productId": 120,
            "name": "SHOES",
            "title": "running shoes",
            "description": "Closure: Lace-Up\nShoe Width: Medium\nOuter Material: Synthetic\nClosure Type: Lace-Up\nToe Style: Round Toe\nWarranty Type: Manufacturer & Seller\nWarranty Description: 90 days\nShow less",
            "rating": 0.0,
            "price": 10000.0,
            "offer": 49.0,
            "type": "",
            "brand": "adidas",
            "category": "men",
            "merchantId": 1248,
            "quantity": 200,
            "status": "ACTIVE",
            "thumbnailURL": "https://www.amazon.in/Adidas-Womens-Running-Shoes-7-CM4985/dp/B082QB9XKW?ref_=ast_slp_dp&th=1&psc=1",
            "productImageURLs": [
                "https://m.media-amazon.com/images/I/81SUOu9beaL._AC_CR0%2C0%2C0%2C0_SX480_SY360_.jpg",
                "https://m.media-amazon.com/images/I/71NiRTgOEXL._AC_CR0%2C0%2C0%2C0_SX480_SY360_.jpg"
            ],
            "searchTags": [
                "adidas women shoes",
                "running shoes",
                "brand",
                "adidas"
            ],
            "reviews": [
                
            ],
            "createdDateTime": "2023-09-13T13:01:12.056",
            "zoneId": "ALPHA"
        },
        {
            "productId": 121,
            "name": "OnePlus Buds Pro 2 - Obsidian Black ",
            "title": "OnePlus Buds Pro 2 - Obsidian Black ",
            "description": "Brand\tONEPLUS\nModel Name\tBuds Pro 2\nColor\tObsidian Black\nForm Factor\tIn Ear\nConnectivity Technology\tWireless\nAbout this item\nSound Made Smart: Balance powerful sound with pure silence. Hybrid Active Noise Cancellation keeps you in control of your audio. Enjoy crystal-clear calls and a truly personal music listening experience. Powered by worry-free battery life, savor a symphony of powerful features for on-the-go studio-grade sound.\nCalling loud and clear: AI-powered noise reduction algorithms and three ENC noise-reducing microphones deliver precisely calibrated voice isolation during calls. Elegant and functional, the curved design of the buds further reduces wind and residual noise-pickup. For crystal-clear calls, the ONEPLUS Buds Pro 2 dominate the conversation.\nSuperior Audio Experience: Powerful, Punchy Bass – Drop the bass with 11mm dynamic drivers that bring your acoustics to life. ONEPLUS Audio ID – Hear and feel every note on your playlist with a personalized hearing profile for a precisely tailored audio experience.",
            "rating": 0.0,
            "price": 10000.0,
            "offer": 25.0,
            "type": "headphones",
            "brand": "one plus",
            "category": "electronics",
            "merchantId": 1248,
            "quantity": 105,
            "status": "ACTIVE",
            "thumbnailURL": "https://m.media-amazon.com/images/I/619qlC03-JL._AC_SX679_.jpg",
            "productImageURLs": [
                "https://m.media-amazon.com/images/I/41S1-O8LIZL._AC_SR38,50_.jpg",
                "https://m.media-amazon.com/images/I/41Vg0CSKmZL._AC_SR38,50_.jpg",
                "https://m.media-amazon.com/images/I/6138D3hmoiL._AC_SX679_.jpg",
                "https://m.media-amazon.com/images/I/71zYDBVeMYL._AC_SX679_.jpg"
            ],
            "searchTags": [
                "Buds Pro 2",
                "one plus earbuds",
                "earphone",
                "earbuds"
            ],
            "reviews": [
                
            ],
            "createdDateTime": "2023-09-13T13:01:15.721",
            "zoneId": "ALPHA"
        },
        {
            "productId": 122,
            "name": "power bank",
            "title": "power bank",
            "description": "Why buy Xiaomi Mi 20000mAh 3-Port Power Bank\n\n \n\nType-C and Micro USB Charging Ports offers with perfect compatibility\n20000 mAh Battery Capacity offers efficient usage\n3 Charging Ports ensures charging of 3 devices\n \n\nWhen you get Xiaomi Mi 20000mAh 3-Port Power Bank online, you also get the awesome charging companion for your smartphones. It is a portable battery-powered device for charging the battery of your smartphones. It offers with perfect charging experience.\n\n \n\nBuy the Xiaomi Mi 20000mAh 3-Port Power Bank which is equipped with Li-ion battery technology. The battery capacity is of 20000 mAh that provides with efficient charging. It comes with 3 charging ports. Equipped with Type-C and Micro USB charging ports. The charging power is of 18 watts. Book Xiaomi Mi 20000mAh 3-Port Power Bank online, now!",
            "rating": 0.0,
            "price": 2000.0,
            "offer": 0.0,
            "type": "power-bank",
            "brand": "samsung",
            "category": "electronics",
            "merchantId": 1248,
            "quantity": 1,
            "status": "ACTIVE",
            "thumbnailURL": "Mi 3i 20000 mAh 18W Fast Charging Power Bank (1 Micro USB Type B, 1 Type C & 2 Type A Ports, Advanced Resistance Capacitance Sensors, Black)",
            "productImageURLs": [
                "https://media-ik.croma.com/prod/https://media.croma.com/image/upload/v1675176663/Croma%20Assets/Communication/PowerBank/Images/229476_0_fpezbv.png?tr=w-640"
            ],
            "searchTags": [
                "18wat"
            ],
            "reviews": null,
            "createdDateTime": "2023-09-13T13:01:34.339",
            "zoneId": "ALPHA"
        },
        {
            "productId": 123,
            "name": "Fire-Boltt Phoenix",
            "title": "Fire-Boltt Phoenix Smart Watch with Bluetooth Calling 1.3\",120+ Sports Modes, 240 * 240 PX High Res with SpO2, Heart Rate Monitoring & IP67 Rating (Silver Grey)",
            "description": "Brand\tFire-Boltt\nModel Name\tPhoenix\nStyle\tPhoenix 1.3\"\nColour\tGrey\nScreen Size\t1.3 Inches\nAbout this item\n【High Resolution Display】- Comes with a 1.3\" TFT Color Full Touch Screen and a 240*240 Pixel High Resolution this fashion smartwatch is covered to flaunt the sleek and stylish look always with 260 NITS Peak Brightness\nThe watch will work on a single charge for about 7 days (without Bluetooth calling) and about 4 Days with Bluetooth calling.\nCharging Specs - The watch needs to be charged for 3 hours to reach 100%. The charger should be a 3.7V to 5V adapter or any laptop output. For a bare minimum of 20% charge the watch needs to be charged for about 30-40 mins\nYou cannot store Music in the watch, you can only control the music. 【Gaming On Wrist】- Enjoy playing games on the wrist itself as you are on the go. 【Breathe Function】- Ensure your breathing exercise is fit and healthy with the breathing function.\nThere is no volume control, however when connected to bt calling you can control the volume of the call. 【Smartphone Notifications】- Get all your mobile phone notifications on this 1.3\" Round Display Full touch smartwatch and never be late for a meeting, party or date.\nSupported Applications - Notifcations from all social media channels (Instagram, Whatsapp, Facebook), Call Notifications, Health Tracking (SpO2, Heart Rate, Sleep), Sports Tracking & many more\n【120+ Sports Modes】- Track each activity effectively with this smartwatch & activity tracker. Track your calories, steps and much more while you are on your fitness journey. This fitness tracker has it all;【In Built Mic & Speaker】- Get HD calling experience with this power-packed watch. Enhance the look of your wrist with attractive colors and sleek finish\n【Smart Health】- With the latest HRS3300 technology track your heart rate anytime of the day or even while you perform some activity. The optical sensors assure results so accurate. Monitor your blood oxygen levels to stay fit and healthy\n",
            "rating": 0.0,
            "price": 1300.0,
            "offer": 50.0,
            "type": "watch",
            "brand": "fire-boltt phoenix",
            "category": "electronics",
            "merchantId": 1248,
            "quantity": 150,
            "status": "ACTIVE",
            "thumbnailURL": "https://m.media-amazon.com/images/I/41-CKEKnjyL._SS40_.jpg",
            "productImageURLs": [
                "https://m.media-amazon.com/images/I/41gYLxEZ1QL._SS40_.jpg",
                "https://m.media-amazon.com/images/I/511Jlj6Qq6L._SS40_.jpg",
                "https://m.media-amazon.com/images/I/41-CKEKnjyL._SS40_.jpg"
            ],
            "searchTags": [
                "smart watch",
                "electronics",
                "watch"
            ],
            "reviews": [
                
            ],
            "createdDateTime": "2023-09-13T13:02:00.641",
            "zoneId": "ALPHA"
        },
        {
            "productId": 124,
            "name": "Air cooler",
            "title": "V-Guard 50 L Tower Air Cooler ",
            "description": "General\nBrand\nV-Guard\nModel Name\nArido T50 H\nColor\nWhite & Purple Burry\nType\nTower\nCooling Media\nHoneycomb\nNumber of Speeds\n3\nBlower/Fan\nBlower\nWater Tank Capacity\n50 L\nRemote Support\nNo\nPerformance Features\nCooling Coverage Area\n113.8 sq ft\nSpeed Control\n3\nOperating Mode\nManual\nAir Delivery\n764 cfm\nAir Throw Distance\n30 ft\nMotor Speed\n1300 RPM\nAir Deflection\n4 Way\nBody And Design Features\nBody Material\nPP\nBlower/Fan Material\nPlastic\nIce Chamber\nYes\nCastor Wheels\nYes\nNumber of Castor Wheels\n4\nAuto Louver Movement\nYes\nOscillating Function\nYes\nOther Body and Design Features\nWater Inlet Door for hazzle free filling\nConvenience Features\nEmpty Tank Alarm\nNo\nWater Level Indicator\nYes\nDust Filter\nYes\nOverflow Indicator\nYes\nOther Convenience Features\nMosquito Net\nPower Features\nPower Requirement\n230 V, 50 Hz\nAdditional Features\nCooler Location\nIndoor\nOther Features\nMain motor with TOP\nDimensions\nWidth x Height x Depth\n34.5 cm x 125.5 cm x 35.5 cm\nWeight\n11.6 kg\nBlower/Fan Diameter\n15.2 cm\nWarranty\nWarranty Summary\n2 year on main motor and pump, 1 year on entire product\nCovered in Warranty\nManufacturing Defect\nNot Covered in Warranty\nDamage due to mishandling/unauthorized installation\nWarranty Service Type\nOn Site Service\nDomestic Warranty\n1 Year",
            "rating": 0.0,
            "price": 5000.0,
            "offer": 30.0,
            "type": "",
            "brand": "v-gaurd",
            "category": "electronics",
            "merchantId": 1248,
            "quantity": 20,
            "status": "ACTIVE",
            "thumbnailURL": "https://rukminim2.flixcart.com/image/612/612/xif0q/air-cooler/e/9/d/-original-imagz6cgky4hbdk4.jpeg?q=70",
            "productImageURLs": [
                "https://rukminim2.flixcart.com/image/416/416/xif0q/air-cooler/l/c/k/-original-imagz6cgareggruj.jpeg?q=70",
                "https://rukminim2.flixcart.com/image/416/416/xif0q/air-cooler/d/c/4/-original-imagnstwyathdwqq.jpeg?q=70",
                "https://rukminim2.flixcart.com/image/416/416/xif0q/air-cooler/y/6/o/-original-imagz6cghergmkdh.jpeg?q=70",
                "https://rukminim2.flixcart.com/image/416/416/xif0q/air-cooler/d/u/i/-original-imagz6cgyqm9yyrz.jpeg?q=70",
                "https://rukminim2.flixcart.com/image/416/416/xif0q/air-cooler/e/9/d/-original-imagz6cgky4hbdk4.jpeg?q=70"
            ],
            "searchTags": [
                "V-Guard 50 L Tower Air Cooler  (White & Purple Burry, Arido T50 H)",
                "50 L Tower Air Cooler",
                "V-Guard "
            ],
            "reviews": null,
            "createdDateTime": "2023-09-13T13:02:09.047",
            "zoneId": "ALPHA"
        },
        {
            "productId": 125,
            "name": "smart watch",
            "title": "Fire-Boltt Ninja 3 Plus 1.83\"",
            "description": "Brand\tFire-Boltt\nModel Name\tNinja 3\nStyle\tModern\nColour\tBeige\nScreen Size\t1.83 Inches\nAbout this item\n【1.83” HD Large Touch Screen】- Fire-Boltt Ninja 3 comes with a 1.83” HD Full Touch Display for smooth swipes and clear vision\n【100 workout modes】- This smartwatch consists of 60 sports mode to track. Keep a track of all your activities and compare history to analyse your performance. Count steps, distance, and calories burned\nCharging Specs - The watch needs to be charged for 3 hours to reach 100%. The charger should be a 3.7V to 5V adapter or any laptop output. For a bare minimum of 20% charge the watch needs to be charged for about 30-40 mins\n【SPO2/ Oxygen, Heart Rate】 - Fire-Boltt Ninja 3 Plus Smartwatch comes with real time 24*7 SPO2 / Blood Oxygen tracking, Dynamic Heart Rate Monitoring (If a patient is suffering from Covid 19 please use a medical device prescribed by the Doctor)\n【IP68 Water Resistant】- This smartwatch can withstand dust, spills, raindrops and is sweatproof too\nSupported Applications - Notifcations from all social media channels (Instagram, Whatsapp, Facebook), Call Notifications, Health Tracking (SpO2, Heart Rate, Sleep), Sports Tracking & many more\n【POWERFUL BATTERY】 - About 7 days battery life and a Standby Time of 25 Days\n\n",
            "rating": 0.0,
            "price": 8000.0,
            "offer": 40.0,
            "type": "watch",
            "brand": "fire-boltt",
            "category": "electronics",
            "merchantId": 1248,
            "quantity": 50,
            "status": "ACTIVE",
            "thumbnailURL": "https://m.media-amazon.com/images/I/61TlgEodcGL._AC_UY218_.jpg",
            "productImageURLs": [
                "https://m.media-amazon.com/images/I/41uIEByMouL._SS40_.jpg",
                "https://m.media-amazon.com/images/I/41l79-yqLFL._SS40_.jpg",
                "https://m.media-amazon.com/images/I/51BmT7WIfIL._SS40_.jpg"
            ],
            "searchTags": [
                "boltt",
                "fire",
                "watch"
            ],
            "reviews": null,
            "createdDateTime": "2023-09-13T13:02:48.137",
            "zoneId": "ALPHA"
        },
        {
            "productId": 126,
            "name": "HELIO",
            "title": " Emergency Rechargeable LED Lantern",
            "description": "\nLight Source Type\tLED\nBrand\tPHILIPS\nColour\tGrey\nPower Source\tBattery Powered\nMaterial\tSynthetic\nAbout this item\nHigh Quality LED Light: The LED technology integrated in Helio Emergency Lantern is a uniquely developed solution by Philips. While instantly turned on, it enables an optimal light output and brings out vivid colors in your home\nThree Lighting Modes: Philips Helio Emergency lantern comes with three different lighting modes i.e., the Head light mode (can be used as torch), dim light and strong light (can be used as emergency light or as an emergency lantern)\nCharging & Backup Time: Philips Helio emergency lantern comes with overcharge and deep discharge protection. The emergency torch and lantern take up to 8 hours to completely charge. The head light(torch) comes with an 8 hours of battery backup and if used as a lantern it runs for 2.5 hours with front strong light and 8 hours with front dim light\nRechargeable Battery: The lantern comes with a high-quality rechargeable battery of 2200 mAH Lithium-Ion battery.",
            "rating": 6.0,
            "price": 1500.0,
            "offer": 10.0,
            "type": "electronic-accessories",
            "brand": "phillips",
            "category": "electronics",
            "merchantId": 1248,
            "quantity": 20,
            "status": "ACTIVE",
            "thumbnailURL": "https://m.media-amazon.com/images/I/610ORH71n3L._SX425_.jpg",
            "productImageURLs": [
                "https://m.media-amazon.com/images/I/610ORH71n3L._SX425_.jpg",
                "https://m.media-amazon.com/images/I/51Kz9PnVMrL._SX425_.jpg"
            ],
            "searchTags": [
                "rechargeable",
                "phillips",
                "LIGHT"
            ],
            "reviews": [
                {
                    "reviewId": 2762,
                    "shopperId": 32137,
                    "shopperName": "shilpaN",
                    "heading": "good product",
                    "description": "wowwwwwwwwwwwwwwww",
                    "rating": 6.0,
                    "dateTime": "2024-01-12T20:59:58.863"
                }
            ],
            "createdDateTime": "2023-09-13T13:04:31.063",
            "zoneId": "ALPHA"
        },
        {
            "productId": 127,
            "name": "Triphala Juice ",
            "title": "All-in-one Digestive Care Solution | Long term constipation, digestive problem relief supplement | Improves Gut Health | 100 % Ayurvedic Formula",
            "description": "\nItem Form\tLiquid\nBrand\tVANSAAR\nDiet Type\tVegetarian\nMaterial Feature\tVegetarian\nRecommended Uses For Product\tHelps Weight Management & Constipation Relief\nAbout this item\nEFFECTIVE CONSTIPATION RELIEF: Vansaar Tripahala juice, a natural colon cleanser juice, enriched with Amla, Baheda & Haritaki, helps ease constipation, detox the colon, soothe the intestinal walls, and strengthen digestive health. Regular intake of this stomach cleanser juice promotes proper digestion & absorption of food thereby regulating easy bowel movements.\nRELIEVES ACIDITY, ACID REFLUX, HYPER ACIDITY: Vansaar Triphala Juice is loaded with natural Ayurvedic herbs like Amla, Harad and Baheda, a potent combination of 3 efficacious herbs that help relieve acidity, indigestion, acid reflux & hyper acidity naturally.\nMAINTAINS A HEALTHY & STRONG DIGESTIVE SYSTEM: Triphala juice from Vansaar is a natural gut cleanse juice which helps treat major digestive issues from the root naturally and improve overall digestion and gut health. Including this digestive care juice in your daily routine helps improve digestion, facilitate easy bowel wellness, and maintain a healthy & strong digestive system naturally.\nIMPROVES OVER ALL GUT HEALTH & METABOLISM: Vansaar Triphala Juice is formulated basis ayurvedic scriptures with high-quality herbs. This 100% natural solution is made with the best quality, sourced Amla, Haritaki & Baheda. Baheda helps to boost gut health naturally. 3 potent herb solution, helps strengthen overall digestive health for long term relief from all digestive issues.\nJUST POUR, MIX & DRINK IN 3 EASY STEPS- Pour 30 ml of Vansaar Triphala juice and mix with a glass of water and drink twice daily for best results.",
            "rating": 0.0,
            "price": 500.0,
            "offer": 10.0,
            "type": "boys-tshirt",
            "brand": "vansaar",
            "category": "beauty",
            "merchantId": 1248,
            "quantity": 10,
            "status": "ACTIVE",
            "thumbnailURL": "https://m.media-amazon.com/images/I/61a9+XSOI2L._SX569_.jpg",
            "productImageURLs": [
                "https://m.media-amazon.com/images/I/616JXjftWpL._SX569_.jpg",
                "https://m.media-amazon.com/images/I/61jddx9+GlL._SX569_.jpg",
                "https://m.media-amazon.com/images/I/61id2KCUZvL._SX569_.jpg"
            ],
            "searchTags": [
                "digetion"
            ],
            "reviews": null,
            "createdDateTime": "2023-09-13T13:04:31.064",
            "zoneId": "ALPHA"
        },
        {
            "productId": 128,
            "name": "vivo v21",
            "title": "android",
            "description": "\nBrand\tVivo\nModel Name\tVivo V21 (Arctic White, 8GB RAM, 128GB ROM)\nNetwork Service Provider\tUnlocked for All Carriers\nOperating System\tAndroid 11 - Funtouch OS 11.1\nCellular Technology\t5G\nAbout this item\n64MP+8MP+2MP Rear Camera | 44MP Selfie Camera\n16.65cm (6.44\") AMOLED Display with 90 Hz refresh rate and 2404 x 1080 pixels resolution.\nMemory & SIM: 8GB RAM | 128GB internal memory | Dual SIM (nano+nano) dual-standby (5G).\nFuntouch OS 11.1 (based on Android 11) operating system with Mediatek Dimensity 800U processor.\n33W flash charging with 4000mAh battery (Type-C).\n› See more product details\n",
            "rating": 0.0,
            "price": 35000.0,
            "offer": 30.0,
            "type": "mobile",
            "brand": "vivo",
            "category": "electronics",
            "merchantId": 1248,
            "quantity": 50,
            "status": "ACTIVE",
            "thumbnailURL": "https://m.media-amazon.com/images/I/61ShleYhcBS._SY741_.jpg",
            "productImageURLs": [
                "https://m.media-amazon.com/images/I/31uzwdGtG9S._SX38_SY50_CR,0,0,38,50_.jpg",
                "https://m.media-amazon.com/images/I/31uzwdGtG9S._SX38_SY50_CR,0,0,38,50_.jpg"
            ],
            "searchTags": [
                "vivo v21 5g",
                "5g",
                "v21",
                "vivo"
            ],
            "reviews": null,
            "createdDateTime": "2023-09-13T13:05:18.989",
            "zoneId": "ALPHA"
        },
        {
            "productId": 129,
            "name": "wrist watch",
            "title": "apple",
            "description": "【Compatible Models】: VEMIGON Watch Strap compatible with Apple Watch 38mm 40mm 41mm for iWatch Series 8, Series 7, Series 6, Series 5, Series 4, Series SE/SE2, Series 3, Series 2, Series 1 (Not included iWatch).\n【Unique Folding Buckle】: This sport band using high-quality magnetic metal folding buckle,with texture, more convenient to wear than the bow buckle, automatic magnetic suction, two seconds to wear your Apple watch.\n【Skin-friendly Material】: Fashion skin-friendly silicone watch bands, waterproof, sweat-proof and soft, comfortable to wear and easy to use. The material is harmless to human skin and is not allergic. A simple and Smooth Shape, and is More Aesthetic.\n【Suitable for many occasions】: Simple and stylish watch strap. Available in a variety of colors to match your watch and how you wear it. Suitable for various occasions, whether it's business, school, work, party, sports, etc., provides a professional look for any occasion. It is the best gift for parents, lovers, friends and yourself.\n【Adjustable Size】: Two sizes are available for you to choose from. 38mm/40mm/41mm size fits 5.1inch-7.4inch(130mm-190mm) wrists, 42mm/44mm/45mm/49mm size fits 5.5inch-8.2inch(140mm-210mm) wrists. Please before buying check to confirm your wrist size and watch models.\n",
            "rating": 0.0,
            "price": 8000.0,
            "offer": 18.0,
            "type": "watch",
            "brand": "apple",
            "category": "electronics",
            "merchantId": 1248,
            "quantity": 30,
            "status": "ACTIVE",
            "thumbnailURL": "https://m.media-amazon.com/images/I/51lauq5xsKL._UY500_.jpg",
            "productImageURLs": [
                "https://m.media-amazon.com/images/I/414GukAAlrL._US40_.jpg",
                "https://m.media-amazon.com/images/I/41Yr92uTgEL._US40_.jpg"
            ],
            "searchTags": [
                "women wrist watch",
                "apple wrist watch",
                "wrist watch"
            ],
            "reviews": null,
            "createdDateTime": "2023-09-13T13:05:18.989",
            "zoneId": "ALPHA"
        },
        {
            "productId": 131,
            "name": "headphone",
            "title": "boat",
            "description": "\nBrand\tBoAt\nModel Name\tNirvanaa 751 ANC\nColour\tGunmetal Grey\nForm Factor\tOver Ear\nConnectivity Technology\tBluetooth 5.0\nAbout this item\nActive Noise Cancellation- Say adios to the chaos with Active Noise Cancellation feature and elevate the vibe to a whole new level of pleasure with Nirvanaa 751ANC, delivering up to 33dB Hybrid ANC.\nBattery Time- Stay connected to your playlist for mammoth durations, every day with up to 54 hours of playtime in ANC mode and up to 65 hours in normal playback mode.\nASAP Charge- This headphone comes equipped with our ASAP Charge technology that helps it garner 10 hours of playtime in just 10 min of charge.\nDriver Size- Exhilarate your senses with crystal clear sound reproduction via 40mm drivers, delivering you the boAt immersive experience.\nAmbient Mode- It comes equipped with Ambient Sound Mode that lets the listener stay aware of the sounds in the ambience even while the playback is on. Frequency Range 20Hz -20kHz\nErgonomic Design- Max out each session with raw bliss that is offered by its ergonomically crafted over-ear design and adaptive, luxurious earcups.\nIntegrated Controls- Its easy to access controls helps you in controlling playback, wake up default voice assistant and attend calls with ease.\nShow More\n",
            "rating": 5.0,
            "price": 1000.0,
            "offer": 30.0,
            "type": "headphones",
            "brand": "boat",
            "category": "electronics",
            "merchantId": 1248,
            "quantity": 10,
            "status": "ACTIVE",
            "thumbnailURL": "https://m.media-amazon.com/images/I/31dXEvtxidL._SX300_SY300_QL70_FMwebp_.jpg",
            "productImageURLs": [
                "https://m.media-amazon.com/images/I/41SAnDOmLgL._SS40_.jpg",
                "https://m.media-amazon.com/images/I/71sI3x7ZkyL._SY450_.jpg",
                "https://m.media-amazon.com/images/I/31dXEvtxidL._SS40_.jpg"
            ],
            "searchTags": [
                "boat 751 head phone",
                "headphone",
                "boat headphone"
            ],
            "reviews": [
                {
                    "reviewId": 1987,
                    "shopperId": 14967,
                    "shopperName": "priya",
                    "heading": "Good Quality",
                    "description": "Laptop was good condition and flexible to use.Worth for the price",
                    "rating": 5.0,
                    "dateTime": "2023-12-28T20:12:25.951"
                }
            ],
            "createdDateTime": "2023-09-13T13:05:18.99",
            "zoneId": "ALPHA"
        },
        {
            "productId": 133,
            "name": "Fashion",
            "title": "Nail polish",
            "description": "Brand\tLAKMÉ\nItem Form\tLiquid\nColour\tPink Paisley\nType\ttop_coat\nFinish Type\tGlossy\nSpecial Feature\tChip Resistant\nIncluded Components\tNail Color\nAge Range (Description)\tAdult\nNet Quantity\t2.2 millilitre\nNumber of Items\t1\nSee more\nAbout this item\nPrimer + gloss nail colour that dries quickly and lasts long\nIntense glossy shine\nLong-lasting colour that strengthens nails to keep colour fresher for longer\nAvailable in 29 shades and 1 topcoat\nZero yellowing of nails\nVibrant colours with a high gloss finish",
            "rating": 0.0,
            "price": 150.0,
            "offer": 0.0,
            "type": "nail-polish",
            "brand": "lakme",
            "category": "beauty",
            "merchantId": 1248,
            "quantity": 100,
            "status": "ACTIVE",
            "thumbnailURL": "https://m.media-amazon.com/images/I/510gy+A7MUL._SX522_.jpg",
            "productImageURLs": [
                "https://m.media-amazon.com/images/I/61UN+8q5vAL._SX522_.jpg",
                "https://m.media-amazon.com/images/I/61G05sO3rJL._SX522_.jpg",
                "https://m.media-amazon.com/images/I/51xN+M7yX9L._SX522_.jpg"
            ],
            "searchTags": [
                "Nail Colour",
                "Pink Paisley",
                "6 ml",
                "Primer",
                "Lakmé "
            ],
            "reviews": null,
            "createdDateTime": "2023-09-13T13:05:51.763",
            "zoneId": "ALPHA"
        },
        {
            "productId": 134,
            "name": "Mobile",
            "title": "note 12 Pro+ 5G ",
            "description": "Brand\tRedmi\nModel Name\tRedmi Note 12 Pro+\nNetwork Service Provider\tUnlocked for All Carriers\nOperating System\tAndroid 12.0\nCellular Technology\t5G\nAbout this item\n12 GB RAM | 256 GB ROM\n16.94 cm (6.67 inch) Full HD+ Display\n200MP + 8MP + 2MP | 16MP Front Camera\n5000 mAh Lithium Polymer Battery\nMediatek Dimensity 1080 Processor",
            "rating": 5.0,
            "price": 31580.0,
            "offer": 25.0,
            "type": "",
            "brand": "redmi ",
            "category": "electronics",
            "merchantId": 1248,
            "quantity": 120,
            "status": "ACTIVE",
            "thumbnailURL": "https://m.media-amazon.com/images/I/51iUaF5stLL._AC_UY327_FMwebp_QL65_.jpg",
            "productImageURLs": [
                "https://images-eu.ssl-images-amazon.com/images/I/51e9JczbZmL._AC_UL160_SR160,160_.jpg",
                "https://m.media-amazon.com/images/I/41YI9v-M52L._AC_SR320,320_.jpg"
            ],
            "searchTags": [
                "5G",
                "pro+",
                "12",
                "note",
                "mobile",
                "redmi"
            ],
            "reviews": [
                {
                    "reviewId": 1379,
                    "shopperId": 19077,
                    "shopperName": "Akanksha",
                    "heading": "note 12 Pro+ 5G",
                    "description": "Best Product",
                    "rating": 5.0,
                    "dateTime": "2023-12-02T16:47:59.378"
                }
            ],
            "createdDateTime": "2023-09-13T13:06:08.509",
            "zoneId": "ALPHA"
        },
        {
            "productId": 135,
            "name": "American Tourister Valex Black Laptop Backpack ",
            "title": "Laptop bag",
            "description": "Care Instructions: Hand Wash Only\nFit Type: regular\nWell Organized compartment ,Security Back Pocket",
            "rating": 0.0,
            "price": 2500.0,
            "offer": 44.0,
            "type": "laptop",
            "brand": "american tourister",
            "category": "electronics",
            "merchantId": 1248,
            "quantity": 20,
            "status": "ACTIVE",
            "thumbnailURL": "https://m.media-amazon.com/images/I/81yWRCC7YcL._UX679_.jpg",
            "productImageURLs": [
                "https://m.media-amazon.com/images/I/91VkFwmMoxL._UX679_.jpg",
                "https://m.media-amazon.com/images/I/61p+SudAdPL._UX679_.jpg",
                "https://m.media-amazon.com/images/I/61iRO1Z8sdL._UX679_.jpg",
                "https://m.media-amazon.com/images/I/919nkluPcLL._UX679_.jpg",
                "https://m.media-amazon.com/images/I/81yWRCC7YcL._UX679_.jpg"
            ],
            "searchTags": [
                "bottle pocket",
                "bag",
                "american tourister",
                "laptop bag"
            ],
            "reviews": null,
            "createdDateTime": "2023-09-13T13:06:14.759",
            "zoneId": "ALPHA"
        },
        {
            "productId": 138,
            "name": "IKALL S2 Smartphone",
            "title": "IKALL S2 Smartphone with 21MP Camera (6.8\" HD Display, 6GB, 128GB Storage) (Blue)",
            "description": "Brand\tIKALL\nModel Name\tS2\nNetwork Service Provider\tUnlocked for All Carriers\nOperating System\tAndroid 13.0\nCellular Technology\t4G\nAbout this item\n21MP+5MP+2MP Rear Camera | 6GB Ram + 6GB Virtual Ram\n17.27 cm (6.8 inch) HD+ Display | Multi-Touch Capacitive Touch Screen With 720*1640 Pixel Resolution\n128GB Internal Storage | Expandable Memory 512GB | Dual Sim (4G+4G)\nAndroid 13.0 with 1.6 Ghz Octa Core, Type-C Interface for Fast Charging\nHeadphone Jack : Type-C Interface | Face Unlock and fingerprint To Unlock | OTG Support\n1 Year manufacturing warranty for mobile and 6 months for accessories",
            "rating": 0.0,
            "price": 9999.0,
            "offer": 40.0,
            "type": "mobile",
            "brand": "ikall s2 smartphone",
            "category": "electronics",
            "merchantId": 1248,
            "quantity": 200,
            "status": "ACTIVE",
            "thumbnailURL": "https://m.media-amazon.com/images/I/41gmk8-ccTL._SX38_SY50_CR,0,0,38,50_.jpg",
            "productImageURLs": [
                "https://m.media-amazon.com/images/I/31CD0NYALbL._SX38_SY50_CR,0,0,38,50_.jpg",
                "https://m.media-amazon.com/images/I/41xesa12AzL._SX38_SY50_CR,0,0,38,50_.jpg",
                "https://m.media-amazon.com/images/I/41gmk8-ccTL._SX38_SY50_CR,0,0,38,50_.jpg"
            ],
            "searchTags": [
                "https://m.media-amazon.com/images/I/31og4x-HdlL._SX38_SY50_CR,0,0,38,50_.jpg"
            ],
            "reviews": null,
            "createdDateTime": "2023-09-13T13:06:46.426",
            "zoneId": "ALPHA"
        },
        {
            "productId": 139,
            "name": "Sony Alpha ZV-E1 Full-Frame Interchangeable Lens Mirrorless Vlog Camera - White Body",
            "title": "Sony Alpha ZV-E1 Full-Frame Interchangeable Lens Mirrorless Vlog Camera - White Body",
            "description": "Brand\tSony\nModel Name\tAlpha ZV-E1\nMaximum Webcam Image Resolution\t12.1 MP\nPhoto Sensor Size\tFull Frame (35mm)\nImage Stabilization\tDigital\nMax Shutter Speed\t1/8000 seconds\nMin Shutter Speed\t30 seconds\nForm Factor\tMirrorless\nEffective Still Resolution\t12\nSpecial Feature\tImage Stabilization\nSee less\nAbout this item\nFull-frame 12.1MP Exmor R sensor, optimized for 4K, sensitivity and speed\n10-bit 4:2:2 recording with direct pixel readout, Long GOP or All Intra formats\nCreate memorable imagery with ease with Cinematic Vlog Setting\nDedicated AI Processor and Real-time Recognition for accurate subject tracking\n5-axis in-body image stabilization and Dynamic active Mode for stable recording",
            "rating": 0.0,
            "price": 182000.0,
            "offer": 13.0,
            "type": "camera",
            "brand": "sony",
            "category": "electronics",
            "merchantId": 1248,
            "quantity": 102,
            "status": "ACTIVE",
            "thumbnailURL": "https://m.media-amazon.com/images/I/71VgGzpsysL._AC_SX355_.jpg",
            "productImageURLs": [
                "https://m.media-amazon.com/images/I/3136Ki1UP3L._AC_US40_.jpg",
                "https://m.media-amazon.com/images/I/21jatEEq5VL._AC_US40_.jpg",
                "https://m.media-amazon.com/images/I/31sJc4SDNDL._AC_US40_.jpg",
                "https://m.media-amazon.com/images/I/718cmshif+L._AC_SX355_.jpg",
                "https://m.media-amazon.com/images/I/61d2G9Kg2PL._AC_SX355_.jpg"
            ],
            "searchTags": [
                "latest digital camera",
                "latest camera",
                "sony camera",
                "digital camera",
                "camera"
            ],
            "reviews": [
                
            ],
            "createdDateTime": "2023-09-13T13:07:05.403",
            "zoneId": "ALPHA"
        },
        {
            "productId": 140,
            "name": "Baby Cloths",
            "title": "Boy Baby Cloths",
            "description": "Colour: Sky Blue & Grey\nSize:24 months to 30 months\nCare Instructions: Machine Wash\nFit Type: Regular\n",
            "rating": 0.0,
            "price": 1000.0,
            "offer": 20.0,
            "type": "boys-tshirt",
            "brand": "bold n elegant ",
            "category": "kids",
            "merchantId": 1248,
            "quantity": 100,
            "status": "ACTIVE",
            "thumbnailURL": "https://m.media-amazon.com/images/I/51nUfiMuCLL._AC_UL600_FMwebp_QL65_.jpg",
            "productImageURLs": [
                "https://m.media-amazon.com/images/I/51pD-qX6MDL.jpg",
                "https://m.media-amazon.com/images/I/61IwLesWXML._UX679_.jpg",
                "https://m.media-amazon.com/images/I/71JdYyL-1LL._UX679_.jpg",
                "https://m.media-amazon.com/images/I/51nUfiMuCLL._UX679_.jpg"
            ],
            "searchTags": [
                "boys tshirt",
                "casual wear",
                "boys shirt",
                "tshirt"
            ],
            "reviews": null,
            "createdDateTime": "2023-09-13T13:07:20.121",
            "zoneId": "ALPHA"
        },
        {
            "productId": 142,
            "name": "Smart Watch",
            "title": "Fire-Boltt Smart watch",
            "description": "General\nSales Package\n1 Smartwatch, 1 Charging Cable, 1 Manual, 1 Warranty Card\nModel Number\nBSW039\nModel Name\nNinja Calling Pro 1.69 inch Bluetooth Calling Smartwatch with AI Voice Assistant\nDial Color\nDark Grey\nDial Shape\nSquare\nStrap Color\nBlack\nStrap Material\nSilicone\nSize\nFree Size\nTouchscreen\nYes\nWater Resistant\nYes\nWater Resistance Depth\n10 m\nUsage\nFitness & Outdoor\nIdeal For\nMen & Women\nCompatible OS\nAndroid & iOS\nProduct Details\nClosure\nBuckle\nSensor\nBuetooth Calling, SpO2, Heart Rate Sensor HRS3600, Accelerometer 3-Axis Sens, Barometer, Pedometer SC7A20\nNotification\nCall, SMS, Whatsapp, Facebook, Twiter, Other Social Apps, Sedentary Reminder, Goal Completion\nNotification Type\nVibration & Ringer\nBattery Type\nLithium Ion\nCharge Time\n120 min\nBattery Life\nUpto 5 Days\nRechargeable Battery\nYes\nConnectivity Features\nCall Function\nYes\nBluetooth\nYes\nWi-Fi\nNo\nGPS\nNo\nBluetooth Version\nv5.0\nOperating Range\n10 m\nCamera And Display Features\nDisplay Resolution\n240 x 280 Pixel\nDisplay Size\n1.69 Inch\nDisplay Type\nIPS LCD\nBacklight Display\nNo\nScratch Resistant\nYes\nFitness And Watch Functions\nStep Count\nYes\nHeart Rate Monitor\nYes\nAltimeter\nNo\nOther Fitness Features\nPedometer with SC7A20 Sensor, Heart Rate Monitor with HRS3600 Sensor, SpO2 (Blood Oxygen Monitor), Sleep Monitoring, Sedentary Reminders, Breathe Monitoring\nDate & Time Display\nYes\nCompass\nNo\nCalendar\nNo\nAlarm Clock\nYes\nChronograph\nYes\nLanguage\nEnglish\nNumber of Buttons\n1\nOther Watch Functions\nBuetooth Calling smartwatch - Make and receive calls on the go, AI Voice Assistant in built, Built in Mic & Speaker for HD Calls â€¢ High Resolution of 240*280 Pixel & 1.69 inch IPS LCD Screen covered with a 2.5D Full Lamination for best protection, Track 120 sports modes efficiently and analyse performance based upon saved history, This smartwatch can withstand dust, spills, raindrops and is sweatproof too with an IP rating IP67, Track your blood oxygen (SpO2), Heart Rate with latest HRS3600 Technology Sensor, Monitor your breathing exercise every morning to lead a healthy life, Make sure you sleep 8 hours with the sleep monitor to help you look beautiful and fresh always, With 8 In Built Watch faces and over 100 cloud watch faces match your mood and style, Smartphone notifications on your tips, All new find device feature, now no need to find the phone manually, Play Games on your wrist in your leisure time\nAudio And Video Features\nSpeaker\nYes\nMicrophone\nYes\nDimensions\nWidth\n43.5 mm\nHeight\n38.5 mm\nThickness\n9.5 mm\nWeight\n40 g\nWarranty\nWarranty Summary\nCovers Manufacturing Defects\nWarranty Service Type\nContact infocare@boltt.com to Claim Warranty. Replacement will be given by the brand against Manufacturing Defects.\nCovered in Warranty\nManufacturing Defects\nNot Covered in Warranty\nPhysical & Water Damage\nDomestic Warranty\n1 Year",
            "rating": 0.0,
            "price": 2400.0,
            "offer": 55.0,
            "type": "",
            "brand": "fire-boltt ninja",
            "category": "electronics",
            "merchantId": 1248,
            "quantity": 25,
            "status": "ACTIVE",
            "thumbnailURL": "https://rukminim2.flixcart.com/image/612/612/xif0q/smartwatch/k/k/7/-original-imagkfm8qy9ecd8p.jpeg?q=70",
            "productImageURLs": [
                "https://rukminim2.flixcart.com/image/416/416/xif0q/smartwatch/f/m/f/-original-imagkfm8zmbnjr76.jpeg?q=70",
                "https://rukminim2.flixcart.com/image/416/416/xif0q/smartwatch/w/q/k/-original-imagkfm8hdjsbyz4.jpeg?q=70",
                "https://rukminim2.flixcart.com/image/416/416/xif0q/smartwatch/f/n/z/-original-imagkfm8zxtzmdsn.jpeg?q=70",
                "https://rukminim2.flixcart.com/image/416/416/xif0q/smartwatch/f/n/w/-original-imagkfm8npgnczpk.jpeg?q=70",
                "https://rukminim2.flixcart.com/image/416/416/xif0q/smartwatch/k/k/7/-original-imagkfm8qy9ecd8p.jpeg?q=70"
            ],
            "searchTags": [
                "fire boltt smart watch ",
                "Smart watch",
                "Fire-Boltt Ninj",
                "Fire-Boltt "
            ],
            "reviews": null,
            "createdDateTime": "2023-09-13T13:08:00.015",
            "zoneId": "ALPHA"
        },
        {
            "productId": 143,
            "name": "Galaxy Z Fold5 ",
            "title": "(Phantom Black, 12GB RAM, 512GB Storage)",
            "description": "\nBrand\tSamsung\nModel Name\tSamsung Galaxy Fold5 5G\nNetwork Service Provider\tUnlocked for All Carriers\nOperating System\tAndroid 13.0\nCellular Technology\t5G,4G LTE\nAbout this item\nStands out. Stands up. Unfolds. The Galaxy Z Fold5 does a lot in one hand with its 15.73 cm(6.2-inch) Cover Screen. Unfolded, the 19.21 cm(7.6-inch) Main Screen lets you really get into the zone. Pushed-back bezels and the Under Display Camera means there's more screen and no black dot getting between you and the breathtaking Infinity Flex Display.\nDo more than more with Multi View. Whether toggling between texts or catching up on emails, take full advantage of the expansive Main Screen with Multi View. PC-like power in your pocket transforms apps optimized with One UI to give you menus and more in a glance\nNew Taskbar for PC-like multitasking. Wipe out tasks in fewer taps. Add apps to the Taskbar for quick navigation and bouncing between windows when you're in the groove. And with App Pair, one tap launches up to three apps, all sharing one super-productive screen\nOur toughest Samsung Galaxy foldables ever. From the inside out, Galaxy Z Fold5 is made with materials that are not only stunning, but stand up to life's bumps and fumbles. The front and rear panels, made with exclusive Corning Gorilla Glass Victus2, are ready to resist sneaky scrapes and scratches. With our toughest aluminum frame made with Armor Aluminum, this is one durable smartphone.\nWorld’s first water resistant foldable smartphones. Be adventurous, rain or shine. You don't have to sweat the forecast when you've got one of the world's first water-resistant foldable smartphones.",
            "rating": 0.0,
            "price": 164999.0,
            "offer": 30.0,
            "type": "mobile",
            "brand": "sansung",
            "category": "electronics",
            "merchantId": 1248,
            "quantity": 20,
            "status": "ACTIVE",
            "thumbnailURL": "https://m.media-amazon.com/images/I/71RLYJvBidL._SX522_.jpg",
            "productImageURLs": [
                "https://m.media-amazon.com/images/I/61bjfEWCd5L._SX522_.jpg",
                "https://m.media-amazon.com/images/I/71aD7cnkttL._SX522_.jpg",
                "https://m.media-amazon.com/images/I/61qVnohMTPL._SX522_.jpg",
                "https://m.media-amazon.com/images/I/71RLYJvBidL._SX522_.jpg"
            ],
            "searchTags": [
                "offer",
                "galaxy",
                "snapdragon",
                "5g",
                "fold",
                "z",
                "samsung"
            ],
            "reviews": [
                {
                    "reviewId": 1522,
                    "shopperId": 18195,
                    "shopperName": "Parimal",
                    "heading": "review",
                    "description": "Good and user friendly",
                    "rating": 4.0,
                    "dateTime": "2023-12-05T17:52:52.867"
                }
            ],
            "createdDateTime": "2023-09-13T13:09:30.489",
            "zoneId": "ALPHA"
        },
        {
            "productId": 144,
            "name": "Lipstick",
            "title": "Swiss Beauty Pure Matte Lipstick",
            "description": "Brand\tSWISS BEAUTY\nColour\tBare\nSkin Type\tNormal\nItem Form\tStick\nFinish Type\tMatte\nProduct Benefits\tHydrating,Longlasting,Nourishing,Smoothening\nCoverage\tFull",
            "rating": 0.0,
            "price": 300.0,
            "offer": 20.0,
            "type": "lipstick",
            "brand": "matte",
            "category": "beauty",
            "merchantId": 1248,
            "quantity": 200,
            "status": "ACTIVE",
            "thumbnailURL": "https://m.media-amazon.com/images/I/61eOv+UzlxL._SY450_.jpg",
            "productImageURLs": [
                "https://m.media-amazon.com/images/I/21xJ5iU6tXL._SS40_.jpg",
                "https://m.media-amazon.com/images/I/210LpShq+CL._SS40_.jpg",
                "https://m.media-amazon.com/images/I/31xkm8LEHVL._SS40_.jpg"
            ],
            "searchTags": [
                "matt",
                "lipstick"
            ],
            "reviews": null,
            "createdDateTime": "2023-09-13T13:09:44.593",
            "zoneId": "ALPHA"
        },
        {
            "productId": 145,
            "name": "women zipper tote handbag",
            "title": "women handbag",
            "description": "Faux leather material aqua colored satchel\n33 centimeters height x 23 centimeters length x 12 centimeters width\nZip closure\nDo not expose to extreme heat\nMetal logo",
            "rating": 0.0,
            "price": 1959.0,
            "offer": 0.0,
            "type": "",
            "brand": "caprese",
            "category": "women",
            "merchantId": 1248,
            "quantity": 60,
            "status": "ACTIVE",
            "thumbnailURL": "https://m.media-amazon.com/images/I/815Df+qVskL._UY695_.jpg",
            "productImageURLs": [
                "https://m.media-amazon.com/images/I/81Gtp4pqDYL._UY695_.jpg",
                "https://m.media-amazon.com/images/I/81xCcmQVd1L._UY695_.jpg",
                "https://m.media-amazon.com/images/I/81S+3cuVhAL._UX625_.jpg"
            ],
            "searchTags": [
                "caprese",
                "tote bags",
                "hand bags",
                "bags"
            ],
            "reviews": null,
            "createdDateTime": "2023-09-13T13:10:15.308",
            "zoneId": "ALPHA"
        },
        {
            "productId": 146,
            "name": "jacket",
            "title": "denim jacket",
            "description": "Product Dimensions ‏ : ‎ 30 x 24 x 2 cm; 450 Grams\nDate First Available ‏ : ‎ 11 March 2023\nManufacturer ‏ : ‎ Dimpy Garments\nASIN ‏ : ‎ B0BY51SB83\nItem part number ‏ : ‎ jacket-2436PLUSD_3XL\nCountry of Origin ‏ : ‎ India\nDepartment ‏ : ‎ Womens\nManufacturer ‏ : ‎ Dimpy Garments\nPacker ‏ : ‎ Dimpy Garments\nItem Weight ‏ : ‎ 450 g\nItem Dimensions LxWxH ‏ : ‎ 30 x 24 x 2 Centimeters\nNet Quantity ‏ : ‎ 1.00 count\nBest Sellers Rank: #13,829 in Clothing & Accessories (See Top 100 in Clothing & Accessories)\n#38 in Women's Jackets",
            "rating": 0.0,
            "price": 600.0,
            "offer": 0.0,
            "type": "women-jacket-coat",
            "brand": "denim",
            "category": "women",
            "merchantId": 1248,
            "quantity": 1,
            "status": "ACTIVE",
            "thumbnailURL": "DIMPY GARMENTS Plus Size Denim Jacket For Women",
            "productImageURLs": [
                "https://m.media-amazon.com/images/I/61rrKKi4QnL._UY741_.jpg"
            ],
            "searchTags": [
                "small",
                "medium "
            ],
            "reviews": null,
            "createdDateTime": "2023-09-13T13:11:19.878",
            "zoneId": "ALPHA"
        },
        {
            "productId": 147,
            "name": "headphome",
            "title": "boat  headphones",
            "description": "Active noise cancellation for uninterrupted listening pleasure\nSuperior wireless sound with deep dynamic bass and quality codec support including AAC and AptX Low Latency\n30-hour battery life\nCrafted from quality materials for outstanding durability with a minimalist design available in a choice of white or black\nIntuitive controls including Virtual Assistant button for Siri and Google Assistant\nUSB-C fast charging and advanced wireless Bluetooth 5.0 technology for effortlessly reliable connectivity",
            "rating": 0.0,
            "price": 45000.0,
            "offer": 0.0,
            "type": "headphones",
            "brand": "boat",
            "category": "electronics",
            "merchantId": 1248,
            "quantity": 1,
            "status": "ACTIVE",
            "thumbnailURL": "Sennheiser HD 450BT (ANC) Bluetooth 5.0 Wireless Over Ear Headphone with Mic, Designed in Germany, Alexa Built-in - Active Noise Cancellation, 30h Battery,Fast Charging, Foldable, 2Yr WARRANTY - Black",
            "productImageURLs": [
                "https://m.media-amazon.com/images/I/71z97HfSZxS._SX522_.jpg"
            ],
            "searchTags": [
                "wire less"
            ],
            "reviews": null,
            "createdDateTime": "2023-09-13T13:11:19.879",
            "zoneId": "ALPHA"
        },
        {
            "productId": 148,
            "name": "boAt Airdopes 131",
            "title": "boat airdopes",
            "description": "With Mic:Yes\nBluetooth version: 5.0 / 5.1\nWireless range: 10 m\nCharging time: 2 Hours\nPlayback Time: Upto 15 to 60 Hours Playback\nASAP Charge: 5 Mins Charge= 90 Mins Playback\n13MM Drivers\n7.IPX4: Sweat Resistance\n\nAre you looking for a wireless earbud-type headset that delivers an impressive playback time? If your answer is yes, bring home the boAt Airdopes 131 that comes with a carrying case. This carrying case also acts as a 650 mAh portable charger that extends the playback time of these earbuds by up to 15 hours, i.e. 4 times its normal charging capacity. The normal battery capacity of each of these earbuds is 40 mAh and this delivers up to 3 hours of playback time. These earbuds feature Bluetooth v5.0 technology that delivers a stable connection that lets your rock on without connectivity issues. The stereo calling feature of these earbuds allows you to enjoy calls via its built-in microphone and 13-mm drivers. These earbuds are powered up by the IWP Technology featured in them the moment you open the case. The presence of a Type-C charging port ensures you can easily charge it with any charger that has a compatible cable.",
            "rating": 0.0,
            "price": 1200.0,
            "offer": 10.0,
            "type": "headphones",
            "brand": "boat",
            "category": "electronics",
            "merchantId": 1248,
            "quantity": 12,
            "status": "ACTIVE",
            "thumbnailURL": "https://rukminim2.flixcart.com/image/612/612/xif0q/headphone/1/8/l/-original-imagqhswqgpwb2yu.jpeg?q=70",
            "productImageURLs": [
                "https://rukminim2.flixcart.com/image/416/416/l23mhzk0/headphone/z/6/o/-original-imagdgum7gtgwjfr.jpeg?q=70",
                "https://rukminim2.flixcart.com/image/416/416/xif0q/headphone/4/t/b/-original-imagjwgz38hjmehb.jpeg?q=70",
                "https://rukminim2.flixcart.com/image/416/416/xif0q/headphone/q/o/h/-original-imagjwgzgucg95g2.jpeg?q=70"
            ],
            "searchTags": [
                "True Wireless",
                "Active Black",
                "Bluetooth Headset",
                "ASAP Charge",
                "60 Hours",
                "131",
                "Airdopes",
                "Boat"
            ],
            "reviews": null,
            "createdDateTime": "2023-09-13T13:12:46.957",
            "zoneId": "ALPHA"
        },
        {
            "productId": 149,
            "name": "SONY 138.8 cm (55 inch) Ultra HD (4K) LED Smart Google TV 2022 Edition  (KD-55X74K)",
            "title": "SONY 138.8 cm",
            "description": "Supported Apps: Netflix|Prime Video|Disney+Hotstar|Youtube\nOperating System: Google TV\nResolution: Ultra HD (4K) 3840 x 2160 Pixels\nSound Output: 20 W\nRefresh Rate: 60 Hz",
            "rating": 0.0,
            "price": 64999.0,
            "offer": 10.0,
            "type": "electronic-accessories",
            "brand": "sony",
            "category": "electronics",
            "merchantId": 1248,
            "quantity": 6,
            "status": "ACTIVE",
            "thumbnailURL": "https://rukminim2.flixcart.com/image/312/312/xif0q/television/d/k/e/-original-imagm2e6ztgrawkg.jpeg?q=70",
            "productImageURLs": [
                "https://rukminim2.flixcart.com/image/416/416/xif0q/television/3/9/a/-original-imagm2e6utaw5cns.jpeg?q=70",
                "https://rukminim2.flixcart.com/image/416/416/xif0q/television/c/i/r/-original-imagm2e6nhdhjps8.jpeg?q=70"
            ],
            "searchTags": [
                "HD",
                "ultra hd",
                "55 inch",
                "138",
                "Sony"
            ],
            "reviews": null,
            "createdDateTime": "2023-09-13T13:12:46.957",
            "zoneId": "ALPHA"
        },
        {
            "productId": 151,
            "name": "SAMSUNG 236 L Refrigerator",
            "title": "Refrigerator",
            "description": "\nIn The Box\n1 Refrigerator, User Manual, Warranty Card\nType\nDouble Door\nRefrigerator Type\nTop Mount\nDefrosting Type\nFrost Free\nCompressor Type\nDigital Inverter Compressor\nCapacity\n236 L\nNumber of Doors\n2\nStar Rating\n2\nCoolpad\nNo\nToughened Glass\nYes\nBuilt-in Stabilizer\nYes\nBody And Design Features\nBody Material\nStainless Steel\nDisplay Type\nLED\nPower Features\nBEE Rating Year\n2023\nAdditional Features\nLaunch Year\n2023\nDimensions\nNet Height\n1673 mm\nNet Depth\n637 mm\nNet Width\n566 mm\nWeight\n49 kg\nInstallation & Demo\nInstallation & Demo\nAuthorized Service Engineer will install the Refrigerator, make it operational and explain the below details. 1. How to Use, 2. Features,3. Do's and Don'ts.\nWarranty\nWarranty Service Type\nTechnician Visit\nWarranty Summary\n1 Year Comprehensive Warranty on Product and 20 Years Warranty on Compressor\nCovered in Warranty\nAll Parts Excluding Plastic Parts, Glassware, Bulb and Tube from the Date of Purchase Against Defective Material and Workmanship\nNot Covered in Warranty\nParts: Plastic / Glassware / Bulb / Tube. Any Accessories External to the Product. The Product is Not Used According to the Instructions Given in the Instructions Manual. Defects Caused by Improper Use as Determined by the Company Personnel. Modification or Alteration of Any Nature made in the Electrical Circuitry or Physical Construction of the Set. Site (Where the Premises is Kept) Conditions That do Not Confirm to the Recommended Operating Conditions of the Machine. The Serial Number is Removed, Altered or Obliterated from the Machine. Defects Due to Cause Beyond Control Like Lightening, Abnormal Voltage, Acts of God or While in Transit to the Service Centres or Purchasers Residence",
            "rating": 0.0,
            "price": 32000.0,
            "offer": 5.0,
            "type": "electronic-accessories",
            "brand": "samsung",
            "category": "electronics",
            "merchantId": 1248,
            "quantity": 2,
            "status": "ACTIVE",
            "thumbnailURL": "https://www.flipkart.com/samsung-236-l-frost-free-double-door-2-star-refrigerator-base-drawer/p/itm22470dcc0ab57?pid=RFRGNHK6RUMGXZWF&lid=LSTRFRGNHK6RUMGXZWFUNMMCK&marketplace=FLIPKART&store=j9e%2Fabm%2Fhzg&srno=b_1_16&otracker=nmenu_sub_TVs%20%26%20Appliances_0_Double%20Door&fm=neo%2Fmerchandising&iid=8e8e137e-a704-4d11-aca1-4b397ba8a3ff.RFRGNHK6RUMGXZWF.SEARCH&ppt=browse&ppn=browse&ssid=49p4v2j1280000001694589962736",
            "productImageURLs": [
                "https://rukminim2.flixcart.com/image/416/416/xif0q/refrigerator-new/i/0/t/rt28c31429r-hl-1673-2-2023-49-samsung-566-637-original-imagzkg6knce85vb.jpeg?q=70",
                "https://rukminim2.flixcart.com/image/416/416/xif0q/refrigerator-new/3/c/a/rt28c31429r-hl-1673-2-2023-49-samsung-566-637-original-imagzkg6dx8nt8du.jpeg?q=70",
                "https://rukminim2.flixcart.com/image/416/416/xif0q/refrigerator-new/o/6/c/rt28c31429r-hl-1673-2-2023-49-samsung-566-637-original-imagzkg6tzzkzqqk.jpeg?q=70"
            ],
            "searchTags": [
                "Refrigerator",
                "236 L",
                "Samsung"
            ],
            "reviews": [
                
            ],
            "createdDateTime": "2023-09-13T13:12:46.959",
            "zoneId": "ALPHA"
        },
        {
            "productId": 152,
            "name": "Women Pure Cotton Kurta Trouser Set",
            "title": "Kurta Trousers set",
            "description": "Fabric\nPure Cotton\nType\nKurta and Trousers Set\nSales Package\n1,Kurta, 1,Trousers, 1, Dupatta\nStyle Code\nKH0GY7003\nTop fabric\nCotton\nBottom fabric\nCotton\nTop type\nKurta\nBottom type\nTrouser",
            "rating": 4.0,
            "price": 2500.0,
            "offer": 10.0,
            "type": "women-ethnic-wear",
            "brand": "indo era",
            "category": "women",
            "merchantId": 1248,
            "quantity": 8,
            "status": "ACTIVE",
            "thumbnailURL": "https://rukminim2.flixcart.com/image/612/612/xif0q/ethnic-set/a/4/u/m-kh0gy7003-indo-era-original-imagzhez4v3shj6m.jpeg?q=70",
            "productImageURLs": [
                "https://rukminim2.flixcart.com/image/832/832/xif0q/ethnic-set/j/c/e/m-kh0gy7003-indo-era-original-imagzhezfbjrehvx.jpeg?q=70",
                "https://rukminim2.flixcart.com/image/832/832/xif0q/ethnic-set/l/y/4/m-kh0gy7003-indo-era-original-imagzhezwhbz9rkf.jpeg?q=70",
                "https://rukminim2.flixcart.com/image/832/832/xif0q/ethnic-set/0/n/j/m-kh0gy7003-indo-era-original-imagzhezh592xhc2.jpeg?q=70"
            ],
            "searchTags": [
                "indo era",
                "kurta set",
                "Kurta trousers",
                "Kurta"
            ],
            "reviews": [
                {
                    "reviewId": 2495,
                    "shopperId": 11521,
                    "shopperName": "ROOPA ABC",
                    "heading": "good",
                    "description": "nice quality n color",
                    "rating": 4.0,
                    "dateTime": "2024-01-04T10:00:23.586"
                }
            ],
            "createdDateTime": "2023-09-13T13:12:46.959",
            "zoneId": "ALPHA"
        },
        {
            "productId": 153,
            "name": "Solo Microwave",
            "title": "25L Microwave",
            "description": "Eligible for Free Open Box Inspection Details \nBrand\tIFB\nColour\tSilver\nHeating Method\tSolo\nFinish Type\tPolished\nFuel Type\tElectric\nAbout this item\n25L Capacity: Suitable for families with 5 to 6 members\nSolo: Can be used for Reheating, Melting and Cooking\nIFB offer a super warranty 1 year on Microwave Oven & 3 years on magnetron & cavity\nIncluded in the Box : Microwave Oven, Unit Glass Turntable, Wire Rack, Quick Guide Label, Warranty Card\nControl: Push buttons and jog dial is sensitive to touch and easy to clean\nNo. of Programes: Multi Stage Cooking, Quick Start, Auto Defrost, Delay Start,\nChild Safety Lock: Ensures complete safety especially for homes with young children",
            "rating": 0.0,
            "price": 8000.0,
            "offer": 40.0,
            "type": "electronic-accessories",
            "brand": "ifb",
            "category": "electronics",
            "merchantId": 1248,
            "quantity": 10,
            "status": "ACTIVE",
            "thumbnailURL": "https://m.media-amazon.com/images/I/61yBQH2ufUL._SX679_.jpg",
            "productImageURLs": [
                "https://m.media-amazon.com/images/I/81mLs7z5LeL._SX679_.jpg",
                "https://m.media-amazon.com/images/I/71tK007qJaL._SX679_.jpg",
                "https://m.media-amazon.com/images/I/71QtV+QSv9L._SX679_.jpg"
            ],
            "searchTags": [
                "Microwave",
                "Solo",
                "IFB"
            ],
            "reviews": null,
            "createdDateTime": "2023-09-13T13:13:13.269",
            "zoneId": "ALPHA"
        },
        {
            "productId": 154,
            "name": "Wooum Rechargeable Led Desk Lamp",
            "title": "Wooum Rechargeable Led Desk Lamp Touch Control On/Off Student Study Table Lamp Night Lamp for Children - Eye Protection Lamp, Pack of 1, Colour: White",
            "description": "Style\tModern\nBrand\tWooum\nColour\tWhite\nProduct Dimensions\t29D x 10W x 3H Centimeters\nSpecial Feature\tEnergy Efficient, Flexible, Lightweight, Portable, Rechargeable, Dimmable, Touch Control, USB Port,\nLight Source Type\tLED\nFinish Type\tPolished\nMaterial\tPlastic\nLamp Type\tÂ Desk Lamp, Table Lamp\nRoom Type\tBedroom, Study Room\nAbout this item\nPRODUCT DETAILS: USB port for convenient device charging with 1.2 meters USB Cable. with 5V micro USB charging cord, which also can be charged by computer, laptop and power bank. With mobile phone stand to hold the mobile phone. The Phone Stand, frees your hands and being practical for you to watch videos for long hours. Use silicon tube to adjust the lighting angle. This Table Lamp is Operated with Touch and can be easily adjusted with it Flexible Body features.\nPORTABLE DESIGN: The small and portable design, which means you, can fold easily to carry it wherever you go. Soft and high quality goosenecks hose of with flexible 360 degree can be bending at your will.\nCHARGING INDICATOR: WOOUM Table Lamp comes with charging indicator but there are no indicator available which shows full battery charge or level of battery charged. Connect the USB power cord to the USB adapter for charging. It is being charged as the red indication light on. Charge fully at least once every 3 months if it is not in use. Lightweight and compact size convenient to carry and for your travel. Backup time - 120 minutes.\nNOTE: PLEASE DO NOT USE WHILE CHARGING, PLEASE DO NOT TURN ON WHILE CHARGING. Packing contents: 1 X Light; 1 x USB charging line. Switch Type: Touch Light , Brightness : Touch Dimming , Light Source: LED Bulbs.\nENERGY AND RECHARGEABLE: This Rechargeable WOOUM Table Lamp has a twin AC-DC Function. You can charge It fully in 3 to 4 hours and then can use it on the DC mode when there is a power failure. You can operate by AC power directly when there is electricity through adapter. Low consumption and long lifespan. Besides, it is a good choice for your family as emergency lighting when there is a sudden power outage.\nUSAGE: Furnish and light up your desk with this luxurious WOOUM Rechargeable LED Desk lamp. The table lamp comes with high bright LED lights. You can easily control the intensity of the light with dimming features. Bright LED light source, 3 adjustable levels, no radiation, no ultraviolet, no flicker, eye-friendly and energy efficient.\nLIGHTING HOURS:- Lights resists heating up and lasts for 120 Minutes if used under strongest light setting and 2-3 hours if used under weak light setting. Surface light source is more protective of the EYES. Operating off of easy-to-use, touch-sensitive control, this LED desk lamp is perfect for quick, versatile lighting. With a modern design ideal for any office space, this DC 5V rated voltage lamp is able to adjust to your needs.",
            "rating": 0.0,
            "price": 379.0,
            "offer": 55.0,
            "type": "electronic-accessories",
            "brand": "wooum rechargeable led desk lamp",
            "category": "electronics",
            "merchantId": 1248,
            "quantity": 500,
            "status": "ACTIVE",
            "thumbnailURL": "https://m.media-amazon.com/images/I/511YSOOppXL._SX425_.jpg",
            "productImageURLs": [
                "https://m.media-amazon.com/images/I/41XQF2eSWaL._SS75_.jpg",
                "https://m.media-amazon.com/images/I/31in-vgkFBL._SS75_.jpg",
                "https://m.media-amazon.com/images/I/41DlLeKA9pL._SS75_.jpg",
                "https://m.media-amazon.com/images/I/511YSOOppXL._SX425_.jpg"
            ],
            "searchTags": [
                "room decor",
                "electronics",
                "touch lamp",
                "led",
                "lamp"
            ],
            "reviews": [
                
            ],
            "createdDateTime": "2023-09-13T13:13:46.222",
            "zoneId": "ALPHA"
        },
        {
            "productId": 155,
            "name": "U.S. POLO ASSN. Men Shirt",
            "title": "Men Shirt",
            "description": "\nBrand\tU.S. POLO ASSN.\nColour\tWhite\nFit Type\tRegular Fit\nStyle\tWestern\nNeck Style\tCollared Neck\nAge Range (Description)\tAdult\nMaterial\tCotton\nSleeve Type\tLong Sleeve\nFabric Type\tCotton\nOccasion\tEvening\nSee more\nAbout this item\nCare Instructions: Machine Wash\nFit Type: Regular Fit\nSpread collar\nChest patch pocket with logo\nFull button placket\nLong sleeves with rounded cuffs\nPleated with loop detail at back",
            "rating": 3.0,
            "price": 1220.0,
            "offer": 10.0,
            "type": "men-sweatshirt",
            "brand": "u.s. polo assn",
            "category": "men",
            "merchantId": 1248,
            "quantity": 23,
            "status": "ACTIVE",
            "thumbnailURL": "https://m.media-amazon.com/images/I/61FXhXLibsL._UX522_.jpg",
            "productImageURLs": [
                "https://m.media-amazon.com/images/I/61f+DmIZEXL._UX522_.jpg",
                "https://m.media-amazon.com/images/I/61aKrPTPwaL._UX522_.jpg",
                "https://m.media-amazon.com/images/I/61Ty1fNw15L._UX522_.jpg"
            ],
            "searchTags": [
                "us polo",
                "shirt"
            ],
            "reviews": [
                {
                    "reviewId": 6602,
                    "shopperId": 57378,
                    "shopperName": "soundharya lahari Namashivayam",
                    "heading": "jhghgShirt",
                    "description": "mlkj.lgood",
                    "rating": 3.0,
                    "dateTime": "2024-04-22T07:54:30.047"
                }
            ],
            "createdDateTime": "2023-09-13T13:14:13.158",
            "zoneId": "ALPHA"
        },
        {
            "productId": 156,
            "name": "Sony PS5 Console",
            "title": "SONY PS5 Console COD MW2 VCH Bundle (CFI-1208A01R) 825GB SSD GB with Call of Duty WMII Game  (White)",
            "description": "\nBrace yourself for a whole new world of possibilities as the PS5 unleashes unparalleled power and innovation. Get ready to elevate your gaming experience to new heights with the Sony PlayStation 5 Console. Unleash the power of play, immerse yourself in stunning visuals, and explore a world of endless possibilities. With the PS5, gaming will never be the same again.\n\nSpecifications\nGeneral\nModel Number\nPS5 Console COD MW2 VCH Bundle (CFI-1208A01R)\nSales Package\nGaming Console, Wireless Controller, Manual, AC Power Cord, USB Cable, HDMI Cable\nAdditional Content\nASTRO�s PLAYROOM (Pre-installed game. Console may need to be updated to the latest system software version. Internet connection required.)\nConsole Type\nConsole\nHDMI\n1\nUSB\n3\nMotion Controller Included\nN/A\nWarranty\nWarranty Summary\n1 Year Warranty\nWarranty Service Type\nCarry-in\nCovered in Warranty\nManufacturing Defects\nNot Covered in Warranty\nPhysical and Water Damages\nManufacturing, Packaging and Import Info: Sony Computer Entertainment Inc 1 7 1 Konan Minato ku Tokyo 108 0075 Japan",
            "rating": 5.0,
            "price": 60000.0,
            "offer": 25.0,
            "type": "electronic-accessories",
            "brand": "sony",
            "category": "electronics",
            "merchantId": 1248,
            "quantity": 75,
            "status": "ACTIVE",
            "thumbnailURL": "https://rukminim2.flixcart.com/image/416/416/xif0q/gamingconsole/f/l/6/ps5-console-cod-wm2-vch-bundle-cfi-1208a01r-825gb-ssd-sony-n-a-original-imagqhg84tkxdcev.jpeg?q=70",
            "productImageURLs": [
                "https://rukminim2.flixcart.com/image/128/128/xif0q/gamingconsole/x/0/i/ps5-console-cod-wm2-vch-bundle-cfi-1208a01r-825gb-ssd-sony-n-a-original-imagqhg8jhghyhzh.jpeg?q=70",
                "https://rukminim2.flixcart.com/image/416/416/xif0q/gamingconsole/f/l/6/ps5-console-cod-wm2-vch-bundle-cfi-1208a01r-825gb-ssd-sony-n-a-original-imagqhg84tkxdcev.jpeg?q=70",
                "https://rukminim2.flixcart.com/image/416/416/xif0q/gamingconsole/1/9/r/ps5-console-cod-wm2-vch-bundle-cfi-1208a01r-825gb-ssd-sony-n-a-original-imagqhg8uzpzawgx.jpeg?q=70",
                "https://rukminim2.flixcart.com/image/416/416/xif0q/gamingconsole/1/9/r/ps5-console-cod-wm2-vch-bundle-cfi-1208a01r-825gb-ssd-sony-n-a-original-imagqhg8uzpzawgx.jpeg?q=70"
            ],
            "searchTags": [
                "White",
                " WMII Game ",
                "PS",
                "SONY PS5 Console COD",
                "Sony",
                "Call of Duty",
                "SONY PS5 Console COD MW2 VCH Bundle (CFI-1208A01R) 825GB SSD GB with Call of Duty WMII Game ",
                "SONY PS5 Console COD MW2 VCH Bundle (CFI-1208A01R) 825GB SSD GB with Call of Duty WMII Game  (White)"
            ],
            "reviews": [
                {
                    "reviewId": 179,
                    "shopperId": 2044,
                    "shopperName": "Nishad",
                    "heading": "Best PS5, fast Processor",
                    "description": "This is the PS5 I have ever seen, runs smoothly, has lot of storage space, looks premium, feels premium",
                    "rating": 5.0,
                    "dateTime": "2023-09-18T23:17:56.778"
                }
            ],
            "createdDateTime": "2023-09-13T13:15:01.194",
            "zoneId": "ALPHA"
        },
        {
            "productId": 157,
            "name": "elephant toy",
            "title": "Mi Arcus Elephant Soft Toy",
            "description": "Brand\tMi Arcus\nAnimal theme\tElephant\nTheme\tAnimal\nToy figure type\tStuffed Toy\nColour\tMARINA",
            "rating": 3.0,
            "price": 1000.0,
            "offer": 20.0,
            "type": "",
            "brand": "mi arcus",
            "category": "kids",
            "merchantId": 1248,
            "quantity": 10,
            "status": "ACTIVE",
            "thumbnailURL": "https://m.media-amazon.com/images/I/91vEhvqD1EL._SX466_.jpg",
            "productImageURLs": [
                "https://m.media-amazon.com/images/I/4104EhzCaaL._SS40_.jpg",
                "https://m.media-amazon.com/images/I/412aX8F9VqL._SS40_.jpg",
                "https://m.media-amazon.com/images/I/41KgDhH8YPL._SS40_.jpg"
            ],
            "searchTags": [
                "kids",
                "toy",
                "elephant"
            ],
            "reviews": [
                {
                    "reviewId": 8043,
                    "shopperId": 78993,
                    "shopperName": "Rajput Anjali",
                    "heading": "product is ok",
                    "description": "Product is not worth buying",
                    "rating": 3.0,
                    "dateTime": "2024-05-29T18:51:31.039"
                }
            ],
            "createdDateTime": "2023-09-13T13:15:14.152",
            "zoneId": "ALPHA"
        },
        {
            "productId": 158,
            "name": "iphone",
            "title": "promax13",
            "description": "\nBrand\tLONTECT\nColor\tPurple\nForm Factor\tBumper\nCompatible Phone Models\tiPhone 13 Pro Max\nMaterial\tSilicone, Plastic, Polycarbonate\n",
            "rating": 0.0,
            "price": 100000.0,
            "offer": 50.0,
            "type": "mobile",
            "brand": "apple",
            "category": "electronics",
            "merchantId": 1248,
            "quantity": 100,
            "status": "ACTIVE",
            "thumbnailURL": "https://m.media-amazon.com/images/I/51QqoKROrSL._AC_UY327_FMwebp_QL65_.jpg",
            "productImageURLs": [
                "https://m.media-amazon.com/images/I/81+a8o8JJkL._AC_SX522_.jpg"
            ],
            "searchTags": [
                "iphone promax13 mobile"
            ],
            "reviews": null,
            "createdDateTime": "2023-09-13T13:15:16.303",
            "zoneId": "ALPHA"
        },
        {
            "productId": 159,
            "name": "iphone promax12",
            "title": "promax12",
            "description": "\nBrand\tOtterBox\nColor\tRock Skip Way\nForm Factor\tBasic Case\nCompatible Phone Models\tiPhone 12 Pro Max\nMaterial\tPolycarbonate",
            "rating": 0.0,
            "price": 80000.0,
            "offer": 20.0,
            "type": "mobile",
            "brand": "apple",
            "category": "electronics",
            "merchantId": 1248,
            "quantity": 50,
            "status": "ACTIVE",
            "thumbnailURL": "https://m.media-amazon.com/images/I/61mv+51bb3L._AC_UY327_FMwebp_QL65_.jpg",
            "productImageURLs": [
                "https://m.media-amazon.com/images/I/61mv+51bb3L._AC_UY327_FMwebp_QL65_.jpg"
            ],
            "searchTags": [
                "iphone promax12 mobile"
            ],
            "reviews": null,
            "createdDateTime": "2023-09-13T13:15:16.303",
            "zoneId": "ALPHA"
        },
        {
            "productId": 161,
            "name": "battery operated zeep",
            "title": "zeep",
            "description": "Key Features:\n\nMaterial: Plastic made up of very strong and sturdy material\n\nSeat: Roomy and spacious seat for kids\n\nBig Tyre: Wear resistant tyres, anti-skid tyres can be adapt to many types of road\n\nFunctions: Go forward/backward, turn left/ right, brake and gear shift\n\nParental control: Kid can drive this jeep on any flat surface and parents can also control it through Bluetooth remote\n\n\n\nSuitable Battery For Ride On\nSuitable Battery For Ride On\nSuitable Battery For Ride On\n\nSuitable Charger For Ride On\nSuitable Charger For Ride On\nSuitable Chargers For Ride On\nSpecifications:\n\nBrand - Fab N Funky \n\nType - Ride On Jeep\n\nManufacturer recommended age Age - 3 Years\n\n\n\nBody Specifications:\n\nLight- Yes \n\nMusic- Yes \n\nCharger- Yes \n\nSafety Harness Type- 2 Point Belt System\n\nRemote- Yes\n\n\n\nTechnical Specifications:\n\nProduct Dimension - L 121 x B 80 x H 46.5\n\nOverall Dimension - L 126 x B 75.5 x H 76 \n\nNo of Wheels- 4\n\nFront & Back Wheels Diameter- 29 Cm \n\nMotor Battery information- 12v/7.2 Ah\n\nSeat Dimension - L 49.5 x B 21 x H 31.5 cm\n\nRemote Battery Information- AAA 1.5 vol \n\nHandle Circumference- 64.5 Cm\n\nCarrying Capacity- 40 kg\n\nGross Weight- 35 kg 450 g\n\nNet Weight- 24 kg 340 g\n\n\nProduct Description:\n\nRide on jeep, with remote is a safe, easy to operate, ride on toy that can be used on any hard surface and lets your kid build a happy memory. This car is made from the most durable material allowing for an always smooth and enjoyable ride. With life-like features, ease of use, and durable body construction, they provide miles of enjoyment for children.",
            "rating": 0.0,
            "price": 27999.0,
            "offer": 0.0,
            "type": "",
            "brand": "babyhug",
            "category": "kids",
            "merchantId": 1248,
            "quantity": 10,
            "status": "ACTIVE",
            "thumbnailURL": "https://cdn.fcglcdn.com/brainbees/images/products/438x531/13050960a.webp",
            "productImageURLs": [
                "https://cdn.fcglcdn.com/brainbees/images/products/zoom/13050960f.jpg",
                "https://cdn.fcglcdn.com/brainbees/images/products/zoom/13050960c.jpg",
                "https://cdn.fcglcdn.com/brainbees/images/products/438x531/13050960b.webp"
            ],
            "searchTags": [
                "baby vehicle",
                "gears",
                "zeep",
                "cars"
            ],
            "reviews": null,
            "createdDateTime": "2023-09-13T13:15:31.438",
            "zoneId": "ALPHA"
        },
        {
            "productId": 162,
            "name": "Book",
            "title": "GSM classmate A4",
            "description": "Brand\tClassmate\nColour\tWhite\nMaterial\tPaper\nSheet Size\tA4\nSheet Count\t40\nAbout this item\nRuling type- unruled\nUses eco friendly and elemental no chlorine paper\nNotebook consists of papers\nThe cover design of the notebook is subject to change, it depends on stock availability",
            "rating": 0.0,
            "price": 64.0,
            "offer": 10.0,
            "type": "",
            "brand": "classmate",
            "category": "kids",
            "merchantId": 1248,
            "quantity": 250,
            "status": "ACTIVE",
            "thumbnailURL": "https://m.media-amazon.com/images/I/51jNezlRY1L._AC_UL600_FMwebp_QL65_.jpg",
            "productImageURLs": [
                "https://m.media-amazon.com/images/I/81P3PB2mtKL._AC_UL600_FMwebp_QL65_.jpg",
                "https://m.media-amazon.com/images/I/81cZfsOvmPL._AC_UL600_FMwebp_QL65_.jpg"
            ],
            "searchTags": [
                "GSM classmate A4",
                "drawing book",
                "classmate",
                "books"
            ],
            "reviews": null,
            "createdDateTime": "2023-09-13T13:17:04.41",
            "zoneId": "ALPHA"
        },
        {
            "productId": 164,
            "name": "fossil watch",
            "title": "fossils men's watch",
            "description": "Case size: 44mm; Band size: 22mm; quartz movement with 3-hand date analog display; mineral crystal face\nGrey plated stainless steel case; black dial with date window\nSmoke plated stainless steel bracelet with fold-over clasp closure; interchangeable with Fossil 22mm watch straps\nWater resistant to 165 feet (50 M): suitable for short periods of exposure to water i.e washing hands or showering/bathing. Not suitable for recreational swimming, diving or snorkeling. Circumference - 200+/- 5MM\n",
            "rating": 0.0,
            "price": 15000.0,
            "offer": 20.0,
            "type": "",
            "brand": "fossil",
            "category": "electronics",
            "merchantId": 1248,
            "quantity": 150,
            "status": "ACTIVE",
            "thumbnailURL": "https://aax-eu.amazon.in/x/c/RFcwFODVSnAN5GwnbdruPa4AAAGKjWqAMAMAAAH2AQBvbm9fdHhuX2JpZDMgICBvbm9fdHhuX2ltcDEgICAbsyfV/https://www.amazon.in/stores/page/BBEC8B29-C96C-4768-B078-C12FE7B884CE/?_encoding=UTF8&store_ref=SB_A08526733EPA6RZBG4SSG&pd_rd_plhdr=t&aaxitk=4cff3a8e993946d80eedd77d0edf92a2&hsa_cr_id=7813433610402&lp_asins=B09VK48ZZH%2CB09VKCSF96%2CB00NVAWTLY&lp_query=fossil%20watches%20for%20men&lp_slot=auto-sparkle-hsa-tetris&ref_=sbx_be_s_sparkle_mcd_bkgd&pd_rd_w=v0pd1&content-id=amzn1.sym.df9fe057-524b-4172-ac34-9a1b3c4e647d%3Aamzn1.sym.df9fe057-524b-4172-ac34-9a1b3c4e647d&pf_rd_p=df9fe057-524b-4172-ac34-9a1b3c4e647d&pf_rd_r=B2V6SNZYBTZF3Y2XESH9&pd_rd_wg=E1Sua&pd_rd_r=e5af8eb0-6763-48d1-b29a-c4836bbe826f",
            "productImageURLs": [
                "https://m.media-amazon.com/images/I/81Wvh4zcoFL._UX522_.jpg",
                "https://m.media-amazon.com/images/I/61-SUNPsxyL._UX522_.jpg",
                "https://m.media-amazon.com/images/I/81bilaW8nKL._UX522_.jpg"
            ],
            "searchTags": [
                "watches",
                "fossils watch for men",
                "fossils"
            ],
            "reviews": [
                
            ],
            "createdDateTime": "2023-09-13T13:18:06.35",
            "zoneId": "ALPHA"
        },
        {
            "productId": 165,
            "name": "kurtas",
            "title": "kurtas for women",
            "description": "Fit: True to size. Order usual size. \nSize:\n\nM\nColour: Mustard\n\nLight Blue::White\n \n\nMustard\nSimilar item to consider\n\nGRECIILOOKS Kurta Set with Dupatta for Women | Kurta Set for Women | Kurta Set with Pant Set | Cotton Kurta Set for Women | Ethnic wear Women Kurta Set\n (204)\n   699.00 \nSize Chart \nCare Instructions: Machine Wash\nKurta Fabric:- Cambric || Bottom Fabric:- Cotton || Dupatta Fabric:- Voile\nPackage Contents :- 1 Kurta :: 1 Pant :: 1 Dupatta\nNeck Type:- Mandarin Collar || Sleeve Type:- 3/4 Sleeve|| Pattern:- Checkered\nSIZE GUIDE : S, M, L, XL, 2XL : Size \"S\" Fits Upto bust 36 Inch, Size \"M\" Fits Upto bust 38 Inch, Size \"L\" Fits Upto bust 40 Inch, Size \"XL\" Fits Upto bust 42 Inch, Size \"XXL\" Fits Upto bust 44 Inch.\nNote :- The product may vary from the images due to various reasons like monitor setting or photographic lighting sources or handiwork and craftsmanship. Measurements shown may have a difference of 1.27 cm/0.5 inches\n",
            "rating": 0.0,
            "price": 1000.0,
            "offer": 20.0,
            "type": "",
            "brand": "stylum",
            "category": "women",
            "merchantId": 1248,
            "quantity": 200,
            "status": "ACTIVE",
            "thumbnailURL": "https://www.amazon.in/Stylum-Women-Cotton-Dupatta-PeachKhadiKpSet_Mustard_M/dp/B0B51PLJGX/ref=sr_1_7?crid=3EXBC750AVYOE&keywords=kurtas+for+women&qid=1694590270&sprefix=kurtas+for+women%2Caps%2C261&sr=8-7",
            "productImageURLs": [
                "https://m.media-amazon.com/images/I/71Qcp41m8sL._UX679_.jpg",
                "https://m.media-amazon.com/images/I/41V+qLyQuaL._SR38,50_.jpg",
                "https://m.media-amazon.com/images/I/71t18dEjnIL._UX679_.jpg"
            ],
            "searchTags": [
                "stylum brand",
                "kurtas for women",
                "kuras"
            ],
            "reviews": null,
            "createdDateTime": "2023-09-13T13:18:06.351",
            "zoneId": "ALPHA"
        },
        {
            "productId": 166,
            "name": "kurtas",
            "title": "w brand cotton kurtas",
            "description": "Colour: Raspberry Wine\nSize:\n\nXS\nSize Chart \nCare Instructions: Machine Wash\nFit Type: Regular\nCare Instructions - Machine-wash\nFabric Type - Polyester\nFIT TYPE - Regular Fit\nColor - Pink\nFASTENING - No Closure\n",
            "rating": 0.0,
            "price": 1500.0,
            "offer": 20.0,
            "type": "",
            "brand": "w",
            "category": "women",
            "merchantId": 1248,
            "quantity": 200,
            "status": "ACTIVE",
            "thumbnailURL": "https://aax-eu.amazon.in/x/c/RBLy_oAfgfW7p6n3tSO5yBEAAAGKjXkGkwMAAAH2AQBvbm9fdHhuX2JpZDEgICBvbm9fdHhuX2ltcDEgICBnFNDr/https://www.amazon.in/stores/page/9574448B-190D-4941-A4D1-71F221CD3C8D/?_encoding=UTF8&store_ref=SB_A0823542HIVQIS7EUDI1&pd_rd_plhdr=t&aaxitk=fe6b7c48c58dc1353a00a78fb39c0633&hsa_cr_id=0&lp_asins=B0B3XRQ85J%2CB078M6FB62&lp_query=short%20kurtis%20for%20women%20on%20jeans%20w%20brand&lp_slot=auto-sparkle-hsa-tetris&ref_=sbx_be_s_sparkle_ssd_bkgd&pd_rd_w=C9Nl3&content-id=amzn1.sym.df9fe057-524b-4172-ac34-9a1b3c4e647d%3Aamzn1.sym.df9fe057-524b-4172-ac34-9a1b3c4e647d&pf_rd_p=df9fe057-524b-4172-ac34-9a1b3c4e647d&pf_rd_r=2SWVC3QS8NXP09NEZQ42&pd_rd_wg=FvljL&pd_rd_r=0c152c03-1db5-484f-b478-6b61a99f804a",
            "productImageURLs": [
                "https://m.media-amazon.com/images/I/81hn1k3axuL._UY741_.jpg",
                "https://m.media-amazon.com/images/I/71CSjY805ML._UY741_.jpg",
                "https://m.media-amazon.com/images/I/81B3a5LWF4L._UY741_.jpg"
            ],
            "searchTags": [
                "kurtas",
                "w brand"
            ],
            "reviews": null,
            "createdDateTime": "2023-09-13T13:18:06.351",
            "zoneId": "ALPHA"
        },
        {
            "productId": 167,
            "name": "mobile accessories",
            "title": "geocarter cable",
            "description": "\nSpecific Uses For Product\tMobile holder, AC TV Remote Stand\nMaterial\tPlastic\nSpecial Feature\tPremium material, Multi-Purpose, Rust Resistant\nColour\tWhite\nBrand\tGEOCARTER\nFinish Type\tBrushed\nProduct Dimensions\t20D x 5W x 9H Centimeters\nShape\tRectangular\nPackage Type\tStandard Package",
            "rating": 0.0,
            "price": 500.0,
            "offer": 20.0,
            "type": "",
            "brand": "geocarter",
            "category": "electronics",
            "merchantId": 1248,
            "quantity": 50,
            "status": "ACTIVE",
            "thumbnailURL": "https://www.amazon.in/sspa/click?ie=UTF8&spc=MTo3MzYzMzE0MDgxNTA0NjIwOjE2OTQ1OTA5MjI6c3BfYXRmOjMwMDAzOTQ1NzQwMDYzMjo6MDo6&url=%2FGEOCARTER-Multi-Purpose-Accessories-Smartphone-Organizer%2Fdp%2FB0BBT3H1ML%2Fref%3Dsr_1_1_sspa%3Fcrid%3D2G2W4PLLCAS83%26keywords%3Dmobile%2Baccessories%26qid%3D1694590922%26s%3Delectronics%26sprefix%3Daccessor%252Celectronics%252C247%26sr%3D1-1-spons%26sp_csd%3Dd2lkZ2V0TmFtZT1zcF9hdGY%26psc%3D1",
            "productImageURLs": [
                "https://m.media-amazon.com/images/I/619jYUW4IqL._SX522_.jpg",
                "https://m.media-amazon.com/images/I/813DO3LmJxL._SL1500_.jpg"
            ],
            "searchTags": [
                "connector",
                "mobile backcase",
                "mobile accessories",
                "mobile charger"
            ],
            "reviews": null,
            "createdDateTime": "2023-09-13T13:18:06.352",
            "zoneId": "ALPHA"
        },
        {
            "productId": 168,
            "name": "California Almonds",
            "title": "100% Natural Premium| Premium Badam Giri | High in Fiber & Boost Immunity | Real Nuts | Whole Natural Badam",
            "description": "\nFlavour\tWhole Natural\nBrand\tHappilo\nAllergen Information\tTree Nuts, Gluten Free, Non-GMO, Dairy Free\nItem Weight\t1 Kilograms\nItem Form\tDried\nThis is a Vegetarian product.\nAbout this item\nSurely natural, these are raw, unsweetened, unsalted, no additives, no preservatives or added flavours. Relish the authentic taste of the nuts and stay healthy and happy.\nMunch a handful on the go or add it to your meal for that perfect crunch. Make a smoothie or add it to your dessert. Have it the way you like it anytime, anywhere.\nAlmonds are one of the most nutritious foods and are loaded with vitamins, minerals, protein and fibre. It provides the perfect crunch for every diet. From heart health to weight management, immunity and more, almonds benefit you in many ways.\nNon-GMO, Gluten free and Zero Transfat with no added preservatives.\nHappilo brings handpicked 100% Real Nuts for that crunchy, authentic and delicious taste. Quality guaranteed, it comes in a resealable bag to retain its crunch and freshness. Add a few in your diet and stay energized all day long.",
            "rating": 0.0,
            "price": 806.55,
            "offer": 12.0,
            "type": "",
            "brand": "happilo",
            "category": "men",
            "merchantId": 1248,
            "quantity": 40,
            "status": "ACTIVE",
            "thumbnailURL": "https://m.media-amazon.com/images/I/713D1eLsaqL._SX679_.jpg",
            "productImageURLs": [
                "https://m.media-amazon.com/images/I/81UyV3aqd7L._SX679_.jpg",
                "https://m.media-amazon.com/images/I/81HLMqEh1qL._SX679_.jpg",
                "https://m.media-amazon.com/images/I/719lIiofGBL._SX679_.jpg"
            ],
            "searchTags": [
                "almond"
            ],
            "reviews": [
                
            ],
            "createdDateTime": "2023-09-13T13:18:23.747",
            "zoneId": "ALPHA"
        },
        {
            "productId": 169,
            "name": "Tabets",
            "title": "Apple 2022 10.9-inch iPad",
            "description": "Brand\tApple\nModel Name\tiPad\nMemory Storage Capacity\t256 GB\nScreen Size\t10.9 Inches\nOperating System\tiPadOS\nAbout this item\nStriking 10.9-inch Liquid Retina display with True Tone\nA14 Bionic chip with 6-core CPU and 4-core GPU\n12MP Wide back camera\nLandscape 12MP Ultra Wide front camera with Center Stage\nTouch ID for secure authentication and Apple P",
            "rating": 4.0,
            "price": 74899.0,
            "offer": 0.0,
            "type": "electronic-accessories",
            "brand": "apple",
            "category": "electronics",
            "merchantId": 1248,
            "quantity": 300,
            "status": "ACTIVE",
            "thumbnailURL": "https://m.media-amazon.com/images/I/61ToKShnQvL._SX679_.jpg",
            "productImageURLs": [
                "https://m.media-amazon.com/images/I/71Xe1DNqYgL._SX679_.jpg",
                "https://m.media-amazon.com/images/I/61EuMyfxhdL._SX679_.jpg",
                "https://m.media-amazon.com/images/I/91R-qWezEWL._SX679_.jpg"
            ],
            "searchTags": [
                "10th Generation",
                "Blue ",
                "256GB",
                "iPad ",
                "10.9-inch",
                "Apple "
            ],
            "reviews": [
                {
                    "reviewId": 6494,
                    "shopperId": 61405,
                    "shopperName": "Yash",
                    "heading": "Good Product",
                    "description": "the camera quality of mobile is nice",
                    "rating": 4.0,
                    "dateTime": "2024-04-20T04:20:19.609"
                }
            ],
            "createdDateTime": "2023-09-13T13:18:26.695",
            "zoneId": "ALPHA"
        },
        {
            "productId": 170,
            "name": "boAt Airdopes 131 with upto 60 Hours and ASAP Charge Bluetooth Headset  (Active Black, True Wireless)",
            "title": "Airdopes",
            "description": "With Mic:Yes\nBluetooth version: 5.0 / 5.1\nWireless range: 10 m\nCharging time: 2 Hours\nPlayback Time: Upto 15 to 60 Hours Playback\nASAP Charge: 5 Mins Charge= 90 Mins Playback\n13MM Drivers\n7.IPX4: Sweat Resistance",
            "rating": 0.0,
            "price": 1200.0,
            "offer": 5.0,
            "type": "headphones",
            "brand": "boat",
            "category": "electronics",
            "merchantId": 1248,
            "quantity": 20,
            "status": "ACTIVE",
            "thumbnailURL": "https://rukminim2.flixcart.com/image/300/300/xif0q/headphone/1/8/l/-original-imagqhswqgpwb2yu.jpeg?q=90",
            "productImageURLs": [
                "https://rukminim2.flixcart.com/image/416/416/xif0q/headphone/q/o/h/-original-imagjwgzgucg95g2.jpeg?q=70"
            ],
            "searchTags": [
                "airdopes",
                "boat"
            ],
            "reviews": null,
            "createdDateTime": "2023-09-13T13:18:48.007",
            "zoneId": "ALPHA"
        },
        {
            "productId": 171,
            "name": "Hazel nut chocolate",
            "title": "Promo pack",
            "description": "\nBrand\tFerrero Rocher\nItem Form\tBall\nOccasion\tEaster, Birthday, Thank You, Thanksgiving\nChocolate Type\tMilk\nFlavour\tHazelnut, Chocolate\nNet Quantity\t400.0 gram\nSpeciality\tVegetarian\nNumber of Items\t2\nItem Weight\t200 Grams\nPackage Weight\t0.88 Pounds\nSee more\nThis is a Vegetarian product.\nAbout this item\nMilk chocolate gives you a rich experience\nCreamy filling will satisfy your chocolate cravings",
            "rating": 5.0,
            "price": 1100.0,
            "offer": 10.0,
            "type": "women-jacket-coat",
            "brand": "ferrero rocher",
            "category": "women",
            "merchantId": 1248,
            "quantity": 20,
            "status": "ACTIVE",
            "thumbnailURL": "https://m.media-amazon.com/images/I/81Q7ZNn8NcL._SX679_PIbundle-2,TopRight,0,0_SX679SY489SH20_.jpg",
            "productImageURLs": [
                "https://m.media-amazon.com/images/I/81Q7ZNn8NcL._SX679_PIbundle-2,TopRight,0,0_SX679SY489SH20_.jpg"
            ],
            "searchTags": [
                "Gift pack",
                "Ferrero Rocher",
                "Chocolates"
            ],
            "reviews": [
                {
                    "reviewId": 1779,
                    "shopperId": 13455,
                    "shopperName": "shanu Shaik",
                    "heading": "good",
                    "description": "product",
                    "rating": 5.0,
                    "dateTime": "2023-12-25T08:59:16.639"
                }
            ],
            "createdDateTime": "2023-09-13T13:19:44.688",
            "zoneId": "ALPHA"
        },
        {
            "productId": 172,
            "name": "Trimmer",
            "title": "Philips trimmer channu",
            "description": "Brand\nLetsShave & Co.\nModel Number\nLSER_1\nType\nCordless\nBlade Material\nStainless Steel\nColor\nBlack, Green\nTrimming Range\n0.5 - 20 mm\nWater Resistant\nYes\nWashable Head\nYes\nFeatures\nRechargeable\nSuitable For\nBeard & Moustache\nCharging Time\n120 min\nLength Adjustments\n38\nPower Features\nPower Source\nLithium ion Battery\nNumber of Batteries\n1\nBattery Run Time\n90 min\nWarranty\nWarranty Summary\nDomestic. Two Year Manufacturing warranty\nService Type\nImplied Warranty\nCovered in Warranty\nWarranty covers Complete Trimmer Body, Manufacturing Defects, Light not working, Dull blades\nNot Covered in Warranty\nIf the product damaged by customer then it can not be replaced or return",
            "rating": 0.0,
            "price": 1500.0,
            "offer": 54.0,
            "type": "",
            "brand": "philips",
            "category": "electronics",
            "merchantId": 1248,
            "quantity": 55,
            "status": "ACTIVE",
            "thumbnailURL": "https://rukminim2.flixcart.com/image/612/612/xif0q/trimmer/d/o/j/0-5-20-mm-lser-1-stainless-steel-cordless-letsshave-co-original-imagkzd6g6qqmyjj.jpeg?q=70",
            "productImageURLs": [
                "https://rukminim2.flixcart.com/image/416/416/l2dmky80/trimmer/r/s/p/-original-imagdqbnhzvgprw7.jpeg?q=70",
                "https://rukminim2.flixcart.com/image/416/416/l2dmky80/trimmer/v/a/n/-original-imagdqbn5puamugq.jpeg?q=70",
                "https://rukminim2.flixcart.com/image/416/416/l2dmky80/trimmer/o/v/n/-original-imagdqbn5vkqbphu.jpeg?q=70",
                "https://rukminim2.flixcart.com/image/416/416/l2dmky80/trimmer/9/i/y/-original-imagdqbnu4qw92df.jpeg?q=70",
                "https://rukminim2.flixcart.com/image/416/416/xif0q/trimmer/d/o/j/0-5-20-mm-lser-1-stainless-steel-cordless-letsshave-co-original-imagkzd6g6qqmyjj.jpeg?q=70"
            ],
            "searchTags": [
                "trimmer channu",
                "philips channu",
                "philips",
                "trimmer"
            ],
            "reviews": null,
            "createdDateTime": "2023-09-13T13:19:59.008",
            "zoneId": "ALPHA"
        },
        {
            "productId": 173,
            "name": "gold ring",
            "title": "gold ring",
            "description": "\nThe ring is from PC Jeweller, India's leading retail jeweller<br>\nThe product is made from BIS Hallmarked.; This ring has been adorned with real diamonds<br>\nThe diamond is certified and has a GIE certificate<br>\nThe product comes with manufacturer warranty<br>\nRing Size: 14; Department Name: Womens\n",
            "rating": 0.0,
            "price": 60000.0,
            "offer": 40.0,
            "type": "women-ethnic-wear",
            "brand": "gold",
            "category": "women",
            "merchantId": 1248,
            "quantity": 5,
            "status": "ACTIVE",
            "thumbnailURL": "https://m.media-amazon.com/images/I/41lZ+XTTBFL._US40_.jpg",
            "productImageURLs": [
                "https://m.media-amazon.com/images/I/316b5l1yHkL._US40_.jpg",
                "https://m.media-amazon.com/images/I/31mdZAWQZBL._US40_.jpg"
            ],
            "searchTags": [
                "ring",
                "gold rings"
            ],
            "reviews": null,
            "createdDateTime": "2023-09-13T13:20:04.2",
            "zoneId": "ALPHA"
        },
        {
            "productId": 174,
            "name": "Scrunchies for Women",
            "title": "Scrunchies for Women",
            "description": "Color\tPastel\nMaterial\tSilk\nItem Form\tScrunchie\nBrand\tSilvr Bear\nHair Type\tCurly\nAbout this item\nPACK OF 5 VERSATILE COLORS -Satin Scrunchies for Women come in a Pack of 5 assorted color tones that are versatile to suit your various outfits. Use it as a hair tie or a cute accessory on your wrist, and be stylish with Silvr Bear!\nSAY GOODBYE TO HAIR DAMAGE - Satin Hair Ties use premium quality satin, giving them a silk-like softness. They can glide through your hair without causing any hair breakage. They are stitched perfectly with thick and luxurious Satin Fabric to avoid tearing and damage.\nPERFECT FOR THIN HAIR - These Satin Scrunchies are perfect for creating a variety of hairstyles while providing gentle and comfortable hold, making them a must-have in everyday hair care routine.\nQUALITY-TESTED DURABLE ELASTIC - Silvr Bear Scrunchies are handmade with quality lab-tested Elastic making them Highly Stretchable, Durable, and Long-lasting. They are highly stretchable , making them comfortable to wear any time of the day without causing a headache.\nPRACTICAL & BEAUTIFUL GIFT - Silvr Bear Scrunchies come in a beautiful eco-friendly package and are the perfect gift to surprise your sister, girlfriend, mom, or best friend on their birthday, anniversary, valentine’s day, friendship day, or other holidays.",
            "rating": 0.0,
            "price": 80.0,
            "offer": 15.0,
            "type": "",
            "brand": "silvr bear premium",
            "category": "beauty",
            "merchantId": 1248,
            "quantity": 200,
            "status": "ACTIVE",
            "thumbnailURL": "https://m.media-amazon.com/images/I/81Xr+OYBM3L._SY355_.jpg",
            "productImageURLs": [
                "https://m.media-amazon.com/images/I/51YF0RYM1mL._SS40_.jpg",
                "https://m.media-amazon.com/images/I/41+7L93UkAL._SS40_.jpg",
                "https://m.media-amazon.com/images/I/413NxqlOMHS._SS40_.jpg",
                "https://m.media-amazon.com/images/I/91AL5VB+zLL._SY355_.jpg"
            ],
            "searchTags": [
                "hair scrunchies",
                "ribbon",
                "stint"
            ],
            "reviews": null,
            "createdDateTime": "2023-09-13T13:20:11.944",
            "zoneId": "ALPHA"
        },
        {
            "productId": 175,
            "name": "laptop",
            "title": "AMD RYZON",
            "description": "Dell Inspiron 3525 Laptop, AMD Ryzen R3-5300U/8GB/512GB SSD/15.6\" (39.62CMs) FHD WVA AG Narrow Border 120Hz 250 nits/Windows 11+MSO'21/15 Month McAfee/Carbon Black/1.68KGs",
            "rating": 0.0,
            "price": 1000.0,
            "offer": 54.0,
            "type": "",
            "brand": "dell",
            "category": "electronics",
            "merchantId": 1248,
            "quantity": 300,
            "status": "ACTIVE",
            "thumbnailURL": "https://m.media-amazon.com/images/I/41JBi58yw6L._SX300_SY300_QL70_FMwebp_.jpg",
            "productImageURLs": [
                "https://m.media-amazon.com/images/I/61tFBsGiWjL._SX679_.jpg",
                "https://m.media-amazon.com/images/I/617oJVuMytL._SX679_.jpg",
                "https://m.media-amazon.com/images/I/61H7UnJMJ-L._SX679_.jpg"
            ],
            "searchTags": [
                "amd ryzen",
                "3525 laptop",
                "laptop",
                "dell laptop",
                "dell"
            ],
            "reviews": null,
            "createdDateTime": "2023-09-13T13:20:23.77",
            "zoneId": "ALPHA"
        },
        {
            "productId": 176,
            "name": "Electric Car",
            "title": "yzabelle Electric Car",
            "description": "Brand\tYZABELLE\nMaterial\tPlastic\nSize\tLarge\nItem Weight\t15 Kilograms\nItem Dimensions LxWxH\t54 x 106 x 43 Centimeters\n\n",
            "rating": 0.0,
            "price": 10000.0,
            "offer": 15.0,
            "type": "electronic-accessories",
            "brand": "yzabelle",
            "category": "electronics",
            "merchantId": 1248,
            "quantity": 20,
            "status": "ACTIVE",
            "thumbnailURL": "https://m.media-amazon.com/images/I/31rbNl7QVrL._AC_UL600_FMwebp_QL65_.jpg",
            "productImageURLs": [
                "https://m.media-amazon.com/images/I/31XqytrozNL.jpg",
                "https://m.media-amazon.com/images/I/31rbNl7QVrL.jpg"
            ],
            "searchTags": [
                "electric car",
                "small car",
                "kids car"
            ],
            "reviews": null,
            "createdDateTime": "2023-09-13T13:20:53.788",
            "zoneId": "ALPHA"
        },
        {
            "productId": 177,
            "name": "LG 6.5 kg with ",
            "title": "Washing machin",
            "description": "Steam,inverter and Smart Diagnosis Fully Automatic Front Load Washing Machine with In-built Heater White  (FHM1065SDW)",
            "rating": 0.0,
            "price": 59999.0,
            "offer": 5.0,
            "type": "electronic-accessories",
            "brand": "lg",
            "category": "electronics",
            "merchantId": 1248,
            "quantity": 2,
            "status": "ACTIVE",
            "thumbnailURL": "https://rukminim2.flixcart.com/image/312/312/l0bbonk0/washing-machine-new/o/k/v/6-5-44-fhm1065sdw-5-0-062-60-62-lg-85-original-imagc4zepg7xj7uh.jpeg?q=70",
            "productImageURLs": [
                "https://rukminim2.flixcart.com/image/416/416/l0bbonk0/washing-machine-new/r/v/n/6-5-44-fhm1065sdw-5-0-062-60-62-lg-85-original-imagc4zeqpupctn8.jpeg?q=70"
            ],
            "searchTags": [
                "lg",
                "washing machin"
            ],
            "reviews": null,
            "createdDateTime": "2023-09-13T13:21:05.753",
            "zoneId": "ALPHA"
        },
        {
            "productId": 178,
            "name": "chasew",
            "title": "happilo 100%",
            "description": "Brand\tHappilo\nAllergen Information\tGluten Free, Dairy Free, Cashews, Non-GMO\nItem Weight\t500 Grams\nItem Form\tWhole\nThis is a Vegetarian product.\nAbout this item\nRich in Manganese, Potassium, Copper, Iron, Magnesium, Zinc and Selenium\nHigh protein, dietary fiber, no gluten, no GMO, zero trans fat, zero cholesterol\nProvides a good quantity of mono saturated fats.\nitem form: Whole, allergen information: cashews\nGood for an active lifestyle perfect for daily routine.",
            "rating": 0.0,
            "price": 500.0,
            "offer": 10.0,
            "type": "",
            "brand": "happilo",
            "category": "kids",
            "merchantId": 1248,
            "quantity": 100,
            "status": "ACTIVE",
            "thumbnailURL": "https://m.media-amazon.com/images/I/71P2iOAIi9L._SX679_PIbundle-18,TopRight,0,0_AA679SH20_.jpg",
            "productImageURLs": [
                "https://m.media-amazon.com/images/I/81UyRLOifnL._SX679_.jpg",
                "https://m.media-amazon.com/images/I/71Ic6TRkhOL._SX679_.jpg",
                "https://m.media-amazon.com/images/I/71eTu-uVBnL._SX679_.jpg",
                "https://m.media-amazon.com/images/I/71P2iOAIi9L._SX679_PIbundle-18,TopRight,0,0_AA679SH20_.jpg"
            ],
            "searchTags": [
                "price 500",
                ".5kg",
                "happilo",
                "cashew"
            ],
            "reviews": null,
            "createdDateTime": "2023-09-13T13:21:17.115",
            "zoneId": "ALPHA"
        },
        {
            "productId": 179,
            "name": "Men Viscose Rayon Kurta",
            "title": "Men Viscose Rayon Kurta Churidar Set",
            "description": "\nProduct Details\n\nFabric\nViscose Rayon\nType\nKurta and Churidar Set\nSales Package\n1 Kurta, 1 Pyjama\nStyle Code\nSOSK638-380\nTop fabric\nViscose\nBottom fabric\nSilk\nTop type\nKurta\nBottom type\nChuridar\nPattern\nPrinted\nColor\nBlue\nOccasion\nCasual, Festive & Party\nNeck\nMandarin Collar\nFabric care\nDry Clean Only\nManyavar Blue Blended Viscose Printed Kurta Set",
            "rating": 3.0,
            "price": 5000.0,
            "offer": 50.0,
            "type": "men-kurta",
            "brand": "manyavar",
            "category": "men",
            "merchantId": 1248,
            "quantity": 60,
            "status": "ACTIVE",
            "thumbnailURL": "https://rukminim2.flixcart.com/image/832/832/xif0q/ethnic-set/x/g/t/l-sosk638-380-manyavar-original-imagmfn94vjfjk6g.jpeg?q=70",
            "productImageURLs": [
                "https://rukminim2.flixcart.com/image/832/832/xif0q/ethnic-set/1/a/s/l-sosk638-380-manyavar-original-imagmfn9bt4xmfd3.jpeg?q=70",
                "https://rukminim2.flixcart.com/image/832/832/xif0q/ethnic-set/d/o/z/l-sosk638-380-manyavar-original-imagmfn9tuwnaq8p.jpeg?q=70",
                "https://rukminim2.flixcart.com/image/832/832/xif0q/ethnic-set/d/o/z/l-sosk638-380-manyavar-original-imagmfn9tuwnaq8p.jpeg?q=70",
                "https://rukminim2.flixcart.com/image/832/832/xif0q/ethnic-set/d/o/z/l-sosk638-380-manyavar-original-imagmfn9tuwnaq8p.jpeg?q=70",
                "https://rukminim2.flixcart.com/image/832/832/xif0q/ethnic-set/n/s/y/l-sosk638-380-manyavar-original-imagmfn9buzzdyfr.jpeg?q=70"
            ],
            "searchTags": [
                "Men Kurta Churidar Set",
                "Kurta Churidar Set",
                "Men Viscose Rayon Kurta Churidar Set"
            ],
            "reviews": [
                {
                    "reviewId": 1052,
                    "shopperId": 13898,
                    "shopperName": "karan gowda",
                    "heading": "karan",
                    "description": "good & quality product",
                    "rating": 3.0,
                    "dateTime": "2023-11-05T15:15:32.481"
                }
            ],
            "createdDateTime": "2023-09-13T13:23:01.688",
            "zoneId": "ALPHA"
        },
        {
            "productId": 180,
            "name": "SAMSUNG 236 L ",
            "title": "Refrigerator",
            "description": "Frost Free Double Door 2 Star Refrigerator with Base Drawer  (Paradise Bloom Purple, RT28C31429R/HL)",
            "rating": 0.0,
            "price": 30000.0,
            "offer": 5.0,
            "type": "electronic-accessories",
            "brand": "samsung",
            "category": "electronics",
            "merchantId": 1248,
            "quantity": 3,
            "status": "ACTIVE",
            "thumbnailURL": "https://rukminim2.flixcart.com/image/416/416/xif0q/refrigerator-new/m/u/s/rt28c31429r-hl-1673-2-2023-49-samsung-566-637-original-imagzkg68nahug9z.jpeg?q=70",
            "productImageURLs": [
                "https://rukminim2.flixcart.com/image/416/416/xif0q/refrigerator-new/j/8/6/rt28c31429r-hl-1673-2-2023-49-samsung-566-637-original-imagzkg6tfstn8vq.jpeg?q=70",
                "https://rukminim2.flixcart.com/image/416/416/xif0q/refrigerator-new/m/u/s/rt28c31429r-hl-1673-2-2023-49-samsung-566-637-original-imagzkg68nahug9z.jpeg?q=70"
            ],
            "searchTags": [
                "samsung",
                "refrigertaor"
            ],
            "reviews": null,
            "createdDateTime": "2023-09-13T13:23:38.032",
            "zoneId": "ALPHA"
        },
        {
            "productId": 181,
            "name": "Chocolate",
            "title": "chocolate home treats chocolate bars",
            "description": "Brand\tCadbury\nItem Form\tBar\nOccasion\tAdmin Day\nChocolate Type\tDark\nFlavour\tChocolate, Caramel\nNet Quantity\t191.9 gram\nDiet Type\tVegetarian\nSpeciality\tVegetarian\nSize\t191.90 g (Pack of 1)\nNumber of Pieces\t1\nSee more\nThis is a Vegetarian product.\nAbout this item\nIndulge in Five Star chocolate, a smooth textured caramel chocolate\nDive into the chocolaty, creamy centre of this Cadbury milk chocolate and get lost in the long-lasting chewy experience of melted caramel & nougat\nGift yourself a 5 Star chocolate pack which is also now available in new variants like 5 Star 3D, 5 Star Oreo & is also available in a share pack home treat bag\nJust like every bar of Cadbury Dairy Milk, this chocolate packet is made from 100% sustainably sourced cocoa and is suitable for vegetarians\nDon’t forget to leave a 5-star review",
            "rating": 0.0,
            "price": 127.0,
            "offer": 5.0,
            "type": "",
            "brand": "5star",
            "category": "kids",
            "merchantId": 1248,
            "quantity": 150,
            "status": "ACTIVE",
            "thumbnailURL": "https://m.media-amazon.com/images/I/51nx7CevGJL._SX679_.jpg",
            "productImageURLs": [
                "https://images-eu.ssl-images-amazon.com/images/I/71LOyIbuwrL._AC_UL232_SR232,232_.jpg",
                "https://images-eu.ssl-images-amazon.com/images/I/51nx7CevGJL._AC_UL232_SR232,232_.jpg"
            ],
            "searchTags": [
                "5star"
            ],
            "reviews": null,
            "createdDateTime": "2023-09-13T13:23:56.152",
            "zoneId": "ALPHA"
        },
        {
            "productId": 184,
            "name": "NORD CE 3",
            "title": "OnePlus Nord CE 3 5G (Aqua Surge, 8GB RAM, 128GB Storage)",
            "description": "\nBrand\tOnePlus\nModel Name\tOnePlus Nord CE 3 5G\nNetwork Service Provider\tUnlocked for All Carriers\nOperating System\tOxygenOS\nCellular Technology\t5G\nAbout this item\nCamera: 50MP Main Camera with Sony IMX890 (OIS supported), 8MP Ultrawide Camera with Sony IMX355 (FOV: 112 degree) and 2MP Macro lens; 16MP Front (Selfie) Camera\nCamera Features: Ultra Steady Mode, Dual-view Video, HDR, Nightscape, Portrait Mode, Video Portrait, Pano, Macro, Slo-mo, Time-lapse, Text-scanner, Retouching, Filters, Google Lens, Extra HD, Pro Mode\nDisplay: 6.7 Inches; 120 Hz AMOLED FHD+, Resolution: 2412 x 1080 pixels; HDR 10+, sRGB, 10-bit Color Depth, 93.4% Screen to body ratio\nOperating System: OxygenOS 13 based on Android 13.1\nProcessor: Qualcomm Snapdragon 782G Mobile Platform\nStorage: 8 GB + 128 GB | 12 GB + 256 GB; LPDDR4X RAM, UFS 3.1\nBattery & Charging: 5000 mAh with 80W SUPERVOOC Fast-charging\nShow More",
            "rating": 0.0,
            "price": 26000.0,
            "offer": 10.0,
            "type": "mobile",
            "brand": "oneplus ",
            "category": "electronics",
            "merchantId": 1248,
            "quantity": 20,
            "status": "ACTIVE",
            "thumbnailURL": "https://m.media-amazon.com/images/I/6175SlKKECL._SX522_.jpg",
            "productImageURLs": [
                "https://m.media-amazon.com/images/I/6147+Ug1KcL._SX522_.jpg",
                "https://m.media-amazon.com/images/I/51OxW3mGsLL._SX522_.jpg",
                "https://m.media-amazon.com/images/I/61W3qtOuGIL._SX522_.jpg",
                "https://m.media-amazon.com/images/I/71MWoyX0CLL._SX522_.jpg"
            ],
            "searchTags": [
                "ONEPLUS",
                "NORD"
            ],
            "reviews": null,
            "createdDateTime": "2023-09-14T09:53:42.79",
            "zoneId": "ALPHA"
        },
        {
            "productId": 185,
            "name": "clock",
            "title": "wall clock",
            "description": "Sales Package\n1 wooden wall clock\nModel Number\nWC-331\nModel Name\nHandpainted Peacock wall clock\nPack of\n1\nSub-category\nHome Decor - Clocks & Wall Decor\nCharacter\nPeacock\nDial Color\nMulticolor\nHour Markers\nEnglish Numerals\nNumber of Hands\n3\nNet Quantity\n1",
            "rating": 4.0,
            "price": 135.0,
            "offer": 45.0,
            "type": "",
            "brand": "v tech",
            "category": "electronics",
            "merchantId": 1248,
            "quantity": 64,
            "status": "ACTIVE",
            "thumbnailURL": "https://rukminim2.flixcart.com/image/200/200/kjabs7k0-0/wall-clock/a/g/e/handpainted-peacock-wall-clock-wc-331-analog-divinecrafts-original-imafyvmxgyhdyefg.jpeg?q=70",
            "productImageURLs": [
                "https://rukminim2.flixcart.com/image/416/416/kthjy4w0/wall-clock/p/l/h/handpainted-peacock-wall-clock-wc-331-analog-divinecrafts-original-imag6tmngjpvzcza.jpeg?q=70",
                "https://rukminim2.flixcart.com/image/416/416/kjabs7k0-0/wall-clock/x/b/c/handpainted-peacock-wall-clock-wc-331-analog-divinecrafts-original-imaf2y2fujzeh7gz.jpeg?q=70",
                "https://rukminim2.flixcart.com/image/416/416/kjabs7k0-0/wall-clock/b/x/w/handpainted-peacock-wall-clock-wc-331-analog-divinecrafts-original-imafyvzv3nvzyvkz.jpeg?q=70",
                "https://rukminim2.flixcart.com/image/416/416/kjabs7k0-0/wall-clock/j/c/y/handpainted-peacock-wall-clock-wc-331-analog-divinecrafts-original-imafyvmxfc9zbfw3.jpeg?q=70",
                "https://rukminim2.flixcart.com/image/416/416/kjabs7k0-0/wall-clock/a/g/e/handpainted-peacock-wall-clock-wc-331-analog-divinecrafts-original-imafyvmxgyhdyefg.jpeg?q=70"
            ],
            "searchTags": [
                "wall clocks",
                "v tech clocks",
                "clock"
            ],
            "reviews": [
                {
                    "reviewId": 4493,
                    "shopperId": 46509,
                    "shopperName": "alkam",
                    "heading": "klvlksdfksf",
                    "description": "jfnskdfsi",
                    "rating": 4.0,
                    "dateTime": "2024-03-01T15:53:44.819"
                }
            ],
            "createdDateTime": "2023-09-14T09:56:42.188",
            "zoneId": "ALPHA"
        },
        {
            "productId": 186,
            "name": "Mobile",
            "title": "One plus pro",
            "description": "Brand\tOnePlus\nModel Name\tOnePlus Nord CE 3 5G\nNetwork Service Provider\tUnlocked for All Carriers\nOperating System\tOxygenOS\nCellular Technology\t5G",
            "rating": 4.0,
            "price": 40000.0,
            "offer": 30.0,
            "type": "mobile",
            "brand": "one plus",
            "category": "electronics",
            "merchantId": 1248,
            "quantity": 100,
            "status": "ACTIVE",
            "thumbnailURL": "https://m.media-amazon.com/images/I/61abLrCfF7L._SX679_.jpg",
            "productImageURLs": [
                "https://m.media-amazon.com/images/I/71MWoyX0CLL._SX679_.jpg",
                "https://m.media-amazon.com/images/I/61WJTQBCXqL._SX679_.jpg",
                "https://m.media-amazon.com/images/I/510vqHCYGkL._SX679_.jpg",
                "https://m.media-amazon.com/images/I/316WKkpFYYL._SX38_SY50_CR,0,0,38,50_.jpg",
                "https://m.media-amazon.com/images/I/61abLrCfF7L._SX679_.jpg"
            ],
            "searchTags": [
                "one plus pro",
                "one plus"
            ],
            "reviews": [
                {
                    "reviewId": 1742,
                    "shopperId": 25319,
                    "shopperName": "Kirna Kumar",
                    "heading": "One plus",
                    "description": "Very Good",
                    "rating": 4.0,
                    "dateTime": "2023-12-23T10:10:17.809"
                }
            ],
            "createdDateTime": "2023-09-14T10:15:43.814",
            "zoneId": "ALPHA"
        },
        {
            "productId": 188,
            "name": "Tokyo Manji Bomber Jacket",
            "title": "Tokyo Manji Bomber Jacket",
            "description": "300 GSM, \n100% Cotton Fleece\nEmbroidered\nRegular Fit\nColors may vary due to photography and your screen setting\nWash & Care:\nAlways turn your garment INSIDE OUT before washing & drying to prevent fading\nHand/Machine wash with similar clothes in COLD water\nDry on a flat surface as hanging may cause measurement variations",
            "rating": 0.0,
            "price": 1299.0,
            "offer": 30.0,
            "type": "men-jacket",
            "brand": "comicworld",
            "category": "men",
            "merchantId": 1031,
            "quantity": 3,
            "status": "ACTIVE",
            "thumbnailURL": "https://www.comicsense.store/storage/2021/10/toman_bomber_jacketa_comicsense.jpg",
            "productImageURLs": [
                "https://www.comicsense.store/storage/2021/10/toman_bomber_jacket_comicsense.jpg",
                "https://www.comicsense.store/storage/2021/10/toman_bomber_jacketa3_comicsense.jpg",
                "https://www.comicsense.store/storage/2021/10/toman_bomber_jacketa1_comicsense.jpg",
                "https://www.comicsense.store/storage/2021/10/toman_bomber_jacketa_comicsense.jpg"
            ],
            "searchTags": [
                "anime merch",
                "jacket",
                "anime"
            ],
            "reviews": null,
            "createdDateTime": null,
            "zoneId": "ALPHA"
        },
        {
            "productId": 194,
            "name": "Iphone 13",
            "title": "Iphone 13",
            "description": "About this item\n15 cm (6.1-inch) Super Retina XDR display\nCinematic mode adds shallow depth of field and shifts focus automatically in your videos\nAdvanced dual-camera system with 12MP Wide and Ultra Wide cameras; Photographic Styles, Smart HDR 4, Night mode, 4K Dolby Vision HDR recording\n12MP TrueDepth front camera with Night mode, 4K Dolby Vision HDR recording\nA15 Bionic chip for lightning-fast performance",
            "rating": 0.0,
            "price": 55999.0,
            "offer": 30.0,
            "type": "mobile",
            "brand": "aplle",
            "category": "electronics",
            "merchantId": 818,
            "quantity": 10,
            "status": "ACTIVE",
            "thumbnailURL": "https://m.media-amazon.com/images/I/71gm8v4uPBL._AC_SR180,120_QL70_.jpg",
            "productImageURLs": [
                "https://m.media-amazon.com/images/I/31+u2O119qL._SX38_SY50_CR,0,0,38,50_.jpg",
                "https://m.media-amazon.com/images/I/31QKyVw6hXL._SX38_SY50_CR,0,0,38,50_.jpg",
                "https://m.media-amazon.com/images/I/315oQlfQ6WL._SX38_SY50_CR,0,0,38,50_.jpg"
            ],
            "searchTags": [
                "iphone 13",
                "iphone",
                "phone"
            ],
            "reviews": null,
            "createdDateTime": "2024-03-21T17:53:42.799",
            "zoneId": "ALPHA"
        },
        {
            "productId": 198,
            "name": "Camera",
            "title": "canon camera",
            "description": "Canon camera M50 mark",
            "rating": 0.0,
            "price": 18000.0,
            "offer": 25.0,
            "type": "camera",
            "brand": "canon",
            "category": "electronics",
            "merchantId": 1017,
            "quantity": 1,
            "status": "ACTIVE",
            "thumbnailURL": "https://m.media-amazon.com/images/I/61zne3JPlQS._AC_UF1000,1000_QL80_.jpg",
            "productImageURLs": [
                "https://m.media-amazon.com/images/I/61zne3JPlQS._AC_UF1000,1000_QL80_.jpg"
            ],
            "searchTags": [
                "#camera"
            ],
            "reviews": null,
            "createdDateTime": "2023-09-14T15:17:31.206",
            "zoneId": "ALPHA"
        },
        {
            "productId": 199,
            "name": "fitband",
            "title": "fitbit",
            "description": "noise-fitbit\nbe healthy",
            "rating": 0.0,
            "price": 3000.0,
            "offer": 10.0,
            "type": "watch",
            "brand": "noise",
            "category": "electronics",
            "merchantId": 1019,
            "quantity": 1,
            "status": "ACTIVE",
            "thumbnailURL": "C:\\Users\\venga\\Downloads\\noise-fitbit.png",
            "productImageURLs": [
                "C:\\Users\\venga\\Downloads\\noise-fitbit.png"
            ],
            "searchTags": [
                "wristband",
                "noise",
                "digital",
                "watch",
                "fitbit"
            ],
            "reviews": null,
            "createdDateTime": "2023-09-14T15:18:29.791",
            "zoneId": "ALPHA"
        },
        {
            "productId": 202,
            "name": "Face wash",
            "title": "mamaearth",
            "description": "mama earth vitamin c face wash for skin illumination\nIs Discontinued By Manufacturer ‏ : ‎ No\nProduct Dimensions ‏ : ‎ 30.2 x 8.2 x 3.2 cm; 100 Grams\nDate First Available ‏ : ‎ 8 June 2020\nManufacturer ‏ : ‎ Mamaearth\nASIN ‏ : ‎ B089W938BR\nItem model number ‏ : ‎ 8906087772859\nCountry of Origin ‏ : ‎ India\nManufacturer ‏ : ‎ Mamaearth, Kapco International Ltd\nPacker ‏ : ‎ Kapco International Ltd\nItem Weight ‏ : ‎ 100 g\nItem Dimensions LxWxH ‏ : ‎ 30.2 x 8.2 x 3.2 Centimeters\nNet Quantity ‏ : ‎ 100 millilitre\nGeneric Name ‏ : ‎ Facewash\n",
            "rating": 0.0,
            "price": 233.0,
            "offer": 10.0,
            "type": "cream",
            "brand": "mamaearth",
            "category": "beauty",
            "merchantId": 1043,
            "quantity": 30,
            "status": "ACTIVE",
            "thumbnailURL": "https://in.images.search.yahoo.com/images/view;_ylt=AwrKFtLI1wJlqdckWhi9HAx.;_ylu=c2VjA3NyBHNsawNpbWcEb2lkA2I1NTMxYzViMDE4OGEzN2RkMDM2ZmRjYmM3ZmEzZmVhBGdwb3MDMQRpdANiaW5n?back=https%3A%2F%2Fin.images.search.yahoo.com%2Fsearch%2Fimages%3Fp%3Dmamaearth%2Bvitamin%2Bc%2Bface%2Bwash%26type%3DE211IN826G0%26fr%3Dmcafee%26fr2%3Dpiv-web%26tab%3Dorganic%26ri%3D1&w=899&h=1599&imgurl=5.imimg.com%2Fdata5%2FSELLER%2FDefault%2F2021%2F1%2FHY%2FWZ%2FQV%2F47295335%2Fmamaearth-vitamin-c-face-wash.jpg&rurl=https%3A%2F%2Fwww.indiamart.com%2Fproddetail%2Fmamaearth-vitamin-c-face-wash-23066226473.html&size=92.9KB&p=mamaearth+vitamin+c+face+wash&oid=b5531c5b0188a37dd036fdcbc7fa3fea&fr2=piv-web&fr=mcafee&tt=Herbal+Mamaearth+Vitamin+C+Face+Wash%2C+For+Personal%2C+Packaging+Size%3A+100+...&b=0&ni=21&no=1&ts=&tab=organic&sigr=HQq_c4g5fkIk&sigb=PXWUqv8e9BIc&sigi=i5M.Km9h.C..&sigt=lP2bX0YmjGL5&.crumb=0eUZVlNmUbL&fr=mcafee&fr2=piv-web&type=E211IN826G0",
            "productImageURLs": [
                "https://m.media-amazon.com/images/I/71XrfEDXq9L._SX522_.jpg",
                "https://m.media-amazon.com/images/I/31Y9KO4lEOL._SX300_SY300_QL70_FMwebp_.jpg"
            ],
            "searchTags": [
                "mamaearth  facewash"
            ],
            "reviews": null,
            "createdDateTime": "2024-01-25T16:24:13.487",
            "zoneId": "ALPHA"
        },
        {
            "productId": 203,
            "name": "ms dhoni",
            "title": "ms dhoni the untold story",
            "description": "ms dhoni",
            "rating": 0.0,
            "price": 500.0,
            "offer": 20.0,
            "type": "",
            "brand": "chetan bhagat",
            "category": "men",
            "merchantId": 1034,
            "quantity": 5,
            "status": "ACTIVE",
            "thumbnailURL": "https://www.bing.com/images/search?view=detailV2&ccid=M1j2Lju2&id=BB0717EA4755F7F4B29A5FDC07B0DA961E4F8ABF&thid=OIP.M1j2Lju2jRra7pLs5poIvgHaKs&mediaurl=https%3a%2f%2fth.bing.com%2fth%2fid%2fR.3358f62e3bb68d1adaee92ece69a08be%3frik%3dv4pPHpbasAfcXw%26riu%3dhttp%253a%252f%252fdrcricket7.com%252findia%252fwp-content%252fuploads%252f2016%252f09%252fMS-Dhoni-The-Untold-Story-1.jpg%26ehk%3d4OuetP0F4GkdeiAe1uaXN8Pq5LMF6fU0lHfNH%252f0FNBk%253d%26risl%3d%26pid%3dImgRaw%26r%3d0&exph=1733&expw=1200&q=ms+dhoni+the+untold+story+book&simid=608024317228821178&FORM=IRPRST&ck=5A2E2653A62969A461C33644679601A1&selectedIndex=2",
            "productImageURLs": [
                "https://th.bing.com/th/id/OIP.sBTCCAaZOXhJRmRvh0br8QAAAA?w=115&h=180&c=7&r=0&o=5&dpr=1.3&pid=1.7"
            ],
            "searchTags": [
                "book"
            ],
            "reviews": null,
            "createdDateTime": "2023-09-20T15:59:17.505",
            "zoneId": "ALPHA"
        },
        {
            "productId": 205,
            "name": "3 idiots",
            "title": "three idiots",
            "description": "chetan bhagat",
            "rating": 0.0,
            "price": 899.0,
            "offer": 0.0,
            "type": "",
            "brand": "chetan bhagat",
            "category": "men",
            "merchantId": 1034,
            "quantity": 20,
            "status": "ACTIVE",
            "thumbnailURL": "data:image/jpeg;base64,/9j/4AAQSkZJRgABAQAAAQABAAD/2wBDAAsJCQcJCQcJCQkJCwkJCQkJCQsJCwsMCwsLDA0QDBEODQ4MEhkSJRodJR0ZHxwpKRYlNzU2GioyPi0pMBk7IRP/2wBDAQcICAsJCxULCxUsHRkdLCwsLCwsLCwsLCwsLCwsLCwsLCwsLCwsLCwsLCwsLCwsLCwsLCwsLCwsLCwsLCwsLCz/wAARCADqAX4DASIAAhEBAxEB/8QAHAAAAQUBAQEAAAAAAAAAAAAABgIDBAUHAQAI/8QATBAAAgECBAQDBQQFCQYFBAMAAQIDBBEABRIhBhMxQSJRYRQycYGRByNCoRVSscHRFjNDYnKCsuHwJDREU5KTJTWi0vEXc7PiJqPC/8QAHAEAAQUBAQEAAAAAAAAAAAAABQECAwQGAAcI/8QAOxEAAgEDAwICBwUHAwUAAAAAAQIAAwQREiExBUETUQYUIjJhcaE0gZGxwRUzQlLR4fAkNXIjJWKC8f/aAAwDAQACEQMRAD8A1v6Y99MQ2M91s7dG7jthBacdXf5HEesTpPx76YrTJPddMj3JtbVfHefUL1Zt++2O1idLH6Y9iEJJyB47fTfC1Mx6ufyx2sTpK+mPfTDBk09XP1GGJaoR780L5Bhe+F1idJ2PYp/aquZ7RyN6csKR87jEmP2oWMksh872t+zCa8TpPx76YYDORfVt54S0yp70oH94bYXWJ0k49iqkrZmcCFjbueowuOsfZXYj12/PHaxOllj2IXMlJ2kJHXYjCxJJ+sxwmsRcSVj30xCeSbs7b/XDRlqBf71vnbHaxEll9MexXCeddy+pb9CRf8sdaokJBVmAO/njvEE6WH0x7EATSd3b8sOcx9iJD8D3x2sTpLwh5EjAZjYF0QW/WdgoGGDLJYb29QcMSGRwAzEgMrAG3vKQwO2O1idLHEHM639HUktUIuboaNdGrRfU2m97HDkM0jFFMMzAk3lJTQO/nf8ALELiHT+i6nUQAHgNz098YiuahSizryBHoMsBKleLyWI/Rpv1/wB4HTz9zDf8s5STbKG6kDVVBSbG3dMVHKh0hiyjewYEGxPYHDghBtpdLkA32JI8xjFjrN13P0ELeqU/KXY4rc2H6ON7XP8AtA+nuYdHEzH/AIA/98f+3FKkERXUrC3XVsfnh5YltsQb9Nxv8MIesXX830EYban5S2/lI+3+w/8A9w/9uFjiFj/wZ/7v/wCuKoRKe43w6sA67W6elxjv2vd/zfQf0ier0/KWYz12/wCCP/d//XDgzmQjw0u/rLYfXTitSG19/X64kJD128jiVeq3Z/i+gjDQQdpNTNJmG9Mq+gkv+7Dy17t/Qf8Ar/yxGSG5Fhew7bn4nDojsPL1xdS/uT/F9BITTWPiscn+Zt/e/wAsd9qbf7rzt4uptsMNhAOo3t87YUFB/di0t3XPJkehY01dW2FsvYttcCoiAA0k9T62Hz9MLStnJkD02gKV0XkVtQKKxOw7EkfK/fC9PoT8BhBA8WFa8rDbMTQsUa2Qf0N/Lxf5YYOagMVESswv4VlBO3ntj0sY06XJUONI2O9xfb1xBKxoVNo1VHKs6DY61BBNvpipV6hcLsG+gkq0lMkvnRSxNMLNexMygE+QuMRajieODUppC8gCkRxShmsxsL2W2IjwFjI4gd5rMkIIukcb3a9ztbucRpqSVo5I4okU+DUXIDSPcEt4dviTii3VrsfxfQSwtvSzvJp4qqFCmTKjGp6l6kHT/aCphT8VmPSTl55bKDrE4sDe2/h6YqFpKxBLqmjswKheWGCXFr323w0aFVCqZJWRWB0uykNbe17Xt88N/bF0OW+gjzb0s4l0/Fjorn9GklQTb2gb2/uYiy8cGJEkOUuVckLapS+17E+DEBobnoO9x+eI7U/bSLA9LD9+Gr1u5HJ/KILel5TQOYhKeZ1bW6+mB+r4nQVdZR5Zk2a5ucvkMGYz0CxLTwzAXaBHlYapF/EB0v57C5i/nYtXvA3HmSCMDWUZjw7kyZnQV3EGR3jznNJ4ilYvP5U85lK1IcC0im4Nieg32xuAIJlzlmZUGawU1dRF+S7ujJKhSaGWO6vDMh3DKdj9eh3sisclgRcm/wAfjgb4cjgZc7qaetoKz9JZ/XV5bLZTLTw8xYwsRkKi7BQpY2G7YgcVvX1mYcLcLU9TNSxZ7NUzZjUQHRK1JSrrMMbHYXAYnby6i4KYyZ0JlngWR46epp6p1BvFDNE8627FFN/ywtqiqclAkaG1ymteYoPQut7/AA2xS/yC4NEcC09A1LLTtHJDVUlRMtUjoQQeYzG9+huO+KaqzdMo494olbK82zHn5VlkejKKUVMkdlRtUilhYYdpzxOhgUqFIBdNUlyqNINbW6lV6n6Y4Io1ZjNNAXF9StPGNNuoIJwHwZxHnHHnCkq5Xm2XiDLMyiCZvTCmkk8LNeMamuB064HaE8HjMOM/01w9m2a1B4jzTlS5fSyTJHFzGtGWSVAGvc9PL5doi5muK8UQCa6dNgbCSJdiNV7Xvh1JI2uFkSQ3F+WwexIuAdN8Ztxvk3Dv8n2zinylIKuebJ1EjmVZ0hcKgjdSxUEKAp+GLrNEy3g7I8yfI6NaatzJ4KGhhgaVmnrp1MaMOYx3UamA9PXCaROhYYYptLaiyt7hV/Ce22nbDLU1Oyhl8S7gFW1A2NiDbywN8FT1mXLW8K5gdVZkU0fKYXAloKmzo63FiASR9PPAzk+d53kM2f5jMklXws3EmaUlWsQLTZXMajWJ0U/gbV4h0v5EjWpScJpAjgSyeAEgkLqAYgfiC3vb5Y6YojcuqgKLsXYKAPMk7YGZJ6Wr45yCqpZY5qefhKqkhmiIKOpnaxUjEvjIf/xTifb/AIEf/mjxHpOcRcwgh5YuImidR1COjkD+4Th8OpLKpXWtgyhlJUncBgDtjIsvbhxc64Aj4fhmy6uPKbNairE9LT1cQiUSRKs7eNmOoAAb3G/lbUeeLk3GH2iXynOswNTU5Ztk9KKkxcqKQ/fXYWvfw/A+WJNGIhOZoLuwIW6ayNQQldZXpcLe9vljglbwhgguSACRckC5AB723wB5bmf6W4/apGXZnQaeF3hEOa04p5zadDrEdz4d9t8M8TZhm8ucyV2VKZKLgQQVFcqgkVNRVMFqYla1vClwfLfCaN4k0XYkAJcnoB39RbEcPT85oPaKVqi/80JouaPTQG1flgY4szSqny/hqiyeqeFeKq6npkrYms6UUio7FbbgkML79iO+0fMeE/s5yyhiSuKZfrcpBmMlVKlaZ1HMLiQ3BbvbTbf5DtI7xcw10rfcEN0Ngdt7b4XyywJEi6VLAkEEArfUCem3fFHUZ3lWX8OT5zR1grqaipzDSymQytU1S2gjRnazFi1rnA9wp+kqRs04S4hXny5jRfpqESags0Net6ynJ81Ym9u+o9MKFiGHJkpltqqKd7bgGaJTb/q6YXzYmA8OzC4KkEEdbg4zccK8LNxw2VnKoRQfyZFb7NzJQq1HPRNeoNqvbbrjQIYYKeOCmiQRwwRRwQqCbLHGoRVF/IADHMAJ0sIbaBY3Fzbtivz6MS5ZUIRcM0IIsD+MHocWENhGPicQs6NsvmNj78NrC/4xivebWz/I/lJKXvrBZaGJogl4r6tV9IsdzsBfDiZdGNJvESFRRaMAWAIIG/rjsYkY7K4Tcq5G3Xyw9dVKXsLkD8NwbXva+PMxV84cIYTqZfGsfLCxgBNKWQ/nhQy2EFCqxiwt7l+5uR9cSku36xt0J2v8MPExxqzySLGi21PIQqrf1JtfFpVD4xK5dlPMhDLYvANMXga+6nf1w6Mtg3uqG76ibEXwOvxfV103s/C+TS5qYyxqamodaejAQC6xSMwBYX33+Fwb4n5XxJNJWR5Tn2WyZRmtQXeiRnEtLWR6rWhmUkax3F/zNsEPUHAyRv5Z3/CRG4J7y5FDD4vCm5LXsb9cLnpylPO0MQkmSJmijB0a3tYLc7YkgYcA7g9Nt/LC01UcxjO0ojSZlUZVLE8KNVvVosS1XMWMwpUqyPOkbBraRuLg/XHqaDOaaeKraCSaFKeGinp5XtUMkQDmeIBzGTqLACwuAN8PZrxPw1kk9PS5pXCCaaIzogimlKxi4DPy1NgbbeeLChzDLszpY62gqYqimkuFlhPQjqrAgMCPIjBQZRNRXaQk5MpaOk4gh9tLJIxMlHJEGnCkMjJLKGY9SyjQDrNjtax1GVVZbm9R7W6VskHPilj5QlctHGQ8sSxlDpDq5UE3IK3G+xFzqG/kB1+PlhDzxwxyzSkLHEkkkpv7scaGRj9BhRXGfZEQg8wdqaDPqjnyiGFva6hKgQVMk9qV6VOUmrly7lhcrYgXte9r4mVlLm5p6cUUkgK0hEqTP/tM0xMIW7hwqsAHud9zt1wnhviBeI6Kevho5aamWrlp4ubIkhlWNQ2qydDvuPzPXHs04n4bySopabNa8QTzRGdEEU0pSM3AaTlKbXsQPhhzF2fQFyREB7yEMszgithcGJq5hEJ43lawEuuSapPMDa7KBHpIFnN7kYdFPxC9TRtI5WBp456lEqBaAq8avFGB1RlUsPIkjvi1pMxy/M6eKry+piqKVwdEkZ8OoG2lgQGB9CAcPt4Ts3ax737kYq1bjcgrJFG2cygzCmzSokzVkDlIoaMZcIKmaNnLyAzc7xBbiwI27D58oo8+LoK0MqGKQGxiV42BbQGKG520i99774vmdAVGnci1vLvvjjyrsGGz+Y8vzxSesGTBxJV1ZlaaQ2usktm6+O9zhpqJjb7yXY+Y6/TDWcVOYR/oWGlnFMavNKWGVwsfMlhBLNBCZDpBIBLWBuNu2JrtMWLabKCSBvpAvYAd9/8AVsUaiIiq3OZKpcmQDRyXYc6a/fxLcf8Apw01C++qea17AXj/AGlcWAWRWuSNxva/X54ZqeZoGkvfWL2F+xxCRgEgR+WBxLzSCyed+rG3zvgJ4jrqWqjNJTcKZ+80GcUNRNUJkK8meGlqg8rJKhuwYA287+uDVWbmRX3UN4vK1xgFmyriSogkrP0rxXFVVHE70ppoK+eOGLKHqmTnRRDoAm4P5efpqwNC7K6unq4VqIMsrctiFTIvs+YUS0MxbSCX5S7EG/X09MQOJsnqc1/RWY5VUx02dZNOajL5JtoZFe2uCY+TWFjbzH4tucORV0UWeUdZU1tSKfiKvp6OWvqfaag0kaxcstICTa99iB1PngiEQFvCG879PkMNJwZ0Ejnf2i1BhpU4coqGXmKlTXS1sU9MiBhraGJWLbj3euJlHS1cXGHEWbSRMuX1uW0FLTy60LPJFp1AoDqFrHqP8iE063uEt02Xa2GniI9RhQ86U1bQVc/GHDebRqpoKLLaynqZTIgZZZdRVdBOo3v2GKPLaXj/ACKp4lWj4ep6ynzLOq7MoZXzOKA6JGOkBVa/Sx7dfoYgqDYixBve2HklZTa50nDtU6UfFeWZvnPDcdJTUqfpCWfLZ5oOcmiMo6vKBI5AIXfEXOuHa3iLiCk/ScDJw9ldCxpuVUhJKzMJgoZvujrUKO/9TyY2LRILAkm+FhgRv0I/LC8ToDDhNsjzrh7NeG4JnRJno85hqKwuXoZdP3imdhcp72kHqq7edpwzldVQU/E0GZU8YXMM+zSrjjYxTJNSTnbWq3WxHY+e4xfSSxRXBuzHoAD+07YjvMz9PDhuqdBjLuE0yPiiLMaGZjkz0FfCtPJIWbL5ZWV+XGGuTGxuV8t7+Zt+Jqd8x4fzugo9L1dZTCGCNyIgzcxG957KNgep7Yso0YkMSSvYW7+eHWAAttYjv/nhpPeLAGfL+MM8ThfLa/Lsvy2hyaqoqmSoWujrKmU0segLCsZuLi9x8Dfw7kGS5XmlFxDxzmNRGqUmbTZc9E4kRzIsKSKxKqdQ6jqMXQCgHwqD5gW/ZhYYqtg2/a/bC6szoN1tDncPFdVn1JRrURx8MSUNIDPCnNrxKJEjYSMCB5n0+tblPAOTmihfPY6qfNqoy1GZyRVs6I80zlmUrCdBtexPe5wapzX30ki/UdDhZhY27W6C9rY7UYkAIuFc6fJZsneUQVGQ5u1dwnmDyJIJIS5kVJVW5Hrdep8hvNqMw49q6Y0k3B2XPWi8a19RV00tBHIQRz1gku35/wAMGYikB3K274RIuolVsFHkN7/wwoadAJ+FKs0/CfDkpMmQZf7RmWc1Mcwiesr3MjiGONSJQqk2Bt0Pmty9W8IplsuVZvwtBOc1y+uiZoqmukkSppHDJLFrqDpHXz6E7YL5GgiUvPIEANgT3PmO+F0tTRSeKKRJB5ob6b+hxH4y6tOd48U3I1YOJUR5Xmf8tGzp4AuXtw4uX8wyRlhU85JChQG/Y727YvpADe1xbpth4N3HQ9D538scck2G3rh7HaNEXTfzS363b9uIedLry6oXfdohcGxHjBvcYnQ+4Pif24h5zqFBKVF7PGTbyDYr3n2V/kfyklH94vzEGUEqsWJkLHqBLZDbboTh4rK5V13ARlCkgi5tue+Go5ZW5d4XClhub7fG4GJMOpxflkCxIDAr4QTjzATSkYOTHadZEVWkJBZbFEY6F+uI+aZUM2FNHLVTR0iCQTQxgapixG6yH3Ta4Jtex2sRfEin1nZ4wgY3UAs31JGJigBhe3W/pb19P9d8XaNRqZBU4lGqoPMRQ0lNSQw0lHCIoIlREjiAACqoUE2FyelycBHFeYvm2d8O5DkbmTMqGtWvqa6AhxQggKVV12sAbv2vYdTYN1nC/wBoeYpOlZxMdM9XKTDDLMkAhdiQSqW26ALva/phngmppckzTNOGa6kpocyiaRYK1UKS1oVtZjdnuSCPFGdhbt3wet6a0Ueujh3AOw/PfmUGOogYxNMUsQPE17b26X72uMcYyawFL2/FuO+G+YSq2I8V+ni6eWPXkUja50ljtuRe31wKFY43k+jEoM14d4NzTNY0zSBHzOsp5p4tMs8UksNOFhJJVtPhuLfC/wCHF3l2WZbk9ElDl0CwU0bawouxZja7OzHUSfjgcpTJmnG2aOukwcOZVFlyEXIarqzzZGve1x4lPwwXWZlVQN7pe3XF6rVdMUyxOw2J85CMHeesum9yDu5G18C3H9VWUvC+cNTOUaY0lPMVFnSnncq4uvn0Pxt3xbSZoJpswpcrgavqqF4oaotKsFFFKW8UT1ADeNBuyhTbYGxOAX7QzxQ1LlNBU1lA8eZ1KqtJQwSRNNPGURQGkLMQC2o3IsSBvi1ZITWUPtvxGOwxtCrgyOmpeGsnFGsiwzRe0EzaTIZJTd2Onbcjb0thvOOH+DszzSH9J06SZpWwSVCWknikmhp1SAlih03W4t8L9sXeU0EmWZbl2XvKsvsdPHAsixiMsEULuoJF/XA/SOM145zmYC9Lw5lkWVxFd1aqqm5krE/rDxKR6YiDuz1KqtgDJ2+JjsgADEvKDK6PK6KChy2NKemjfVoUayzH3nZnNy3x/djlZmmVZfJSQV2Z0FLLMdUaVUiRs6i4vcnYX2uThebZnR5NQVOYVayvDE0SaIFu8kkjqioL2AvcC5I/jSUXDsGYSV+bcQ0lPVV2ZMOXDURA+wUYXTHSruV1D8TC1yeuIAF0mrWJwfxJjtR4WX8ZWaNJop4ZUkJZZYdDoT5BlYi4xX1efZBSvNHU5vl8MsDct0m1K4buAvU/K+A6Sgh4T4wyaKiqJKXKM1VjNC0khh1kOgik1nR7wGje4v8AXQpIwwGpUYr7oZQdN+4vhlxTSgVPvKRny/Qx6MXmeZ5xJwzUcR8HOMyp3o8rNVU1cscc70qs63iVQlyXFv1dr9ewM6WujrqSkrIP5mqjE0Jlj0MyG5DFVc2uN+vf5YHKmmy6o48oaUUlE6UGQzTzjlQsDNI5ALoFtqAK2J88FUVPEhSKJEijLWCxKqIuo3JCqAPXpht+9MJTVFIOB3Hx+EWiMkk4lZm2c0eTxU8lY6mSolSGlp6eNpKmdiwVjHGXGw7kkeXU2xXxcTUkhtXUtVlYKB4zmsEkSSm5UhGTVvt0IH8YeTUsmd5vmPFFSWMVPU1OWZLCuloYqaG8RkBF9zc+W5J3vsTaT23t8CL9/S+I63g0D4TLlu5zwfL7pNSBb2hsO0vTGpaPpa5vq2HzOA5KjNqzMq6ig44noataqdI8trcjy+GYRiQqggNRbmL00kE3GDZVbUvmbj/XwwA5zRVPEWdVTVAyXLKGnoZ8nSXN5aOsrWBnDmppKZZAsb3GlSz3AN7b2G+UQNLnhjLs0y2LPVzIyPPNxHmFUlRIkcbVcUqRKtQI4jpUNY7WFrdMEyvfSALk7W74q8rpaKiy+CipMyqMySKZYxPVVYrJddgdBdNgFHYAWGJNZKKCir6yUgJS0tRM3X8MbeWOI3nSuPGXBaO8ZzyiDIzqwbmizIbHcriZl+fZBmqzvltdDVLA6xymMOul2BYDxqL3scfPuXDKGmb9Lrmb07QrpTKmpo5jOSD4mqARa1+gvjVOBYuGXhzRuHajMElaSlatps45TTQqgZUaMU4AIbcX1YcVGMzoVVee8MUk8tLWZnQU9TGFMkM0wWRQ3S4xHTNOFatrU2d5a7k2EYrYgSfIKxBwA/aLlEFFWZVmaO0k2YxvTSwkBVQ0kaKJoyATbfxXwMVuSxRZNlGcNmlFLUZo5V8sMaR1ES3kXXqDk6Rp3JUdcJpnTcuTPESEOonfS2wFupuf34rZeKeHKOQRVOcZasl7Mkc/N09rFoQyj64zet4qzSfhfKMoaZklNPVpmszMVqJKSCaSCGEuN9wpL9zp8mN5WVfZ1m2YZdT1zZhT0DzxGakpWpXd9LreNqh1cBWItcBWsD5i2F045nTUEqsvkpnrXqqd6IJJKamGRXpxGgLM2sEjYA3xVNxbwGlz+nKIhSAdImcA9diqHGbcP1GYZFm0+R5gJFo8xmnybNqdWBjWeoU061MYN11XK7gbqd/StbIKI8WycPRy1C0S5lNRc7UjT+zwxl5DqICXFj+HHaROm0z57w5BK9PLnOVwzx7SRSVMayIdOqxHnhypr8toYIaqsr6Wnp52RYZp5VEUpddaiN9wbjfGR8aZVS0OaQ1URl05lHPXSrVRxcpHEgjIV1FiO9iNz/awqhrYc44Yq8mrJqhHyeKszbJWHKtUpDGQ1LIZAT4NRKgG+n+xhNMWagvEXC8jELnOWMRG0rffGyouxZzpsPmcdfiThRHWJ89yi5GoBalHsPiu354yThjI63O6TiuSk1PXUtBBT0dOWiSKVq0ukmtpP1Qt13G+IOd5DX5DT5SKxHhrK2GvqaynZoWSPkzNHHoaEm+oWJ374XQIk2uk4o4Yq6iKjo82o555dXJihMhL6QWOklQtwAT17YuBKrWt3xkvDfDObUPEfC9fFS1EmVyUiVb1NRyUVDUUDFxoU32ZrL4b/txqIDJLJHGjkxpGzG11u9/Dsb32w1hjidJEjKiks7D0HU4Y1y3HQb2sbE7+uFhZJG1MbHuvcYbjVUeqQKxs4bUQSDqUHTc9+t8NnQXzOaaqq6kSFisTuIkB030iwRO1z54hUNXJSS00xjeBAjS1EMzKWRVBJUkbduv78ElXk4rXeSAchnZT4zdJCRYnw7g/XAFxfVZbRZbWUeX5zQy5lzkir4IWYutMwbmJHJupN9OsXva47YzIsLl7jjk8+QmoW/tlt9JPbjHeVzfaXxk0zSxpliQDUVpfZ9ShSdQJbXzL29R1xpvDPElDxLlvtkKGCaJ+RWU5bWYZbXFmsLqw3U2/ZjG4+IqePhyXI/YKQs9Uak1hA5/vCS1iPeFgAdXTa2Dn7MKGqpcszjMqoyRUtfPCabUSFeOEMjTBSL2JNrny9N9rXpKqbTJoxPM0yHToFjcXOI2ZqHo5VuVu0fiHUeK+JEAURjS2oXbcbYYzI6aVz5NH+3Au7H+mf5SxSPtiUiwSaNPPZiQT41v187EYcSFrAGVugB2sL+g8sIEgbqd7+eHA/qfnjzgIIb1kx1ItN/Fc7C5v8Nt8LI0BSWQamCIWIGpyCdK36nYn4DDeo2Bu1/T18sB3GVPmVMaTiOjqZi2USR1JheVjFFukJMcRUjSwuHFurXvbbFy2orVcUycZ/OV6jMBmHAB239O9xbcYBczQVX2l8PpHHEWosqE1YyWL+5NtNvtYMttujD0xK/8AqBkUtOZsvpcyq60xKYqRKVyiVD7JFLKpta9rkXv267SuFclqaFa3Ns3VHz3NpXqKuQHUaeNjdadGJIsNtVj5C5C4v06b2iu1UYJBAHnnv8pXZtZGmFCxqttkBF7WuOuHEB1p7vvL3PY3wzqO3Xb64cRrMp6m9wPM22GB6EAx5ziB3AEq1K8X1v8ASVXENU7BmJdUsCoYW9T3xbcTZs1FQyUVDIi5xmgFFlqiRo5Nc7inMkTabakuGtcefbem+z2OtgoM+WqppoXbPKqQc4MC5KqjabjsQRfe+/lhHG08lFXcDZi0btRUGcSSVkmgPDErPECX6gG1yvh+d8GgFe+K8+X3DaV8YTML8sy+nymgpMvpYwsFLFpDsyqzt7zyufNjdifXGQ57mkGc8eZRLS1HtFNFmOW0sAVzy1ENQFPKa+nSx8QI/W88GWecVvm6TZDwejZhXVQeCorBGPYqanZCJLSy2S5Btci2+1ybYoM64fy7Jc8+zPL6QprWpheoACe0PJ7UjtK0jILqTcKC21um+9+zoCiSah9tgf8A7ImbPE1b/aS62ijJ1i/3pG1/7OAr7PpDVw8WVqhFer4hq5ZFZmLoCqsqsLW7nv8Aswd6rHUACQSVF7XPYXPngG+zaKtgyvO0qqaWBznlVIvODKXJjjRtIYdAQRcfuxSSkngMBztH6txO8VSzS8Q8BZVpVo5601baWkVgIdQfUB4SpFiPLT2vgw0SEDxoD8Oo+uBzi3KMyrFyrNspWNs0yGZqulhdf95BZGaJnDA2sDtfe/XfFY3H9eYY4ouFM6GasOXyJoylMsxUt4ZCus9LgaRe3XvjntRXppo7bfXeKHIMh8dzc7NuEsmYROz1NLVxkylBGzz6G5yC91Ki42FrHre2DspOCvjDozdrL16dcC/DHDdZBNLxBxBK1Tn9eNbLMqkUKsTaNL3Aa1htYAeEDzLHdV0sxsi+NiV20oLnbripeimQtJBkL3z3MkpluT3gHw4zV3F3H+ahkeOOZMuj5YTxKslla/wjF9++DJ2uGUxsVZCHFxspBB1WN7YDuA6erSn4hramKeJ8yzV54xNDydcQDEOsfbdj27emLPiWDiKopKU5JUxRz09UlRJTv4RVaPdQufDYdbE7/LFe8Val3o1AcDPyEnpeymcQWqOFc4y+prKjhbMqqihmNjSzOyqCSNQ5ikgjyJW/bCIOK+KMiqnpOJqVagPAJKaSNY1c2Kr4ZIrIV632vfvjv8tMxoOXBnuSViViMQzwBY0kUXOpFK6b/A/PEHNP0hxqtMuXZZJBBQl3FVmEojaXnW8CDZbbXNr/AB33JotZji9VSn822fhvHMKR/c5z5TZHrLMgA3udhvvta2M84hm4Lqa+bJqeLhykq5uZLnWbVMVLelRmu8dMzjxVLdz+G57m6nGiXWq3L3uPEAN/liqfNuAoJZo567h/nxu6TJKKbUsisQwa6dQeuNQDBWJO4fjyKOipYskkpHy+lcwI1I6yqZAoLl5F6ubgsT+XQTM+mpoMlzmaqpJaykSjlNXTQsFkkprASFSxG4W7de2I+W5hlVWqnK5aKSmErKWoQgi5gUMRZABqsR2xbkXBuV0aTqDW0lbG977W63wud4kxnK677KYoM8M2W5kWnp1FNHX6ayUgq33dJJABoIO92a/Sx2tjv2WQ1TZ9mE/jMFPlLxzsCba5pozGpPrZiMS81j+x5sxMcf6Qp41mb2mrycymg5g/Cty1xsd0Qjfy3Bpw0vChoF/kpzTSe38qpkAnV5pUQO7S+02Y7aRe3fa2HHidBT7Ua6nmnyPL4JL1lF7VNUoUcctKlI+WQ1tO9jsDf0xU8OcEUnEtJHWLncULI6rX00NE7T07ksVjM0jhbkC9wp64veI6r7J8wr6usq6qqq62RIoHfLlq3ji5ShA10KxlrbdT8MXXCK8KCnrqbhmc6ZqiGpqYZ3naqiA8CiSOdQwHTcEg364TgToG8fZFHlFTk6UkTplUuWR0CAC+meAuDd7AFyG17kE72wS5b9ouQw5VSe3QV4q6WnhhlWnpw8c7xqEDRyago1WvY2t+ZVmPHfBdfDUUFbBWT0sxaOZJaAMjBWtqW8wOx907EfLDFFwHwVmdHT5tS12cxUEyPUoDUhAqJcMXDozAixvv+3Hc8zoF09XW8Q8VLXkJEpzAZ1U8q8hp6OgCzM3QdFQKLgamPTDD59li8YniCKOo9h/TP6QLaF5rU7L4lETMFufF+LBVQcS/ZvlFJVwZdBm8dPVc4VeqnR56lXiKAGeSbpa+kDz6X6wJ8u+yKCfkzzZ4kiRxs0JiqW8MkayKbqCOhHfCzpz7Rq6hzLMMt9hkD8jLpI6hWVl5c8hSVUJPhLEEDYny+FPmeTUkeXZbnOWyczLatIKPMFtIPY8zjhQSRgsAdLG+kjvcdLYs65vsvqJamrfOeIObO6vJHFTsirZNAsHS3QAdcG0OUcPZbkE2WzirOVVl3keuddbvPpkHLCG4OwYWF7744c4EQkAZMo/sudI5+KvG3JWLKdIcAOADUKLgeXliv+0yuy+uzWlpaabmVNDQ1lLUJHG7FJnkUiMlgN7b7D54v8kl4NySapFHT5qiVSxRzz1DiZXEbMykqW1AAk72w/nfDPBM7ZjxBmLZnTwycupnq6WcmK8pSJTFHCHbxkj8P0w90amcsMSGlcUq2fDYHEuuHcxjr8myuejkhaOKlp6SSRg7Mk8ESpIoUgbg9zt++4BVF8MlhvI7MwDt2LOfPpgO4YzTgimSHI8kr6udpnq51jrYpkeQsNUg5kqqt7dAMSa7ijg+gqZctqpqsS0gEEwNFUSJEQgbqNz26XxCcmTwq1yOqmxAI2brt1uLYSh01FmXUZYR4yf+WdlK9N79fTAyePeFIoqWWaTMFiqeasDtRueaYW5Tmykkb9iBhk/aDwSs0L+21SgLMGR6Gp1XYC3QemEAPeLCyWkBirhA7JUVEE0ayl28DsjKrLcEC1x0H1xgs+RZ9SQVFDPkNRFUUM1RW1WYaXVDBCisxE7nklNtSEdSbd7Hcsrzegziigr6CR5aWcyLG8iNExMbmNrq2/UHHsxSOvoMxy+cao6ymnpmCKSRzEI1BT1tsRianU8PYDmMZc8zAKqSrzisnrqehp4BGizGHL6XTCkUR1c2ZFuLk7uSdz9MajwTxdU5zBWZbmxX22jSJkqII1j50DErd1XwhgbDYC98Z8+Tca5HJU0yZfmTJVRNA02XxyTRVVOzAaSYLix7qbH95lwXw5m+T+1ZnmCmmq60ih9mcjXBTuCyyTEG3ia23a39baxX8I0xjmMTVq3mn07RtEpjbWt2GrfcjY3vviLm5IoZSL+9F06+9hzL3WWlikUgh2c3ud7MVvv52wznP+4Tf24v8YwLu/sz/L9JZpe+IPqxO+luvUkfxw+HYdjbzuMVyyyqWOlve8mIA8rdMPK8okRWKsJFY6QLFbW3tjzriGyO8miQ7bH6g47zAdmTUPIqrA99w22Gw1gv8Mdvv8TjsyPmOQ8mBGSCBYkYlmWJVQMzdSwXD3MJAsCMMA7knyOETyTpDJJCjvKDGFVACyqWAZgp62HbD1yzbmM2kvWR+FvjbbfCwz9dL2HfSdsVYlzQ0NFNyr1yBebC9lVy9421htrLcMf7PrhhY81jqJVtV1MgAWiqpJYxCiCWUu8w1DqLWAQ9QLi1xaSjq/iAjC+O0vlZj2Yn1GFh47SpItw1gVdAQy26FTtiogTPNUyzEtzIuWs0TpGkMpWI8wJIxaw8YvvuvSzXxKrI8xeZ0pGZIZqZpGkRkV45YLhYY9W4Mt1uewU/r7WKduQRhpCXGMESdEaaFdEEJjQm4WCEKl/OygC+IlXleUV9Xl9fVZe01XQWNHNJrHKOrWOhCkg7i+Iqx8QhiKjnS0/LjkkEFVHHUkvI+umjIKr4bKytqFwbXw5AmbCvjMkFUSxptVTJNGYkpFEhaN9LWaQ3UGydRe/mRW2YZ0vj5SEsPKW2ubvG2/X0/LHbzN+DzG5N/wA8QnXN3nrFjQxSGqhEFQ7rLSCiGgtpgWQPr94Hbrve2whtHnogZmjrPafZd9FRE1OycnQYeWG1cwne4vvvqt4R3qnm07WPKXBFRudC9fM2wkmfowT5s38cUS0ec0tTTVCwh1igDmOmmnkMbkzMKaLmuFMd9PMJW/iFrAeGVGM4ostSExtVVUdZBTo8bXaWmkkXXKzzFrFQWuTe1um+I6lkDvqzF8T4Scxk/Vj+p/jhiR5Gsp0DcHbUDb0viKz8TqIyY6ZpNUxKIsS050NZVZyeYAy7ggE3FjYYitLxHHLUrDSvMhlkdXq5aZDp0D3ND23NtI6bdcVKlpt70lSpJrSgMdze58z0wzJLHbdtj8f4YhVX6YJuhqqhGoqflxNHBSx+1LUamaYxHWCRbYGxAPwxxJc6aaMzopp2ZQw5cKSIWZyxfQTsuwFuu198UHtgBnUPxltanbEdeSMi3MGkXHTz8rjDDtfbWNjYb7AeQGJDOP4YaZh54olAeTLitjiFojs8fh3BuLW9PPGYVqUMdVV0acQ8GxU1Nn9XnMUlWry13P5ryCjqY7BdAYsGOu9rbbWxpccwJjvYqbgHyv54DOJa+KtiFJS8MZ88kOcUNRLUJlUXJqIqSqWSVkkVjfUAdNxv3x6kgxM0TLLhWjohRVVVBmNBXTVWbVdZWTZaNNFDUTBCYIVO4VQFtc339cSuKfbJOHeIKejZmqZKGRUCBgXjBBljDAdXXUo/zx2jrI6ynM8OW1+Xx+0ugp6+lWklY7Hm8pCRY+fpiBxNW5lluU1NdTf8EsVQEnGqBnaoihTWoIJ3N+va/bCd4kybK34XanzOnzcVCTVHKGXZnGrzQ0b3XU0tKjqd7G5322tti9qXk4f4dGW5ZmyVdNnlbUztVUyaV9jgVI5IrgkgO2zd7C3Q4g1uf5FnlDnM+a5fTU/ESSg5bNlEDQrOWI1+2PqKNa2+oXt0OIdNkubVPD8+b06SyUlFmDx6IwzLyTCDNOkY3KK1tRHTr2NpTOl/w3wXT5tl0OYZhVVVPBUs/sENGYV1RRty+bJJID1IbSoG1uu+Kmqp8x4OzxJaWaST2J0q6eoZWjNVRuSXSRPI2ZT2Nr4t+GuMoMooFpajK5KoUqutJNDUxhxCztJymDgrsSdJXsd9xvTZhWZrxnn2nlGKaqMFJHBCrOKOjRrXlZrEhdRYna5IsBe2G75nRXFWX0NFxBUQZTSNHHLBlslPTlmlLNUwrIwUyMWBJJt8PXFrlHFEdHwRxRlviSWKoFJRKSCywZoXLjffwaZd/MjzxT5rnlLNxMc1hhkFJQ1WWlElK82VMtRIyCyahdym3x388M5zlPP4l9jpUES51VUMtBGxJWOLNAkqgnpYam+mHTpHpKJanMsigrYwKesrsrjeMSWvRVUqAKCoBHhPXBF9omTUOVZllzUKyRiqoWeUPIXWP2bRTx8vVv7oAI388VecV0MfErVtPSLDQ5RXUMKUyFTKIsqZIbhgLXOja9+uLH7Qs1gzjMMsFMtSj0eWxSVPO0EIKxI6xNHLO+kMA3Tp8z06Q8u4dybihqSi4fnqqXMIMtM+afpZS8U810RnheFmtuSLaRtg44mZhXQUh/m6Ojpo1AuELMmpnUHbyHyxn9LxFQ5C9PVcN0rRVUmXCmzKTNbztJPqVmMARwoBIv0wZ5xNXyVhmq7nmRRNGdLBVRl1aF1C+xJGL9gAawJgTrZPq2AO8gbdMFmQ08OeZNmWUZgrPQc6KBdDsj2uKgKGXfwnSR8cCY39cEWQ5nJlNFnOZVSzHKaKNHcRxqWkqZZEiuhNr2Fgd9sFOoLmgTmZ7o7lboAjmZOZXy6sX2eVoqiCtaSne4LwvBKdEjONtrdO29+uLbiqty7M3y7NaNFizGvgrHzqFZ3mMdZCypdFYmyEDUltreowzk4y39LhM4hnno601dHLHCqc1Za2QCGRWcgagSGvfa3fphrO8mqcirq/LKoGWanjJppUAVXpmuY5V26Howvsbi+2+dO83kKeIcgyil4M4araZZxVRjLwxeV+Wz5jEJ52YSADcgWscC+W0XD+aQU2WtLXRcQ1WYxwQ1MiBsvEDeFY2VHDC+5vpP8AAu4vzSl/khwhlCLNJV1lDlNbFIoGgrTwLE2tm8RJvtYfPbcOyzMsmyynp6qKilk4ipa9ZoaiqZmoEiA/5KOpLDt6/TCb4nTZOG8llyfKKHK5p0mqKdqlnkp9QiJkneW41gHYEA3GLuOsoVJXnRal8JYsAT22Y7YD8qzzMc2yKgq6tUWSrapaQ0q6FeOKd4UAQE29253w9pBGlnPnZla4/LGYv+s+r1fCQZxzCNCz8RNbHmFkcyRu8byi765ogTtygBfx9PzwpmpXYcxEdo7G5QEqDv388DtFCtT9yW1rETMmlh091kYeXQnE8maNmskgLAKWW5Fh52wWtLpbqkKq/wCGVK1M0nKGXkAjWO0dgupzZQBuTc7DEDPHRMvmZyAvMgDEkDq4HU7Yk0FvZl8Wq7OSdJXe/kd8Rs8UNl067byQjcAj3x2OJbsj1ZyfKNpe+MwLOYMGUNExDkxqaa7AyXsFc37+eHVroIF1SRmORmtp28QHVrtvYf664kwUZQEKES5v4F0eI7XuvfFNn0IgagvpKmOrRHN2IAETEMT+WMBRVajBcQ+mh20y+inEiqwRyrAMCVtqB72O+Hg24sG+h2xEy14JYYUgScpFCitLKhCl7C6hidz8Bix5YtYje43xGykHaV3IDERkzKvvBh1PQ9PjjntD+FyjFCvuhG1D43w8kJkux2j962x5hS9thhALFWLEdL7NpA/qgruT574bg84nAqIo1HfRIFABJK+fkBh9ZALbNsf1Ww2Y7LFq2ZgHAt0tvuMPqOtx3vhwyDGMR2i1kuDYkC/ceeHlkUFAzWuSASLdvphCAXI26Xvh4hW66D3swB3HkMEaSkjMrsROiaG5+8BPSwDHf5DDnNTzb/pb+GOC3a3W+IObzyxUciwvoml1BWJ91EGt2/YPni+o0qSTGIutwo7yXFWQTkiPUTYvbuUuVDAdbHth/U5PuN8yBgeyae60gZ0iabS0kaXeoqJLW8QHuxjb/XUg28xtt54cp1KDmLWQU30zxL72T6uMIOvw+Drf8eFHT6fTCGsbWHbywx1kUbbV+qvzkH7hiLITcXUD1VtV8Syq/q3w0yA9gfgf88U6tJiJKrYMgNIm4LKCAbgm1sQ1qqeaFZYpoypZrNqA2BseuJFdpip6lyLi6x7dSXfSBioyzS2X07CPTBTyOlz4nmCEo7X8rkj5YH6PZJhGmBp1SQ08LalV1MgTWBcC4JsLXOIytI0kgewULGVBZdib6hddsSStPAdQiRQNUWm6gnx6gVTqQevyw09JMWIU6St1EsjszOlywAVLADf8sQ9sSUOo2hPE/KKgm2509Nj6YBMxqXy7iOeDhWsrTUS0ktRV0OVqcxpJM3eoI0VcVRJyowRfWQwIt2I8Ru9MZZU0uQXbSL/huQL7YD6KDNMy9rqafNpsmoJczrqbLaLKVpoZJ3ppGSWoqC41yOxDMw7Add9vTUMzhhlQVWZzUdKc3gpKbMJJEV4aOZp4xcbeJh17WDEepxGzaKhr6PMqetpZqmhSNzOiBgJDHspVlIPhOpjv2wPQZjmbZXX1GYSr7XkGf0+WVU6R6IZmjqIlFRoGwOlwWHn2GDk+yxIkJdNBUxqGsdYYb/X9+E/ijyhCBvPP0xM6XJPsv5cczUKrDDIQHWesaOXkRe0yI1pPETtpB6hh2OC9K/JqPl0dIthT1Yysw0EScqlmWI1HLcIQAAtyTbseuH56XJ4WfVFRQQU9LPNO8iKIlSZEpzqFx1VQp9AMD8WZcEiZFjljScEhaqajlSHmMX1SXJvc63Fz0DHffDWYDZjiSUqFWsCaakgc4kevyf7O6iqqRNltOtXFI4nFKlRE5cCJvDHTuqEsXQIQNybHcWxOy+m4by/XS5Zlpo5p0l58jUZIhNOyalqpCWa4LLYXPvgjrtcR5bQzKJqhaard/aG5i7oRUqokAW5ADBVuP6o7jHWpMvpYSYIRC0KSCJ4r60MsiyM2o3a5IBY79Poue0iIwN4KT5ZwfVytVy5U2vXK1QRlUMKxIk7UzS1Ch7BSwZb2J8JP4b4tqj+TtJXRT1tFGlXliRxwVhpQyxaITPHTwzW3bTuq+tsT1yzL5TBJJRU0qQyvJfkujGd5BMXZp3BbxeLuL/DD0+T0c9TV1bLE9RULy2aSJWvHo5JQ3vsV8J7+vYLnzjcSjfLOApYsyr63JqKEUjyS5i1XTtHLA5AkJlUHq1wRa977YcmybgiokzGqmyWmd8uWCGWaWnfkyAxRiLlhG0sukpY6emLRcnoFhFOaSHlCZZ2QhmjaVWDB2DkkkbWuT0HljooaClgniRYo6Z0DTxlLxskSAAuPJQB9MKDnYRDsMmC0WRcET1DRRcPqZY4mnlb2arakA5zwEBtdyLq1tu3liyzyjhmypqwKsZppo+VoDhZY5LJcCXf0HwxXT5/BFWTnLaGAQiCCJWqQ5LBZXmI5YbSASxsN+vriBXZrmeYaPbKguqHUkaqEjB89Kd/XBW2squoVDsBM/fdVtzTeiuSTtKw6tcekbawWupFgPMnBtk8GXZnkiUM4Wpg5L0tZSMWUamnM+olSDubWse2A47/w6/txIpaqropBNSTPFLYAlTsw8mU7EfLBO5t/HTSp3gCxvRa1dZXPYwmi4J4QopYK0ZeB7PIGRZJqhtwdS8tS/UGxGx6fSTmdBlWeSwy12X01S8AZYjMhZo1Y6it+tvjioi4nzDUDV09PU2t4vFE/lsRdf/Tgmy/MaWtp+fT+AKxjlR7a45P1SfXqMAK9rWtxlhtNha9Qt7s6aZ38pW1HDmS18dJFWZbSyxUcQgpFcMohiHSNNBGwx5ODuDiTqyWg6AHwMOnlZsXg63IJBtjsgK6ArbObKNtza9sUtRhPEp6ylyzLkoaakSClhWN1jgiULEoLlvD3uSTiDOZUS7AgA76XMe3e5Fzi+qaWOoiYMBzFDMlwOwuQ1x0xQqixCZ12BQAgsQLre9ixIxhetUGpXPiEbNDdk4alpHacpnqWraIps0jFAqTarKwDElSoNtvPBRy2PQdPO+KPK5OXVwya7oyPG6yTQnc2AKEC5Pz6YJzoBtf06YNdBXNuWB78SlfHFQDE7TBliAbrdj+eI2bf7lJsT95FbSCxvq8hiam6j4nEPNXMdFM46q0enyuWsL4O3f2Z8+UoU/fEGVrqZG5YirA7qzoWp2s6qbFgVv8AngT4yppZ5cnq5eYaAJNRlHDxmOoctKJFA23At/dwUwwyyMpl1HSSysrBGBPUMe48tsVfE9PWVWVqkayOabMaORdQUEq5MJNxttqH0xh7KpispHyhtVXUJZZFURvk+W/zjCGm5UsmjwLydmLG/QdziWc1yZHMD19Ik233bzRh99x3t+eMlzXNMzpDXZLBUSw0kUrCsjiaxlnCGJwzL+He1r2Nr4oBTmQqIlLF/d7WPrqwdTpHiZao2MylXqqtQqozib+kvKK2LEEggaXKkObgjb9mFipp2JMS2Nrq3JNyCSO4/wA8ZxwPxBV01VDkdczvT1DOtE0zanpp0Utyrt+FrGw8/jjSdflew9fPAa7ovaP4ZOR2jkcOM4nhKrtqNwbafccb39d8LEkfe57e6w/dhAbzOHVa3+WKevMdFCRQBp36AXB7/LDgZtvHv6xn9wwgtsCDvrT4dcSQ3rsP2YvW5DcnEhY4iFZv1x8lP8MUeZiszAz0tJJGs0sjUcMshsqQoLzONiTvft2xZZvmtFk9BUV1XMIkX7uI2DO8zbARp3I6/LGe0/2h5VDVQynLqs0tM8scbCaMyyLILcxkIAv3Ivbfrggts9XBpjIj6NRUyxO/aaRSU8VFBFDCLBUUFtKgyN0LsQL74kB29fyH7NsRMrzbLM4pI67L5hLA50teyyRSDrHKvZhtceuJxPofjhSgQ4O0gLFjqMbLHe+vpsL+fww3qFiSGsD4tLHw4eJ3X498M6mVmULcaje1tr9jc4hdlU8zhOMsQXVckAgk63O3ntiJMIbGxAJUuPGQCE3IIJxKLFdSoCQULJ6Hywwwd+W7KFKE6Tbduze9vY4p1zTK7ASWmDmUOc1RFNTUqGNpJKolyxLJy4ImmXZd/F0+WHcsj1ZPlaSsscj0qvII2A0NLd2UHy3Ix7Okhigo5FRdXtyXZrm4Mbi3wxHo8wjpcpzQ8tZZcnp5pFRthKgQyRXNvkf7PriAAvSCDnMIFT4GseclVtfkmUxxTV1XTUocWi1tqlkVRbwIoLG3nbCKTNclrwfYsxo6gqLsqyBXUdLlZLHGOTPm+e5hz6iVpq2rdEXXe3i6JGB0UdhbFhWcJ8Q0cgiEMcrFVfm08oaNgRuATbcd8HD0egqYd/a+koI9apui5m8lQWQEWFzew3tt0wC68nyriaOXOBmeVmGsrM4pYopUrcmnM4amasPLQzRFi3jB2B7gdTwzQDls24ckWFtR6dBgAzCbKMxzWtqc74py6BUjqMsXLsoqzTFqPnFzDW1DEuxbbWBYXBF97Y0iSgZZ52mU0/DeZ02Vct6OpqUq5ZYZvaPaJZqlZJJGluSb7dT0H0suHM3esymkJ8U9KvstRqIvqi91zY91scUD1GTT8LcRJk9JT09JR5qKCM0zCSCqWCWJvaEZRuGv3J+OB7LM1rcqqhNTsrKzKlRARqWZAblWF/eHY9sVqlTRV34mlsbD12wZV94McfgNpacW5pVVWc1dA+uOno+QkcaiyyNoD8yQjr12BOKDf/X+eLziWaiqqyirKQs8dXRJM8jgDmNrZbi3l0P9nFHinWOpiZsejoKdmgAwcb/OXnClVLT5tT02thBWrJDJGCdOtVMiNbpfYjp3xoksZES6VlLNKljEX1qAbkllBIGAfgmjhqMwrKqSxloYYxAp3C88sGc+u1h88aGW/CCNWwNsW6AIXeYr0hNM3nsDBA3+cr5I4pGiOh2cX1ExTykttazTC/8Arrh8c5jYRzC52vpUD43P7sOQsGjErhFGqRSS2wKMVPX4YanzBUR+QrO1iFOhnBbyCjc4szOR+NJPFqR9j+NlYH6HFPxRKlPlbxoAHrJkgI7mMXkf5bAfPEp6yYRRvNIsI0guzARKSRc3JOA3inO6Bny+KOsSp5KTMy0zcwK7sBZntYbDFm10Cqus7CVb1Kr2ziiCSdpUJu0xtvrCjf8AVHX4YYjqPaJXjhB0QuOZK3utt7qDz/8AnvbFaa6pqUnjhjKqZHaXl62YqTsCcSaOKqWJg0jwIXLKiKvMJ2BZiRtg4LrxagFMbTNHpotaLvXYB+AM8Sytj2GtYAv4tja2lr3+mFh1N73vt1Dd/lgmpBmdcERVxi+4Z5z1VbAohMRhgnlWUFtXLkIUL5dcD5eMdT9Q38MXHDVbBT5oEe7JUU8sPh66wRIttVvI4rX3tUWEu9LbRdIx84Z63iFRJKuiFCCjBg2pSLefUnoMKFbQrpSWWMuAJNABcxki1iVBF/nhquqsu9kkLSLq8IjSS6nWdg3ltvihjNNGp0OxF7nW1ybm1wTvjzPqPUjaYRFyxnqltbeNlmO0ta2uSRGjhVgrWDSPcNbyAGK7Vs21xY3AAJ+mPJzTqDPG12NgCbjfcXwiSN2BCwlka4YJIAfiCQP24x9xd1bp9VbmGKdJaS4SM6pVV1eWmawsrGncMo8gV2uN98XlPmTQoiSKZYwNKNqtIB8ehxUiLYa5J0ATSF5mmy2tY6TuMKjuVAO1iVX+yNlvbDaNzUt28Sk2DEaktQYYQwo5o54EkjuVYt12IINjiLnmn9HTl2ZUDRFyt76dXpvjuT7UMd/+ZL/ixzO1V8vlDXsJITsSOjX7Y9BNU1rDW3JX9IA0hK+n4wah5bIeW9TGoW7Kxa5Ui+9+2IeZD2uhniimnWJ4ovvDIsREolXSNTeEFvdNx3wuV2cCOGVY5AoCDUNIUHUuxPUHCagJT5fmQl/m5o1SMSMhaWdrKTf3QCbX7eduuMXbD21IhvAzMy4goqlc2qyigw1LRTalRkK6xobVHIdQYEHWPP44tYMqdI4IzlrVtHHpqJSI+WxS/iZKpH2Itfr6WOEVVbVJWxJLTqyrGdbyIwXUxDhF1d+53/F5YtcurK6tWOioqnTJEGaGAuYtV7HVGykXcdgbj0vjX3NaoMKBEpUaWpmB5M9HkNQuf0clPl5oqSjzGKoWSR2mlna3MDvK7H422t874Pyw8x18/wBt8DOWUOdjM6SauqaqZoTKXadFhkNMU0IJowx/FfT8Ce+Cg7X7374zPU6heoFJzgRj01Q4WdV4/wBZetvjhQkQW8Q+uEDe2/njgclnUdVN/lYHAsbRmI+HRlI1D5dcLWSwJ5rb7AavyGGkI8Jsd+g73PnjpaxK9+9he3yxKrRhAmT/AGg1VVUcQtSPJIYKaClSnV2JQ81Qxaw2vvb5YlZR9nlZmMBqKyrFGDoaGMIskkgdQdTgGyj0xO45yqWrqMvzCCGUlIxTyPHukgicyMjEC6so6HvfFg0/Gp9kOTzwRZY6xkyOsZ0gNZhNI/iB8h36Y19G4PgU1p7ZEalrnUx+GIvIcqquFs3joGn51DnFPO678swzUgDrKyk7hgSt/hgz1R2J1XJP6x+HngXioY6HiB6rMMxaprcwW1EsqMCIDtyVIJTw9bWGCTw9QBv6A4B37g1N99uY9qYXideWJNNze4ba/fbzOExlW1yHSA+mwuSPLrjrpEwUsqmxuLgWx5jEFW+gD4AD8sDGIzzEAHlEhYQbqACSb2Jtf03x7wAlri+4uW/IXw200ANgtzufCoGG358hty0jW2xNi+IiwPEeEzzI2bQPWUYgjKCf2ujkguw99ZQDsN+l8KmyRQ+YzQzrJHV0D0VTAyBAR4vvYyCTsCdrHC1p6aJo5OWjSowcSOAWDA9Qe2LmWenhhM0zRRRgB2kcqoRSLg3tfV5ADBGzw6FTIK9V6eFQ7THMmyiuyjP4Ofq5DxVEEDsqgSzCISiNgpNtje4J6Wv1sX00PEdTW1MeYVtBDBDCvs9LQiMMuojxnmC9u253+WKapqJczr81zDKswebKqeWSfL4JLBRUFbTtGreIKSGKdOp88VlJmGTVUdUtVXtDLJUCaaObmNd1UoDY73F7dcH3LVG9vfAGdoStdCoCvs53mpmPmMGI2IbrcG1u3fDLwcPRPKkyZMky8pplqUoVdTMTyzLrGxexIvucTaBmqqShqn0l54BK/L9253IAJPw64Bs54O4kr83ztUpKGpy3Os0oK6WumlK1dHDBcGEICDsCy9Dfbe+4OrvM2ZbZtl1Dl/D/ABElIxaLMM0XM30PEY45ppY7xw8rw6Rp2GAQLGLWUC17W7XwYnJKnIuDs4oJ+Ttmck8IhZnVYJKiPlqxbe9huP8ARDz16Yo3Xvzf+jP2Zvn+gk32qBsr9jkiJqIKwzUcoAskMoJljY+p3AxDAkdkjQAySOkcYJ2LuQoBPzx6xPTvjgaSKWnlTYxSCRWAvpdCGW4PrivseZoBTNNWFLvv9807JaTL8mpFghHOrJAjVk6goJZBe1r72XoBieJKmQiy6Bcm6gs5+F/4Yzj+UvEJVj7Ug6tZKeG2+4A1KTiLPnefVY01NdVPFpt4JDGnw0RaR+WLYroowJin9H7uvU8Ss4yx35/pNBzHOcjy1oRUmSaaZ2LJAVlaMA2LyANYb9uuKXN+LYWjMGTp43B11ckQVkHlCjX39e37AsXtdrDqSSdh6m/54K8h4VWvp4a/MmnSnlJNNTJeNpYwfflc7gHsB2+OGeK9TYS63SbLpyCtcHJH1Pyg1zKqrk0FqipmdvcUyTyMSf1bnE2o4YztKRa6rgNPBGwV4ywaoVHBs7Kt1AHQ3PfGnUdHQ0CGKjpoqdb7iJNJa36zHxH5nDkra1eNyAkoMBLEAfeeG2+JqFMU3DvvBHU+tet0mt7ddA8+/wDb6zKYYaeFQqKsa31bdST3JO5OHgoG3X44l5t7E+ZV3JjjjiWZ440QBVASylhbbcgn54iBkA6sQu1yCSbd8byiAUBAxPErl2NRgWzvO49vhOtf1XPwU/vxwttssg8/D/niU4lYEzpvfrh2kinkqqOKBmE7zx8pgbFdLXL/AAAuThNMI5amkik5oSWohicqhvpdwptbvgzpsoocunlqaNpVmdOTqqw7FI73KxsU29du3XAy7uUojSw3Ihrp1i9y2pTgCPZmy6oYigNy8kgYA38rX+uKx4kUq2kXAPLcAXT4Y4Y0NTIwZXCTWDiTmu2gW06gALd8PagNmB8rgY8W6lXNS5dhxn8p67bJppKpkZY0VbKOpJvbuTcnCws49y9j0IOHTa/h/Ib/ADGPL8cUfEMsYxIwVllaRi2p9Ia+6+HpscOSSVEZhWKNZFkIu66ho37gYeZC2/fphpeZHsQdJ8sKSr7xOIVZLq9hTUQTzZt1BA971xzPSoy2oLMFXXDqY3so1jc2x7I7/o+O/wDzZv8AFjudqHy6dSSAXh3HUWcG4xv0/wBuH/H9Jnm+0H5wLQ0zjnySU/JmYIjLGzSBwSuzkdPjiLUoklQ9NFZnWMSEghFiEjGIhklIVlYdQD69BvcaWZGTUjXBBDjTc9r6cQY4tVY3M0yCnjRGGyoBpEWpVdbi17XxmemgNWENod8xiXJqeWk9kq1UojssUjyFXhJC3MTe6dyFUG3XY7WwFZlw5nlBOxpVlnAJflx+KpVV3LKq++q/iZeh6gY06KWnkjshikDBJDpKeO8SRERljbb8R9NgdVsJZ1ChowjohimiAPLXQHAE0Z3IROtupt0IOnGtGF3jKmam0H+FqTMaUI2apUwy1y8yFaoMGbSdK6uYdW9th/HBgWU913364D4KbNaBMzpKisarijhqM4yuUkRtzI5FkqY12LgEeIG4G1x1wVUk61NLT1IIKyxLJdem+22Mx1a30OKg7xhzjftHQy77p5dRhOuNJkuyXdWAGpbn88OW21G1vSx/PDMiDwswUMCDqO9r9gMASYi4JijJGildcZbWLAOpt3FwDfHBICzIpXWSB712JP7sNPyj/RgbMuy9e2oYkUEKzTISAbKT7gvsNIBY/HyxLbUzWrLTHcxtUrTpl/KVXFdXJHQjLaUyPVywR1CwU+zx06SBTI3kCbjfrv5YCFrJpFjphVcmRJAdMw1QhrnxNGx0k/H/AONmNJTuxMkMbuF0CQgBwl9WjV1tfe2ALiHgOtqaietymeMGQ6mp5Us2rvoe+kfTG+rWjM6hR7IGBKlje06FIh855MgcOZRLHmIq6qdZJ6TWVRJmmVeYhRdbElQ3pq6Dt3NW8SkA21Wsb23wNcKUFTQ0lVS1cPLlWYlo3Fzq7sfjgk0R3voQf3QP2YynVabpXKue20nW4W49sbSNIzeJQQCBYne37cKWnkk5Zc6bb+d8LFFSay/IhL69d9C7N5j1wu0XMKaFsEve1t8Big7yyXAGBFCNEtZdx1J64VpJDEAn1FzbCNEa2sqjvYdcRpVikkMcgCooHcjci99sKSF4kYBbmSBGzMiWPicD5XucWFVRQ1aQRyRQyokqsyVCrIlrW3U9/LFbSrHFNTMwW3NCRsSbklbXtggXYDBjpiK6sTB95kOBGYqKkhjVIaeCFVFkWCKONVHXYKAMDnEGQVmYCAQRZdMEcsRUQhZASDc6wLnF5mGcZXlap7ZPpll2hp41aSpmPlHEl2/LEYZzEVDS0VdSgmyGujROYLX2COTf44LXGhQDneVdRG85lmYZYKHL9LMBySQHOpluxJDGwFwbjoP4Z/xVRS5ZmMmdxZ7m60ebZoz1lPk0hgqIIFhCoyI8oDNcWva3zwY5ZSxS5bl5anMTJE0YUurFlQ2WQlex6gdRgBrqfhd+I+Ml4snq6ZoQDku84U0YRhGYAnVvcsDsbnuMaRY2XOXB6T7PZqeqWVKyaraqMMwKzhJasMpcHuRv88DV3PZV+O5+gwQ5TSVk3AzVVas3OCSSUrTFg8lKkwMTsG3ta+k9xbzwPkHfA+6wXm/9GWItmx/MfyE5Zu7n5BRjoA/WYj445j2KhE1QfHvCeFhrF/xdzfawxxrs0KprLvIEVIgWdzb3VUA7/LCoopJ3hhitzaiaOBCv60jBAR69/ljVIcpyfLTlxpqWBJYSITOka84qsbblwL7nrviWlS1wN1PqyWCqCuotnAg7kXC8cLxVucoXddLw0TMDHGRYhqi2xPkO3qehiJoFLaYt2ADXe4I+BwwWMhsmoDuSAcLWkjPV2Bt33+mCCqqDAnnt5e1r1/Eqn+n3RLVCRmyQqFBuAuoW9bjClqaYkuYo9QBJ5gJvpubkY4YEXa5b1wzVNFS0lbUkgcmnmYau7lSqD6kYkXBYCUHOlS3lM8ZuYzuQLyMzt8Sb44cJBIsBa3Q3NrfDHgX3vp9Nj+e+Nup2xPLn3OZ0lvMYSWYHb8hjxMv6qkehIP548pB2sVPk2x+WGkxwXaKildJaeQA3SaFwQbHwuDjURXG7B4WG53Dah1xlrXCse4Fx8RuMapSgTRU8vaaKGT5OobAPqoPsk/GajoDL7a/KU1SKVjUSRwBNdY66lNg2mJL7fHDKxry5X3+75YAJ94sTiVVAmnpZO0tTWy/JpLD8gMQXmCRSIEd2ZgyqoFiVBtqY48k6qq+usoGBj64npFoSaAP+cxDSopPgGnzHXCfaKe4uri/e2w9ThmIFY15urmSHXIXNyZCPEBbthz7sjdT0I/dfFAUk8payYtKqnZUYEjWbKCPM7YWs8DhbMPFfSDbxW3OnEdadJIQjXFrDpY3B8/LCJItLRHSAsbFgFHXbTYYZ4VNjgcziWG8L8msaGOwsOZL1/tY7nBAoZSQxGuLZRc+8MN5E2rLoze95Zv8AFj2fGcZZPyTZzJANQtdVLjUQT6Y9CpjHTQP/AB/SZ597g/ODnPo0BLyshALG632Bvgdmkasr3pZXmFJFG9XVR6giz811WOEMv4BY6vFZu+97XEs0yK0VpWLkokhUEgEdehv3GKGjjipq2eGsTwCB44y5VmR9bTaVY32a5Frdd/iA6QV1GHKagQiiFNAmmKOCKMK1kjamVGCVFKVNgp3+eIlZWSJIFsPE0tRUm8TCTltraQEeHUqki5Gw7Xwpvb28EU/IiV5UVHSV3YCsgQu5Kgb26ADriurKkRIKmtIWSnlDssZD895iQI6dpYwbsuxBJtjQk+UmVQNyJb8wI0TkK5SUs6AFhLZTC+m+5LKdz0F8e4PLNkcMJYcyiq66hcFgSDDKbAkbdCMUFJmFRItWtVGIlMFOYELRyS6CrIplIYuTsLrsBuTgr4bijWjq3Vlf2jMaqdyAf5zTGjC5Fj0v88DeogNRw3nK1yuBqEsDHGbXC2Fr2INz52Bx3ljSbaASpN9unn54k8tR1VR2tpGOCKxY6AWItv0AHbGa8ISmHlcI5YmBJLCxC7g2F72xOypXWplZ1I1JsSLXue2FrGrdQt/UW/LCp9ccE7LYaUDRkG1mQg2wS6ZbgXKN8f0kNzWzSIloGCqSxACaixJsABvck4Z9uoNegVEZb+rqZPhrUafzxV00K5vI1TX6pIKeTl01I1+QCoF5pkv4mvcC/Ty3vi31IiKihVQ+FFAAWw62A2sMb4wMGlI9M6STzu+qR55mdt99cjMii/YLYfLHGdVUsdR3UWUb7+eG66uWFqlJWWGGnKglz45p5gHWOJOpIBG/a+OLkcOlTewJLoI9ai7Ajck3/wBX74ynXrdn0ug8xL9gye0jmPg3uF3I36Hp074ZmEiyKwFiylbsDYeuFRZPSxLptuzFmbXIWN/icLfL6YpyhzNjqFne9+nW+Mu1F8bwqDTDbGNPCmgudWoLfXve/nhvlSM3MMgBYC999z2x5Mjo0bmtLKxvch5pD6WOonCzAlnZGJZL6dDOxU+tzbENSkVO4kmpR7rfSJWIxya3dmkWzrc+7Y36YVm+c11PUUtBQJDzqyNI46iW7LT1ErWUsnew/O2Ia0ahWYNVGW7sHkklBB/Edze35Y7ngy6BqSuqAzLGIS7I5Vo5RZ0k8rNbb4Yv2blA2n4ShfLgg5zLXK8hocseWrZpKzM5heorqxtczE9Ql9lX0GHKmKeoksioVT8Umyk/1e+JkM8VVTU9ShvFPEkqHoSHFxhMg0qGlk5aXCqq22JBO5bBmsuoCD8E8StypUXLstOlhrhMhEgCszOSxYhQF3vcWFrYzzMJ+dxJxOKji6hy9KfMuXTRZhQGtZBHcFIhMhRUU3GzWPW3no2S0zrlmVC8e8GomJgysSTdgR4d+th06dsAXE/DfEtbm1bNDw9QrksdY9dPKtVTUsleEUlpqmpkkMqjc7Cw6m198alBuYplvw57XXcHZqZK16+Woqc0SGeQPqkFwqgLJuBsSB2vbAWOZYX0tsLg7EfTGgcF1M1Tw/STGno4EStq4Y4aJVSnVI5LDSVYgk3NzqN+t98CGc0hoc0zKntZBO0kVunKl+8Wx+eKd0N8zYejVXd6JPxleCCCRfbqDjuPbDrt5+pvbHT0O3Y4pZm0KZ7ybkBRM2yRnkEarUodRQv4mUqFCqCd7/LGpyQVBKsCrKWAOjqB88ZDTTT00lLUQNpmgKyRtYGzAW3B7dQfjg/pOLsrMVPLNUPFK6nn0qU8sxV+55i+Gw6jf9mLdBxggzHekNnVqOlRFyAMbQgBMY0qh9T3PqRhPO374dNQJLPy5VhW12kRQJQ1gvLF9X5Y7KoVJG8HhXq+y38icWZj8EbRKlHtZl37Hyw1U0tPUwywTWaGZdDqCbkXB2I7jD/KRGjF0UuWvpPQqLm2EEiNm1qSnMCB1F9m9247jzxwyNxGkBhhuIAZtQR5ZWezJI0iGKOZS4AZQ9/CbdemK+6+eLLPJudm+Zk3skwhS/ZI1CgDFaf6ux9cbSgT4SkntPNbtF8dggwAZ7HCAR0uPjvjt97d8dFsScyHiNqxsyNcsF62tsb2+mNKyqaWbKcsaMFR7FGg1Ag6lXTff8sZs2zJYnxBlsBt0vvjQcrqCmTULa11rQKwBbw+FSR+zAnqn7sfOaDoQHjMR5frH6mnYUECdWpkQn6WfFT4T6+uCLUZ1sqsVkTcAfrC5F8Dh8LMvZWZQfMA7HHlnpBb6aq1h3H+fSej9OqZQp5Rt1jJQ9ShJX0JBU49pucKYjoLXvjgYjYjGfBOITxOi4Iv09OuFEL3IGOFxbsMc2G7dPTfDCpO8WE2T29hjtv95L/iwnPJFiy6d2sLPDYsdK3L92x3JSDQxkf8yX/Fj2diQ5dMIxeRniCi9t9WPRaf+2D/AIfpM2/2g/OCdHPR1bmCWopjPHKY0AlBub3BFje2BXMWinzXMRFd6d52jjSKMPqWEcslQp1HcEkXwWx0zMqNUENIFcs0ShXWwYgpo69u+M7gdhzlDKp58hDOxUMGNrkgabg3uR5dScBel01ZmYdoZQgNtCuiZqTmIq18rKyTTwSMCtPGJE1q7yusEZAYEeInYHEKtrIwwp1qaKvUOkkFpIpZqSpSZYV55W8bAdVst/pvCoFnq5EMlb7RctI0cwaSGnEsfIV51lYoNRFgzXI2Nh1xYz5dGJjXQMrUwgUFFRoWVvaEsVSmIGkWZTt+HbY4PkYEnVtR24jEiqsStJIvNliZnYsLeF6gvfmIqdf/AI8ivhuVF9rpmYiV1jrAshsdLeE6dR1W93ew64CcynMk8kYaTVGssa2MockzygFdbau/pi64dq0oJGzDMWKxLBVR1Uzh5SIhpkU6IwfI9STt0xUr09dMiJXOpCPKH1idwRYbj5Y8rhyFXSR1vqFrfLAzUcd8DRAhK55zaxFNRysDfteRUGKk/aTw/TALTZZXy2uLn2enUi/YDUcB1sK7MAqnECGomIf3sd0IO+m1rfHDFVMBR1zMBaOFpDuDdVIv+V7YGcj464fzyrioJqeSgq5WtSiodJIZnP4VkUCzHtcb9L32xe5hRK1PmUcSorSUs6BwNIRtB8RPp3xYWjUtqyFhjcRjFXQiNcO1C82tpuakiusdVEB74RxYk+nTBE8Ye+5GqwYjYhL9B8emM4yLMPY6yilqJeRFFHNS18cwJ5D21HSQNRW42+I7YNIc7pqi5plLj8JkYR3v5AXNv9Wxra9VKHvnmD7ek9UeyOIGZ1R1GYcYVUKMSsTUkgjjLHlpyY7yTN0UeWD6mMc8Cstyql4xta+g6bj0wEZwUqaieerz7MMlnlCs2X02upS0Q5auORFvqAvbV3xZ5NmMWV0TR5vWNHd9UL5haGvmSRiFZqKIsyr0tc37m2ILtBVo6hvGUtSVSG2hM0Q1KdPTDbLc9LAnfzOKqTiXh5YzqqZSAVsEilFzbbSWttiul42yeK4jp6uU3IF2RFt6kknGfa0duFxCAqqBzCAwlmIYeEdAenxPfCjDF0UEXFn0jTt264H8v4vyauqYqecPRyyskURaXXC7ubBC6gWbyvgk5a76dYPQnUb7YpVLU0jhxvJlqh+DIklMmhVUXZz1Pn2w3XUrzRloxoqKQ6IWUrqaOwYDxgrv0AIt54mqjCRCSdK3Jub38gcelBBL2uttMq77oe/yxHSpAAt90huHzgGU9NNmFNFT08srMwZyeXTctgCxZpJ5JyVXT5KDv0NukWvzSneNGpzUVg5hHNhhDQkWPug7n427YXntJXNTVEi3qk5AWLVUaQ0WoOYpoXGhgehIIJ269CPZVPTGN3pwI1YnXAvhETjYjT0v54k1ELgy5YWdO5zqbjtDbKZ+XQZbG6p4YLfdm41AkNud73vf5/MerOFOJJJ+Ja6LiLMY4q+aoqoMuoY/51ShVYHNS4QEiy9Ld/hbUkPstLQQKT9xEFB0svbVsrAEDfYWFsZ3m6VdDxBndFV1Io4c/rfb5a5a9Y9WUITMtKkYBZHc2W529NNydmsGYhtwhlea5VwzHR5jTNT1SV9VIImeNyIpXBBJiJXz74h8XUERpIMxCn2iGWKmdgTYxPrIuPMG1vjix4OizaDIqSkzPnCX2idqVJ50qGjoiwaFTNGSrC26ny+FhL4mp0fIs26/dxRzD+0kqG+K9YZBhHplU0rlGB74/GZW4urbdgfpvhZ1XIsbW3O1scc2AH6zhR9d8dKqxBIv8b74FZnrQXESBYKuoXA9D0x4rvfxHwkadrE/DHo1UKLADqDt5HCiLqw8wRhYmnuYQ8PcRvl80dLXc2SiUho5GZ5WpbLpVUjJtbv6YOkzClzGMtRTUkyEEcxW1PCWvu0R8QOMiRQEQW/CPjfEimqKqimSppZWimQ3DJ0I7hl6EHuMT07gjYzM9Q9H6dxmrS9lj+BmsFAxBZR4Ra9tzbbcjDqKT4DcEG9j0tfywCUPGWZpURfpAQSUjMFlMUKxPED/AEgZTvbyt2wdhizI4INrFCO4Njt8cXadQPxMVfdPrWJC1hzxiAGeBVzfNQO1Sf8AAuK62Jmby68zzaRjYGsn3O1gGKj9mIQN72JPfb92NpR2pqPgJ5Tc71nPxP5yRBSSVCV8iEaaSm9pcfrDmKukfU/TDFsEvC8AeDNGdRpqWWkII/CI2J/NhgalHIaVJPCYWaNvPUpK2xHTr6qrJ5SatamnQp1f5sxHWRR5KW+uwwX5Y0cmSwSVDVbRrFNC26lUCyFbqBvbpgRi1eJ3FmkN7HsvYYNMniDcNSE28XtpBPkJb4q9SH/SB+MIdEYi4I+EnLIYI0jtmCry95I1PZfe2NsVCykIqqGlYD8RUOfUki2CGojCU833hQcprnc9rdPXA97gta3Q/HHmPXmDFEnpHTxgMY7ZSNgQbbkm5H0xzT09OuErLHvc29P4YSZHPuiw7HucZYK2cQoSIptyFsdI/PC0QKLk7D9boMcRT1bqf3462k7Wvb474axzsI6EuTEGhjI6cyX/ABY9nen9HzajpXXDqOrSANY6nHMl3oI//uTf4sI4gMX6LqOaSE1wgkX2u48sejUx/wBtGf5f0mbc/wCoJ+MF0nWCOWOdl0KsimRGWSPlsDctpNx16YzeomijaTS8mkkhipJLhBZVL23BBIU22Hlgi4grUV46GmYAOglqWTYtv4UP7cR6OLhunoxWZkRXVMhdYMuiZkCW21TuMBumK1JdXnNrb9KVrbxqmSW4AlSubLq00gii5/3k0YQ6FlKhGdlJu3RSLm23TfcjDiuy1pRJM9REDJIpYkFg/MbSikLYm5tbAHUqYpjLGoQGQuqKSVQEk6ATvbBHkOYorqr2Mcp0sD032OCVzq0h0O0rCkaTmlU2j+XJlsUs9fXVUXtE7SCOOOB5DBFKxDXvZNRDX7204tpcwyeVbTTu6OHWSNBIxCPcuBfSg957bdx5YhwT5ZlVdVx12WpXQMv3Ku4QhGOoMGIPwxFzKXJpZ0bKqWpp4Sl5Y6mUSfeE9E7gD44b47aQ4I+UP0ej29VxT0sVI97bH9YH1lDPRO+qzQa2EUq9HS5CsV6gkYhGTBZPGKmF4WF20kpfqbC5W/XfA/mWXmhmp9JJp6qnjqqZju3Lce61u4NwcE7W6FUaW5mL9IOkr0ysoQ5VvP4SPTc41NGIdXONTTiIA78zmDTv169MfRVa9StJnRia04oq4xOwACzcpwhGra19sYdwdRpW8R5SjxmSOnM1ZItrgmCMuhP97Tg/4gzVfa6fJ4WkAi0VeYOTuWIDRU6/1ejN8h2xDWt3vb6jbUuefugF6i0Ld6z8CCNRmudQ08NPXUarJHEiF2jiklXSvX3uvxP+V/kee0FUl0jeGqTTzQzbPawDFL238xhOYZREcrXMZpdBqCPZ4WW8so/FIzH+GAaST2OohlpWljmjvrJI0k37W3sR1xour9GSpRARskfn3g/ovWNLkMux5E2dqj22nkjiq2panllY5oCjPESNipIP5b+oxnMtLxBRzVoqqKtkvLV3mjRpEmMpBZxMTvq9d/phzK+IY3YayKee4FmuYX9FY9PQHBxl+aU1QVSpiiDKPcnUMj3HbGSt61SxqCncL7J/zImmvLNLymatmQW/zbzmcn9LvvJS1LP4rIoChVVRuxJtiuq56mAqKhWRmFwgGkFe3T+ONAzKEU2YqNKR0NTJaCZNUkUSOdOmQruLXF9sD+a5aKuOaicBKyllZIj/AF720X8m7f54272lu9DxqD52zMLSuq6V/BuKemC3tVkadnA0KTCgPiaTsQP1V63x9GRurRQTBbGSGKVhvYl1DY+aqiIQiRGXTIoZSPLbvfr54+iIUqRTUimbSEp4Vc7gKFjXUSSegxieruAiFRkmaehTwxVtpJeUpLBewVnCW7bjzw5JMkUkep0CyHR4mXwt2Jue/TAjWZsk8ccSyS2rZHenV/f9mjYqJnHbWQSo8gMMQUUU0kZKAgsF1Pew37k4ztS5e2Y03G8DXvVKdF9KDVmXubVDUcbpEsk0E2zR0xjlngJ/HFG+xXzF/hjMpZ5KSoqZUqoWSdyRZHp5Rv0kilGxHoTjSaul4foaaQzToZzGTGq7+K22wxn+ZtQVRQOoJQ7G3p0xap1GV9NRefI5/GPo9Xq2tYHHPkc/jNDyg1EuXZfJMI9TI+nlksGjBIUuWPvH8W+ASvjyzL+I+MG4iySrzAZjabKJYoTPqhZWVI0P4TbSL9Rp7X8Wh5ZTSxZflsZkjkMdOq82N2dJB1BVmFyPl8vLM+Koqulz3PXp5czpFqcwikqcyFZJ7DSEr1eGgVpB5LqN9unfGxTmEzC/gWHMKDJcsgrUZH51TIkTMpkhhdiyJIAbgjckHcX6C1sFtbTxZjRV1GGI9qp3hBIPhYjwk/PA3wfQZfQZJH7NmcOaRmsqJ5aqmBChpNJdSJG13He/x74voZ3qYowAFidSzm+5BPuRt/iPywjAEkTkdkYMvaZA6SLPIso0tTvJCy9fvVOhyD5X2GO3wQ8X0Qps3MsahYq6FKhQosvMUaHA+n54HsCHXS2DPXrK59Zt1qr3H1nqeOaaUQQxtJNLMUijT3mZhqsL/P6YdnhqKaXk1MMsEv6kyFCfhfY/I4k5ArNn2Uop0saqN7jyEb3xqE9BT1ainrIoZ4WIFpUB3v1U9QfniSnR1jMD3/WWsKy0yuQRn6/2mPqwCoWIAI239ML7Y03KchyGkhWaGiQyyqyu9QTMwAYrpBkJsMA+fZa+XZnWJFTSpQs4kpnVWaLQ4uRr9DcHHVKDIMyax65RvKhpcYGxMqfMHpb5fPGj8M1clTk9CXN3p2kpWLdSIWsv5WxnIMbFNcnLi1DmyhdZjS/icLcXsN7Y1XLaCjoqGlgoiTTCISRuTdpeZ4zIx82vfEltkMTB/pK6eCtPuTmA+bK6Zhmceklva5rk2tZm1X3+OIVxqKkFVVQb9r/HF1xGAmb1Y6nl05a363KF7/liklOqOUdyp3t/njf0Dmkp+Anz1cjTcOvxMNeHSkWVUpUM09RJPUKi21AM5CtIegFgOuBvOoOVm+YatJLS85At9CCRQ/hv8dz+zBzlFJDRUFHTh4Top4VblqF8YW7FiWJJOBjiyHRmVNKAdM1JHYgggmNmQ9PS2AlnULXLfHM0vUaWixTHbEH7evfb0wcZPG7cORWYBfZ6tttzcs/XARguySqjGQVS6X105qoSwNls1mBt574u9SU+ED2zBvQ3X1gjuQYQ1cUa0lQWYluWCC2/cdsUDKptcA9bYsK7MDHEI493mDAlgLhdr7HFSsp2DfLzx5L18a6409hieodPyKZJ7mdeNQGYX1KCRptcnt1x2GCVYUd5Q95GQkpZtlB2PT06Y4Q8hsb2HWxw80EghhYtdHMojW5upUgEjtgIhIVg2+0vNtiMyBtVNudKylm8ydJAvhDMyEapVOvUF1qoQEC9yQRhbc1dtLED8Q7/ABw01nGlgCD1DDbDaYEceYTcOhv0XCze88tQ52tu0hPQY5xJIYcpqpAL6ZKe49DKoOHcjBGXxerzEf8AVbDPEzFcoqT4L8ynA5jaVuZANzj0VP8Abv8A1/SZ1vtH3zGs1lebNKqdV+7l0GMA32C2wzqvYd9tvXFvmAiMqmYxx6gBFIo0xsVAup8j5b9sQxGo3V4z6gqfzwGWp7A27T1jpNyjUQqHOO0rZ6aSYbLsAdzsMRaTXEykbAOFb0v0OLuolhij8TBm7ICNz8sU8NREssiyA6ZOpXopJ8sXaLM6EYyJS6otuKoaoQCZfSVNPXpSw1PMimhBRJowhJU/hdWI28t8R6mKGmk5aVDSkBdayR8t1ZhcWAYg/G+IMjlCTcNb3SCLMvbC4BHKzvplNQxjVbFeXpU76g3iv5WOI/D2yZWsr2tSrCmDsI68vLCvsNLIRfboe+O8YRR09PwxCUCTexySuPxKjaAgPpscN1KlaymSVggMiORqUssaeJnIGKnPszObZlPUDVylCwU4Y3IjQWBPx64mtKBasjjgZP0wJn/TC9W6u6VFf4Nz94xCb7NaKefM82qokuKekiprltKg1Eobc/BDhnNpZ4+Is55igze2SxlRci3QBfTpgh4FhqKPh6WZI7PmdXJPqt4jDEBCgsR5hj88U/FEEq5xBVBRCtcIyskpZY1qIwEcM1u+zfP6XemdTp2/WCw7DEzNxbPWsjTUZ7zlXV5hOsCVDuwhjEcIbosY7C22B+qpZJXuqszE7aQTgt0SrYXjYkAkqVdTt1X/AOcNVBCKWd9CgEtdQvTsBjaV+rJWp6NMx1C3ei+0E46aWKbkGxeSItoBuSRvbFlleYVdLUUsOs8l50iZXGoLqJHh7jEI1cX6RiqChWNTp0DdtNiLk+eLxIIJWjqYRGXuJI3t+IdAR0wHqVEqUWpMuc5hym1W1qrV3HG8nS1tUsrB5NUb6kIN9Gg7HYefwwNVFXUIZDI789ZR4yzXIQ+E/sti5dqllZJY2ZjzwWj0KAGF1263BxUV8NQjwVFUhEQCeI6Rz3X8CL1P9bAjpXi2fiK42Ihvq9S2v/DNI5b9IqWlhzPiTKaVNkra2FZf/t83W1x52BxtVbMPY8wsL/7JVFRY7/dtsLYxXhYtV8V5EWO4nllO/XlQSPtbzP7cbSFA6kkHsSSCO4PxwA6pXNCrTHYb/X+0sVytw1Qrtn+mJndTUH9LTlozF9zTmOO5ssbIGAUntvi5fMZFpIIAunSzNqF7m+4+mBriKnqctzOSOViYgymklZvep3JCL57WsfUeuLCGqqHp4hPEVktpIcWuttm/0cQ9Ytx43jJurb/jvPP6lixP0MZrq2WUNqJv533wO1E0l7rfqQT1xezquoryhcjYg3v64p8waOn0B7B2IOkdlsdzhLJRsqiXLW18PczZ8nVBlmUpGoVVpggCkMAVJViCCepuevfGW5wckXiXiVq7hqpzNqjO46CCSLM5KVTPJGGWLQg3Ld97D9unnnx6URigFwFWwAFgOg2xndTR5zmfEHGI4foctX2W9JmkmYappa6ZldnCc24W+lradPTrvtsE2M0JhNwBHCeFiqxGFZs0zG8PMLmMawmgO25sABfBTHAI1sC7e6SXYsbKLC3aw+GA3glqKTKsvqKKl9liWepSaBZHmRJ1NnKtKSbHYjc+XbBl7REw0O8sdje8bKrH42B2wjbmNg5xpSvLltPUgXNHUC522inAQ/QhfrjP7g41+soaSvoa6lMkz+007xKZJHNnIujW27gH5Yx9oVRmR0s6MyOrX2dTZgb4H3K4bPnPQPRq5127Uf5T9D/ePUNU1BmVBWgavZ3WVlHdAdLAetibY2OCVaiOGeMhoZUSaNh1KMAwIxiahA5KqAU2IA63Fxa+Nb4fKxZDklpA6iihBcG/itcqD6XthbYkkiVvSiiulKo94bfdzJcdRSxrNGvOblzzqCkUrAXcm1wttsMtMGvpgqrG/wDRaR9GbCyzs0oTUA7tIR31N1th6OF7XZbH+tufpi4T5zEj2ZTy5NkdTNz6jKY2l2OoiJdTDcF1V7HFzEZiqj2awXYESRhdItYWW+HViQC5Fz13tjrSKgbTbXpbQB+tY6b45QMyWpWqOPbJOJnWfipXOcyEsYVnlR1GsHwMihbG3pisSOeaSKGKNTJNIkUY1dWdgPLC5pp6iSSaokaSaQ3kdzdiemJWVFxmmUlBdva4/oQQx+mNmF8OhjyE8xZvGuiR3P5mHskC7AQRqwAB0ykXI8/Bgf4oik9koJVpwBFUSROeYDbmoCOqj9U/XBJvq3Nvh3xWcQX/AEPXFrHSacqbWIPNUX2xlbRytdT8ZvOoU9dq6/CAJeQf0TfJlOC7KQ0eRRwiKYvVtzWdU1RDmyrsXB7CwO2BUWOCrhV3nhzKkdmMcT008YBtp1MWYfAkYPdTQmgTniZLolVVudJG5EuMyhVoVZIdUkcl/AL3Uje2KXlo3iK2G5sevyIwTuruwsSnnp9eoviprqIwrzY1OgHxgHYDzF8eY9XsHYm4p/fPT7OuFHhv90hI4FgRby+GH2mBijjNvA7st++sDbEXUBuR/DHhqfe9gO2MnoIzjgwq2+I+G77fDHuU0pVVF3dtCg/rHoMMBmU+npiXSlhUUukMx5kZsOpF7m2GU6Q8RV4BMVmOkkQmo4RT08UIAGhbbdL9zir4qVWyWrBtbmU3XcfzgxdJYqD8cU3FP/ktXb/mU/8A+QY9RrqEtmUdh+kzFMk1AT5zLK+Cm9lrBpVmKExgjZXFtwPhfAqbQjWwmRNZUMlmXUADazfxwU1pAgnY3uAFXVuAzG1wBufhiDX5dSyUFPUxrWxmGlp43aaBFhkmkZ2OlrhtNuh07/LAfp4cpuCRHXty1Kvs2D8NpStU0TBmZ6phGutgqxx7XC7Xv5jHPa8tDLCMuqeaxVQDKeaWPQBSOpuO2IMngSZb3DeC9j01A9P8sTaHOpYJYmqYFq3jRIad2IWaJPd0q4FzcdL4LNRGklRn4ZxIt6xBqMT9ZZzZTPBDLUliiRxa5FDqzIpsCvSxO+++Ks1NPqbxVBGwW2lSwHmbnBJmVTG2WVipzA8nJS5IChS4JB/LETKsmoZklnqBVS6IOYDBC7RRuW2Mx0na354HW9Qmkz1Rwe0ku67WmArmVTSSGGZ44Fii5M2pyS8shK2AZ2HTFL0BX8RFh5tfawwbZlTUsWW5gYXSWEQlXLHQ8MhIZNiB16dMCdLVV0MsQo5mSXmAxCPQzcw/LBCzq60Y4x89pToOaw1ec2WkeCOhpI44jTxwUlMohs94gYx4Nr3PW/54oeLXgfKDzDpcVkKwK6kl3CsXCk+nf0tiZTxZxMkTzSSoxCliTY6iLk79sVnEtFUTUNP4zL7JOZnLuAVR1CeEHqSbYxdqoF4GY9zNVRGkqBA0zKiR2VogNtUP4/VgThRqFlWzVE7WKKEVBqJc2ABJxYVWUSNRpUpBWARxwKS1PIItZ1avG35bYq6WGMVFpdQKuGjFjdnQ3Fj+eNglZWU4PEkumpo2UCN+Bli+V08Qsx1P3IlN1PcEabfniMUnplkkjqCqR6S3Q2DHSLAH92Jwkbu1+l7i5xytkgOXzxqt5pHhA8O+kNc4p0q9QOBnmJUrCoul0B+krBWS6riqkBHdVa5PwOGqmoMschbmu4UDmTvqYamAsq9BhtoHBQ7eIBrb3AxJgoZaiOpAC6RGGLEgBSrr1vgo1RRgsZXWkVRhSQKcdpZcCLq4koXsfuqarkvcDTePl6jftvjYdXjjQSXaRS6AMviA8sZxwsMuysScuIS5hMLNOFVikZtZIhfYeeDaCerlGolgdIVCY1unwtjG9Zqitc5XgD+srUKXhp7UGftBQNFksqsHlD1tKy3BDREI/buCMAseY19MixJVyrGNuXMWKD4XvjQOLo6iRct5hD0+mdb6AHSoJV9RKjoQLYGqvJaafLKmtE9LG8Whgkk8ccjgbEJH1b8sbLpFqtbpqM5BxnYzO3tbTclCNjINPW5/VloqKNqiRQC3JBkZFJsC1gbDCZclz+Zi9VBVBz2KEi/fcnHuG62TK6yusARPScq246SKwbb54VneZ5lVctIxMAHEhaAEqdiNOxvt+/FNtVG68KkgA8+8u07ZDT15m/SU5YhgpHW/TGcZtw/m1TneeVlNlfEdCtY701TNktbQGLMqcbc10nlRlLeW47+erVMcwWCgTswU4ay2qo8joqQ5S2XGGWUezSVCVEpGsnnyyr4SzdTYAdgABYWhopyQeV+YxcY9jtAiSsSCpT+jJ/vDANn3DWdSZrVz0FC01PVFajwPEuiVx94tmPnv88aZjmI3oK43l+xv6tjU10/LG8x/+S3FV/8AyqXt/Swdv72JNPknHlIrJS09bAjG7LDVxohPnYPjV8exGLRBxmFqnpHcVBh0Uj4j+8BMpl4/opY0rsumrKRms/Mkp/aI1P4kkDC9vI3wZWmtsh6bXI/PEnHsSrSCjkwLdXIuG1hAvykHl1bE3Flv0Fv449ypVDMFJIVio2uWsbDrifjmHBBKh32mXjh3iS3/AJbJ/wB2Hr/1YssjyTOafNKWeroWjhiSdtbSRMA7JpXZTfB9j2CbX9VlKHiA6fRbem4qAnIleaebsh+oxWZjl9ZNl+cRR08jzVBJgQTA9GBW4ZgoA8sEmOYHIoQhh2hp11oUPcTLxw5xJtfL39TzIf2asEXDOVZnRyZl7ZTtCJUpxGS6HWyFyfcPrgux7BCre1KqFG4MEUOkUqFUVVJyJE5Dr0UEHqL/AJ4r5aauljrhonIdI1jWWRN2DFmKhTa3S2LvHcCalBKilD32htWKkMIHnKczY/7swFz+NLftwpspzTlwaYvF94JACl7avDc38sFuO4Dr0GgoxqP0l039QnJAgccrzcK2mnOqx0kulr+oviTl9JnMEweajH3eu2mRSsikWsBe4PxwT47haXQ6FNw4JyN4j3ruMECNRghFBFj1IJBsT2uMQM7o5swy+opYdPMdoiNXSyMGOLTHMGqlMVEKHuMSkDg5Ey+v4Tz6SLlpRczxKTy5ol6erHECbhXixoWjTLqkghbg1NNpYr0Ju/btjYMe2w6xHqVM0qe4+Mr3NFblxUfmfP8ALwLx6XJTJpADc39rpR17Gz4SnAXHqkE5P9aqlP8A/vH0Dj2FYasmTr7IAmGvwbxw0DRtlUrXaI6fa6YjY97tbFrScMcX08bKKOqj1KFYRzwWYXvY2fpjXdse2xNaVDafu5Wu7dbrGuZvl/CVe/NNbQ2eSRQZKmSKQhEUkEKpI67dO98ElLw/T06qFpYQwAsVIBHzUDBJjuBV5YLd1TWdjk+Rlm3PgUxTTiUUmVTOp2sx8mOw8sD+ZcM5pPcxxB1G4WORQxINxbXtg9xzFL9hW4IIJlhrh2Uqe8zmTI+JfZ3hSkmKuoBVpICLAbdWwIVfBfGzVayR5PKyXZtS1FKN/hrxu2OYtW3TaVvnSSYPoW6UG1LMRj4P4zt4somB261NL/78Kk4L4wKH/wALlJBUhfaaWx372bG2Y9ib1NM5zCLXDFSpExl+DOKWA/8ADZNgB/O0/YerYS3BnFgp2jiyphK80ZdmmpgOWoOws2No2x7CCxQdzKlJTTOoGAGRcNZxRxKKiERuQNQUxdR/YwTx5fIq2Km/yxcY7ig/RKDsWZj9JcNy5gbxDktfXUqU0NPJMjidpAsiIocJ92zBjckHp23wHJwrxZHFLGmTpaQBXOql1kXvsTv+eNix7Fqj02nRXShIHzhK061VtV0qin5jMw6LgzjKKWZhkzWdAFImptrNfu+OycJccA+DJZSD5VFJ+wvfG4Y9ix6nTJyZQrXtSqxbYZ8p/9k=",
            "productImageURLs": [
                "data:image/jpeg;base64,/9j/4AAQSkZJRgABAQAAAQABAAD/2wBDAAsJCQcJCQcJCQkJCwkJCQkJCQsJCwsMCwsLDA0QDBEODQ4MEhkSJRodJR0ZHxwpKRYlNzU2GioyPi0pMBk7IRP/2wBDAQcICAsJCxULCxUsHRkdLCwsLCwsLCwsLCwsLCwsLCwsLCwsLCwsLCwsLCwsLCwsLCwsLCwsLCwsLCwsLCwsLCz/wAARCADqAX4DASIAAhEBAxEB/8QAHAAAAQUBAQEAAAAAAAAAAAAABgIDBAUHAQAI/8QATBAAAgECBAQDBQQFCQYFBAMAAQIDBBEABRIhBhMxQSJRYRQycYGRByNCoRVSscHRFjNDYnKCsuHwJDREU5KTJTWi0vEXc7PiJqPC/8QAHAEAAQUBAQEAAAAAAAAAAAAABQECAwQGAAcI/8QAOxEAAgEDAwICBwUHAwUAAAAAAQIAAwQREiExBUETUQYUIjJhcaE0gZGxwRUzQlLR4fAkNXIjJWKC8f/aAAwDAQACEQMRAD8A1v6Y99MQ2M91s7dG7jthBacdXf5HEesTpPx76YrTJPddMj3JtbVfHefUL1Zt++2O1idLH6Y9iEJJyB47fTfC1Mx6ufyx2sTpK+mPfTDBk09XP1GGJaoR780L5Bhe+F1idJ2PYp/aquZ7RyN6csKR87jEmP2oWMksh872t+zCa8TpPx76YYDORfVt54S0yp70oH94bYXWJ0k49iqkrZmcCFjbueowuOsfZXYj12/PHaxOllj2IXMlJ2kJHXYjCxJJ+sxwmsRcSVj30xCeSbs7b/XDRlqBf71vnbHaxEll9MexXCeddy+pb9CRf8sdaokJBVmAO/njvEE6WH0x7EATSd3b8sOcx9iJD8D3x2sTpLwh5EjAZjYF0QW/WdgoGGDLJYb29QcMSGRwAzEgMrAG3vKQwO2O1idLHEHM639HUktUIuboaNdGrRfU2m97HDkM0jFFMMzAk3lJTQO/nf8ALELiHT+i6nUQAHgNz098YiuahSizryBHoMsBKleLyWI/Rpv1/wB4HTz9zDf8s5STbKG6kDVVBSbG3dMVHKh0hiyjewYEGxPYHDghBtpdLkA32JI8xjFjrN13P0ELeqU/KXY4rc2H6ON7XP8AtA+nuYdHEzH/AIA/98f+3FKkERXUrC3XVsfnh5YltsQb9Nxv8MIesXX830EYban5S2/lI+3+w/8A9w/9uFjiFj/wZ/7v/wCuKoRKe43w6sA67W6elxjv2vd/zfQf0ier0/KWYz12/wCCP/d//XDgzmQjw0u/rLYfXTitSG19/X64kJD128jiVeq3Z/i+gjDQQdpNTNJmG9Mq+gkv+7Dy17t/Qf8Ar/yxGSG5Fhew7bn4nDojsPL1xdS/uT/F9BITTWPiscn+Zt/e/wAsd9qbf7rzt4uptsMNhAOo3t87YUFB/di0t3XPJkehY01dW2FsvYttcCoiAA0k9T62Hz9MLStnJkD02gKV0XkVtQKKxOw7EkfK/fC9PoT8BhBA8WFa8rDbMTQsUa2Qf0N/Lxf5YYOagMVESswv4VlBO3ntj0sY06XJUONI2O9xfb1xBKxoVNo1VHKs6DY61BBNvpipV6hcLsG+gkq0lMkvnRSxNMLNexMygE+QuMRajieODUppC8gCkRxShmsxsL2W2IjwFjI4gd5rMkIIukcb3a9ztbucRpqSVo5I4okU+DUXIDSPcEt4dviTii3VrsfxfQSwtvSzvJp4qqFCmTKjGp6l6kHT/aCphT8VmPSTl55bKDrE4sDe2/h6YqFpKxBLqmjswKheWGCXFr323w0aFVCqZJWRWB0uykNbe17Xt88N/bF0OW+gjzb0s4l0/Fjorn9GklQTb2gb2/uYiy8cGJEkOUuVckLapS+17E+DEBobnoO9x+eI7U/bSLA9LD9+Gr1u5HJ/KILel5TQOYhKeZ1bW6+mB+r4nQVdZR5Zk2a5ucvkMGYz0CxLTwzAXaBHlYapF/EB0v57C5i/nYtXvA3HmSCMDWUZjw7kyZnQV3EGR3jznNJ4ilYvP5U85lK1IcC0im4Nieg32xuAIJlzlmZUGawU1dRF+S7ujJKhSaGWO6vDMh3DKdj9eh3sisclgRcm/wAfjgb4cjgZc7qaetoKz9JZ/XV5bLZTLTw8xYwsRkKi7BQpY2G7YgcVvX1mYcLcLU9TNSxZ7NUzZjUQHRK1JSrrMMbHYXAYnby6i4KYyZ0JlngWR46epp6p1BvFDNE8627FFN/ywtqiqclAkaG1ymteYoPQut7/AA2xS/yC4NEcC09A1LLTtHJDVUlRMtUjoQQeYzG9+huO+KaqzdMo494olbK82zHn5VlkejKKUVMkdlRtUilhYYdpzxOhgUqFIBdNUlyqNINbW6lV6n6Y4Io1ZjNNAXF9StPGNNuoIJwHwZxHnHHnCkq5Xm2XiDLMyiCZvTCmkk8LNeMamuB064HaE8HjMOM/01w9m2a1B4jzTlS5fSyTJHFzGtGWSVAGvc9PL5doi5muK8UQCa6dNgbCSJdiNV7Xvh1JI2uFkSQ3F+WwexIuAdN8Ztxvk3Dv8n2zinylIKuebJ1EjmVZ0hcKgjdSxUEKAp+GLrNEy3g7I8yfI6NaatzJ4KGhhgaVmnrp1MaMOYx3UamA9PXCaROhYYYptLaiyt7hV/Ce22nbDLU1Oyhl8S7gFW1A2NiDbywN8FT1mXLW8K5gdVZkU0fKYXAloKmzo63FiASR9PPAzk+d53kM2f5jMklXws3EmaUlWsQLTZXMajWJ0U/gbV4h0v5EjWpScJpAjgSyeAEgkLqAYgfiC3vb5Y6YojcuqgKLsXYKAPMk7YGZJ6Wr45yCqpZY5qefhKqkhmiIKOpnaxUjEvjIf/xTifb/AIEf/mjxHpOcRcwgh5YuImidR1COjkD+4Th8OpLKpXWtgyhlJUncBgDtjIsvbhxc64Aj4fhmy6uPKbNairE9LT1cQiUSRKs7eNmOoAAb3G/lbUeeLk3GH2iXynOswNTU5Ztk9KKkxcqKQ/fXYWvfw/A+WJNGIhOZoLuwIW6ayNQQldZXpcLe9vljglbwhgguSACRckC5AB723wB5bmf6W4/apGXZnQaeF3hEOa04p5zadDrEdz4d9t8M8TZhm8ucyV2VKZKLgQQVFcqgkVNRVMFqYla1vClwfLfCaN4k0XYkAJcnoB39RbEcPT85oPaKVqi/80JouaPTQG1flgY4szSqny/hqiyeqeFeKq6npkrYms6UUio7FbbgkML79iO+0fMeE/s5yyhiSuKZfrcpBmMlVKlaZ1HMLiQ3BbvbTbf5DtI7xcw10rfcEN0Ngdt7b4XyywJEi6VLAkEEArfUCem3fFHUZ3lWX8OT5zR1grqaipzDSymQytU1S2gjRnazFi1rnA9wp+kqRs04S4hXny5jRfpqESags0Net6ynJ81Ym9u+o9MKFiGHJkpltqqKd7bgGaJTb/q6YXzYmA8OzC4KkEEdbg4zccK8LNxw2VnKoRQfyZFb7NzJQq1HPRNeoNqvbbrjQIYYKeOCmiQRwwRRwQqCbLHGoRVF/IADHMAJ0sIbaBY3Fzbtivz6MS5ZUIRcM0IIsD+MHocWENhGPicQs6NsvmNj78NrC/4xivebWz/I/lJKXvrBZaGJogl4r6tV9IsdzsBfDiZdGNJvESFRRaMAWAIIG/rjsYkY7K4Tcq5G3Xyw9dVKXsLkD8NwbXva+PMxV84cIYTqZfGsfLCxgBNKWQ/nhQy2EFCqxiwt7l+5uR9cSku36xt0J2v8MPExxqzySLGi21PIQqrf1JtfFpVD4xK5dlPMhDLYvANMXga+6nf1w6Mtg3uqG76ibEXwOvxfV103s/C+TS5qYyxqamodaejAQC6xSMwBYX33+Fwb4n5XxJNJWR5Tn2WyZRmtQXeiRnEtLWR6rWhmUkax3F/zNsEPUHAyRv5Z3/CRG4J7y5FDD4vCm5LXsb9cLnpylPO0MQkmSJmijB0a3tYLc7YkgYcA7g9Nt/LC01UcxjO0ojSZlUZVLE8KNVvVosS1XMWMwpUqyPOkbBraRuLg/XHqaDOaaeKraCSaFKeGinp5XtUMkQDmeIBzGTqLACwuAN8PZrxPw1kk9PS5pXCCaaIzogimlKxi4DPy1NgbbeeLChzDLszpY62gqYqimkuFlhPQjqrAgMCPIjBQZRNRXaQk5MpaOk4gh9tLJIxMlHJEGnCkMjJLKGY9SyjQDrNjtax1GVVZbm9R7W6VskHPilj5QlctHGQ8sSxlDpDq5UE3IK3G+xFzqG/kB1+PlhDzxwxyzSkLHEkkkpv7scaGRj9BhRXGfZEQg8wdqaDPqjnyiGFva6hKgQVMk9qV6VOUmrly7lhcrYgXte9r4mVlLm5p6cUUkgK0hEqTP/tM0xMIW7hwqsAHud9zt1wnhviBeI6Kevho5aamWrlp4ubIkhlWNQ2qydDvuPzPXHs04n4bySopabNa8QTzRGdEEU0pSM3AaTlKbXsQPhhzF2fQFyREB7yEMszgithcGJq5hEJ43lawEuuSapPMDa7KBHpIFnN7kYdFPxC9TRtI5WBp456lEqBaAq8avFGB1RlUsPIkjvi1pMxy/M6eKry+piqKVwdEkZ8OoG2lgQGB9CAcPt4Ts3ax737kYq1bjcgrJFG2cygzCmzSokzVkDlIoaMZcIKmaNnLyAzc7xBbiwI27D58oo8+LoK0MqGKQGxiV42BbQGKG520i99774vmdAVGnci1vLvvjjyrsGGz+Y8vzxSesGTBxJV1ZlaaQ2usktm6+O9zhpqJjb7yXY+Y6/TDWcVOYR/oWGlnFMavNKWGVwsfMlhBLNBCZDpBIBLWBuNu2JrtMWLabKCSBvpAvYAd9/8AVsUaiIiq3OZKpcmQDRyXYc6a/fxLcf8Apw01C++qea17AXj/AGlcWAWRWuSNxva/X54ZqeZoGkvfWL2F+xxCRgEgR+WBxLzSCyed+rG3zvgJ4jrqWqjNJTcKZ+80GcUNRNUJkK8meGlqg8rJKhuwYA287+uDVWbmRX3UN4vK1xgFmyriSogkrP0rxXFVVHE70ppoK+eOGLKHqmTnRRDoAm4P5efpqwNC7K6unq4VqIMsrctiFTIvs+YUS0MxbSCX5S7EG/X09MQOJsnqc1/RWY5VUx02dZNOajL5JtoZFe2uCY+TWFjbzH4tucORV0UWeUdZU1tSKfiKvp6OWvqfaag0kaxcstICTa99iB1PngiEQFvCG879PkMNJwZ0Ejnf2i1BhpU4coqGXmKlTXS1sU9MiBhraGJWLbj3euJlHS1cXGHEWbSRMuX1uW0FLTy60LPJFp1AoDqFrHqP8iE063uEt02Xa2GniI9RhQ86U1bQVc/GHDebRqpoKLLaynqZTIgZZZdRVdBOo3v2GKPLaXj/ACKp4lWj4ep6ynzLOq7MoZXzOKA6JGOkBVa/Sx7dfoYgqDYixBve2HklZTa50nDtU6UfFeWZvnPDcdJTUqfpCWfLZ5oOcmiMo6vKBI5AIXfEXOuHa3iLiCk/ScDJw9ldCxpuVUhJKzMJgoZvujrUKO/9TyY2LRILAkm+FhgRv0I/LC8ToDDhNsjzrh7NeG4JnRJno85hqKwuXoZdP3imdhcp72kHqq7edpwzldVQU/E0GZU8YXMM+zSrjjYxTJNSTnbWq3WxHY+e4xfSSxRXBuzHoAD+07YjvMz9PDhuqdBjLuE0yPiiLMaGZjkz0FfCtPJIWbL5ZWV+XGGuTGxuV8t7+Zt+Jqd8x4fzugo9L1dZTCGCNyIgzcxG957KNgep7Yso0YkMSSvYW7+eHWAAttYjv/nhpPeLAGfL+MM8ThfLa/Lsvy2hyaqoqmSoWujrKmU0segLCsZuLi9x8Dfw7kGS5XmlFxDxzmNRGqUmbTZc9E4kRzIsKSKxKqdQ6jqMXQCgHwqD5gW/ZhYYqtg2/a/bC6szoN1tDncPFdVn1JRrURx8MSUNIDPCnNrxKJEjYSMCB5n0+tblPAOTmihfPY6qfNqoy1GZyRVs6I80zlmUrCdBtexPe5wapzX30ki/UdDhZhY27W6C9rY7UYkAIuFc6fJZsneUQVGQ5u1dwnmDyJIJIS5kVJVW5Hrdep8hvNqMw49q6Y0k3B2XPWi8a19RV00tBHIQRz1gku35/wAMGYikB3K274RIuolVsFHkN7/wwoadAJ+FKs0/CfDkpMmQZf7RmWc1Mcwiesr3MjiGONSJQqk2Bt0Pmty9W8IplsuVZvwtBOc1y+uiZoqmukkSppHDJLFrqDpHXz6E7YL5GgiUvPIEANgT3PmO+F0tTRSeKKRJB5ob6b+hxH4y6tOd48U3I1YOJUR5Xmf8tGzp4AuXtw4uX8wyRlhU85JChQG/Y727YvpADe1xbpth4N3HQ9D538scck2G3rh7HaNEXTfzS363b9uIedLry6oXfdohcGxHjBvcYnQ+4Pif24h5zqFBKVF7PGTbyDYr3n2V/kfyklH94vzEGUEqsWJkLHqBLZDbboTh4rK5V13ARlCkgi5tue+Go5ZW5d4XClhub7fG4GJMOpxflkCxIDAr4QTjzATSkYOTHadZEVWkJBZbFEY6F+uI+aZUM2FNHLVTR0iCQTQxgapixG6yH3Ta4Jtex2sRfEin1nZ4wgY3UAs31JGJigBhe3W/pb19P9d8XaNRqZBU4lGqoPMRQ0lNSQw0lHCIoIlREjiAACqoUE2FyelycBHFeYvm2d8O5DkbmTMqGtWvqa6AhxQggKVV12sAbv2vYdTYN1nC/wBoeYpOlZxMdM9XKTDDLMkAhdiQSqW26ALva/phngmppckzTNOGa6kpocyiaRYK1UKS1oVtZjdnuSCPFGdhbt3wet6a0Ueujh3AOw/PfmUGOogYxNMUsQPE17b26X72uMcYyawFL2/FuO+G+YSq2I8V+ni6eWPXkUja50ljtuRe31wKFY43k+jEoM14d4NzTNY0zSBHzOsp5p4tMs8UksNOFhJJVtPhuLfC/wCHF3l2WZbk9ElDl0CwU0bawouxZja7OzHUSfjgcpTJmnG2aOukwcOZVFlyEXIarqzzZGve1x4lPwwXWZlVQN7pe3XF6rVdMUyxOw2J85CMHeesum9yDu5G18C3H9VWUvC+cNTOUaY0lPMVFnSnncq4uvn0Pxt3xbSZoJpswpcrgavqqF4oaotKsFFFKW8UT1ADeNBuyhTbYGxOAX7QzxQ1LlNBU1lA8eZ1KqtJQwSRNNPGURQGkLMQC2o3IsSBvi1ZITWUPtvxGOwxtCrgyOmpeGsnFGsiwzRe0EzaTIZJTd2Onbcjb0thvOOH+DszzSH9J06SZpWwSVCWknikmhp1SAlih03W4t8L9sXeU0EmWZbl2XvKsvsdPHAsixiMsEULuoJF/XA/SOM145zmYC9Lw5lkWVxFd1aqqm5krE/rDxKR6YiDuz1KqtgDJ2+JjsgADEvKDK6PK6KChy2NKemjfVoUayzH3nZnNy3x/djlZmmVZfJSQV2Z0FLLMdUaVUiRs6i4vcnYX2uThebZnR5NQVOYVayvDE0SaIFu8kkjqioL2AvcC5I/jSUXDsGYSV+bcQ0lPVV2ZMOXDURA+wUYXTHSruV1D8TC1yeuIAF0mrWJwfxJjtR4WX8ZWaNJop4ZUkJZZYdDoT5BlYi4xX1efZBSvNHU5vl8MsDct0m1K4buAvU/K+A6Sgh4T4wyaKiqJKXKM1VjNC0khh1kOgik1nR7wGje4v8AXQpIwwGpUYr7oZQdN+4vhlxTSgVPvKRny/Qx6MXmeZ5xJwzUcR8HOMyp3o8rNVU1cscc70qs63iVQlyXFv1dr9ewM6WujrqSkrIP5mqjE0Jlj0MyG5DFVc2uN+vf5YHKmmy6o48oaUUlE6UGQzTzjlQsDNI5ALoFtqAK2J88FUVPEhSKJEijLWCxKqIuo3JCqAPXpht+9MJTVFIOB3Hx+EWiMkk4lZm2c0eTxU8lY6mSolSGlp6eNpKmdiwVjHGXGw7kkeXU2xXxcTUkhtXUtVlYKB4zmsEkSSm5UhGTVvt0IH8YeTUsmd5vmPFFSWMVPU1OWZLCuloYqaG8RkBF9zc+W5J3vsTaT23t8CL9/S+I63g0D4TLlu5zwfL7pNSBb2hsO0vTGpaPpa5vq2HzOA5KjNqzMq6ig44noataqdI8trcjy+GYRiQqggNRbmL00kE3GDZVbUvmbj/XwwA5zRVPEWdVTVAyXLKGnoZ8nSXN5aOsrWBnDmppKZZAsb3GlSz3AN7b2G+UQNLnhjLs0y2LPVzIyPPNxHmFUlRIkcbVcUqRKtQI4jpUNY7WFrdMEyvfSALk7W74q8rpaKiy+CipMyqMySKZYxPVVYrJddgdBdNgFHYAWGJNZKKCir6yUgJS0tRM3X8MbeWOI3nSuPGXBaO8ZzyiDIzqwbmizIbHcriZl+fZBmqzvltdDVLA6xymMOul2BYDxqL3scfPuXDKGmb9Lrmb07QrpTKmpo5jOSD4mqARa1+gvjVOBYuGXhzRuHajMElaSlatps45TTQqgZUaMU4AIbcX1YcVGMzoVVee8MUk8tLWZnQU9TGFMkM0wWRQ3S4xHTNOFatrU2d5a7k2EYrYgSfIKxBwA/aLlEFFWZVmaO0k2YxvTSwkBVQ0kaKJoyATbfxXwMVuSxRZNlGcNmlFLUZo5V8sMaR1ES3kXXqDk6Rp3JUdcJpnTcuTPESEOonfS2wFupuf34rZeKeHKOQRVOcZasl7Mkc/N09rFoQyj64zet4qzSfhfKMoaZklNPVpmszMVqJKSCaSCGEuN9wpL9zp8mN5WVfZ1m2YZdT1zZhT0DzxGakpWpXd9LreNqh1cBWItcBWsD5i2F045nTUEqsvkpnrXqqd6IJJKamGRXpxGgLM2sEjYA3xVNxbwGlz+nKIhSAdImcA9diqHGbcP1GYZFm0+R5gJFo8xmnybNqdWBjWeoU061MYN11XK7gbqd/StbIKI8WycPRy1C0S5lNRc7UjT+zwxl5DqICXFj+HHaROm0z57w5BK9PLnOVwzx7SRSVMayIdOqxHnhypr8toYIaqsr6Wnp52RYZp5VEUpddaiN9wbjfGR8aZVS0OaQ1URl05lHPXSrVRxcpHEgjIV1FiO9iNz/awqhrYc44Yq8mrJqhHyeKszbJWHKtUpDGQ1LIZAT4NRKgG+n+xhNMWagvEXC8jELnOWMRG0rffGyouxZzpsPmcdfiThRHWJ89yi5GoBalHsPiu354yThjI63O6TiuSk1PXUtBBT0dOWiSKVq0ukmtpP1Qt13G+IOd5DX5DT5SKxHhrK2GvqaynZoWSPkzNHHoaEm+oWJ374XQIk2uk4o4Yq6iKjo82o555dXJihMhL6QWOklQtwAT17YuBKrWt3xkvDfDObUPEfC9fFS1EmVyUiVb1NRyUVDUUDFxoU32ZrL4b/txqIDJLJHGjkxpGzG11u9/Dsb32w1hjidJEjKiks7D0HU4Y1y3HQb2sbE7+uFhZJG1MbHuvcYbjVUeqQKxs4bUQSDqUHTc9+t8NnQXzOaaqq6kSFisTuIkB030iwRO1z54hUNXJSS00xjeBAjS1EMzKWRVBJUkbduv78ElXk4rXeSAchnZT4zdJCRYnw7g/XAFxfVZbRZbWUeX5zQy5lzkir4IWYutMwbmJHJupN9OsXva47YzIsLl7jjk8+QmoW/tlt9JPbjHeVzfaXxk0zSxpliQDUVpfZ9ShSdQJbXzL29R1xpvDPElDxLlvtkKGCaJ+RWU5bWYZbXFmsLqw3U2/ZjG4+IqePhyXI/YKQs9Uak1hA5/vCS1iPeFgAdXTa2Dn7MKGqpcszjMqoyRUtfPCabUSFeOEMjTBSL2JNrny9N9rXpKqbTJoxPM0yHToFjcXOI2ZqHo5VuVu0fiHUeK+JEAURjS2oXbcbYYzI6aVz5NH+3Au7H+mf5SxSPtiUiwSaNPPZiQT41v187EYcSFrAGVugB2sL+g8sIEgbqd7+eHA/qfnjzgIIb1kx1ItN/Fc7C5v8Nt8LI0BSWQamCIWIGpyCdK36nYn4DDeo2Bu1/T18sB3GVPmVMaTiOjqZi2USR1JheVjFFukJMcRUjSwuHFurXvbbFy2orVcUycZ/OV6jMBmHAB239O9xbcYBczQVX2l8PpHHEWosqE1YyWL+5NtNvtYMttujD0xK/8AqBkUtOZsvpcyq60xKYqRKVyiVD7JFLKpta9rkXv267SuFclqaFa3Ns3VHz3NpXqKuQHUaeNjdadGJIsNtVj5C5C4v06b2iu1UYJBAHnnv8pXZtZGmFCxqttkBF7WuOuHEB1p7vvL3PY3wzqO3Xb64cRrMp6m9wPM22GB6EAx5ziB3AEq1K8X1v8ASVXENU7BmJdUsCoYW9T3xbcTZs1FQyUVDIi5xmgFFlqiRo5Nc7inMkTabakuGtcefbem+z2OtgoM+WqppoXbPKqQc4MC5KqjabjsQRfe+/lhHG08lFXcDZi0btRUGcSSVkmgPDErPECX6gG1yvh+d8GgFe+K8+X3DaV8YTML8sy+nymgpMvpYwsFLFpDsyqzt7zyufNjdifXGQ57mkGc8eZRLS1HtFNFmOW0sAVzy1ENQFPKa+nSx8QI/W88GWecVvm6TZDwejZhXVQeCorBGPYqanZCJLSy2S5Btci2+1ybYoM64fy7Jc8+zPL6QprWpheoACe0PJ7UjtK0jILqTcKC21um+9+zoCiSah9tgf8A7ImbPE1b/aS62ijJ1i/3pG1/7OAr7PpDVw8WVqhFer4hq5ZFZmLoCqsqsLW7nv8Aswd6rHUACQSVF7XPYXPngG+zaKtgyvO0qqaWBznlVIvODKXJjjRtIYdAQRcfuxSSkngMBztH6txO8VSzS8Q8BZVpVo5601baWkVgIdQfUB4SpFiPLT2vgw0SEDxoD8Oo+uBzi3KMyrFyrNspWNs0yGZqulhdf95BZGaJnDA2sDtfe/XfFY3H9eYY4ouFM6GasOXyJoylMsxUt4ZCus9LgaRe3XvjntRXppo7bfXeKHIMh8dzc7NuEsmYROz1NLVxkylBGzz6G5yC91Ki42FrHre2DspOCvjDozdrL16dcC/DHDdZBNLxBxBK1Tn9eNbLMqkUKsTaNL3Aa1htYAeEDzLHdV0sxsi+NiV20oLnbripeimQtJBkL3z3MkpluT3gHw4zV3F3H+ahkeOOZMuj5YTxKslla/wjF9++DJ2uGUxsVZCHFxspBB1WN7YDuA6erSn4hramKeJ8yzV54xNDydcQDEOsfbdj27emLPiWDiKopKU5JUxRz09UlRJTv4RVaPdQufDYdbE7/LFe8Val3o1AcDPyEnpeymcQWqOFc4y+prKjhbMqqihmNjSzOyqCSNQ5ikgjyJW/bCIOK+KMiqnpOJqVagPAJKaSNY1c2Kr4ZIrIV632vfvjv8tMxoOXBnuSViViMQzwBY0kUXOpFK6b/A/PEHNP0hxqtMuXZZJBBQl3FVmEojaXnW8CDZbbXNr/AB33JotZji9VSn822fhvHMKR/c5z5TZHrLMgA3udhvvta2M84hm4Lqa+bJqeLhykq5uZLnWbVMVLelRmu8dMzjxVLdz+G57m6nGiXWq3L3uPEAN/liqfNuAoJZo567h/nxu6TJKKbUsisQwa6dQeuNQDBWJO4fjyKOipYskkpHy+lcwI1I6yqZAoLl5F6ubgsT+XQTM+mpoMlzmaqpJaykSjlNXTQsFkkprASFSxG4W7de2I+W5hlVWqnK5aKSmErKWoQgi5gUMRZABqsR2xbkXBuV0aTqDW0lbG977W63wud4kxnK677KYoM8M2W5kWnp1FNHX6ayUgq33dJJABoIO92a/Sx2tjv2WQ1TZ9mE/jMFPlLxzsCba5pozGpPrZiMS81j+x5sxMcf6Qp41mb2mrycymg5g/Cty1xsd0Qjfy3Bpw0vChoF/kpzTSe38qpkAnV5pUQO7S+02Y7aRe3fa2HHidBT7Ua6nmnyPL4JL1lF7VNUoUcctKlI+WQ1tO9jsDf0xU8OcEUnEtJHWLncULI6rX00NE7T07ksVjM0jhbkC9wp64veI6r7J8wr6usq6qqq62RIoHfLlq3ji5ShA10KxlrbdT8MXXCK8KCnrqbhmc6ZqiGpqYZ3naqiA8CiSOdQwHTcEg364TgToG8fZFHlFTk6UkTplUuWR0CAC+meAuDd7AFyG17kE72wS5b9ouQw5VSe3QV4q6WnhhlWnpw8c7xqEDRyago1WvY2t+ZVmPHfBdfDUUFbBWT0sxaOZJaAMjBWtqW8wOx907EfLDFFwHwVmdHT5tS12cxUEyPUoDUhAqJcMXDozAixvv+3Hc8zoF09XW8Q8VLXkJEpzAZ1U8q8hp6OgCzM3QdFQKLgamPTDD59li8YniCKOo9h/TP6QLaF5rU7L4lETMFufF+LBVQcS/ZvlFJVwZdBm8dPVc4VeqnR56lXiKAGeSbpa+kDz6X6wJ8u+yKCfkzzZ4kiRxs0JiqW8MkayKbqCOhHfCzpz7Rq6hzLMMt9hkD8jLpI6hWVl5c8hSVUJPhLEEDYny+FPmeTUkeXZbnOWyczLatIKPMFtIPY8zjhQSRgsAdLG+kjvcdLYs65vsvqJamrfOeIObO6vJHFTsirZNAsHS3QAdcG0OUcPZbkE2WzirOVVl3keuddbvPpkHLCG4OwYWF7744c4EQkAZMo/sudI5+KvG3JWLKdIcAOADUKLgeXliv+0yuy+uzWlpaabmVNDQ1lLUJHG7FJnkUiMlgN7b7D54v8kl4NySapFHT5qiVSxRzz1DiZXEbMykqW1AAk72w/nfDPBM7ZjxBmLZnTwycupnq6WcmK8pSJTFHCHbxkj8P0w90amcsMSGlcUq2fDYHEuuHcxjr8myuejkhaOKlp6SSRg7Mk8ESpIoUgbg9zt++4BVF8MlhvI7MwDt2LOfPpgO4YzTgimSHI8kr6udpnq51jrYpkeQsNUg5kqqt7dAMSa7ijg+gqZctqpqsS0gEEwNFUSJEQgbqNz26XxCcmTwq1yOqmxAI2brt1uLYSh01FmXUZYR4yf+WdlK9N79fTAyePeFIoqWWaTMFiqeasDtRueaYW5Tmykkb9iBhk/aDwSs0L+21SgLMGR6Gp1XYC3QemEAPeLCyWkBirhA7JUVEE0ayl28DsjKrLcEC1x0H1xgs+RZ9SQVFDPkNRFUUM1RW1WYaXVDBCisxE7nklNtSEdSbd7Hcsrzegziigr6CR5aWcyLG8iNExMbmNrq2/UHHsxSOvoMxy+cao6ymnpmCKSRzEI1BT1tsRianU8PYDmMZc8zAKqSrzisnrqehp4BGizGHL6XTCkUR1c2ZFuLk7uSdz9MajwTxdU5zBWZbmxX22jSJkqII1j50DErd1XwhgbDYC98Z8+Tca5HJU0yZfmTJVRNA02XxyTRVVOzAaSYLix7qbH95lwXw5m+T+1ZnmCmmq60ih9mcjXBTuCyyTEG3ia23a39baxX8I0xjmMTVq3mn07RtEpjbWt2GrfcjY3vviLm5IoZSL+9F06+9hzL3WWlikUgh2c3ud7MVvv52wznP+4Tf24v8YwLu/sz/L9JZpe+IPqxO+luvUkfxw+HYdjbzuMVyyyqWOlve8mIA8rdMPK8okRWKsJFY6QLFbW3tjzriGyO8miQ7bH6g47zAdmTUPIqrA99w22Gw1gv8Mdvv8TjsyPmOQ8mBGSCBYkYlmWJVQMzdSwXD3MJAsCMMA7knyOETyTpDJJCjvKDGFVACyqWAZgp62HbD1yzbmM2kvWR+FvjbbfCwz9dL2HfSdsVYlzQ0NFNyr1yBebC9lVy9421htrLcMf7PrhhY81jqJVtV1MgAWiqpJYxCiCWUu8w1DqLWAQ9QLi1xaSjq/iAjC+O0vlZj2Yn1GFh47SpItw1gVdAQy26FTtiogTPNUyzEtzIuWs0TpGkMpWI8wJIxaw8YvvuvSzXxKrI8xeZ0pGZIZqZpGkRkV45YLhYY9W4Mt1uewU/r7WKduQRhpCXGMESdEaaFdEEJjQm4WCEKl/OygC+IlXleUV9Xl9fVZe01XQWNHNJrHKOrWOhCkg7i+Iqx8QhiKjnS0/LjkkEFVHHUkvI+umjIKr4bKytqFwbXw5AmbCvjMkFUSxptVTJNGYkpFEhaN9LWaQ3UGydRe/mRW2YZ0vj5SEsPKW2ubvG2/X0/LHbzN+DzG5N/wA8QnXN3nrFjQxSGqhEFQ7rLSCiGgtpgWQPr94Hbrve2whtHnogZmjrPafZd9FRE1OycnQYeWG1cwne4vvvqt4R3qnm07WPKXBFRudC9fM2wkmfowT5s38cUS0ec0tTTVCwh1igDmOmmnkMbkzMKaLmuFMd9PMJW/iFrAeGVGM4ostSExtVVUdZBTo8bXaWmkkXXKzzFrFQWuTe1um+I6lkDvqzF8T4Scxk/Vj+p/jhiR5Gsp0DcHbUDb0viKz8TqIyY6ZpNUxKIsS050NZVZyeYAy7ggE3FjYYitLxHHLUrDSvMhlkdXq5aZDp0D3ND23NtI6bdcVKlpt70lSpJrSgMdze58z0wzJLHbdtj8f4YhVX6YJuhqqhGoqflxNHBSx+1LUamaYxHWCRbYGxAPwxxJc6aaMzopp2ZQw5cKSIWZyxfQTsuwFuu198UHtgBnUPxltanbEdeSMi3MGkXHTz8rjDDtfbWNjYb7AeQGJDOP4YaZh54olAeTLitjiFojs8fh3BuLW9PPGYVqUMdVV0acQ8GxU1Nn9XnMUlWry13P5ryCjqY7BdAYsGOu9rbbWxpccwJjvYqbgHyv54DOJa+KtiFJS8MZ88kOcUNRLUJlUXJqIqSqWSVkkVjfUAdNxv3x6kgxM0TLLhWjohRVVVBmNBXTVWbVdZWTZaNNFDUTBCYIVO4VQFtc339cSuKfbJOHeIKejZmqZKGRUCBgXjBBljDAdXXUo/zx2jrI6ynM8OW1+Xx+0ugp6+lWklY7Hm8pCRY+fpiBxNW5lluU1NdTf8EsVQEnGqBnaoihTWoIJ3N+va/bCd4kybK34XanzOnzcVCTVHKGXZnGrzQ0b3XU0tKjqd7G5322tti9qXk4f4dGW5ZmyVdNnlbUztVUyaV9jgVI5IrgkgO2zd7C3Q4g1uf5FnlDnM+a5fTU/ESSg5bNlEDQrOWI1+2PqKNa2+oXt0OIdNkubVPD8+b06SyUlFmDx6IwzLyTCDNOkY3KK1tRHTr2NpTOl/w3wXT5tl0OYZhVVVPBUs/sENGYV1RRty+bJJID1IbSoG1uu+Kmqp8x4OzxJaWaST2J0q6eoZWjNVRuSXSRPI2ZT2Nr4t+GuMoMooFpajK5KoUqutJNDUxhxCztJymDgrsSdJXsd9xvTZhWZrxnn2nlGKaqMFJHBCrOKOjRrXlZrEhdRYna5IsBe2G75nRXFWX0NFxBUQZTSNHHLBlslPTlmlLNUwrIwUyMWBJJt8PXFrlHFEdHwRxRlviSWKoFJRKSCywZoXLjffwaZd/MjzxT5rnlLNxMc1hhkFJQ1WWlElK82VMtRIyCyahdym3x388M5zlPP4l9jpUES51VUMtBGxJWOLNAkqgnpYam+mHTpHpKJanMsigrYwKesrsrjeMSWvRVUqAKCoBHhPXBF9omTUOVZllzUKyRiqoWeUPIXWP2bRTx8vVv7oAI388VecV0MfErVtPSLDQ5RXUMKUyFTKIsqZIbhgLXOja9+uLH7Qs1gzjMMsFMtSj0eWxSVPO0EIKxI6xNHLO+kMA3Tp8z06Q8u4dybihqSi4fnqqXMIMtM+afpZS8U810RnheFmtuSLaRtg44mZhXQUh/m6Ojpo1AuELMmpnUHbyHyxn9LxFQ5C9PVcN0rRVUmXCmzKTNbztJPqVmMARwoBIv0wZ5xNXyVhmq7nmRRNGdLBVRl1aF1C+xJGL9gAawJgTrZPq2AO8gbdMFmQ08OeZNmWUZgrPQc6KBdDsj2uKgKGXfwnSR8cCY39cEWQ5nJlNFnOZVSzHKaKNHcRxqWkqZZEiuhNr2Fgd9sFOoLmgTmZ7o7lboAjmZOZXy6sX2eVoqiCtaSne4LwvBKdEjONtrdO29+uLbiqty7M3y7NaNFizGvgrHzqFZ3mMdZCypdFYmyEDUltreowzk4y39LhM4hnno601dHLHCqc1Za2QCGRWcgagSGvfa3fphrO8mqcirq/LKoGWanjJppUAVXpmuY5V26Howvsbi+2+dO83kKeIcgyil4M4araZZxVRjLwxeV+Wz5jEJ52YSADcgWscC+W0XD+aQU2WtLXRcQ1WYxwQ1MiBsvEDeFY2VHDC+5vpP8AAu4vzSl/khwhlCLNJV1lDlNbFIoGgrTwLE2tm8RJvtYfPbcOyzMsmyynp6qKilk4ipa9ZoaiqZmoEiA/5KOpLDt6/TCb4nTZOG8llyfKKHK5p0mqKdqlnkp9QiJkneW41gHYEA3GLuOsoVJXnRal8JYsAT22Y7YD8qzzMc2yKgq6tUWSrapaQ0q6FeOKd4UAQE29253w9pBGlnPnZla4/LGYv+s+r1fCQZxzCNCz8RNbHmFkcyRu8byi765ogTtygBfx9PzwpmpXYcxEdo7G5QEqDv388DtFCtT9yW1rETMmlh091kYeXQnE8maNmskgLAKWW5Fh52wWtLpbqkKq/wCGVK1M0nKGXkAjWO0dgupzZQBuTc7DEDPHRMvmZyAvMgDEkDq4HU7Yk0FvZl8Wq7OSdJXe/kd8Rs8UNl067byQjcAj3x2OJbsj1ZyfKNpe+MwLOYMGUNExDkxqaa7AyXsFc37+eHVroIF1SRmORmtp28QHVrtvYf664kwUZQEKES5v4F0eI7XuvfFNn0IgagvpKmOrRHN2IAETEMT+WMBRVajBcQ+mh20y+inEiqwRyrAMCVtqB72O+Hg24sG+h2xEy14JYYUgScpFCitLKhCl7C6hidz8Bix5YtYje43xGykHaV3IDERkzKvvBh1PQ9PjjntD+FyjFCvuhG1D43w8kJkux2j962x5hS9thhALFWLEdL7NpA/qgruT574bg84nAqIo1HfRIFABJK+fkBh9ZALbNsf1Ww2Y7LFq2ZgHAt0tvuMPqOtx3vhwyDGMR2i1kuDYkC/ceeHlkUFAzWuSASLdvphCAXI26Xvh4hW66D3swB3HkMEaSkjMrsROiaG5+8BPSwDHf5DDnNTzb/pb+GOC3a3W+IObzyxUciwvoml1BWJ91EGt2/YPni+o0qSTGIutwo7yXFWQTkiPUTYvbuUuVDAdbHth/U5PuN8yBgeyae60gZ0iabS0kaXeoqJLW8QHuxjb/XUg28xtt54cp1KDmLWQU30zxL72T6uMIOvw+Drf8eFHT6fTCGsbWHbywx1kUbbV+qvzkH7hiLITcXUD1VtV8Syq/q3w0yA9gfgf88U6tJiJKrYMgNIm4LKCAbgm1sQ1qqeaFZYpoypZrNqA2BseuJFdpip6lyLi6x7dSXfSBioyzS2X07CPTBTyOlz4nmCEo7X8rkj5YH6PZJhGmBp1SQ08LalV1MgTWBcC4JsLXOIytI0kgewULGVBZdib6hddsSStPAdQiRQNUWm6gnx6gVTqQevyw09JMWIU6St1EsjszOlywAVLADf8sQ9sSUOo2hPE/KKgm2509Nj6YBMxqXy7iOeDhWsrTUS0ktRV0OVqcxpJM3eoI0VcVRJyowRfWQwIt2I8Ru9MZZU0uQXbSL/huQL7YD6KDNMy9rqafNpsmoJczrqbLaLKVpoZJ3ppGSWoqC41yOxDMw7Add9vTUMzhhlQVWZzUdKc3gpKbMJJEV4aOZp4xcbeJh17WDEepxGzaKhr6PMqetpZqmhSNzOiBgJDHspVlIPhOpjv2wPQZjmbZXX1GYSr7XkGf0+WVU6R6IZmjqIlFRoGwOlwWHn2GDk+yxIkJdNBUxqGsdYYb/X9+E/ijyhCBvPP0xM6XJPsv5cczUKrDDIQHWesaOXkRe0yI1pPETtpB6hh2OC9K/JqPl0dIthT1Yysw0EScqlmWI1HLcIQAAtyTbseuH56XJ4WfVFRQQU9LPNO8iKIlSZEpzqFx1VQp9AMD8WZcEiZFjljScEhaqajlSHmMX1SXJvc63Fz0DHffDWYDZjiSUqFWsCaakgc4kevyf7O6iqqRNltOtXFI4nFKlRE5cCJvDHTuqEsXQIQNybHcWxOy+m4by/XS5Zlpo5p0l58jUZIhNOyalqpCWa4LLYXPvgjrtcR5bQzKJqhaard/aG5i7oRUqokAW5ADBVuP6o7jHWpMvpYSYIRC0KSCJ4r60MsiyM2o3a5IBY79Poue0iIwN4KT5ZwfVytVy5U2vXK1QRlUMKxIk7UzS1Ch7BSwZb2J8JP4b4tqj+TtJXRT1tFGlXliRxwVhpQyxaITPHTwzW3bTuq+tsT1yzL5TBJJRU0qQyvJfkujGd5BMXZp3BbxeLuL/DD0+T0c9TV1bLE9RULy2aSJWvHo5JQ3vsV8J7+vYLnzjcSjfLOApYsyr63JqKEUjyS5i1XTtHLA5AkJlUHq1wRa977YcmybgiokzGqmyWmd8uWCGWaWnfkyAxRiLlhG0sukpY6emLRcnoFhFOaSHlCZZ2QhmjaVWDB2DkkkbWuT0HljooaClgniRYo6Z0DTxlLxskSAAuPJQB9MKDnYRDsMmC0WRcET1DRRcPqZY4mnlb2arakA5zwEBtdyLq1tu3liyzyjhmypqwKsZppo+VoDhZY5LJcCXf0HwxXT5/BFWTnLaGAQiCCJWqQ5LBZXmI5YbSASxsN+vriBXZrmeYaPbKguqHUkaqEjB89Kd/XBW2squoVDsBM/fdVtzTeiuSTtKw6tcekbawWupFgPMnBtk8GXZnkiUM4Wpg5L0tZSMWUamnM+olSDubWse2A47/w6/txIpaqropBNSTPFLYAlTsw8mU7EfLBO5t/HTSp3gCxvRa1dZXPYwmi4J4QopYK0ZeB7PIGRZJqhtwdS8tS/UGxGx6fSTmdBlWeSwy12X01S8AZYjMhZo1Y6it+tvjioi4nzDUDV09PU2t4vFE/lsRdf/Tgmy/MaWtp+fT+AKxjlR7a45P1SfXqMAK9rWtxlhtNha9Qt7s6aZ38pW1HDmS18dJFWZbSyxUcQgpFcMohiHSNNBGwx5ODuDiTqyWg6AHwMOnlZsXg63IJBtjsgK6ArbObKNtza9sUtRhPEp6ylyzLkoaakSClhWN1jgiULEoLlvD3uSTiDOZUS7AgA76XMe3e5Fzi+qaWOoiYMBzFDMlwOwuQ1x0xQqixCZ12BQAgsQLre9ixIxhetUGpXPiEbNDdk4alpHacpnqWraIps0jFAqTarKwDElSoNtvPBRy2PQdPO+KPK5OXVwya7oyPG6yTQnc2AKEC5Pz6YJzoBtf06YNdBXNuWB78SlfHFQDE7TBliAbrdj+eI2bf7lJsT95FbSCxvq8hiam6j4nEPNXMdFM46q0enyuWsL4O3f2Z8+UoU/fEGVrqZG5YirA7qzoWp2s6qbFgVv8AngT4yppZ5cnq5eYaAJNRlHDxmOoctKJFA23At/dwUwwyyMpl1HSSysrBGBPUMe48tsVfE9PWVWVqkayOabMaORdQUEq5MJNxttqH0xh7KpispHyhtVXUJZZFURvk+W/zjCGm5UsmjwLydmLG/QdziWc1yZHMD19Ik233bzRh99x3t+eMlzXNMzpDXZLBUSw0kUrCsjiaxlnCGJwzL+He1r2Nr4oBTmQqIlLF/d7WPrqwdTpHiZao2MylXqqtQqozib+kvKK2LEEggaXKkObgjb9mFipp2JMS2Nrq3JNyCSO4/wA8ZxwPxBV01VDkdczvT1DOtE0zanpp0Utyrt+FrGw8/jjSdflew9fPAa7ovaP4ZOR2jkcOM4nhKrtqNwbafccb39d8LEkfe57e6w/dhAbzOHVa3+WKevMdFCRQBp36AXB7/LDgZtvHv6xn9wwgtsCDvrT4dcSQ3rsP2YvW5DcnEhY4iFZv1x8lP8MUeZiszAz0tJJGs0sjUcMshsqQoLzONiTvft2xZZvmtFk9BUV1XMIkX7uI2DO8zbARp3I6/LGe0/2h5VDVQynLqs0tM8scbCaMyyLILcxkIAv3Ivbfrggts9XBpjIj6NRUyxO/aaRSU8VFBFDCLBUUFtKgyN0LsQL74kB29fyH7NsRMrzbLM4pI67L5hLA50teyyRSDrHKvZhtceuJxPofjhSgQ4O0gLFjqMbLHe+vpsL+fww3qFiSGsD4tLHw4eJ3X498M6mVmULcaje1tr9jc4hdlU8zhOMsQXVckAgk63O3ntiJMIbGxAJUuPGQCE3IIJxKLFdSoCQULJ6Hywwwd+W7KFKE6Tbduze9vY4p1zTK7ASWmDmUOc1RFNTUqGNpJKolyxLJy4ImmXZd/F0+WHcsj1ZPlaSsscj0qvII2A0NLd2UHy3Ix7Okhigo5FRdXtyXZrm4Mbi3wxHo8wjpcpzQ8tZZcnp5pFRthKgQyRXNvkf7PriAAvSCDnMIFT4GseclVtfkmUxxTV1XTUocWi1tqlkVRbwIoLG3nbCKTNclrwfYsxo6gqLsqyBXUdLlZLHGOTPm+e5hz6iVpq2rdEXXe3i6JGB0UdhbFhWcJ8Q0cgiEMcrFVfm08oaNgRuATbcd8HD0egqYd/a+koI9apui5m8lQWQEWFzew3tt0wC68nyriaOXOBmeVmGsrM4pYopUrcmnM4amasPLQzRFi3jB2B7gdTwzQDls24ckWFtR6dBgAzCbKMxzWtqc74py6BUjqMsXLsoqzTFqPnFzDW1DEuxbbWBYXBF97Y0iSgZZ52mU0/DeZ02Vct6OpqUq5ZYZvaPaJZqlZJJGluSb7dT0H0suHM3esymkJ8U9KvstRqIvqi91zY91scUD1GTT8LcRJk9JT09JR5qKCM0zCSCqWCWJvaEZRuGv3J+OB7LM1rcqqhNTsrKzKlRARqWZAblWF/eHY9sVqlTRV34mlsbD12wZV94McfgNpacW5pVVWc1dA+uOno+QkcaiyyNoD8yQjr12BOKDf/X+eLziWaiqqyirKQs8dXRJM8jgDmNrZbi3l0P9nFHinWOpiZsejoKdmgAwcb/OXnClVLT5tT02thBWrJDJGCdOtVMiNbpfYjp3xoksZES6VlLNKljEX1qAbkllBIGAfgmjhqMwrKqSxloYYxAp3C88sGc+u1h88aGW/CCNWwNsW6AIXeYr0hNM3nsDBA3+cr5I4pGiOh2cX1ExTykttazTC/8Arrh8c5jYRzC52vpUD43P7sOQsGjErhFGqRSS2wKMVPX4YanzBUR+QrO1iFOhnBbyCjc4szOR+NJPFqR9j+NlYH6HFPxRKlPlbxoAHrJkgI7mMXkf5bAfPEp6yYRRvNIsI0guzARKSRc3JOA3inO6Bny+KOsSp5KTMy0zcwK7sBZntYbDFm10Cqus7CVb1Kr2ziiCSdpUJu0xtvrCjf8AVHX4YYjqPaJXjhB0QuOZK3utt7qDz/8AnvbFaa6pqUnjhjKqZHaXl62YqTsCcSaOKqWJg0jwIXLKiKvMJ2BZiRtg4LrxagFMbTNHpotaLvXYB+AM8Sytj2GtYAv4tja2lr3+mFh1N73vt1Dd/lgmpBmdcERVxi+4Z5z1VbAohMRhgnlWUFtXLkIUL5dcD5eMdT9Q38MXHDVbBT5oEe7JUU8sPh66wRIttVvI4rX3tUWEu9LbRdIx84Z63iFRJKuiFCCjBg2pSLefUnoMKFbQrpSWWMuAJNABcxki1iVBF/nhquqsu9kkLSLq8IjSS6nWdg3ltvihjNNGp0OxF7nW1ybm1wTvjzPqPUjaYRFyxnqltbeNlmO0ta2uSRGjhVgrWDSPcNbyAGK7Vs21xY3AAJ+mPJzTqDPG12NgCbjfcXwiSN2BCwlka4YJIAfiCQP24x9xd1bp9VbmGKdJaS4SM6pVV1eWmawsrGncMo8gV2uN98XlPmTQoiSKZYwNKNqtIB8ehxUiLYa5J0ATSF5mmy2tY6TuMKjuVAO1iVX+yNlvbDaNzUt28Sk2DEaktQYYQwo5o54EkjuVYt12IINjiLnmn9HTl2ZUDRFyt76dXpvjuT7UMd/+ZL/ixzO1V8vlDXsJITsSOjX7Y9BNU1rDW3JX9IA0hK+n4wah5bIeW9TGoW7Kxa5Ui+9+2IeZD2uhniimnWJ4ovvDIsREolXSNTeEFvdNx3wuV2cCOGVY5AoCDUNIUHUuxPUHCagJT5fmQl/m5o1SMSMhaWdrKTf3QCbX7eduuMXbD21IhvAzMy4goqlc2qyigw1LRTalRkK6xobVHIdQYEHWPP44tYMqdI4IzlrVtHHpqJSI+WxS/iZKpH2Itfr6WOEVVbVJWxJLTqyrGdbyIwXUxDhF1d+53/F5YtcurK6tWOioqnTJEGaGAuYtV7HVGykXcdgbj0vjX3NaoMKBEpUaWpmB5M9HkNQuf0clPl5oqSjzGKoWSR2mlna3MDvK7H422t874Pyw8x18/wBt8DOWUOdjM6SauqaqZoTKXadFhkNMU0IJowx/FfT8Ce+Cg7X7374zPU6heoFJzgRj01Q4WdV4/wBZetvjhQkQW8Q+uEDe2/njgclnUdVN/lYHAsbRmI+HRlI1D5dcLWSwJ5rb7AavyGGkI8Jsd+g73PnjpaxK9+9he3yxKrRhAmT/AGg1VVUcQtSPJIYKaClSnV2JQ81Qxaw2vvb5YlZR9nlZmMBqKyrFGDoaGMIskkgdQdTgGyj0xO45yqWrqMvzCCGUlIxTyPHukgicyMjEC6so6HvfFg0/Gp9kOTzwRZY6xkyOsZ0gNZhNI/iB8h36Y19G4PgU1p7ZEalrnUx+GIvIcqquFs3joGn51DnFPO678swzUgDrKyk7hgSt/hgz1R2J1XJP6x+HngXioY6HiB6rMMxaprcwW1EsqMCIDtyVIJTw9bWGCTw9QBv6A4B37g1N99uY9qYXideWJNNze4ba/fbzOExlW1yHSA+mwuSPLrjrpEwUsqmxuLgWx5jEFW+gD4AD8sDGIzzEAHlEhYQbqACSb2Jtf03x7wAlri+4uW/IXw200ANgtzufCoGG358hty0jW2xNi+IiwPEeEzzI2bQPWUYgjKCf2ujkguw99ZQDsN+l8KmyRQ+YzQzrJHV0D0VTAyBAR4vvYyCTsCdrHC1p6aJo5OWjSowcSOAWDA9Qe2LmWenhhM0zRRRgB2kcqoRSLg3tfV5ADBGzw6FTIK9V6eFQ7THMmyiuyjP4Ofq5DxVEEDsqgSzCISiNgpNtje4J6Wv1sX00PEdTW1MeYVtBDBDCvs9LQiMMuojxnmC9u253+WKapqJczr81zDKswebKqeWSfL4JLBRUFbTtGreIKSGKdOp88VlJmGTVUdUtVXtDLJUCaaObmNd1UoDY73F7dcH3LVG9vfAGdoStdCoCvs53mpmPmMGI2IbrcG1u3fDLwcPRPKkyZMky8pplqUoVdTMTyzLrGxexIvucTaBmqqShqn0l54BK/L9253IAJPw64Bs54O4kr83ztUpKGpy3Os0oK6WumlK1dHDBcGEICDsCy9Dfbe+4OrvM2ZbZtl1Dl/D/ABElIxaLMM0XM30PEY45ppY7xw8rw6Rp2GAQLGLWUC17W7XwYnJKnIuDs4oJ+Ttmck8IhZnVYJKiPlqxbe9huP8ARDz16Yo3Xvzf+jP2Zvn+gk32qBsr9jkiJqIKwzUcoAskMoJljY+p3AxDAkdkjQAySOkcYJ2LuQoBPzx6xPTvjgaSKWnlTYxSCRWAvpdCGW4PrivseZoBTNNWFLvv9807JaTL8mpFghHOrJAjVk6goJZBe1r72XoBieJKmQiy6Bcm6gs5+F/4Yzj+UvEJVj7Ug6tZKeG2+4A1KTiLPnefVY01NdVPFpt4JDGnw0RaR+WLYroowJin9H7uvU8Ss4yx35/pNBzHOcjy1oRUmSaaZ2LJAVlaMA2LyANYb9uuKXN+LYWjMGTp43B11ckQVkHlCjX39e37AsXtdrDqSSdh6m/54K8h4VWvp4a/MmnSnlJNNTJeNpYwfflc7gHsB2+OGeK9TYS63SbLpyCtcHJH1Pyg1zKqrk0FqipmdvcUyTyMSf1bnE2o4YztKRa6rgNPBGwV4ywaoVHBs7Kt1AHQ3PfGnUdHQ0CGKjpoqdb7iJNJa36zHxH5nDkra1eNyAkoMBLEAfeeG2+JqFMU3DvvBHU+tet0mt7ddA8+/wDb6zKYYaeFQqKsa31bdST3JO5OHgoG3X44l5t7E+ZV3JjjjiWZ440QBVASylhbbcgn54iBkA6sQu1yCSbd8byiAUBAxPErl2NRgWzvO49vhOtf1XPwU/vxwttssg8/D/niU4lYEzpvfrh2kinkqqOKBmE7zx8pgbFdLXL/AAAuThNMI5amkik5oSWohicqhvpdwptbvgzpsoocunlqaNpVmdOTqqw7FI73KxsU29du3XAy7uUojSw3Ihrp1i9y2pTgCPZmy6oYigNy8kgYA38rX+uKx4kUq2kXAPLcAXT4Y4Y0NTIwZXCTWDiTmu2gW06gALd8PagNmB8rgY8W6lXNS5dhxn8p67bJppKpkZY0VbKOpJvbuTcnCws49y9j0IOHTa/h/Ib/ADGPL8cUfEMsYxIwVllaRi2p9Ia+6+HpscOSSVEZhWKNZFkIu66ho37gYeZC2/fphpeZHsQdJ8sKSr7xOIVZLq9hTUQTzZt1BA971xzPSoy2oLMFXXDqY3so1jc2x7I7/o+O/wDzZv8AFjudqHy6dSSAXh3HUWcG4xv0/wBuH/H9Jnm+0H5wLQ0zjnySU/JmYIjLGzSBwSuzkdPjiLUoklQ9NFZnWMSEghFiEjGIhklIVlYdQD69BvcaWZGTUjXBBDjTc9r6cQY4tVY3M0yCnjRGGyoBpEWpVdbi17XxmemgNWENod8xiXJqeWk9kq1UojssUjyFXhJC3MTe6dyFUG3XY7WwFZlw5nlBOxpVlnAJflx+KpVV3LKq++q/iZeh6gY06KWnkjshikDBJDpKeO8SRERljbb8R9NgdVsJZ1ChowjohimiAPLXQHAE0Z3IROtupt0IOnGtGF3jKmam0H+FqTMaUI2apUwy1y8yFaoMGbSdK6uYdW9th/HBgWU913364D4KbNaBMzpKisarijhqM4yuUkRtzI5FkqY12LgEeIG4G1x1wVUk61NLT1IIKyxLJdem+22Mx1a30OKg7xhzjftHQy77p5dRhOuNJkuyXdWAGpbn88OW21G1vSx/PDMiDwswUMCDqO9r9gMASYi4JijJGildcZbWLAOpt3FwDfHBICzIpXWSB712JP7sNPyj/RgbMuy9e2oYkUEKzTISAbKT7gvsNIBY/HyxLbUzWrLTHcxtUrTpl/KVXFdXJHQjLaUyPVywR1CwU+zx06SBTI3kCbjfrv5YCFrJpFjphVcmRJAdMw1QhrnxNGx0k/H/AONmNJTuxMkMbuF0CQgBwl9WjV1tfe2ALiHgOtqaietymeMGQ6mp5Us2rvoe+kfTG+rWjM6hR7IGBKlje06FIh855MgcOZRLHmIq6qdZJ6TWVRJmmVeYhRdbElQ3pq6Dt3NW8SkA21Wsb23wNcKUFTQ0lVS1cPLlWYlo3Fzq7sfjgk0R3voQf3QP2YynVabpXKue20nW4W49sbSNIzeJQQCBYne37cKWnkk5Zc6bb+d8LFFSay/IhL69d9C7N5j1wu0XMKaFsEve1t8Big7yyXAGBFCNEtZdx1J64VpJDEAn1FzbCNEa2sqjvYdcRpVikkMcgCooHcjci99sKSF4kYBbmSBGzMiWPicD5XucWFVRQ1aQRyRQyokqsyVCrIlrW3U9/LFbSrHFNTMwW3NCRsSbklbXtggXYDBjpiK6sTB95kOBGYqKkhjVIaeCFVFkWCKONVHXYKAMDnEGQVmYCAQRZdMEcsRUQhZASDc6wLnF5mGcZXlap7ZPpll2hp41aSpmPlHEl2/LEYZzEVDS0VdSgmyGujROYLX2COTf44LXGhQDneVdRG85lmYZYKHL9LMBySQHOpluxJDGwFwbjoP4Z/xVRS5ZmMmdxZ7m60ebZoz1lPk0hgqIIFhCoyI8oDNcWva3zwY5ZSxS5bl5anMTJE0YUurFlQ2WQlex6gdRgBrqfhd+I+Ml4snq6ZoQDku84U0YRhGYAnVvcsDsbnuMaRY2XOXB6T7PZqeqWVKyaraqMMwKzhJasMpcHuRv88DV3PZV+O5+gwQ5TSVk3AzVVas3OCSSUrTFg8lKkwMTsG3ta+k9xbzwPkHfA+6wXm/9GWItmx/MfyE5Zu7n5BRjoA/WYj445j2KhE1QfHvCeFhrF/xdzfawxxrs0KprLvIEVIgWdzb3VUA7/LCoopJ3hhitzaiaOBCv60jBAR69/ljVIcpyfLTlxpqWBJYSITOka84qsbblwL7nrviWlS1wN1PqyWCqCuotnAg7kXC8cLxVucoXddLw0TMDHGRYhqi2xPkO3qehiJoFLaYt2ADXe4I+BwwWMhsmoDuSAcLWkjPV2Bt33+mCCqqDAnnt5e1r1/Eqn+n3RLVCRmyQqFBuAuoW9bjClqaYkuYo9QBJ5gJvpubkY4YEXa5b1wzVNFS0lbUkgcmnmYau7lSqD6kYkXBYCUHOlS3lM8ZuYzuQLyMzt8Sb44cJBIsBa3Q3NrfDHgX3vp9Nj+e+Nup2xPLn3OZ0lvMYSWYHb8hjxMv6qkehIP548pB2sVPk2x+WGkxwXaKildJaeQA3SaFwQbHwuDjURXG7B4WG53Dah1xlrXCse4Fx8RuMapSgTRU8vaaKGT5OobAPqoPsk/GajoDL7a/KU1SKVjUSRwBNdY66lNg2mJL7fHDKxry5X3+75YAJ94sTiVVAmnpZO0tTWy/JpLD8gMQXmCRSIEd2ZgyqoFiVBtqY48k6qq+usoGBj64npFoSaAP+cxDSopPgGnzHXCfaKe4uri/e2w9ThmIFY15urmSHXIXNyZCPEBbthz7sjdT0I/dfFAUk8payYtKqnZUYEjWbKCPM7YWs8DhbMPFfSDbxW3OnEdadJIQjXFrDpY3B8/LCJItLRHSAsbFgFHXbTYYZ4VNjgcziWG8L8msaGOwsOZL1/tY7nBAoZSQxGuLZRc+8MN5E2rLoze95Zv8AFj2fGcZZPyTZzJANQtdVLjUQT6Y9CpjHTQP/AB/SZ597g/ODnPo0BLyshALG632Bvgdmkasr3pZXmFJFG9XVR6giz811WOEMv4BY6vFZu+97XEs0yK0VpWLkokhUEgEdehv3GKGjjipq2eGsTwCB44y5VmR9bTaVY32a5Frdd/iA6QV1GHKagQiiFNAmmKOCKMK1kjamVGCVFKVNgp3+eIlZWSJIFsPE0tRUm8TCTltraQEeHUqki5Gw7Xwpvb28EU/IiV5UVHSV3YCsgQu5Kgb26ADriurKkRIKmtIWSnlDssZD895iQI6dpYwbsuxBJtjQk+UmVQNyJb8wI0TkK5SUs6AFhLZTC+m+5LKdz0F8e4PLNkcMJYcyiq66hcFgSDDKbAkbdCMUFJmFRItWtVGIlMFOYELRyS6CrIplIYuTsLrsBuTgr4bijWjq3Vlf2jMaqdyAf5zTGjC5Fj0v88DeogNRw3nK1yuBqEsDHGbXC2Fr2INz52Bx3ljSbaASpN9unn54k8tR1VR2tpGOCKxY6AWItv0AHbGa8ISmHlcI5YmBJLCxC7g2F72xOypXWplZ1I1JsSLXue2FrGrdQt/UW/LCp9ccE7LYaUDRkG1mQg2wS6ZbgXKN8f0kNzWzSIloGCqSxACaixJsABvck4Z9uoNegVEZb+rqZPhrUafzxV00K5vI1TX6pIKeTl01I1+QCoF5pkv4mvcC/Ty3vi31IiKihVQ+FFAAWw62A2sMb4wMGlI9M6STzu+qR55mdt99cjMii/YLYfLHGdVUsdR3UWUb7+eG66uWFqlJWWGGnKglz45p5gHWOJOpIBG/a+OLkcOlTewJLoI9ai7Ajck3/wBX74ynXrdn0ug8xL9gye0jmPg3uF3I36Hp074ZmEiyKwFiylbsDYeuFRZPSxLptuzFmbXIWN/icLfL6YpyhzNjqFne9+nW+Mu1F8bwqDTDbGNPCmgudWoLfXve/nhvlSM3MMgBYC999z2x5Mjo0bmtLKxvch5pD6WOonCzAlnZGJZL6dDOxU+tzbENSkVO4kmpR7rfSJWIxya3dmkWzrc+7Y36YVm+c11PUUtBQJDzqyNI46iW7LT1ErWUsnew/O2Ia0ahWYNVGW7sHkklBB/Edze35Y7ngy6BqSuqAzLGIS7I5Vo5RZ0k8rNbb4Yv2blA2n4ShfLgg5zLXK8hocseWrZpKzM5heorqxtczE9Ql9lX0GHKmKeoksioVT8Umyk/1e+JkM8VVTU9ShvFPEkqHoSHFxhMg0qGlk5aXCqq22JBO5bBmsuoCD8E8StypUXLstOlhrhMhEgCszOSxYhQF3vcWFrYzzMJ+dxJxOKji6hy9KfMuXTRZhQGtZBHcFIhMhRUU3GzWPW3no2S0zrlmVC8e8GomJgysSTdgR4d+th06dsAXE/DfEtbm1bNDw9QrksdY9dPKtVTUsleEUlpqmpkkMqjc7Cw6m198alBuYplvw57XXcHZqZK16+Woqc0SGeQPqkFwqgLJuBsSB2vbAWOZYX0tsLg7EfTGgcF1M1Tw/STGno4EStq4Y4aJVSnVI5LDSVYgk3NzqN+t98CGc0hoc0zKntZBO0kVunKl+8Wx+eKd0N8zYejVXd6JPxleCCCRfbqDjuPbDrt5+pvbHT0O3Y4pZm0KZ7ybkBRM2yRnkEarUodRQv4mUqFCqCd7/LGpyQVBKsCrKWAOjqB88ZDTTT00lLUQNpmgKyRtYGzAW3B7dQfjg/pOLsrMVPLNUPFK6nn0qU8sxV+55i+Gw6jf9mLdBxggzHekNnVqOlRFyAMbQgBMY0qh9T3PqRhPO374dNQJLPy5VhW12kRQJQ1gvLF9X5Y7KoVJG8HhXq+y38icWZj8EbRKlHtZl37Hyw1U0tPUwywTWaGZdDqCbkXB2I7jD/KRGjF0UuWvpPQqLm2EEiNm1qSnMCB1F9m9247jzxwyNxGkBhhuIAZtQR5ZWezJI0iGKOZS4AZQ9/CbdemK+6+eLLPJudm+Zk3skwhS/ZI1CgDFaf6ux9cbSgT4SkntPNbtF8dggwAZ7HCAR0uPjvjt97d8dFsScyHiNqxsyNcsF62tsb2+mNKyqaWbKcsaMFR7FGg1Ag6lXTff8sZs2zJYnxBlsBt0vvjQcrqCmTULa11rQKwBbw+FSR+zAnqn7sfOaDoQHjMR5frH6mnYUECdWpkQn6WfFT4T6+uCLUZ1sqsVkTcAfrC5F8Dh8LMvZWZQfMA7HHlnpBb6aq1h3H+fSej9OqZQp5Rt1jJQ9ShJX0JBU49pucKYjoLXvjgYjYjGfBOITxOi4Iv09OuFEL3IGOFxbsMc2G7dPTfDCpO8WE2T29hjtv95L/iwnPJFiy6d2sLPDYsdK3L92x3JSDQxkf8yX/Fj2diQ5dMIxeRniCi9t9WPRaf+2D/AIfpM2/2g/OCdHPR1bmCWopjPHKY0AlBub3BFje2BXMWinzXMRFd6d52jjSKMPqWEcslQp1HcEkXwWx0zMqNUENIFcs0ShXWwYgpo69u+M7gdhzlDKp58hDOxUMGNrkgabg3uR5dScBel01ZmYdoZQgNtCuiZqTmIq18rKyTTwSMCtPGJE1q7yusEZAYEeInYHEKtrIwwp1qaKvUOkkFpIpZqSpSZYV55W8bAdVst/pvCoFnq5EMlb7RctI0cwaSGnEsfIV51lYoNRFgzXI2Nh1xYz5dGJjXQMrUwgUFFRoWVvaEsVSmIGkWZTt+HbY4PkYEnVtR24jEiqsStJIvNliZnYsLeF6gvfmIqdf/AI8ivhuVF9rpmYiV1jrAshsdLeE6dR1W93ew64CcynMk8kYaTVGssa2MockzygFdbau/pi64dq0oJGzDMWKxLBVR1Uzh5SIhpkU6IwfI9STt0xUr09dMiJXOpCPKH1idwRYbj5Y8rhyFXSR1vqFrfLAzUcd8DRAhK55zaxFNRysDfteRUGKk/aTw/TALTZZXy2uLn2enUi/YDUcB1sK7MAqnECGomIf3sd0IO+m1rfHDFVMBR1zMBaOFpDuDdVIv+V7YGcj464fzyrioJqeSgq5WtSiodJIZnP4VkUCzHtcb9L32xe5hRK1PmUcSorSUs6BwNIRtB8RPp3xYWjUtqyFhjcRjFXQiNcO1C82tpuakiusdVEB74RxYk+nTBE8Ye+5GqwYjYhL9B8emM4yLMPY6yilqJeRFFHNS18cwJ5D21HSQNRW42+I7YNIc7pqi5plLj8JkYR3v5AXNv9Wxra9VKHvnmD7ek9UeyOIGZ1R1GYcYVUKMSsTUkgjjLHlpyY7yTN0UeWD6mMc8Cstyql4xta+g6bj0wEZwUqaieerz7MMlnlCs2X02upS0Q5auORFvqAvbV3xZ5NmMWV0TR5vWNHd9UL5haGvmSRiFZqKIsyr0tc37m2ILtBVo6hvGUtSVSG2hM0Q1KdPTDbLc9LAnfzOKqTiXh5YzqqZSAVsEilFzbbSWttiul42yeK4jp6uU3IF2RFt6kknGfa0duFxCAqqBzCAwlmIYeEdAenxPfCjDF0UEXFn0jTt264H8v4vyauqYqecPRyyskURaXXC7ubBC6gWbyvgk5a76dYPQnUb7YpVLU0jhxvJlqh+DIklMmhVUXZz1Pn2w3XUrzRloxoqKQ6IWUrqaOwYDxgrv0AIt54mqjCRCSdK3Jub38gcelBBL2uttMq77oe/yxHSpAAt90huHzgGU9NNmFNFT08srMwZyeXTctgCxZpJ5JyVXT5KDv0NukWvzSneNGpzUVg5hHNhhDQkWPug7n427YXntJXNTVEi3qk5AWLVUaQ0WoOYpoXGhgehIIJ269CPZVPTGN3pwI1YnXAvhETjYjT0v54k1ELgy5YWdO5zqbjtDbKZ+XQZbG6p4YLfdm41AkNud73vf5/MerOFOJJJ+Ja6LiLMY4q+aoqoMuoY/51ShVYHNS4QEiy9Ld/hbUkPstLQQKT9xEFB0svbVsrAEDfYWFsZ3m6VdDxBndFV1Io4c/rfb5a5a9Y9WUITMtKkYBZHc2W529NNydmsGYhtwhlea5VwzHR5jTNT1SV9VIImeNyIpXBBJiJXz74h8XUERpIMxCn2iGWKmdgTYxPrIuPMG1vjix4OizaDIqSkzPnCX2idqVJ50qGjoiwaFTNGSrC26ny+FhL4mp0fIs26/dxRzD+0kqG+K9YZBhHplU0rlGB74/GZW4urbdgfpvhZ1XIsbW3O1scc2AH6zhR9d8dKqxBIv8b74FZnrQXESBYKuoXA9D0x4rvfxHwkadrE/DHo1UKLADqDt5HCiLqw8wRhYmnuYQ8PcRvl80dLXc2SiUho5GZ5WpbLpVUjJtbv6YOkzClzGMtRTUkyEEcxW1PCWvu0R8QOMiRQEQW/CPjfEimqKqimSppZWimQ3DJ0I7hl6EHuMT07gjYzM9Q9H6dxmrS9lj+BmsFAxBZR4Ra9tzbbcjDqKT4DcEG9j0tfywCUPGWZpURfpAQSUjMFlMUKxPED/AEgZTvbyt2wdhizI4INrFCO4Njt8cXadQPxMVfdPrWJC1hzxiAGeBVzfNQO1Sf8AAuK62Jmby68zzaRjYGsn3O1gGKj9mIQN72JPfb92NpR2pqPgJ5Tc71nPxP5yRBSSVCV8iEaaSm9pcfrDmKukfU/TDFsEvC8AeDNGdRpqWWkII/CI2J/NhgalHIaVJPCYWaNvPUpK2xHTr6qrJ5SatamnQp1f5sxHWRR5KW+uwwX5Y0cmSwSVDVbRrFNC26lUCyFbqBvbpgRi1eJ3FmkN7HsvYYNMniDcNSE28XtpBPkJb4q9SH/SB+MIdEYi4I+EnLIYI0jtmCry95I1PZfe2NsVCykIqqGlYD8RUOfUki2CGojCU833hQcprnc9rdPXA97gta3Q/HHmPXmDFEnpHTxgMY7ZSNgQbbkm5H0xzT09OuErLHvc29P4YSZHPuiw7HucZYK2cQoSIptyFsdI/PC0QKLk7D9boMcRT1bqf3462k7Wvb474axzsI6EuTEGhjI6cyX/ABY9nen9HzajpXXDqOrSANY6nHMl3oI//uTf4sI4gMX6LqOaSE1wgkX2u48sejUx/wBtGf5f0mbc/wCoJ+MF0nWCOWOdl0KsimRGWSPlsDctpNx16YzeomijaTS8mkkhipJLhBZVL23BBIU22Hlgi4grUV46GmYAOglqWTYtv4UP7cR6OLhunoxWZkRXVMhdYMuiZkCW21TuMBumK1JdXnNrb9KVrbxqmSW4AlSubLq00gii5/3k0YQ6FlKhGdlJu3RSLm23TfcjDiuy1pRJM9REDJIpYkFg/MbSikLYm5tbAHUqYpjLGoQGQuqKSVQEk6ATvbBHkOYorqr2Mcp0sD032OCVzq0h0O0rCkaTmlU2j+XJlsUs9fXVUXtE7SCOOOB5DBFKxDXvZNRDX7204tpcwyeVbTTu6OHWSNBIxCPcuBfSg957bdx5YhwT5ZlVdVx12WpXQMv3Ku4QhGOoMGIPwxFzKXJpZ0bKqWpp4Sl5Y6mUSfeE9E7gD44b47aQ4I+UP0ej29VxT0sVI97bH9YH1lDPRO+qzQa2EUq9HS5CsV6gkYhGTBZPGKmF4WF20kpfqbC5W/XfA/mWXmhmp9JJp6qnjqqZju3Lce61u4NwcE7W6FUaW5mL9IOkr0ysoQ5VvP4SPTc41NGIdXONTTiIA78zmDTv169MfRVa9StJnRia04oq4xOwACzcpwhGra19sYdwdRpW8R5SjxmSOnM1ZItrgmCMuhP97Tg/4gzVfa6fJ4WkAi0VeYOTuWIDRU6/1ejN8h2xDWt3vb6jbUuefugF6i0Ld6z8CCNRmudQ08NPXUarJHEiF2jiklXSvX3uvxP+V/kee0FUl0jeGqTTzQzbPawDFL238xhOYZREcrXMZpdBqCPZ4WW8so/FIzH+GAaST2OohlpWljmjvrJI0k37W3sR1xour9GSpRARskfn3g/ovWNLkMux5E2dqj22nkjiq2panllY5oCjPESNipIP5b+oxnMtLxBRzVoqqKtkvLV3mjRpEmMpBZxMTvq9d/phzK+IY3YayKee4FmuYX9FY9PQHBxl+aU1QVSpiiDKPcnUMj3HbGSt61SxqCncL7J/zImmvLNLymatmQW/zbzmcn9LvvJS1LP4rIoChVVRuxJtiuq56mAqKhWRmFwgGkFe3T+ONAzKEU2YqNKR0NTJaCZNUkUSOdOmQruLXF9sD+a5aKuOaicBKyllZIj/AF720X8m7f54272lu9DxqD52zMLSuq6V/BuKemC3tVkadnA0KTCgPiaTsQP1V63x9GRurRQTBbGSGKVhvYl1DY+aqiIQiRGXTIoZSPLbvfr54+iIUqRTUimbSEp4Vc7gKFjXUSSegxieruAiFRkmaehTwxVtpJeUpLBewVnCW7bjzw5JMkUkep0CyHR4mXwt2Jue/TAjWZsk8ccSyS2rZHenV/f9mjYqJnHbWQSo8gMMQUUU0kZKAgsF1Pew37k4ztS5e2Y03G8DXvVKdF9KDVmXubVDUcbpEsk0E2zR0xjlngJ/HFG+xXzF/hjMpZ5KSoqZUqoWSdyRZHp5Rv0kilGxHoTjSaul4foaaQzToZzGTGq7+K22wxn+ZtQVRQOoJQ7G3p0xap1GV9NRefI5/GPo9Xq2tYHHPkc/jNDyg1EuXZfJMI9TI+nlksGjBIUuWPvH8W+ASvjyzL+I+MG4iySrzAZjabKJYoTPqhZWVI0P4TbSL9Rp7X8Wh5ZTSxZflsZkjkMdOq82N2dJB1BVmFyPl8vLM+Koqulz3PXp5czpFqcwikqcyFZJ7DSEr1eGgVpB5LqN9unfGxTmEzC/gWHMKDJcsgrUZH51TIkTMpkhhdiyJIAbgjckHcX6C1sFtbTxZjRV1GGI9qp3hBIPhYjwk/PA3wfQZfQZJH7NmcOaRmsqJ5aqmBChpNJdSJG13He/x74voZ3qYowAFidSzm+5BPuRt/iPywjAEkTkdkYMvaZA6SLPIso0tTvJCy9fvVOhyD5X2GO3wQ8X0Qps3MsahYq6FKhQosvMUaHA+n54HsCHXS2DPXrK59Zt1qr3H1nqeOaaUQQxtJNLMUijT3mZhqsL/P6YdnhqKaXk1MMsEv6kyFCfhfY/I4k5ArNn2Uop0saqN7jyEb3xqE9BT1ainrIoZ4WIFpUB3v1U9QfniSnR1jMD3/WWsKy0yuQRn6/2mPqwCoWIAI239ML7Y03KchyGkhWaGiQyyqyu9QTMwAYrpBkJsMA+fZa+XZnWJFTSpQs4kpnVWaLQ4uRr9DcHHVKDIMyax65RvKhpcYGxMqfMHpb5fPGj8M1clTk9CXN3p2kpWLdSIWsv5WxnIMbFNcnLi1DmyhdZjS/icLcXsN7Y1XLaCjoqGlgoiTTCISRuTdpeZ4zIx82vfEltkMTB/pK6eCtPuTmA+bK6Zhmceklva5rk2tZm1X3+OIVxqKkFVVQb9r/HF1xGAmb1Y6nl05a363KF7/liklOqOUdyp3t/njf0Dmkp+Anz1cjTcOvxMNeHSkWVUpUM09RJPUKi21AM5CtIegFgOuBvOoOVm+YatJLS85At9CCRQ/hv8dz+zBzlFJDRUFHTh4Top4VblqF8YW7FiWJJOBjiyHRmVNKAdM1JHYgggmNmQ9PS2AlnULXLfHM0vUaWixTHbEH7evfb0wcZPG7cORWYBfZ6tttzcs/XARguySqjGQVS6X105qoSwNls1mBt574u9SU+ED2zBvQ3X1gjuQYQ1cUa0lQWYluWCC2/cdsUDKptcA9bYsK7MDHEI493mDAlgLhdr7HFSsp2DfLzx5L18a6409hieodPyKZJ7mdeNQGYX1KCRptcnt1x2GCVYUd5Q95GQkpZtlB2PT06Y4Q8hsb2HWxw80EghhYtdHMojW5upUgEjtgIhIVg2+0vNtiMyBtVNudKylm8ydJAvhDMyEapVOvUF1qoQEC9yQRhbc1dtLED8Q7/ABw01nGlgCD1DDbDaYEceYTcOhv0XCze88tQ52tu0hPQY5xJIYcpqpAL6ZKe49DKoOHcjBGXxerzEf8AVbDPEzFcoqT4L8ynA5jaVuZANzj0VP8Abv8A1/SZ1vtH3zGs1lebNKqdV+7l0GMA32C2wzqvYd9tvXFvmAiMqmYxx6gBFIo0xsVAup8j5b9sQxGo3V4z6gqfzwGWp7A27T1jpNyjUQqHOO0rZ6aSYbLsAdzsMRaTXEykbAOFb0v0OLuolhij8TBm7ICNz8sU8NREssiyA6ZOpXopJ8sXaLM6EYyJS6otuKoaoQCZfSVNPXpSw1PMimhBRJowhJU/hdWI28t8R6mKGmk5aVDSkBdayR8t1ZhcWAYg/G+IMjlCTcNb3SCLMvbC4BHKzvplNQxjVbFeXpU76g3iv5WOI/D2yZWsr2tSrCmDsI68vLCvsNLIRfboe+O8YRR09PwxCUCTexySuPxKjaAgPpscN1KlaymSVggMiORqUssaeJnIGKnPszObZlPUDVylCwU4Y3IjQWBPx64mtKBasjjgZP0wJn/TC9W6u6VFf4Nz94xCb7NaKefM82qokuKekiprltKg1Eobc/BDhnNpZ4+Is55igze2SxlRci3QBfTpgh4FhqKPh6WZI7PmdXJPqt4jDEBCgsR5hj88U/FEEq5xBVBRCtcIyskpZY1qIwEcM1u+zfP6XemdTp2/WCw7DEzNxbPWsjTUZ7zlXV5hOsCVDuwhjEcIbosY7C22B+qpZJXuqszE7aQTgt0SrYXjYkAkqVdTt1X/AOcNVBCKWd9CgEtdQvTsBjaV+rJWp6NMx1C3ei+0E46aWKbkGxeSItoBuSRvbFlleYVdLUUsOs8l50iZXGoLqJHh7jEI1cX6RiqChWNTp0DdtNiLk+eLxIIJWjqYRGXuJI3t+IdAR0wHqVEqUWpMuc5hym1W1qrV3HG8nS1tUsrB5NUb6kIN9Gg7HYefwwNVFXUIZDI789ZR4yzXIQ+E/sti5dqllZJY2ZjzwWj0KAGF1263BxUV8NQjwVFUhEQCeI6Rz3X8CL1P9bAjpXi2fiK42Ihvq9S2v/DNI5b9IqWlhzPiTKaVNkra2FZf/t83W1x52BxtVbMPY8wsL/7JVFRY7/dtsLYxXhYtV8V5EWO4nllO/XlQSPtbzP7cbSFA6kkHsSSCO4PxwA6pXNCrTHYb/X+0sVytw1Qrtn+mJndTUH9LTlozF9zTmOO5ssbIGAUntvi5fMZFpIIAunSzNqF7m+4+mBriKnqctzOSOViYgymklZvep3JCL57WsfUeuLCGqqHp4hPEVktpIcWuttm/0cQ9Ytx43jJurb/jvPP6lixP0MZrq2WUNqJv533wO1E0l7rfqQT1xezquoryhcjYg3v64p8waOn0B7B2IOkdlsdzhLJRsqiXLW18PczZ8nVBlmUpGoVVpggCkMAVJViCCepuevfGW5wckXiXiVq7hqpzNqjO46CCSLM5KVTPJGGWLQg3Ld97D9unnnx6URigFwFWwAFgOg2xndTR5zmfEHGI4foctX2W9JmkmYappa6ZldnCc24W+lradPTrvtsE2M0JhNwBHCeFiqxGFZs0zG8PMLmMawmgO25sABfBTHAI1sC7e6SXYsbKLC3aw+GA3glqKTKsvqKKl9liWepSaBZHmRJ1NnKtKSbHYjc+XbBl7REw0O8sdje8bKrH42B2wjbmNg5xpSvLltPUgXNHUC522inAQ/QhfrjP7g41+soaSvoa6lMkz+007xKZJHNnIujW27gH5Yx9oVRmR0s6MyOrX2dTZgb4H3K4bPnPQPRq5127Uf5T9D/ePUNU1BmVBWgavZ3WVlHdAdLAetibY2OCVaiOGeMhoZUSaNh1KMAwIxiahA5KqAU2IA63Fxa+Nb4fKxZDklpA6iihBcG/itcqD6XthbYkkiVvSiiulKo94bfdzJcdRSxrNGvOblzzqCkUrAXcm1wttsMtMGvpgqrG/wDRaR9GbCyzs0oTUA7tIR31N1th6OF7XZbH+tufpi4T5zEj2ZTy5NkdTNz6jKY2l2OoiJdTDcF1V7HFzEZiqj2awXYESRhdItYWW+HViQC5Fz13tjrSKgbTbXpbQB+tY6b45QMyWpWqOPbJOJnWfipXOcyEsYVnlR1GsHwMihbG3pisSOeaSKGKNTJNIkUY1dWdgPLC5pp6iSSaokaSaQ3kdzdiemJWVFxmmUlBdva4/oQQx+mNmF8OhjyE8xZvGuiR3P5mHskC7AQRqwAB0ykXI8/Bgf4oik9koJVpwBFUSROeYDbmoCOqj9U/XBJvq3Nvh3xWcQX/AEPXFrHSacqbWIPNUX2xlbRytdT8ZvOoU9dq6/CAJeQf0TfJlOC7KQ0eRRwiKYvVtzWdU1RDmyrsXB7CwO2BUWOCrhV3nhzKkdmMcT008YBtp1MWYfAkYPdTQmgTniZLolVVudJG5EuMyhVoVZIdUkcl/AL3Uje2KXlo3iK2G5sevyIwTuruwsSnnp9eoviprqIwrzY1OgHxgHYDzF8eY9XsHYm4p/fPT7OuFHhv90hI4FgRby+GH2mBijjNvA7st++sDbEXUBuR/DHhqfe9gO2MnoIzjgwq2+I+G77fDHuU0pVVF3dtCg/rHoMMBmU+npiXSlhUUukMx5kZsOpF7m2GU6Q8RV4BMVmOkkQmo4RT08UIAGhbbdL9zir4qVWyWrBtbmU3XcfzgxdJYqD8cU3FP/ktXb/mU/8A+QY9RrqEtmUdh+kzFMk1AT5zLK+Cm9lrBpVmKExgjZXFtwPhfAqbQjWwmRNZUMlmXUADazfxwU1pAgnY3uAFXVuAzG1wBufhiDX5dSyUFPUxrWxmGlp43aaBFhkmkZ2OlrhtNuh07/LAfp4cpuCRHXty1Kvs2D8NpStU0TBmZ6phGutgqxx7XC7Xv5jHPa8tDLCMuqeaxVQDKeaWPQBSOpuO2IMngSZb3DeC9j01A9P8sTaHOpYJYmqYFq3jRIad2IWaJPd0q4FzcdL4LNRGklRn4ZxIt6xBqMT9ZZzZTPBDLUliiRxa5FDqzIpsCvSxO+++Ks1NPqbxVBGwW2lSwHmbnBJmVTG2WVipzA8nJS5IChS4JB/LETKsmoZklnqBVS6IOYDBC7RRuW2Mx0na354HW9Qmkz1Rwe0ku67WmArmVTSSGGZ44Fii5M2pyS8shK2AZ2HTFL0BX8RFh5tfawwbZlTUsWW5gYXSWEQlXLHQ8MhIZNiB16dMCdLVV0MsQo5mSXmAxCPQzcw/LBCzq60Y4x89pToOaw1ec2WkeCOhpI44jTxwUlMohs94gYx4Nr3PW/54oeLXgfKDzDpcVkKwK6kl3CsXCk+nf0tiZTxZxMkTzSSoxCliTY6iLk79sVnEtFUTUNP4zL7JOZnLuAVR1CeEHqSbYxdqoF4GY9zNVRGkqBA0zKiR2VogNtUP4/VgThRqFlWzVE7WKKEVBqJc2ABJxYVWUSNRpUpBWARxwKS1PIItZ1avG35bYq6WGMVFpdQKuGjFjdnQ3Fj+eNglZWU4PEkumpo2UCN+Bli+V08Qsx1P3IlN1PcEabfniMUnplkkjqCqR6S3Q2DHSLAH92Jwkbu1+l7i5xytkgOXzxqt5pHhA8O+kNc4p0q9QOBnmJUrCoul0B+krBWS6riqkBHdVa5PwOGqmoMschbmu4UDmTvqYamAsq9BhtoHBQ7eIBrb3AxJgoZaiOpAC6RGGLEgBSrr1vgo1RRgsZXWkVRhSQKcdpZcCLq4koXsfuqarkvcDTePl6jftvjYdXjjQSXaRS6AMviA8sZxwsMuysScuIS5hMLNOFVikZtZIhfYeeDaCerlGolgdIVCY1unwtjG9Zqitc5XgD+srUKXhp7UGftBQNFksqsHlD1tKy3BDREI/buCMAseY19MixJVyrGNuXMWKD4XvjQOLo6iRct5hD0+mdb6AHSoJV9RKjoQLYGqvJaafLKmtE9LG8Whgkk8ccjgbEJH1b8sbLpFqtbpqM5BxnYzO3tbTclCNjINPW5/VloqKNqiRQC3JBkZFJsC1gbDCZclz+Zi9VBVBz2KEi/fcnHuG62TK6yusARPScq246SKwbb54VneZ5lVctIxMAHEhaAEqdiNOxvt+/FNtVG68KkgA8+8u07ZDT15m/SU5YhgpHW/TGcZtw/m1TneeVlNlfEdCtY701TNktbQGLMqcbc10nlRlLeW47+erVMcwWCgTswU4ay2qo8joqQ5S2XGGWUezSVCVEpGsnnyyr4SzdTYAdgABYWhopyQeV+YxcY9jtAiSsSCpT+jJ/vDANn3DWdSZrVz0FC01PVFajwPEuiVx94tmPnv88aZjmI3oK43l+xv6tjU10/LG8x/+S3FV/8AyqXt/Swdv72JNPknHlIrJS09bAjG7LDVxohPnYPjV8exGLRBxmFqnpHcVBh0Uj4j+8BMpl4/opY0rsumrKRms/Mkp/aI1P4kkDC9vI3wZWmtsh6bXI/PEnHsSrSCjkwLdXIuG1hAvykHl1bE3Flv0Fv449ypVDMFJIVio2uWsbDrifjmHBBKh32mXjh3iS3/AJbJ/wB2Hr/1YssjyTOafNKWeroWjhiSdtbSRMA7JpXZTfB9j2CbX9VlKHiA6fRbem4qAnIleaebsh+oxWZjl9ZNl+cRR08jzVBJgQTA9GBW4ZgoA8sEmOYHIoQhh2hp11oUPcTLxw5xJtfL39TzIf2asEXDOVZnRyZl7ZTtCJUpxGS6HWyFyfcPrgux7BCre1KqFG4MEUOkUqFUVVJyJE5Dr0UEHqL/AJ4r5aauljrhonIdI1jWWRN2DFmKhTa3S2LvHcCalBKilD32htWKkMIHnKczY/7swFz+NLftwpspzTlwaYvF94JACl7avDc38sFuO4Dr0GgoxqP0l039QnJAgccrzcK2mnOqx0kulr+oviTl9JnMEweajH3eu2mRSsikWsBe4PxwT47haXQ6FNw4JyN4j3ruMECNRghFBFj1IJBsT2uMQM7o5swy+opYdPMdoiNXSyMGOLTHMGqlMVEKHuMSkDg5Ey+v4Tz6SLlpRczxKTy5ol6erHECbhXixoWjTLqkghbg1NNpYr0Ju/btjYMe2w6xHqVM0qe4+Mr3NFblxUfmfP8ALwLx6XJTJpADc39rpR17Gz4SnAXHqkE5P9aqlP8A/vH0Dj2FYasmTr7IAmGvwbxw0DRtlUrXaI6fa6YjY97tbFrScMcX08bKKOqj1KFYRzwWYXvY2fpjXdse2xNaVDafu5Wu7dbrGuZvl/CVe/NNbQ2eSRQZKmSKQhEUkEKpI67dO98ElLw/T06qFpYQwAsVIBHzUDBJjuBV5YLd1TWdjk+Rlm3PgUxTTiUUmVTOp2sx8mOw8sD+ZcM5pPcxxB1G4WORQxINxbXtg9xzFL9hW4IIJlhrh2Uqe8zmTI+JfZ3hSkmKuoBVpICLAbdWwIVfBfGzVayR5PKyXZtS1FKN/hrxu2OYtW3TaVvnSSYPoW6UG1LMRj4P4zt4somB261NL/78Kk4L4wKH/wALlJBUhfaaWx372bG2Y9ib1NM5zCLXDFSpExl+DOKWA/8ADZNgB/O0/YerYS3BnFgp2jiyphK80ZdmmpgOWoOws2No2x7CCxQdzKlJTTOoGAGRcNZxRxKKiERuQNQUxdR/YwTx5fIq2Km/yxcY7ig/RKDsWZj9JcNy5gbxDktfXUqU0NPJMjidpAsiIocJ92zBjckHp23wHJwrxZHFLGmTpaQBXOql1kXvsTv+eNix7Fqj02nRXShIHzhK061VtV0qin5jMw6LgzjKKWZhkzWdAFImptrNfu+OycJccA+DJZSD5VFJ+wvfG4Y9ix6nTJyZQrXtSqxbYZ8p/9k="
            ],
            "searchTags": [
                "book"
            ],
            "reviews": null,
            "createdDateTime": "2023-09-20T15:59:17.505",
            "zoneId": "ALPHA"
        },
        {
            "productId": 58,
            "name": "JBL Go 3",
            "title": "JBL Go 3, Wireless Ultra Portable Bluetooth Speaker, Pro Sound, Vibrant Colors with Rugged Fabric Design, Waterproof, Type C (Without Mic, Blue)",
            "description": "Brand\tJBL\nModel Name\tGO 3\nSpeaker Type\tPortable Speaker\nConnectivity Technology\tBluetooth\nSpecial Feature\tUltra-Portable, IP67 Waterproof and Sweatproof\nAbout this item\nUltimate JBL Pro Sound: Enjoy signature JBL bass without any distortion.\nPort-anywhere: Feather light, ultra-portable grab-and-go design. Charging Time: 2.5 Hrs\nIP67 water-resistant and dust-resistant: Engineered to withstand splashes and sand.\nQuick-Connect: Experience your music and movies without any lagging with Bluetooth 5.1’s Insta-sync.\nMega Playtime: One single charge = upto 5 Hour battery backup under optimum audio settings.",
            "rating": 3.0,
            "price": 2999.0,
            "offer": 40.0,
            "type": "electronic-accessories",
            "brand": "jbl",
            "category": "electronics",
            "merchantId": 1248,
            "quantity": 20,
            "status": "ACTIVE",
            "thumbnailURL": "https://m.media-amazon.com/images/I/71a1b79ML-L._AC_UY327_FMwebp_QL65_.jpg",
            "productImageURLs": [
                "https://m.media-amazon.com/images/I/81fi7+Ad+JL._SY450_.jpg",
                "https://m.media-amazon.com/images/I/91Or+8LAKsL._SY450_.jpg",
                "https://m.media-amazon.com/images/I/71a1b79ML-L._SY450_.jpg"
            ],
            "searchTags": [
                "wireless",
                "sweatproof",
                "waterproof",
                "bluetooth",
                "go 3",
                "blue speaker",
                "portable",
                "speaker",
                "jbl"
            ],
            "reviews": [
                {
                    "reviewId": 1875,
                    "shopperId": 27818,
                    "shopperName": "ABD ABD",
                    "heading": "jbl",
                    "description": "product is good",
                    "rating": 3.0,
                    "dateTime": "2023-12-25T16:22:20.171"
                }
            ],
            "createdDateTime": "2023-09-13T12:38:20.912",
            "zoneId": "ALPHA"
        },
        {
            "productId": 60,
            "name": "laptop",
            "title": "Acer Aspire Lite AMD Ryzen 5 5500U Premium Thin and Light Laptop",
            "description": "\nBrand\tAcer\nModel Name\tAspire Lite\nScreen Size\t15.6 Inches\nColour\tSteel Gray\nCPU Model\tAMD Ryzen 5 5500U\nRAM Memory Installed Size\t16 GB\nOperating System\tWindows 11 Home\nSpecial Feature\tPortable, Reversible, Light Weight\nGraphics Card Description\tIntegrated\nGraphics Coprocessor\tAMD Radeon Graphics\nSee more\nAbout this item\nProcessor : AMD Ryzen 5 5500U Hexa-Core Mobile Processor with AMD Radeon Graphics.Maximum Power Supply Wattage 45 W\nVisibly Stunning: Experience sharp details and crisp colors on the 15.6\" Full HD display, 16:9 aspect ratio, ultra-slim design and narrow bezels.\nInternal Specifications: RAM - 16 GB of Dual-channel DDR4, 2 SODIMM sockets; Storage - 512 GB SSD NVMe solid-state drive storage (expandable up to 1TB) to store your files and media\nPorts: 1 x USB 3.2 Gen 1 (Type A), 2 x USB 2.0 (Type A), 1 x USB 3.2 Gen 2 (Type C), 1 x DC-in jack\nKeyboard: 100-/101-/104-key keyboard with independent numeric keypad, international language support\nPremium Metal sleek body on both A & D Cover for lightweight experience\nReversible Read Mode : Now find reversible read mode by pressing CTRL+R and show your laptop screen to your friends, teachers or colleagues\nOperating System : Windows 11 Home, Graphic : AMD Radeon Graphics,",
            "rating": 0.0,
            "price": 50000.0,
            "offer": 40.0,
            "type": "electronic-accessories",
            "brand": "acer",
            "category": "electronics",
            "merchantId": 1248,
            "quantity": 120,
            "status": "ACTIVE",
            "thumbnailURL": "https://m.media-amazon.com/images/I/71czGb00k5L._SX569_.jpg",
            "productImageURLs": [
                "https://m.media-amazon.com/images/I/5159sjjtUGL._SS40_.jpg",
                "https://m.media-amazon.com/images/I/5161SiWLMwL._SS40_.jpg",
                "https://m.media-amazon.com/images/I/51g5tzO5I4L._SS40_.jpg"
            ],
            "searchTags": [
                "16 gb laptop",
                "acer laptop",
                "acer",
                "laptop"
            ],
            "reviews": null,
            "createdDateTime": "2023-09-13T12:40:01.874",
            "zoneId": "ALPHA"
        },
        {
            "productId": 66,
            "name": "HP Laptop 15S",
            "title": "15Series",
            "description": "Brand\tHP\nModel Name\tHP 15s-eq2143au\nScreen Size\t15.6 Inches\nColour\tNatural Silver\nHard Disk Size\t512 GB\nCPU Model\tRyzen 3\nRAM Memory Installed Size\t8 GB\nOperating System\tWindows 11 Home\nSpecial Feature\tMicro Edge, Anti Glare, Dual Speakers, Built in Alexa, Multi Touch Gesture, Lightweight.\n\nAbout this item\n【4-core AMD Ryzen 3 5300U】8 threads and 4MB L3 cache deliver powerful performance and swift responsiveness. The AMD Radeon graphics help you experience crisp visuals with vivid clarity.\n【Upgraded memory and storage】8GB DDR4 RAM integrates a higher-bandwidth memory for smooth functioning. The high-speed 512GB PCIe NVMe M.2 SSD creates more room to work with ample of storage.\n【Micro-edge display】The 15.6-inch, FHD, 250-nit, anti-glare, and micro-edge display is engineered for high-quality viewing with stunning clarity.\n【Effortless connectivity】Wi-Fi 5 (1x1) and Bluetooth 4.2 ensure an uninterrupted and seamless experience. Enjoy effortless connectivity with 1 x USB Type-C, 2 x USB Type-A, and 1 x HDMI 1.4b ports.\n",
            "rating": 4.0,
            "price": 40000.0,
            "offer": 40.0,
            "type": "laptop",
            "brand": "hp",
            "category": "electronics",
            "merchantId": 1248,
            "quantity": 20,
            "status": "ACTIVE",
            "thumbnailURL": "https://m.media-amazon.com/images/I/71JNKFTBSwL._AC_UY327_FMwebp_QL65_.jpg",
            "productImageURLs": [
                "https://m.media-amazon.com/images/I/716yR0T86iL._SX522_.jpg",
                "https://m.media-amazon.com/images/I/71JNKFTBSwL._SX522_.jpg"
            ],
            "searchTags": [
                "15S",
                "Laptop",
                "HP"
            ],
            "reviews": [
                {
                    "reviewId": 1180,
                    "shopperId": 17640,
                    "shopperName": "Onkar",
                    "heading": "Worth the value",
                    "description": "rubbhish",
                    "rating": 4.0,
                    "dateTime": "2023-11-30T16:40:47.744"
                }
            ],
            "createdDateTime": "2023-09-13T12:41:55.27",
            "zoneId": "ALPHA"
        },
        {
            "productId": 117,
            "name": "Armani Exchange Brooke Analog Black Dial Women's Watch-AX5329",
            "title": "Brooke Analog Black Dial Women's Watch-AX5329",
            "description": "Dial Color: Black, Case Shape: Round, Dial Glass Material: Mineral\nBand Color: Grey, Band Material: Leather\nWatch Movement Type: Quartz, Watch Display Type: Analog\nCase Material: Stainless Steel, Case Diameter: 38 millimeters, Stainless Steel Bezel\nWater Resistance Depth: 50 meters, Buckle Clasp\n2 years warranty\nRecommended for customers looking for a large dial sized watches",
            "rating": 0.0,
            "price": 12495.0,
            "offer": 12.0,
            "type": "watch",
            "brand": "armani exchange",
            "category": "electronics",
            "merchantId": 1248,
            "quantity": 200,
            "status": "ACTIVE",
            "thumbnailURL": "https://images-eu.ssl-images-amazon.com/images/I/51owBWCBRiL._AC_UL160_SR160,160_.jpg",
            "productImageURLs": [
                "https://m.media-amazon.com/images/I/61GBDWEOI6L._UX679_.jpg",
                "https://m.media-amazon.com/images/I/41JfERAXorL._UX679_.jpg",
                "https://m.media-amazon.com/images/I/51AE2LYGgrL._UX679_.jpg",
                "https://m.media-amazon.com/images/I/51U2++ShxUL._UX679_.jpg",
                "https://m.media-amazon.com/images/I/51owBWCBRiL._UX679_.jpg"
            ],
            "searchTags": [
                "black dial",
                "armani",
                "armani exchange",
                "analog watch",
                "watch"
            ],
            "reviews": null,
            "createdDateTime": "2023-09-13T13:00:49.078",
            "zoneId": "ALPHA"
        },
        {
            "productId": 130,
            "name": "Mobile charger",
            "title": "boat",
            "description": "\nBrand\tBoAt\nConnectivity Technology\tUSB\nConnector Type\tMicro USB\nCompatible Devices\tLaptops\nSpecial Feature\tCharging Indicator, Fast Charging\nColour\tWhite\nInput Voltage\t15 Volts\nMounting Type\tWall Mount\nTotal USB Ports\t2\nWattage\t100 Watts\nSee more\nAbout this item\nThe boAt WCD 65W QCPD Dual Port Wall Charger supports 18W Quick Charge 3.0 & 65W Power Delivery, PPS and is compatible with all Micro USB, Type C and Power Delivery cables for all your charging needs.\nThe GaN chip technology enables this device to be way more efficient as compared to standard chargers with Intelligent Power and Heat Management; also making this about 40% smaller than standard chargers.\nTake charge of time with 18W Quick Charge 3.0 technology & 65W Power Delivery, PPS support.\nThe 6-Layer Smart IC protection will keep your devices safe with built-in surge protection, short circuit protection, over current protection & overheat protection.\nThe Auto Detect Charging (Max 65W) adapts to your device’s charging needs to offer maximum efficiency.\nThe enduring capacitors having up to 10000 cycles is aptly complimented by its corrosion resistant pins for a long lifecycle of the device.\nThis device comes with LED Indicator for Charging Status.\nIt comes with a free Type C to C E-Mark 100W Cable to give you full charging support.\n› See more product details\n\nboAt",
            "rating": 0.0,
            "price": 800.0,
            "offer": 2.0,
            "type": "mobile",
            "brand": "boat",
            "category": "electronics",
            "merchantId": 1248,
            "quantity": 20,
            "status": "ACTIVE",
            "thumbnailURL": "https://m.media-amazon.com/images/I/419kqScmbDL._SY450_.jpg",
            "productImageURLs": [
                "https://m.media-amazon.com/images/I/41Yw0bxecXL._SS40_.jpg",
                "https://m.media-amazon.com/images/I/31dfeV2L9vL._SS40_.jpg",
                "https://m.media-amazon.com/images/I/31UMxRoOtQL._SS40_.jpg"
            ],
            "searchTags": [
                "boat power cable",
                "boat charger",
                "boat 65 dual port "
            ],
            "reviews": null,
            "createdDateTime": "2023-09-13T13:05:18.99",
            "zoneId": "ALPHA"
        },
        {
            "productId": 132,
            "name": "pen",
            "title": "penteck",
            "description": "\nBrand\tPentel\nWriting instrument form\tBrush Pen\nColour\tBlack\nInk Colour\tBlack\nAge Range (Description)\tAdult\nAbout this item\nCreate fine to broad lines with a single stroke!\nDurable & flexible nylon brush tip, brush stroke easily controlled comes with 1 pack of 4 FP10 ink cartridge refills.\nWater based brush pen ideal for drawings, cartoons, Manga-style artwork, Oriental calligraphy etc.\nBlack barrel contain permanent pigment ink.\nClean and simple to refill.",
            "rating": 0.0,
            "price": 50.0,
            "offer": 1.0,
            "type": "electronic-accessories",
            "brand": "pentel",
            "category": "electronics",
            "merchantId": 1248,
            "quantity": 60,
            "status": "ACTIVE",
            "thumbnailURL": "https://m.media-amazon.com/images/I/61ciPPnJSPL._SY450_.jpg",
            "productImageURLs": [
                "https://m.media-amazon.com/images/I/616E01giC+L._SY450_.jpg",
                "https://m.media-amazon.com/images/I/41Foj6oS7dL._SS40_.jpg",
                "https://m.media-amazon.com/images/I/31ksFsEsPUL._SS40_.jpg"
            ],
            "searchTags": [
                "pentel refillble",
                "pentel pen",
                "pentel"
            ],
            "reviews": null,
            "createdDateTime": null,
            "zoneId": "ALPHA"
        },
        {
            "productId": 136,
            "name": "Maybelline mascara",
            "title": "Maybelline New York Waterproof Mascara, Lengthening & Volumizing Mascara, With Bamboo Extract & Fibres, Lash Sensational Sky High, Very Black, 6ml",
            "description": "Use by: 30 APR 2025\nColour\tBlack\nProduct Benefits\tCurling,Lengthening,Nourishing,Volume,Volumizing\nSpecial Feature\tWaterproof\nBrand\tMaybelline\nItem Form\tGel\nSpeciality\tVolumizing\nNumber of Items\t1\nNet Quantity\t6.0 millilitre\nItem Volume\t0.2 Fluid Ounces\nPackage Information\tTube\n\nAbout this item\nVolumising and lengthening mascara for sky high eyelashes, Buildable formula with nourishing bamboo extract and fibres for fuller and longer lashes, Suitable for all lashes\nFor limitless lengthening volume from every angle, Lightweight body without the weigh-down, Richly pigmented colour without flakes, Defining, curling and lash-multiplying effect\nFor best results: 1.) Curl lashes with an eyelash curler 2.) Apply an eyelash primer, 3.) Apply mascara at bottom of lash and sweep from root to tip in zig-zag motion, Easily removed with soap and water or makeup remover\nBendable Flex Tower mascara brush flexibly reaches every lash for full lash coverage, Ophthalmologist tested, Suitable for sensitive eyes and contact lens wearers\nContents: 1x Maybelline New York Lash Sensational Sky High Mascara in Black, Waterproof, Volume: 7 ml\n",
            "rating": 5.0,
            "price": 799.0,
            "offer": 10.0,
            "type": "mascara",
            "brand": "maybelline",
            "category": "beauty",
            "merchantId": 1248,
            "quantity": 900,
            "status": "ACTIVE",
            "thumbnailURL": "https://m.media-amazon.com/images/I/7147+dK7J5L._AC_UL600_FMwebp_QL65_.jpg",
            "productImageURLs": [
                "https://m.media-amazon.com/images/I/61JzWZdsThL._SX450_.jpg",
                "https://m.media-amazon.com/images/I/813-EUK-TZL._SX450_.jpg",
                "https://m.media-amazon.com/images/I/7147+dK7J5L._SX450_.jpg"
            ],
            "searchTags": [
                "mascara under 800",
                "waterproof",
                "mascara",
                "maybelline mascara"
            ],
            "reviews": [
                {
                    "reviewId": 1765,
                    "shopperId": 24726,
                    "shopperName": "BBB xyz",
                    "heading": "///",
                    "description": "/..",
                    "rating": 5.0,
                    "dateTime": "2023-12-25T08:48:35.491"
                }
            ],
            "createdDateTime": "2023-09-13T13:06:43.613",
            "zoneId": "ALPHA"
        },
        {
            "productId": 137,
            "name": "head phone",
            "title": "with wire",
            "description": "he perfect way to add some style and stand out from the crowd with the boAt BassHeads 100 \"Hawk\" inspired earphones\nThe stylish BassHeads 100 superior coated wired earphones are a definite fashion statement - wear your attitude with its wide variety of collection\nThe powerful 10mm dynamic driver with the speaker resistance of 16 ohm enables the earphone to deliver a punchy, rhythmic response to the most demanding tracks\nFeatures a HD microphone to make crystal clear calls - making life easier on the go, play/pause music or answer/end calls with one-click, track forward with two-clicks or back with 3 clicks make these earphones extremely user-friendly\nWith 1.2 meters perfect length cable now plug it in anywhere with ease - while the earphones are extremely user-friendly and stylish, extruding premium coating on the wire cable is a manufacturing process that we've been performing and refining since our company's inception\nIts impeccable fit won't let you take these wonderfully amazing earphones off, fits you perfectly without hurting your ears and the perfect arc, with different size ear tips helps you in achieving superior comfort even with long listening hours.\n1 year warranty from the date of purchase\n› See more product details\n\nboAt\n\n\n86% positive ratings from 100K+ customers\n\n\n100K+ recent orders from this brand\n\n\n8+ years on Amazon\n\nHighly rated by customers for",
            "rating": 0.0,
            "price": 1000.0,
            "offer": 39.0,
            "type": "",
            "brand": "boat",
            "category": "electronics",
            "merchantId": 1248,
            "quantity": 500,
            "status": "ACTIVE",
            "thumbnailURL": "https://m.media-amazon.com/images/I/719elVA3FvL._SY450_.jpg",
            "productImageURLs": [
                "https://m.media-amazon.com/images/I/61sRbJncwbL._SY450_.jpg",
                "https://m.media-amazon.com/images/I/71E49jH4CbL._SY450_.jpg",
                "https://m.media-amazon.com/images/I/719elVA3FvL._SY450_.jpg"
            ],
            "searchTags": [
                "brand ear phone",
                "with wire ear phone",
                "head phone",
                "boat"
            ],
            "reviews": null,
            "createdDateTime": "2023-09-13T13:06:46.339",
            "zoneId": "ALPHA"
        },
        {
            "productId": 141,
            "name": "Butterfly earrings",
            "title": "925 silver rose gold",
            "description": "PRODUCT DETAILS: Rose gold plated along wit 925 silver base, these earrings are embellished with the shiniest AAA+ Zricons\nPACKAGING & CARE INSTRUCTIONS : The earrings come in a cute GIVA jewellery box along with GIVA jewellery kit which includes a soft cleaning cloth for jewellery care. Wipe your jewellery with the soft cloth after every use, store it in a flat box to avoid accidental scratches. Keep sprays and perfumes away from your jewellery, do not soak it in water\nABOUT GIVA: GIVA is all about YOU. A one stop shop for the trendiest silver jewellery, our intent is to bring you something personal to express yourself the best!\n",
            "rating": 0.0,
            "price": 1500.0,
            "offer": 10.0,
            "type": "women-ethnic-wear",
            "brand": "giva",
            "category": "women",
            "merchantId": 1248,
            "quantity": 10,
            "status": "ACTIVE",
            "thumbnailURL": "https://m.media-amazon.com/images/I/71bcowgvllL._UY625_.jpg",
            "productImageURLs": [
                "https://m.media-amazon.com/images/I/71qpz67UCNL._UY625_.jpg",
                "https://m.media-amazon.com/images/I/616XgiU6vFL._UY625_.jpg",
                "https://m.media-amazon.com/images/I/71kiX9Ft7BL._UY625_.jpg"
            ],
            "searchTags": [
                "Rose gold",
                " Earrings",
                "Giva"
            ],
            "reviews": null,
            "createdDateTime": "2023-09-13T13:07:48.368",
            "zoneId": "ALPHA"
        },
        {
            "productId": 150,
            "name": "Mysticoal Analog Wall Clock",
            "title": "Analog Clock",
            "description": "Size: 30 cm x 30 cm\nMechanism: Quartz\nFrame Material: Plastic\nClock Type: Analog",
            "rating": 0.0,
            "price": 400.0,
            "offer": 5.0,
            "type": "watch",
            "brand": "mysticoal",
            "category": "electronics",
            "merchantId": 1248,
            "quantity": 5,
            "status": "ACTIVE",
            "thumbnailURL": "https://rukminim2.flixcart.com/image/612/612/kdbzqfk0/wall-clock/u/j/s/3d-acrylic-wall-clock-tree-bird-coffee-cup-on-jhula-design-for-original-imafu9nvnm2qrfqx.jpeg?q=70",
            "productImageURLs": [
                "https://rukminim2.flixcart.com/image/416/416/kqe3low0/wall-clock/8/j/c/3d-acrylic-wall-clock-tree-bird-coffee-cup-on-jhula-design-for-original-imag4fah3ey4g5eg.jpeg?q=70",
                "https://rukminim2.flixcart.com/image/416/416/kbmjssw0/wall-clock/b/t/c/piller-watch-p-65456-analog-arvi-original-imafsxtshtcgyae3.jpeg?q=70",
                "https://rukminim2.flixcart.com/image/416/416/kidgnm80-0/wall-clock/i/x/j/3d-acrylic-wall-clock-tree-bird-coffee-cup-on-jhula-design-for-original-imafy6jqykfsfqr3.jpeg?q=70"
            ],
            "searchTags": [
                "Black",
                "30 cm",
                "Analog",
                "Clock"
            ],
            "reviews": null,
            "createdDateTime": "2023-09-13T13:12:46.958",
            "zoneId": "ALPHA"
        },
        {
            "productId": 160,
            "name": "hp laptop",
            "title": "laptop",
            "description": "\nBrand\tHP\nModel Name\tHP Laptop\nScreen Size\t14 Inches\nColor\tSnowflake White\nHard Disk Size\t64 GB\nCPU Model\tCeleron N\nRam Memory Installed Size\t8 GB",
            "rating": 0.0,
            "price": 40000.0,
            "offer": 30.0,
            "type": "laptop",
            "brand": "hp",
            "category": "electronics",
            "merchantId": 1248,
            "quantity": 150,
            "status": "ACTIVE",
            "thumbnailURL": "https://www.amazon.com/HP-Students-Business-Quad-Core-Storage/dp/B0B2D77YB8/ref=sr_1_4?crid=8K6J7OLA1H53&keywords=hp+laptop&qid=1694590467&sprefix=hp+laptop%2Caps%2C594&sr=8-4",
            "productImageURLs": [
                "https://m.media-amazon.com/images/I/21+bCNXyJ+L._AC_US40_.jpg",
                "https://m.media-amazon.com/images/I/41KJiKO7qpL._AC_US40_.jpg",
                "https://m.media-amazon.com/images/I/711OHeRmEaL.__AC_SY300_SX300_QL70_FMwebp_.jpg"
            ],
            "searchTags": [
                "hp laptop "
            ],
            "reviews": null,
            "createdDateTime": "2023-09-13T13:15:16.303",
            "zoneId": "ALPHA"
        },
        {
            "productId": 163,
            "name": "i phone13",
            "title": "i phone",
            "description": "\nBrand\tApple\nModel Name\tIPhone\nNetwork Service Provider\tUnlocked for All Carriers\nOperating System\tIOS 14\nCellular Technology\t5G\nAbout this item\n15 cm (6.1-inch) Super Retina XDR display\nCinematic mode adds shallow depth of field and shifts focus automatically in your videos\nAdvanced dual-camera system with 12MP Wide and Ultra Wide cameras; Photographic Styles, Smart HDR 4, Night mode, 4K Dolby Vision HDR recording\n12MP TrueDepth front camera with Night mode, 4K Dolby Vision HDR recording\nA15 Bionic chip for lightning-fast performance\nimage 1\nimage 1\nimage 1\n",
            "rating": 0.0,
            "price": 60000.0,
            "offer": 20.0,
            "type": "",
            "brand": "apple",
            "category": "electronics",
            "merchantId": 1248,
            "quantity": 200,
            "status": "ACTIVE",
            "thumbnailURL": "https://www.amazon.in/s?k=iphone+13&rh=p_90%3A6741118031&dc&crid=L862GGZ6MV37&qid=1694588843&rnid=6741116031&sprefix=iphone+13%2Caps%2C486&ref=sr_nr_p_90_2&ds=v1%3AzGqezn5BtukvrXPFn6yQQMCgnA1aKdjd9sk1V9FVggs",
            "productImageURLs": [
                "https://www.amazon.in/Apple-iPhone-13-128GB-Starlight/dp/B09G9D8KRQ/ref=sr_1_3?crid=26SD3QJWWSS2X&keywords=iphone+13&qid=1694589107&sprefix=iphone+13%2Caps%2C326&sr=8-3"
            ],
            "searchTags": [
                "electronics",
                "13",
                "apple",
                "iphone"
            ],
            "reviews": null,
            "createdDateTime": "2023-09-13T13:18:06.35",
            "zoneId": "ALPHA"
        },
        {
            "productId": 201,
            "name": "Casual Dress",
            "title": "Casual Dress",
            "description": "casual dress for women",
            "rating": 1.0,
            "price": 1600.0,
            "offer": 15.0,
            "type": "",
            "brand": "chitte",
            "category": "women",
            "merchantId": 1063,
            "quantity": 50,
            "status": "ACTIVE",
            "thumbnailURL": "\"C:\\Users\\NIKHATBANU DB\\Downloads\\download.jfif\"",
            "productImageURLs": [
                "\"C:\\Users\\NIKHATBANU DB\\Downloads\\download.jfif\""
            ],
            "searchTags": [
                "\"C:\\Users\\NIKHATBANU DB\\Downloads\\download.jfif\""
            ],
            "reviews": [
                {
                    "reviewId": 1983,
                    "shopperId": 26253,
                    "shopperName": "string",
                    "heading": "string",
                    "description": "product is just ok",
                    "rating": 1.0,
                    "dateTime": "2023-12-28T20:35:27.105"
                }
            ],
            "createdDateTime": null,
            "zoneId": "ALPHA"
        },
        {
            "productId": 204,
            "name": "two state",
            "title": "Two State-chetan bhagat",
            "description": "chetan bhagat book ",
            "rating": 0.0,
            "price": 699.0,
            "offer": 20.0,
            "type": "",
            "brand": "chetan bhagat",
            "category": "men",
            "merchantId": 1034,
            "quantity": 20,
            "status": "ACTIVE",
            "thumbnailURL": "https://th.bing.com/th/id/R.9de1160ed805b4151a52b8e623327f8b?rik=Itu%2bst0T5PtCjg&riu=http%3a%2f%2fnmafzal.files.wordpress.com%2f2014%2f10%2ftwo-states-chetan-bhagat.jpg&ehk=1K0S39jkTcBwW62AGSwRUyPYQxm4cPRycaJnu%2bSyXOg%3d&risl=&pid=ImgRaw&r=0",
            "productImageURLs": [
                "https://th.bing.com/th/id/R.9de1160ed805b4151a52b8e623327f8b?rik=Itu%2bst0T5PtCjg&riu=http%3a%2f%2fnmafzal.files.wordpress.com%2f2014%2f10%2ftwo-states-chetan-bhagat.jpg&ehk=1K0S39jkTcBwW62AGSwRUyPYQxm4cPRycaJnu%2bSyXOg%3d&risl=&pid=ImgRaw&r=0"
            ],
            "searchTags": [
                "book"
            ],
            "reviews": null,
            "createdDateTime": "2023-09-20T15:59:17.505",
            "zoneId": "ALPHA"
        },
        {
            "productId": 227,
            "name": "mobile1234",
            "title": "sumsung mobile1234",
            "description": "Brand\tSamsung\nModel Name\tSamsung Galaxy M34 5G\nNetwork Service Provider\tUnlocked for All Carriers\nOperating System\tAndroid 13.0\nCellular Technology\t5G\nAbout this item\nExynos 1280 Octa Core 2.4GHz with the 12 band support for a True 5G experience\n16.42 centimeters (6.5-inch) Super AMOLED Display, FHD+ resolution, 1080 x 2340 pixels protected by Gorilla Glass 5\n50MP+8MP+2MP Triple Camera Setup - True 50MP No Shake Cam (F1.8) Main Camera + 8MP (F2.2) + 2MP (F2.4)| 13MP (F2.0) Front Camera\n6000mAH lithium-ion battery, 1 year manufacturer warranty for device and 6 months manufacturer warranty for in-box accessories including batteries from the date of purchase\n4 Generations of OS Upgrades and 5 Years of Security Updates\n› See more product details\n",
            "rating": 0.0,
            "price": 29999.0,
            "offer": 20.0,
            "type": "",
            "brand": "sumsung1234",
            "category": "electronics",
            "merchantId": 2770,
            "quantity": 20,
            "status": "ACTIVE",
            "thumbnailURL": "https://m.media-amazon.com/images/I/81teiFpx1pL._SX679_.jpg",
            "productImageURLs": [
                "https://m.media-amazon.com/images/I/81ruyVshreL._SX679_.jpg",
                "https://m.media-amazon.com/images/I/51HG5TpzJtL._SX679_.jpg",
                "https://m.media-amazon.com/images/I/41K++SiAqAL._SX679_.jpg",
                "https://m.media-amazon.com/images/I/71ekdHQn5JL._SX679_.jpg"
            ],
            "searchTags": [
                "https://www.amazon.in/Samsung-Midnight-Storage-sAMOLED-Display/dp/B0C7C2FCY5/ref=sr_1_4?crid=3E24VXWE03M9O&keywords=sumgam+galaxy+mobile+5g&qid=1695225780&sprefix=sum%2Caps%2C463&sr=8-4"
            ],
            "reviews": null,
            "createdDateTime": null,
            "zoneId": "ALPHA"
        },
        {
            "productId": 230,
            "name": "guitar",
            "title": "Yamaha FX280 Tobacco Brown Sunburst Electro Acoustic Guitar",
            "description": "Brand\tYAMAHA\nColour\tTobacco Sunburst\nTop Material Type\tSpruce\nBody Material\tWood\nBack Material Type\tWooden\nAbout this item\nTraditional Western Body\nSpruce Top\nYamaha Quality in an Affordable Price\nRecreate Natural Tone and Dynamics by ART Pickup\n",
            "rating": 0.0,
            "price": 11490.0,
            "offer": 4.0,
            "type": "men-tshirt",
            "brand": "yamaha",
            "category": "men",
            "merchantId": 1034,
            "quantity": 10,
            "status": "ACTIVE",
            "thumbnailURL": "Yamaha FX280 Tobacco Brown Sunburst Electro Acoustic Guitar",
            "productImageURLs": [
                "https://amzn.eu/d/g6liTH1"
            ],
            "searchTags": [
                "https://th.bing.com/th/id/R.3b40734a1d3d88a680e24f80ee5bcc97?rik=fcGezm5DRYyOXQ&riu=http%3a%2f%2fimages.richtonemusic.co.uk%2fproduct%2fYVINTAGEGUITARS100165.jpg&ehk=BikW%2bZ8yKJL9jK49H8czKzklg1GmlDMaSFuf5yYvMyE%3d&risl=&pid=ImgRaw&r=0",
                "data:image/jpeg;base64,/9j/4AAQSkZJRgABAQAAAQABAAD/2wBDAAsJCQcJCQcJCQkJCwkJCQkJCQsJCwsMCwsLDA0QDBEODQ4MEhkSJRodJR0ZHxwpKRYlNzU2GioyPi0pMBk7IRP/2wBDAQcICAsJCxULCxUsHRkdLCwsLCwsLCwsLCwsLCwsLCwsLCwsLCwsLCwsLCwsLCwsLCwsLCwsLCwsLCwsLCwsLCz/wAARCAEQAKsDASIAAhEBAxEB/8QAHAAAAgIDAQEAAAAAAAAAAAAAAgMEBgABBwUI/8QARBAAAgICAAMGAwQFCQYHAAAAAQIAAwQRBRIhBhMxQVFxImGBMpGhsQcUFSPBJDNCUlNictHwFnOCkrLhFzRjosLS8f/EABsBAQACAwEBAAAAAAAAAAAAAAAEBQIDBgEH/8QAMREAAgECBAIHCAMBAAAAAAAAAAECAxEEBSExEkEyUWGRobHBExQicYHR8PEGM+Ek/9oADAMBAAIRAxEAPwAAsMKYYWMCwAAsMKYapGBIAsKYQWNCRgSAJCmEEMeEhBIBH5DN8oAJJACgsxJAAUDZJJ8hJASVPtNncVqvyMJHFWIaK3JoYc71uvxC0faO+vTYGp5J8KuZwg5uyJ68f4C2SmImUzWPbXSjithSzvsDVh108BvXmPcetyH5zlPcW2A2r8QZiCEU7Hj10vQS38B47xbLzcLh+Z+rcnc2oXsVkybnVeZG2ehbpojQ8z4+OuNRN2JFTDuKuizchmuSSuSDyTaRCKVMEqZKKQSkAiFTAKmSykApAIhWAVkopFlYBFKma5Y8rA5YBIC7jVSEF6xqpAACRgSMVI1UgClSMCRoSMCQBISEEjwkMJAI4rJ3ob0CTr0ErvaB+DfqfE7VxhkcQOLRR3rMQtdFhS5bKeY8pbWx0Gzzeg0bagKEHX0kH9h8Lv7l8qsD9XG7LRcaVWrvUtsNj6OwAo1vyGtgHppqX10N9JpNO+pxnvLU5UFjADYCqSBrfXwkvAymo4jwrKtf4cfMod2JJYV84D78+g3JOZfYcK3htZx7MTB4hmZNNyLuxxYwG1f+prZA/wBCO+VX+xf1MYeN31ec+SM3l/lXKyaFPN/V31mrS9ywbbTR1tO7tSu2tg9dih62G9MpGwRubKR2NyWYuHYigJbjUWoAAo5XrVhoDp5w+T5SWVLViIUgFJMKfKAUg8IZSLKSYUi2SAQ2SKZJNZIpkgENli+X5SWyxfLAJKpHKk2q+McqQAVSNVIapHBIAsJGBIxUjQkAUK4QSOCQgkATyTxs/heZn2WNTeKzRZS+Mtibr53CV3hiQT9kdOni30lh5JAzb+IV/ucKmuzIuFlVHea5UtADgvzELy65t9R5ex1VEuZtpt62OYcQ4dh8Ny+JY/EXse3I4fjZeE+IzPW+Vc4Dc5KqCmmbfwjw6CeViY/D3xeNrmZN1N2PRW+ElVYcX3q5UpZ06DwO9j+B93jKcU4nxfh11julvEGpw6Rnc9S0M6khCpXaoCw6ddefjPNo4bl5PFLuGVCl8nKqvqHJappa6rq3Lb9nXwnR+c0FlB3X08joPY9Q3Z7hlgexzYLebnbmCMlhqKp6D4d6+c94pKn+j23Nfh2dh2inuMDKetdH98LrP3jhtdOX0+suhSSo7FbVVpsiFIBSTCkApMjUQ2SKZJNKRTJ4wCEyRTJJrJFMkAgskXySWyRfKIBJVOseqTarHKsA0qRyrNqkcqwAFSMCw1SMCwBYWGEjAsILAFhZrua+cWco5wOh9P4R/LN8pgHJu3ebxGvPXhuTTyYqWnK4ZYlbCu4MFIZ3LHZXXIwGteOvi2axSeR6nVQqpZtFXoBTkLrl6enMVPtO6cT4VhcYw7sHLQMloPdOQC9F2tLbWfIj8R08DOPU8Iq5La7eKYFF1Vl1NlV4yA1bCxhyllQjx5iNH+l8pGqR4diyw9WLVnyLL+jVb+77R8ykV9/gjr0HfBLecAe3LOgFJWuxFNOPh8Vx0ysXJc5y5TtiszBVupRFVywB38BPhLXyzdDokOu71HYjFYJX+MklYBWZmkiskWySWyxbLAITJEsvjJrLEssAhMkVy/KTHWK5IBJVep945VmKvU+8cqwDFWOVZirGqsA0qxgHhNhYYEAECEBCAhagAATeoepmoBpR1X3H5ziOfXZ+1OPgI5UcUyl2FYjYuuJGwNek7gB1HuPznDuJty8Z7Q6YjXFcrzI8brprmb6Jcf0fBg/aAFWXa8NYcykf248xL3qUH9HdrPkcfQuW1jcNcAsWA+O8dNmdB1Mo7Gup0hREErHEQSsyMBBWKZZJIgFYBFZYllktliWWAQ2WK5ZLZYrUAkKvWOUQVHU+8cogBKIwCaURgEA2BCAmAQteEAzU2BN6m4BqZC1M0IBoeXuJw/id9lfF+0KrcygcVy25Q2gGN1+yBv5f61O49On0nDuJ33JxbtEq2Mq/tXMbWxrZuv2fwmEzdSLT+j2+2zO4wj2s6/qGG6gtsAi2wbnRtTm/6P8AIts4pxJGcsP2ZWwHTxF4G+nvOk6nsdjGp0gNTREPU0RMjWLIiyI4iARAEMIplklhFMIBFYRWhJLLFagDlHU+8cogKOsaogBqIwCCIwQDBCmh/nCgGTcyZAMmTJkAz0+k4hxB8ocV7Qd21/J+1M3XIH5QxtyN65enpO3+n0nDs5MhuJ9omTm5TxPM1qxV6i3J30LA/h+XTCZupFn7BWZTcYy1tN5Q8LtI7wWcvMt9H9Ya31M6VOY9hFyE42/eE8rcLyxo3I/UW4pHwqxPr5fn16dPY7GNTpGpk3MMyNYBgmGYJgCyIphHmKYQCOwi9R7CK1AGqOp941RFr4n3jVgBiGIIhiAbhCam4BuZNTIBuZNTIBnp9JwvNWt+Jcfdra1P7RywQUsLaFuSQSVBHX3ndPT6Tg+Q+O2Xxl2V2Z8zJcFbUUcrPkkdChO/r/3wmbqRZexC1J2gqK3oxbh3EF5QlgJ02Od7YAeU6pOT9i7Mf/aLDCI4dsTiQBa4MNarJHKEHp6zrE9jseVdzUyZMmRqNGCYZgmAAYto0xbQBLRWo5orpAGDxPvGrFDxPvGrAGCGIA84YgGxNzQm4BkyZMgGSJxLiGHwrCys/MZlx8dAzco5nYkhVRF8ySQB185LlF/SNlIOH8LxRYn7/Ne1gGGyKaiAD19WExk7K5spx45KJI/8RezbKe6p4iz6+FXoRF3/AHm5z0+hnNMc5LV5TKEILsdt+rg8xS4n+c+KRtAH4So8euxqHjtjd1kc5s5z12rVBeUpfr7QJ9Zq4uImSpKlsW3sg2UO0XDld6uQ18RBUPjcxPdsegT4vKdWnIeyL4o7ScJKi0HeeoZ7K+QA03+ICD014zr02x2IlXpGTJkyZGowwTCMEwATAMMwDAFNFRrRW4AS+J941YlfE+8apgDRDEWIwQApuDCEAyU7tZ2zTgbnAwa1v4kUVrS/WrEVxtecAglyOoHzBPiA1l4nnJw3h/EM9wCMXHsuCk653A0idPU6H1nBr2uybr8i9zZfkWPdc58WsclmMwnKxIo0uN3exLye0/G8t2sysnItYknTMQg3/VRdIPoIONfm8ZsOGtSWKoFtz5Ck1UA9Ax115j5AH8JAaoAMSPAEy48IwUwMKtCB31o77IbzaxhvXsPAe3zlNmeP90o8Uek9F9/oXGFwirVOF6JbiMfs/wAHxxzNSL7B4tfsrv8Au175R+PvPIdnS/jNdeQtNa5mQqVqtmlAFo6ci619fKWvqQfrKm//AJrjPXEH8vyh+9Xms8bh1+A9PTr/AN6jJK9WvXm6sm9PUm5pShTpRUFbX0JmE5fMoR81rQzXjuStpVzy3nrznl+fh5fdZsPOzsB1bFuZFB21LEtQ/wAmrJ19Ro/OVnBs/luMDkY3Wy34K6dM/wAOR4N3Q16+P/f3TrqYzqtUo4iEqcmtPVjLaUKtCUZq6v6I6Hw3iFHEsVciscrA93dWTs1WgdVJ9PMH0P3TZR+y+U1XEnxyfgy6WGv/AFKfjU/dzS8TpMvxTxVBVHvs/mc/jsN7tWdNbbr5GjNGbMEyeQjRi2hmLaALaLhtFbgG1PUxqmR1PU+8cpgDwYYilMYIAwTcAQhAKr2+yGp4CtYOhl52NQ/zVA+R+aCcr5knRP0pI57OYlic37ji+K7kEjSvTdV5fMicXF1o8HcH5M3+cj1VqWWEtwFmrCWX4tf9pkUIfmC46S5g614zmPD8q1eIcKL2OVGdjcwZiRpn5eu/edO8px38gupU1yszo8ts+P6GwNjXrKez1jL41+8xwf2hlHTU945+O4dW5SNenWWPiWUcXEZkOrbSaqyDor02xH5D3lJGfdjnOoqdgy5NjNptqpc29ARokyR/HsPJKVZ7PRETN6ybjSXLU97DtIy8f9/8JsPMExFRTvvvtWdND/XnPePh95lHxc/OyLkqtuYiznA27jqA7coA6Enylr4bkNkYtbMd2Vk1v12ToAgn6amefYdvhrLloz3KKyTdJ89T1+CMy8Y4UR4/rBX6NW4M6NOfdn6+841gdOlQyLj/AMNTKPxInQJPyFf8zfb6IgZ2066XZ6swwTNmCTL8ozTRTGGximMABjFbhMYvcA0p6xymRVbrHKYBJUxoMjq0YDAHAw9xIMMGAeD22xDm9le0VSgFqsT9cT1BxHXJOvopnz0DPp3OSu3C4hVZopZiZVbj+61TAz5iVXCqSraKr4g+k1VCZhXujCzKOdejIQ6n+8p5hOs49q30Y96H4bqq7V9nUNOTDxH8Z0js3a1vBOFs3itL1fSt2QflOWz+nejCfU7d6/w6DLZWquPWvL9iuMv/ACjAXyRHt0R4nmJ9PlKVXQ4OSzbJbumJPmSXJMuvGl5HwcgjajmrbpvwIOh7gmeC1QU5KHXwmsgjzUk6YfIyblUksNC3V6shY6F6879nkjy6OZb8Jl8Vyccj37xP85cOEdG4gg+ytq6/9wldwqRblUMTqvGZci0kdB3bUsiem2OgPqfKWXg9bDHe1vG+xmB14qo5d/fuM5kvd5X52Xjf0Pctg/bxt2vwsW/snXzcQzLiP5nDCA+hutH/ANTLmZUuyJUW8XX+kUxG91BtH8ZayZLydJYOFu3zZDzZt4uV+zyRsxZM2TAJlsVZpjFMYTGJZoALGK5ptjFbgAK0erSGrdY5WgExWjQ0iq0arQCSCYYaRw3hGBoBC4/ljC4JxrIO9rhW1V6/tbx3CfiwnFhy6A9AB906H+kDPCYfDeGqRz5VzZdwBOxVR8CAj5sSf+Cc61I9V62LHCR+FyCKVHqVU+4Blo4RWKuHYKABQa2s0PAd4xf+Mq61vc9VCfbusSofLmPU/Qbl0rVUCIo0qqFX2A0Jy+fVLU4U+t37v2X+XQvOU+pW7/0Lycdcqmyljonqjf1XHgekrgptpa2jKpDBCgQMWB1zn7FiEbHn/wDstXgYK6JcEA+Hj1/pSpy/Hyw96bV4vw+RKxeDVe007MruLiW5AprprWnGVw7lAQuwKDvmJ2WI8yfynuBErREQBVRQqgeSgaEcP6Pp4D7q4lj118zPcfjJYmSVrJcjLB4WOHTd7t8z0uz+UMfiuOrHS5Svit6czadCfqAPrL0TOXFnRldDqxHV6z6Oh5lP36nR8bJTLxsbKT7N9S2gb8Cw6r9DsfSdFkNfipOk+WveUed0bVI1Vz07vzwJBMWxmi0WzfxnRnPmM0SzTGaKZoBpmiuaadormgAK/WOV5CVo5XgE1XjlaQleOV4BLDRisSQB1JOh7yIrzWTlrh4ubmN4YmNfkAerIhKj6nQgHN+1Wb+v8d4iyturFZcCjzHJj7ViPduc/WeIRDBYnbEliSzk+JY9STMMgSk27l9TioQSJvBaefMsuP2cevS/7y3p+AB++WRfH2nmcGrFeIH11yLHtP8Ah+yv4CemNDU4fNq3tcTJclp3f7cv8DDgop83r+fQ3sfjBXxP0/6pnmfeaT7R8/Dw/wAcr6XSJk9jfkPb/wCKRL+J9zGsQq7bSgDxYhR9hfMyDdm4NbEPl4wPMeneox8fRSTJPs5Tfwq5hGUYrV2Ccy09l8stjZWIx641otr/AN1fs6+jBvvlRW6q5FsqcPW2+Vl8Do6856vZ+7uuKVr5X499J+ZUC0f9J++WuVTdHFRT56P8+ZBzOmquFk1y1/PoXctFs8BnimedycOEz+MUzwWeKZ4BjNFc8F3iueAKVo5WkJXjlaATVeOV5BV41XgE0PPB7aZ74fZzMKEd5lZWDiLsbBDObmGvZJ6yvKj+kNz+xuFqPA8V23/DjWa/Mzx7GcNZIpFfFWHV6VP+Biv5gxo4njMvVbVY9B0DDZ6DqDv8J4wPSMp01+Ip8GyccH2NiyHZFzKXw6HTKFFVNFY8K61T7lAiOJ5d+HhPfTy953ldYLrzBebfXR9o/Z/ExOZjDNxmxmtasO9blkVWPwHetN0nz+lKDrqdba92dTUhJUnGnvbQrf7a4wa35sohmVtd3VSnL0OiCF3HcPzb7qQ9y5mTeO65zZxGyuhzprQ1ddFStokAdbD1b08Jo7P8PCsGuyn2CvV0Udengij84+jhOJjV92hcrpOjtzdEDAePv/rU6VZjl8OjDuSKR4LGS3l4nnNkFdBcThaaVQGbHfKsG+4XZOa9nk3p5fU+VkvkZdzuyd5Z/N7ox0QaXagclChfwlrGHjKAAgHtoeSjy9h90adAaHT2AH5TyWd01/VDvM45VN/2SPP4YllXDsOuxGR1D8ysNEbsY9RPV4W3LxThhH9sQfYo4kVz0PvJPCRzcSwv7htsPstbf5iVmHk6uKU+blfxLKvFUsLKPVFrwLqXimf+MAv84pnneHABs8UzwGeKZ4Btni+b5wGeL54ApWjVeQw0arwCYrRqvISvGB/CATQ8r3bWhsns/c69WwsrGy+n9T4qG/6wfpPYDzLUpyacjHuXmpyKrKLV9UsUqdfP0g9Ts7nFOYwls7t6rP7Oyuz/AJGDSfn8JtwMrIxLSwapvhbW1sQ9VsXfkR/rpITYz6I2Dv12Jo4Sfx3Wh01WDcrA9GGx7HrDB3PH4HlnK4fjhj++xgMe4ee0Hwt9Roz1l8p85xFF0qkoPkdzRmqtONRcwvX3mt+EHfjNE/lNNjbYxm1FM2z0hNFEGbYo8YL70Z6vA6T3mRlHwRe4rPqzEO+vbSj6zzq6bL3Wmv7bdST4Ivm7fIfj4e1iqSvHqrpr3yVjQ34k+JY/M+JnR5PhXKftpbLb5lBnGLUKfsIvV+RKLxTPFs8WXnVnIjGeKLwGeKZ4AbNF80Bmgcx9YAoN/GMDSKCYwMYBJDxgaRQxhhj5QCWHhh5EDGGHgC+I8Nw+J1qtw5bawe5uUfGm+pU+qnzErF/ZvLrJ5VFi+TVHYI9vGW3mMIOfnPGrmcZtFJx8HiXDrzfVWxBHLbWwKrYg663roR5H/Oe9j5NOQNISLB9ulxy2p/iT+I2J7XOfnFW0Yl+u+oqs14F0G1PqreI++VWOyyGL+K9pdf3LXBZpPC/C1ePUeefP3musmfqOJrSi9R6LkX/xaYMLCB2Usf5W3XWD7mbX4SmWQ1r9JeJbvPqNui/D7nns6L0ZlB8gT8R9l8fwjq8bJvI5azVX52XqV/5azpz9dT0UWqrpVWlfr3aKu/flEIufnLChklKDvUlxeCK+vndSatSjw+JlFVOMhWve20XdiC7n1Yj8IwvElj84JaXsYqC4YqyKKUnNuUndsaXgF4otALGZGIwvFloBaAWMAItA5jBJMHZgH//Z",
                "No images addedata:image/jpeg;base64,/9j/4AAQSkZJRgABAQAAAQABAAD/2wBDAAsJCQcJCQcJCQkJCwkJCQkJCQsJCwsMCwsLDA0QDBEODQ4MEhkSJRodJR0ZHxwpKRYlNzU2GioyPi0pMBk7IRP/2wBDAQcICAsJCxULCxUsHRkdLCwsLCwsLCwsLCwsLCwsLCwsLCwsLCwsLCwsLCwsLCwsLCwsLCwsLCwsLCwsLCwsLCz/wAARCAEQAKsDASIAAhEBAxEB/8QAHAAAAgIDAQEAAAAAAAAAAAAAAgMEBgABBwUI/8QARBAAAgICAAMGAwQFCQYHAAAAAQIAAwQRBRIhBhMxQVFxImGBMpGhsQcUFSPBJDNCUlNictHwFnOCkrLhFzRjosLS8f/EABsBAQACAwEBAAAAAAAAAAAAAAAEBQIDBgEH/8QAMREAAgECBAIHCAMBAAAAAAAAAAECAxEEBSExEkEyUWGRobHBExQicYHR8PEGM+Ek/9oADAMBAAIRAxEAPwAAsMKYYWMCwAAsMKYapGBIAsKYQWNCRgSAJCmEEMeEhBIBH5DN8oAJJACgsxJAAUDZJJ8hJASVPtNncVqvyMJHFWIaK3JoYc71uvxC0faO+vTYGp5J8KuZwg5uyJ68f4C2SmImUzWPbXSjithSzvsDVh108BvXmPcetyH5zlPcW2A2r8QZiCEU7Hj10vQS38B47xbLzcLh+Z+rcnc2oXsVkybnVeZG2ehbpojQ8z4+OuNRN2JFTDuKuizchmuSSuSDyTaRCKVMEqZKKQSkAiFTAKmSykApAIhWAVkopFlYBFKma5Y8rA5YBIC7jVSEF6xqpAACRgSMVI1UgClSMCRoSMCQBISEEjwkMJAI4rJ3ob0CTr0ErvaB+DfqfE7VxhkcQOLRR3rMQtdFhS5bKeY8pbWx0Gzzeg0bagKEHX0kH9h8Lv7l8qsD9XG7LRcaVWrvUtsNj6OwAo1vyGtgHppqX10N9JpNO+pxnvLU5UFjADYCqSBrfXwkvAymo4jwrKtf4cfMod2JJYV84D78+g3JOZfYcK3htZx7MTB4hmZNNyLuxxYwG1f+prZA/wBCO+VX+xf1MYeN31ec+SM3l/lXKyaFPN/V31mrS9ywbbTR1tO7tSu2tg9dih62G9MpGwRubKR2NyWYuHYigJbjUWoAAo5XrVhoDp5w+T5SWVLViIUgFJMKfKAUg8IZSLKSYUi2SAQ2SKZJNZIpkgENli+X5SWyxfLAJKpHKk2q+McqQAVSNVIapHBIAsJGBIxUjQkAUK4QSOCQgkATyTxs/heZn2WNTeKzRZS+Mtibr53CV3hiQT9kdOni30lh5JAzb+IV/ucKmuzIuFlVHea5UtADgvzELy65t9R5ex1VEuZtpt62OYcQ4dh8Ny+JY/EXse3I4fjZeE+IzPW+Vc4Dc5KqCmmbfwjw6CeViY/D3xeNrmZN1N2PRW+ElVYcX3q5UpZ06DwO9j+B93jKcU4nxfh11julvEGpw6Rnc9S0M6khCpXaoCw6ddefjPNo4bl5PFLuGVCl8nKqvqHJappa6rq3Lb9nXwnR+c0FlB3X08joPY9Q3Z7hlgexzYLebnbmCMlhqKp6D4d6+c94pKn+j23Nfh2dh2inuMDKetdH98LrP3jhtdOX0+suhSSo7FbVVpsiFIBSTCkApMjUQ2SKZJNKRTJ4wCEyRTJJrJFMkAgskXySWyRfKIBJVOseqTarHKsA0qRyrNqkcqwAFSMCw1SMCwBYWGEjAsILAFhZrua+cWco5wOh9P4R/LN8pgHJu3ebxGvPXhuTTyYqWnK4ZYlbCu4MFIZ3LHZXXIwGteOvi2axSeR6nVQqpZtFXoBTkLrl6enMVPtO6cT4VhcYw7sHLQMloPdOQC9F2tLbWfIj8R08DOPU8Iq5La7eKYFF1Vl1NlV4yA1bCxhyllQjx5iNH+l8pGqR4diyw9WLVnyLL+jVb+77R8ykV9/gjr0HfBLecAe3LOgFJWuxFNOPh8Vx0ysXJc5y5TtiszBVupRFVywB38BPhLXyzdDokOu71HYjFYJX+MklYBWZmkiskWySWyxbLAITJEsvjJrLEssAhMkVy/KTHWK5IBJVep945VmKvU+8cqwDFWOVZirGqsA0qxgHhNhYYEAECEBCAhagAATeoepmoBpR1X3H5ziOfXZ+1OPgI5UcUyl2FYjYuuJGwNek7gB1HuPznDuJty8Z7Q6YjXFcrzI8brprmb6Jcf0fBg/aAFWXa8NYcykf248xL3qUH9HdrPkcfQuW1jcNcAsWA+O8dNmdB1Mo7Gup0hREErHEQSsyMBBWKZZJIgFYBFZYllktliWWAQ2WK5ZLZYrUAkKvWOUQVHU+8cogBKIwCaURgEA2BCAmAQteEAzU2BN6m4BqZC1M0IBoeXuJw/id9lfF+0KrcygcVy25Q2gGN1+yBv5f61O49On0nDuJ33JxbtEq2Mq/tXMbWxrZuv2fwmEzdSLT+j2+2zO4wj2s6/qGG6gtsAi2wbnRtTm/6P8AIts4pxJGcsP2ZWwHTxF4G+nvOk6nsdjGp0gNTREPU0RMjWLIiyI4iARAEMIplklhFMIBFYRWhJLLFagDlHU+8cogKOsaogBqIwCCIwQDBCmh/nCgGTcyZAMmTJkAz0+k4hxB8ocV7Qd21/J+1M3XIH5QxtyN65enpO3+n0nDs5MhuJ9omTm5TxPM1qxV6i3J30LA/h+XTCZupFn7BWZTcYy1tN5Q8LtI7wWcvMt9H9Ya31M6VOY9hFyE42/eE8rcLyxo3I/UW4pHwqxPr5fn16dPY7GNTpGpk3MMyNYBgmGYJgCyIphHmKYQCOwi9R7CK1AGqOp941RFr4n3jVgBiGIIhiAbhCam4BuZNTIBuZNTIBnp9JwvNWt+Jcfdra1P7RywQUsLaFuSQSVBHX3ndPT6Tg+Q+O2Xxl2V2Z8zJcFbUUcrPkkdChO/r/3wmbqRZexC1J2gqK3oxbh3EF5QlgJ02Od7YAeU6pOT9i7Mf/aLDCI4dsTiQBa4MNarJHKEHp6zrE9jseVdzUyZMmRqNGCYZgmAAYto0xbQBLRWo5orpAGDxPvGrFDxPvGrAGCGIA84YgGxNzQm4BkyZMgGSJxLiGHwrCys/MZlx8dAzco5nYkhVRF8ySQB185LlF/SNlIOH8LxRYn7/Ne1gGGyKaiAD19WExk7K5spx45KJI/8RezbKe6p4iz6+FXoRF3/AHm5z0+hnNMc5LV5TKEILsdt+rg8xS4n+c+KRtAH4So8euxqHjtjd1kc5s5z12rVBeUpfr7QJ9Zq4uImSpKlsW3sg2UO0XDld6uQ18RBUPjcxPdsegT4vKdWnIeyL4o7ScJKi0HeeoZ7K+QA03+ICD014zr02x2IlXpGTJkyZGowwTCMEwATAMMwDAFNFRrRW4AS+J941YlfE+8apgDRDEWIwQApuDCEAyU7tZ2zTgbnAwa1v4kUVrS/WrEVxtecAglyOoHzBPiA1l4nnJw3h/EM9wCMXHsuCk653A0idPU6H1nBr2uybr8i9zZfkWPdc58WsclmMwnKxIo0uN3exLye0/G8t2sysnItYknTMQg3/VRdIPoIONfm8ZsOGtSWKoFtz5Ck1UA9Ax115j5AH8JAaoAMSPAEy48IwUwMKtCB31o77IbzaxhvXsPAe3zlNmeP90o8Uek9F9/oXGFwirVOF6JbiMfs/wAHxxzNSL7B4tfsrv8Au175R+PvPIdnS/jNdeQtNa5mQqVqtmlAFo6ci619fKWvqQfrKm//AJrjPXEH8vyh+9Xms8bh1+A9PTr/AN6jJK9WvXm6sm9PUm5pShTpRUFbX0JmE5fMoR81rQzXjuStpVzy3nrznl+fh5fdZsPOzsB1bFuZFB21LEtQ/wAmrJ19Ro/OVnBs/luMDkY3Wy34K6dM/wAOR4N3Q16+P/f3TrqYzqtUo4iEqcmtPVjLaUKtCUZq6v6I6Hw3iFHEsVciscrA93dWTs1WgdVJ9PMH0P3TZR+y+U1XEnxyfgy6WGv/AFKfjU/dzS8TpMvxTxVBVHvs/mc/jsN7tWdNbbr5GjNGbMEyeQjRi2hmLaALaLhtFbgG1PUxqmR1PU+8cpgDwYYilMYIAwTcAQhAKr2+yGp4CtYOhl52NQ/zVA+R+aCcr5knRP0pI57OYlic37ji+K7kEjSvTdV5fMicXF1o8HcH5M3+cj1VqWWEtwFmrCWX4tf9pkUIfmC46S5g614zmPD8q1eIcKL2OVGdjcwZiRpn5eu/edO8px38gupU1yszo8ts+P6GwNjXrKez1jL41+8xwf2hlHTU945+O4dW5SNenWWPiWUcXEZkOrbSaqyDor02xH5D3lJGfdjnOoqdgy5NjNptqpc29ARokyR/HsPJKVZ7PRETN6ybjSXLU97DtIy8f9/8JsPMExFRTvvvtWdND/XnPePh95lHxc/OyLkqtuYiznA27jqA7coA6Enylr4bkNkYtbMd2Vk1v12ToAgn6amefYdvhrLloz3KKyTdJ89T1+CMy8Y4UR4/rBX6NW4M6NOfdn6+841gdOlQyLj/AMNTKPxInQJPyFf8zfb6IgZ2066XZ6swwTNmCTL8ozTRTGGximMABjFbhMYvcA0p6xymRVbrHKYBJUxoMjq0YDAHAw9xIMMGAeD22xDm9le0VSgFqsT9cT1BxHXJOvopnz0DPp3OSu3C4hVZopZiZVbj+61TAz5iVXCqSraKr4g+k1VCZhXujCzKOdejIQ6n+8p5hOs49q30Y96H4bqq7V9nUNOTDxH8Z0js3a1vBOFs3itL1fSt2QflOWz+nejCfU7d6/w6DLZWquPWvL9iuMv/ACjAXyRHt0R4nmJ9PlKVXQ4OSzbJbumJPmSXJMuvGl5HwcgjajmrbpvwIOh7gmeC1QU5KHXwmsgjzUk6YfIyblUksNC3V6shY6F6879nkjy6OZb8Jl8Vyccj37xP85cOEdG4gg+ytq6/9wldwqRblUMTqvGZci0kdB3bUsiem2OgPqfKWXg9bDHe1vG+xmB14qo5d/fuM5kvd5X52Xjf0Pctg/bxt2vwsW/snXzcQzLiP5nDCA+hutH/ANTLmZUuyJUW8XX+kUxG91BtH8ZayZLydJYOFu3zZDzZt4uV+zyRsxZM2TAJlsVZpjFMYTGJZoALGK5ptjFbgAK0erSGrdY5WgExWjQ0iq0arQCSCYYaRw3hGBoBC4/ljC4JxrIO9rhW1V6/tbx3CfiwnFhy6A9AB906H+kDPCYfDeGqRz5VzZdwBOxVR8CAj5sSf+Cc61I9V62LHCR+FyCKVHqVU+4Blo4RWKuHYKABQa2s0PAd4xf+Mq61vc9VCfbusSofLmPU/Qbl0rVUCIo0qqFX2A0Jy+fVLU4U+t37v2X+XQvOU+pW7/0Lycdcqmyljonqjf1XHgekrgptpa2jKpDBCgQMWB1zn7FiEbHn/wDstXgYK6JcEA+Hj1/pSpy/Hyw96bV4vw+RKxeDVe007MruLiW5AprprWnGVw7lAQuwKDvmJ2WI8yfynuBErREQBVRQqgeSgaEcP6Pp4D7q4lj118zPcfjJYmSVrJcjLB4WOHTd7t8z0uz+UMfiuOrHS5Svit6czadCfqAPrL0TOXFnRldDqxHV6z6Oh5lP36nR8bJTLxsbKT7N9S2gb8Cw6r9DsfSdFkNfipOk+WveUed0bVI1Vz07vzwJBMWxmi0WzfxnRnPmM0SzTGaKZoBpmiuaadormgAK/WOV5CVo5XgE1XjlaQleOV4BLDRisSQB1JOh7yIrzWTlrh4ubmN4YmNfkAerIhKj6nQgHN+1Wb+v8d4iyturFZcCjzHJj7ViPduc/WeIRDBYnbEliSzk+JY9STMMgSk27l9TioQSJvBaefMsuP2cevS/7y3p+AB++WRfH2nmcGrFeIH11yLHtP8Ah+yv4CemNDU4fNq3tcTJclp3f7cv8DDgop83r+fQ3sfjBXxP0/6pnmfeaT7R8/Dw/wAcr6XSJk9jfkPb/wCKRL+J9zGsQq7bSgDxYhR9hfMyDdm4NbEPl4wPMeneox8fRSTJPs5Tfwq5hGUYrV2Ccy09l8stjZWIx641otr/AN1fs6+jBvvlRW6q5FsqcPW2+Vl8Do6856vZ+7uuKVr5X499J+ZUC0f9J++WuVTdHFRT56P8+ZBzOmquFk1y1/PoXctFs8BnimedycOEz+MUzwWeKZ4BjNFc8F3iueAKVo5WkJXjlaATVeOV5BV41XgE0PPB7aZ74fZzMKEd5lZWDiLsbBDObmGvZJ6yvKj+kNz+xuFqPA8V23/DjWa/Mzx7GcNZIpFfFWHV6VP+Biv5gxo4njMvVbVY9B0DDZ6DqDv8J4wPSMp01+Ip8GyccH2NiyHZFzKXw6HTKFFVNFY8K61T7lAiOJ5d+HhPfTy953ldYLrzBebfXR9o/Z/ExOZjDNxmxmtasO9blkVWPwHetN0nz+lKDrqdba92dTUhJUnGnvbQrf7a4wa35sohmVtd3VSnL0OiCF3HcPzb7qQ9y5mTeO65zZxGyuhzprQ1ddFStokAdbD1b08Jo7P8PCsGuyn2CvV0Udengij84+jhOJjV92hcrpOjtzdEDAePv/rU6VZjl8OjDuSKR4LGS3l4nnNkFdBcThaaVQGbHfKsG+4XZOa9nk3p5fU+VkvkZdzuyd5Z/N7ox0QaXagclChfwlrGHjKAAgHtoeSjy9h90adAaHT2AH5TyWd01/VDvM45VN/2SPP4YllXDsOuxGR1D8ysNEbsY9RPV4W3LxThhH9sQfYo4kVz0PvJPCRzcSwv7htsPstbf5iVmHk6uKU+blfxLKvFUsLKPVFrwLqXimf+MAv84pnneHABs8UzwGeKZ4Btni+b5wGeL54ApWjVeQw0arwCYrRqvISvGB/CATQ8r3bWhsns/c69WwsrGy+n9T4qG/6wfpPYDzLUpyacjHuXmpyKrKLV9UsUqdfP0g9Ts7nFOYwls7t6rP7Oyuz/AJGDSfn8JtwMrIxLSwapvhbW1sQ9VsXfkR/rpITYz6I2Dv12Jo4Sfx3Wh01WDcrA9GGx7HrDB3PH4HlnK4fjhj++xgMe4ee0Hwt9Roz1l8p85xFF0qkoPkdzRmqtONRcwvX3mt+EHfjNE/lNNjbYxm1FM2z0hNFEGbYo8YL70Z6vA6T3mRlHwRe4rPqzEO+vbSj6zzq6bL3Wmv7bdST4Ivm7fIfj4e1iqSvHqrpr3yVjQ34k+JY/M+JnR5PhXKftpbLb5lBnGLUKfsIvV+RKLxTPFs8WXnVnIjGeKLwGeKZ4AbNF80Bmgcx9YAoN/GMDSKCYwMYBJDxgaRQxhhj5QCWHhh5EDGGHgC+I8Nw+J1qtw5bawe5uUfGm+pU+qnzErF/ZvLrJ5VFi+TVHYI9vGW3mMIOfnPGrmcZtFJx8HiXDrzfVWxBHLbWwKrYg663roR5H/Oe9j5NOQNISLB9ulxy2p/iT+I2J7XOfnFW0Yl+u+oqs14F0G1PqreI++VWOyyGL+K9pdf3LXBZpPC/C1ePUeefP3musmfqOJrSi9R6LkX/xaYMLCB2Usf5W3XWD7mbX4SmWQ1r9JeJbvPqNui/D7nns6L0ZlB8gT8R9l8fwjq8bJvI5azVX52XqV/5azpz9dT0UWqrpVWlfr3aKu/flEIufnLChklKDvUlxeCK+vndSatSjw+JlFVOMhWve20XdiC7n1Yj8IwvElj84JaXsYqC4YqyKKUnNuUndsaXgF4otALGZGIwvFloBaAWMAItA5jBJMHZgH//Zd yet...",
                "data:image/jpeg;base64,/9j/4AAQSkZJRgABAQAAAQABAAD/2wBDAAsJCQcJCQcJCQkJCwkJCQkJCQsJCwsMCwsLDA0QDBEODQ4MEhkSJRodJR0ZHxwpKRYlNzU2GioyPi0pMBk7IRP/2wBDAQcICAsJCxULCxUsHRkdLCwsLCwsLCwsLCwsLCwsLCwsLCwsLCwsLCwsLCwsLCwsLCwsLCwsLCwsLCwsLCwsLCz/wAARCACrAKsDASIAAhEBAxEB/8QAGwAAAgIDAQAAAAAAAAAAAAAAAAEFBgIEBwP/xABEEAABAwIEAwUEBQoDCQAAAAABAAIDBBEFEiExE0FRBiJhcYEUMpGhB0KCscEVIyQzUmJjcpKi0eHwJTRDU4OTsrPC/8QAGwEBAAIDAQEAAAAAAAAAAAAAAAUGAQIEAwf/xAAxEQACAgEDAgMHAwQDAAAAAAAAAQIDEQQFMRIhQVGxEzJhcYGhwRQVIjNCkfA00fH/2gAMAwEAAhEDEQA/AOtoSQgBNJCAE0kIBoSQgGhJCA5p9IrR+UsGJe1v+zMRAzB5uRNCdMoKpxYziPvOzQWHclNu+8G/d8Vd/pEjidWdny/KC6hxkBz5RC0CP2eQguIOp2HifHSkMfTvmibkDTJIIs0s5DG5pQC55ay4Avc6f4Lnn7x01+6dg7JEHs3gNnBwbShgIuAcj3N5gHkp1V7saWns1hAZbKwVUQLXFzSI6mVt2ucAbHcaKwL3XBzy5BNJCyYGhJCAE0kIBoSQgBCaSAEITQCQhCAELRr8WwvDGg1lSyNzhdkYu6V41F2xt71vHZV6ftxR3Laalc4XADp3huv8kYd/5LVyS5MpNlvWlimI0+FUNVXVAJZC1uVjCA6SR7gxjG36k/jyVVd2vxV+kVHCPEhzR8XOJ/tCi8XxHF8bpW0lQ6mijbMyccJhLi5gIAcS4C2vTkuS3X6ertKaTOiGmtn3jFkX2mx9+NVGGSRtFLwKCuDmumzAvldGbh2QbZRy5qEdJNnH6WwHO+wEkv7bSPdZZe1bQuppae2eoMkFZ3QHNIyNYf8Ah6815OgGTP7MOKKhzOGRUCzLQuEpfxA3W5Frcr87LWFsbkpweUzd1yrfTJYZ1TsQ8v7OUN5BIWT17C4Fxvaped3gH5KyrlmBYri1FQCnppWQRNnncI2xxPs57szjeQOOvmpdnaPH2G/HglHSWnb98WVeUt00tcvZzlhr4M2WhvmuuMezL4hVak7WDMG4jTCME241NmewX/ajdd1vInyVmilinjjlie18cjQ5j2EFrgeYIXdTfXfHqrllHLZVOp4msGaEIXseYIQhACE0IBIQhACEIQAoXtLjQwPDJKlga6qmeKeja7UcVwJzuHRoBJ9BzU0ua/SRO41eC0/1I6apnt+9JI1l/wC1ayeEbRWWU2etqamWSaeSSaeZ4zucc0ksjiGgeugAU9R0jYGML7OlLe+4bAn6rPD79/AQGHMEtfTNO0bZZ/VoDB83X9FaASqvvOrnUlVW8Z7sntu08bG7JLjgyvYeiAsblF1U8E8RONWdJhuZkr+5iAAisXC7IxzB8tlGGJpzH2erdz0FjfJEf+X/AK+6TxdrnSYaA2ZxLcQFoCA/WJngfuUY+C+YupqsjIR35o2C/CZvdgV32r/iw+vqyta/+vL6ehN4W3JTyt4bo8s77NeSSbtab6gfct8HVReFPjDJ4e5HJxDI2IzMkkMYAaX2ab2vpspMKsblFx1U8+ZNaNp0RPS1/gp3s1XSU1YKB5/R6zO6EHaOoa3Ocvg4A38R4qBadlsUjy2twxw3bXUZ+MrWkfAlbbZfKnUxx4vD+pprqlZTLPh3OlIQhfRCnghCEAIQhANJCEAJpIQAuc/SNAfacFn5Pp6qL1Y9jv8A6XRlT+39OJMLoqgDvU1a1pPRkzHNPzDVrLg2jyc4wsZMQb+/TVDf74nfgrGBpfwKrMDhHVUbzoBMIz5SgxfeQrMPdb5XVN36DVkJ+ax/j/0sm1y/hKPxCwQBudAACSToABuSgLwqpLARi2uVzgTYEk2Y0npzP+ShKKXdNQRJ22KuLkyNxUmd1IWQmRkQq3O7xacrox33AEWboRcnn8IR1TRXAMNNfhttnkmIzGma/V2fLstWsxOWurOHG4+xsMwYNuM7hPbxpB4/VHIadS7TIGVgOxjiPxoS0K+6XTqmtQXCKzfN2Sc3yb1dPVYfV4TXRQxsyiUs4RBilZms5nEaXNNwTfU7q501VBWQw1NO/NFK27b+8082OHUbFUGlqo4XOp6kF2H1UgbVM3yXDQJ4xyezcHntzXvh9bUYDiNRTTkuphMYqpjdR3TYTRjqBr4jTy4dx0X6qOV7y4+K8v8Afye+k1P6eXf3X9mX8FbNE1z8Qwpg3fXUm3RsgefkCtRpa4Mc1wcxzWua5uoc0i4IPQqX7PxcXGcP0uIG1FQfNsZYPm5VnQVuWqri/P07kxq5Yom/gdAQhC+jFNBCEIBoSQgGkhCAE0kIAUF2vYH9ncYvbuMglBPIsnjcp1VTt7XMpez88Fxxa+eCmjF9crXid5t0s23qFiXBlcnKZCckhb7zQXN/mb3h8wrZE4SRseNntDx5EXCpfF0dc6AG6ttASKKhB39mgvc634bVWN8inRGXk/wTm2N+1kvgbHNR1UyWd88MQBkl4kMbbgEngWG5A5lSN1pTOfFOyZg1Y+OZo/aMejm/BQu2vFrXjgk9X7ifk0V9+CzUk4ZLEwSBrXZQW2DXMNtWX+9Rc0BZlaRtwRf+WmkboFea3FMImqs5w7FnvLYw17DSRwFrdA5pMpcQdeXpyVfrKzCHkNjweZjzwReeuDrZmyDZjCNPPn4K3VuWc5Im6amsNY+hVJ/1bvIf+sLaxoEVrc36z2LDzNffiGmjzXWzRU7MQqC6SFkNBStinrngucBE1mbhBzrd59rDwudmqMrat1bV1dW8AGeV0lhs0HZo8guiKzP5L1wcFjxD5/gt/ZWudUUklG83ko3N4d9zA+5A+ybj1Cv3ZUtGLkH3nUNQG+kkZsuR9mpzDi9M36tSyand6tzt+bQuk4dWChxGgq3aRxSFs3hFICxx9L39FX7YR025xn4S7/5yvUlYSlfoZR8V+O501CQIIBBBBAIIOhHUJq2FfBCEIBoSQgBCEIAQhCAFxztxjH5Txh8ET70mG56SKxuHTX/PPHqA37Hiuj9qcX/I2DVlSx2WpltS0fUTyggOH8ou77PiuHXvzOnVeVj8D1rXiZMhNRLDTN3neGOI+rHbM93oLq6tsGgAAAaAdB0UDgNNmM9a4aEmCH+Vpu93qQB9jxU+NlUN61HXNUx/t5+bLDttXTF2PxMefxWD4xILXIIN2uG7XDmF6b3WI3N1BQk4Pqi+6JVpSWGaD4nscxpAAL9nA5CTuY3DUX6fLpo/kylnfG+Qu7xguBO1rPec3djM/wAwp/YA/vBEbG3is1o1YAQAN3EclNVbk8Za7/BkdPSd8J9vic8xDFZJqcUNNEymoY8mWKIEZr3uXm99SBfUk2FybC0Pde0ocMwI1DWg+j3NXjZXJRUVhFZk23lm7hTi3FMJI39tph8XgLpRtsqF2coJavEKefKfZ6OQTSP+qZG6sYD1vYnwHxvp3VT32ad0UuUiwbVFquTfDZeey2I+1UbqSV156HLGLnV8B9w+nunyHVWFcwwyudhtfTVdzwgeFUgc4HkB3w0cPJdPBBAINwdQRsQdbhWDbdV+poUnyuzIjW0ewtaXD7oEIQpE4gQhCAaEJIAQheNZUxUVLWVkv6ulgmqJNbEtjYXkC/kgOV/SFihq8Vjw+N14cMjyutaxqZg17zp0GUfFUoMkkfFDF+tme2KM9HONsx8BqT5LZqJpqqeeomOaaollnmPWSRxe4/ErcwSn4tVNUuHdp28KPpxZBdx9G2H21xX2qqErJeB11VuclBeJP08EdPDFBGLMiY1jRzs0W18eq9UJ8gvnk5uyTnLllujFRiorhGN9UXGqRURPjcEM08Ip5XOikfG5znNa0lpLTYAEr1o01mobVSya2XQqWZvBMjXL0zN+9Yg91t+QAP8AWoaHFsQq3iOiw/iluWSSzvcjDgC5xc5rQEPq8Ra0e0YlgtH3TdsTzXTfrrDu0bZGeGsg+WknXtOpxhpL6nDPX0p9mOs7P4RWySTPE0UkhJkNPIGtc7Ne5a5pF+qxg7LYLEQ50M81jf8APyuLfUMDQtSXFKJoc0Yhi9VKRIGiMU2HwB17A2bxpCBpzb6X0iwa2qLmgVNQ+xuBxJDr16KTWj1ajiV2F/vyON6jTylmNeWXaOOKFjI4o2Rxs0ayNoaxo8A3RN2684cwgpg8EOEMQcDuHBgBBWRPRVWSfU8snY8Iy01B8lfuy9aavC443uvNRONK++5Y0Xjd/TYeioF1YOyVSYsSnpye7V0znAfxIDmHyLvgpvZL/Z3+zfEvVEXulXXV1+KL2mkhXQrI0IQgEhNCASrHbqpNP2eqoxoayopqQHwLuM4eoaR6q0Ki/SO5ww7CWfVNe9x82wPA+8rWXBlcnMCBqSrDhMXBoYL6PlvO/rml79vQWHoq64GQCMHWV7If+44R/iraLAADYWt5Ku7zZ00qC8X6E1tsOqxy8l6npdZbryB+9ZAlVJosAyVETYPFLLUSmd2aWR8tuG2zS4l1t7qVuVhfVe9F9lDbreDzsqhasTWSrVmGVkI0jzNBDmTRNL8paQQS3cKO4LCcpErj3hlObY/VsNVfM1gfJY9NBueSmK96sUcTjn7HBPbot5TKvR4NU1DmufF7PDe5e5reK7S3caRf1KssMMNPGyKFgYxvIcz1cdyV6A6JE7KP1Wtt1T/l2XkddGnhSu3IyfwS/wAUXF0iVxHQO4UhgsnCxnBnD61Vwj5SRvj/ABUaTZbuE64rgoF7mvg+RLj9y7NDlamtrzRzatZon8jqSEJr6GU0SE0IASQhACp30hQ8TB6SUA3hxCO+mzZIpGX+NlcVGY/QOxPCMTo2C8skOeAWGs0RErBr1IA9ViSyjK5OHwt/S6EEae0xk/ZBf+CspNj5KvR2FRRvIIy1EVwbgjOTHY/FT9769VVN6TzD6/gsG18T+hmPLmmCsQdLeKAq40TQ77rHW5SulrdbJAzGyAdPMlLYHqkNh5pgGYOhSJHzSBAB0WJI1RIGV0HQrC6CSs4AE6qb7MQGfGqNwF20sdRVP8O5wm/Nygidle+xtCYqOfEJG2fXOAhvuKaIkNP2jc/BS21UOzUKXhHuR242qFDXi+xaUIQrsVUaEkIAQhCAEIQgOUdtcClw2tkr6Zh9irpTKCB3YKsnOYz0Dj3m+o5a6UcjZY45G+69rXt8nAOC69VUtLW089LUxNlgnYY5WP2c0+WtxuDy9Fy7EsFqsBqTTPLpKGV0j6CoP1mavdBLbQPZqfEG49whsLu2mdtPVHld/wDslNuvVdnTLxNbkjMsb/5IHNU7BZgJSB3QSl1WTJkDdA0A80Dn5IH4rAAHQrEndZAXBSIssoCTJ0CRLWi7iABuSbBSuF4BimKuY5jHU9GSM1VM0jM3+BGbE+e3iuijT2Xy6a1k8Lb4UrqmzxwjC5sYrGUzA4U7Mr62UfUiv7gP7Tth6nkupxxxxRxxRtDY42tYxrdmtaLABa2H4dRYXTMpaRmVg7z3ON5JXnQvkdzJ/wBaLbV00Wkjpa+lcvkq2q1MtRPqfHgCEIXccgIQhANJNCASaEIBLXrKOkr6eWmqYw+KS1xs5rhq1zHDUOG4K2UIDmOLYBiOFOkeGOqKK5LaiJnuN6TNb7pHXbxF8rYkFpGhGq7IomtwLAqlssstBBxLFxfEHQuJ6uMJbf1UHqdnrtfVW+l/YlaNznWumayvucxRvqvXHI46CobHStDGEyCzvzm1rayXKMDhirnkVTQ8Z2ts0mPT/pWUf+y25x1I7f3SGM9LPMW129Vg57G2zOA15rodF2Z7Nvja99CHuNr556lwP2XSW+SloMLwikLfZqCjiI2dHBGHf1Wv817w2Lv/ADn9jyluz/tj9zmNNR4jV/7rQ1cwJADmROEev8R1mfNTVL2Pxmcg1UtPSMO4B483wacn966Amu6raNNX3az8zjs3G+fDx8iCoOy+B0LmSmE1VQ2xEtYRJlPVkfuD4eqnE0KUhCMFiKwjglJyeZPIkJoW5qJCaEAIQhAf/9k=",
                "guitar"
            ],
            "reviews": null,
            "createdDateTime": "2023-09-21T10:41:07.983",
            "zoneId": "ALPHA"
        },
        {
            "productId": 235,
            "name": "guiter",
            "title": "amazon guiter prime",
            "description": "Pattern Name: Acoustic Guitar Kit\nBrand\tJUAREZ\nColour\tBlack\nTop Material Type\tWood,Linden,Ebony\nBody Material\tWood\nBack Material Type\tWood, Basswood",
            "rating": 0.0,
            "price": 5749.0,
            "offer": 10.0,
            "type": "electronic-accessories",
            "brand": "jyoti brand",
            "category": "electronics",
            "merchantId": 1034,
            "quantity": 20,
            "status": "ACTIVE",
            "thumbnailURL": "data:image/jpeg;base64,/9j/4AAQSkZJRgABAQAAAQABAAD/2wCEAAoHCBQVFBcUFRUYFxcXGhoXGBoaGhkaFxkZFxcYGRcXGRkcICwkGh0qHhcXJDYkKS0vMzMzGiM4PjgwPSwyMy8BCwsLDw4PHRISHjQpICk6NDIyMjIyMjIyMzIvOjIyLzIyMjI9MzIyMjIyMj0yMjIvMi8yMjIyMjIyMjIvOjIyM//AABEIAYUAgQMBIgACEQEDEQH/xAAcAAEAAgIDAQAAAAAAAAAAAAAABQcEBgIDCAH/xABHEAACAQIEAgUHCQYEBQUAAAABAgMAEQQSITEFQQYTIlFhByMycYGRoRQzQkNScnOx8CSCsrPB0VNiY6KSk6O08RU1VHTS/8QAGgEBAAMBAQEAAAAAAAAAAAAAAAECAwQFBv/EACwRAQACAgEDAwIEBwAAAAAAAAABAgMRBBIhMQUTQWGRIjIzURQVcYGhscH/2gAMAwEAAhEDEQA/ALmpSlApSlApSlAr5StexmEmR2kTInazMwN+sUsLqylbluQJYgX0sNKiZ1G0xG507cdjWLEKSFFxpuSOd+6ulZWGoZh7f1etfgnxL4l1ICRKwCBrduNUUyyX9IteRQNh2SNdbTorgvNt7mfL0aVprpiPCZ4fic667jQ+PcazKiuEDVvUPzP9jUrXZitNqxMuHLWK3mIfaUpWjMpSlApSlApSlApSlApSlBD9J2lGFl6kMZMtlCAl7EgMVtrmyliLa1qPA+Izpg3bEZ8ilnVnzdZlQdpMrC9gRcG+5ItpWd5ROLTwCBYWdM5csygm5XIES9uZcm3PL665Y7i3Yi69GEsgEfVWBZnHpta9gn0rtaykXttWOafw6j5b4I/FuXDhXEGmUOYygIUjXMO0LhSSBZwCpItpmGt72lOqkYgRgX5s18qjvsNWPcKwsKV6sPGvZft7EelYZiCLggAaHuqa4Q+pHePXt/5rlpETfWuzqyTNab33ZeAwgjW2YsxN2Y7k+oaAdwrMpSu+I08+Z33l9pSlSgpSlApSlApSlApSlApSsTiWMSGJ5X9GNSxtubDYeJ29tBqEvTBxxA4cqpgVuqaylnDBb59P89ha2wvXLicME0mV2UyLmIUMvWKJQyk2N7XXNy+jcbV3cG4rBikknECRYgebb0WcqwBuGABK6kXI3BrHg4cEleXMTnZnZWFxmKIqkHllysR981yZpjet/V14azqZiPok1UWty29gtzrt4dJYqfHXe2unPesNsSAwQC5zFPDNkDi57rEeO/IEjtjc5joR37XH+7+lYRuJiXROrRMNopXCFrqD3gH4Vzr0oeZL7SlKBSlKBSlKBSlKBSlKBUD0r4hhooCmKVnjluhRRdiN2bQggDQ3BuDa2tqnqgOkvRqLGhM7SI0ebK0ZANmy5lIYEEHKOV9KEIiXgkUOHyYS6s8bFJGYs93F1Jbcctu4d1dXDcN1MZVt+QLE3CpmJ1J7VlYk3JOUkmnFMPJHljw2YRR5y9mu5CarEmYGys2YaWtoBau44POqZmOZQRcWGrKFYkbXsTt36Vw5Ld5/afv2d+KvaP3j/rNjyk5gB67D86yBXVEoAAGwArJgwhc7lVGhI9I/5VPLxPu8KUrNp1C97xWNyksCewPb8Caya64o1RQqiwGgArsr0KxqNPOmdzMvtKUqUFKUoFKUoFKUoFKUoFKUoNe4pA0Yd/SXVj3qNzf/AC+P/moFuLxC46yPTN9Nd1GvPcVuPFnCwSsQCBG5IN7Gyk2NtbVST8ThzMDgcN6cwvaXUqvaY+c3Yb1y5MEb3DrxciYjUwsHCcZjIUZ0zGwtnW+aw0tffWt1iQKoA5fo1S2FxWH6xLYLDg9YdR1twQFOb09/7VdtXw4+jamfJ16faUpW7nKUpQKUpQKUpQKUpQKUpQKUpQRnSN8uExLd0Ep90bVQkw7T/iYj+Cr06XNbAYw6aYac6gEaRPuDoR4GqYnxjZ3GWL5ycfMwk6Lfcpqe88+d6pZpR9ia0gN9pHP/AEx/ar/qhFxLXOkfpN9TD/hfc38avupqZPh9pSlWZlKUoFKUoFKUoFKUoFKUoFKUoIXpchbAYxVFycPOABuSYnAAqm5+GzZ3PVtbrJzfTUOtlO/M1cPTb/27G/8A15v5TVS2Hw6SYgo7rGry4kNIwuqAqbsRp+fOqWXoz3wUlj5s7nmP8O3f31eoNefcQgBYCzDOADbQjIQCL8jv7a9ApsPUKUTk+HOlKVdmUpSgUpSgUpSgUpSgUpSgUpSgg+mIU4DFhr2MEgNrXsUN7X0vVKu8GduzL6c/1ke+Xt/V7d3xvV2dLlJwWJUAkmJwANSbrawFUi+Alzt5qX0pz82/0l0O3M7d/KqWXoyjLDb0Jd0+sT7Gn1fdV8Yf0F+6PyqgPkMpX5qXeP6t/sa8qv3BfNp9xf4RSq2T4ZFKUq7IpSlApSlApSlApSlApSlApSlBCdMGtgsR+GR7yBVHwgPMqPJ1Ss84aRrlUGU9oi4uB7PZV3dMWAwc1xcWUEXte7qN7G1Ui88Nx5lvr/rjyU5vq+fw8apby0p4fWbKWUNmAZAGF7MAp7QB5Hf21f3CmvBEe+ND/tFUGmIhsPMt9X9afsafQ5fGr44Eb4WA98UZ/wBi0qm/iEhSlKuyKUpQKUpQKUpQKUpQKUpQKUpQQPTNb4OUXAvk1N7fOJvaqSfBrcHr4frucv0lP+ny5/1q6+mwPyKWwubxfzo6pTBwsssbyYeSRFMxeMq6hwUPYLAaX+Nqpby0p4fEwi6efi+r/wAbkv4Xuq+Ojp/ZMPrfzMWvI+bXWqFfDOWJWF0UlSFyucototyLnLtfwq9uit/kWFuLHqIrg7g9WuhpUyeExSlKuzKUpQKUpQKUpQKUpQKUpQKUpQa903YjBuQSO3CNN9Z4xVGpi5Oz5x/Ql+m3JWtz5VePTmQrg3It85ANQCNcRENiCOdUrw3GSSPCheFBJ1oMjwwBE0azt5vYc9r86pby1p4dC4iTTzjfR+k32fXV8dDWvgMKf9CP+AVRk2OkRmUPE4VsoZYYcjgA9tfN+ibXHgavDoW5bAYZjuYkvoBrbuGg9lRXyX8J6lKVoyKUpQKUpQKUpQKUpQKUpQKUpQa307cDBsSoPncMLG9tcVEL6EG4vf2VSGHxi5I/2eAdiU2Cy8lfa8mx5/C1Xb0+kC4MkqGHW4YWJIGuJisdNdDY+yqUgxEeWP8AZ4x5uU/OTadl7j5zn8OVUs0oLjB/gxbLyk+z+JV5dCWvgMObAdjYbCzEWHhVHDEx2+Yj2H05u4afOVdvQNw2AgIAAs+guQLSOLC5J99RXynJ4hsdKUrRkUpSgUpSgUpSgUpSgUqC6SdIY8JGXLIXzKoQuFvc3a5JslkDG7WGnjUpgZmeNHdMjMoYpmDZSRfLmGht3igyaUpQat0/cDB6qGvNhxYkgXOIjANwRsdd+WtVHjYRA4ikghLJG98kk7ILxs1g3WC9wdb6g3q2vKE4GEF1Defw4sb21nSx7JBuN/71TWFxqZI7QQDzUhsBNYaSaDzux5+3aqWXoyeHwid2SOGEFYzIc8syjKgUkX6zfXQeGul6uDyeuDw6AgBR5zQXsPPSadok+81S/wArWx8xD9E6iXuX/Uq5vJy+bh0JsB2ptFvYWxEo0uSfjUV8rZPDaaUpWjIpSlApSlApSlB8qqfK/wBNXw9sFh3KSOuaV1NmRD6KKRszakncC3fVrV5O6W8QOIxuJmJvnlfL9xTljHsVVHsomEfDiGRswJDb35331vvr316h6D8XOKwMMzekVs3rXS/5V5Wr0P5FZ83DgvNJHHvtb8qJmFh0pSirVPKGWGFXKLnr4NMobTrVubEHYXN+Vr1UOHxE+RLxi5ikv+zRDW0lhbqtOWnP21bvlELfJUCtlJnh1zBNM9yMxI3AItz251VXC0lUwtLKsiBGMijFx9tQZNmEnxG1txVLNKOlJZ9bR922Hj8P9Ord8nJY8PjzizZprjKE+vkt2QABpblVUYmORncpKiITdFOJjbKpIsM2fWwNr86tbycqRgUDMGIeXUMHHzrH0gSDvUU8rZPytrpSlaMSlKUClKUClKUGPjGyxu3crH3Ka8e17FnTMjL9pSPeLV5DxsBjYKdDlU+9Rf43omGNVu+QzjIR5cK5t1lpEvzK6MBVR2qZ4FxQRMFYlRmDpIgvJC4Fs6jTMhAAZLi4AO6ioWmHq+lVJwryuIoCYlQ5AHnISSrC29mAIPeCFIrI4p5ZcKqnqIZHe3ZzFVQHkSQSfZUq6S/lK4lCFgwrSESvKkoVRmIRM3aa5AALWG/fYGxqtcBgo5DFHHJKzPG6IvUxgtmMo/xrA3J528RyiuE8WxGMx5nlHWyPqRlYqqgi2VVPZVb6evW962GCOZQhGDClY2ItFOCrXlIA7enI9+ulZ28tKR2Ys+FiRnR3lVk7DDqkupUgEfO73FWt5NcvyEBSSBJJYsAp1a+oDG2/fVaiOU3PyW5Op81KSTcXvdtTe9WX5OVYYVgydWRK/Zystrqh2bUb3pTytk/K26lKVowdM0yopdiFVRck6AAbkmtbwPTvASuUSY2DBM5RxDmPor1tsgJ5XOvKofyzcS6rh5jBs0zqn7oN2+FUPw/FSx5mjYgZSrrYlHQ2DLIuxXtAa8yLa2ol66pVceR3pM2KwzYeRi0mHygMfSaJr5LnmVIK+oL31Y9EFKUoPleYvKFgOqxTr9mSWP2CRpU/6c0Xur07VL+Wjg3nDMo9NFl2+lGRFLr3lZMMfVCe6hCokrk0dcY96z4o71na3S7cOP3I0jSprMwvD5ZFd0RmWNc8jAaItwLsfWfXv3Gsr5FeuOIMkcZRWZUksJFBIVspzJmGzWNyO65pTJW06M3Fvjr1T4ZfRSIfKBmYgZWIKgNcgjTcWracH1KPE4dnyRlsrwjK4BlJDDrNt9P0Na6GX+UG2T5tvTyW0ttn0v8AHfxrcMNcPF1nyYxhD1mT5Hmy3lvk0tt7N786W8uevhiYnqXd3zMubtZVhUKt2Bso6zQDkKszyYOhwsioxIWYg3UKdYom1UMbb99V7iG7b9WYBHrkzDDFgmbs5rKRe1vCuXAelL4LFuuaJhKsZZFMaRvZbKUZbIjjXewYEa3UBlPKcn5V6UrRn8p+BTsyiWJxujIQfjbTxrT+lXlaLoY8IpUHQvrmt4HTL7Ne4itGKK8s3H1nxCwIbrDe5GxY6X9+YewHnWjQcSkjjkijfKkoUSiw7YUllFyLgC/Ii+l9hWK8jOxdtSTr4+HgOVdR1PrqUt68jeNMXFI05SpLGfYvWD4xj316NrzR5KIi3FsPYbGVie4CJ/6kD216XqEFKUoFav08wKyYUuwuIT1jDW/VFWjxAFtz1MkpHiBW0V1yIGBUi4III5EHQig8jcRwbQzSRN6UbtGfEoxFx4G1/bXfgamen3DjDiFBB9EwsSblmw7mJWPi0SwOfxKgcE+tZZY3V3cK+rw2fAwBq6OkuFAhVu5h8Qaz+EV2dLFthD95Le+vKx5JjPEfV7nMiJ49v6Na6LYlY5+0Lho5BrmsCELBjlIOwI9tbIeJwELaOLWJyO3NsDLcayajQ+NRvD+H4Xr26uZpIlSQdYY7OT8nbMOrJ7IzXtfl371jrgIwIszG4w0p0XdyZrIO7djmOnZG19PYmImXzFbTEJV+LQgE9XFbID6Ux0zDukvaonGSYeYyyMyRdXFGY0CuWlcjZCzGw1F81++29cjhoQurMSMMpAyAZpS/aS/JB9rnY25V1S4fCCeNJHcQWQs6oFk0juwVdbXYBbm9r31tqiIJtMoNgvIt6rD+9cLC/P219a1zba+l97cr+NfCKuq5E18Ubnu/Pl8fyrnFlzKGJC3GYgXYLftEA7m167+K9SJXGHLmK/YMlusIAtdgNBc3Nu4igsvyE8LLTz4kjSNOrU97SEMbeIVB/wAdXhWp+TXgvyTh8KMLPIOuk780gBAPiFCL+7W2VCClKUClKUFF+WfCqsrsBqZI5P8AmwdWf+zWq1we9WZ5aZAZX+9h09qR4hz8Jk99VzwyO7VnknVZdfDjeSG48HTT9d1cemzZcMi/akX3KrH+1ZvC4rD9d1R3TaCR0DKhMUADSPoFUynKim+7Gw0FyAb7V4/Hjr5MfTu9rnX6ePP17NS4Z6bfhT/9vJXNNovwJvzxNdfDfTb8Kb+RLXYn1X4E354ivcl824uNF/AP8bVjz/R+4nwFv6VlMR2fwG/iesXE7R/c/KRx/Sg6r0r5XIbVIWqb6G8KGLx+HgIuryAuORjjBdx7VQj21Coda37yJRg8TufowyEeu8Y/JjUSPQtfaUogpSlAr4TX2tU8onFOpwbqDlefzKt9lWVmlk8MsSyNfvAoKN6e8V+UYguNnkkmH3WyxRafhQRt+/WDwWG5qMxM3WSM1rAnsj7KgZUX2KFHsrZOAw7Vycu/TR63puPdttnwQCrcmwAuT3AC5Puqv+I455XkfMwV3zZLkKcoIS67GwPxNbb0hxHV4VrGxcqnjbdvgtvbWjKax9Ox9pvPz2PVMu7RSPju2fBRYEu5iMmQRSDzmTrS3ydsxtsqk5tr7VzXDYcCO5Y2w0u3V26wmbQf6Yu9zvt41ruBPbP4U38iWvqfVfgTfnia9GYeVtPmKDs6tf5K/wDh6y3lNvw99fS29mDI2EEkHWiRogoMgTIJGIeUsqWNgmawuTe1zodBGRj5r8CX8p6xsQOzF9w/zZKG3XIRckCwubC97C+gvz9dfRt7a4E1kYOLOypmVc7BcznKi5iBmdvoqL3J5C9SO/BNAI5etEhkIUQ5MuQNc5jJfW1gLAd520rZPJRjhDxSG+gkzwn1upy+91Qe2tW4hhRFIyK4kUEhXUEK4BK5lvuLg6i40rhFOUdZFOUghgRurKR2h3EGxFQPYFKg+iHHFxuEjnFsxGWQD6Mi6OPVfUeBFTlEFKUoPlUj5XOOZ5ZFB0iHyWPb03CS4px6k6mP99qt3jvElw2HlnYX6tCwXmzbIg8WYqvtrzP0rnZpuqZsxiushvo0zsZMS3/MZ1v3KtExG5RWEjuRW7cGgsBWscKhua3jhsOgryOdk+H0XBx9NNo3pPgJZUAjQsIkeWQggBY10LG5F+WmpPKtKU6H41uXTdWVYmBKhs8bWJFwcrZWtuCQDY6aVph513cH9CNfV5HP/Xn+yWwvCJ43brI2j8zMwD9kkPh5Muh199cTgJF6q6E2gmBsQdScRbb1isjg/HJQZEZmbNFMMzMS+VYH7Nze47Cgd1qkE42hyZk3w8iqCosuUzjNofTsp1N9yd9a6ZcjXRGy9XdSPMS7gj/5FYuI9CL8M/zZa3JMdA4Wxt+zyBRm3cGa7NmHo+loNtNTzwMXDhHkgEsjJEVJkkVQWBBclVVb3BaygnvubbUGq3rmjaVO4Dg8xGeLII2jUSSyEdSokOoZ3UCNtALLdgQbG1RuLRQ75CtiQeyewTfUIPsamwaxsBfXSpQYdusAidlAB7DMbZSSBYMdAlySR6zXRNh2RmjbcHlqL8iD3EH4iujN6qzpMbJMkEAVLRllTKoVmaRhcuw9JtFFzyUUS3zyM9IzDijhHPm8QLL4Sr6J/eXs+sLV+V5J4hhJsJOUfsSxlW7JBysLOLEaXBsfCvT3RTjIxmEhxIteRBmA5ONHX2MDUEpmlKUQ0TylcTEaxJfSMPjHF7Bhh8ogQ+DYiSH/AITXnhbs1zqSbknck7k1a3lWxpY4mx9KaDCD7kETYmQDuvJNF/wCqzwUVzVbzqsy34+PryRCe4Th9BW4YFNBUFw6OwFbHhF0H65V87yb9Uy+opXprpj9IOF9fC0Y9MHMl9sw5H1gkVXJ4VNklk6purgKrKTYZS5CopBNySe6/ftVuEfr2Vi8Q4RDOD1iXJtcglWNr5bkb2ubX2vWvD53sx0Xjcf6edzOF7s9VZ7tC4L0dlfLICLSQzOBuQhjliDsRoozaa2103rJi6KTHqhcXMEp1BHZYy5XN9lPWLbvuO+trOAhiMcZaVUEHVp1fabzsuJzBuZHo25Dc6LXAHCpl8wXyOcLmkdyBcyhnUgAaWOZtgQ3ca9ul+usWjxLxb16bTWfMNYwvRCd+oyspLwS25DKTJZ7/Z84vjvppWBjejpWKNzIoXI7pcWLLmDDNYnISG57Wrc0+S2WQQzNdjEEYhQOtzuzIACWKh2FiR825J3qM4hOHRY0hiUdZZbKSzRgMCXO7KrO93G9joMpvbujUNNxaTxXw0uZchv1bgEqcrAb7DtNoNASedYkmfN2ybtrcnXuuSdvXVl8D4FBMrmeFWdJGjZizliUABu+c3N+YNu6ufFOgeGfWNnjbl2s6+0Nr8a4repYq5JpbcTH2dNeFktWLV1O2jQ4KQRO4ydQsjKM/Vku7qoZI2UNmfJl1XQXuN6hp0AdgNBmIF7iwudNdffU70g4BisOLv5xBosgGawyhQrXF1AVQANhyqEw0Oc2LBQAWJJUHKNWy5iAzWvZb3Owrtpet67rO4c16WpOrRqXUDcEfvf3/XhVxeQfjNxPg2O1poxfkbLIB4XyH2mqmlgUdpCzZRchlykjMwzgC4C2yXub3bna9Tnk44kcNxPDtfsu/Uv4iXsa+AYqfZVlXqGlKUQpHplwiSfAS4tBfqsdi5HA36sydVn/AHeqS/hc8qr7ho1q9egXEopI58LmBlixGJ6yM2uVeeRgwB9Je1Y+OhrUOl/QAwO2Iwi5ojdniGrR95QfSTw3XxG2WWJmk6dnCvFckbQ+BGgqfwh2rW8G+gqcwb7esV87mrO5fTzHZLH+35VzQ10odv1zrmrfr21ySy0j8dG8jCykoseW6OFfMvWkHUiynrSCBckDcVhNw6RiGaPNmSRpQXjKtITOYnVSSFKmUGy2AJbQ31m0t8K7VItXfT1LJSkViI7dnDf0/He02mZ7oJ8FI1s8bsCHeQCVQokPX2MYzDLrINOdze4sK4jgxkESlCjKJc8itGCc/wA3my6va1iPsnfXTYFt8a7FtUz6pln4hWPTscfMsLgvDxAhTNmuc17WHdYC57q4Y7pBDG4R84BuQ+RihsbGxGrC9xdQazcO9rHe3x12qvekUcschSRmfKAsRY3BiLER2vsNSCORBFOLhpybzbJPf7HKvbBWIrHZvy4iOROwyuuxsQwseRFaNxngAhd5Ic3VuCksamxykhrpfcBgrBTzUVsnRzhMBklEUkpi6tHSRsvWmRcySzRgaNDdVDISbHkAAw6+Lo8bGKUAPbMrL6EiHQOhPLvG4OldPsZeJbqpO6/KmPJi5cdF41b4aA37SpUOsa4aAhBI+TOFclgim93dnvlB9ptUPHIUdXG6sGHrUg1P8YC5icov32F61yY616mLL7kb04ORxfZ7TO3rL/1daVA/I37qVq41QdPIpcDxaZ4maJi4njddDaQZmI7xmzqQdDY3qyeg3T6PGhYZbR4m22yS2Gpj7m5lPdfl2+Vroo2Lw4xEQvPhwTYC7PHuyC27AjMB6xzqgI3IIIJFtQRobjUHwNRK9NL96T9ERITLhwFfVmTZXPMjkrfA+G9ajh3KnKwKlTYg6EEHUEcjWZ0I8o4IWDGvrskx59wl/wD37++tw6RcAXEDrI7LKBofouOQYj4Ny8RXn8njReN18vZ4nMmmq38fEtVSbb9c670k/XsqEld0Yq6lXU2Kncbe8eI0oMfrXkWwTD2O0+Ewsutclm/XtqD+XU+X61n7UrdENgWbf9cq5JPUCMcNdaDHeNVnFKYxwmop9B+udcMX1ci5ZFVrbZgGtcDNpcXBsLi42BBUhWECvELc/wBXrjJxHxrbHXJS0Wr5Vvgpes1tHZsuAyKyxJmERYGNFfzmHlt85g5G9MHdoHs5sbBwbNJcfw8cuHEM7qkub9nlUEK0h3yp6Ud/rIz6OrDRSRWmP4jdWW+hFiO8XB19orCbpRiFMd5DIImzIJO3sQQpY9pl0HZJsLaWr3sOab1/HHd8/wAngzht1Ut2/wAoviGJzG9dXAcAcRi4IAL9ZIiH7pYZj6gtz7Kx+IYx5ZHkc3Z2LMe8nc1Z/kQ6NFpGx8g7CAxw3G7sLOw8ApK372PdW9KRWNQ5ORmm8913ZR3V8rnSruUqovKR5NDIzYvBIM5u0sI0zncvH/m7158tdDbtKDx46lWKsCrKSGBFiCDYgg7G/Kt36F9PpMJlilvLh9gN3j8Uvuv+T3W53N0m6FYPHC80dpLWEqdmQd1zazDwYGqq455HcXHdsNImIXkptHJ4DU5T68w9VRqF4yTHZvnEcFhuIQrIjhgR5uVNSp5g94vuh+Bqp+PQz4OXq5V31Rx6EgB3U/mNx7q48Mk4nwtyxglRL+cR0fqnA55gLA9zA+8aVv2H4/w/iUBjkKrfeORgro32o2O5HJl9o1tWdsVbeXTj5mSkaieyrjxY18HFTWd0i6GzwMWivPET2WTtMo7nUbHxGh8Nq1p8O43Rx61I/pVP4en7N/5lkTQ4uaDipqAN6ZjUfw1Fo9TyJ3/1Lxrqk4gTUPnrLwmAnl+aikk5dhGf+EGpjj1hE+pZJfZsWTWK0hNbVw3ydcTntlwzop+lKRGB4lWOb3A1YXRnyORRkPjZOtI16qO6x3/zObMw8AF251rWkQ4snIvfzKv+gvQebiEgNjHh1PbltvbdI7+k/jsu55A+kOH4KOGNIo1CoihVUbAD8z4867MNh0jRUjRURRZVUBVUDYADQCu+rsClKUClKUClKUCsWXCRP6caN95VP5ilKCNm6KcPY3bBYYk7nqY7++1YmJ6F8OynLg8OGINiYlIBsSCRpceFxSlBHdHOhGEVG62DDzEsGBMCKReNMy7ns5sxA5Bra2vU9H0U4euowWGB7+piv78tKUGdDw+FPQhjX7qKv5CsylKBSlKBSlKBSlKD/9k=",
            "productImageURLs": [
                "data:image/jpeg;base64,/9j/4AAQSkZJRgABAQAAAQABAAD/2wCEAAoHCBQVFBcUFRUYFxcXGhoXGBoaGhkaFxkZFxcYGRcXGRkcICwkGh0qHhcXJDYkKS0vMzMzGiM4PjgwPSwyMy8BCwsLDw4PHRISHjQpICk6NDIyMjIyMjIyMzIvOjIyLzIyMjI9MzIyMjIyMj0yMjIvMi8yMjIyMjIyMjIvOjIyM//AABEIAYUAgQMBIgACEQEDEQH/xAAcAAEAAgIDAQAAAAAAAAAAAAAABQcEBgIDCAH/xABHEAACAQIEAgUHCQYEBQUAAAABAgMAEQQSITEFQQYTIlFhByMycYGRoRQzQkNScnOx8CSCsrPB0VNiY6KSk6O08RU1VHTS/8QAGgEBAAMBAQEAAAAAAAAAAAAAAAECAwQFBv/EACwRAQACAgEDAwIEBwAAAAAAAAABAgMRBBIhMQUTQWGRIjIzURQVcYGhscH/2gAMAwEAAhEDEQA/ALmpSlApSlApSlAr5StexmEmR2kTInazMwN+sUsLqylbluQJYgX0sNKiZ1G0xG507cdjWLEKSFFxpuSOd+6ulZWGoZh7f1etfgnxL4l1ICRKwCBrduNUUyyX9IteRQNh2SNdbTorgvNt7mfL0aVprpiPCZ4fic667jQ+PcazKiuEDVvUPzP9jUrXZitNqxMuHLWK3mIfaUpWjMpSlApSlApSlApSlApSlBD9J2lGFl6kMZMtlCAl7EgMVtrmyliLa1qPA+Izpg3bEZ8ilnVnzdZlQdpMrC9gRcG+5ItpWd5ROLTwCBYWdM5csygm5XIES9uZcm3PL665Y7i3Yi69GEsgEfVWBZnHpta9gn0rtaykXttWOafw6j5b4I/FuXDhXEGmUOYygIUjXMO0LhSSBZwCpItpmGt72lOqkYgRgX5s18qjvsNWPcKwsKV6sPGvZft7EelYZiCLggAaHuqa4Q+pHePXt/5rlpETfWuzqyTNab33ZeAwgjW2YsxN2Y7k+oaAdwrMpSu+I08+Z33l9pSlSgpSlApSlApSlApSlApSsTiWMSGJ5X9GNSxtubDYeJ29tBqEvTBxxA4cqpgVuqaylnDBb59P89ha2wvXLicME0mV2UyLmIUMvWKJQyk2N7XXNy+jcbV3cG4rBikknECRYgebb0WcqwBuGABK6kXI3BrHg4cEleXMTnZnZWFxmKIqkHllysR981yZpjet/V14azqZiPok1UWty29gtzrt4dJYqfHXe2unPesNsSAwQC5zFPDNkDi57rEeO/IEjtjc5joR37XH+7+lYRuJiXROrRMNopXCFrqD3gH4Vzr0oeZL7SlKBSlKBSlKBSlKBSlKBUD0r4hhooCmKVnjluhRRdiN2bQggDQ3BuDa2tqnqgOkvRqLGhM7SI0ebK0ZANmy5lIYEEHKOV9KEIiXgkUOHyYS6s8bFJGYs93F1Jbcctu4d1dXDcN1MZVt+QLE3CpmJ1J7VlYk3JOUkmnFMPJHljw2YRR5y9mu5CarEmYGys2YaWtoBau44POqZmOZQRcWGrKFYkbXsTt36Vw5Ld5/afv2d+KvaP3j/rNjyk5gB67D86yBXVEoAAGwArJgwhc7lVGhI9I/5VPLxPu8KUrNp1C97xWNyksCewPb8Caya64o1RQqiwGgArsr0KxqNPOmdzMvtKUqUFKUoFKUoFKUoFKUoFKUoNe4pA0Yd/SXVj3qNzf/AC+P/moFuLxC46yPTN9Nd1GvPcVuPFnCwSsQCBG5IN7Gyk2NtbVST8ThzMDgcN6cwvaXUqvaY+c3Yb1y5MEb3DrxciYjUwsHCcZjIUZ0zGwtnW+aw0tffWt1iQKoA5fo1S2FxWH6xLYLDg9YdR1twQFOb09/7VdtXw4+jamfJ16faUpW7nKUpQKUpQKUpQKUpQKUpQKUpQRnSN8uExLd0Ep90bVQkw7T/iYj+Cr06XNbAYw6aYac6gEaRPuDoR4GqYnxjZ3GWL5ycfMwk6Lfcpqe88+d6pZpR9ia0gN9pHP/AEx/ar/qhFxLXOkfpN9TD/hfc38avupqZPh9pSlWZlKUoFKUoFKUoFKUoFKUoFKUoIXpchbAYxVFycPOABuSYnAAqm5+GzZ3PVtbrJzfTUOtlO/M1cPTb/27G/8A15v5TVS2Hw6SYgo7rGry4kNIwuqAqbsRp+fOqWXoz3wUlj5s7nmP8O3f31eoNefcQgBYCzDOADbQjIQCL8jv7a9ApsPUKUTk+HOlKVdmUpSgUpSgUpSgUpSgUpSgUpSgg+mIU4DFhr2MEgNrXsUN7X0vVKu8GduzL6c/1ke+Xt/V7d3xvV2dLlJwWJUAkmJwANSbrawFUi+Alzt5qX0pz82/0l0O3M7d/KqWXoyjLDb0Jd0+sT7Gn1fdV8Yf0F+6PyqgPkMpX5qXeP6t/sa8qv3BfNp9xf4RSq2T4ZFKUq7IpSlApSlApSlApSlApSlApSlBCdMGtgsR+GR7yBVHwgPMqPJ1Ss84aRrlUGU9oi4uB7PZV3dMWAwc1xcWUEXte7qN7G1Ui88Nx5lvr/rjyU5vq+fw8apby0p4fWbKWUNmAZAGF7MAp7QB5Hf21f3CmvBEe+ND/tFUGmIhsPMt9X9afsafQ5fGr44Eb4WA98UZ/wBi0qm/iEhSlKuyKUpQKUpQKUpQKUpQKUpQKUpQQPTNb4OUXAvk1N7fOJvaqSfBrcHr4frucv0lP+ny5/1q6+mwPyKWwubxfzo6pTBwsssbyYeSRFMxeMq6hwUPYLAaX+Nqpby0p4fEwi6efi+r/wAbkv4Xuq+Ojp/ZMPrfzMWvI+bXWqFfDOWJWF0UlSFyucototyLnLtfwq9uit/kWFuLHqIrg7g9WuhpUyeExSlKuzKUpQKUpQKUpQKUpQKUpQKUpQa903YjBuQSO3CNN9Z4xVGpi5Oz5x/Ql+m3JWtz5VePTmQrg3It85ANQCNcRENiCOdUrw3GSSPCheFBJ1oMjwwBE0azt5vYc9r86pby1p4dC4iTTzjfR+k32fXV8dDWvgMKf9CP+AVRk2OkRmUPE4VsoZYYcjgA9tfN+ibXHgavDoW5bAYZjuYkvoBrbuGg9lRXyX8J6lKVoyKUpQKUpQKUpQKUpQKUpQKUpQa307cDBsSoPncMLG9tcVEL6EG4vf2VSGHxi5I/2eAdiU2Cy8lfa8mx5/C1Xb0+kC4MkqGHW4YWJIGuJisdNdDY+yqUgxEeWP8AZ4x5uU/OTadl7j5zn8OVUs0oLjB/gxbLyk+z+JV5dCWvgMObAdjYbCzEWHhVHDEx2+Yj2H05u4afOVdvQNw2AgIAAs+guQLSOLC5J99RXynJ4hsdKUrRkUpSgUpSgUpSgUpSgUqC6SdIY8JGXLIXzKoQuFvc3a5JslkDG7WGnjUpgZmeNHdMjMoYpmDZSRfLmGht3igyaUpQat0/cDB6qGvNhxYkgXOIjANwRsdd+WtVHjYRA4ikghLJG98kk7ILxs1g3WC9wdb6g3q2vKE4GEF1Defw4sb21nSx7JBuN/71TWFxqZI7QQDzUhsBNYaSaDzux5+3aqWXoyeHwid2SOGEFYzIc8syjKgUkX6zfXQeGul6uDyeuDw6AgBR5zQXsPPSadok+81S/wArWx8xD9E6iXuX/Uq5vJy+bh0JsB2ptFvYWxEo0uSfjUV8rZPDaaUpWjIpSlApSlApSlB8qqfK/wBNXw9sFh3KSOuaV1NmRD6KKRszakncC3fVrV5O6W8QOIxuJmJvnlfL9xTljHsVVHsomEfDiGRswJDb35331vvr316h6D8XOKwMMzekVs3rXS/5V5Wr0P5FZ83DgvNJHHvtb8qJmFh0pSirVPKGWGFXKLnr4NMobTrVubEHYXN+Vr1UOHxE+RLxi5ikv+zRDW0lhbqtOWnP21bvlELfJUCtlJnh1zBNM9yMxI3AItz251VXC0lUwtLKsiBGMijFx9tQZNmEnxG1txVLNKOlJZ9bR922Hj8P9Ord8nJY8PjzizZprjKE+vkt2QABpblVUYmORncpKiITdFOJjbKpIsM2fWwNr86tbycqRgUDMGIeXUMHHzrH0gSDvUU8rZPytrpSlaMSlKUClKUClKUGPjGyxu3crH3Ka8e17FnTMjL9pSPeLV5DxsBjYKdDlU+9Rf43omGNVu+QzjIR5cK5t1lpEvzK6MBVR2qZ4FxQRMFYlRmDpIgvJC4Fs6jTMhAAZLi4AO6ioWmHq+lVJwryuIoCYlQ5AHnISSrC29mAIPeCFIrI4p5ZcKqnqIZHe3ZzFVQHkSQSfZUq6S/lK4lCFgwrSESvKkoVRmIRM3aa5AALWG/fYGxqtcBgo5DFHHJKzPG6IvUxgtmMo/xrA3J528RyiuE8WxGMx5nlHWyPqRlYqqgi2VVPZVb6evW962GCOZQhGDClY2ItFOCrXlIA7enI9+ulZ28tKR2Ys+FiRnR3lVk7DDqkupUgEfO73FWt5NcvyEBSSBJJYsAp1a+oDG2/fVaiOU3PyW5Op81KSTcXvdtTe9WX5OVYYVgydWRK/Zystrqh2bUb3pTytk/K26lKVowdM0yopdiFVRck6AAbkmtbwPTvASuUSY2DBM5RxDmPor1tsgJ5XOvKofyzcS6rh5jBs0zqn7oN2+FUPw/FSx5mjYgZSrrYlHQ2DLIuxXtAa8yLa2ol66pVceR3pM2KwzYeRi0mHygMfSaJr5LnmVIK+oL31Y9EFKUoPleYvKFgOqxTr9mSWP2CRpU/6c0Xur07VL+Wjg3nDMo9NFl2+lGRFLr3lZMMfVCe6hCokrk0dcY96z4o71na3S7cOP3I0jSprMwvD5ZFd0RmWNc8jAaItwLsfWfXv3Gsr5FeuOIMkcZRWZUksJFBIVspzJmGzWNyO65pTJW06M3Fvjr1T4ZfRSIfKBmYgZWIKgNcgjTcWracH1KPE4dnyRlsrwjK4BlJDDrNt9P0Na6GX+UG2T5tvTyW0ttn0v8AHfxrcMNcPF1nyYxhD1mT5Hmy3lvk0tt7N786W8uevhiYnqXd3zMubtZVhUKt2Bso6zQDkKszyYOhwsioxIWYg3UKdYom1UMbb99V7iG7b9WYBHrkzDDFgmbs5rKRe1vCuXAelL4LFuuaJhKsZZFMaRvZbKUZbIjjXewYEa3UBlPKcn5V6UrRn8p+BTsyiWJxujIQfjbTxrT+lXlaLoY8IpUHQvrmt4HTL7Ne4itGKK8s3H1nxCwIbrDe5GxY6X9+YewHnWjQcSkjjkijfKkoUSiw7YUllFyLgC/Ii+l9hWK8jOxdtSTr4+HgOVdR1PrqUt68jeNMXFI05SpLGfYvWD4xj316NrzR5KIi3FsPYbGVie4CJ/6kD216XqEFKUoFav08wKyYUuwuIT1jDW/VFWjxAFtz1MkpHiBW0V1yIGBUi4III5EHQig8jcRwbQzSRN6UbtGfEoxFx4G1/bXfgamen3DjDiFBB9EwsSblmw7mJWPi0SwOfxKgcE+tZZY3V3cK+rw2fAwBq6OkuFAhVu5h8Qaz+EV2dLFthD95Le+vKx5JjPEfV7nMiJ49v6Na6LYlY5+0Lho5BrmsCELBjlIOwI9tbIeJwELaOLWJyO3NsDLcayajQ+NRvD+H4Xr26uZpIlSQdYY7OT8nbMOrJ7IzXtfl371jrgIwIszG4w0p0XdyZrIO7djmOnZG19PYmImXzFbTEJV+LQgE9XFbID6Ux0zDukvaonGSYeYyyMyRdXFGY0CuWlcjZCzGw1F81++29cjhoQurMSMMpAyAZpS/aS/JB9rnY25V1S4fCCeNJHcQWQs6oFk0juwVdbXYBbm9r31tqiIJtMoNgvIt6rD+9cLC/P219a1zba+l97cr+NfCKuq5E18Ubnu/Pl8fyrnFlzKGJC3GYgXYLftEA7m167+K9SJXGHLmK/YMlusIAtdgNBc3Nu4igsvyE8LLTz4kjSNOrU97SEMbeIVB/wAdXhWp+TXgvyTh8KMLPIOuk780gBAPiFCL+7W2VCClKUClKUFF+WfCqsrsBqZI5P8AmwdWf+zWq1we9WZ5aZAZX+9h09qR4hz8Jk99VzwyO7VnknVZdfDjeSG48HTT9d1cemzZcMi/akX3KrH+1ZvC4rD9d1R3TaCR0DKhMUADSPoFUynKim+7Gw0FyAb7V4/Hjr5MfTu9rnX6ePP17NS4Z6bfhT/9vJXNNovwJvzxNdfDfTb8Kb+RLXYn1X4E354ivcl824uNF/AP8bVjz/R+4nwFv6VlMR2fwG/iesXE7R/c/KRx/Sg6r0r5XIbVIWqb6G8KGLx+HgIuryAuORjjBdx7VQj21Coda37yJRg8TufowyEeu8Y/JjUSPQtfaUogpSlAr4TX2tU8onFOpwbqDlefzKt9lWVmlk8MsSyNfvAoKN6e8V+UYguNnkkmH3WyxRafhQRt+/WDwWG5qMxM3WSM1rAnsj7KgZUX2KFHsrZOAw7Vycu/TR63puPdttnwQCrcmwAuT3AC5Puqv+I455XkfMwV3zZLkKcoIS67GwPxNbb0hxHV4VrGxcqnjbdvgtvbWjKax9Ox9pvPz2PVMu7RSPju2fBRYEu5iMmQRSDzmTrS3ydsxtsqk5tr7VzXDYcCO5Y2w0u3V26wmbQf6Yu9zvt41ruBPbP4U38iWvqfVfgTfnia9GYeVtPmKDs6tf5K/wDh6y3lNvw99fS29mDI2EEkHWiRogoMgTIJGIeUsqWNgmawuTe1zodBGRj5r8CX8p6xsQOzF9w/zZKG3XIRckCwubC97C+gvz9dfRt7a4E1kYOLOypmVc7BcznKi5iBmdvoqL3J5C9SO/BNAI5etEhkIUQ5MuQNc5jJfW1gLAd520rZPJRjhDxSG+gkzwn1upy+91Qe2tW4hhRFIyK4kUEhXUEK4BK5lvuLg6i40rhFOUdZFOUghgRurKR2h3EGxFQPYFKg+iHHFxuEjnFsxGWQD6Mi6OPVfUeBFTlEFKUoPlUj5XOOZ5ZFB0iHyWPb03CS4px6k6mP99qt3jvElw2HlnYX6tCwXmzbIg8WYqvtrzP0rnZpuqZsxiushvo0zsZMS3/MZ1v3KtExG5RWEjuRW7cGgsBWscKhua3jhsOgryOdk+H0XBx9NNo3pPgJZUAjQsIkeWQggBY10LG5F+WmpPKtKU6H41uXTdWVYmBKhs8bWJFwcrZWtuCQDY6aVph513cH9CNfV5HP/Xn+yWwvCJ43brI2j8zMwD9kkPh5Muh199cTgJF6q6E2gmBsQdScRbb1isjg/HJQZEZmbNFMMzMS+VYH7Nze47Cgd1qkE42hyZk3w8iqCosuUzjNofTsp1N9yd9a6ZcjXRGy9XdSPMS7gj/5FYuI9CL8M/zZa3JMdA4Wxt+zyBRm3cGa7NmHo+loNtNTzwMXDhHkgEsjJEVJkkVQWBBclVVb3BaygnvubbUGq3rmjaVO4Dg8xGeLII2jUSSyEdSokOoZ3UCNtALLdgQbG1RuLRQ75CtiQeyewTfUIPsamwaxsBfXSpQYdusAidlAB7DMbZSSBYMdAlySR6zXRNh2RmjbcHlqL8iD3EH4iujN6qzpMbJMkEAVLRllTKoVmaRhcuw9JtFFzyUUS3zyM9IzDijhHPm8QLL4Sr6J/eXs+sLV+V5J4hhJsJOUfsSxlW7JBysLOLEaXBsfCvT3RTjIxmEhxIteRBmA5ONHX2MDUEpmlKUQ0TylcTEaxJfSMPjHF7Bhh8ogQ+DYiSH/AITXnhbs1zqSbknck7k1a3lWxpY4mx9KaDCD7kETYmQDuvJNF/wCqzwUVzVbzqsy34+PryRCe4Th9BW4YFNBUFw6OwFbHhF0H65V87yb9Uy+opXprpj9IOF9fC0Y9MHMl9sw5H1gkVXJ4VNklk6purgKrKTYZS5CopBNySe6/ftVuEfr2Vi8Q4RDOD1iXJtcglWNr5bkb2ubX2vWvD53sx0Xjcf6edzOF7s9VZ7tC4L0dlfLICLSQzOBuQhjliDsRoozaa2103rJi6KTHqhcXMEp1BHZYy5XN9lPWLbvuO+trOAhiMcZaVUEHVp1fabzsuJzBuZHo25Dc6LXAHCpl8wXyOcLmkdyBcyhnUgAaWOZtgQ3ca9ul+usWjxLxb16bTWfMNYwvRCd+oyspLwS25DKTJZ7/Z84vjvppWBjejpWKNzIoXI7pcWLLmDDNYnISG57Wrc0+S2WQQzNdjEEYhQOtzuzIACWKh2FiR825J3qM4hOHRY0hiUdZZbKSzRgMCXO7KrO93G9joMpvbujUNNxaTxXw0uZchv1bgEqcrAb7DtNoNASedYkmfN2ybtrcnXuuSdvXVl8D4FBMrmeFWdJGjZizliUABu+c3N+YNu6ufFOgeGfWNnjbl2s6+0Nr8a4repYq5JpbcTH2dNeFktWLV1O2jQ4KQRO4ydQsjKM/Vku7qoZI2UNmfJl1XQXuN6hp0AdgNBmIF7iwudNdffU70g4BisOLv5xBosgGawyhQrXF1AVQANhyqEw0Oc2LBQAWJJUHKNWy5iAzWvZb3Owrtpet67rO4c16WpOrRqXUDcEfvf3/XhVxeQfjNxPg2O1poxfkbLIB4XyH2mqmlgUdpCzZRchlykjMwzgC4C2yXub3bna9Tnk44kcNxPDtfsu/Uv4iXsa+AYqfZVlXqGlKUQpHplwiSfAS4tBfqsdi5HA36sydVn/AHeqS/hc8qr7ho1q9egXEopI58LmBlixGJ6yM2uVeeRgwB9Je1Y+OhrUOl/QAwO2Iwi5ojdniGrR95QfSTw3XxG2WWJmk6dnCvFckbQ+BGgqfwh2rW8G+gqcwb7esV87mrO5fTzHZLH+35VzQ10odv1zrmrfr21ySy0j8dG8jCykoseW6OFfMvWkHUiynrSCBckDcVhNw6RiGaPNmSRpQXjKtITOYnVSSFKmUGy2AJbQ31m0t8K7VItXfT1LJSkViI7dnDf0/He02mZ7oJ8FI1s8bsCHeQCVQokPX2MYzDLrINOdze4sK4jgxkESlCjKJc8itGCc/wA3my6va1iPsnfXTYFt8a7FtUz6pln4hWPTscfMsLgvDxAhTNmuc17WHdYC57q4Y7pBDG4R84BuQ+RihsbGxGrC9xdQazcO9rHe3x12qvekUcschSRmfKAsRY3BiLER2vsNSCORBFOLhpybzbJPf7HKvbBWIrHZvy4iOROwyuuxsQwseRFaNxngAhd5Ic3VuCksamxykhrpfcBgrBTzUVsnRzhMBklEUkpi6tHSRsvWmRcySzRgaNDdVDISbHkAAw6+Lo8bGKUAPbMrL6EiHQOhPLvG4OldPsZeJbqpO6/KmPJi5cdF41b4aA37SpUOsa4aAhBI+TOFclgim93dnvlB9ptUPHIUdXG6sGHrUg1P8YC5icov32F61yY616mLL7kb04ORxfZ7TO3rL/1daVA/I37qVq41QdPIpcDxaZ4maJi4njddDaQZmI7xmzqQdDY3qyeg3T6PGhYZbR4m22yS2Gpj7m5lPdfl2+Vroo2Lw4xEQvPhwTYC7PHuyC27AjMB6xzqgI3IIIJFtQRobjUHwNRK9NL96T9ERITLhwFfVmTZXPMjkrfA+G9ajh3KnKwKlTYg6EEHUEcjWZ0I8o4IWDGvrskx59wl/wD37++tw6RcAXEDrI7LKBofouOQYj4Ny8RXn8njReN18vZ4nMmmq38fEtVSbb9c670k/XsqEld0Yq6lXU2Kncbe8eI0oMfrXkWwTD2O0+Ewsutclm/XtqD+XU+X61n7UrdENgWbf9cq5JPUCMcNdaDHeNVnFKYxwmop9B+udcMX1ci5ZFVrbZgGtcDNpcXBsLi42BBUhWECvELc/wBXrjJxHxrbHXJS0Wr5Vvgpes1tHZsuAyKyxJmERYGNFfzmHlt85g5G9MHdoHs5sbBwbNJcfw8cuHEM7qkub9nlUEK0h3yp6Ud/rIz6OrDRSRWmP4jdWW+hFiO8XB19orCbpRiFMd5DIImzIJO3sQQpY9pl0HZJsLaWr3sOab1/HHd8/wAngzht1Ut2/wAoviGJzG9dXAcAcRi4IAL9ZIiH7pYZj6gtz7Kx+IYx5ZHkc3Z2LMe8nc1Z/kQ6NFpGx8g7CAxw3G7sLOw8ApK372PdW9KRWNQ5ORmm8913ZR3V8rnSruUqovKR5NDIzYvBIM5u0sI0zncvH/m7158tdDbtKDx46lWKsCrKSGBFiCDYgg7G/Kt36F9PpMJlilvLh9gN3j8Uvuv+T3W53N0m6FYPHC80dpLWEqdmQd1zazDwYGqq455HcXHdsNImIXkptHJ4DU5T68w9VRqF4yTHZvnEcFhuIQrIjhgR5uVNSp5g94vuh+Bqp+PQz4OXq5V31Rx6EgB3U/mNx7q48Mk4nwtyxglRL+cR0fqnA55gLA9zA+8aVv2H4/w/iUBjkKrfeORgro32o2O5HJl9o1tWdsVbeXTj5mSkaieyrjxY18HFTWd0i6GzwMWivPET2WTtMo7nUbHxGh8Nq1p8O43Rx61I/pVP4en7N/5lkTQ4uaDipqAN6ZjUfw1Fo9TyJ3/1Lxrqk4gTUPnrLwmAnl+aikk5dhGf+EGpjj1hE+pZJfZsWTWK0hNbVw3ydcTntlwzop+lKRGB4lWOb3A1YXRnyORRkPjZOtI16qO6x3/zObMw8AF251rWkQ4snIvfzKv+gvQebiEgNjHh1PbltvbdI7+k/jsu55A+kOH4KOGNIo1CoihVUbAD8z4867MNh0jRUjRURRZVUBVUDYADQCu+rsClKUClKUClKUCsWXCRP6caN95VP5ilKCNm6KcPY3bBYYk7nqY7++1YmJ6F8OynLg8OGINiYlIBsSCRpceFxSlBHdHOhGEVG62DDzEsGBMCKReNMy7ns5sxA5Bra2vU9H0U4euowWGB7+piv78tKUGdDw+FPQhjX7qKv5CsylKBSlKBSlKBSlKD/9k="
            ],
            "searchTags": [
                "guiter"
            ],
            "reviews": null,
            "createdDateTime": "2023-09-21T14:21:30.509",
            "zoneId": "ALPHA"
        },
        {
            "productId": 245,
            "name": "Fire-Boltt Phoenix Smart Watch ",
            "title": "Fire-Boltt Phoenix Smart Watch with Bluetooth Calling 1.3\",120+ Sports Modes, 240 * 240 PX High Res with SpO2, Heart Rate Monitoring & IP67 Rating (Black)",
            "description": "\nBrand\tFire-Boltt\nModel Name\tPhoenix\nStyle\tPhoenix 1.3\"\nColour\tBlack\nScreen Size\t1.3 Inches",
            "rating": 0.0,
            "price": 1299.0,
            "offer": 20.0,
            "type": "watch",
            "brand": "fire-bolt",
            "category": "electronics",
            "merchantId": 3092,
            "quantity": 1,
            "status": "ACTIVE",
            "thumbnailURL": "https://m.media-amazon.com/images/I/61y2VVWcGBL._SX679_.jpg",
            "productImageURLs": [
                "https://m.media-amazon.com/images/I/41umf4dD-aL._SS40_.jpg",
                "https://m.media-amazon.com/images/I/41sHRWXCfvL._SS40_.jpg"
            ],
            "searchTags": [
                "firebolt smart watch"
            ],
            "reviews": null,
            "createdDateTime": "2023-09-21T21:20:55.683",
            "zoneId": "ALPHA"
        },
        {
            "productId": 254,
            "name": "chairs",
            "title": "bajaj",
            "description": "professional wooden chairs",
            "rating": 0.0,
            "price": 600.0,
            "offer": 4.0,
            "type": "electronic-accessories",
            "brand": "nilkamals",
            "category": "electronics",
            "merchantId": 5148,
            "quantity": 1,
            "status": "ACTIVE",
            "thumbnailURL": "https://www.dreamstime.com/photos-images/wooden-chair.html",
            "productImageURLs": [
                "https://www.ikea.com/in/en/images/products/bergmund-chair-oak-effect-orrsta-light-grey__0926606_pe789389_s5.jpg?f=s"
            ],
            "searchTags": [
                "nilkamal"
            ],
            "reviews": null,
            "createdDateTime": null,
            "zoneId": "ALPHA"
        },
        {
            "productId": 262,
            "name": "Vivo Y-17",
            "title": "Vivo",
            "description": "Vivo Y17 (Mystic Purple/Mineral Blue,4GB RAM, 128GB Storage)",
            "rating": 0.0,
            "price": 20000.0,
            "offer": 1.0,
            "type": "mobile",
            "brand": "vivo",
            "category": "electronics",
            "merchantId": 5148,
            "quantity": 10,
            "status": "ACTIVE",
            "thumbnailURL": "https://www.amazon.in/Vivo-Mystic-Purple-128GB-Storage/dp/B07KWX97HT",
            "productImageURLs": [
                "data:image/jpeg;base64,/9j/4AAQSkZJRgABAQAAAQABAAD/2wCEAAoHCBIRDxEQDxIREQ8RERIPDxEPEBIRDw8RGBQZGRgUGBgcIS4lHB4rIRgYJjomKy8xNTU1GiU7QDs0Py40NT8BDAwMEA8QGhISGjQhISE/NTE0MTQ3NDQxMTQ0MTY0NDE0NDQ0MTQ0NzQxNDQ0MTExNDQ0NDQxNjE0NDQxNDExNP/AABEIAOEA4QMBIgACEQEDEQH/xAAcAAABBAMBAAAAAAAAAAAAAAAAAQIDBAUGCAf/xABMEAACAQMBAggJCAYIBgMAAAABAgADBBESITEFBhMUMkFRciJhcXN0krKztDM1UlOBkaGxIyQ0YtHhBxVCgoTBw/BFY5Oio6QldYP/xAAZAQEBAQEBAQAAAAAAAAAAAAAAAQIDBQT/xAAjEQEBAAIBAwUBAQEAAAAAAAAAAQIREgMxMhMhM1FxBGFB/9oADAMBAAIRAxEAPwD2aEIQEJnkH9IvGStWrPa0KjUrWkQtd6bFXq1Cobkww2hQCucby2Ooz1yufBbumeF8Y6eKerez3N4zHxi4dR/2qo+yWJWro9NRhaNM9pcayYhvaYOOSt8jeBTzjy9kgqHYcb8HEiUltgGpz1s2lVxjf5RkfdAvi5Q7qND/AKf84vOE+ooep/OYy2fw3AOVGcHyGbXxQsLO4q1EvqvJKFXk8uEDnwi3hEgAjC/fAxHOE+ooep/OHOE+ooep/OScL21Ojc1KVGpy1OmwVagx4Z0gtu2bCSNnZKWYFnnCfU0PU/nI3QVadV9FOnTpjeiAM7DGRnxakHlqL1ZkJMs1NnBjAYw1SmzHdtL1AfdJ6sDFUL2pTGKbug6wrtt8u2TDhOv9bU9dpWa2dQpdWUPnQWVlDYxnGRt3j74gQ+KONNxcHCVf61/XaOHCVb62puB6Z3Hd1yoEPij1QhQowBktsG3J8cvGm1ocI1vrH9do4cJVfrX9c/xlUIfFAW4+iv3CONNxcHCNT61/XP8AGQ33CtVE2VH1NsUh2z5d8jFuv0U9UfwmMviWfAxpTwR2eP8A34o403D/AOtrrOOWq9vTMQ8MXP19X1zKmkwNM+KONNxb/ri5+vq+uYj8KV2Gl6jup3qzEqfshY8GVq5ZaKFyoy2MDAOwbT+Ut8H8WL+5Q1Le1r1UDFCyUyQGG8fZJqm3ov8ARTxpq0uTo1qrVLSpUWgEcsxtqjMqU9BO0KWZRp3eESMaWz7dOY+LlCrbNd06ytSrUNNQowwyOtGsRkdu0TpyRRCEIBCEIBCEIEVx0G7pnh3GY/oU8/efFVJ7jcdBu6Z4ZxmP6FPP3nxVSWJWnsdsr1LUMdhI8WMydjtiZgFFAigDJx1neduf84/MbmGYDswzG5hmApMuhyvB6spIZatJlI3hhVuCCPHmUCZdPzb/AH6fvLmWd4Xsx1xdVKmDVqO5XOnWxbTnfjPkEjEQCOE7ac9nCPEaOrYPLt2xdQG8gZ3ZO+NGzxHCNzjfs8scpzuwY0mzbmpoQnrPgr5T1zDYly+qZbHUv59cqiWQ2biGI7ZFxLo2dQrPTYsjMjFWQlTglWGCPul7g7jBeWycnbXVejT1FtFKoyLqO84Ex+mGJOJybHwJdVK3PqtZ2qValPU7udTMeRrDJPXunTk5e4tfJ3nmv9KtOoZwy7us7FhCEyohCEAhCECK56Dd0zwnjI4NFCDkcveYI3ftVSe6Xfyb90zwbh8/q9Pzt38TUliVqrHbEBiMdsMwHZhmNzDMB2YZjcwzAUmXv+GjzlP3lzMeTL6/No85T95cy494l7VihHiII5Z9OnHZwEzVW9q21O2W3bkg9uK9Qqq5qu9Sp08jw1ChVCtlcLuySThxMjwr0bX0On7ypGl2mv6zW93VNsTRDBGC09ioHRKhVR1KC2wdQAjuErt2s6L3D66lStUem7gFkooqpjIGdLOz5H/KkPD+y6qb9lOhs6/2enIOMpxcLagri1ppasdy8omTVJ//AEeqftiY9jfdFaVOb0rqrQdXqpcULejchSGFN1uGZ0DDKM3JJtwGAJGzJkpHO+YPX8KpVvHtK1UDTUq01NuVLkdJxyzjUduNIO4SsaOi0uk1K+i9tU1021U2xTvBqU9anGQeyW+Cx4PBv/2lT8rGOLUvvo+8v7v9I1ejUPB9TlKdKnyJS0phgy0mokrpRlOkhl2nTgk5M1zE2Tg24qVeE6nLM7c4NzSuAScPTNN8qR2DAIH9nSMYwJry9pAOzr8Y3y44s5UzECI/EG2knGM7cDcPFNcWdsxxeOKd4TuFEk+Tkq86hnLvAnyN96O3ua86inx5+Vd8e0LCEJloQhCAQhCBBd/Jv3TPBOMB/V6fnbv4mpPe7v5N+6Z4Fxg+Qp+du/iKksStVY7YRGO2GYDswzG5hmAuZXVO3aes9pk+ZHrBJJ2HJJB6oCcnndsPUewzLL83DzlP3lzMSzgbtp6gN8y1P5uHnE95czWPlEy7VjQI9RGiPAn2afPs4S9QvyqJTelQrLTzyZrq5ampYsVGh11LqZm0vqGWOzaZRAjwJeKclrnVTledPl3FQXDM6ZR3VtZ1AYGnwTsGBgEDGJiKjM7NUYlmdizOdupztOT27czNUOGqtugSnoKli5Dpq36dm/dsIx++/bKvCPCtS4VUdUARmYaA4yW35yxH3YzvOTtlmN32W2a7o7OpVpBgKXKUqumm9OrTdqVRsa0HgkEOMhgVIbB7Ccx3t69Tk1KpSSkv6KnRDIiBsMWGSWLNsOokk4G3AEtpwvVAQYQlKlKqjkOXDU6aIu3Vs2IuSMEkb8bJLV4erOjIy0vCTkywRgcadOoDVpVsHeoHV1AATjd9jlNa2hq8MO/KPydutaqjJWuEQrXqBwVc4LaFZgxDFFBIY7dpmLxJNMMTUx0xc7UeImJLphpl4pyZDgYfob70dvc151DOYOCR+ivfRm91XnT8+Dq+VfZh4wsIQnNoQhCAQhCBDdDNNu6Z4DxjUrRQHGRWvBs3bLmpPf7joN3TPBONHyan/n3nxVSWJWntviZg2+NzAdmLEgiliFUFmJwqqCzMeoADaTAMwzEUZIA2kkAADJJO4ASSpT0gdItg61KMvJsGK6Tnf1facQIyZlKXzcvnE95czF4347MnxDtmUo/Ny+cp+8uZvDziZ+NUVHb4+vr6o4CAEcBPv4vj2AI9RACFQ4Xy7JqYpclZzkk/d5ImmSBY7R9vkz903xYuSLEMSXTDTLpOSPTDTJdMNMcU5ItMTEm0xNMcTku8FLmleDttyP8AxV503OZ+C9iXfo/+nXnTE8vredeh0vGFhCE5OghCEAhCECC7+TfumeCcYxi2pY+tvD/7NSe93fyb90zwPjI2ben4qt4Pt5zUEsStQY7Y2K2+JmFEfRqsjq6MyOjB0dDhkdTlWB7QRGQgbLc8J22r+sKXg8IVF22wpkUba6OQ92jdEqemq7Srvk7FEwy3QUUt74WolVWJ8NWckgk7z157ZTzEzAuPURFK0yX1kF2KlSaYOQn8fsmQ1arHIJINVCCd+Ndzs/ymDMzFt83r5xPbuZrp+c/Yxn41UAj1ERRJAs9Xi+C5ACRvtPkk2MCMCzcxYuSMLHBZIFjwk1pi5ItMUJJgkXTLpNodMVVx/PbJtMXRGjavphpljRDRJo2W0GKd56M3uq86XnNdAYp3noze6rzpSeR/R8lep0fCFhCE4uohCEAhCECK46Dd0zn/AI1N4A9IvPiqk6AuOg3dM5941HwR6RefFVJYlak2+JmI2+JClhEzCAsIkIAZmrT5vTzie3czCGZyz/YE84nt3M30vPH9Y6nhfxCoj1WCrJVWezp5dyRuOqCpJdOTHKk1IxaYqR6pJFSSKkumdogkcKcmCRwSU2g5OHJyxoi6YVX0f77YmiWNENEmk2hojAuvRj7uvOjpzmBgXXox9ivOjJ439Py5PW6HxwsIQnB2EIQgEIQgRXHQbumc+cauj/iLz4qpOg7joN3TOeuNZ2f4i8+KqSxGpNviQaEKIQhAIQhIEMz1gP1Cn5xfauZgDNh4NH6lT84vtXU6dHzn7GOr4X8KqSQJsj1SPCT3HkWo1SSBJKiSRUlREtOSKklCR4SEQhI4JJgkAkCLTDTJ9MNMCDTE0SxphpgUKgxzn0U+xcToic9XIxzn0U+xcToWeL/T8tet/P8AHCwhCcHYQhCAQhCBFcdBu6ZzzxrOz/EXnxVSdDXHQbumc78az8RefE1JYNTbfEg0SQLCJCAsSJCApmycEDNnT76+1dTWps/Ag/VaXfHtXU6dHzn7GOr4X8XFSPVJIEkipPceNTFSSqkcqSVUjYiCR4SSqkeEjYhCRQksCnDRJsQaYumWNEXRGxW0w0yzohojYwt8MG49EPsXE6CngPCi4Nf0Q+xcT36eN/R8tet/P8cLCEJxdhCEIBCEIEVx0G7pnO3Gs7/SLz4mpOibjoN3TOdeNe8+kXnxNSWDU23xINCQEIQgEIkICmbTwAM21Lvj87qarNs4ujNvR7/+d1OnR85+xjq+F/GXCSRUkqpJFpz2tvHRKklVJIqSZKclqaQqklVJMlOTLTmbkulYU4opy2tKSCjJzXio8nF5OXhRi8jJzOKhycTk5f5GIaUcjTVeGlw1f0Q+xcT3qeF8YVw9b0M+zcT3SeZ17vqV6nQ+OFhCE4uwhCEAhCECK46Dd0znTjXvPpF58TUnRdx0G7pnOXGs+E3pF58TUlg1VokGiSBYRIQCEIkBTNt4uuq29FnIVQ+0nYBtupqMz9u2ODkP76e3czfTus5+xnqTeNn+Nzp1qbdGoh8jr/GWUTO7b5J50tc9snp3JG4keSevyleTcLHoa05MlOaJQ4VqLuqOP7xxMlbcP1RvYHygRU03FKcnSlNdtuMTf2lU/hMrb8OUz0lx5DOWXJuSMktGSrRkdDhGi39ojyiZGk9Nui6n7Zxyyyn/AB0mKqKEObzJLSHaPvEfzec71NNcGJNCMNCZK40IMuQPFkZP3zXb/hwoSE5JB2uzO33LsnTG5ZdmcsZO7A8a0xUq+hN7NxPbp4FwrwgbhrhmZW0WhUFFKgeBcHrnvs+TrSzO7fb0fCaLCEJzdRCEIBCEIEVx0G7pnOPGzpN6RefE1J0dcdBu6ZzfxsPht6RefE1JYNWaJBokgWESEBYRIQAzOof/AIxe/T9u5mBmcX5sXv0/eXE3h5RnLtWODSRXlYGODT7pk+W4ra1JMtaUA0erzcyc7gylO6xLtC98cwKvJVqzW2Lg2elwh45fo8KkbjNOSue2TJdHtj2TVjeqPD7j+1kdhOZaHDqsPCH2qcGaCl2e2TLd+OXjDlW5VbtHHg1GU/vbRMVd03O4o48R2zDi68cXnB7ZZNM27OVCvOsjGbYn/wAdedGTnJHLC6J2/qxH/ZXnRs83r/JXo9GawhYQhOLqIQhAIQhAiuOg3dM5u42dJ/SLz4mpOkbjoN3TObONnTf0m8+JqSjV2hBokgIQEXZ2/hASEdnG4/hDV4/wgNMzg+a179P3lxMKW8f4TNf8LXv0/eXE1j3iXtWIhmX7yx8FatutR7c01d3I1aHAAdWKjwcHtxv7Nsx+Z9srhZo7MAY3MWXbOkgaZPgWgKlRQVZ81aNLSiNUZFdjqq6F2vpC9HcSwznccRmWrC+q29Ra1vUelVXovTYqwzvHjB7Dsi269lkkvu2DjdwYlrdXFFFfFCrTppUdBTNdXplixUKF8FkI1KACD9p18PJ+FOGLm7cVLus9d1GFLnYg7FUbF+wSkGjC2T3Zzkt9lgPHrVlbMA06cnPgupXky3ExuZsHBPAi1qIqvUZS5dUVVXCspxk5Phbx4Iwdhi5yd09PfYWT6kuvRz7uvOlJzRYU9B4Qp51cmlSnqxjVpS4GcdW6dLz4Otd519vTmsZCwhCcmxCEIBCEIEdfot3TObeN64dxtBFxd6gfHcOR+BE6VIniH9KnFatSrPd0kapbVPCrBAWai+AC+PokAeQg9sDy4xJMKBIyuCDu6oc2fxesIEMJLzZv3fWEUWr/ALvrCBDCTc1fxesIvNH/AHfWECvM4Sf6p1Dboq01bxENVJH3On3zF80f931hJ6VWolJ6JAalUzkZzpJ0+EPHlEP93yyz2FKneMoYKWUONLhWKh17GA3jyyLlz2CT1ODaygNybaD0XwdLeQ7j9ki5lU+gfwmvUy+04w3lz2CLzg9gi8yqfQP4Q5lU+gfwj1MvtOM+ic4PYIc5PYIvMqn0D+EOZVPoH8I9TL7OOP0OdHsEOdHsEOZVPoH8IcyqfQP4R6uX2cMfovOj2CHOz2CJzKp9A/hDmVT6B/CX1cvs4Y/R3Oz2D75LT4UqoMI7ovYlR1H3AyDmVT6B/CSUuDK7nC0nbt0qWx49kerl9nDH6bBxY1VUus5LVFFMEkkszU6+8neZ0/PDP6KOLNerUSpUTRZUqq1mcg/rNZCCioetVZVJO7pLt1HHucxbbd1ZNFhCEiiEIQCEIQCVr3oHyH8osIHgN5+1V/OP+crtFhKhkmowhAnEnp7oQgFTdKlfomJCUY/gD9pr+UflNjMISBIQhCiBhCARDCEiEhCEqiU735S28/T9qEIHv1r8mncX8hJoQkBCEIBCEIH/2Q=="
            ],
            "searchTags": [
                "vivo mobile",
                "vivo "
            ],
            "reviews": null,
            "createdDateTime": null,
            "zoneId": "ALPHA"
        },
        {
            "productId": 949,
            "name": "Boat",
            "title": "boAt Rockerz 450 Bluetooth On Ear Headphones with Mic, Upto 15 Hours Playback, 40MM Drivers, Padded Ear Cushions, Integrated Controls and Dual Modes(Aqua Blue)",
            "description": "Brand: BoAt\nModel Name: Rockerz 450\nColour: Aqua Blue\nForm Factor: On Ear\nConnectivity Technology: Wireless\nAbout this item\nPlayback- It provides a massive battery backup of upto 15 hours for a superior playback time.\nDrivers- Its 40mm dynamic drivers help pump out immersive HD audio all day long. Charging Time 3 hours\nEarcushions- It has been ergonomically designed and structured as an on-ear headphone to provide the best user experience with its comfortable padded earcushions and lightweight design\nControls- You can control your music without hiccups using the easy access controls, communicate seamlessly using the built-in mic, access voice assistant and always stay in the zone\nDual Modes- One can connect to boAt Rockerz 450 via not one but two modes, Bluetooth as well as AUX\n1 year warranty from the date of purchase",
            "rating": 0.0,
            "price": 1199.0,
            "offer": 10.0,
            "type": "electronic-accessories",
            "brand": "boat",
            "category": "electronics",
            "merchantId": 7509,
            "quantity": 1000,
            "status": "ACTIVE",
            "thumbnailURL": "https://m.media-amazon.com/images/I/61u1VALn6JL._SX522_.jpg",
            "productImageURLs": [
                "https://m.media-amazon.com/images/I/61YO4wXab3L._SX522_.jpg",
                "https://m.media-amazon.com/images/I/61hmbsAzLpL._SX522_.jpg",
                "https://m.media-amazon.com/images/I/61S2z5PwUqL._SX522_.jpg",
                "https://m.media-amazon.com/images/I/61u1VALn6JL._SX522_.jpg"
            ],
            "searchTags": [
                "headphones",
                "boat ",
                "boat headphones"
            ],
            "reviews": null,
            "createdDateTime": "2023-10-12T15:01:51.014",
            "zoneId": "ALPHA"
        },
        {
            "productId": 963,
            "name": "Shirt",
            "title": "casual shirt",
            "description": "shirt  is mens slim fit",
            "rating": 0.0,
            "price": 767.0,
            "offer": 58.0,
            "type": "",
            "brand": "slim fit",
            "category": "electronics",
            "merchantId": 7410,
            "quantity": 1,
            "status": "ACTIVE",
            "thumbnailURL": "https://rukminim2.flixcart.com/image/832/832/xif0q/shirt/x/k/u/xl-mfs-13153-p-white-black-mufti-original-imaggz4afdchgvh7.jpeg?q=70",
            "productImageURLs": [
                "https://rukminim2.flixcart.com/image/832/832/xif0q/shirt/x/k/u/xl-mfs-13153-p-white-black-mufti-original-imaggz4afdchgvh7.jpeg?q=70"
            ],
            "searchTags": [
                "https://rukminim2.flixcart.com/image/832/832/xif0q/shirt/x/k/u/xl-mfs-13153-p-white-black-mufti-original-imaggz4afdchgvh7.jpeg?q=70"
            ],
            "reviews": null,
            "createdDateTime": null,
            "zoneId": "ALPHA"
        },
        {
            "productId": 967,
            "name": "perfume",
            "title": "impressio",
            "description": "the product is perfume and the brand is fogg",
            "rating": 0.0,
            "price": 650.0,
            "offer": 55.0,
            "type": "",
            "brand": "fogg",
            "category": "beauty",
            "merchantId": 7410,
            "quantity": 1,
            "status": "ACTIVE",
            "thumbnailURL": "https://rukminim2.flixcart.com/image/612/612/xif0q/perfume/5/q/z/-original-imagfhk8hfjhnkfh.jpeg?q=70",
            "productImageURLs": [
                "https://rukminim2.flixcart.com/image/612/612/xif0q/perfume/z/w/w/-original-imaggcm7hjypaayc.jpeg?q=70"
            ],
            "searchTags": [
                "https://rukminim2.flixcart.com/image/612/612/xif0q/perfume/z/w/w/-original-imaggcm7hjypaayc.jpeg?q=70",
                "https://rukminim2.flixcart.com/image/612/612/xif0q/perfume/z/w/w/-original-imaggcm7hjypaayc.jpeg?q=70"
            ],
            "reviews": null,
            "createdDateTime": null,
            "zoneId": "ALPHA"
        },
        {
            "productId": 972,
            "name": "Lenovo 15.6\" (39.62cm) Slim Everyday Backpack, ",
            "title": "Lenovo 15.6\" (39.62cm) Slim Everyday Backpack, Made in India, Compact, Water-resistant, Organized storage:Laptop sleeve,tablet pocket,front workstation,2-side pockets,Padded adjustable shoulder straps",
            "description": "Slim, compact & sturdy: Minimal and compact design for professionals: Joint material design, durable, water-resistant polyester material. The padded shoulder straps, handle, and back panel provides protection and all-day comfort\nSmooth zippers that never jam or break\nStyle meets Function: Minimal & compact design, stores and protects laptops up to 15.6-inches. Ideal for students and professionals looking for a stylish and compact backpack for daily use\nSpacious storage with easy organization: Inside, you'll find a laptop sleeve, a tablet pocket, a roomy front workstation, and two side pockets for quick access to your other essentials",
            "rating": 0.0,
            "price": 499.0,
            "offer": 30.0,
            "type": "",
            "brand": "lenovo 15.6",
            "category": "beauty",
            "merchantId": 9132,
            "quantity": 10,
            "status": "ACTIVE",
            "thumbnailURL": "https://m.media-amazon.com/images/I/61AmnJliIGL._UY741_.jpg,",
            "productImageURLs": [
                "https://m.media-amazon.com/images/I/71omuQbiiCL._SX679_.jpg",
                "https://m.media-amazon.com/images/I/81cYNG6kOwL._SX679_.jpg"
            ],
            "searchTags": [
                "Lenovo laptop bag",
                "Lenovo",
                "Lenovo bags"
            ],
            "reviews": null,
            "createdDateTime": null,
            "zoneId": "ALPHA"
        },
        {
            "productId": 1001,
            "name": "Fastrack Limitless FS1 Pro Smart Watch",
            "title": "Fastrack Limitless FS1 Pro Smart Watch|1.96\" Super AMOLED Arched Display with 410x502 Pixel Resolution|SingleSync BT Calling|NitroFast Charging|110+ Sports Modes|200+ Watchfaces|Upto 7 Days Battery",
            "description": "1.96\" Super AMOLED Arched Display with Always On Display and is ready to style your wrist with bright pixel resolution for a sharper experience and brand new amazing colours\nSingleSync BT Calling with Favourite Contacts storage (Android - 100, iOS - 50) and Quick Replies (Android)\nNitroFast Charging with 10 min charge to fuel up 1 day of battery\nAdvanced 110+ Sports Modes, 200+ Watchfaces, In-Built Games, AI Voice Assistant and many more handy features at a single tap\nHealth Monitoring with Auto Stress monitor, 24x7 Heart Rate, Sleep Tracker, Spo2 and Women's Health",
            "rating": 2.5,
            "price": 2999.0,
            "offer": 20.0,
            "type": "",
            "brand": "fastrack ",
            "category": "beauty",
            "merchantId": 9132,
            "quantity": 500,
            "status": "ACTIVE",
            "thumbnailURL": "https://m.media-amazon.com/images/I/81jTH37c73L._SY450_.jpg",
            "productImageURLs": [
                "https://m.media-amazon.com/images/I/71BlkyWYupL._SL1500_.jpg",
                "https://m.media-amazon.com/images/I/81jTH37c73L._SY450_.jpg"
            ],
            "searchTags": [
                "Smart Watch",
                "Fastrack"
            ],
            "reviews": [
                {
                    "reviewId": 2174,
                    "shopperId": 26246,
                    "shopperName": "Sunil",
                    "heading": "Good",
                    "description": "string",
                    "rating": 3.0,
                    "dateTime": "2023-12-29T20:12:40.694"
                },
                {
                    "reviewId": 2554,
                    "shopperId": 26250,
                    "shopperName": "maheswari",
                    "heading": "worst fabric",
                    "description": "it looks worst after wearing",
                    "rating": 1.0,
                    "dateTime": "2024-01-05T20:21:13.906"
                }
            ],
            "createdDateTime": "2023-10-12T22:35:35.769",
            "zoneId": "ALPHA"
        },
        {
            "productId": 1093,
            "name": "Beatuy Kajal",
            "title": "24hr",
            "description": " Use by: 31 JAN 2024\nColour \tBold Black\nBrand \tLAKMÉ\nItem Form \tPencil\nFinish Type \tMatte\nSpecial Feature \tWaterproof, Long Lasting, Smudgeproof\nProduct Benefits \tSmudge Proof,Waterproof\nDuration \t20 Hours\nNumber of Items \t1\nNet Quantity \t1 count\nCoverage \tMedium\n",
            "rating": 0.0,
            "price": 56.0,
            "offer": 3.0,
            "type": "kajal",
            "brand": "lakmy",
            "category": "beauty",
            "merchantId": 7606,
            "quantity": 1000,
            "status": "ACTIVE",
            "thumbnailURL": "https://m.media-amazon.com/images/I/414Y0kSmcGL._SX300_SY300_QL70_FMwebp_.jpg",
            "productImageURLs": [
                "https://m.media-amazon.com/images/G/31/apparel/rcxgs/tile._CB483369979_.gif",
                "https://m.media-amazon.com/images/G/31/apparel/rcxgs/tile._CB483369979_.gif",
                "https://m.media-amazon.com/images/I/414Y0kSmcGL._SX300_SY300_QL70_FMwebp_.jpg"
            ],
            "searchTags": [
                "lakme",
                "black kajal",
                "kajal"
            ],
            "reviews": [
                
            ],
            "createdDateTime": "2023-10-13T16:02:08.748",
            "zoneId": "ALPHA"
        },
        {
            "productId": 1094,
            "name": "Apple iPhone 13",
            "title": "Apple iPhone 13 (128GB) - Blue",
            "description": "15 cm (6.1-inch) Super Retina XDR display\nCinematic mode adds shallow depth of field and shifts focus automatically in your videos\nAdvanced dual-camera system with 12MP Wide and Ultra Wide cameras; Photographic Styles, Smart HDR 4, Night mode, 4K Dolby Vision HDR recording\n12MP TrueDepth front camera with Night mode, 4K Dolby Vision HDR recording\nA15 Bionic chip for lightning-fast performance",
            "rating": 0.0,
            "price": 50000.0,
            "offer": 50.0,
            "type": "",
            "brand": "apple iphone 13 (128gb) - blue",
            "category": "electronics",
            "merchantId": 9132,
            "quantity": 1000,
            "status": "ACTIVE",
            "thumbnailURL": "https://m.media-amazon.com/images/I/71xb2xkN5qL._SX679_.jpg",
            "productImageURLs": [
                "https://m.media-amazon.com/images/I/61wIVtrz54L._SX679_.jpg",
                "https://m.media-amazon.com/images/I/61CAYVr34QL._SX679_.jpg"
            ],
            "searchTags": [
                "Apple iphone 13",
                "Apple iphone",
                "Apple"
            ],
            "reviews": [
                
            ],
            "createdDateTime": "2023-10-13T16:05:40.268",
            "zoneId": "ALPHA"
        },
        {
            "productId": 1204,
            "name": "Hp laptop",
            "title": "HP Laptop 15s, AMD Ryzen 5 5500U, 15.6-inch (39.6 cm), FHD, 8GB DDR4, 512GB SSD, AMD Radeon Graphics, Thin & Light, Dual Speakers (Win 11, MSO 2019, Silver, 1.69 kg), eq2144AU",
            "description": "\nBrand\tHP\nModel Name\tHP Laptop 15s-eq2144AU\nScreen Size\t15.6 Inches\nColour\tNatural Silver\nHard Disk Size\t512 GB\nCPU Model\tAMD Ryzen 5 5500U",
            "rating": 4.0,
            "price": 38000.0,
            "offer": 10.0,
            "type": "electronic-accessories",
            "brand": "hp",
            "category": "electronics",
            "merchantId": 10362,
            "quantity": 10,
            "status": "ACTIVE",
            "thumbnailURL": "https://m.media-amazon.com/images/I/71JhTb49NnL._SX679_.jpg",
            "productImageURLs": [
                "https://m.media-amazon.com/images/I/81AoTea4qYL._SX679_.jpg",
                "https://m.media-amazon.com/images/I/81NfQ29D3AL._SX679_.jpg",
                "https://m.media-amazon.com/images/I/71yTOEw97LL._SX679_.jpg"
            ],
            "searchTags": [
                "hp laptops",
                "laptops"
            ],
            "reviews": [
                {
                    "reviewId": 2316,
                    "shopperId": 26244,
                    "shopperName": "yashu",
                    "heading": "mice",
                    "description": "ok ",
                    "rating": 4.0,
                    "dateTime": "2023-12-30T22:55:15.804"
                }
            ],
            "createdDateTime": null,
            "zoneId": "ALPHA"
        },
        {
            "productId": 1298,
            "name": "ATIF Teddy Bear Soft Toy (6 Feet 180 Cm, Cream)",
            "title": "ATIF Teddy Bear Soft Toy (6 Feet 180 Cm, Cream)",
            "description": "It is perfect for gift purpose\nSoft Toys\nColour: Cream",
            "rating": 4.0,
            "price": 1999.0,
            "offer": 50.0,
            "type": "",
            "brand": "atif teddy ",
            "category": "beauty",
            "merchantId": 10545,
            "quantity": 10,
            "status": "ACTIVE",
            "thumbnailURL": "https://m.media-amazon.com/images/I/41X7sdPsuVL._SX300_SY300_QL70_FMwebp_.jpg",
            "productImageURLs": [
                "https://m.media-amazon.com/images/I/61WBcBfY-+L._SY450_.jpg",
                "https://m.media-amazon.com/images/I/41+8XgtZfoL._SY450_.jpg"
            ],
            "searchTags": [
                "Teddy",
                "Teddy Bear"
            ],
            "reviews": [
                {
                    "reviewId": 2529,
                    "shopperId": 13966,
                    "shopperName": "Sam",
                    "heading": "Hp laptop Flip",
                    "description": "Amazing Product",
                    "rating": 4.0,
                    "dateTime": "2024-01-05T19:15:10.286"
                }
            ],
            "createdDateTime": "2023-10-14T22:09:47.262",
            "zoneId": "ALPHA"
        },
        {
            "productId": 1394,
            "name": "chaman",
            "title": "string",
            "description": "OK",
            "rating": 2.5,
            "price": 10.0,
            "offer": 10.0,
            "type": "MERCHANT",
            "brand": "OK",
            "category": "string",
            "merchantId": 2,
            "quantity": 2,
            "status": "ACTIVE",
            "thumbnailURL": "abhsjs.com",
            "productImageURLs": [
                "google.in"
            ],
            "searchTags": [
                "mobile"
            ],
            "reviews": [
                {
                    "reviewId": 0,
                    "shopperId": 19516,
                    "shopperName": "Abhijit",
                    "heading": "ok",
                    "description": "ok",
                    "rating": 2.0,
                    "dateTime": "2023-12-03T12:38:28.306"
                },
                {
                    "reviewId": 2239,
                    "shopperId": 26234,
                    "shopperName": "Sunil Monga",
                    "heading": "Nice Fab",
                    "description": "Good Quality Product",
                    "rating": 3.0,
                    "dateTime": "2023-12-29T21:42:46.158"
                }
            ],
            "createdDateTime": "2023-12-03T18:25:53.297",
            "zoneId": "ALPHA"
        },
        {
            "productId": 1395,
            "name": "chaman",
            "title": "string",
            "description": "OK",
            "rating": 2.0,
            "price": 10.0,
            "offer": 10.0,
            "type": "MERCHANT",
            "brand": "OK",
            "category": "string",
            "merchantId": 2,
            "quantity": 2,
            "status": "ACTIVE",
            "thumbnailURL": "abhsjs.com",
            "productImageURLs": [
                "google.in"
            ],
            "searchTags": [
                "mobile"
            ],
            "reviews": [
                {
                    "reviewId": 0,
                    "shopperId": 19516,
                    "shopperName": "Abhijit",
                    "heading": "ok",
                    "description": "ok",
                    "rating": 2.0,
                    "dateTime": "2023-12-03T12:38:28.306"
                }
            ],
            "createdDateTime": "2023-12-03T18:31:20.553",
            "zoneId": "ALPHA"
        },
        {
            "productId": 1403,
            "name": "Tshirt",
            "title": "Calvin Klein Men T-Shirt",
            "description": "Product details\nMaterial composition100% Organic Cotton\nPatternGraphic\nFit typeRegular Fit\nSleeve typeShort Sleeve\nLengthStandard Length\nNeck styleRound Neck\nCountry of OriginTurkey",
            "rating": 0.0,
            "price": 3000.0,
            "offer": 36.0,
            "type": "men-tshirt",
            "brand": "calvin klein",
            "category": "men",
            "merchantId": 25760,
            "quantity": 100,
            "status": "ACTIVE",
            "thumbnailURL": "https://m.media-amazon.com/images/I/71gCtMSVvrL._AC_UL480_FMwebp_QL65_.jpg",
            "productImageURLs": [
                "https://m.media-amazon.com/images/I/61yvMs81hWL._SX569_.jpg",
                "https://m.media-amazon.com/images/I/713gSCOAHoL._SX569_.jpg",
                "https://m.media-amazon.com/images/I/61klcyPBIpL._SX569_.jpg",
                "https://m.media-amazon.com/images/I/914tkmuObiL._SX569_.jpg",
                "https://m.media-amazon.com/images/I/414FzMrnD0L._SX38_SY50_CR,0,0,38,50_.jpg"
            ],
            "searchTags": [
                "TSHIRT",
                "tshirt",
                "CALVIN KLEIN",
                "Calvin Klein",
                "Calvin Klein Men T-Shirt",
                "CK",
                "ck"
            ],
            "reviews": null,
            "createdDateTime": "2024-01-01T11:26:04.976",
            "zoneId": "ALPHA"
        },
        {
            "productId": 2339,
            "name": "LEADER Gladiator",
            "title": "LEADER Gladiator",
            "description": "General\nModel Number\nJFI-916-SEA-GREEN-BLACK\nModel Name\nGladiator 26tT Multi Speed (21 Speed) Cycle with Front Suspension and Disc Brake\nBrand Color\nSEA GREEN, BLACK\nMudguard\nNo Mudguard\nFront Derailleur\nGeared Shimano\nShifters\n21 Speed\nTire\n26 x 2.135 EXTRA WIDE TYRES\nRear Derailleur\nGeared Shimano\nStem\nSteel\nSales Package\n1\nAdditional Features\nCassette\n21-SPEED\nShifter Type\nThumb shifter\nDimensions\nWidth\n32 cm\nHeight\n76.2 cm\nDepth\n137.16 cm\nWarranty\nDomestic Warranty\n1 Year",
            "rating": 1.0,
            "price": 8000.0,
            "offer": 15.0,
            "type": "men-jacket",
            "brand": "leader gladiator",
            "category": "men",
            "merchantId": 27888,
            "quantity": 30000,
            "status": "ACTIVE",
            "thumbnailURL": "https://rukminim2.flixcart.com/image/416/416/xif0q/cycle/g/v/m/gladiator-26tt-multi-speed-21-speed-cycle-with-front-suspension-original-imagky6ujrxqcsaa.jpeg?q=70",
            "productImageURLs": [
                "https://rukminim2.flixcart.com/image/416/416/xif0q/cycle/g/v/m/gladiator-26tt-multi-speed-21-speed-cycle-with-front-suspension-original-imagky6ujrxqcsaa.jpeg?q=70"
            ],
            "searchTags": [
                "chycle"
            ],
            "reviews": [
                {
                    "reviewId": 2440,
                    "shopperId": 26245,
                    "shopperName": "techkonnect351@gmail.com",
                    "heading": "Poor Product ",
                    "description": "Bad Quality Product",
                    "rating": 1.0,
                    "dateTime": "2024-01-02T19:45:51.427"
                }
            ],
            "createdDateTime": "2023-12-25T18:38:58.513",
            "zoneId": "ALPHA"
        },
        {
            "productId": 2390,
            "name": "PHILIPS 6 ",
            "title": "PHILIPS 6 ",
            "description": "General\nSales Package\n1 USB Hub\nInbuilt Battery\nNo\nW x H x D\n43 cm x 14.7 cm x 111.5 cm\nWeight\n68 g\nOther Features\n6 in 1 Type C USB HUB with USB C to Ethernet, HDMI 4K 30 Hz, USB A, PD (Max 60 W), Micro SD, SD Card Slot Dock Adapter Type C\nWarranty\nWarranty Summary\n2 Years Domestic Warranty\nWarranty Service Type\nBy Asking the Customer to Connect with the Call Center 1800-425-6396\nCovered in Warranty\nManufacture Defect Only\nNot Covered in Warranty\nPhysical Damage, Cut, Burned or Liquid Damage\nDomestic Warranty\n2 Year",
            "rating": 4.0,
            "price": 1000.0,
            "offer": 5.0,
            "type": "men-kurta",
            "brand": "philips 6 ",
            "category": "men",
            "merchantId": 27888,
            "quantity": 30000,
            "status": "ACTIVE",
            "thumbnailURL": "https://rukminim2.flixcart.com/image/416/416/l4pxk7k0/usb-gadget/g/8/v/dlk5526cg-11-philips-original-imagfjxzfsgu7nvu.jpeg?q=70",
            "productImageURLs": [
                "https://rukminim2.flixcart.com/image/416/416/l4pxk7k0/usb-gadget/g/8/v/dlk5526cg-11-philips-original-imagfjxzfsgu7nvu.jpeg?q=70",
                "https://rukminim2.flixcart.com/image/416/416/l4pxk7k0/usb-gadget/g/8/v/dlk5526cg-11-philips-original-imagfjxzfsgu7nvu.jpeg?q=70"
            ],
            "searchTags": [
                " USB Hub"
            ],
            "reviews": [
                {
                    "reviewId": 2103,
                    "shopperId": 26250,
                    "shopperName": "maheswari muntha",
                    "heading": "super",
                    "description": "super",
                    "rating": 4.0,
                    "dateTime": "2023-12-29T13:54:05.412"
                }
            ],
            "createdDateTime": "2023-12-26T09:58:30.872",
            "zoneId": "ALPHA"
        },
        {
            "productId": 2392,
            "name": "bag",
            "title": "bag",
            "description": "About this item\n✅Material: Polyester Soft, Durable & Water Resistant | Color: Black Grey | Pattern: Solid| Capacity: 48 liters | Weight: 300 g | Dimensions: 14 x 10 x 20 inches (L x H x W)\n✅Durable and Sturdy: Made from durable quality POLYESTER fabric, this WHITECRAFT backpack is sturdy and reliable. Flaunt this bag with style and enjoy life with this low-maintenance bag which is also washable. This backpack is also suitable for school or college.\n✅ 3 Spacious compartments: Store your Books, Stationery, Accessories, Lunch boxes, etc. It will store plenty of items. Inside Sleeve/File Holder: To keep your school supplies and important files/documents/sheets separate Organizer: Keep every single item separately in an arranged manner, with the help of our organizer. Keep all your essentials such as wallet, ticket, cosmetics, etc. 1 side pocket: For holding a water bottle, clipping pens or pencils, or storing other items.\n✅Easy grab padded handle: For added comfort and convenience to hold the bag. Padded and Ergonomic Shoulder Straps: There are padded back mesh and ergonomic straps that give extra spine and shoulder support and help minimize the load after carrying the bag through a busy day. This unisex backpack can be carried to work, college, school, for a day out, or even while you are traveling!\n✅Warranty: 1 Year Manufacturer Warranty Against Manufacturing Defects ✅Disclaimer: There might be minor color variations between the actual product and the image shown on screen due to lighting in the photography.\nAdditional Information\nCountry of OriginIndia\nItem Weight300 g\nItem Dimensions LxWxH22 x 35 x 50 Centimeters\nNet Quantity1.00 count\nSee moreAbout this item\n₹749.00\nFREE delivery Sunday, 31 December. Order within 21 hrs 47 mins. Details\nDelivering to Bengaluru 560004 - Update location\nIn stock\nSold by SANKHLA INDUSTRIES and Fulfilled by Amazon.\nQuantity:\n1\nQuantity:1\nAdd to Cart\nBuy Now\n  Secure transaction\nAdd gift options\nAdd to Wish List\nNew (2) from\n₹749.00  Fulfilled FREE Delivery.\nOther Sellers on Amazon\nAdd to Cart\n₹799.00\nFREE Delivery. Details\nSold by: SANKHLA INDUSTRIES\n",
            "rating": 0.0,
            "price": 800.0,
            "offer": 10.0,
            "type": "",
            "brand": "college bag",
            "category": "women",
            "merchantId": 25146,
            "quantity": 2,
            "status": "ACTIVE",
            "thumbnailURL": "https://m.media-amazon.com/images/I/41aG0S94f3L._SY741_.jpg",
            "productImageURLs": [
                "https://m.media-amazon.com/images/I/51s6101yg7L._SX679_.jpg",
                "https://m.media-amazon.com/images/I/41aG0S94f3L._SY741_.jpg"
            ],
            "searchTags": [
                "school bag",
                "bag"
            ],
            "reviews": null,
            "createdDateTime": "2023-12-26T10:00:07.766",
            "zoneId": "ALPHA"
        },
        {
            "productId": 2434,
            "name": "tshirt",
            "title": "T shirt",
            "description": "Product details\nMaterial composition100% Cotton\nPatternSolid\nFit typeSlim Fit\nSleeve typeShort Sleeve\nCollar styleFlat Collar\nLengthStandard Length\nCountry of OriginIndia\nAbout this item\nColor name: BLACK\nMaterial: Cotton\nMachine Wash",
            "rating": 0.0,
            "price": 1036.0,
            "offer": 3.0,
            "type": "",
            "brand": "shirt",
            "category": "men",
            "merchantId": 25146,
            "quantity": 2,
            "status": "ACTIVE",
            "thumbnailURL": "https://m.media-amazon.com/images/I/81TXHsdOhbL._SX569_.jpg",
            "productImageURLs": [
                "https://m.media-amazon.com/images/I/81HKdRLP3AL._SX569_.jpg",
                "https://m.media-amazon.com/images/I/81TXHsdOhbL._SX569_.jpg"
            ],
            "searchTags": [
                "T shirt for men",
                " T shirt"
            ],
            "reviews": null,
            "createdDateTime": "2023-12-26T10:47:49.059",
            "zoneId": "ALPHA"
        },
        {
            "productId": 2452,
            "name": "Straightener",
            "title": "NOVA 3 in 1 NHS 885/05 Hair Straightener  (Black, Gold)",
            "description": "General\nSales Package\n1 Hair Straightener\nFloating Plates\nYes\nUniversal Voltage\nYes\nAutomatic Shut Off\nYes\nDigital Display\nYes\nSwivel Cord\nYes\nNumber of Temperature Settings\n5\nCoating\nCeramic\nIndicator\nyes",
            "rating": 0.0,
            "price": 5000.0,
            "offer": 25.0,
            "type": "cream",
            "brand": "vaga",
            "category": "beauty",
            "merchantId": 26091,
            "quantity": 8,
            "status": "ACTIVE",
            "thumbnailURL": "https://rukminim2.flixcart.com/image/416/416/xif0q/hair-straightener/c/p/b/2-in-1-hair-styler-straightener-and-crimper-nhs-885-05-nova-original-imagh8yqumfec2uk.jpeg?q=70",
            "productImageURLs": [
                "https://rukminim2.flixcart.com/image/416/416/xif0q/hair-straightener/d/p/8/-original-imaghr3pchdr63hs.jpeg?q=70",
                "https://rukminim2.flixcart.com/image/416/416/xif0q/hair-straightener/9/b/8/-original-imaghr3pz6gcyywn.jpeg?q=70",
                "https://rukminim2.flixcart.com/image/416/416/xif0q/hair-straightener/q/u/x/-original-imaghr3pzmgrdk3g.jpeg?q=70",
                "https://rukminim2.flixcart.com/image/416/416/xif0q/hair-straightener/c/p/b/2-in-1-hair-styler-straightener-and-crimper-nhs-885-05-nova-original-imagh8yqumfec2uk.jpeg?q=70"
            ],
            "searchTags": [
                "nova",
                "vaga",
                " Hair Straightener  "
            ],
            "reviews": null,
            "createdDateTime": "2023-12-26T12:10:38.045",
            "zoneId": "ALPHA"
        },
        {
            "productId": 2465,
            "name": "Foundation Compact ",
            "title": "lakme 9to5 Primer + Matte Powder Foundation Compact Pack of 2 Compact  (Honey Dew, 18 g)",
            "description": "Manufacturing, Packaging and Import Info\nGeneric NameCompactsExpiry Date15 Oct, 2025Country of OriginIndia\nManufacturer's Details\nImporter's Details\nPacker's Details\nManufactured by:\nUnilever House, B D Sawant Marg, Chakala, Andheri East, Mumbai - 400099, Maharashtra",
            "rating": 0.0,
            "price": 499.0,
            "offer": 36.0,
            "type": "foundation",
            "brand": "lakme 9 to 5",
            "category": "beauty",
            "merchantId": 26091,
            "quantity": 8,
            "status": "ACTIVE",
            "thumbnailURL": "https://rukminim2.flixcart.com/image/416/416/xif0q/compact/g/c/b/18-primer-matte-powder-foundation-compact-pack-of-2-lakme-9to7-original-imaghqg8wzthrgkf.jpeg?q=70",
            "productImageURLs": [
                "https://rukminim2.flixcart.com/image/416/416/xif0q/compact/c/u/m/-original-imagmj3gxmzfhuhb.jpeg?q=70",
                "https://rukminim2.flixcart.com/image/416/416/xif0q/compact/2/f/l/-original-imagmj3gzhza2fax.jpeg?q=70",
                "https://rukminim2.flixcart.com/image/416/416/xif0q/compact/6/h/c/-original-imagmj3gasw8buhk.jpeg?q=70",
                "https://rukminim2.flixcart.com/image/416/416/xif0q/compact/g/c/b/18-primer-matte-powder-foundation-compact-pack-of-2-lakme-9to7-original-imaghqg8wzthrgkf.jpeg?q=70"
            ],
            "searchTags": [
                "9 to 5",
                "pauder",
                "fundation"
            ],
            "reviews": null,
            "createdDateTime": "2023-12-26T12:22:36.604",
            "zoneId": "ALPHA"
        },
        {
            "productId": 2470,
            "name": "SWISS BEAUTY PRIMAR",
            "title": "SWISS BEAUTY Makeup Oil Free Mattifying Long Lasting Base Primer - 30 ml  (Shade-01)",
            "description": "General Traits\nShade\nShade-01\nQuantity\n30 ml\nSkin Type\nNormal\nOrganic\nNo\nOrganic Type\nyes\nSkin Tone\nWheatish\nSPF Rating\n20\nNet Quantity\n30 ml\n",
            "rating": 0.0,
            "price": 700.0,
            "offer": 50.0,
            "type": "primer",
            "brand": "swiss beauty",
            "category": "beauty",
            "merchantId": 26091,
            "quantity": 8,
            "status": "ACTIVE",
            "thumbnailURL": "https://rukminim2.flixcart.com/image/416/416/jw5a2kw0/primer/v/n/u/30-primer-sb-1301-swiss-beauty-original-imafb4dry6auhszf.jpeg?q=70",
            "productImageURLs": [
                "https://rukminim2.flixcart.com/image/416/416/jw5a2kw0/primer/v/n/u/30-primer-sb-1301-swiss-beauty-original-imafb4dry6auhszf.jpeg?q=70",
                "https://rukminim2.flixcart.com/image/416/416/jw6pifk0/primer/v/n/u/30-primer-sb-1301-swiss-beauty-original-imafb4ds985jjhu2.jpeg?q=70"
            ],
            "searchTags": [
                "PRIMAR",
                "SWISS BEAUTY",
                "BEAUTY"
            ],
            "reviews": null,
            "createdDateTime": "2023-12-26T12:25:14.129",
            "zoneId": "ALPHA"
        },
        {
            "productId": 2632,
            "name": "Watch",
            "title": "Womens 35 x 6.50 x 29 mm Raga Delight Brown Dial Brass Analog Watch - 2608QM02",
            "description": "Country of Origin\tIndia\nBand Material\tBrass\nWater Resistant Depth\t30 Meters\nCollection\tRaga Delight\nWatch Type\tWatch\nFeature\tPlain 3 Hands\nMovement\tQuartz\nCase Material\tBrass\nCase Diameter\t35 x 6.50 x 29 mm\nCase Shape\tRound\nDisplay Type\tAnalog\nBand Color\tBrown Plating\nDial Color\tBrown\nOccasion\tFormal Wear\nBand Style\tBracelet\nWarranty\t1 year\nGender\tWomen\nProduct code:\nWTT2608QM02_NoColour\n\nManufacturer Details\nManufacturer and Packer details\tIntegrity, #193, Veerasandra, Electronic City PO, Off Hosur Main Road, �Bangalore\nImporter details\tIntegrity, #193, Veerasandra, Electronic City PO, Off Hosur Main Road, �Bangalore\nDISCLAIMER: Colors of the product might appear slightly different on digital devices.\n\n",
            "rating": 0.0,
            "price": 5995.0,
            "offer": 20.0,
            "type": "",
            "brand": "titan",
            "category": "electronics",
            "merchantId": 28810,
            "quantity": 10,
            "status": "ACTIVE",
            "thumbnailURL": "https://sslimages.shoppersstop.com/sys-master/images/h82/h0d/28310777528350/WTT2608QM02_NoColour_alt2.jpg_2000Wx3000H",
            "productImageURLs": [
                "https://sslimages.shoppersstop.com/sys-master/images/h1b/h06/28310633775134/WTT2608QM02_NoColour_alt4.jpg_2000Wx3000H",
                "https://sslimages.shoppersstop.com/sys-master/images/h89/h10/28310696230942/WTT2608QM02_NoColour_alt3.jpg_2000Wx3000H"
            ],
            "searchTags": [
                "Analog",
                "Watch",
                "Raga Delight"
            ],
            "reviews": null,
            "createdDateTime": "2023-12-28T10:43:55.492",
            "zoneId": "ALPHA"
        },
        {
            "productId": 2638,
            "name": "Samsung Galaxy Buds",
            "title": "Samsung Galaxy Buds Live Bluetooth Truly Wireless in Ear Earbuds with Mic, Upto 21 Hours Playtime, Mystic Black",
            "description": "Colour: Mystic Black\nSize: Free Size\nBrand\tSamsung\nModel Name\tGalaxy Bean_Buds Live\nColour\tMystic Black\nForm Factor\tIn Ear\nConnectivity Technology\tbluetooth\nAbout this item\n1 year warranty provided by the manufacturer from date of purchase.Note : If the size of the earbud tips does not match the size of your ear canals or the headset is not worn properly in your ears, you may not obtain the correct sound qualities or call performance. Change the earbud tips to ones that fit more snugly in your ears\nCrystal clear voice & call quality with 3 mics & a Voice Pick Up unit\nDeep & spacious sound tuned by AKG. Sensors: Accelerometer, Gyro, Proximity, Hall, Touch, Grip, VPU\nEye-catching design in a glossy finish that keeps you connected yet comfortable through the day.",
            "rating": 4.5,
            "price": 15990.0,
            "offer": 50.0,
            "type": "headphones",
            "brand": "samsung",
            "category": "electronics",
            "merchantId": 28810,
            "quantity": 80,
            "status": "ACTIVE",
            "thumbnailURL": "https://m.media-amazon.com/images/I/61G5JoU9tTL._AC_SY145_.jpg",
            "productImageURLs": [
                "https://m.media-amazon.com/images/I/61fB93ZRHhL._SL1500_.jpg",
                "https://m.media-amazon.com/images/I/61+t-5n+GcL._SL1500_.jpg",
                "https://m.media-amazon.com/images/I/61G5JoU9tTL._SL1500_.jpg"
            ],
            "searchTags": [
                "Samsung Buds",
                "buds",
                "Mystic Black",
                "Galaxy Bean_Buds"
            ],
            "reviews": [
                {
                    "reviewId": 2206,
                    "shopperId": 26270,
                    "shopperName": "Shilpa",
                    "heading": "string",
                    "description": "Value for money",
                    "rating": 4.5,
                    "dateTime": "2023-12-29T20:41:10.731"
                }
            ],
            "createdDateTime": "2023-12-28T10:54:22.481",
            "zoneId": "ALPHA"
        },
        {
            "productId": 2639,
            "name": "TP-Link Tapo",
            "title": "TP-Link Tapo C210 360° 3MP Full HD 2304 X 1296P Video Pan/Tilt Smart Wi-Fi Security Camera | Alexa Enabled | 2-Way Audio| Night Vision| Motion Detection | Indoor CCTV White",
            "description": "\nRecommended Uses For Product\tNight Vision, Motion Detection\nBrand\tTP-Link\nModel Name\t‎Tapo C210\nConnectivity Technology\tWireless\nSpecial Feature\tLocal Recording, HD Resolution, Night Vision, Image Sensor, Frame Rate, Motion Sensor\nIndoor/Outdoor Usage\tIndoor\nCompatible Devices\tTablet, Smartphone\nPower Source\tCorded Electric\nConnectivity Protocol\tWi-Fi\nController Type\tGoogle Assistant, Amazon Alexa\nSee more\nAbout this item\nUltra-High-Definition Video —— Records every image in crystal-clear 3MP definition\nPan and Tilt —— 360º horizontal range\nAdvanced Night Vision —— Provides a visual distance of up to 30 ft\nMotion Detection and Notifications —— Notifies you when the camera detects movement\nSound and Light Alarm —— Trigger light and sound effects to frighten away unwanted visitors\nTwo-Way Audio —— Enables communication through a built-in microphone and speaker\nSafe Storage —— Locally stores up to 256 GB on a microSD card, equal to 512 hours (21 days) of footage. (Based on laboratory conditions)\nVoice Control —— Free Up Your Hands with Voice Control. Works with the Google Assistant and Amazon Alexa. (Google Assistant and Amazon Alexa are not available in all languages and countries)",
            "rating": 0.0,
            "price": 3599.0,
            "offer": 33.0,
            "type": "camera",
            "brand": "tp-link",
            "category": "electronics",
            "merchantId": 28810,
            "quantity": 50,
            "status": "ACTIVE",
            "thumbnailURL": "https://m.media-amazon.com/images/I/613CWb1tp+L._SL1500_.jpg",
            "productImageURLs": [
                "https://m.media-amazon.com/images/I/71zB3kEwuXL._SL1500_.jpg",
                "https://m.media-amazon.com/images/I/61NQLhVyKoL._SL1500_.jpg",
                "https://m.media-amazon.com/images/I/614tgW397NL._SL1500_.jpg",
                "https://m.media-amazon.com/images/I/613CWb1tp+L._SL1500_.jpg"
            ],
            "searchTags": [
                "Night Vision",
                " Recording",
                "‎Tapo C210",
                "tp link",
                "camera"
            ],
            "reviews": null,
            "createdDateTime": "2023-12-28T10:54:22.482",
            "zoneId": "ALPHA"
        },
        {
            "productId": 2640,
            "name": "FLiX(Beetel) P25 BLK",
            "title": "FLiX(Beetel) Just Launched UltraCharge 20,000mAh QCPD Power Bank,USB C/B Input,Tripple output 22.5W High-Speed Power Delivery,Compatible to iPhone 14 13 12 11 Samsung S22 S23 S21 Google Pixel7 Oneplus Brand: FLiX",
            "description": "\nConnector Type\tDual USB Type A (Output port), Micro USB Type B (Output port), USB Type C (Input and Output port)\nBrand\tFLiX\nBattery Capacity\t20000 Milliamp Hours\nColour\tBlack\nSpecial Feature\tBIS Certified, Auto Shut-Off, LED Indicator Lights, QC+PD Super Fast charging Support\nAbout this item\n✅ [Lightning-Fast Charging] With a powerful 22.5W Quick Charge Power Delivery output, our power bank ensures lightning-fast charging for your devices. Say goodbye to long waiting times and enjoy swift power backup that keeps up with your fast-paced lifestyle. LED indicators provide clear status updates on the power bank's charge level.\n✅ [High-Capacity Battery] The 20,000mAh capacity provides ample power to keep your devices charged throughout the day. It offers multiple recharges for your smartphone iPhone Pro Max 3 charges, iPhone 13 4.4 charges, Samsung S23 3.4 charges, Google pixel 6 2.8 charges, ipad Mini 3 charges or other USB-powered devices, ensuring you stay connected whenever and wherever you need it\n✅ [Triple Output and Dual Input] With two USB Type-A ports and one Type-C port, our power bank allows you to charge up to three devices simultaneously. Whether you need to power up your smartphone, tablet, Bluetooth earphones, or other USB-enabled devices, our power bank has got you covered. You can choose to recharge the power bank using either the Micro USB (Type B) or Type-C input. This flexibility ensures compatibility with various charging cables and devices, making it hassle-free to recharge the power bank itself\n✅ [Safety] Experience the safest charging with our FLiX Powerbanks, we use only the highest-grade materials with all the safety regulations like current identification, over-current, electrostatic, overload protection, and temperature control, so we do have the confidence to provide an industry-leading 400 days warranty\n✅ [Compact and Durable] With its compact size and sleek profile, our power bank effortlessly fits into your pocket, bag, or purse. It takes up minimal space, making it ideal for travel, commuting, or any on-the-go adventures, Built to last, our power bank is crafted using high-quality materials that ensure durability and longevity. It can handle the rigors of daily use, including accidental drops or impacts, without compromising its performance\n✅ [Compatibility] This is a universal Powerbank which can charger all the devices like mobile phones, Tablets, Headphones / Neckbands, Smartwatches and many more, supports all new models Smartphones like iPhone 14, iPhone 13, iPhone 12, iPhone 11, Samsung Galaxy S23 Samsung Galaxy S22, Samsung Galaxy S21, Samsung Galaxy Z Fold 3/4, Samsung Galaxy Z Fold 4, Google Pixel 7, Google Pixel 6, Oneplus 11, Oneplus 10, Vivo V21, Vivo V25, Redmi Note 12, Realme 11 Pro and many more",
            "rating": 0.0,
            "price": 4999.0,
            "offer": 56.0,
            "type": "power-bank",
            "brand": "flix(beetel)",
            "category": "electronics",
            "merchantId": 28810,
            "quantity": 150,
            "status": "ACTIVE",
            "thumbnailURL": "https://images-eu.ssl-images-amazon.com/images/I/41bgyhEVLmL._AC_UL232_SR232,232_.jpg",
            "productImageURLs": [
                "https://m.media-amazon.com/images/I/71yHGCI55vL._SL1200_.jpg",
                "https://m.media-amazon.com/images/I/612cXst7lmL._SL1200_.jpg",
                "https://m.media-amazon.com/images/I/518QApLFFxL._SL1200_.jpg",
                "https://m.media-amazon.com/images/I/41bgyhEVLmL._SL1000_.jpg"
            ],
            "searchTags": [
                "charging",
                "FLiX(Beetel)",
                "flix",
                "20000mah",
                "power bank"
            ],
            "reviews": null,
            "createdDateTime": "2023-12-28T10:54:40.989",
            "zoneId": "ALPHA"
        },
        {
            "productId": 2648,
            "name": "Scott International Men's Quilted Puffer Jacket",
            "title": "Scott International Men's Quilted Puffer Jacket - Lightweight, Water Repellant, Elastic Cuffs, Zipped Pockets, Casual Winter Jacket - Stylish Outerwear for Men",
            "description": "Product details\nMaterial composition100% Nylon\nStylePuffer Jacket\nFit typeRegular\nLengthStandard Length\nPatternSolid\nCare instructionsMachine Wash\nCountry of OriginIndia\nAbout this item\nLightweight Warmth, Premium Zippers, and Water Repellency: Embrace the cold with confidence in our Men's Quilted Puffer Jacket. Crafted with lightweight materials, it offers cozy warmth without the bulk. The best-quality YKK zippers ensure durability and ease of use, while the puffer horizontal quilting enhances insulation. Plus, it's water-repellent to keep you dry in drizzles.\nSmart Zippered Pockets: Stay organized and keep your essentials secure with multiple zippered pockets. Whether you're stashing your keys, wallet, or phone, you'll have easy access to your items while on the move.\nComfort in Every Stitch: Our puffer jacket features soft elastic sleeve cuffs, providing a snug fit that keeps cold air out. Enjoy unrestricted movement and unbeatable comfort throughout your day.\nVersatile Style: Elevate your winter wardrobe with this stylish and functional puffer jacket. It's perfect for both casual outings and outdoor adventures, allowing you to stay warm while looking effortlessly cool.\nExceptional Quality: Scott International is committed to providing top-notch quality. This quilted puffer jacket is no exception. It's designed to withstand the elements, so you can enjoy long-lasting comfort and style.\nAdditional Information\nManufacturerSwitz Inc, Bengaluru, Switz Inc, Bengaluru\nPackerSwitz Inc, Bengaluru\nItem Weight350 g\nItem Dimensions LxWxH5.1 x 58.4 x 28 Centimeters\nNet Quantity1.00 count\nGeneric NamePuffer Jacket\n",
            "rating": 5.0,
            "price": 2999.0,
            "offer": 0.0,
            "type": "men-nehru-jacket",
            "brand": "scott international",
            "category": "men",
            "merchantId": 28810,
            "quantity": 50,
            "status": "ACTIVE",
            "thumbnailURL": "https://images-eu.ssl-images-amazon.com/images/I/61hz9cK6gnL._AC_UL232_SR232,232_.jpg",
            "productImageURLs": [
                "https://m.media-amazon.com/images/I/61SfZjBF21L._SX679_.jpg",
                "https://m.media-amazon.com/images/I/71bgwqS2EoL._SY741_.jpg",
                "https://m.media-amazon.com/images/I/61dpnYui-cL._SX679_.jpg",
                "https://m.media-amazon.com/images/I/61hz9cK6gnL._SX522_.jpg"
            ],
            "searchTags": [
                "winter wear",
                "lether jacket",
                "jacket"
            ],
            "reviews": [
                {
                    "reviewId": 2490,
                    "shopperId": 28858,
                    "shopperName": "sumit dey",
                    "heading": "good",
                    "description": "best product",
                    "rating": 5.0,
                    "dateTime": "2024-01-04T09:53:53.978"
                }
            ],
            "createdDateTime": "2023-12-28T10:59:18.091",
            "zoneId": "ALPHA"
        },
        {
            "productId": 2651,
            "name": "Kajal",
            "title": "Maybelline New York Kajal ",
            "description": "\n\nColour\t:black\nBrand\t:Maybelline\nItem Form\t:Pencil\nFinish Type\t:Matte\nSpecial Feature\t:Waterproof, Travel Size, Long Lasting, Smudge Resistant\nProduct Benefits\tDefinition,Fresh,Longlasting,Smudge Proof,Soothing,Waterproof\nMaterial Type Free\tDye Free\nKajal offers a deep, dark intense black colour with sharp definition, Long lasting smudge proof and waterproof\nFor eyes that look bold, and fresh all day long\nDraw thin or thick lines by varying the pressure and angling of the kahal tip.\nInfused with aloe vera for its caring and soothing properties, Vitamin C and Vitamin E\nContents: 2x Maybelline New York Colossal Kajal, Intense Colour, Waterproof, Long lasting 24Hrs Stay, 0.35g",
            "rating": 0.0,
            "price": 238.0,
            "offer": 34.0,
            "type": "",
            "brand": "maybelline",
            "category": "beauty",
            "merchantId": 28803,
            "quantity": 150,
            "status": "ACTIVE",
            "thumbnailURL": "https://m.media-amazon.com/images/I/51xEbSkGqHL._SY450_PIbundle-2,TopRight,0,0_AA450SH20_.jpg",
            "productImageURLs": [
                "https://m.media-amazon.com/images/I/51sBQc8LA2L._SS40_.jpg",
                "https://m.media-amazon.com/images/I/41p+ANVf-qL.SS40_BG85,85,85_BR-120_PKdp-play-icon-overlay__.jpg",
                "https://m.media-amazon.com/images/I/41r5QyguldL._SS40_.jpg"
            ],
            "searchTags": [
                "Waterproof",
                "Longlasting,"
            ],
            "reviews": null,
            "createdDateTime": "2023-12-28T11:01:37.205",
            "zoneId": "ALPHA"
        },
        {
            "productId": 2654,
            "name": "SanDisk Ultra",
            "title": "SanDisk Ultra® microSDXC UHS-I Card, 128GB, 140MB/s R, 10 Y Warranty, for Smartphones",
            "description": "Brand\tSanDisk\nModel Name\tSanDisk Ultra® microSD™ card\nFlash Memory Type\tMicro SD\nMemory Storage Capacity\t128 GB\nCompatible Devices\tChromebooks, Tablet, Smartphone\nColour\tRed\nRead Speed\t140 Megabytes Per Second\nProduct Dimensions\t10D x 10W x 10H Millimeters\nItem Weight\t5 Grams\nWarranty Type\tLimited\nSee more\nAbout this item\nExpand your storage in a flash: ideal for Android smartphones and tablets, Chromebooks, and Windows laptops.\nUp to 140MB/s transfer speeds to move up to 1000 photos per minute\nLoad apps faster with A1-rated performance\nView, access, and back up your phone’s files in one location with the SanDisk Memory Zone app\nRelax knowing your card is backed by a 10-year limited warranty by SanDisk\nCompatible with SanDisk MobileMate USB 3.0 microSD card reader",
            "rating": 0.0,
            "price": 1800.0,
            "offer": 55.0,
            "type": "electronic-accessories",
            "brand": "sandisk",
            "category": "electronics",
            "merchantId": 28810,
            "quantity": 199,
            "status": "ACTIVE",
            "thumbnailURL": "https://images-eu.ssl-images-amazon.com/images/I/71jsEFJtRRL._AC_UL232_SR232,232_.jpg",
            "productImageURLs": [
                "https://m.media-amazon.com/images/I/81KHLcEZV4L._SL1500_.jpg",
                "https://m.media-amazon.com/images/I/71jsEFJtRRL._SL1500_.jpg"
            ],
            "searchTags": [
                "miocrosd",
                "mmc",
                "card"
            ],
            "reviews": null,
            "createdDateTime": "2023-12-28T11:11:10.92",
            "zoneId": "ALPHA"
        },
        {
            "productId": 2657,
            "name": "HP",
            "title": "HP",
            "description": "\nBrand\tHP\nModel Name\t15s-fq3071TU\nScreen Size\t39.6 Centimetres\nColour\tSilver\nHard Disk Size\t512 GB\nCPU Model\tCeleron\nRAM Memory Installed Size\t8 GB\nOperating System\tWindows 11 Home\nSpecial Feature\tBrightview, HD, Micro-Edge Display, Numeric Keypad\nGraphics Card Description\tIntegrated\nSee more\nAbout this item\n【2-core Intel Celeron N4500】2 threads and 4MB L3 cache deliver fast processing speeds. The Intel UHD graphics help you dive into crisp, stunning visuals.\n【Upgraded memory and storage】8GB DDR4 RAM and 512GB PCIe NVMe M.2 SSD allow you to undertake improved multitasking with high-bandwidth memory and ample storage. Now, browse or work as you please.\n【Micro-edge display】The 15.6-inch, HD, 250-nit, and micro-edge display immerses you in your projects, helping you explore intricate details on a large screen.\n【Effortless connectivity】Wi-Fi 5 (2x2) and Bluetooth 5.0 make you unstoppable with a dependable connection. Stay plugged in with 1 x USB Type-C, 2 x USB Type-A, and 1 x HDMI 1.4b ports.\n【Long battery life】With HP Fast Charge, power up your device up to 50% in 45 mins. Once done, get ready to go where work takes you backed up with a long-lasting 41Wh battery life.\n【Business conferencing】HP True Vision 720p HD camera with integrated dual array mics and dual speakers enables you to put your point across with utmost clarity in high resolution.\n【Why HP】Experience the unparalleled advantages of choosing HP, the most preferred and trusted PC brand by Indians, which empowers you with cutting-edge technology and steadfast dependability.\n【Pre-loaded Win 11 and MS Office】Comes with Win 11 and MS Office 2021. To activate your MS Office, sign in or sign up, and follow the Office Activation Wizard.\n【Sustainably made】Make an environmentally conscious choice with a thoughtfully designed laptop that contains recycled plastics and is EPEAT Silver registered and ENERGY STAR certified.\n【Reliable design】A sleek yet sturdy laptop that delivers rock-solid performance all day long with power-packed features, optimized heat management, and 1-year on-site standard warranty.\n",
            "rating": 0.0,
            "price": 29190.0,
            "offer": 14.0,
            "type": "",
            "brand": "hp laptop 15s, intel celeron, 15.6-inch (39.6 cm), hd, 8gb ddr4, 512gb ssd, intel uhd graphics, thin & light, dual speakers, brightview display (win 11, mso 2021, silver, 1.65 kg), fq3071tu",
            "category": "electronics",
            "merchantId": 28811,
            "quantity": 1,
            "status": "ACTIVE",
            "thumbnailURL": "https://m.media-amazon.com/images/W/MEDIAX_792452-T2/images/I/81GuRJraGlL._SX679_.jpg",
            "productImageURLs": [
                "https://m.media-amazon.com/images/W/MEDIAX_792452-T2/images/I/61p6R+WqedL._SL1000_.jpg",
                "https://m.media-amazon.com/images/W/MEDIAX_792452-T2/images/I/81GuRJraGlL._SX679_.jpg",
                "https://m.media-amazon.com/images/W/MEDIAX_792452-T2/images/I/81GuRJraGlL._SX679_.jpg"
            ],
            "searchTags": [
                "39.6 Centimetres",
                "512 GB",
                "Colour:Silver"
            ],
            "reviews": null,
            "createdDateTime": "2023-12-28T16:58:32.346",
            "zoneId": "ALPHA"
        },
        {
            "productId": 2658,
            "name": "Mobile phone ",
            "title": "Apple iPhone 13 Pro Max Graphite 128GB",
            "description": "Type\nsmartphone\nMANUFACTURER DETAILS\nModel number\nModel number\nMLL63HN/A\nModel Name\nModel Name\nApple iPhone 13 pro\nBrand\nBrand\nApple\nModel Series\nModel Series\nApple iPhone 13 pro\nOPERATING SYSTEM\nOS Name & Version\niOS 15\nOS Type\nOS Type\niOS\nPROCESSOR DETAILS\nProcessor Core\n6\nProcessor\nA15 Bionic Chip(5nm)\nProcessor Brand\nApple\nCPU Specs\nNew 6‑core CPU With 2 Performance And 4 Efficiency Cores\nSTORAGE SPECIFICATIONS\nInternal Storage\n128GB\nMemory Card Supported\nNo\nSCREEN SPECIFICATIONS\nResolution\n2340 x 1080 pixels\nTouch Type\nTouch\nSOUND\nSpeaker Type\nDolby digital, dolby digital plus and dolby automs\nSIM DETAILS\nSIM Type\nDual\nNetwork Technology Supported\nLTE\nNETWORK TECHNOLOGY\nData Generation Supported\n5G\nNetwork Technology Supported\nLTE\nNETWORK CONNECTIVITY\nBluetooth support\nYes\nWiFi\nYes\nBluetooth Features\nBluetooth 5.0\nWiFi Features\nWi‑Fi 6 with 2x2 MIMO\nCAMERA\nCamera\nR: 12MP + 12MP + 12MP | F: 12MP\nBATTERY\nBattery Type\nNon-Removable\nBattery Technology\nLithium-Ion\nStandby Battery Life\nup to 2 days battery life\nCHARGING\nCharging pin type\nLightning Port\nPower\nPower\n20 W Adapter\nPRODUCT MATERIAL\nBody Material\nAluminum\nIP rating\nIP68\nPRODUCT AESTHETICS\nColor\nGraphite\nPRODUCT DIMENSIONS\nWeight\n140 g\nDimensions in Cm\n6.42 x 0.76 x 13.15\nWARRANTY\nWarranty summary\n12 Months Warranty On In-the-box\nStandard Warranty period\n12 Months, 6 Months Warranty on Accessories\nInstallation & Demo\nNot Applicable\nWarranty Type\nCarry-In\nBRAND CONTACT INFORMATION\nCountry of Manufacture\nChina\nMOBILE CATEGORY\nForm Factor\nTouch\nAdditional Features & Functions\nNext‑Generation 16‑core Neural Engine\nSmart Assistance & Control\nSiri Supported\nFace ID, Barometer, Three‑axis Gyro, Accelerometer, Proximity Sensor, Ambient Light Sensor\n",
            "rating": 0.0,
            "price": 128900.0,
            "offer": 1.0,
            "type": "mobile",
            "brand": "apple ",
            "category": "electronics",
            "merchantId": 28811,
            "quantity": 1,
            "status": "ACTIVE",
            "thumbnailURL": "https://assets.sangeethamobiles.com/product_img/8580/1667547928_kgk.jpg",
            "productImageURLs": [
                "https://assets.sangeethamobiles.com/product_img/8580/1667547929_hhp.jpg",
                "https://assets.sangeethamobiles.com/product_img/8580/1667547929_L3s.jpg",
                "https://assets.sangeethamobiles.com/product_img/8580/1667547928_mtX.jpg",
                "https://assets.sangeethamobiles.com/product_img/8580/1667547928_kgk.jpg"
            ],
            "searchTags": [
                "Apple iPhone 13 pro",
                "smartphone",
                "Apple iPhone 13 Pro Max Graphite 128GB",
                "https://www.sangeethamobiles.com/product-details/apple-iphone-13-pro-max-graphite-128gb-mll63hna/8580?utm_source=google&utm_campaign=T1-Apple&gad_source=1&gclid=Cj0KCQiA1rSsBhDHARIsANB4EJbthVbLT9S-8h1LMu_mp1xka6mysM6DKtVMB7n2N8DuGURTHaqQewoaAt69EALw_wcB"
            ],
            "reviews": null,
            "createdDateTime": "2023-12-28T17:20:31.045",
            "zoneId": "ALPHA"
        },
        {
            "productId": 2691,
            "name": "Shoes",
            "title": "nike",
            "description": "hsdajgyutewagsmnmxzjasgdjAnzb",
            "rating": 0.0,
            "price": 2000.0,
            "offer": 10.0,
            "type": "men-tshirt",
            "brand": "nike",
            "category": "men",
            "merchantId": 34869,
            "quantity": 1000,
            "status": "ACTIVE",
            "thumbnailURL": "data:image/jpeg;base64,/9j/4AAQSkZJRgABAQAAAQABAAD/2wCEAAoHCBYVFRgWFRYYGRgYGBgYGBwcGhgYGhwaGhgcGRgcGBgcIS4lHB4rHxgaJjgmKy8xNTU1GiQ7QDs0Py40NjEBDAwMEA8QGhISGjQhISs0NDQ0NDQ0NDQ0NDQ0NDQ0NDE0NDQ0NDQ0MTQ0NDQ0NDQ0NDQ0NDQ0NDQ0NDQ0MTQ0NP/AABEIAOEA4QMBIgACEQEDEQH/xAAcAAEAAQUBAQAAAAAAAAAAAAAABwECAwUGBAj/xAA+EAACAQIDBQUFBgYBBAMAAAABAgADEQQSIQUGMUFRByJhcYETFDKRoSNCUoKx8GJyksHR4fEzQ7LCJHOi/8QAGAEBAQEBAQAAAAAAAAAAAAAAAAECAwT/xAAfEQEBAQEAAwEBAQEBAAAAAAAAAQIRITFBEgNRQiL/2gAMAwEAAhEDEQA/AJmiIgIiICIiAiIgIiICJSQ92h73YxcY2HwztTp0sgYoBmdiiuSWI0AzBbcNDe/AWTomKUnKbv76YetToirVVa7KA6m4GcHKe9bKLkXAvzE6PG4tKKGpVdURRdmY2AkssGLam0qWGptVruERbXY34k2AAGpJPITybv7xYfHU2qUGLKrZWuCpBtfgeRB4+fSRr2h7w0cclOnTzhEqZ8xBUsbFRZTqBZm42PhOa2Ft2pgS5w7AFwqtmGYHKbiw4Ai5/qM3MWzrPX0PKzltxt5vfaLFwBUpsFcDgbi6sByvqLdVM6mYs40REQEREBERAREQEREBERAREQEREBERApEx1aqqLswUdSQB8zNTi946CcCXP8I0+Z0+UvOjdTX7W2vRwyZ6zhByHFmPRVGrHynG7c31dEYoAuhtbVtBzb/AkZY7aL1nL1HLOepNgOij93ms4tZ67DeHtBrVjlw+ahTHE6e1bzOoQeA18RwnFYnFseepP68TMDPMDtr8/wBJ2mZn0nesdfFW489BN1jduVsRketUZyAAoPwrYW7qjQHxtc8zOUxDXc+g+k21HRQPCZl7pb6Z6tXjPBi6uUePAefEzPU4GeDHjgfE/oJdXwkSZ2GOxrYnp7OmT553t/7SZpGnYls7Jhalc8a1Sy/yUxl/82cekkucK2RESBERAREQEREBERAREQERECkwYrFJTUvUdUUcWZgoHqdJH/aJ2gtg393w4Vq1gXZtVp5tVGXmxGuugBXjeQ7jcfWxdVWxFV3dmChmNwuYgd1eCjwAAnTP87Z2+GbePp7B7RpVlz0nDoeDLqp/lbgfSYNrbSFCk1Qi9tFXhdjwF/r5AxQpqiKiCyIoRQOSqAFHyml32UnDqRwWopbyKso+pHzmZmFrkcZtSpUYs73J4Dko6KOQnkavPM9S0wvUnXjDybdq3HH7rf8ArOf9pNjtepf9PmQT9F+s2GKwyrsqg+Vcz4p7vYZsqo4VS3HLck26gRLxqTw5wtMb8vP/AFMlpawm6jwPSvUA4ZsvHlfu6+Gk2JnlxJ+FuYOv78x9Z6zMZ91atnmxNO6eVvp/o3nqMwvzHI/8H6S6ngifezQAbMw2Xhle/n7R831vOrke9jOMz4FqR40Kzp6Napf+p2HpJCnnrZERAREQEREBERAREQEREBERA+WN4cS1XFYh2N2atUJ8sxCj0AA9JrmF51PaPsQ4XHVQB3KpNZD4OSXX0fMLdMvWctPZm9kcb7fRe6u2BisLSrX7zIA/g6XV/rc+VptsZhlq03pN8LqVv0PI+hsfSRB2TbdFOq2Gc2Wr36d+AqAar+ZQP6PGTEs47nK3PKGcdSek7I4s6HKw/uOoPG/jPO9TT9B1+clLejdxcUmZbLWQWRuTD8D/ANjykO7TDozUmVkde66nQr/D4343HhaJpOPLi6uZtDcD6nmf7ek6vaS32LhD0xL3P5av+BOPJndbPpe22HVUamhXzAeBy3+lRvlLrxxY4VjLCZWJ0RgdL3HX9/raZab3UeVvloZRlvFPn8/8zMnKq6WsJfEtR3PY/tLJi6lEmwrpdf56dyB5lGf+iTTPmfY2NbD16VddfZurEdQDZ1H8ylh6yWNi9plLEV0pGgyB2y5ywKgn4b6DQnTzInDWb1qVIMSk5Tfren3KkAljWqXCA6hQOLsOg4AcyfAzEnWnVys+bn3hxbsWOJr6nW1RxfXkAQAPIScNy9tDF4VHJ76/Z1P51AufUEN+aa1mydSXroYiJlSIiAiIgIiICIiBwvanu4cVhc6LerQu6gcWT76j01A6qOsgEGfW8+fe07df3PE50H2FclktwV+Lp4fiHgSOU7fy38rGp9cYjlSGUkMpBUjQgg3BB6gifQG4+8a43DhzYVUslVeHetowH4W4j1HIz59m53V2++BxC1kuV+Gog++hOo6ZhxHj4EzrvPYxm8fR053ezdenjUvolZR3Ht8lfqv6X06HdYDGJWppVpsGR1DKRzB8OR5EeHhPSRPO2+dMfgnou1OqpR0NmB+hB5g8jO/7Kay1ExWEb/uLmHkRkbT8yn5zqt7t2UxtPktVAfZv9cj9UJ+V7+cXbrY9sDjVNQFMj+zqqdLBu61/AXvfwE3b3Kz20+0MI1Go9NxZkYqfQzZbY3cqYajh6tRhmrqzZLEFQLFbm+pIINtLcJNGN3UwtXEDEumZgAbX7pI4MRzItOR7T8O2Ir4XD0rF3DFenG1yRwFtfSSb7YWIrvLLW1+c9WPwjUaj03tmRirW4XHSee06+2VRKSmWDfr8hAO/3R6y9DMQEvQycEo0u1ZUpIrUGeqqKHJdUVmAALXsSLnXhzkdbe2xUxdZ61Q957aC+VVAsqpfkP1JPOeWpxmIyTEnpbVyyVOxvE6Yiny+zqDzOZWP0WRWs7/sgr2xjr+Kg3/5dD/cxuf+aT2maIiedsiIgIiICIiAiIgUmo3k2ImNw70Kn3h3W5qw1Vh5G3nNxETwPlHaezqmHqvRqrldDZhy8Cp5gjUGeWTv2l7me+J7eiP/AJFNSLcqiC5CG+gNybHx104QU6EEhgQQSCCCCCDYgg8CDynrxr9Ry1njt+zTew4aqMPVb7Cq1lJ/7btoG8FY2B5DQ9bzes+VyJ9B7g7VfEYGjUfVxmRz+IoxTN5kBSfG8x/TP1c10rCR32n7v5kGLpr3kAWrb71PgrnxXgfA+EkUzFXpK6lWAKsCrA8CCLEH0nOVtC+7W1MTXq0MIa9Q0mdVK5mtkBuRe98thw4WElx9mqMcMTUZQ2QUaC6X1GZ2HjxHkD1kK7XwlTZ+NIpsVKNnpPzyNfLe/HS6nrYzqt0sDicdVo4tq+cUqyl1YgFctmNgDzuQNOHPkLrP1JXOb+0cmPr6WBbMPUcZz151/aeB789j9xb+ev8AmceJ0z6iVWUiJpFJkRCQTY2FrnkL8LnlwMxzfbqOGepQa2WsmWxf2a5gbAsbjMFV3bLcElRaxtM6vJ1WkflLDN7vBs9ERa1FStN3dB3mcDQNTAZiTcoGfjwZZoozewerZeFFWqlMsVDki4XOb5SVAS4LEsAoAP3p2vZzsyrS2gudCoFOtqQbMFbIcpt+L10nCYeuUdHXijq481YMPqJ12x98ESurtTqIqhFQCoKpspuc7PYnNmfM3Hupx1mN/r4s4nSIicWiIiAiIgIiICIiAiIgUkadp25ArqMRhkUVUvnVVVfaLxvcDVxyvxvbpJLlCJc6ub2JZ18kmfQm4WzzR2fh0YWZkNQg8QajFwD5BgPSaXe/s5p1cQlellRGdfeUsbMua7uluDngRwN78Qb96otwHDQCdtbmpOMycVUw0tlxnNpwHapsnPRTEKO9SbK//wBbm30a3zMj7d7eGvgnL0WHeFmRgSjDlmUEajkQQfmZPGNwi1kek4uroyH8wtPnnHYF6VR6T/EjMh4DVTa+p4Hj6zpnzOMr9qbQfEVXq1CC7m5sLDyA6TyCLW6erf2AlDbw+Zm06rEt06/JlP6iLHr8xb66wLpayg8ZQnr+/WVgXAWFhcC97AkC/UjgT4yl4vLQBy/fof7QK5pUi4I6y0j98pUQPpfYWK9rhqFT8dKm3qyAn6zYzlezbE+02dQP4Q6f0VGUfQCdVPLfboREQEREBERAREQEREBERATxPTYG1iQdb/2M9sQNcf3++kKZlrpY35GYhNxmhMiTta2QExCYhRZa62c8vaIANfNMv9BktGaLfTZJxWCq01F3Qe1p9S6a5R/MuZfzSy8qIF0lLyoNxeJ1CWjThKmWwi4VPUfL/Urccv7/ALH6Sy8tI/fCOjKDrLCsotS3E6S5hrHtT2h56/rbp4+UqpB4aeB0/wCJYTLdeknRO/ZKT7gB0q1APof1Jnbzg+x9ycAQfu1nA0txCt66sT625TvJw17anpWIiRSIiAiIgIiICIiAiIgIiIFlRLi08XP9/u02E8eITW/WazUrEwhGsZXiJjlZQZv5sf3XGVEUWR/tafG2VySQP5WDC3QCc6ZNHabsf3jCe1UXfDXfxNM29oPSyt+SQuTOmb2FUtLZcYmkWyhWXXlDCrbgS8iWXAl0kAy255S68tuYol/sTxYNHEUjxWotS38LpkFvWkfnJPkDdlO1PY41UY92uppnoG+JD81K/nk8TjueWorERMqREQEREBERARKXi8CspF4gIvKXgwLp5MdUVVzOwVVBLEkBQALkkngLCZTPFtTDLWpPRqC6VEZG62YEG3jrEEebc7VKFNiuGpmuQbF2JRPy6Fm87AdLzdbn75U8eGGXJVQXdCQ3dvbOjWGZbkA6XBI5EGQftbZz4etUoVPjpsVJ5MOKsPBlIYecu2NtN8NXSvT+JGvbgGXgyt4MpI9Z6fxOeHPvny+l1tqCLgggg8CDoQZ8/wC9OxzhMTUokd0NmpnrTbVD6Duk9VMnTZmPSvSStTN0dQy9bHiD0YEEEdQZzfaPu8cThxVQXq0ATYcXpnV18SLZh+YfenOXlaqGTLJcJQzoypKSplDApcCXrqJadJcjeEC2Cb/7lzC0tuYGTDVGR1dDZkZXU8gykMptzsQJ9M7F2guIoUq66CoitboSNQfEG49J8xKsmHsd2vmpVMKx1pn2ifyObMB5Pr+ec9zx1rNSZEROTRERAREQEoZWUMC1jMbNMpEsZIGJqksNeVqJPHVUwPV7zKriBNU7ETB7wRA6AVQYNjNEmMnqpYyBxHa3ux7SmMXTHfpLaqB96le+bxKE3/lJ6CQ1PqYVlYWNiDoQfr6SAt/d1zga5Kg+wqEtSPJeZpk9V5dVtzBt3/lv/msan1tOzLer3d/dqrWpVWvTYnRKh0sTyR9AehseZMmZHsZ8uSY+zbe73hPdqzfbIvcY8aiKOvN1A16rrxBl3n7Ezfjn+0fdf3ar7ekv2FZjcDhTqHUr4K2pHqOk4qfRuNwiV6b0aozI65WH6FTyINiD1AkD7y7BqYKsaT6jVqbW7rpyYePIjkfQnOb3wtjUShl9pQzaLbCVDdBKQGlGR9Rfpof7THeZU8ecxsLSCgv1m93R2v7piqdW9lDZX8UbR7+Q73momisZethFg+p1NxcekvnGdmO2feMGqMbvQ+zbrlH/AEz/AE92/VDOynns5eOisREgREQEREBKWlYgWlZgqUp6Ygaqthpr62FM6IqJgqYe8DlqlIiYw5E6CthJr6+EgeaniiJkxVOliENOsiujcQwB15EdGHI8p56lAiYwxECGN5936mCq5HuUa7Un5Ol/ow4EcvIi+qw9dqbK6MUdCGRlNirDUEGTttPCU8TSajWXMjaj8SNydG+6w/0biRBvPu1VwTgNZ6bn7OqBZW/hYfdb+E+lxPTjc1OX256zxLO5O+CY1Mj5UxCC7rwDAcXp+HVeK+Ws3u3Nj0sZRNGsPFHHxI/JlP6jgRPnPD13R1dGKOhDIymxUjgQZMW5O/CYrLRrWTEcuSVfFPwv1TnxXoM6xzzFmu+Kjjb2xauDrNSqrYjVWF8rrydD08OIM1pn0DtvZNHG0jSrjxRx8SNwzKf1HAyFd493K2BfJVAKt8DrfI4HToeqnUeI1jOuljTWi8qZSbRcsuqDn85j1man0POBhlVAEqy2JHTSWhZB1vZ1tz3bGJmNqdX7J+gzHuN6NbXkGaT9PlZDJ97PNv8AveFAYk1aNkqX4nTuP6gfNTOf9M/WpXWxETk0REQEREBERAREQEREC0qDML4YGeiIGoxGEmur4SdMVBmCphQYHKPSIhHtoQCDoQRcEdCDxE3WIwZ6TWVsPaBFe8+4bUw1XCA1KQuWp/FUpjjoOLoOo7w5g6mcQDzHmD+hE+gSSpuNCJz+3N1MNi2ztehUPxPTUFWPV6Z0zfxKQTzvO2f6/NMXP+NPuh2gkZaOMboErn5AVuv8/H8V+IkiutKvTajXQPTcC4OtrjusrDh1DA+IMgTeDd+tg3K1FJQnuVADkccircA1uKk3HyJ6Ls73jqJVTCOc9KoSqX+Kk5BK5D+BjYFOGtxYg31rMs/WSX5V+9249TCE1aV6uGOuYDv0/CoBy/jGnW2l+Qn0MKr0tT3kPqLHqOU5LeDcGjiL1cGVpVDqaZ0psf4bfAfK6+A4zOdf6tiJ7S5Z6dobOq4dzTrI6OOTC1x1UjRh4gkTzhZ0ZVcXAb0P+ZZae7ZeKSnVR3QOgYZ1IuGQ6OLdbXt42M7TbPZ8GX2uz2zqRf2TNZgCLjI7aN4BiD4mS3gj4TqNwdunC4tCfgqEU38FYgBvytY+QbrOfxmFei2SqjowNrOrIfTNxHiNDPVsrYuJxP8A0KLuPxAWTjY3drL9YvLB9LxNfsUVRQpivl9qEUVMpuCwFiQfHjNhPM6EREBERAREQEREBERAREQEREChE89XCI3ET0xA0uI2Nf4T85p8TseqOC38p2UQI7riogKOhZD8SOuamw6Mh0Imhw2xcImITEIj03RmYIpvSJKkKQGuykE3sDbQaCS+yg8QDPLW2bSf4kU+glmrDjnMNtUZAeKk5b6HUC5HymZFR+8hyk9PhPpymxO7tC+ZVKt1Vip+YmB92l4pUdW6mza+PWX9JxhxNJKyeyxNJKq8swBseoPEHxFjOZxPZngmN0q16Y/CGRwPIuhb5kzraGyKqkA1VI65SD8r6z2YbZ7D42uei3A9Dx9DeWa4nHM4HdTAYNfaGkahSxL1PtGvwFksFU+IUSqYxXcujWJNzY6eU7RKYAsAAOk8h2TQJB9klwbghQPnbj6yfpeNKm0GPdJDaXsRc2va+Xn8ps8LQdrFu6o4AaX8h0+U9lDBU0+BFXUnQczx8p6Yuk4oFsLCXREy0REQEREBERAREQEREBERAREQEREBERApErEBERAREQEREBERAREQERED/9k=",
            "productImageURLs": [
                "data:image/jpeg;base64,/9j/4AAQSkZJRgABAQAAAQABAAD/2wCEAAoHCBYVFRgWFRYYGRgYGBgYGBwcGhgYGhwaGhgcGRgcGBgcIS4lHB4rHxgaJjgmKy8xNTU1GiQ7QDs0Py40NjEBDAwMEA8QGhISGjQhISs0NDQ0NDQ0NDQ0NDQ0NDQ0NDE0NDQ0NDQ0MTQ0NDQ0NDQ0NDQ0NDQ0NDQ0NDQ0MTQ0NP/AABEIAOEA4QMBIgACEQEDEQH/xAAcAAEAAQUBAQAAAAAAAAAAAAAABwECAwUGBAj/xAA+EAACAQIDBQUFBgYBBAMAAAABAgADEQQSIQUGMUFRByJhcYETFDKRoSNCUoKx8GJyksHR4fEzQ7LCJHOi/8QAGAEBAQEBAQAAAAAAAAAAAAAAAAECAwT/xAAfEQEBAQEAAwEBAQEBAAAAAAAAAQIRITFBEgNRQiL/2gAMAwEAAhEDEQA/AJmiIgIiICIiAiIgIiICJSQ92h73YxcY2HwztTp0sgYoBmdiiuSWI0AzBbcNDe/AWTomKUnKbv76YetToirVVa7KA6m4GcHKe9bKLkXAvzE6PG4tKKGpVdURRdmY2AkssGLam0qWGptVruERbXY34k2AAGpJPITybv7xYfHU2qUGLKrZWuCpBtfgeRB4+fSRr2h7w0cclOnTzhEqZ8xBUsbFRZTqBZm42PhOa2Ft2pgS5w7AFwqtmGYHKbiw4Ai5/qM3MWzrPX0PKzltxt5vfaLFwBUpsFcDgbi6sByvqLdVM6mYs40REQEREBERAREQEREBERAREQEREBERApEx1aqqLswUdSQB8zNTi946CcCXP8I0+Z0+UvOjdTX7W2vRwyZ6zhByHFmPRVGrHynG7c31dEYoAuhtbVtBzb/AkZY7aL1nL1HLOepNgOij93ms4tZ67DeHtBrVjlw+ahTHE6e1bzOoQeA18RwnFYnFseepP68TMDPMDtr8/wBJ2mZn0nesdfFW489BN1jduVsRketUZyAAoPwrYW7qjQHxtc8zOUxDXc+g+k21HRQPCZl7pb6Z6tXjPBi6uUePAefEzPU4GeDHjgfE/oJdXwkSZ2GOxrYnp7OmT553t/7SZpGnYls7Jhalc8a1Sy/yUxl/82cekkucK2RESBERAREQEREBERAREQERECkwYrFJTUvUdUUcWZgoHqdJH/aJ2gtg393w4Vq1gXZtVp5tVGXmxGuugBXjeQ7jcfWxdVWxFV3dmChmNwuYgd1eCjwAAnTP87Z2+GbePp7B7RpVlz0nDoeDLqp/lbgfSYNrbSFCk1Qi9tFXhdjwF/r5AxQpqiKiCyIoRQOSqAFHyml32UnDqRwWopbyKso+pHzmZmFrkcZtSpUYs73J4Dko6KOQnkavPM9S0wvUnXjDybdq3HH7rf8ArOf9pNjtepf9PmQT9F+s2GKwyrsqg+Vcz4p7vYZsqo4VS3HLck26gRLxqTw5wtMb8vP/AFMlpawm6jwPSvUA4ZsvHlfu6+Gk2JnlxJ+FuYOv78x9Z6zMZ91atnmxNO6eVvp/o3nqMwvzHI/8H6S6ngifezQAbMw2Xhle/n7R831vOrke9jOMz4FqR40Kzp6Napf+p2HpJCnnrZERAREQEREBERAREQEREBERA+WN4cS1XFYh2N2atUJ8sxCj0AA9JrmF51PaPsQ4XHVQB3KpNZD4OSXX0fMLdMvWctPZm9kcb7fRe6u2BisLSrX7zIA/g6XV/rc+VptsZhlq03pN8LqVv0PI+hsfSRB2TbdFOq2Gc2Wr36d+AqAar+ZQP6PGTEs47nK3PKGcdSek7I4s6HKw/uOoPG/jPO9TT9B1+clLejdxcUmZbLWQWRuTD8D/ANjykO7TDozUmVkde66nQr/D4343HhaJpOPLi6uZtDcD6nmf7ek6vaS32LhD0xL3P5av+BOPJndbPpe22HVUamhXzAeBy3+lRvlLrxxY4VjLCZWJ0RgdL3HX9/raZab3UeVvloZRlvFPn8/8zMnKq6WsJfEtR3PY/tLJi6lEmwrpdf56dyB5lGf+iTTPmfY2NbD16VddfZurEdQDZ1H8ylh6yWNi9plLEV0pGgyB2y5ywKgn4b6DQnTzInDWb1qVIMSk5Tfren3KkAljWqXCA6hQOLsOg4AcyfAzEnWnVys+bn3hxbsWOJr6nW1RxfXkAQAPIScNy9tDF4VHJ76/Z1P51AufUEN+aa1mydSXroYiJlSIiAiIgIiICIiBwvanu4cVhc6LerQu6gcWT76j01A6qOsgEGfW8+fe07df3PE50H2FclktwV+Lp4fiHgSOU7fy38rGp9cYjlSGUkMpBUjQgg3BB6gifQG4+8a43DhzYVUslVeHetowH4W4j1HIz59m53V2++BxC1kuV+Gog++hOo6ZhxHj4EzrvPYxm8fR053ezdenjUvolZR3Ht8lfqv6X06HdYDGJWppVpsGR1DKRzB8OR5EeHhPSRPO2+dMfgnou1OqpR0NmB+hB5g8jO/7Kay1ExWEb/uLmHkRkbT8yn5zqt7t2UxtPktVAfZv9cj9UJ+V7+cXbrY9sDjVNQFMj+zqqdLBu61/AXvfwE3b3Kz20+0MI1Go9NxZkYqfQzZbY3cqYajh6tRhmrqzZLEFQLFbm+pIINtLcJNGN3UwtXEDEumZgAbX7pI4MRzItOR7T8O2Ir4XD0rF3DFenG1yRwFtfSSb7YWIrvLLW1+c9WPwjUaj03tmRirW4XHSee06+2VRKSmWDfr8hAO/3R6y9DMQEvQycEo0u1ZUpIrUGeqqKHJdUVmAALXsSLnXhzkdbe2xUxdZ61Q957aC+VVAsqpfkP1JPOeWpxmIyTEnpbVyyVOxvE6Yiny+zqDzOZWP0WRWs7/sgr2xjr+Kg3/5dD/cxuf+aT2maIiedsiIgIiICIiAiIgUmo3k2ImNw70Kn3h3W5qw1Vh5G3nNxETwPlHaezqmHqvRqrldDZhy8Cp5gjUGeWTv2l7me+J7eiP/AJFNSLcqiC5CG+gNybHx104QU6EEhgQQSCCCCCDYgg8CDynrxr9Ry1njt+zTew4aqMPVb7Cq1lJ/7btoG8FY2B5DQ9bzes+VyJ9B7g7VfEYGjUfVxmRz+IoxTN5kBSfG8x/TP1c10rCR32n7v5kGLpr3kAWrb71PgrnxXgfA+EkUzFXpK6lWAKsCrA8CCLEH0nOVtC+7W1MTXq0MIa9Q0mdVK5mtkBuRe98thw4WElx9mqMcMTUZQ2QUaC6X1GZ2HjxHkD1kK7XwlTZ+NIpsVKNnpPzyNfLe/HS6nrYzqt0sDicdVo4tq+cUqyl1YgFctmNgDzuQNOHPkLrP1JXOb+0cmPr6WBbMPUcZz151/aeB789j9xb+ev8AmceJ0z6iVWUiJpFJkRCQTY2FrnkL8LnlwMxzfbqOGepQa2WsmWxf2a5gbAsbjMFV3bLcElRaxtM6vJ1WkflLDN7vBs9ERa1FStN3dB3mcDQNTAZiTcoGfjwZZoozewerZeFFWqlMsVDki4XOb5SVAS4LEsAoAP3p2vZzsyrS2gudCoFOtqQbMFbIcpt+L10nCYeuUdHXijq481YMPqJ12x98ESurtTqIqhFQCoKpspuc7PYnNmfM3Hupx1mN/r4s4nSIicWiIiAiIgIiICIiAiIgUkadp25ArqMRhkUVUvnVVVfaLxvcDVxyvxvbpJLlCJc6ub2JZ18kmfQm4WzzR2fh0YWZkNQg8QajFwD5BgPSaXe/s5p1cQlellRGdfeUsbMua7uluDngRwN78Qb96otwHDQCdtbmpOMycVUw0tlxnNpwHapsnPRTEKO9SbK//wBbm30a3zMj7d7eGvgnL0WHeFmRgSjDlmUEajkQQfmZPGNwi1kek4uroyH8wtPnnHYF6VR6T/EjMh4DVTa+p4Hj6zpnzOMr9qbQfEVXq1CC7m5sLDyA6TyCLW6erf2AlDbw+Zm06rEt06/JlP6iLHr8xb66wLpayg8ZQnr+/WVgXAWFhcC97AkC/UjgT4yl4vLQBy/fof7QK5pUi4I6y0j98pUQPpfYWK9rhqFT8dKm3qyAn6zYzlezbE+02dQP4Q6f0VGUfQCdVPLfboREQEREBERAREQEREBERATxPTYG1iQdb/2M9sQNcf3++kKZlrpY35GYhNxmhMiTta2QExCYhRZa62c8vaIANfNMv9BktGaLfTZJxWCq01F3Qe1p9S6a5R/MuZfzSy8qIF0lLyoNxeJ1CWjThKmWwi4VPUfL/Urccv7/ALH6Sy8tI/fCOjKDrLCsotS3E6S5hrHtT2h56/rbp4+UqpB4aeB0/wCJYTLdeknRO/ZKT7gB0q1APof1Jnbzg+x9ycAQfu1nA0txCt66sT625TvJw17anpWIiRSIiAiIgIiICIiAiIgIiIFlRLi08XP9/u02E8eITW/WazUrEwhGsZXiJjlZQZv5sf3XGVEUWR/tafG2VySQP5WDC3QCc6ZNHabsf3jCe1UXfDXfxNM29oPSyt+SQuTOmb2FUtLZcYmkWyhWXXlDCrbgS8iWXAl0kAy255S68tuYol/sTxYNHEUjxWotS38LpkFvWkfnJPkDdlO1PY41UY92uppnoG+JD81K/nk8TjueWorERMqREQEREBERARKXi8CspF4gIvKXgwLp5MdUVVzOwVVBLEkBQALkkngLCZTPFtTDLWpPRqC6VEZG62YEG3jrEEebc7VKFNiuGpmuQbF2JRPy6Fm87AdLzdbn75U8eGGXJVQXdCQ3dvbOjWGZbkA6XBI5EGQftbZz4etUoVPjpsVJ5MOKsPBlIYecu2NtN8NXSvT+JGvbgGXgyt4MpI9Z6fxOeHPvny+l1tqCLgggg8CDoQZ8/wC9OxzhMTUokd0NmpnrTbVD6Duk9VMnTZmPSvSStTN0dQy9bHiD0YEEEdQZzfaPu8cThxVQXq0ATYcXpnV18SLZh+YfenOXlaqGTLJcJQzoypKSplDApcCXrqJadJcjeEC2Cb/7lzC0tuYGTDVGR1dDZkZXU8gykMptzsQJ9M7F2guIoUq66CoitboSNQfEG49J8xKsmHsd2vmpVMKx1pn2ifyObMB5Pr+ec9zx1rNSZEROTRERAREQEoZWUMC1jMbNMpEsZIGJqksNeVqJPHVUwPV7zKriBNU7ETB7wRA6AVQYNjNEmMnqpYyBxHa3ux7SmMXTHfpLaqB96le+bxKE3/lJ6CQ1PqYVlYWNiDoQfr6SAt/d1zga5Kg+wqEtSPJeZpk9V5dVtzBt3/lv/msan1tOzLer3d/dqrWpVWvTYnRKh0sTyR9AehseZMmZHsZ8uSY+zbe73hPdqzfbIvcY8aiKOvN1A16rrxBl3n7Ezfjn+0fdf3ar7ekv2FZjcDhTqHUr4K2pHqOk4qfRuNwiV6b0aozI65WH6FTyINiD1AkD7y7BqYKsaT6jVqbW7rpyYePIjkfQnOb3wtjUShl9pQzaLbCVDdBKQGlGR9Rfpof7THeZU8ecxsLSCgv1m93R2v7piqdW9lDZX8UbR7+Q73momisZethFg+p1NxcekvnGdmO2feMGqMbvQ+zbrlH/AEz/AE92/VDOynns5eOisREgREQEREBKWlYgWlZgqUp6Ygaqthpr62FM6IqJgqYe8DlqlIiYw5E6CthJr6+EgeaniiJkxVOliENOsiujcQwB15EdGHI8p56lAiYwxECGN5936mCq5HuUa7Un5Ol/ow4EcvIi+qw9dqbK6MUdCGRlNirDUEGTttPCU8TSajWXMjaj8SNydG+6w/0biRBvPu1VwTgNZ6bn7OqBZW/hYfdb+E+lxPTjc1OX256zxLO5O+CY1Mj5UxCC7rwDAcXp+HVeK+Ws3u3Nj0sZRNGsPFHHxI/JlP6jgRPnPD13R1dGKOhDIymxUjgQZMW5O/CYrLRrWTEcuSVfFPwv1TnxXoM6xzzFmu+Kjjb2xauDrNSqrYjVWF8rrydD08OIM1pn0DtvZNHG0jSrjxRx8SNwzKf1HAyFd493K2BfJVAKt8DrfI4HToeqnUeI1jOuljTWi8qZSbRcsuqDn85j1man0POBhlVAEqy2JHTSWhZB1vZ1tz3bGJmNqdX7J+gzHuN6NbXkGaT9PlZDJ97PNv8AveFAYk1aNkqX4nTuP6gfNTOf9M/WpXWxETk0REQEREBERAREQEREC0qDML4YGeiIGoxGEmur4SdMVBmCphQYHKPSIhHtoQCDoQRcEdCDxE3WIwZ6TWVsPaBFe8+4bUw1XCA1KQuWp/FUpjjoOLoOo7w5g6mcQDzHmD+hE+gSSpuNCJz+3N1MNi2ztehUPxPTUFWPV6Z0zfxKQTzvO2f6/NMXP+NPuh2gkZaOMboErn5AVuv8/H8V+IkiutKvTajXQPTcC4OtrjusrDh1DA+IMgTeDd+tg3K1FJQnuVADkccircA1uKk3HyJ6Ls73jqJVTCOc9KoSqX+Kk5BK5D+BjYFOGtxYg31rMs/WSX5V+9249TCE1aV6uGOuYDv0/CoBy/jGnW2l+Qn0MKr0tT3kPqLHqOU5LeDcGjiL1cGVpVDqaZ0psf4bfAfK6+A4zOdf6tiJ7S5Z6dobOq4dzTrI6OOTC1x1UjRh4gkTzhZ0ZVcXAb0P+ZZae7ZeKSnVR3QOgYZ1IuGQ6OLdbXt42M7TbPZ8GX2uz2zqRf2TNZgCLjI7aN4BiD4mS3gj4TqNwdunC4tCfgqEU38FYgBvytY+QbrOfxmFei2SqjowNrOrIfTNxHiNDPVsrYuJxP8A0KLuPxAWTjY3drL9YvLB9LxNfsUVRQpivl9qEUVMpuCwFiQfHjNhPM6EREBERAREQEREBERAREQEREChE89XCI3ET0xA0uI2Nf4T85p8TseqOC38p2UQI7riogKOhZD8SOuamw6Mh0Imhw2xcImITEIj03RmYIpvSJKkKQGuykE3sDbQaCS+yg8QDPLW2bSf4kU+glmrDjnMNtUZAeKk5b6HUC5HymZFR+8hyk9PhPpymxO7tC+ZVKt1Vip+YmB92l4pUdW6mza+PWX9JxhxNJKyeyxNJKq8swBseoPEHxFjOZxPZngmN0q16Y/CGRwPIuhb5kzraGyKqkA1VI65SD8r6z2YbZ7D42uei3A9Dx9DeWa4nHM4HdTAYNfaGkahSxL1PtGvwFksFU+IUSqYxXcujWJNzY6eU7RKYAsAAOk8h2TQJB9klwbghQPnbj6yfpeNKm0GPdJDaXsRc2va+Xn8ps8LQdrFu6o4AaX8h0+U9lDBU0+BFXUnQczx8p6Yuk4oFsLCXREy0REQEREBERAREQEREBERAREQEREBERApErEBERAREQEREBERAREQERED/9k="
            ],
            "searchTags": [
                "black"
            ],
            "reviews": null,
            "createdDateTime": "2024-01-22T20:11:23.166",
            "zoneId": "ALPHA"
        },
        {
            "productId": 2915,
            "name": "Hamleys NE Xylophone + Piano  (Multicolor)",
            "title": "Hamleys NE Xylophone + Piano  (Multicolor)",
            "description": "The Product In Display Is Made Of Plastic Material And Is Blue In Color The Minimum Recommended Age To Use This Product Is 18 Months The Length, Width And Height Of The Product Is 315 Cm, 13 Cm And 22 Cm It Can Be Used By Both Boys And Girls And The Package Contains Single Unit",
            "rating": 0.0,
            "price": 999.0,
            "offer": 5.0,
            "type": "girls-jeans",
            "brand": "hamleys",
            "category": "kids",
            "merchantId": 37813,
            "quantity": 10,
            "status": "ACTIVE",
            "thumbnailURL": "https://rukminim2.flixcart.com/image/832/832/kcxpbww0/musical-toy/d/t/4/ne-xylophone-piano-hamleys-original-imaftxygqz23zxyz.jpeg?q=70&crop=false",
            "productImageURLs": [
                "https://www.flipkart.com/hamleys-ne-xylophone-piano/p/itmevug2gywsdgxu?pid=MTYEVTDGAYG98DT4&lid=LSTMTYEVTDGAYG98DT4QNTSDA&marketplace=FLIPKART&q=hamleys+toys&store=tng%2Fdcr&srno=s_1_3&otracker=AS_QueryStore_OrganicAutoSuggest_1_11_na_na_na&otracker1=AS_QueryStore_OrganicAutoSuggest_1_11_na_na_na&fm=organic&iid=aa75cf9f-887a-45c4-b7c4-d539fb6c5a28.MTYEVTDGAYG98DT4.SEARCH&ppt=hp&ppn=homepage&ssid=q9otidmqrk0000001706378192097&qH=f9fb7e8d748471f9",
                "https://www.flipkart.com/hamleys-ne-xylophone-piano/p/itmevug2gywsdgxu?pid=MTYEVTDGAYG98DT4&lid=LSTMTYEVTDGAYG98DT4QNTSDA&marketplace=FLIPKART&q=hamleys+toys&store=tng%2Fdcr&srno=s_1_3&otracker=AS_QueryStore_OrganicAutoSuggest_1_11_na_na_na&otracker1=AS_QueryStore_OrganicAutoSuggest_1_11_na_na_na&fm=organic&iid=aa75cf9f-887a-45c4-b7c4-d539fb6c5a28.MTYEVTDGAYG98DT4.SEARCH&ppt=hp&ppn=homepage&ssid=q9otidmqrk0000001706378192097&qH=f9fb7e8d748471f9"
            ],
            "searchTags": [
                "HAMLEYS",
                "TOYS",
                "TOY"
            ],
            "reviews": null,
            "createdDateTime": null,
            "zoneId": "ALPHA"
        },
        {
            "productId": 2935,
            "name": "OPPO MOBILES",
            "title": "OPPO Reno11 5G (Rock Grey, 128 GB)  (8 GB RAM)#JustHere",
            "description": "\nOppo Reno 11 Pro 5G – is a smartphone that transcends boundaries and sets new standards in mobile photography, design, performance, and innovation. Elevate your photography game, embrace cutting-edge craftsmanship, indulge in unparalleled performance, and experience the fluidity of ColorOS 14 with the Oppo Reno 11 Pro 5G. Oppo Reno 11 Pro 5G is not just a device; it's an experience that empowers you to stand out in every aspect of your mobile journey. Elevate your moments with Oppo Reno 11 Pro 5G – where excellence meets elegance.",
            "rating": 0.0,
            "price": 39999.0,
            "offer": 25.0,
            "type": "mobile",
            "brand": "oppo",
            "category": "electronics",
            "merchantId": 36608,
            "quantity": 10,
            "status": "ACTIVE",
            "thumbnailURL": "https://rukminim2.flixcart.com/image/416/416/xif0q/mobile/6/4/r/-original-imagwxvqs6f88zjh.jpeg?q=70&crop=false",
            "productImageURLs": [
                "https://rukminim2.flixcart.com/image/416/416/xif0q/mobile/c/a/3/reno-11-pro-5g-cph2607-oppo-original-imagwxetgpdfb32f.jpeg?q=70&crop=false"
            ],
            "searchTags": [
                "oppo mobile",
                "OPPO MOBILE"
            ],
            "reviews": null,
            "createdDateTime": "2024-01-28T23:32:27.214",
            "zoneId": "ALPHA"
        },
        {
            "productId": 2953,
            "name": "iphone",
            "title": "14 pro max",
            "description": "Thin, light and easy to grip — this Apple-designed case shows off the brilliant coloured finish of iPhone 14 Pro Max while providing extra protection.\n\n",
            "rating": 0.0,
            "price": 150000.0,
            "offer": 2.0,
            "type": "mobile",
            "brand": "apple",
            "category": "electronics",
            "merchantId": 41787,
            "quantity": 10,
            "status": "ACTIVE",
            "thumbnailURL": "https://store.storeimages.cdn-apple.com/4668/as-images.apple.com/is/MPU73?wid=572&hei=572&fmt=jpeg&qlt=95&.v=1678830616240",
            "productImageURLs": [
                "https://store.storeimages.cdn-apple.com/4668/as-images.apple.com/is/MPU73?wid=572&hei=572&fmt=jpeg&qlt=95&.v=1678830616240"
            ],
            "searchTags": [
                "iphone 14 pro max"
            ],
            "reviews": null,
            "createdDateTime": "2024-02-14T21:09:05.319",
            "zoneId": "ALPHA"
        },
        {
            "productId": 2968,
            "name": "MK Jeans ",
            "title": "MK Jeans Classic Wide Leg 6 Pocket Beige Cargo Jeans for Womens (WD_A01)",
            "description": "Product Dimensions ‏ : ‎ 2 x 30 x 25 cm\nDate First Available ‏ : ‎ 6 December 2023\nManufacturer ‏ : ‎ LAVISH LEBEN\nASIN ‏ : ‎ B0CPLYBKHP\nItem model number ‏ : ‎ 6PKT_CREAM_WD_A01 -32\nCountry of Origin ‏ : ‎ India\nDepartment ‏ : ‎ Women\nManufacturer ‏ : ‎ LAVISH LEBEN\nItem Dimensions LxWxH ‏ : ‎ 20 x 300 x 250 Millimeters\nNet Quantity ‏ : ‎ 1.00 count\nBest Sellers Rank: #4,983 in Clothing & Accessories (See Top 100 in Clothing & Accessories)\n#53 in Women's Jeans & Jeggings",
            "rating": 0.0,
            "price": 500.0,
            "offer": 20.0,
            "type": "women-jeans",
            "brand": "mk jeans ",
            "category": "women",
            "merchantId": 7624,
            "quantity": 20,
            "status": "ACTIVE",
            "thumbnailURL": "MK-Jeans-Classic-Pocket-Size-32/",
            "productImageURLs": [
                "https://m.media-amazon.com/images/I/71axVTwG6tL._SY550_.jpg",
                "https://m.media-amazon.com/images/I/61TZJDZNvAL._SX569_.jpg"
            ],
            "searchTags": [
                "TROUSER"
            ],
            "reviews": null,
            "createdDateTime": "2024-03-12T21:29:14.176",
            "zoneId": "ALPHA"
        },
        {
            "productId": 2980,
            "name": "kingfisher",
            "title": "kinghot",
            "description": "fly high",
            "rating": 0.0,
            "price": 200.0,
            "offer": 22.0,
            "type": "women-shirt",
            "brand": "king ",
            "category": "women",
            "merchantId": 52942,
            "quantity": 19,
            "status": "ACTIVE",
            "thumbnailURL": "data:image/jpeg;base64,/9j/4AAQSkZJRgABAQAAAQABAAD/2wCEAAkGBxMTEhUTExMWFhUVGCAaGBgYGRkaGRkeGBcdHhgfGBgdHyggGBonHxgXIjEiJSkrLi4uFyAzODMsNygtLi0BCgoKDg0OGxAQGy0lICYyKy8vMC8vLy0tLS8tLS0tLS8tLS0tLS0tLS0vLS0tLS0tLS0tLS0tLS0tLS0tLS0tLf/AABEIALQBGQMBIgACEQEDEQH/xAAcAAACAgMBAQAAAAAAAAAAAAAFBgQHAAIDAQj/xABKEAACAQIEAwUEBgcGBAQHAAABAhEAAwQSITEFBkETIlFhcTKBkaEHI0JSscEUM2JyktHwFSSCorLhQ1PC8SVEc5MWFzQ1VGPS/8QAGQEAAwEBAQAAAAAAAAAAAAAAAgMEAQUA/8QALxEAAgIBAwMCBAUFAQAAAAAAAQIAEQMSITEEIkETUTJhcYEjkaHB8AUUQrHRJP/aAAwDAQACEQMRAD8Apwe0a6outcxua7KKWxjVnZDpWiLXWyuhrFXQUsGMI2nI714RW5XWvSKK4FTQ1qTXQitCK0GYZj14d66MK9VJrCZoE1Wu6jWtWWu+XagJjQJuRUEpqQaKIu1QVQlyACSTAA1JJ2gdTQoZrichaHQ1rr40WfgGJWc1plgScxVSBMahiCNa44nhN62od7TBDs8Sp9GGnzo9UTqXgGQhPjUqzb0FaW7VTbNowtYx2jFG86La0rfBWtffUlk0rbApUxbaVqu4kgW6hMvff0ouLW9DVT6x/SlYzzHOOJFuLpXe0nd91ZcSu1ldqaTtF+ZBFvvr61Oxi/XqP2ajZfrVHnU/GrGIH7tYT3fYwa7T9ZFxVs7VGuJpU+8e/UXECiUxbQXdEVyKwKl3ElornfHypwMWRCeHH1anyqJiU7tEMGn1SelcMTa7ppQO8aZBA9n0rfFezXjbr6Vvih3ffR+YszRV191bZa8tt3qk5aWx3jE4iqNzXdK5R3jXdFqtpGokiwNK9UaVtaSvbY0pIO8eRtOJXWvCK6Ea1p40yLImpFagV1etAK8JhE1autob1zuCu2HSvNxNTmGOXeXruMuFLWUZVzMztlRR4sYP4UbxfIt5DBvWDAJJVnI0YKfsdCwB9a8+j/hl2/fazbbKCmZ+8yiFOk5SCfaIiY7xqdx3kXiS3cqYtSG2+vvDLmaTMzAJ33rFAPiBlyMrUJC4xyffwqh3Np0mC1p8wU/tAgEa6bUD5azLiQVIDZozEE5fEgDUmJAA1MxpTzxvl/G4VUN66HtXFyuc7uWYHOJzsSNQTIA+dL/JuDLYy3CyO1k+QAJJNKYhSYy9eK2+cjcy3xZd1a4zsACmcNDNCqZltsuc/vH4TMFfccNFwXCVchGskNlIXumGzFJ0B1AOhjUUL+km2bmJBA6H4k/9qaOD4cngbqBJUg/C8M3+UmgU9oPmcrEF1C4hC3E03cscsNiVBNxbdtYBdhPebZQBqTS3ct6U3cp8DfFFUGQqiklbhaNYAIA+0PP8hRO2067HSCRCF3lG3mCm82X7/Z6AFsokEg7xp79tajcW5X/RMpW8t5GYrmUZSrCdGUkkey2vlQPGcl3zigBdsKwcaZboXQ6D2CsdI2pq5t4Vdw9y0GyKjrtbJhmQ6kodj3zrOs+WqSVKbGbhzOzgEVAYt0Ltr9bcps4Ncw6OWxILLsiAMS7sQFGnT1gV3x/NHCLLd/DhZzb2ZkrESQSdiPiPOt6fCXXVcpz5wjVUR8Qa8sGQPGnnnG1w82Js2+yvHvIIYC4oYBv2dAynxpKwSa+lNdNG0FMmvcTXDWpvL61Nxif3n/DXPCj68etTr4/vXlkpBPd9oZ+H7wcy941Dv0UdPaobdXWmKYppFCxJqLfGlEbywKFYhp2pi7mC2wh7A/q19K9vLKn0rMF+rX0rqBM+lL8xkBxqPKt8Q/ditQe9FeXxt600RLToEIapOWubDUVtPnSmjU4iuvtGuyjrXIDvGpVvaq3kaSThxpW6p3RTXwzkLF3LQuxbRWXMA75WiJnLBjTXWuZ5IxYts/ZghZlVdS3uWZO/SpPVS+ZTW0VQmtasutTWsw0EEEdK1OHJYKASSYAG5JOgFN1QSsh3lriFpl4lynirYzPagbRnQt/CGmojct4pLXbG0wQa5gVMR1MEkdNSK0ZF9544X5qMifRRi8oZrtlSQDl7xiQTB0306TUnDfRdfyFxfsmBMHMPnHzqx8SiLbUtdQZcsnN3jA19ZJb4mo2DfAZixvrLACO1IBgaaSBt4+I8aiPUOWq5gFRd+inAdlfxTXBBtJladY7xzf6KaMfjbV3EKEAOWCZWN9REjWonIeCJt40g5i7lJn2oBkz6NWi4O8l5s5ZQzKE1lgFEanbeTr4+6r8TNpWZkRCGJO4qv0hHnvDqcKpgSGEaeKkUh/R5bi5ef7iN8zp+FWTzYs4Q/wCH8aReTLEWcQwGpIX5k0jqvP0iGNYD/PaKvHr6riSXGipmzBSzKQ3dKxoDJHtQNtQYpq5XdbmExCoBlIaNCJm2GMg7GZ8vxoNYsXRxO24DAagxm17jaQup1jYEgwQCRFNXL6sb2KU6ntNfagzbUH2iT0O+vptSdigIMgXMSgQVV38+Pf8AaVfctd0+RqyvovT6q43iVX4Zj+dV7ctQXU9DVkcirlwJaDq8mN8qgBo8dJpr/CJ1mba5PR4cnz/OvfpEt5rNl49m4R/EhP5CljDcRVMWwtWpDAJlQqFcs0o8CQIAbWD7Sz0pq5sbNglMR3lJzE5pI8DBnXw+FeGOsZ+kXif8RZX+LRj2eRgGFxYLDMNZGoBE7zvuBVcc13rhvMlxgcpOwiMwWfHwHXpVnEd6yPG5+Ftz+VVdzT+vYeGnw0/Km9J8H3jer+P7SyOOrc7PDdoyP3WylUKGO5IaWIP2T0qJwHs1uqboLIDJUCS2mgAkbmBRjmJPqsN45X/6P699BsJZDOqGQHIU5d4Yxp8a9lPfDxD8OOnFcdhMMEuNglBYSB2aFhIGWSTHwNT+JHBvhTe/RghuCLdxVWQ2XMgYqTAMRrSt9JPCLhNtUYAKoGukBREDfy02pi4rhR/Z+Gy+zbKH0zWiPxj3xTC2xG0QFIo7xHuJo3rQx11piweDF1mBcW0AzM52AkDxEmSKkXOAYTNlOMHU7257ok6Zp/7GkYsTOLEoZ1U0Yn4pe6TQewkgmKsDmnlRbFg3rWIF1QwVhEESSAZBIIkR765YDkZ2w4um9aRWE652I9YG9HRTYwSQd4Dw5+rX0rLl/LtTlhfo/utbDW79lwB+2s/FdKS+I249x/ClgQ9QPEHXFhvfWuJPdmvMVczOo+NdMYkWzTB4i24M2d9vSsrne+z6V1pbCMUxdVe8amWF0rjZWWNTrNrWn5DJ8Ylr4e7/AOFWrjXGaSRccM0gZF7sg6QNI8qk3msCxaNjGXsty8i5y7PJJGZdesT6ECuOHz2+ClxasHLYY9+3mJkHUmdz6UB5C46bmDaz2FqRetKGAIYZnQFp8RvSDTA0OLnuPMbuZ+BYGzZvX3s6jVn7zMMzDM2+p1JpWa3wxlt3MPiGs4kQyAq0XCBsqsuhmADsCRoabvpFX/w7Fw32QBr+0v51XNng5A4Y5/4lzLEk7CfGOh+FRdGSykk+/wDqBmyFcgWEudMNesm12dzs5AlmuEy2Qk/YP3t9NzpQ3H3cTasW2zI2ZzbLAqyxl00NoGSFiZHsroekz6WDLAbjtPwEVvjLP9ytKBouIQfxOqj/AF1QoogfIyXHkex3H85ZuItW0wqpeIjIsz+yB+Y+Jr3gyWmtlltDWAZUTEAj4AjTptpFd+JFAMu5IPmBudR7/mK04bccqQFygTB/CpmrVOgOJE5KwTDDGCBNxjuRMQOnpULi+EZb3eVSPEM87KOo8jPrprTFy/hwMOgI6t83agfHMKovAqNRH9b12cYpB9JPkNuTCXEMOyYJw0eyIAJgR4fjSPw8lMKYJGZydDHlVg8Ub+5v1OQ+u1V9izlw9seU/wARn86B1tpl/hkQRyrdZuI6MxmQe82wWemu4BgbxHWj/DCU4hihLa9mdSx6MOsRMeApe5CUtj3iI1mY1EgaT1kr1GgOtHFaOJ3h/wDrXw6HwGn2qiQn1a8X+0iUU33/AGi7xXDZblwHedfWn3lK2VwCawSrGfUmDHXpSzzJZHb3fcfiJ/Op3DOasPawJFy6Fa2gWOyuECWhdQYb3V7Jq00Bc6grQLPie4PgaM8uxOpJVSyWzJ/5YbX/ABFhTpxbDqcDcVQABbkAaDuwdAPSqasc4Yl75Fl0ZJ0+qIMe81blri1t8GfrBnNqCCjrqRB321rMTPRVvaCNIIIIiJw/AvfxAt22VTbtM5LTALMFTbxi5SPzNyJjhcLC2LiknvW2BAliZIMEDXeIEb1Z/wBH1osuKxPR7nZqf2bIg+7OXPvovxLCm7ZuIr5GdCEfbKxHdM+sUIz5MbhVqozJ3sTAnHOCv+iW2kE2hLAToCok7TGg6Cl3gNjPibI274J/w6/lVmcLUnCKlwZbhHfQkSM3tgGO8IJE+VJnKuBK43K29pmB9VDA/MVW1lgTNUgIQJ055xf14WJIU6esfyozif8A7bpOiWz7g6T8ppY5uH95Y+I0/iIp34LbDYfIRIa2RHzrE3dp7JsqyquO4djbGVC5F1CUG7AONB749wNK3GOHYx8UHOGuhgykAIWAgyBmURVucmWycRP3VPzgfzpkxGKCMXaYBEwCTqY2HrR9P8FwM57qlcc0vca1aN2w1ltRrENMQJHhDb+NWbakIg8APwob9JqC5g0I+xeU/EMv50TbQCmLV7G4DmwIVwZqluM8LvXcTcS3ble1cM/2Vhjp5mrmwR0qmeOcKuX+JwizkvXGYkoABOh75gmaJ6sbXBUkKSJF4Vyvee6y3UCBdmUo8nLm1XOCNPwqBzVwu5h5S4PNTsGAMSB09KJ8qcrX0x9w5kTTY3LEtLA7Ztj5UN514e+HvXkcr3rhcZSpAD67LoDMyPHXrXnqh21+czG7t8UFYjTJ6CuuYVwxh9k+QrTtqmIlYNSJgR3mNFsugah+Bt95/WjnDMLnKoSBmYCTsMxAk+VblO8HHxLF5j7a3wZkUJpZymWIgAAEgRv8qVPoZtDJeYmO8oB3g5dz8RT/AM4Br2CxCWntOxtlQEZmOoIhVC6mCd/yFIPIVn9ES7Ny3czEZrQJDrAENBGg1IqfKQcbIh3MAdrBm4hj6SbvZYcWg4LXGAY+ABnT3105Ewi4nDYPtJnD32YZdJ7rxv07w+FLfPmO7WTlYLplEyRlUzJiIJPyFEvoaxb3LjocxVAx0jqVA306mg6VaSK6l1y5AVhD6WOHWEt27gVy5u65m0130A86IDh9m5hTkRlKYlDOfNpbv22OkeAqL9Ltv6m2CLntSo7hBMjeO9RLguIKWbxgmLx0A+8UB/E03SPVFfOv0kXUasbIFI3I4hG7xhmLWjbXOVlGWSIB7waSCSAZ318jU/g4ukDOQBroPUwPw1mq7545hu22R7QuWgvdN0oCQpIDaMuXoBEeXU1nAOO42ROIZixhA1i3BkSJIGn/AH8KV/bud518rIDS/eP/AP8AEeHs21RlutlEEiIMbkS21KF7m/C4h3ZAyZejEBjHQAMfCveOEKkdFHv0FVfihZzXMy3M/dyZSoWZGfPImCu0bHeaucsFCg1Oc5N7S5cTznhP0NiVvAZmtSNiwWZEPt4ae6gnMqnssimCEgHzA0+dBuVMMt3AWbIIL9ubhHkuaZ8F1UT+11ph46FIYzPlpRX7zwO0QuTeKlMRJudmzGGglZmSRPhIHwplvYsnidvsriubiZXbNmKhYdtR9oi3lE/enpQSzy4GwL4sC2GNyARdkjxXsSpB9ZnyqV9HihsQWuMSyKcgkAAMIY5QBJ1ifOoxg/8AQMl/aJ0d1wnzzi2TEZUUtcvW1FtQNyCwYnyAAJofzLhFsYbKTJKW7cHxUGTpuZJPuo9zsblq9avhQtoJk7VZZlmWuCPst3VyxMgP1hTW3EeL9uFQAC0jAi2D321+0+sEydh161YQF+8ezbVBwt53AYgAQsgKug9IBMdTqepq2uF464+BdLSohCZV0LwAO5AUzMAxIHQ6wTVY4TBNeu/VL2aO0KpbOQCNi0At11qy+XcMbELeuIzMzd7qSRn73XbP1jb3K/uMauEZtzBAIgy/zZcwVhUw+UpmYFGBIzKVVhOhBlgd668P+kK1cu9nc+qPskOZtn0bTKfWPU0U5p4JbxKNcW4JgFlyiJB7twEQQymJ6MuYbmao3FuWdmIgliSPDXavP0q5DZ2PuJXjyUJ9ccL1tqwJiJ1g7+dKPGLZw+JxGIRtgCFPsnMveJ6z3D1+0aVfoU5guJYuWmYuiOIVj7IZdMp+yJB021ovzbiWHbkk/XW8w8AUVhlHuk0GVHVBvxNRu4xUw3HruKKFhbkgzC6gl43ketWJgsQ9qxbytqUbppsfEmqj5W9oe7/UKtPOOxs/uH86mR2HUab23leVR6IPmduS7feut6D8f9qIveGeDm1O6gmII3j1/Gg3LHGLCC8jPDKA5kGMpGmv+E0rD6UkS/HZZ7ZOjBiGjxKkR7pq7C6hakmXGxN1LJ5vw4OCuAT7SNt4XFn5TW19oArzHcYt3MMwUMc4UAER7TACfjXt19h+BE0SFf8AGA6suzCEeHXJFV1xXgto4u5iWnOLt0AmOzCiJJEbyRGtWPw4aDX+vhVc8zOzYzEWgwyW1zMB7RNxmY+6AlO2Xc+J7GpdtK8mBeAYScS7WkH1o/XuXLHQEi2IhUPRp12qD9I3DmtXSW2dFYETErKncb6LRnk/gqvdVkVyg0JYEAafeAhh00g67VK+lzg/Z2FuANAOWRtBM6np0+dV5vROPUrXtFIOoXIcTpRBP+uZWt5gQPSoeWu7Lt6V5krl3UtqSuC25Zpo/grf1qfvp/rWh/Bretw/CjeBsktbH2jcX3w2Y/5VJ91LyfHNQdkduF3CttiPL8ar/lpS+IxVw9AF+LT/ANJpuucbTDWmN1GI09kid/OhXBsMERyJi42bXfbT4fzqTBjZc7sRtU91Dg4gBBnFuL2rf1dxZzAx5GCP5VI+jDGvaS+1kgHOQZUHQxET+6flQHmPDdtetoPaM69BqNT/AF1pswGFTB4YIomWk7ak6T6QJ/71XiwohJHmc7zNOZ+aA7W0xlvtQG7gGVQGkbkRUrknmK83b5+/a7QwhyrqApYyokwSvX7VV/zFihfv2wRlBBA69SNvOBTdyXgzbs3mZswL5R4CAC8epyz+7Xk6dPU1eT/PtCVjc8525ztKVttgbDhgZzFjsR09aKcpWbRsriVw9uwXXuqnn1JO+kfOq25/aby/un8as223Z4eyg2FtfmoJ+ZNUekoNiMZ+2oP5kxkKxJ0pBTidvJiE7JC1wIquQc1vszqV82jX30x80vmQKftNHyNEOVuDWOzdnRT341E/a/3qXq+qTCLIuKAuE+TcJbsYY3FEG8xOupCg6Cfj6wKGcz8RKIzDUnb1O1GSQLKhdFBcAeQuuIpU49bZ8qopZiw0AJPwGtUBu25niLfD8JeuMAgBzeOgnrR25y/i8IVxIyhrbAiDodNVPkRIPrU7l/hWNtlHXDFsvk3XxgGPhUnmazjrtrK2HuKM09Y2j7Sqagc9T6w0AafMEiPdjE2sTYyHW3eQH3MAR/iBgg+IBqksTw0Wb120dGRyPKJ0irF5ZtXLdmyjyrKgBUyCPCQdaTednC466ToJ18avyGxQnmO20GYDNKkOR3iNBJ69P63opg7LHEoWxD+0YhUkdw/eYAeGtAeHX7WYB2AHn0J66DWKdOGcMuG7bNq07gmCy22iMoIMxG4+e+lIrTlH/IRJjJZMWbkM2qECR1Om4lfnVIYv22PiSfiau/E8PdLFztLZXuxmdddwPaI1nwNUfeHeNW/5R2MR4+ijFZbl9PvIrfwtH/XT3ziZwvaD7BIPo4g/kPfVY/R9ey4r962w/A/lVoX2D4W8p+4T/B3h+FeI1Agw27Wlecq3BO/h/rFWvi8GVw1pxt2bD/KTVOf2eimF0jTc9Kufl3CzhrSMT+rA1JO66/jXOx4wc+sGWZmIxhTKyxeNdVxzqSO6qaAHa0J/1UhWn7wny8KdrwazhMYtycxcrJ3JYAD4aCkd11HuFXIo07SfW2rfxLyv3mOAbX/gk7D7Kg/lSDzAhW1h7yMRmtkjLIKnsxEEddKs3huBV7HZg+3bKT+8kTVU8QxNwItlwAtsHTqJJWD4EQV91L9MIAYjqH1vqlq/R/zTiHwqG7DuR3WK6mCQM0HXbeoHKGD/AEnE3792SVyBz9+5l8ug2jyFQvo84vb7EWzvbOoHUEkg0T5bxhwbX0vju3bjXEdQSupLEHToG+Ap2J9Nm+YsC418N4nbZiq5gFPe6KvfKKBGmpUx5Qetb822Vv8AD8QupzWmK+ZHsH4gGoHLdiwUAt30uBsjPBEsyAeegJAMevjTHdwyC33nyqqgE6RlXxnymm7VCIINHmfNLN3VrzNXTG2wpyjZTA9xiuM1CZfGfl2zrc060w8KtntDdIhQMqabn7Zn07vxoTwduzTEPE5VLR4wCaOWmyxaUyE7oJ1Om5PzrCO4kwAe0ASLx4ZwlvrcdV9MzRNbYu+BougGgHgKmcQ4awW1eL+ywOWPEwPgWmgl7C3rgLW7buBvlUn50vHlRwSD5qL6hSCBIPALgbH3CdRatSB0liBt7wfdR3G4pSpETHlS7yJg7l3HYhAIbs9c2gXvLqx6bU9XeTngxiLJaNjmA/iimZDS7Sb02PAlOcWZmvFgSCGgRpEGNKtHC4bscNbtHdVlvNmOZp95+VJdvgd1eICzcUfrMxIIZSoMkgjpTlxHEyTT8O4ueAK8ysudnm+o8B+J/wBqvPhPAbbYdL9+SotgrbUwWAUak79Nh618/wDNDl8S0b6AfD/evo6+pYyo+rsJl8gAhX5n5CjdqEdgxDI2/EW+ZMDg3t28uEuJmMi5mcqNx3jngCepmhNiyLaMEYXbWYHtEM5JIMXUPet+uo86Kcxs9sYewXzBi4noD2ZQA9cqzJnaT4Us2Gey6MuZLiAA7kkESRl6qdZT2dJEEac7Mq5Vpx9/YzrN/S0dfwjRokD3FkftGazge0Fu0pCg5izMdFGYtcYnwHePyrhxnizW1XD8PQrnIhgqtfvQCcxLgraTQmSJA1EVJ4dcBsZoADqSQNsgLXGVT0Byovvrli7jWbVvIgfE4h5ViYQZBnzmPs246HaREMVqtNlAE4ORSrFfaDcBh8S6Jcdi4LICxu3rj/WhSrakALFxZI00PhUrimDxItA2C4Zm7sPeR5YlVEg+InvQsQCdaNcP5RMA4m9euuD0fs0E9Aq7ajxPjvXvEuW5TNh7922xXQ5xcttJkZlb29hEnSaQ3TMcgf8AeBpNTny7xNsRZtWsXq2UZbpCi4hJhSSsLctHTvDQ6HqDQDiPLVjEYq726sWU5cuYqvd8Y1O/jR7h6s9rNdX662QLmWcmQCAEGyoyktJgzoBvALi9y4cbeVXKAZGZlALFioUxmBAEox2nWh68uMVqaI8zGNQtwrgVix+qtW0PiqgH3sZY/GjWCxhW6VABIUHedzuRvAAJ84NK+IxV7C3LBe6b1i/cFs51UPbZgShBUDMpgggifOmNEK3VI7RzcIACgwpWCCTsqeM6GSPCE4ENBib+cpRS2y8xnEXLRDZWDAg9VYTG3gfCvkvHWgrke+vrPCllR+0GXWSxIgzqY8I2ikHBcOtkDuJt9xD+K07P1Y6cg1dxuNTVGU7yg8YlfRvwq0sI/wBTe/8AScfFSKaMNZw1ojOtqTsOzSTrGwXxIE+dHMDbsXF0tJqNQ1tQdQDqCPMUWPri66tBqY67z5yfGKWmRrr8d6tfkLiYuYYag9mSh18NV+R+VJOH5NN+7dYXVgXWBUoywc5MbRsRt4irE5O5YXDq6kg5iDpPT1rRam1BMpZ1ZKJEUfpWwcKuITYsC69GI0M+eqkeeY1Vb4liTl2nQeGun5V9C828sXb2EvIpTbMJJ6DXpvExXzzaIqtRUSlOauXVyRxI3MOjMDniGM9Qxk+86++lj6VcFLpeSAHBmBHeBGeT1ksh9c1bcmm+LJIIyZjlA389aKcY4M+MW3YDhDDvmaYENbnQb6TQoxa7m9ViVCAtxc5AtZbxljJQH01H8zVjc04cDDMZl1Q3E8mtjN8CO6fEE1E5c5Jw9plLYpmbLEqFCmCOuv3hTJxXllb1u4lq8c5RlUPEElY3GoHnUunL6wNjTvY95LREqbg922+JSwFYkNAyzJfrIGpAEAD949auG1w7uMWToZAYE7dQDoK+eLeOexeZVJVzcK3DsYDwVkbDTXx9BVtcBxDKwhiI2iu0M2NEVAOInN6mXK2Vm7jK543bC3rgBkBjHp0qBNTuYcQGxF6BEXGBHgQdY8p28oofNc7KqhyF48TopkZ1DPyefrHy4hXD4g+Ntx/lNOeB5YuN33dUkgxuY8dNAddvwpVx1s/o96BJKPAG57pina9fuhWVQ2XKLQO2o0JBOkkBh46+Ws2a+B5m4wzEBeYN5owuRUCFyojUwB7SgetTxgHOVEKi2o1OkAAd6ZGh3pd49i8XKW3ANqR3s0kGZjXUgQnjGYa6xRu1is6SjSriSswQTvpv7iINQ5MLY042sn/Ufjcep3EXVbxf5acHiOMkE91FifahmyyfDSad7qtJEJMaaQT4iRqI9TSpyvwW6mNu3GUw40BBnu9W8JzbeVOOMvoyqsPmU6GPhJ6g6aCup02FSndtQnO6rIxy1jurobkefFefrfEp/htnNxdraIVbvjKTIBkSZ8N6sfEco2Wt5c7dp9+dP4fD5+dK3LuEYceulkIiwx2O82xp8TTnfx/1+TpER5gEn8qny5jjACmtrjEL5ReQ6jxfvXmUVzXy9ewuLU3ACj3FyuuqnUaH7reR9019J8GsxZHXPqfOdPwFInMmGF1CCk6gQdJ1BBEeB1HpTBiUdLc9q/RQAbsAlVjNFzTVgKb0vU+sLPia66BQ8zpzHw62MjBdZ8SdANv3fLaaSuYcJmk9R75E6j16jzHma15yecVawhxd0XS0QGxAXvJm9rtY8PnSpx3hb4ZLl3EYi8oF427QVrpa5lPta3YXYtqdo6mKrKgiotczpkDg7iPVn9QAAJ7AeyO7LG3MeUBvdXLheKe9iw90pKoAIYR3bitPtGD3QI0321168q99cIAWyuQMuZpKdATMmB1moXN/BC9kXVv4lMtpSBb7WS3ZM+Z0liAx03AWCSdIoVWKfuYtG/jV7PaZLNwrcAhCHUCZA1MnuwZPWAY1qLy3aaxaFu65cg5QAQyBR7OWNhBG+uhpB41yu2bFut/FWzba6LdtS+Q9lh1ujdi0HMRoTsfStsFykReew2KxDTaP1jNdVUYXLIV7bqchzLcbuEmIWYmtOMatVx46gjF6VCrv5/nHTHuyXmCoDnTWRmiXeCPPVgD60n8dxWTH3ifYchJ8HXvAHwnOR6imXljgri3ZVr96SskPJIloAaGgMNj5gxMGlPmfGW+2upezZbh1aCQIRIBI1HSP3am61bx1V3I8g2kFuJXimdyrdi+IvIr5iobDgKBuCfbhQIAltDIh15d4libl1WLnIz3UARBAay8KHMEwwZpJIH1Q8dUrgVm81tDZsWDLFjexE75iqsFJHeZYnxJ2p55Y4XiC4a9incD/AIdlRZtTA8AGbfr51uMqBQjdDFdo0us2yWJJZVIWcznTWBOkmDJgAHpFL/DB3R6Cm+zh1RGCgKI2A1PqdzSdw63KqZI0qTrk1FY/p10ijAvCeIvext5QrSl7syQTORFJ7o+wTtI6T60+4EhL6qoOVhsWYlT3swkn9kadPfS5Y4D2eKfE2rYftcpuIT1AK5hOkwx8/WdGvhtou4uNa7PLtJ1J1A90E/EUaKTVcV+0eco0af4TfMrzjOGBuW2cIn1rEWiGcXotMO/lU94DvDQ6L8J/L3ACguFrys36PbtrcJOYMiuC5HSQ4G8wBXbifDExBRrgPcJYCFIllKnMGBB0Jqfw7hCZ7lwsxa4ioxOXUIZU+zvMmes+QizAaEmeFH4c/ZXBIAKnQMQFBzEgaeY+FVhZ+jzCMM7XHRQJMZY0HmDVsrhlRHYTqrTt9tpJMDXU/AVWXNOEv3rNuzYQsXdc0EABRrrJ1ExTH+KeQkCPHK/LeFWwnZjMvQzM67npULnbhHY20u4bMLk5IUAypBYzOw7gJ9Kn8oK1rC2kaVIWCD0IJrtzO7m3aysFi6CXaYUZH1MMvWBE6zUOHImQEAEHfzKsZb1RqNj5xF5KtXrbntLV1Q8vmVGInYnrpBAI20G0CnTE8VNtWNtWLAakqQAQJiCNQAZj30C4JgbwC5zbBbNZKC22na4hyTo+gzJvAEGNTTBeVjYuuMmqM3strmtgaS0SVAHkaYMRq7MszLh9SwBXyJr9Z848YB/SrjEyWuFyRpJZyTVt8vpmYVUTIWdCPurVrcscVsCJuKsD7WnXz0rOrzMiHTzOKRvEnnKxkx+JHQlW95QT8/xoPmoxzzilfG3GUggquoMjb+RFAM1NonmPxntlvXbvZ2LlyJKAtG05RMfKnLiXEBaUF/aIBVAZIid59keup10pT4gn91u6T3W8fDy1+FEuIo8lrT/o6EgF3KqWjSch6xG8GsYngQ8bKGBbce0XsTdv4nH2bHshgxyxAAUDvMDrAEQae7PD7WEyhQJjvXGEmJAMH7A1/CaQuT2X+0LdztLj3TZuEyJGlxNM0ayB0JHpViXMMz6loEHNMGdQdJ0gFd/LrW7hRZuDlcPkLAVA/DMat/E3laICgqJIOsTMESZ+EUfxGGtaAaglQYcg6+YM6DX30tcHuYc4y5aQZ+53z3tQZiG2bY7aU0YnBWvaKmV09o9Y/wBqE77zUzqmzEiog8vWQvFHKsSxssGVnLZSzW2Ua/skj/DTRxvFG32aquZnJ3cqAFWW111jak/g7KvGbq5CsJIIJbd13gaazRa+gy2CHaWF0tvo/Y9/U+Y18y3uly4wTv7RpzLkOoG5DucaS8ua3Oh0zKyyOjLI7ykagim44O9dtqclsgqCpyrKyoHdl9NAPhVNNaUtgkuMyocNbZSc8dqHk5IEZyoAjoDV88CebKqd07p/L5UfQ4RjZgDzBzdyWPH7xD5r4bi+0GIGHstcVlhgiZjCkanthp6RtSVjjj2t37NzDB0vu1w5gncZjM2z2/dgkkTPhtpV08eHc18arnmHGRKDVm3Hkenlmgj0k9K6DMFFmT4sLZsgReTO3BUK4VA6AlbCETpuyjQgkDRgevuqPgcFZxN42rtru6AgPJkBmGoEEd0QPEzNErPewqnq1gT65bb/AD7Nqg4vE28Jdw+IAVbTgJdKszLbckOpZjr3h3Tp3Q066SKmKcaXK+0IX+S8NJBtOQCYPbDXpsRvBj0kVonJOG9nJdA0T9cYC+ER7Ou3nRu/YF2LiOMraydj5giQQZ9/QnevLeHFrvuy5UG495zEmAI339dNa3f3jNS18I/X/sGdilh+ythyFUnW4+b2znJM9SF9460B40AL94RoG8/ujx3owL1u+pvDvBjFtgY0DHMYI7yF3IkaiBMTqjc+cdNvGX7YWQYMhiCMwBGmx0g++pOqxtmTSvvJW3jny9dgHXQb+Wk/hTTwHFC5lYdZ+W9UVwvmC7BSSQ++uVvlodBHSrT5Ex4d1UJcXKveBXr4jLPnUoVsGxlyAEVH3GNFpz+yfwqmsLgsUgC2jdZezeyILqBmtlluBYhQLhyhpkCOgq1OZOIC1hbznSEMZhGsaQDqT5Cq54Xxu1dtJnudmYIICs2+ntD9nN6FvKm+r5MJEBOk7Q/y9bvrdV2W+UN3QEuYX9Htr3lJ0HaC4dfM0zYFL2RpDiSWiXJAdQcs6GVadBtsKB8A4hauZoxGYsI0Xbp4abNA6GaY8LdVQPrtAN4p6ZV9xPPjA8yueG8QTty9/FWpQZbam4gPeYzPegnpt1pq5cIIY+0Z9rNM6nXU7eQ0qhgxuYoC5p3juI0LE66a71dPJFqEaCGzHpOnrrHgPjU/UdlAbyjENaFzt4jJiWYWZRh1DLMnKWE+8AHfxpSxuFa7aZEYqzL3WBKwRqNRrE71tj0CLdyQ05ToJ+0Pw8aX7HNLoby/VnIuZBEggXFXVg/7R0IXpVxYbE+0k08ge8snl9SLCSys+pLA6TPePxn41x5p4WMVbFpmyqCpkCfv/lU7hV0BBCr1HzoTzvzJbwaI7oSGYDuAEjusZgkSNNvOuf0+BNdg+/vGeqynUNiIH4fyZatNmbFXD02C+e8/0aP3+XkbDuiX2EoesgdTIB2NecBx9nE2xctXA6t1H4HSVPkYNdubONW8FhHuNJJUqqiJJYQPCBO5roDCntNfrc7csZ822b3etjpC/M1ZPBeUsLdIW4bhJGweOvgKqqy3eTyj8avLlUzcH7Kz72OnyU/Gl9QlKSOZETKm5gw62sTetoIVHgCSdABGpodmopzgf77if/VNB5ptRqHaXpimb9Hfs4zx3Z2npPvpj/su3bGfEXwGIg/aY+OrAn4KKUeJ3yuEusDBCkg+BnSomCx1tkM3ASWnfWkZD7xyqTVRnw+Dw36Yt6zI+rYM2uZ+8sAEmRtEbeVMr28wGYCOi/ZHu6++kM8Qt2msuxIUMAYBO+3lTFd5qwoUEswBH3D+QrknNnyoQLIs8SnLiTG4+kB8OT/xLEHrCeU+3P8AXlTlxC6mQgSTGwDSfD31WvDOY7TcRvNa+sWBmEFYAzSQSNDJHrJpn4nzThQuvbH9kdmB7zJ/CrsHqJjAKyLqcOPK96q99r/KLXIGf+1sS1w6m0wiZj6xNJJ+VOnGOGNdMtmgBlhdPbgNr6CNI3NVv9HnEhf4leK2si9mxAksQO0X2m0q28VbHZjQ6ajXyP8AOszYy3xGjGYwmMAY9x84j8aYW0AMKBoo8I0EU3XsU1lhdSClxQwn2TIBIJ6EEz76rjm61BnI2jEzJPWj/A/pCwlq3+j4hgVWV2krDEQQdCJmNZFZ0PThA2lt5Q/UURqXaTeYebC9sBUCyfaJB+A946Gk21Za87Aane4zaKgO5cn2F237xiAANjvMHOPChaDW0NxidAquvxJO1VjzJzbfxA7JF7KwDIt2xA9Wjc+ZmrPRZj3mPH9Sw4UI6dKY+TLf4LldBazAZlC22I0D22i2SOgOq/46AcRxdzDdpaezmBBt5SM72QzSSLZ/WJmIbSc2UT5b8BvTg7JH/KTy7wCz75BqBzDzavZJbxVhcSqmFeSt1NDs4IJ+IPnTqnFc6iTNOXv0QsOwxV3D5hm7NLrqAWIhSG0JEOCR+wetdsVctthlbE4hnfK0q1x3h/sygG25E6EgTAmgVi9g77DKcUvQKxtXN4+/bJ6DdjUjssJbUsTiWEEFR2NuQdwciAkf4hU+QLq3YfT+GIdQeSIzcPx3bNaS3bNpTLKp3RRpnfoiIu3oq6wtVlzni1u47EXE9hn7n7qqoX/KBRTj3O2ex+i4SyMPab9acxa7d/fckmPEST0mNKV+xMDXoD8VBH41TwIclcKuAMvjPlHzpr4lj73ZAoWtlSe8mbWV06a7dCaT+GXVRgWBPpTtwhGxmcYeEKCW7RjJzGBlyQTEayeo8akyY9WUGrgsDqEgYO/fFu6He6ym2Ya6Zk97Rc2rn2dpjWSNqM8iXLar9dlbNBANskiNCc2Xrppp+NccVytibaNduXrZTTOlpSCwOks3tNE6STqRtXvCsA+Utbe1czKArs6CV3WR0PSm5hvxcrwKC+5qWFwHiNjM6qqyrR3UC6EAr0E6HpNMdjEoVYsoGpjQTl0gmkHhPD8U1wM1zDWgFCwrq0gEyTI0Op/Cjn9m3spLYixOpIzqAZ2k5R8aV3qPh/SVFMbH4hxPnu5i4uBwAIgiOvUb1bP0ecx2TZfM0FY0nf0HToKqjC4240L0jvQoJA2JE9YJpx4LxEZH1mYIm23poVHnVOTp1yVe1RGPOyAqOI4X+MoVu5dSSsakaFgBsZP4dKk4dEdYDi206wVBMfekGR61X/EeYXt5lCLBDZWKFW1mSJPRjp6CoPDee8VaIhg48LgB+Yg0bJpoD2gr3AmX1wx4VRmzwN8wM+MwKTvptP8AdLWu9zafC2/+1a8L+kq12alkXNGoDrA+Jpe555wGOt5FVQlvXQhpYiNSNoB+dJGVLoAwsuHIi6m4iTy3cuLcm0zq0a5CwMT1y9KbOeMXf7MqUdrZtrLmTDBjAJO+9CuRFHbPp9jT+IU+cxYbtMBdHgAfgwn5TWeneQPfFyOiTcpW17Q9RVxck8SVrh3BJ2KkaQBvt0+dVJasfWAT1FXDwXgVsOCGafAGjyguhCwjKz5v/wDrcR/6h/Kg9HueMKbWOvqZ9oET1DIpB/rwoFNHHJxLL4hxljh3RV1MRO3tA61FwHMV64MrWLZ13WQdqmPhZUg5TIjx/DShTcuvMo5WfAQPd1qJySDOhjCgwnzNduJZW8pUFSO6WkakjaljEcz3nADKkRpAb/8Aqi+J5du9mVPeJ1DS2/mJg0vvyjifAfOs6QBUILeYvrbZwQPE25e4w1l7r9mrB+6RmyncHQnpp86JYzj6kT2ZSfBw35UHs8u4lZ7k+QJH5VzucExI/wCE38Q9fu1bYPBkRVvae8s8bu4bENetqGLgghuokE+/QU8//NK8bahraA/ajUb7rrPjoar2xwnEBv1bRrMedeXOH39fq7up+5/vWlVPM8LEn8U5sxF1mkJEmNDtOk97U7VBNuXLvHfJbfqxnaPOol3BXv8AlP8AwH+VSMrBBmRgdtQRt7vCvaQPhExiTzO16WjKJ1pm5Vw7ZWJQ+4jx8JpRTGldvnU21zHeRCisADrt/vUvU4cmRdK1FMpIjHy9xQ5rivcFtQWy55j2yd9uvjUDmgKVWHViWk5SI1Bob2gNpGJEsPHz19K4G8nhPqaaLnqM78I7rAgmfKpvE7kIdTqaH2cflIKokjxGn+qpuK40XEG1a6zl8/8AEf6NTvjcuGqJZW1XUXzbM1tZukDLHxmi2GxSiPLzH8vzoNi8R9azabmrBbbVHAQtwXhhd1BaAfKmPiXCrmHAu27uVtQO6PugmZ3pT4bx57TBgFJXaZ/nUviXNFy+AHygAkiD4iPyqPJi6g5QRxPMCZ3scSxjyP0hog5hJgjSRH9b0sFZozhscoRyJnKQI11I0oQiN90/A1cpNmMT5yZwhwjktaW6MsZW0G4123/nRC/xFTbdRgrAke2ASV13GuhoUgf7rfwmp2Dw7sD3Wjr3T/KtLULMcAGNCRsPhsxjKN9qsjlHlG3cRi9kHzzMPz9aUcLh3WItPMzJU+HoPxpt4bx/EWg2VPT6snod4IHU1yeufM61iNfedPDhQKbAJiPxWyEu3lCkIpYDy0019aCU4cYw165buHI5ZiNMum+seFLg4Pf/AOU3yroYHLJ3GQ5BobYR14HiMIMPbF42jCiQ0E/DegXN+LwhdRgoCZe/CsozSehAnTL8Kj4bC4xVgWWg6aqD8K0xHBsSQv1R67wKYDzdQMtFRVzzgV+8rk2yAxESfUUf5qxONt27am+SHBlVgCI1nTWguE4XjEMi2f8AIR+NEMXhMbeM3VE5YB0H4Uhhk9QEEVIyj6h7RVBJMzrTdwXGYx7kdo4H7On4UIHLGIHRP4j/ACotgOCY1TKEA+Vwj/po8tlSFIuM0GBONs7Yi5mLMwMd4knTpJqD2TeFN1vl67mZrsZmM6GfmQJrr/8AD/8AUivK1AAxyY9o3WFBolatisrKS8pWSrYqVlEbCsrKnMYZraQTsK637Sx7IrKymiKM54a0pOoFTGw6fdFZWUUGQ3w6kgRpUm3g0jVQfI6jbwryspniB5nO/g7Yk5FPqBUGVn9Wn8Ne1lAQI0Tlc4Zh3ALYeyZ3lBWictYM/wDlbH/tr4+nnWVlZdTJ6vK2CP8A5Wz/AO2v8q4HljBf/i2f4F6V5WUKsb5mECdrXLeDGv6JY/gHhXQ8Hwy7Ye1sD7I61lZTCZlCc34ZY0+otD/AK9PCbEgdkn8IrKylgnVGkCpKwnC7MOvZrBWduobT8/jXK3w61PsD4CsrKJp5ZLThdrfIK6f2bb+6B7hWVle8QTzB+KwKADTf0/lXfC4K3l9kV5WUDcQwTNL+BTKd48OlQLOASdBGvSP5VlZTvEVC9rCrG1eY3ApG21ZWUEKC8JaEzt6e6pLWlIMgVlZRDkRZgJ4B2HvqZhmrKymNxFXvOWKutO58KjdofE1lZQjiMn//2Q==",
            "productImageURLs": [
                "data:image/jpeg;base64,/9j/4AAQSkZJRgABAQAAAQABAAD/2wCEAAkGBxMTEhUTExMWFhUVGCAaGBgYGRkaGRkeGBcdHhgfGBgdHyggGBonHxgXIjEiJSkrLi4uFyAzODMsNygtLi0BCgoKDg0OGxAQGy0lICYyKy8vMC8vLy0tLS8tLS0tLS8tLS0tLS0tLS0vLS0tLS0tLS0tLS0tLS0tLS0tLS0tLf/AABEIALQBGQMBIgACEQEDEQH/xAAcAAACAgMBAQAAAAAAAAAAAAAFBgQHAAIDAQj/xABKEAACAQIEAwUEBgcGBAQHAAABAhEAAwQSITEFBkETIlFhcTKBkaEHI0JSscEUM2JyktHwFSSCorLhQ1PC8SVEc5MWFzQ1VGPS/8QAGQEAAwEBAQAAAAAAAAAAAAAAAgMEAQUA/8QALxEAAgIBAwMCBAUFAQAAAAAAAQIAEQMSITEEIkETUTJhcYEjkaHB8AUUQrHRJP/aAAwDAQACEQMRAD8Apwe0a6outcxua7KKWxjVnZDpWiLXWyuhrFXQUsGMI2nI714RW5XWvSKK4FTQ1qTXQitCK0GYZj14d66MK9VJrCZoE1Wu6jWtWWu+XagJjQJuRUEpqQaKIu1QVQlyACSTAA1JJ2gdTQoZrichaHQ1rr40WfgGJWc1plgScxVSBMahiCNa44nhN62od7TBDs8Sp9GGnzo9UTqXgGQhPjUqzb0FaW7VTbNowtYx2jFG86La0rfBWtffUlk0rbApUxbaVqu4kgW6hMvff0ouLW9DVT6x/SlYzzHOOJFuLpXe0nd91ZcSu1ldqaTtF+ZBFvvr61Oxi/XqP2ajZfrVHnU/GrGIH7tYT3fYwa7T9ZFxVs7VGuJpU+8e/UXECiUxbQXdEVyKwKl3ElornfHypwMWRCeHH1anyqJiU7tEMGn1SelcMTa7ppQO8aZBA9n0rfFezXjbr6Vvih3ffR+YszRV191bZa8tt3qk5aWx3jE4iqNzXdK5R3jXdFqtpGokiwNK9UaVtaSvbY0pIO8eRtOJXWvCK6Ea1p40yLImpFagV1etAK8JhE1autob1zuCu2HSvNxNTmGOXeXruMuFLWUZVzMztlRR4sYP4UbxfIt5DBvWDAJJVnI0YKfsdCwB9a8+j/hl2/fazbbKCmZ+8yiFOk5SCfaIiY7xqdx3kXiS3cqYtSG2+vvDLmaTMzAJ33rFAPiBlyMrUJC4xyffwqh3Np0mC1p8wU/tAgEa6bUD5azLiQVIDZozEE5fEgDUmJAA1MxpTzxvl/G4VUN66HtXFyuc7uWYHOJzsSNQTIA+dL/JuDLYy3CyO1k+QAJJNKYhSYy9eK2+cjcy3xZd1a4zsACmcNDNCqZltsuc/vH4TMFfccNFwXCVchGskNlIXumGzFJ0B1AOhjUUL+km2bmJBA6H4k/9qaOD4cngbqBJUg/C8M3+UmgU9oPmcrEF1C4hC3E03cscsNiVBNxbdtYBdhPebZQBqTS3ct6U3cp8DfFFUGQqiklbhaNYAIA+0PP8hRO2067HSCRCF3lG3mCm82X7/Z6AFsokEg7xp79tajcW5X/RMpW8t5GYrmUZSrCdGUkkey2vlQPGcl3zigBdsKwcaZboXQ6D2CsdI2pq5t4Vdw9y0GyKjrtbJhmQ6kodj3zrOs+WqSVKbGbhzOzgEVAYt0Ltr9bcps4Ncw6OWxILLsiAMS7sQFGnT1gV3x/NHCLLd/DhZzb2ZkrESQSdiPiPOt6fCXXVcpz5wjVUR8Qa8sGQPGnnnG1w82Js2+yvHvIIYC4oYBv2dAynxpKwSa+lNdNG0FMmvcTXDWpvL61Nxif3n/DXPCj68etTr4/vXlkpBPd9oZ+H7wcy941Dv0UdPaobdXWmKYppFCxJqLfGlEbywKFYhp2pi7mC2wh7A/q19K9vLKn0rMF+rX0rqBM+lL8xkBxqPKt8Q/ditQe9FeXxt600RLToEIapOWubDUVtPnSmjU4iuvtGuyjrXIDvGpVvaq3kaSThxpW6p3RTXwzkLF3LQuxbRWXMA75WiJnLBjTXWuZ5IxYts/ZghZlVdS3uWZO/SpPVS+ZTW0VQmtasutTWsw0EEEdK1OHJYKASSYAG5JOgFN1QSsh3lriFpl4lynirYzPagbRnQt/CGmojct4pLXbG0wQa5gVMR1MEkdNSK0ZF9544X5qMifRRi8oZrtlSQDl7xiQTB0306TUnDfRdfyFxfsmBMHMPnHzqx8SiLbUtdQZcsnN3jA19ZJb4mo2DfAZixvrLACO1IBgaaSBt4+I8aiPUOWq5gFRd+inAdlfxTXBBtJladY7xzf6KaMfjbV3EKEAOWCZWN9REjWonIeCJt40g5i7lJn2oBkz6NWi4O8l5s5ZQzKE1lgFEanbeTr4+6r8TNpWZkRCGJO4qv0hHnvDqcKpgSGEaeKkUh/R5bi5ef7iN8zp+FWTzYs4Q/wCH8aReTLEWcQwGpIX5k0jqvP0iGNYD/PaKvHr6riSXGipmzBSzKQ3dKxoDJHtQNtQYpq5XdbmExCoBlIaNCJm2GMg7GZ8vxoNYsXRxO24DAagxm17jaQup1jYEgwQCRFNXL6sb2KU6ntNfagzbUH2iT0O+vptSdigIMgXMSgQVV38+Pf8AaVfctd0+RqyvovT6q43iVX4Zj+dV7ctQXU9DVkcirlwJaDq8mN8qgBo8dJpr/CJ1mba5PR4cnz/OvfpEt5rNl49m4R/EhP5CljDcRVMWwtWpDAJlQqFcs0o8CQIAbWD7Sz0pq5sbNglMR3lJzE5pI8DBnXw+FeGOsZ+kXif8RZX+LRj2eRgGFxYLDMNZGoBE7zvuBVcc13rhvMlxgcpOwiMwWfHwHXpVnEd6yPG5+Ftz+VVdzT+vYeGnw0/Km9J8H3jer+P7SyOOrc7PDdoyP3WylUKGO5IaWIP2T0qJwHs1uqboLIDJUCS2mgAkbmBRjmJPqsN45X/6P699BsJZDOqGQHIU5d4Yxp8a9lPfDxD8OOnFcdhMMEuNglBYSB2aFhIGWSTHwNT+JHBvhTe/RghuCLdxVWQ2XMgYqTAMRrSt9JPCLhNtUYAKoGukBREDfy02pi4rhR/Z+Gy+zbKH0zWiPxj3xTC2xG0QFIo7xHuJo3rQx11piweDF1mBcW0AzM52AkDxEmSKkXOAYTNlOMHU7257ok6Zp/7GkYsTOLEoZ1U0Yn4pe6TQewkgmKsDmnlRbFg3rWIF1QwVhEESSAZBIIkR765YDkZ2w4um9aRWE652I9YG9HRTYwSQd4Dw5+rX0rLl/LtTlhfo/utbDW79lwB+2s/FdKS+I249x/ClgQ9QPEHXFhvfWuJPdmvMVczOo+NdMYkWzTB4i24M2d9vSsrne+z6V1pbCMUxdVe8amWF0rjZWWNTrNrWn5DJ8Ylr4e7/AOFWrjXGaSRccM0gZF7sg6QNI8qk3msCxaNjGXsty8i5y7PJJGZdesT6ECuOHz2+ClxasHLYY9+3mJkHUmdz6UB5C46bmDaz2FqRetKGAIYZnQFp8RvSDTA0OLnuPMbuZ+BYGzZvX3s6jVn7zMMzDM2+p1JpWa3wxlt3MPiGs4kQyAq0XCBsqsuhmADsCRoabvpFX/w7Fw32QBr+0v51XNng5A4Y5/4lzLEk7CfGOh+FRdGSykk+/wDqBmyFcgWEudMNesm12dzs5AlmuEy2Qk/YP3t9NzpQ3H3cTasW2zI2ZzbLAqyxl00NoGSFiZHsroekz6WDLAbjtPwEVvjLP9ytKBouIQfxOqj/AF1QoogfIyXHkex3H85ZuItW0wqpeIjIsz+yB+Y+Jr3gyWmtlltDWAZUTEAj4AjTptpFd+JFAMu5IPmBudR7/mK04bccqQFygTB/CpmrVOgOJE5KwTDDGCBNxjuRMQOnpULi+EZb3eVSPEM87KOo8jPrprTFy/hwMOgI6t83agfHMKovAqNRH9b12cYpB9JPkNuTCXEMOyYJw0eyIAJgR4fjSPw8lMKYJGZydDHlVg8Ub+5v1OQ+u1V9izlw9seU/wARn86B1tpl/hkQRyrdZuI6MxmQe82wWemu4BgbxHWj/DCU4hihLa9mdSx6MOsRMeApe5CUtj3iI1mY1EgaT1kr1GgOtHFaOJ3h/wDrXw6HwGn2qiQn1a8X+0iUU33/AGi7xXDZblwHedfWn3lK2VwCawSrGfUmDHXpSzzJZHb3fcfiJ/Op3DOasPawJFy6Fa2gWOyuECWhdQYb3V7Jq00Bc6grQLPie4PgaM8uxOpJVSyWzJ/5YbX/ABFhTpxbDqcDcVQABbkAaDuwdAPSqasc4Yl75Fl0ZJ0+qIMe81blri1t8GfrBnNqCCjrqRB321rMTPRVvaCNIIIIiJw/AvfxAt22VTbtM5LTALMFTbxi5SPzNyJjhcLC2LiknvW2BAliZIMEDXeIEb1Z/wBH1osuKxPR7nZqf2bIg+7OXPvovxLCm7ZuIr5GdCEfbKxHdM+sUIz5MbhVqozJ3sTAnHOCv+iW2kE2hLAToCok7TGg6Cl3gNjPibI274J/w6/lVmcLUnCKlwZbhHfQkSM3tgGO8IJE+VJnKuBK43K29pmB9VDA/MVW1lgTNUgIQJ055xf14WJIU6esfyozif8A7bpOiWz7g6T8ppY5uH95Y+I0/iIp34LbDYfIRIa2RHzrE3dp7JsqyquO4djbGVC5F1CUG7AONB749wNK3GOHYx8UHOGuhgykAIWAgyBmURVucmWycRP3VPzgfzpkxGKCMXaYBEwCTqY2HrR9P8FwM57qlcc0vca1aN2w1ltRrENMQJHhDb+NWbakIg8APwob9JqC5g0I+xeU/EMv50TbQCmLV7G4DmwIVwZqluM8LvXcTcS3ble1cM/2Vhjp5mrmwR0qmeOcKuX+JwizkvXGYkoABOh75gmaJ6sbXBUkKSJF4Vyvee6y3UCBdmUo8nLm1XOCNPwqBzVwu5h5S4PNTsGAMSB09KJ8qcrX0x9w5kTTY3LEtLA7Ztj5UN514e+HvXkcr3rhcZSpAD67LoDMyPHXrXnqh21+czG7t8UFYjTJ6CuuYVwxh9k+QrTtqmIlYNSJgR3mNFsugah+Bt95/WjnDMLnKoSBmYCTsMxAk+VblO8HHxLF5j7a3wZkUJpZymWIgAAEgRv8qVPoZtDJeYmO8oB3g5dz8RT/AM4Br2CxCWntOxtlQEZmOoIhVC6mCd/yFIPIVn9ES7Ny3czEZrQJDrAENBGg1IqfKQcbIh3MAdrBm4hj6SbvZYcWg4LXGAY+ABnT3105Ewi4nDYPtJnD32YZdJ7rxv07w+FLfPmO7WTlYLplEyRlUzJiIJPyFEvoaxb3LjocxVAx0jqVA306mg6VaSK6l1y5AVhD6WOHWEt27gVy5u65m0130A86IDh9m5hTkRlKYlDOfNpbv22OkeAqL9Ltv6m2CLntSo7hBMjeO9RLguIKWbxgmLx0A+8UB/E03SPVFfOv0kXUasbIFI3I4hG7xhmLWjbXOVlGWSIB7waSCSAZ318jU/g4ukDOQBroPUwPw1mq7545hu22R7QuWgvdN0oCQpIDaMuXoBEeXU1nAOO42ROIZixhA1i3BkSJIGn/AH8KV/bud518rIDS/eP/AP8AEeHs21RlutlEEiIMbkS21KF7m/C4h3ZAyZejEBjHQAMfCveOEKkdFHv0FVfihZzXMy3M/dyZSoWZGfPImCu0bHeaucsFCg1Oc5N7S5cTznhP0NiVvAZmtSNiwWZEPt4ae6gnMqnssimCEgHzA0+dBuVMMt3AWbIIL9ubhHkuaZ8F1UT+11ph46FIYzPlpRX7zwO0QuTeKlMRJudmzGGglZmSRPhIHwplvYsnidvsriubiZXbNmKhYdtR9oi3lE/enpQSzy4GwL4sC2GNyARdkjxXsSpB9ZnyqV9HihsQWuMSyKcgkAAMIY5QBJ1ifOoxg/8AQMl/aJ0d1wnzzi2TEZUUtcvW1FtQNyCwYnyAAJofzLhFsYbKTJKW7cHxUGTpuZJPuo9zsblq9avhQtoJk7VZZlmWuCPst3VyxMgP1hTW3EeL9uFQAC0jAi2D321+0+sEydh161YQF+8ezbVBwt53AYgAQsgKug9IBMdTqepq2uF464+BdLSohCZV0LwAO5AUzMAxIHQ6wTVY4TBNeu/VL2aO0KpbOQCNi0At11qy+XcMbELeuIzMzd7qSRn73XbP1jb3K/uMauEZtzBAIgy/zZcwVhUw+UpmYFGBIzKVVhOhBlgd668P+kK1cu9nc+qPskOZtn0bTKfWPU0U5p4JbxKNcW4JgFlyiJB7twEQQymJ6MuYbmao3FuWdmIgliSPDXavP0q5DZ2PuJXjyUJ9ccL1tqwJiJ1g7+dKPGLZw+JxGIRtgCFPsnMveJ6z3D1+0aVfoU5guJYuWmYuiOIVj7IZdMp+yJB021ovzbiWHbkk/XW8w8AUVhlHuk0GVHVBvxNRu4xUw3HruKKFhbkgzC6gl43ketWJgsQ9qxbytqUbppsfEmqj5W9oe7/UKtPOOxs/uH86mR2HUab23leVR6IPmduS7feut6D8f9qIveGeDm1O6gmII3j1/Gg3LHGLCC8jPDKA5kGMpGmv+E0rD6UkS/HZZ7ZOjBiGjxKkR7pq7C6hakmXGxN1LJ5vw4OCuAT7SNt4XFn5TW19oArzHcYt3MMwUMc4UAER7TACfjXt19h+BE0SFf8AGA6suzCEeHXJFV1xXgto4u5iWnOLt0AmOzCiJJEbyRGtWPw4aDX+vhVc8zOzYzEWgwyW1zMB7RNxmY+6AlO2Xc+J7GpdtK8mBeAYScS7WkH1o/XuXLHQEi2IhUPRp12qD9I3DmtXSW2dFYETErKncb6LRnk/gqvdVkVyg0JYEAafeAhh00g67VK+lzg/Z2FuANAOWRtBM6np0+dV5vROPUrXtFIOoXIcTpRBP+uZWt5gQPSoeWu7Lt6V5krl3UtqSuC25Zpo/grf1qfvp/rWh/Bretw/CjeBsktbH2jcX3w2Y/5VJ91LyfHNQdkduF3CttiPL8ar/lpS+IxVw9AF+LT/ANJpuucbTDWmN1GI09kid/OhXBsMERyJi42bXfbT4fzqTBjZc7sRtU91Dg4gBBnFuL2rf1dxZzAx5GCP5VI+jDGvaS+1kgHOQZUHQxET+6flQHmPDdtetoPaM69BqNT/AF1pswGFTB4YIomWk7ak6T6QJ/71XiwohJHmc7zNOZ+aA7W0xlvtQG7gGVQGkbkRUrknmK83b5+/a7QwhyrqApYyokwSvX7VV/zFihfv2wRlBBA69SNvOBTdyXgzbs3mZswL5R4CAC8epyz+7Xk6dPU1eT/PtCVjc8525ztKVttgbDhgZzFjsR09aKcpWbRsriVw9uwXXuqnn1JO+kfOq25/aby/un8as223Z4eyg2FtfmoJ+ZNUekoNiMZ+2oP5kxkKxJ0pBTidvJiE7JC1wIquQc1vszqV82jX30x80vmQKftNHyNEOVuDWOzdnRT341E/a/3qXq+qTCLIuKAuE+TcJbsYY3FEG8xOupCg6Cfj6wKGcz8RKIzDUnb1O1GSQLKhdFBcAeQuuIpU49bZ8qopZiw0AJPwGtUBu25niLfD8JeuMAgBzeOgnrR25y/i8IVxIyhrbAiDodNVPkRIPrU7l/hWNtlHXDFsvk3XxgGPhUnmazjrtrK2HuKM09Y2j7Sqagc9T6w0AafMEiPdjE2sTYyHW3eQH3MAR/iBgg+IBqksTw0Wb120dGRyPKJ0irF5ZtXLdmyjyrKgBUyCPCQdaTednC466ToJ18avyGxQnmO20GYDNKkOR3iNBJ69P63opg7LHEoWxD+0YhUkdw/eYAeGtAeHX7WYB2AHn0J66DWKdOGcMuG7bNq07gmCy22iMoIMxG4+e+lIrTlH/IRJjJZMWbkM2qECR1Om4lfnVIYv22PiSfiau/E8PdLFztLZXuxmdddwPaI1nwNUfeHeNW/5R2MR4+ijFZbl9PvIrfwtH/XT3ziZwvaD7BIPo4g/kPfVY/R9ey4r962w/A/lVoX2D4W8p+4T/B3h+FeI1Agw27Wlecq3BO/h/rFWvi8GVw1pxt2bD/KTVOf2eimF0jTc9Kufl3CzhrSMT+rA1JO66/jXOx4wc+sGWZmIxhTKyxeNdVxzqSO6qaAHa0J/1UhWn7wny8KdrwazhMYtycxcrJ3JYAD4aCkd11HuFXIo07SfW2rfxLyv3mOAbX/gk7D7Kg/lSDzAhW1h7yMRmtkjLIKnsxEEddKs3huBV7HZg+3bKT+8kTVU8QxNwItlwAtsHTqJJWD4EQV91L9MIAYjqH1vqlq/R/zTiHwqG7DuR3WK6mCQM0HXbeoHKGD/AEnE3792SVyBz9+5l8ug2jyFQvo84vb7EWzvbOoHUEkg0T5bxhwbX0vju3bjXEdQSupLEHToG+Ap2J9Nm+YsC418N4nbZiq5gFPe6KvfKKBGmpUx5Qetb822Vv8AD8QupzWmK+ZHsH4gGoHLdiwUAt30uBsjPBEsyAeegJAMevjTHdwyC33nyqqgE6RlXxnymm7VCIINHmfNLN3VrzNXTG2wpyjZTA9xiuM1CZfGfl2zrc060w8KtntDdIhQMqabn7Zn07vxoTwduzTEPE5VLR4wCaOWmyxaUyE7oJ1Om5PzrCO4kwAe0ASLx4ZwlvrcdV9MzRNbYu+BougGgHgKmcQ4awW1eL+ywOWPEwPgWmgl7C3rgLW7buBvlUn50vHlRwSD5qL6hSCBIPALgbH3CdRatSB0liBt7wfdR3G4pSpETHlS7yJg7l3HYhAIbs9c2gXvLqx6bU9XeTngxiLJaNjmA/iimZDS7Sb02PAlOcWZmvFgSCGgRpEGNKtHC4bscNbtHdVlvNmOZp95+VJdvgd1eICzcUfrMxIIZSoMkgjpTlxHEyTT8O4ueAK8ysudnm+o8B+J/wBqvPhPAbbYdL9+SotgrbUwWAUak79Nh618/wDNDl8S0b6AfD/evo6+pYyo+rsJl8gAhX5n5CjdqEdgxDI2/EW+ZMDg3t28uEuJmMi5mcqNx3jngCepmhNiyLaMEYXbWYHtEM5JIMXUPet+uo86Kcxs9sYewXzBi4noD2ZQA9cqzJnaT4Us2Gey6MuZLiAA7kkESRl6qdZT2dJEEac7Mq5Vpx9/YzrN/S0dfwjRokD3FkftGazge0Fu0pCg5izMdFGYtcYnwHePyrhxnizW1XD8PQrnIhgqtfvQCcxLgraTQmSJA1EVJ4dcBsZoADqSQNsgLXGVT0Byovvrli7jWbVvIgfE4h5ViYQZBnzmPs246HaREMVqtNlAE4ORSrFfaDcBh8S6Jcdi4LICxu3rj/WhSrakALFxZI00PhUrimDxItA2C4Zm7sPeR5YlVEg+InvQsQCdaNcP5RMA4m9euuD0fs0E9Aq7ajxPjvXvEuW5TNh7922xXQ5xcttJkZlb29hEnSaQ3TMcgf8AeBpNTny7xNsRZtWsXq2UZbpCi4hJhSSsLctHTvDQ6HqDQDiPLVjEYq726sWU5cuYqvd8Y1O/jR7h6s9rNdX662QLmWcmQCAEGyoyktJgzoBvALi9y4cbeVXKAZGZlALFioUxmBAEox2nWh68uMVqaI8zGNQtwrgVix+qtW0PiqgH3sZY/GjWCxhW6VABIUHedzuRvAAJ84NK+IxV7C3LBe6b1i/cFs51UPbZgShBUDMpgggifOmNEK3VI7RzcIACgwpWCCTsqeM6GSPCE4ENBib+cpRS2y8xnEXLRDZWDAg9VYTG3gfCvkvHWgrke+vrPCllR+0GXWSxIgzqY8I2ikHBcOtkDuJt9xD+K07P1Y6cg1dxuNTVGU7yg8YlfRvwq0sI/wBTe/8AScfFSKaMNZw1ojOtqTsOzSTrGwXxIE+dHMDbsXF0tJqNQ1tQdQDqCPMUWPri66tBqY67z5yfGKWmRrr8d6tfkLiYuYYag9mSh18NV+R+VJOH5NN+7dYXVgXWBUoywc5MbRsRt4irE5O5YXDq6kg5iDpPT1rRam1BMpZ1ZKJEUfpWwcKuITYsC69GI0M+eqkeeY1Vb4liTl2nQeGun5V9C828sXb2EvIpTbMJJ6DXpvExXzzaIqtRUSlOauXVyRxI3MOjMDniGM9Qxk+86++lj6VcFLpeSAHBmBHeBGeT1ksh9c1bcmm+LJIIyZjlA389aKcY4M+MW3YDhDDvmaYENbnQb6TQoxa7m9ViVCAtxc5AtZbxljJQH01H8zVjc04cDDMZl1Q3E8mtjN8CO6fEE1E5c5Jw9plLYpmbLEqFCmCOuv3hTJxXllb1u4lq8c5RlUPEElY3GoHnUunL6wNjTvY95LREqbg922+JSwFYkNAyzJfrIGpAEAD949auG1w7uMWToZAYE7dQDoK+eLeOexeZVJVzcK3DsYDwVkbDTXx9BVtcBxDKwhiI2iu0M2NEVAOInN6mXK2Vm7jK543bC3rgBkBjHp0qBNTuYcQGxF6BEXGBHgQdY8p28oofNc7KqhyF48TopkZ1DPyefrHy4hXD4g+Ntx/lNOeB5YuN33dUkgxuY8dNAddvwpVx1s/o96BJKPAG57pina9fuhWVQ2XKLQO2o0JBOkkBh46+Ws2a+B5m4wzEBeYN5owuRUCFyojUwB7SgetTxgHOVEKi2o1OkAAd6ZGh3pd49i8XKW3ANqR3s0kGZjXUgQnjGYa6xRu1is6SjSriSswQTvpv7iINQ5MLY042sn/Ufjcep3EXVbxf5acHiOMkE91FifahmyyfDSad7qtJEJMaaQT4iRqI9TSpyvwW6mNu3GUw40BBnu9W8JzbeVOOMvoyqsPmU6GPhJ6g6aCup02FSndtQnO6rIxy1jurobkefFefrfEp/htnNxdraIVbvjKTIBkSZ8N6sfEco2Wt5c7dp9+dP4fD5+dK3LuEYceulkIiwx2O82xp8TTnfx/1+TpER5gEn8qny5jjACmtrjEL5ReQ6jxfvXmUVzXy9ewuLU3ACj3FyuuqnUaH7reR9019J8GsxZHXPqfOdPwFInMmGF1CCk6gQdJ1BBEeB1HpTBiUdLc9q/RQAbsAlVjNFzTVgKb0vU+sLPia66BQ8zpzHw62MjBdZ8SdANv3fLaaSuYcJmk9R75E6j16jzHma15yecVawhxd0XS0QGxAXvJm9rtY8PnSpx3hb4ZLl3EYi8oF427QVrpa5lPta3YXYtqdo6mKrKgiotczpkDg7iPVn9QAAJ7AeyO7LG3MeUBvdXLheKe9iw90pKoAIYR3bitPtGD3QI0321168q99cIAWyuQMuZpKdATMmB1moXN/BC9kXVv4lMtpSBb7WS3ZM+Z0liAx03AWCSdIoVWKfuYtG/jV7PaZLNwrcAhCHUCZA1MnuwZPWAY1qLy3aaxaFu65cg5QAQyBR7OWNhBG+uhpB41yu2bFut/FWzba6LdtS+Q9lh1ujdi0HMRoTsfStsFykReew2KxDTaP1jNdVUYXLIV7bqchzLcbuEmIWYmtOMatVx46gjF6VCrv5/nHTHuyXmCoDnTWRmiXeCPPVgD60n8dxWTH3ifYchJ8HXvAHwnOR6imXljgri3ZVr96SskPJIloAaGgMNj5gxMGlPmfGW+2upezZbh1aCQIRIBI1HSP3am61bx1V3I8g2kFuJXimdyrdi+IvIr5iobDgKBuCfbhQIAltDIh15d4libl1WLnIz3UARBAay8KHMEwwZpJIH1Q8dUrgVm81tDZsWDLFjexE75iqsFJHeZYnxJ2p55Y4XiC4a9incD/AIdlRZtTA8AGbfr51uMqBQjdDFdo0us2yWJJZVIWcznTWBOkmDJgAHpFL/DB3R6Cm+zh1RGCgKI2A1PqdzSdw63KqZI0qTrk1FY/p10ijAvCeIvext5QrSl7syQTORFJ7o+wTtI6T60+4EhL6qoOVhsWYlT3swkn9kadPfS5Y4D2eKfE2rYftcpuIT1AK5hOkwx8/WdGvhtou4uNa7PLtJ1J1A90E/EUaKTVcV+0eco0af4TfMrzjOGBuW2cIn1rEWiGcXotMO/lU94DvDQ6L8J/L3ACguFrys36PbtrcJOYMiuC5HSQ4G8wBXbifDExBRrgPcJYCFIllKnMGBB0Jqfw7hCZ7lwsxa4ioxOXUIZU+zvMmes+QizAaEmeFH4c/ZXBIAKnQMQFBzEgaeY+FVhZ+jzCMM7XHRQJMZY0HmDVsrhlRHYTqrTt9tpJMDXU/AVWXNOEv3rNuzYQsXdc0EABRrrJ1ExTH+KeQkCPHK/LeFWwnZjMvQzM67npULnbhHY20u4bMLk5IUAypBYzOw7gJ9Kn8oK1rC2kaVIWCD0IJrtzO7m3aysFi6CXaYUZH1MMvWBE6zUOHImQEAEHfzKsZb1RqNj5xF5KtXrbntLV1Q8vmVGInYnrpBAI20G0CnTE8VNtWNtWLAakqQAQJiCNQAZj30C4JgbwC5zbBbNZKC22na4hyTo+gzJvAEGNTTBeVjYuuMmqM3strmtgaS0SVAHkaYMRq7MszLh9SwBXyJr9Z848YB/SrjEyWuFyRpJZyTVt8vpmYVUTIWdCPurVrcscVsCJuKsD7WnXz0rOrzMiHTzOKRvEnnKxkx+JHQlW95QT8/xoPmoxzzilfG3GUggquoMjb+RFAM1NonmPxntlvXbvZ2LlyJKAtG05RMfKnLiXEBaUF/aIBVAZIid59keup10pT4gn91u6T3W8fDy1+FEuIo8lrT/o6EgF3KqWjSch6xG8GsYngQ8bKGBbce0XsTdv4nH2bHshgxyxAAUDvMDrAEQae7PD7WEyhQJjvXGEmJAMH7A1/CaQuT2X+0LdztLj3TZuEyJGlxNM0ayB0JHpViXMMz6loEHNMGdQdJ0gFd/LrW7hRZuDlcPkLAVA/DMat/E3laICgqJIOsTMESZ+EUfxGGtaAaglQYcg6+YM6DX30tcHuYc4y5aQZ+53z3tQZiG2bY7aU0YnBWvaKmV09o9Y/wBqE77zUzqmzEiog8vWQvFHKsSxssGVnLZSzW2Ua/skj/DTRxvFG32aquZnJ3cqAFWW111jak/g7KvGbq5CsJIIJbd13gaazRa+gy2CHaWF0tvo/Y9/U+Y18y3uly4wTv7RpzLkOoG5DucaS8ua3Oh0zKyyOjLI7ykagim44O9dtqclsgqCpyrKyoHdl9NAPhVNNaUtgkuMyocNbZSc8dqHk5IEZyoAjoDV88CebKqd07p/L5UfQ4RjZgDzBzdyWPH7xD5r4bi+0GIGHstcVlhgiZjCkanthp6RtSVjjj2t37NzDB0vu1w5gncZjM2z2/dgkkTPhtpV08eHc18arnmHGRKDVm3Hkenlmgj0k9K6DMFFmT4sLZsgReTO3BUK4VA6AlbCETpuyjQgkDRgevuqPgcFZxN42rtru6AgPJkBmGoEEd0QPEzNErPewqnq1gT65bb/AD7Nqg4vE28Jdw+IAVbTgJdKszLbckOpZjr3h3Tp3Q066SKmKcaXK+0IX+S8NJBtOQCYPbDXpsRvBj0kVonJOG9nJdA0T9cYC+ER7Ou3nRu/YF2LiOMraydj5giQQZ9/QnevLeHFrvuy5UG495zEmAI339dNa3f3jNS18I/X/sGdilh+ythyFUnW4+b2znJM9SF9460B40AL94RoG8/ujx3owL1u+pvDvBjFtgY0DHMYI7yF3IkaiBMTqjc+cdNvGX7YWQYMhiCMwBGmx0g++pOqxtmTSvvJW3jny9dgHXQb+Wk/hTTwHFC5lYdZ+W9UVwvmC7BSSQ++uVvlodBHSrT5Ex4d1UJcXKveBXr4jLPnUoVsGxlyAEVH3GNFpz+yfwqmsLgsUgC2jdZezeyILqBmtlluBYhQLhyhpkCOgq1OZOIC1hbznSEMZhGsaQDqT5Cq54Xxu1dtJnudmYIICs2+ntD9nN6FvKm+r5MJEBOk7Q/y9bvrdV2W+UN3QEuYX9Htr3lJ0HaC4dfM0zYFL2RpDiSWiXJAdQcs6GVadBtsKB8A4hauZoxGYsI0Xbp4abNA6GaY8LdVQPrtAN4p6ZV9xPPjA8yueG8QTty9/FWpQZbam4gPeYzPegnpt1pq5cIIY+0Z9rNM6nXU7eQ0qhgxuYoC5p3juI0LE66a71dPJFqEaCGzHpOnrrHgPjU/UdlAbyjENaFzt4jJiWYWZRh1DLMnKWE+8AHfxpSxuFa7aZEYqzL3WBKwRqNRrE71tj0CLdyQ05ToJ+0Pw8aX7HNLoby/VnIuZBEggXFXVg/7R0IXpVxYbE+0k08ge8snl9SLCSys+pLA6TPePxn41x5p4WMVbFpmyqCpkCfv/lU7hV0BBCr1HzoTzvzJbwaI7oSGYDuAEjusZgkSNNvOuf0+BNdg+/vGeqynUNiIH4fyZatNmbFXD02C+e8/0aP3+XkbDuiX2EoesgdTIB2NecBx9nE2xctXA6t1H4HSVPkYNdubONW8FhHuNJJUqqiJJYQPCBO5roDCntNfrc7csZ822b3etjpC/M1ZPBeUsLdIW4bhJGweOvgKqqy3eTyj8avLlUzcH7Kz72OnyU/Gl9QlKSOZETKm5gw62sTetoIVHgCSdABGpodmopzgf77if/VNB5ptRqHaXpimb9Hfs4zx3Z2npPvpj/su3bGfEXwGIg/aY+OrAn4KKUeJ3yuEusDBCkg+BnSomCx1tkM3ASWnfWkZD7xyqTVRnw+Dw36Yt6zI+rYM2uZ+8sAEmRtEbeVMr28wGYCOi/ZHu6++kM8Qt2msuxIUMAYBO+3lTFd5qwoUEswBH3D+QrknNnyoQLIs8SnLiTG4+kB8OT/xLEHrCeU+3P8AXlTlxC6mQgSTGwDSfD31WvDOY7TcRvNa+sWBmEFYAzSQSNDJHrJpn4nzThQuvbH9kdmB7zJ/CrsHqJjAKyLqcOPK96q99r/KLXIGf+1sS1w6m0wiZj6xNJJ+VOnGOGNdMtmgBlhdPbgNr6CNI3NVv9HnEhf4leK2si9mxAksQO0X2m0q28VbHZjQ6ajXyP8AOszYy3xGjGYwmMAY9x84j8aYW0AMKBoo8I0EU3XsU1lhdSClxQwn2TIBIJ6EEz76rjm61BnI2jEzJPWj/A/pCwlq3+j4hgVWV2krDEQQdCJmNZFZ0PThA2lt5Q/UURqXaTeYebC9sBUCyfaJB+A946Gk21Za87Aane4zaKgO5cn2F237xiAANjvMHOPChaDW0NxidAquvxJO1VjzJzbfxA7JF7KwDIt2xA9Wjc+ZmrPRZj3mPH9Sw4UI6dKY+TLf4LldBazAZlC22I0D22i2SOgOq/46AcRxdzDdpaezmBBt5SM72QzSSLZ/WJmIbSc2UT5b8BvTg7JH/KTy7wCz75BqBzDzavZJbxVhcSqmFeSt1NDs4IJ+IPnTqnFc6iTNOXv0QsOwxV3D5hm7NLrqAWIhSG0JEOCR+wetdsVctthlbE4hnfK0q1x3h/sygG25E6EgTAmgVi9g77DKcUvQKxtXN4+/bJ6DdjUjssJbUsTiWEEFR2NuQdwciAkf4hU+QLq3YfT+GIdQeSIzcPx3bNaS3bNpTLKp3RRpnfoiIu3oq6wtVlzni1u47EXE9hn7n7qqoX/KBRTj3O2ex+i4SyMPab9acxa7d/fckmPEST0mNKV+xMDXoD8VBH41TwIclcKuAMvjPlHzpr4lj73ZAoWtlSe8mbWV06a7dCaT+GXVRgWBPpTtwhGxmcYeEKCW7RjJzGBlyQTEayeo8akyY9WUGrgsDqEgYO/fFu6He6ym2Ya6Zk97Rc2rn2dpjWSNqM8iXLar9dlbNBANskiNCc2Xrppp+NccVytibaNduXrZTTOlpSCwOks3tNE6STqRtXvCsA+Utbe1czKArs6CV3WR0PSm5hvxcrwKC+5qWFwHiNjM6qqyrR3UC6EAr0E6HpNMdjEoVYsoGpjQTl0gmkHhPD8U1wM1zDWgFCwrq0gEyTI0Op/Cjn9m3spLYixOpIzqAZ2k5R8aV3qPh/SVFMbH4hxPnu5i4uBwAIgiOvUb1bP0ecx2TZfM0FY0nf0HToKqjC4240L0jvQoJA2JE9YJpx4LxEZH1mYIm23poVHnVOTp1yVe1RGPOyAqOI4X+MoVu5dSSsakaFgBsZP4dKk4dEdYDi206wVBMfekGR61X/EeYXt5lCLBDZWKFW1mSJPRjp6CoPDee8VaIhg48LgB+Yg0bJpoD2gr3AmX1wx4VRmzwN8wM+MwKTvptP8AdLWu9zafC2/+1a8L+kq12alkXNGoDrA+Jpe555wGOt5FVQlvXQhpYiNSNoB+dJGVLoAwsuHIi6m4iTy3cuLcm0zq0a5CwMT1y9KbOeMXf7MqUdrZtrLmTDBjAJO+9CuRFHbPp9jT+IU+cxYbtMBdHgAfgwn5TWeneQPfFyOiTcpW17Q9RVxck8SVrh3BJ2KkaQBvt0+dVJasfWAT1FXDwXgVsOCGafAGjyguhCwjKz5v/wDrcR/6h/Kg9HueMKbWOvqZ9oET1DIpB/rwoFNHHJxLL4hxljh3RV1MRO3tA61FwHMV64MrWLZ13WQdqmPhZUg5TIjx/DShTcuvMo5WfAQPd1qJySDOhjCgwnzNduJZW8pUFSO6WkakjaljEcz3nADKkRpAb/8Aqi+J5du9mVPeJ1DS2/mJg0vvyjifAfOs6QBUILeYvrbZwQPE25e4w1l7r9mrB+6RmyncHQnpp86JYzj6kT2ZSfBw35UHs8u4lZ7k+QJH5VzucExI/wCE38Q9fu1bYPBkRVvae8s8bu4bENetqGLgghuokE+/QU8//NK8bahraA/ajUb7rrPjoar2xwnEBv1bRrMedeXOH39fq7up+5/vWlVPM8LEn8U5sxF1mkJEmNDtOk97U7VBNuXLvHfJbfqxnaPOol3BXv8AlP8AwH+VSMrBBmRgdtQRt7vCvaQPhExiTzO16WjKJ1pm5Vw7ZWJQ+4jx8JpRTGldvnU21zHeRCisADrt/vUvU4cmRdK1FMpIjHy9xQ5rivcFtQWy55j2yd9uvjUDmgKVWHViWk5SI1Bob2gNpGJEsPHz19K4G8nhPqaaLnqM78I7rAgmfKpvE7kIdTqaH2cflIKokjxGn+qpuK40XEG1a6zl8/8AEf6NTvjcuGqJZW1XUXzbM1tZukDLHxmi2GxSiPLzH8vzoNi8R9azabmrBbbVHAQtwXhhd1BaAfKmPiXCrmHAu27uVtQO6PugmZ3pT4bx57TBgFJXaZ/nUviXNFy+AHygAkiD4iPyqPJi6g5QRxPMCZ3scSxjyP0hog5hJgjSRH9b0sFZozhscoRyJnKQI11I0oQiN90/A1cpNmMT5yZwhwjktaW6MsZW0G4123/nRC/xFTbdRgrAke2ASV13GuhoUgf7rfwmp2Dw7sD3Wjr3T/KtLULMcAGNCRsPhsxjKN9qsjlHlG3cRi9kHzzMPz9aUcLh3WItPMzJU+HoPxpt4bx/EWg2VPT6snod4IHU1yeufM61iNfedPDhQKbAJiPxWyEu3lCkIpYDy0019aCU4cYw165buHI5ZiNMum+seFLg4Pf/AOU3yroYHLJ3GQ5BobYR14HiMIMPbF42jCiQ0E/DegXN+LwhdRgoCZe/CsozSehAnTL8Kj4bC4xVgWWg6aqD8K0xHBsSQv1R67wKYDzdQMtFRVzzgV+8rk2yAxESfUUf5qxONt27am+SHBlVgCI1nTWguE4XjEMi2f8AIR+NEMXhMbeM3VE5YB0H4Uhhk9QEEVIyj6h7RVBJMzrTdwXGYx7kdo4H7On4UIHLGIHRP4j/ACotgOCY1TKEA+Vwj/po8tlSFIuM0GBONs7Yi5mLMwMd4knTpJqD2TeFN1vl67mZrsZmM6GfmQJrr/8AD/8AUivK1AAxyY9o3WFBolatisrKS8pWSrYqVlEbCsrKnMYZraQTsK637Sx7IrKymiKM54a0pOoFTGw6fdFZWUUGQ3w6kgRpUm3g0jVQfI6jbwryspniB5nO/g7Yk5FPqBUGVn9Wn8Ne1lAQI0Tlc4Zh3ALYeyZ3lBWictYM/wDlbH/tr4+nnWVlZdTJ6vK2CP8A5Wz/AO2v8q4HljBf/i2f4F6V5WUKsb5mECdrXLeDGv6JY/gHhXQ8Hwy7Ye1sD7I61lZTCZlCc34ZY0+otD/AK9PCbEgdkn8IrKylgnVGkCpKwnC7MOvZrBWduobT8/jXK3w61PsD4CsrKJp5ZLThdrfIK6f2bb+6B7hWVle8QTzB+KwKADTf0/lXfC4K3l9kV5WUDcQwTNL+BTKd48OlQLOASdBGvSP5VlZTvEVC9rCrG1eY3ApG21ZWUEKC8JaEzt6e6pLWlIMgVlZRDkRZgJ4B2HvqZhmrKymNxFXvOWKutO58KjdofE1lZQjiMn//2Q==",
                "https://www.google.com/imgres?q=kingfisher%20beer&imgurl=https%3A%2F%2Fstatic.wixstatic.com%2Fmedia%2F89a845_ea0570b09bd041c09603b2a2a9c226c9~mv2.jpg%2Fv1%2Ffill%2Fw_480%2Ch_480%2Cal_c%2Cq_80%2Cusm_0.66_1.00_0.01%2Cenc_auto%2F89a845_ea0570b09bd041c09603b2a2a9c226c9~mv2.jpg&imgrefurl=https%3A%2F%2Fwww.tallidrinks.com%2Fproduct-page%2Fkingfisher-strong-beer&docid=a28dOS-_gLfYXM&tbnid=6N-hbrzDhZRx5M&vet=12ahUKEwjE-PHZivaEAxW9SmwGHf5iB6UQM3oECCgQAA..i&w=480&h=480&hcb=2&itg=1&ved=2ahUKEwjE-PHZivaEAxW9SmwGHf5iB6UQM3oECCgQAA"
            ],
            "searchTags": [
                "beer"
            ],
            "reviews": null,
            "createdDateTime": null,
            "zoneId": "ALPHA"
        },
        {
            "productId": 3043,
            "name": "regulator",
            "title": "spare parts",
            "description": "spare parts\nautomobile",
            "rating": 0.0,
            "price": 410.0,
            "offer": 50.0,
            "type": "electronic-accessories",
            "brand": "deutsche",
            "category": "electronics",
            "merchantId": 53034,
            "quantity": 10,
            "status": "ACTIVE",
            "thumbnailURL": "https://www.google.com/url?sa=i&url=https%3A%2F%2Fwww.amazon.in%2FMotorcycle-Regulator-Rectifier-Stabilizer-Universal%2Fdp%2FB07K1WZR3K&psig=AOvVaw3WsqyfGmgwq8AmT9Lh89fD&ust=1710586253285000&source=images&cd=vfe&opi=89978449&ved=0CAUQjB1qFwoTCPiRt8SM9oQDFQAAAAAdAAAAABAE",
            "productImageURLs": [
                "https://i.ytimg.com/vi/YgeBJbQC-kU/maxresdefault.jpg",
                "data:image/jpeg;base64,/9j/4AAQSkZJRgABAQAAAQABAAD/2wCEAAkGBwgHBgkIBwgKCgkLDRYPDQwMDRsUFRAWIB0iIiAdHx8kKDQsJCYxJx8fLT0tMTU3Ojo6Iys/RD84QzQ5OjcBCgoKDQwNGg8PGjclHyU3Nzc3Nzc3Nzc3Nzc3Nzc3Nzc3Nzc3Nzc3Nzc3Nzc3Nzc3Nzc3Nzc3Nzc3Nzc3Nzc3N//AABEIAJQBDgMBIgACEQEDEQH/xAAcAAACAgMBAQAAAAAAAAAAAAAFBgMEAAIHAQj/xABFEAACAQMCAwUFBAcGBQQDAAABAgMABBEFIRIxQQYTIlFhFDJxgZFCobHRFSNSYnKCwQczQ5Lh8CRjorLxU5Oz0hZEc//EABgBAAMBAQAAAAAAAAAAAAAAAAABAgME/8QAIxEAAgICAgIDAQEBAAAAAAAAAAECERIhAzETQSIyUWGRBP/aAAwDAQACEQMRAD8Ac9J1u3vSqXhw/SQY3+NFNT0K2voeJgG2ysicxXGtN1dk4MtTtoHaaWAcJlyj1xdHQU9V0e709mMi8UWdnXl86FlsHFdJt7+11IcLlASPtDY/EUB17sqJS02mMqS8zET4T8DRaHYqcdal6pXPtttMYJrKVZAfdZlFRzvqMK8X6MmKeaMG/ClnG6szfIk6CPGKzvKCw6ssj92be4R+oZKvQzSC5hV4pOF3xxEbCrGpWNNjEtpbgru7DJPWgGut39+FOCqgZB6mmBkuHjJt7d5W+yFGAfnyoevZrW7qRmazC8X2pLiMfgxNRx2nbLn1SEddWt3uhDLbRBSccfCMj8qKXMMIjLByi9N85+tEW/sq1p5O8WTTUyc5kuW2+iGtrnsPeWyj9I6hFII1I4bXi3P8TD+ldDaatGWLT2L6e1RQG5juO6TJxjO+PSmGyg7uwgue1GpSWyXI4obS1XM8oHUn7PMcvPeo7d7a1uIFMBeKDHCoO+fXz86e7WSz1bs3a6gqhSkskQxvwkMwIzj92sm5SVJ0NpIT4rzSYpT+j+xjXJ/9S7mZnP1z+NWxJb3jf8b2QNuekkFyyuB6e7XSeBJLZJEVQrKDkDzFCLy1DNuTSX/Ku7f+g5/hwDX4Z4NZuFuFbi7zIDNxHhztk+eMVDDcRvsdiKZu3WnT/p+5uB3XdKqs365A+Bj7JPF91R3tjBcSMZ1QHPvrsefpW7WOiAJxlRxBj8Ryoxp3aE2oCyxKy/tIMEfKoZezGpxWcmpaZFPdWMTESyqn90cA4I5nnzA2qjbXFvLlJTHazHrIMxMemf2P4ht50dbGO1pqNteLmCRCeqnY1YJB3ByKQp7S9tT3i25hdf2Z0OfULnix67g+Zq3aa3fQqPabaaRP2wuP/NWpWTQ3mtGNBotbt3IBkAJ6OCuKtLfRncNkedOkKy6XrzjqmbpCaz2hf2qhwGmXRMf2j9a2Fy1UDNWd7UYDyCS3XrUi3K9DQvva9Dr0NQ4FqQXFywGzVIt467k0F4z0bNbC4ddhUuBSkHk1Bl5nHzqwmpYHvUuC6H2qkF0nnis8SrEKG5ZMb0YsdTZB4W28qD2cNveErDOYpeccLqSG9AwPPyyPia0cSQOVbKOp8SnYiupxRmmdD0vWuFlPHwmnfStdSZeCc5zyNcPt754yMmmDTtbKcILGsZQY1KzrWq6ZaaxCRJlWA8E0fvJXIe1undpOz8ha4vLiWy+zcwsQuP3se7+FN2m9omX/ABCVPTNMdvf22oxGGRVZWGGVuoqFFJ7QnGLOCi5llbjmvpvmCx+ua8e5t+l1eHPkQB99dRuuyumw3TLDa2kCHPCxtlYD49cetL17bx2s0kRhhUqd+FBg+tbZoWIkGaHOVnuFP7zD+lT2980TArf3KH/luR/Wj00ypkBEA/hAps7DW7XdzGWVVUMBkrTyX4FGf2WW+r6zqbSNqOojT7XDSCYgiRjyXff12p27c3NlpOnu95KkEWMZPvMfIDrRPtFqtv2e7O3N5HhRGhEYB3Zz7qjPqc1wzs2JtTvpb/VGa47glk7zfMzH3vkM/AkeQrZ1GNMj2Zd3F3MrXT5srMEDif32z6dKc+x0t9baGtpaWxnt52NxESw5EDf086R9e1iK4leBXQxRnxuRkZ67AjOK6RHp1xBbJYtcmdQgkBKBcgAAYA6Ab9fjWWNIpvewqe1sVtZxwuq98q4YKMgH0oTd9rZHJ7tSSOgWqmoALbLHwqCOfhwRQHTdas9Pt5b+8t/ap5Je7sbV/wC7JH25PMDHLzz6YFJ9M244Qe5C12wvJLrWZJXDrxxrseZGKKrYaxp1u11qSXiwOA6SRwiXn1O3L4UF7Yare6xqPteoOjyNHwju0CqqjkAMcvjv602aHr+prbCSx1GeGFEVu5eQyqNuQVs7Vo3qzJRjKVXQGlutTvIwLfX7h4XHu946kD+HIqsdEX2LxT4K5CcUfCMjpnnTksGmdqZ19stotO1jnFcRrwRXJ3AV0PI+R6+Y5VJFaJaXfcXkDwLEwWRQqlgfLcDiB9fP50ntEz458cq7Ob21+YkNnfJ39su43yY/VT5enI0Y0nTdDlkVLy7kt3lJEUi+FJPTi5g+lMnansha6i3tdv7FayScQR4DwRyMOrqx2LenLyNJVzpF/pkDC7gaSykbDcO+46qeWR/sUn0A5T9l4FjEdpeq4bktxIj5PxPiH1pUvbCSIyLbhneMEEQgnix1wOdDhdXFi6qX763O6PvnHp5fA1Yk1CIuGjlfDYyqZyfQis/kmPRTTUrhcH2jJI5Gp01qVB4lVvUGrFxGSoYRpbKFAaOZXw/rkk4/CqzWNtwlmjeDPUAyR/Ig1opDw/C5aao91MscUTGRzhVyNzVtrxopzDIhSUe8h5iladUinIhl7wDdWAK7/OsnvJrmQvcXEskn7TuW++rMxsF8QcEnPka3F/tvSfPcvcyd5cTvJJwhQzknAFarM6e7LIPgaKGOq36+lbC+U0lrdXA92Vz/ABCt/bLzGzf9NJqwHQXqnyrYXaHqKSvb7xdzv/LUq6jd4zhWz5H+lS4IpSLfaHRLrRL8wyhuDizHIM7jp8DWvt0l+kcN+8ZkXwpcSbH04z1+Ndp7SaFbajZOjx5iJwc+9E3l+Rriuu6JPpF40MwYqT4JMbMPzqYysGiq7NHI8b4JRipKtkZHkRsRW0d3wEYzVYK6/wB2pYeQNTJGrrl14T8a0EtBW01Yrjf76Y9N1woykPjHrSR3AByblAPI8/uqaOeOL/HcnyVahwspM6xb6oLtV7xlJIxmrt/o1pqVn+s95V/vl24fXP51yaHXmgA7tMkdWNZNezaknHdSCZOiTTMVHwXOB9KzXC2xuRvrEEljfNEt7b3MedpInz16gcjTN2a1vUZZobHQrDjbIHeOCQPkOZ2O2foASFVIlIaR1t1QDHeFBgfPmauab2jn0m0u4tICQe0KFe6xiTHkp+yDty8q2fHJK0QpBb+0DXr3UL9rG4vRciF/1hjOIxKAQcdMLnHlnNC7We6kjbTNJWNkACtdKSfEd2xj3jjbbehFhFNPPmE8CIPfbko86co+1Og6RpcYtbaS9vCo44FBihVuveORxSfh6CiVxSbVkO/R72b7KRMS3srXMic+KQYH8XDkL8CQadl1XT7aztLie/sGFqxgmeOVAi4G68zvwkbZNcwl7SX+uu8epavDY2i+5awW57r4BVH41qsNk2OHX7XPmbRtvupwXI/skTil2x87Z6lHptlJPaXVuwmTiiZmBDqfIeeK5MssryK8sjOYxlVJ6df60dNpalCBrulkc+FoeH8RQG7iFtdOiTRyqhGJYj4WH+zTcGaqXoy/vBMwzEpjAwM7H6UR7FteSazwWJs0nePAa6bCAbfU+nWtdNgN3EW9q06ExnA9qCgkY5jI5b1a/R9xwNi90hhjpIBTURZbs6NF2aZgZ9X1239qx4ZAFjVSOQILcvpXst7FqES2U9xaLd2nhW5WUP3g8i6kjHUE8uuOdcfuZZbeUxyRWhZTzTiwR8Q1eW2oTW1x7RbLDHMu3GpfJ+OW3HxolQ8m+zrUF9LYXc0V1BI0KNw3EciZVSRuv0p0sZdJ1zSTbQwo9uqeOz5lFH2kPWud9iu2VrNA2nashMMhBChsmEgY4k8xgDw8xjqKuz2Mun6kZNIn7xCveB4D4SCQAfQ5qGgA2u9i+Dv30phc2fGwaNcEowPIdA45FevLnXPZ45bG5McmzZyjDYMP98x0rs2k3neQtYxCIvxDaZdsZ8QwCM/OhPbrStP14O+nYiu7cFJ0deHiPRhjy5Z5nbPLIXQznbalD3A/4FDMOchbJP1ofLfTvJxq3dt/yzgfSsuYLiwnMN1GUdeYNY0COOJRz3+NUkg2V2JfLO5LffUionQ5+FaEIpIYYI863U2x/wAMfM1RJtwqN8V6WUDOa84oMZEKH6/nWcUPS3i+lAjwyoBsxrPaFA981t3kY/wIv8tYJkyMRRjPktIZ4LlOr16t0o+0jD1rfv06onzAr3v48Z7uPHwFKxpH0vb3S6rC88IX21VxPB9mZfMetKfabSLa9tynvRPspI8SHyz5j76kjeWznWSJyrKfCw6H1olPcx6rG08S8M43uohyZRycfCueSadmhwzW9MuNJu2hlUlGP6uTGz/60LLZPSuyarpMGo2rQXK8St7rHofMetc21XRE0uVlur1EyfAqxEswrWErIaoCEY+0w+VeMBjmfnUshtUyIWnc+bYWqwUeRrQTPQAdiSPjRmG2tLBEaaQXV04BWCE8Sj+Jht8hQcBjz2Ubmjel6Bcy263sk0drbHlLJIFz54A3NXAlkF3LJM//ABTYI5RLjb8qlj09pIlnvW7i1HLPM/AVZe60zTRixT2u4/8AXlHhHwXr86GXkt5cy97cF3bGQzcgPSqbSEtl5jLfIltZRd1bLsATjjPmfWvJNMe0KC/ti7H3VLlQKuabp1ywtWtXlhmAzlV8XEeoz5cqI+xXWpdo7WylmaSeRkjLO2eHPPPy5/Cs5S9jXZQh0Pvbmxtks4BJeQ9/GPaH8CeLd9ttlJ2z0qt7FEbFbwWsRia59mQCZuJ3ChiQMbgArk/vL64YZb6KRe0WvxZSIqtlZ/uoQAMfyKD8Sa2trSO31fs9pt0B3em2pvLsHo7AzSD6BF/lrPyyNMELup2MWm3NxBNBAzQEK/dzOQTgbD64+NUGjFxB3tvalTnYcRYyD0G/+xTJcTs3ZW9vJ1JuNVvTnHMhMsQP5mI+lGEQWHaK5AIkj0HTBCMdWiiCn6yl6HytocYxvZzqKRY3DMqOMbhgcY86ZotIVtVisZDAvFZLdSMtuMx5TjC4PPbh39aB6jpU9hZWd4+DFdq/drzI4W4Tn4mr+gatDbtqMt/K5uZLB4LaRjkk4ChSfQAD5U8nWiEkQR2cd1pntjJwkzd2oCgA+EMeXPmKryWAELu4jR1wQpYZP8p3pjvIkh7K6HDHgd4txO49DJwD7o6ZLzsrdX3ZG416/jSzEVvxoFOTKgG2RyHyqM7Lol7Df2daTrGgWeq6gZ++kTjZIpe6jUZ8PIcWcYzvzpr1bsWlvbrLpEgSRRtA8xJkH8R3z/vaub6T2ku7LTo7KGVu7jwFXyGNqsXGvancxgNI/D1Gdqn5XYOkM1vpy6nFcW9rfCC+VeMwjClX6+hH/wBt8c6WtWl1K0tpoLoLFfW3ECwbD92QASoPvEEb77bZ2oPcXt/b3UV/AGSSLHu7EgevmN8GmLS+1Oldr0Gm9qFW01FiVt74DwMP2WHT/fwrSmOLj1ITotStL2D2HXoiyqOFLlN3j9c9RVPU9Ln0u2R45Rdaez8Uc8YypON/4W81PyJq7rvZ260zUrqykKma3w2VORJGR4WHmPyoUl3faaZ7c5RXBSWPmrfLl5b01/CZRceya7tO9jF2jx3NrsomRPcJ6OvNT8efTNQpZwynEUUZPQbDNUrO8n06YTWshU4wyndXX9lhyIo69slwVNmFhuGAf2UPlJB+1G39DuKszKXsCIpLqiAc8ChqQ8WQCCRRS4u7l4TEMMFOWjZfEpFCXbMhYNwnyFJjRjIEzk7+VXYoHmgTGMfCqB8XvHJ++r1tLOsSoqZUedIZThlls73vI9nQkbjP3U02NxptxbozzW6SAeMOmDml8WzGXvncrJx8Q9PKve5XiZnckscnG29JxUuzXj5pcf1PovWNKIlKouXI5EbN/rS06zWsoZCUZeR6g10y7jW/t+OMjI5EcwaUdYtmVwssBOPteddE+NTX9MIyaA4u1kiLYAc+9GBtnzFBdV0+31W3eCcZjY5BHNT5irV3HIjl1BXB2rEIfHdDB61wOLgza7OUavpU2k3TQz5I+xJ0YfnVRI5G91CfhXUtW06G+tTDMnERup6g0lXsL28xhddxyraM7IaA620pIywUem9H9I7PteIHMjcCjOGOc59OVVLaAyXCR9WO/wABXQezdgJpYoSMKzDix9kDn91OUq6FFWIeq6NLaNxnhdCeYGDUUeoSwRCJURlBI3XJGRTp2tdLi8mkjRVQthAOijl91JV0Vgjlb51Kk2N6HDSdU7QtaR+zWekQQug/WGJuNh64cnNaBG0y11HUp2VroxGGNwpHjlyp4R0wgkPxxvXOYLy6tzmK4lTH7LkA/KmdZbi6tNKsZpnea4bvnLNkjj2X5BQPqa15GsSIp2F4reOZdB0aT+7kY3V3t9k74P8AIp/zVHNee0Q9odXY4e8dbSH+di74/kjA/nqrHel5NS1FDgCPuIvQNhRj4KK1zGttp1ozeDLTy/FyoH/Si/U1ym3Ybjt4v032d02UDuLKJLi4+O8r5+IUfWqMV0RoesX0mO+1C5RC3LJZjK3/AG/fXst7H7Vq14T45keGA56bL/2Cq2Vljt7AbgSksPUhQP60UAVvLGG81rQ9IulX2e3tIxc5JHhwZJeW4OM0gyWU8Vqt0I29ndgvFn3WIzwn1p0nu+/1HXbw5wtpNGG8uICAf/JVC4iJ0SzgAz3s0kmPPACj/uqouhNWCLHVWmNrbalM3s0EYgjYLkxR5Jxgcxkn6016l2ie47NT2FtdtJa20Hd8APh38j150A1ns5INbvbTRYXlEUrIkQOXOBvjz5GgK3UscckIdkWVeF16MPWrxT2GTWg7ZSqkK5IGw6elWluwPtkfCgEV0pCo3hIGM9Km70r1oxY20GJrriXhByvXNAr+3y7PDkZ5gVN3xIrQuTsc046Je0W9K7RXVtfW01xwXHcoYTFOMq8R34c8xvuN9jyxTD2l0Ow1XRYdd0O7TgLpFcWsjeOF+QVj18g2NxjbrSZPCrAkDB9KqmaSHIyd8DByM45U8VdjU2lXovSaLMI3Mv6uReSkZDfAjr8aqNb3NugJ2AORjofSpUv5GTgNweHGMMax2LjDSKaZFE8d+l6Ql8THOAAt0Bz9HHX48/jyrW5tQkoF1EAx5MvuuPMYqsVi5mQeu9Tw3yInszHvoD9j9k+YPSmI8fggbhVAD5YrVpJCnGEbg88bVYaMBOIAzW3IuB4kPkfL+tQNZSO2IpO8iPI55fKkBWabfbn6VpxMeZx86O6Tp1uJuC4j4ww8JJ2DfCifsFup2t0yd8451Lmlo1jxtqxt7F/2jS6YkdpqiTTwxjhWZN3Vf3vP4jen09tuy19blm1KONscpkKEfWuTyaKGcy2+EJ6cs177C6jE8TA+fT7q0fK0Z4JjhqutaJIT3V8kmOXdqWoENRiaXMAIHrtn5UKOmKqd5HLjJxw8OajZHtGAdlYMMqynP/isZ8mZcY4jQZo7lAykAjyoHrNj7SUEShpDvtUcF1w8mxVC51Qy3PdwMQMcIPnWa0yjzTrFopSXwzFuHI6Cn7R19m0ye6IwzDuk9CeZ+lLmmWrOIh9ry655U1SQsIYLIKF4AAf4idz+H30SkIV9ag4YIifecM+M8lBwPvB+6uf61JuU6Fs/KnLtPrlp7bNDBxSBMIGX3QBsB9wpHu4nvbjKMoGOtaQRLKlhavd3UVvGMs7fQDmaYrNgTe6gSOGFe5hA/acFdvgvF9RQW1je1uBKsgyARkGrMblYimfCxDYHLNXLYkFmi4LWyswwElw3eN5DJ4V/qan7qO4ubqGPZAhWM+gBA/CgaysWA4jxDYb0U0nVYbC/juZ4mkRCCyrjfByajEdmzR8enRyrxZik3GOhHX76lt8WeqW9zch1hdFfixzwCu3zU/St9N1+GG11KGW0772t1KtnARQzHGOp3xtVntIGl0XRjBCO6itivfKc8eXZ89D9o9Nt6FEdgm3uyumXcb7y3MkXI7YXiY/9XD9Kti6R47BcNwW4HHvzJbJx8sUNEDi0W5AynGYyfJtjj6MD86KaPpclxfx2UvgedFdcnoycQ+7FJxAOdjL+BO10V7dTxoh9onLyNj/DbG/zpTXT7fUpH72aSJyifrAgZeIjJ4sHOfgDVN48XBjIBwSvzqbQ7ia1a4W2gi71T4ZDGC6jyHkKOlaBRydMqaxo13o7otyEeGQcUUqHZh+IPpVFJmUY3YdKM3dpqF/KJJ47h5T9tmH9TVObSbuIEtERgdN/wqoztb7CfG09ElrEHTiaQZ54Aq5FaCQbZz8KzTtJuniEnCI8jk5waL2WnSKmZ5ct/wAuonKXo6uKPFXyAV7byW6BwA2OY5UMuZpGkIRR3be6AMmnyzTRbed/0zMi5TwrNJgEdTsRvSteGLTrwXVjkwM54Fffbp9RvT45N9mXOuO/gW9K7I3WoquInjL8izBfxr2+7Ba1ZqWaBZFz/hOG2+FH9D1xJYlljJBHvKehxv8AjRa518OnAOfzxRk0zOkzmn6KiiuO6upeEk4BCjGfI55Uc0zSNHjSQXkEs0o3HFKQhHwGKt6/aR6tC0saj2xFJUj7ePsn+lJq3UqjMcr9N84NVbZFIbprCGUssNrFZuo/UvEmEmQ5yGGfFuDvzoI8ctlOe6HcyDnHzBHmvpVzQr66u2MMq5T7LcGCx8qYtQs7I2DR3rBI4lyZs4KHzB/pSyp0yscugXpF3Z30imUtBNGvgVE4vnz3+XlRaVbQY4b6FhvzVkP0IpE72Npj3TniVsrJw8JYdCR0NFrfVo50CapJcQSKNpYCAW9CDsfjRKHsIzx0PQt5IjnBNTLKy+8u3rTZc6GR7q/dihtxpTrzXI+lby4X6IUgPmGT3olJ88VFJolldv3mOFsY2Yj7qItYYOwIqe2t+7GcHNYS45ItSQDuOycZTEN3KAeYKV7Z9mYrMg91xv8AtMaaN167YrFbh3HSoxkO0DJZGtIrbuYSDnM5Od/hj4CgHafVJIY3NsJIVZce+cnbemi4lEgIA5/7/OkbtxMkl9HCG4AseW8sn/xRGLsTehTVe98bbgnABrdkFvb+EYaRt/QVseFFCjO23Ib1krBipc+FRkjat6ZFlSWJhtjG9SyxgOUXko2rBJ33CxJ8RDcOAMfPNY0gDl/PpkH+tKmBltF42ZhuFyK1ZNs9TWLc7O4U+Fd/hUft8RTHdtnz4v8ASgZPHHw2/EAAGby8qa9Ns9QfQoIhFlJFYnO3hbcH45JpUQtLZYQHxZCb9TX0BZHSYLeNBGxRFChc+QxUSniNRs5bBoF9+jnsu6HC0xmLb5yVC4+g+6r9hpepW+pW2oG3ieS3VFCMTjwpwDPyrp8dxpOQTA/+fNTrcaKf8KQH4j86zybKo4xd9jdSuJTJGYxnc1vo/Y+9s3uHmHG8mOEqOWPPNdpM2jjGIpDj4fnWpudL+zDICdt8U270C0cqHZzUDjwKD6t/pXv/AOPX67lYz/N/pXT2uLPPhiAzyqJp7Y8oxWdUXkzm/wCiL0c4kJ/jrU6deA4MAJ8w1dFaSAnaMVqXg8lFFjs5jqHZq71GEqUVCNwetVn7E30sBjI6YB8q6wkkA5Kv0qX2iEjcA/KmpNEtWcbtOwGr20wkSdVI5EA0SPZDVP21++upG5h8h9K8NxD5D6U3NgkjlydlNUiIPh2OaC3XYK+aZ5NwpZmAVeWTnFdq9oiPQfSte9g5FRil5GGKORaZo0+kn9ZavKwB4W5cJ/L0qvrdmdRKRyzSW0Scx3ecnzrr0iWrk/qxvQy80y2kGeEbcqMx4tdHN9D7NacmS80dxIfd7w4A+Va6n2Gv+MPpccdxGTvGXwU/MUx6hoCDJiYpjligjyavYOVhuJOE9Vq1NtktH0a8KPzFVJtKt5AfDv60vaT21tbpESVgJDt4jjemODU7eZchhjz6V2/JdHOC7nQQTlAvyqjJojqcBKa0niceFga24kPUU8n7ChIl02Rfs1UmtZAMYFP0sMMh8YyfOqstjBzzv50JxfYWzn7WZJwPnXKO27FtZvY2+ywUfJR/rX0bNp8D4UnJJ2r50/tHQwdq9UjPLvcj6ClOK9BbF2yDtKBkkDHOvL/xMuNjyq9pEXHCPWTH3ChuoHDsvlkVDQyxbR93IG8lz+FVZxxXDFOZNF5o+EyHyjY/eKFQDivUHm34A/lQ1sCdcorqeqb1QA3ondngYnzShqmpa2Ug1Yy8MSL5GuiRaq3AAW5Vy+3kwgPlRy3vXxz6CsZqy4sehqv71T2mpccyrxZzSOLx8c8VNbai8MyvxcjWajstvR0kTkA4rDcNQ2yvUubZXRs551MZcCuvxIxcy0blq19qI51TMtamWpfEhZsuG7/erw3n71DpJd6iM1T40PNhb21hyavPbz+3Qcy1oZqPGgzDR1D1rX9JetAzNWhnak+IeYeOpetefpP96l5riozcGo8Y8xk/SdZ+k89aWTcVnf564peMeYwSXyuCDQy5ZHYVRMx6NUbSMftZowHkVbe+s74d2WUMfsucH5VvZ6pqOlO3d30pVT4EY5AFCp7OKVsxkrxbgit5mAXhJ8IGMnzrsVmQ22v9oF/Ao72NJB5jwmiUH9pscQY3CSxn13A+lc4mJxgUJurkOeGMnhzufM1WbRNHbYf7StMlxm9ijJPN34cfWiUfbK2mGYbmJ+IdHBxXzq752qIIsjhQgLMccqPI/wADE+lX7Ro/NwcjpXFf7SZe+7S3c2+H4SD8h/XNULoFAFjZlIAAwxH4UNkDzR4eRy4OxdiTiifJeqHjRPpNx3cfDncSZx8R/pVTURi6kz1Y/fU8cKqPC4B/rWXkBmnVuIBcDn51D6Akt7kzjfrEw+ZAqhE/d3iN5N/v8aIWVjcTOz28TOie8V5DNVltwsjF2C4bG9AE10O8gD8+E4qhbAM7KTtw0SkhcQOMHB+6obW17z9XCON+e1SwIl8IYDzohZhniDofCDuap3FvLA7LMhQtyB61FvxlFJCscsoPM+tTouN2Ho22AIyTyxUghmf+7glO3NUJobZ6he6YD7HcSR53KBvD9OWfWrI7Ray44TqE3DjkGqaiNhCw1ObT2wrnh6o21HE7TWLD9fOIW8nO31pI764OT3mDz5DeoGjaQ5kJJ9TVKbRLVnQj2h004/4+1/8AeX868PaDTet/a/8AvL+dc9FsM8qtW9iHYcY2qs7JxHf9OWLnwXlu3wlX861bWLM//tQf5waXY7WKMeFB8cULlXhkcY5Gk5Aoji2rWY3N3CAf+YBWo1S1f3LqFvhIDSp7PDJpk8kpHGsihRjf13oVh4m4omOB99GQ6HttVtRnN1AMc/1gqP8AS1kRkXUOPPvBSpYGKd5Y3IEjKO7z553qC4tnTDIFIZA4AOdj1p2FDi2p2nL2q3z/AP0Fa/pC2JwLmMnyDjNIjseMYaiekwiSdWOeFD16mpY6G0yHuzIVk4F5sVOB86rjUbRvduYv84q5Lq9rY2Jjky85baFdz05+XKk6YI00kpjVC54u7SkrYPQze2wMMi5iwOZ46ntO8vmZLHiuXQZZYEaQqPM8IOKVLURSSYupAsWMk592rE2lzIEuLXvmikyEmgVt/Mbbj4U6AbNb0WDRb5oraaeRDnAlYHh+gH30EfxA586ysq4dCfYFvrmUPwBsA7VS6CvaymIjbnVjS1DX8XF0yfurKykMKXG53oe4xlhzFZWUMZV4yHGAB8KaOyGnW2ta5Z2GoI0kE3GDwuVIwhYEEfDHzrKyhdgzpEukWGmWgtLG3WGFTyBJJPmSdyfWlDVNJsi8lyYR3g5eWfPFZWV0TSoxXYHlVTxDHPn61UtlFpfosIwJNmB+X517WVzyNAZq93LJeyhiMKeFRjkK906NWYFhnJrKysZdHVwl7ULaKK44UGwH1qNIk8qyspGfslWJPKtu5Q9KyspCZNb28ZO4q+IEUDhGK8rKpEslVB3efWgOpEHUmjCqqhgMqME58/OvaymHoI6lptva2aLHxHi3YseZpckABx0rKymMgmjBjLjIK8sGvY14mVeIqr8WQOW1ZWUehB7T7GDUYtOjuly00bEyqAHGGYDfG/Ic81au+0F3p+nJ2es4bWK1y+ZhEDMd/wBo8vkBWVlOO+wYFf8AUhQnvFc8Z51TkYrdMM7DIFeVlWvsSyaCNZZkDjI8vnT1aXEljpEBtyBlsbisrKl/Ya6P/9k=",
                "https://encrypted-tbn0.gstatic.com/images?q=tbn:ANd9GcSks0zlUAKlLcSb3o8a9UiQCYh0x1s20wmgqfONxhHrAg&s"
            ],
            "searchTags": [
                "Rectifier ",
                "Voltage Regulator",
                "regulator",
                "spare "
            ],
            "reviews": null,
            "createdDateTime": null,
            "zoneId": "ALPHA"
        },
        {
            "productId": 3059,
            "name": "Mobile",
            "title": "Samsung s22 ultra",
            "description": "he Samsung Galaxy S22 Ultra is the headliner of the S22 series. It's the first S series phone to include Samsung's S Pen. Specifications are top-notch including 6.8-inch Dynamic AMOLED display with 120Hz refresh rate, Snapdragon 8 Gen 1 processor, 5000mAh battery, up to 12gigs of RAM, and 1TB of storage. In the camera department, a quad-camera setup is presented with two telephoto sensors.",
            "rating": 0.0,
            "price": 125000.0,
            "offer": 59.0,
            "type": "mobile",
            "brand": "samsung ",
            "category": "electronics",
            "merchantId": 52963,
            "quantity": 1,
            "status": "ACTIVE",
            "thumbnailURL": "https://i0.wp.com/www.smartprix.com/bytes/wp-content/uploads/2022/03/Samsung-Galaxy-S22-Ultra-review-14-scaled.jpg?ssl=1",
            "productImageURLs": [
                "https://www.jiomart.com/images/product/original/492849213/samsung-s22-ultra-5g-256-gb-12-gb-ram-burgundy-smartphone-digital-o492849213-p591054083-12-202202222118.jpeg?im=Resize=(420,420)",
                "https://feeds.abplive.com/onecms/images/uploaded-images/2022/03/07/8d2debcb5d0a6cfe230f871163b0faab_original.png",
                "https://encrypted-tbn0.gstatic.com/images?q=tbn:ANd9GcSzIBdoUHAkz_o22Zkx3h4ziP1nmU9Im1wC4A&usqp=CAU",
                "https://i0.wp.com/www.smartprix.com/bytes/wp-content/uploads/2022/03/Samsung-Galaxy-S22-Ultra-review-14-scaled.jpg?ssl=1"
            ],
            "searchTags": [
                "mobile",
                "ultra",
                "S22",
                "s22 ultra",
                "samsung"
            ],
            "reviews": null,
            "createdDateTime": null,
            "zoneId": "ALPHA"
        },
        {
            "productId": 3177,
            "name": "iphone",
            "title": "iphone15promax",
            "description": "use ios \ncamera quality",
            "rating": 0.0,
            "price": 160000.0,
            "offer": 30.0,
            "type": "mobile",
            "brand": "apple",
            "category": "electronics",
            "merchantId": 53754,
            "quantity": 5,
            "status": "ACTIVE",
            "thumbnailURL": "https://encrypted-tbn0.gstatic.com/images?q=tbn:ANd9GcR8lyXawcejeu5cpWqma_ZbaY5ubV-_rUAxYk1PsEdOcxIMiffHeWgP5_UOMn1IpxzlMCo&usqp=CAU",
            "productImageURLs": [
                "https://encrypted-tbn0.gstatic.com/images?q=tbn:ANd9GcRL4GvfA-KtCBNwDUVM-h_5pe8gsgMyOg-hcw&usqp=CAU",
                "https://encrypted-tbn0.gstatic.com/images?q=tbn:ANd9GcTnCR-MsxMh7p_J8aYaN7ViPPdum6zGX8LnZQ&usqp=CAU",
                "https://encrypted-tbn0.gstatic.com/images?q=tbn:ANd9GcR8mCCW8IFp_1kbJ-8jvGh65n0DGeJHOT48lw&usqp=CAU",
                "https://encrypted-tbn0.gstatic.com/images?q=tbn:ANd9GcRPqP3V5Fhvw7S93S4b7iRffg1WnzQN3zx2MA&usqp=CAU"
            ],
            "searchTags": [
                "APPLE",
                "IPHONE",
                "phone",
                "mobile",
                "ios",
                "i",
                "iphone",
                "apple"
            ],
            "reviews": null,
            "createdDateTime": null,
            "zoneId": "ALPHA"
        },
        {
            "productId": 3350,
            "name": "mobile",
            "title": "redmi note13",
            "description": "camera quality good",
            "rating": 0.0,
            "price": 20000.0,
            "offer": 40.0,
            "type": "",
            "brand": "redmi",
            "category": "electronics",
            "merchantId": 53251,
            "quantity": 2,
            "status": "ACTIVE",
            "thumbnailURL": "data:image/jpeg;base64,/9j/4AAQSkZJRgABAQAAAQABAAD/2wCEAAoHCBUVFRgWFRUYGRgYGBgYHBgYGRgYGhgYGBgZGRgYGRkcIS4lHB4rHxoYJjgmKy8xNTU1GiQ7QDszPy40NTEBDAwMEA8QHhISHzQlJSs0NDQ0NDQ0NDQ0NDQ0NDQxNDY0NDQ0NDQ0NDQ0NDQ0NDQ0NDQ0NDQ0NDQ0NDQ0NDQ0NP/AABEIAL8BBwMBIgACEQEDEQH/xAAcAAABBQEBAQAAAAAAAAAAAAADAAIEBQYBBwj/xAA+EAACAQIEAwYEAwcDAwUAAAABAgADEQQSITEFQVEGImFxgZETMqGxQmLBBxRScoLh8COS0TOy8RVDU6LC/8QAGgEAAwEBAQEAAAAAAAAAAAAAAgMEAQAFBv/EACkRAAICAgIBBAEDBQAAAAAAAAABAhEDIRIxBBMiQVFhMoGxFEJxkaH/2gAMAwEAAhEDEQA/AAth15gewlXi8Unyoqk9baCBxeNd99F/hH6yHaebCDW5HrwwvtklagQfPqf4YH9+qfxQeWdWkTsI3imHwiuw68QfqPaSKOJqHcD2nKGCtqd5IW67Q44Y9tHnZ8y6iv3A4ikHHfUH7wGGw4S9ifInaSnJO8aVjkiR5pWc+IOkDiMWqC/0g8VXCDx6SoquWNzGxx8gvXmV/ERVqtcnTkJCOAfoJdZYrR3poBzbeyj/AHJ/4Y04R+k1iOirpqY7AYXO2ZrARUqim3oOKcmkiB2e4MSc7rpyE1QWP/eqaC2YC0kU3DAEbGebkm5Oy6PjL7AicqUgylTzksJeORPCAmZLx6+Skw3DjTfMlj58oXFVn2yj3lyaY3tITUQTrHY/dK2BLBJIqRXI3UwiYlTz18ZZHCrA1+HIw6HrKExDwSYARZYKmSjZHPkZYDDX2M0X6MvhAMOl2Esysrq2ITD2aobA6RDtHhm/9wDzk2aMpS0i3xqjF8tMsbQbJrA0+L4c7VF9xCjF0ybh195O4tPosi012PCToSOSqh2Ye4hBOC0Rys78MdBH1BrBO7Bb7HpNjFt6JJr3MccOOg9oo+i+YazsByknQPFAGwSE6p5+Ag34dTJsqNrz5S6YjnKjiHFrd1Peasjk9Lf+SiHOTpEPE4VKXO55CMSs1r5LDw0gadRdS9yTzg8TilPOw85RFyQ2WNS9sv8AYf8AfF8Z0YteplW+KQc7+UC3EFvYKSYxTkJl43jr5a/cuziFPMQeIdrdxSZGw2BrVNQoUeMtU4ZVtZqlh0UfrMefj3RDmw40/a2ZjEo17sNfGBvL3jfDESkzZ2Zh1Midnq9IUznte/OULy/baQj0yqZzyB9pzM3SaWpj6GwQt5Ccw3DquJNqOGY/mOijzPKbDyXLtM5wSM5g7u4QkC809Pg6LoXJ8L2mg4T+zDvipiatjvkp/Yuf0m94dwahQ+SmLj8Td5v9x29IM4ym9ukOhljBdWzy5+EJTTO1Jsu+Zla3ne0HhsbTZgiH22nsrWYEEXB0IOoPnPKu0NKngsQUyZVbvoQPwk/L6G48rRM8GvbbKMPlJupUjoSPCyBT4xSP4pKTHUzs4k7xTXaZWskH00drNyjAJ0MDreOCyqEeMaFSmpOxtorR+WILCMQKrhlcd4XkVsAym6PbwO0sQJ3LOMaTMf2nR2Co5A5i3OZWtgmXbUS/7cVz8VVB2Ez9HGMu+ojI9EOT9TIpEeDYadZYNiqbbrY+UXwkYd1l8jpOBLHsxTD5w+Y2ym4exHhvJfHUakmZC6EOQe8SLcpnMOHLZU0J00awNo/GVai3R2J1uRe4v1gtJsJSaRa8E4tWZypqMdNL2mxwhzpdiSRPOeFOFqKfG3vNjRrMp0MVNKMrLfHi8kH9pkxuIVFJGntFOvikfV6evURRXGBRw/ALGcYqVNEQhfE295VYypURbnKPDeXdXFUm/wCnTqN42sPrINfg+IrW7mRfzHWZBxitqhcpxUai3ZBwlJnXMzHyEP8AuSDfXzMnp2bxCqBnWw5CBqcCddXzH1m+pFvTGY5LitW/yyIWpr09JBRGaqHVGIB6TU8N4dSXUhb+MtkVR8tvS0z1EukTeRklJ8aqvoqExeIYWSllH5jOPhcS2r1Ao6CXV5o+H9mcwVq7EX1CL81t+8eX99xBhGU3pIjcq7MAvBQ5s7O5PLXX0Ev+G9hmYXKLTXq+9v5d/e01eP4rgsAAHZKRI2+aoR48/qfKP4P2mweK/wCjVDtYnKwKvpuVRgCf6RKoYa/U7Ac/ojYDsthqdiU+IRzICp6Ab/WXGoAVQqqNlUAAf56Q62OoNwdRPF+2fbrGrjK1KjU+FTouUC5EJYobFmLA3ubkbC1vEl6SXRi2eyJXNwD5eu//AD7Q15k+wfaFsfhi7qFqI3w3IFlLABlYDluLjwM1FN7j/NPCcZJBbzHftL4X8XDfFUd+gc39DWDjyGjf0zX3jaqK6lGF1YFSDzBFiPabF07APnpJZ8Lw/wCIjyjeJcNNCu9E3uj5Qeq7q3qpBlpQphVAEbln7aXyAw+HQEw9VANrxlGoV25zt77yWthc6VAnYjmY5ajdYmWdCzaMWSS+WPWu0eMQekFaNaY0hkc2S6TMrx3hbVqrNm9JVt2eqctZq3NyZa4emQg+XaIWWVntz8XGoJtb/wAnm9TgtVfwwLcOqAaqZ6DxEG4uLacpBYTVmYK8GEo2m0YU4dh+FhGMp539bzfU6Sk97QdbXjq3D6drgq3oLwvW/At+Avh/8MDSbKQehBm3otcA9RBNw6md1E0HDOFU3QGxHLQxWbNGrGYsEsFtu0x+HXOqnu6jby3ihzwMfhdhOyf14G3H7LlKemgAHhHZISBxFZUFybCSbbEpHKjAC52EzfEuIFzlXRfvOcQ4iXNhov3kC8qxYq2yvFhrb7GFI1nYbMfePJgm1lA3jb2SMBj2SojM10V1LA/wgi/0nuFOoGOcahkBH1NvW/0ng4Seodh+ImrhghN6lE5fNfw+nL3jsLS0ed52JUpJHhna/F1quMrGuMtQVGVlGwKd026/LvI9FxSVa1KoVdHW6htdNQwI2IP9tp67+0HsAcW/7zhiBUYAspOXPYaMpOgJ00Nhub62nnC9isYXy1KeXXYMjsfIIT7n6yijzbR7H2P46MSgYEEtTSowGgSqRaqo6At3v6zI3av9n2Fxr/HZnpuQAzJls9rBSykfNawuLeN5M7G8CbD07uoRmVRlGmUKLe5sJqFHKc3RyZTdmeB0sFSWjSVgnzFntndjuSB/gk5hZyOTd4f/AK+tj/VDPWRNCbHfYk21sTb136GMxNmTMutu8Lcxz+l/UCDZrO3itGqY6aDRiO3vCxnp4kDl8N/MXZD/ANw9pmVnqXFsEK1F6fNl7p6ONUPuBPKhUUEhtCCQQeRBsQfWZKX2Z6cpfpVh1hBBo68iI4kTLQt45LtUOUR1pHGKS+W+skCdZji12iLVDqbjUdIxsUpBB0PjJ0i4ymLaiBLSbKPHqU4qt2Vwjg7DmZw0yNjOo15JR9L6sbqSpnHcnc3g2h2EGROD1WhgM7eOVJ0pNMTQy80XZ1syEdDM8UlpwGoVdgOY+0TmjcWBmScGacJFGCoekU8+meeLE4gICzGwmcxVd6zgbA7D/mNxeKZ2uTpyHSTKK0QBqCefKeljxKO32UKHpK2rf8AavClUat5mVFRACbG/jJ+NrAkhCcvmZBbWOGYuXcmBtHBTCKkcROGN/QEy87G8S+DiVue4/cf1+U+h+8pitzJCUMo53tfp1H6Qo6dk3kNcXH5Z7VQGpXpqPInX6/cTxn9onb/EfvD0MO5SnTOUstiXPUnp4eXObLsr2rNQolW2dbLm2zLtc+Ox81mA/a12fqU8U2ICEpUscwFxmAAYHxuCf5SvjauLtWeJKNSplZwLt/jMO653+IhPeRxa4J3DgZlPlp1DbT3Dg3FhVA1vdFqKxsC1N7gFgNAysrK1tLrpvPmRnLWUDmbAaklrDT2E9t/ZjTqGmhe+WnSNMEjdnqvVYXvrbPa/lNezHo2mPwbO2ZCL3UgkXyldPlOhFv1knDpkUC9zufMm841ULoTr03PsNYxqjHYW8W1PsD+vpAbdUYNo6XX+E2HkQCB6AgekNB06eXxJNyTuTHTUEPE827a4VKOJDFCVrXcEWADCwdfex9Z6ReZzt1wz4+FcqLvS/wBVOvd+dR5rf6TpR5RoLFNwlaZ5qxViSotrt0nUJ6mQ8BUzgvyNgPG19fr9JOUSKWmfQ4ffBOSOMt94+lUdNjcdDEI6cm0DlwQmtoMvEDzWSqNI1gSO6F3JlY8mpgq3w8yHunXKJk5tqroleCOFqUUr+GRGUlsianwh/wD05x+AyfwSpSTRhlfmWmkQgjTWT5Mzi6SOWRylylsw7Ydx+EwDAjcWnoDIDyHtI1TDId1ECPlX2gnka60YtTHXl5jeBqdUNj05SmalkfJU7p6yqOSMloZDPH+7QMyTwt7VF8dJIThBcXRwROLwqqjBrXsQdDAnOLTVjecJRas0YWKcR9Ip57i7ILRGqcJQ8reUivwYcmPrJ+A4tTrfI2v8J0MnfDvKXOcHUjVll8My78HfkQYA8MqD8E1z6CMXEW0tDWSbVpWMXkyWmY16bLuCIJps6tINuBKHipRDZFGaMhl5OqHQzOTqtkKhRtqY4vmB8O77f3vBNi7AkjQSNh37tuehP6yu040iBwyxyN5PkEuINOqrA857RwyrTxWHX4mVu6Awa2ttiQdCPMHWeFY5rEz1bsHWz4ZH6j6glT9RG43onzR3ZIqdksDmzLSZz+XIi/71UG3gpPlLmlhsqhFCog2RBlA823J8RaTAoiMKxHFAEogbD+/n1jzOmcM6jRsbHGNhUYxEwbGOaCcwooxnk/G+H/u9d6YFlBzJ/I2q+2o9JEBm17c4HMiVgNUORv5GOh9G/wC6YtRIc0OMj6Hw8ynhT+Vo6GnbzmWcKxaKG0dJmywndRR4CY/D07uo8RNkDYCTeR8Ik8h9IDicClQd4C/USsajXw5uhzp0l2piJiIza09okaImB42j91+43QyyYg2IlZjOGpUG1j1Eqx+8UOeZfeF6cZbi6/B1v5LbivElpL1Y7CUfDeHtXYu98t+fP+0BhaJr1e+1uZv9hNklJUUKosBGSawxpdszspKnCWQ5qLkfl5TlPjDIctZCPzDaXwEBXoK4sygxSyp6kr/kKiJQrK4urAiKV2I4Rla9Jip6copQoxfyTOOy2TgFFWUqCMvQ/eWp0EcpE6QJM5OUlydlHFLohOwOhE4tMDWFyCAxVcIpJjXJPUTIxbZE4niwi6bnlM09ybncyRiapdixgTKMceKPRxY+K/JDxy931Hr/AJ+k6lkS53MfXS7Achr+g/X3hWAA12109I+L0R59zZmuJ4oX0npH7L8VkU4Ztyudf5/xgffxnnvFKQ6Dp6S84DizTajVB1XKb+Qsb9ecapcaFRxrIpL5rR7YImjKFUOquuzAEevKPMdR54MxGdMaTNo44YwmJjBs0JIFidoFmnXaBdoyMQWwOLpK6MjfK6lT5EbzyXENVpu6Mg7jsmhIvlO+3MWPrPWXeZLtHSAfNb5hr5jT7ZYvyIXGynxMsoyaTqzM0Kwcab8wdx5iPg8VlGq6MP8APaKjUzKG6j/zIGqPXx5HLT7J/CUzVV8Lmai0z/Z5e+zdBaaENIc79wrM/cMa97awhEA9cht9IX4ms7jLiqontWPEay3j+UaJPYwr8VwdH7y91vCQhiq9A2cZ16y/BnWUEWI94xZX1JWgaImD4qjjQ2PQyWXlRjuBqxzIcreG0grjK9A2dcy9YXpRluL/AGOsvqw1EUh0eI06gBB16HQxTVGSVCJ9mjZLQTqIY1OsC7iKSHkarWKi52EzmPxZqN4DYfrJfFcXnOVflG/jK+lQLGw95XjhW2WYYKC5SAExpMnVcAy9DfpINUZQT0+8cUqcZK0xlMAsT/mmkZi6gA3H+CKmbDWQ8Q+4vGJHlzlbbIXEmuqn0k/hmtJPIj2YiV2KY5MvjpaOweLdFC5Q3TXLa5uQdD1huLaOwTjGTcvo9c7CcRz0mpMe9TNx4o39/vNQxni/Zbjr0MWjPZUY5GAB2ewBvfWxt7mezEyjHuOyLPxU249DSYxjHMYFmjVERYmaCdonaAdoaiY2J2gmaJmjDGqIDY1zKji+F+IjKB3rXX+YcvXb1lsYJlmygpKmdGTTtGHPAEezfEYqwB0UKbHUakn7Qr8GUCyEgAWAkTtHUxOHxP8ApMDTdc4RlBUG9nF/mAub6HnJ3DeMJWGUjLUtcoTv1KH8Q+o5ieDmx5YSau0erizOuS0F4XS+HmB1ud5YrWEiLOzf6eM1b7GNuW2SgyGIqNxIpnAxEF+LJfpYLiWoMY7WEhCu3WdfEXsJO/Fmvg4lo8dmkRa4jlrCKljku0bZLvGugYWIBEYrgxwaBVGWU2N4GuppnL1H/EUtnMUessqBaLZpT8VxlhkXfmeklY7GZF0+Y7f8zPsSTc7mFix3tlWHFfufQMJfaHpNawYaX18fCTMFSTLcsAT9IdqqZCSBlGi9SZWbPJyfGrIWIxK2OXc6eQlPihoP5v0MluZHxKXU+Gvt/a85DXBRxtIG6aSPiaYtYC5k2gLiSlojl/e8JMgozS8OO7e14ZaFpdVUHOQalOHYLjRBxdBXQi3L1HlPT+xfGjiMKhY3dP8ATf8AnTS/hcWIHS081qaayy7G8Q+Dicl+5XFvKooup9VuL/lEdidOhGaNqz1UvBuYJXnWaWJEljXaBZo5zBMYaQLY1jFedMbDRg0zhjjGmacUvHqIZb21X7Hf6hfaY7EqgF9mGotoQeoI1E9CxNPMLEXExuL4GCzAuws1rADUHvKbn8pHqDPP8qHFqX3ot8aaa4sJwPFF6ZzG7K5UnroCL+hHtLCAwWESkgRL2GtzuSdyfGHiUWLoU5OmITTRCMbcR5g23E4EJFEIpwQ606GPWcEUCWOEu0ZQ81DFG3ii/wCnh9HUSK3Dncls1z0P6SvrYZ13UzWWjfhyBZmh8M8oqmrRkAJxnPpNJicCjfhseoldX4SR8re8fHNF9j1mhLvRTtHFNCOoP2kl8G67rAsIxNPoeuLWnZGwrfaTlXTT/PGVuEO0t0cBd/TneGeSRK9gNd/rK7EMecn4htza36ysxDHymoxkOo/SRXJ0ymxUhlPQqbg+4kitpI4bW/pGRYuSs9b4HjxXopUH4hqOjDRgfW8sTMH2D4jlqPh2OjAVE89nA/8AqfUzeT0IS5JMgnHi6I4cGIwdepkcaABr3bU9P9upG+mnKFaMQsaY2OIitDOGzhjrRTTgRWU/G6GUo42vkbyNyh9GuP6xLsiROKoDRqX2yN7gXX1uBF5YqUWmFCXGSaKG8UZ8P0nMrcj7zzj1whijLnmJ1XE40dBn5h5R4Ma3zDynAjp0RRTghRRTs44QMUUU441YsYikQW0WefP2ccKQBp3MkF42pWVFuxA/Xwmxb+AWCaiOcreL4dFpO9h3UYjztYfW0jY3tGoZlAtYaX1vKLivGHqLkzgqwBIA6EHeWY8GS03oH1UtJgcIdPGWSMLaLY+unl4SnwzabXtuOfUESdTcciT5aH1llHJirHWxIJ68hIGJb1Mk13J8LchIlTui4mm2V7nrAFtSYTEm8Ey3094aFsfRxb0HSut7o4YjqlrMP9p2ntGHrq6K6m6soYHwIuJ48lLMt5tewPEP9NsOx1p6pf8A+Nth6G49pTgnviTZo/3Gm4hTBQnmt2F7AXAO9+W49YLBVMyKee299jYXPM2tr1vJbgEWOoIsfEGCWmqiygDUnTmTuT1J6yxLZMxGKKKEYIickSpxFdkGc9QbJ/v5/wBN5R8bw+IrIQtYoLG6IMof8ua+b628BJsvmYsbpvY2GGUt0WXEuPUaINyXYfgSxPkSTYffwlTh+KNiUWoe6hJsg5FWK94/iII8vCUAqJly7WFrWta3KTezLk02Fu6rsFPUWBP1vJ35Ep66RZjwRi7ey1tAO5BOl7SVaR6Y77HrpFt0Pk6R1aoIvrELGJ6ftpH5bGYnYEZNuhhpiCdDmFjy5yRaMb5h5QhjOAnp7RBx5eceIrTjDimOAjPhjpO/DPJj66zgh1opzvdAfpFOMs1ZiAiMBi8QKasx2AvPn0m3SMG4vFpTUu5so+p8JhuJ8b+PcEEa3U32A/WB4txZqzK17LfuoRp4XgjhnV0zBTduWms9fB48ca5S7Jp5G3S6GPROXOrZv4r7gQGYBrDbYHxh8fVtmBWzE7g6W6WkSmLjwMfKTaoyEd2WCIQQQbHYdD4H9Dyhjil2cZWGmunsw3kXD19kbW+oPUeP+co2vVK6NZl2118h4xY8kPWHIDzkWo/UyNamDYgrfpt9Noehl6k+JvOOI70Tv94KmktK1O40584ynQA0nJmtHcDT0KmEw2IOHqpVGyEhvFG0b20PpOpo3pA4toUJVKwJxUo0eoYeqGAINwRcHwMdUcAEkgAakk2A8zPL+B8fxSOuGplWDGy5xfIup3vqAOXhNfUJY3Z2YjUZtgeoUd0e0rn5cYR+2Q+k72WVTiAOiLm/Me6nod29BbxgHQv87Zvy2sn+3n63kdahG+v0kha48p5XkeZmyaul+CzHjxx/LHMIwmEJg3kJQV2O4bSqXLoCeoJUnzKkXnaNBUUIihVGwElVBBkT0fEvi2zAZEiq55iSn2kRTzlUmBNtVQ8m/WOQ3iXeOUTIu2ZF2zkGfmHlDZYJvmHlDGDxOxATs04aBHWnBHzAjginQJ2ccf/Z",
            "productImageURLs": [
                "https://cdn1.smartprix.com/rx-iSTGKu2ZP-w420-h420/xiaomi-redmi-note-13.webp",
                "https://media-ik.croma.com/prod/https://media.croma.com/image/upload/v1704270660/Croma%20Assets/Communication/Mobiles/Images/303555_m74zig.png?tr=w-360"
            ],
            "searchTags": [
                "redmi note13"
            ],
            "reviews": null,
            "createdDateTime": null,
            "zoneId": "ALPHA"
        },
        {
            "productId": 3363,
            "name": "Soap",
            "title": "Santoor Soap",
            "description": "Santoor soap",
            "rating": 0.0,
            "price": 50.0,
            "offer": 5.0,
            "type": "cream",
            "brand": "santoor",
            "category": "beauty",
            "merchantId": 52894,
            "quantity": 5,
            "status": "ACTIVE",
            "thumbnailURL": "https://m.media-amazon.com/images/I/71k+vczVn9L._SL1500_.jpg",
            "productImageURLs": [
                "https://m.media-amazon.com/images/I/71k+vczVn9L._SL1500_.jpg"
            ],
            "searchTags": [
                "Santoor soap",
                "santoor",
                "Soap"
            ],
            "reviews": null,
            "createdDateTime": "2024-03-16T13:47:18.87",
            "zoneId": "ALPHA"
        },
        {
            "productId": 3421,
            "name": "ggg",
            "title": "jjj",
            "description": "nice",
            "rating": 0.0,
            "price": 765.0,
            "offer": 32.0,
            "type": "women-kurti",
            "brand": "hhh",
            "category": "women",
            "merchantId": 52972,
            "quantity": 76,
            "status": "ACTIVE",
            "thumbnailURL": "https://rukminim2.flixcart.com/image/832/832/xif0q/t-shirt/h/u/g/xxl-t594-nb-eyebogler-original-imagmgycg2yhcg9z.jpeg?q=70&crop=false",
            "productImageURLs": [
                "https://rukminim2.flixcart.com/image/832/832/xif0q/t-shirt/h/u/g/xxl-t594-nb-eyebogler-original-imagmgycg2yhcg9z.jpeg?q=70&crop=false"
            ],
            "searchTags": [
                "shirt",
                "t shirts"
            ],
            "reviews": null,
            "createdDateTime": "2024-03-16T15:20:33.52",
            "zoneId": "ALPHA"
        },
        {
            "productId": 3488,
            "name": "Milton ",
            "title": "Milton Duo DLX 500",
            "description": "Double walled Vacuum insulated technology keeps beverages hot or cold ",
            "rating": 0.0,
            "price": 850.0,
            "offer": 20.0,
            "type": "",
            "brand": "water bottle",
            "category": "beauty",
            "merchantId": 53034,
            "quantity": 50,
            "status": "ACTIVE",
            "thumbnailURL": "https://aax-eu.amazon.in/x/c/RNutzMmkjMdIwN40N3-fkywAAAGOTGdOcQMAAAH2AQBvbm9fdHhuX2JpZDEgICBvbm9fdHhuX2ltcDEgICCetXaN/https://www.amazon.in/dp/B094NRY9CK?pd_rd_i=B094NRY9CK&pf_rd_p=aa14fa00-bc47-4b9c-afe8-e5f5a8aecc2e&pf_rd_r=4CNRW5JC33A5XFQTFA4W&pd_rd_wg=AJaZv&pd_rd_w=IiGZ6&pd_rd_r=43c678b5-dc7a-4c4f-b11f-228d9c849d74",
            "productImageURLs": [
                "https://m.media-amazon.com/images/I/71ECSyVhhFL._SX679_.jpg",
                "https://m.media-amazon.com/images/I/61Ya8ew200L._SX679_.jpg",
                "https://m.media-amazon.com/images/I/616DxKSouaL._SX679_.jpg",
                "https://aax-eu.amazon.in/x/c/RNutzMmkjMdIwN40N3-fkywAAAGOTGdOcQMAAAH2AQBvbm9fdHhuX2JpZDEgICBvbm9fdHhuX2ltcDEgICCetXaN/https://www.amazon.in/dp/B094NRY9CK?pd_rd_i=B094NRY9CK&pf_rd_p=aa14fa00-bc47-4b9c-afe8-e5f5a8aecc2e&pf_rd_r=4CNRW5JC33A5XFQTFA4W&pd_rd_wg=AJaZv&pd_rd_w=IiGZ6&pd_rd_r=43c678b5-dc7a-4c4f-b11f-228d9c849d74"
            ],
            "searchTags": [
                "water everywhere",
                "thermosteel",
                "bottle"
            ],
            "reviews": null,
            "createdDateTime": "2024-03-17T18:09:39.866",
            "zoneId": "ALPHA"
        },
        {
            "productId": 3589,
            "name": "SAREE",
            "title": "SAREE ",
            "description": "Saree is a unstitched drape worn by the women of the India subcontinent predominantly",
            "rating": 0.0,
            "price": 1000.0,
            "offer": 5.0,
            "type": "saree",
            "brand": "saree",
            "category": "women",
            "merchantId": 52963,
            "quantity": 10,
            "status": "ACTIVE",
            "thumbnailURL": "https://5.imimg.com/data5/ANDROID/Default/2021/7/SI/SE/JT/12966551/product-jpeg-1000x1000.jpg",
            "productImageURLs": [
                "https://down-my.img.susercontent.com/file/my-11134207-7qul1-lfz9uj7viqi282_tn",
                "https://5.imimg.com/data5/ANDROID/Default/2021/7/SI/SE/JT/12966551/product-jpeg-1000x1000.jpg"
            ],
            "searchTags": [
                "traditional wear",
                "TRADITIONAL",
                "SAREE",
                "saree"
            ],
            "reviews": null,
            "createdDateTime": "2024-03-19T21:55:34.314",
            "zoneId": "ALPHA"
        }
    ]
}
]]></system-out>
  </testcase>
</testsuite>