<?xml version="1.0" encoding="UTF-8"?>
<!-- Generated by org.testng.reporters.JUnitReportReporter -->
<testsuite hostname="Bye-Bye" failures="0" tests="1" name="frontend.VerifyFunctionalitiesTest" time="10.537" errors="0" timestamp="2024-06-16T18:19:11 IST" skipped="0">
  <testcase classname="frontend.VerifyFunctionalitiesTest" name="CheckHomePageContent" time="10.537"/>
  <system-out/>
</testsuite> <!-- frontend.VerifyFunctionalitiesTest -->
