<?xml version="1.0" encoding="UTF-8"?>
<!-- Generated by org.testng.reporters.JUnitReportReporter -->
<testsuite hostname="Bye-Bye" failures="0" tests="1" name="api.getProducts" time="8.654" errors="0" timestamp="2024-06-06T09:53:01 IST" skipped="0">
  <testcase classname="api.getProducts" name="getAllProductsTest" time="8.654"/>
  <system-out/>
</testsuite> <!-- api.getProducts -->
