<?xml version="1.0" encoding="UTF-8"?>
<!-- Generated by org.testng.reporters.JUnitReportReporter -->
<testsuite hostname="Bye-Bye" failures="0" tests="1" name="multiLayer.CartTest" time="27.424" errors="0" timestamp="2024-06-17T17:07:30 IST" skipped="0">
  <testcase classname="multiLayer.CartTest" name="VerifyTheAddedProductInApi" time="27.424"/>
  <system-out>
    <![CDATA[Actual Execution starts from here
VerifyTheAddedProductInApi-->Executed Successully]]>
  </system-out>
</testsuite> <!-- multiLayer.CartTest -->
