<?xml version="1.0" encoding="UTF-8"?>
<!-- Generated by org.testng.reporters.JUnitReportReporter -->
<testsuite hostname="Bye-Bye" failures="0" tests="2" name="api.getProducts" time="26.570" errors="0" timestamp="2024-06-01T13:45:52 IST" skipped="0">
  <testcase classname="api.getProducts" name="getAllProducts" time="14.312"/>
  <system-out/>
  <testcase classname="api.getProducts" name="getDefaultProducts" time="12.258"/>
  <system-out/>
</testsuite> <!-- api.getProducts -->
