<?xml version="1.0" encoding="UTF-8"?>
<!-- Generated by org.testng.reporters.JUnitReportReporter -->
<testsuite hostname="Bye-Bye" failures="0" tests="1" name="api.getProducts" time="1.383" errors="0" timestamp="2024-06-16T23:53:45 IST" skipped="0">
  <testcase classname="api.getProducts" name="cart" time="1.383"/>
  <system-out/>
</testsuite> <!-- api.getProducts -->
