<?xml version="1.0" encoding="UTF-8"?>
<!-- Generated by org.testng.reporters.JUnitReportReporter -->
<testsuite hostname="Bye-Bye" failures="0" tests="4" name="frontend.priority" time="0.026" errors="0" timestamp="2024-06-14T17:37:24 IST" skipped="0">
  <testcase classname="frontend.priority" name="priority1" time="0.015"/>
  <system-out/>
  <testcase classname="frontend.priority" name="priority0" time="0.004"/>
  <system-out/>
  <testcase classname="frontend.priority" name="priority" time="0.005"/>
  <system-out/>
  <testcase classname="frontend.priority" name="priority2" time="0.002"/>
  <system-out/>
</testsuite> <!-- frontend.priority -->
