<?xml version="1.0" encoding="UTF-8"?>
<!-- Generated by org.testng.reporters.JUnitReportReporter -->
<testsuite hostname="Bye-Bye" failures="0" tests="1" name="frontend.VerifyFunctionalities" time="16.874" errors="0" timestamp="2024-06-13T18:16:15 IST" skipped="0">
  <testcase classname="frontend.VerifyFunctionalities" name="homePageContentTest" time="16.874"/>
  <system-out/>
</testsuite> <!-- frontend.VerifyFunctionalities -->
