<?xml version="1.0" encoding="UTF-8"?>
<!-- Generated by org.testng.reporters.JUnitReportReporter -->
<testsuite hostname="Bye-Bye" failures="0" tests="2" name="api.getProducts" time="7.812" errors="0" timestamp="2024-06-01T15:45:16 IST" skipped="0">
  <testcase classname="api.getProducts" name="getAllProductsTest" time="5.216"/>
  <system-out>
    <![CDATA[Actual Execution starts from here
getAllProductsTest-->Executed Successully]]>
  </system-out>
  <testcase classname="api.getProducts" name="getDefaultProductsTest" time="2.596"/>
  <system-out>
    <![CDATA[Actual Execution starts from here
getDefaultProductsTest-->Executed Successully]]>
  </system-out>
</testsuite> <!-- api.getProducts -->
