<?xml version="1.0" encoding="UTF-8"?>
<!-- Generated by org.testng.reporters.JUnitReportReporter -->
<testsuite hostname="Bye-Bye" failures="0" tests="1" name="frontend.VerifyFunctionalities" time="22.266" errors="0" timestamp="2024-06-01T15:44:41 IST" skipped="0">
  <testcase classname="frontend.VerifyFunctionalities" name="homePageContentTest" time="22.266"/>
  <system-out/>
</testsuite> <!-- frontend.VerifyFunctionalities -->
