<?xml version="1.0" encoding="UTF-8"?>
<!-- Generated by org.testng.reporters.JUnitReportReporter -->
<testsuite hostname="Bye-Bye" failures="0" tests="2" name="api.getProducts" time="14.932" errors="0" timestamp="2024-06-04T12:36:17 IST" skipped="0">
  <testcase classname="api.getProducts" name="getAllProductsTest" time="7.831"/>
  <system-out>
    <![CDATA[Actual Execution starts from here
getAllProductsTest-->Executed Successully]]>
  </system-out>
  <testcase classname="api.getProducts" name="getDefaultProductsTest" time="7.101"/>
  <system-out>
    <![CDATA[Actual Execution starts from here
getDefaultProductsTest-->Executed Successully]]>
  </system-out>
</testsuite> <!-- api.getProducts -->
