<?xml version="1.0" encoding="UTF-8"?>
<!-- Generated by org.testng.reporters.JUnitReportReporter -->
<testsuite hostname="Bye-Bye" failures="0" tests="1" name="frontend.VerifyFunctionalities" time="27.577" errors="0" timestamp="2024-06-04T14:38:34 IST" skipped="0">
  <testcase classname="frontend.VerifyFunctionalities" name="homePageContentTest" time="27.577"/>
  <system-out>
    <![CDATA[Actual Execution starts from here
homePageContentTest-->Executed Successully]]>
  </system-out>
</testsuite> <!-- frontend.VerifyFunctionalities -->
